desc: --massif-out-file=results/combined_yawn_linux_clang6.0.1.out
cmd: build/linux/bin/benchmark_plugingetset benchmarks/data/combined user yawn get
time_unit: i
#-----------
snapshot=0
#-----------
time=0
mem_heap_B=0
mem_heap_extra_B=0
mem_stacks_B=0
heap_tree=empty
#-----------
snapshot=1
#-----------
time=204426
mem_heap_B=64
mem_heap_extra_B=8
mem_stacks_B=0
heap_tree=empty
#-----------
snapshot=2
#-----------
time=336860
mem_heap_B=11400
mem_heap_extra_B=560
mem_stacks_B=0
heap_tree=detailed
n12: 11400 (heap allocation functions) malloc/new/new[], --alloc-fns, etc.
 n1: 5961 0x400B2AC: _dl_new_object (dl-object.c:73)
  n1: 5961 0x4005E46: _dl_map_object_from_fd (dl-load.c:1001)
   n2: 5961 0x4008A8B: _dl_map_object (dl-load.c:2466)
    n1: 4766 0x400D290: openaux (dl-deps.c:64)
     n1: 4766 0x49AEB2D: _dl_catch_exception (dl-error-skeleton.c:196)
      n1: 4766 0x400D604: _dl_map_object_deps (dl-deps.c:248)
       n1: 4766 0x401304E: dl_open_worker (dl-open.c:271)
        n1: 4766 0x49AEB2D: _dl_catch_exception (dl-error-skeleton.c:196)
         n1: 4766 0x4012BB8: _dl_open (dl-open.c:599)
          n1: 4766 0x4876254: dlopen_doit (dlopen.c:66)
           n1: 4766 0x49AEB2D: _dl_catch_exception (dl-error-skeleton.c:196)
            n1: 4766 0x49AEBBD: _dl_catch_error (dl-error-skeleton.c:215)
             n1: 4766 0x4876973: _dlerror_run (dlerror.c:163)
              n1: 4766 0x48762E4: dlopen@@GLIBC_2.2.5 (dlopen.c:87)
               n1: 4766 0x4860341: elektraModulesLoad (in /home/jenkins/workspace/build/linux/lib/libelektra-core.so.0.8.26)
                n1: 4766 0x4849B7D: elektraPluginOpen (in /home/jenkins/workspace/build/linux/lib/libelektra-kdb.so.0.8.26)
                 n0: 4766 0x4012D3: main (in /home/jenkins/workspace/build/linux/bin/benchmark_plugingetset)
    n1: 1195 0x4012FE9: dl_open_worker (dl-open.c:228)
     n1: 1195 0x49AEB2D: _dl_catch_exception (dl-error-skeleton.c:196)
      n1: 1195 0x4012BB8: _dl_open (dl-open.c:599)
       n1: 1195 0x4876254: dlopen_doit (dlopen.c:66)
        n1: 1195 0x49AEB2D: _dl_catch_exception (dl-error-skeleton.c:196)
         n1: 1195 0x49AEBBD: _dl_catch_error (dl-error-skeleton.c:215)
          n1: 1195 0x4876973: _dlerror_run (dlerror.c:163)
           n1: 1195 0x48762E4: dlopen@@GLIBC_2.2.5 (dlopen.c:87)
            n1: 1195 0x4860341: elektraModulesLoad (in /home/jenkins/workspace/build/linux/lib/libelektra-core.so.0.8.26)
             n1: 1195 0x4849B7D: elektraPluginOpen (in /home/jenkins/workspace/build/linux/lib/libelektra-kdb.so.0.8.26)
              n0: 1195 0x4012D3: main (in /home/jenkins/workspace/build/linux/bin/benchmark_plugingetset)
 n1: 2376 0x4010A1E: _dl_check_map_versions (dl-version.c:274)
  n1: 2376 0x4013094: dl_open_worker (dl-open.c:277)
   n1: 2376 0x49AEB2D: _dl_catch_exception (dl-error-skeleton.c:196)
    n1: 2376 0x4012BB8: _dl_open (dl-open.c:599)
     n1: 2376 0x4876254: dlopen_doit (dlopen.c:66)
      n1: 2376 0x49AEB2D: _dl_catch_exception (dl-error-skeleton.c:196)
       n1: 2376 0x49AEBBD: _dl_catch_error (dl-error-skeleton.c:215)
        n1: 2376 0x4876973: _dlerror_run (dlerror.c:163)
         n1: 2376 0x48762E4: dlopen@@GLIBC_2.2.5 (dlopen.c:87)
          n1: 2376 0x4860341: elektraModulesLoad (in /home/jenkins/workspace/build/linux/lib/libelektra-core.so.0.8.26)
           n1: 2376 0x4849B7D: elektraPluginOpen (in /home/jenkins/workspace/build/linux/lib/libelektra-kdb.so.0.8.26)
            n0: 2376 0x4012D3: main (in /home/jenkins/workspace/build/linux/bin/benchmark_plugingetset)
 n1: 1024 0x4858B77: elektraVFormat (in /home/jenkins/workspace/build/linux/lib/libelektra-core.so.0.8.26)
  n2: 1024 0x4858B56: elektraFormat (in /home/jenkins/workspace/build/linux/lib/libelektra-core.so.0.8.26)
   n0: 512 0x401256: main (in /home/jenkins/workspace/build/linux/bin/benchmark_plugingetset)
   n0: 512 0x40126B: main (in /home/jenkins/workspace/build/linux/bin/benchmark_plugingetset)
 n3: 384 0x485B4E7: ksNew (in /home/jenkins/workspace/build/linux/lib/libelektra-core.so.0.8.26)
  n0: 128 0x40123F: main (in /home/jenkins/workspace/build/linux/bin/benchmark_plugingetset)
  n0: 128 0x401296: main (in /home/jenkins/workspace/build/linux/bin/benchmark_plugingetset)
  n0: 128 0x4012A4: main (in /home/jenkins/workspace/build/linux/bin/benchmark_plugingetset)
 n0: 314 in 8 places, all below massif's threshold (1.00%)
 n1: 256 0x400D46A: _dl_map_object_deps (dl-deps.c:438)
  n1: 256 0x401304E: dl_open_worker (dl-open.c:271)
   n1: 256 0x49AEB2D: _dl_catch_exception (dl-error-skeleton.c:196)
    n1: 256 0x4012BB8: _dl_open (dl-open.c:599)
     n1: 256 0x4876254: dlopen_doit (dlopen.c:66)
      n1: 256 0x49AEB2D: _dl_catch_exception (dl-error-skeleton.c:196)
       n1: 256 0x49AEBBD: _dl_catch_error (dl-error-skeleton.c:215)
        n1: 256 0x4876973: _dlerror_run (dlerror.c:163)
         n1: 256 0x48762E4: dlopen@@GLIBC_2.2.5 (dlopen.c:87)
          n1: 256 0x4860341: elektraModulesLoad (in /home/jenkins/workspace/build/linux/lib/libelektra-core.so.0.8.26)
           n1: 256 0x4849B7D: elektraPluginOpen (in /home/jenkins/workspace/build/linux/lib/libelektra-kdb.so.0.8.26)
            n0: 256 0x4012D3: main (in /home/jenkins/workspace/build/linux/bin/benchmark_plugingetset)
 n1: 256 0x48593C3: keyNew (in /home/jenkins/workspace/build/linux/lib/libelektra-core.so.0.8.26)
  n0: 256 in 4 places, all below massif's threshold (1.00%)
 n1: 231 0x400B58E: _dl_new_object (dl-object.c:163)
  n1: 231 0x4005E46: _dl_map_object_from_fd (dl-load.c:1001)
   n2: 231 0x4008A8B: _dl_map_object (dl-load.c:2466)
    n1: 172 0x400D290: openaux (dl-deps.c:64)
     n1: 172 0x49AEB2D: _dl_catch_exception (dl-error-skeleton.c:196)
      n1: 172 0x400D604: _dl_map_object_deps (dl-deps.c:248)
       n1: 172 0x401304E: dl_open_worker (dl-open.c:271)
        n1: 172 0x49AEB2D: _dl_catch_exception (dl-error-skeleton.c:196)
         n1: 172 0x4012BB8: _dl_open (dl-open.c:599)
          n1: 172 0x4876254: dlopen_doit (dlopen.c:66)
           n1: 172 0x49AEB2D: _dl_catch_exception (dl-error-skeleton.c:196)
            n1: 172 0x49AEBBD: _dl_catch_error (dl-error-skeleton.c:215)
             n1: 172 0x4876973: _dlerror_run (dlerror.c:163)
              n1: 172 0x48762E4: dlopen@@GLIBC_2.2.5 (dlopen.c:87)
               n1: 172 0x4860341: elektraModulesLoad (in /home/jenkins/workspace/build/linux/lib/libelektra-core.so.0.8.26)
                n1: 172 0x4849B7D: elektraPluginOpen (in /home/jenkins/workspace/build/linux/lib/libelektra-kdb.so.0.8.26)
                 n0: 172 0x4012D3: main (in /home/jenkins/workspace/build/linux/bin/benchmark_plugingetset)
    n0: 59 in 1 place, below massif's threshold (1.00%)
 n1: 192 0x485B4A0: ksNew (in /home/jenkins/workspace/build/linux/lib/libelektra-core.so.0.8.26)
  n0: 192 in 3 places, all below massif's threshold (1.00%)
 n1: 152 0x400D904: _dl_map_object_deps (dl-deps.c:479)
  n1: 152 0x401304E: dl_open_worker (dl-open.c:271)
   n1: 152 0x49AEB2D: _dl_catch_exception (dl-error-skeleton.c:196)
    n1: 152 0x4012BB8: _dl_open (dl-open.c:599)
     n1: 152 0x4876254: dlopen_doit (dlopen.c:66)
      n1: 152 0x49AEB2D: _dl_catch_exception (dl-error-skeleton.c:196)
       n1: 152 0x49AEBBD: _dl_catch_error (dl-error-skeleton.c:215)
        n1: 152 0x4876973: _dlerror_run (dlerror.c:163)
         n1: 152 0x48762E4: dlopen@@GLIBC_2.2.5 (dlopen.c:87)
          n1: 152 0x4860341: elektraModulesLoad (in /home/jenkins/workspace/build/linux/lib/libelektra-core.so.0.8.26)
           n1: 152 0x4849B7D: elektraPluginOpen (in /home/jenkins/workspace/build/linux/lib/libelektra-kdb.so.0.8.26)
            n0: 152 0x4012D3: main (in /home/jenkins/workspace/build/linux/bin/benchmark_plugingetset)
 n1: 132 0x40081A8: fillin_rpath (dl-load.c:509)
  n1: 132 0x40083BA: decompose_rpath.isra.10 (dl-load.c:631)
   n1: 132 0x4009105: _dl_map_object (dl-load.c:2297)
    n1: 132 0x400D290: openaux (dl-deps.c:64)
     n1: 132 0x49AEB2D: _dl_catch_exception (dl-error-skeleton.c:196)
      n1: 132 0x400D604: _dl_map_object_deps (dl-deps.c:248)
       n1: 132 0x401304E: dl_open_worker (dl-open.c:271)
        n1: 132 0x49AEB2D: _dl_catch_exception (dl-error-skeleton.c:196)
         n1: 132 0x4012BB8: _dl_open (dl-open.c:599)
          n1: 132 0x4876254: dlopen_doit (dlopen.c:66)
           n1: 132 0x49AEB2D: _dl_catch_exception (dl-error-skeleton.c:196)
            n1: 132 0x49AEBBD: _dl_catch_error (dl-error-skeleton.c:215)
             n1: 132 0x4876973: _dlerror_run (dlerror.c:163)
              n1: 132 0x48762E4: dlopen@@GLIBC_2.2.5 (dlopen.c:87)
               n1: 132 0x4860341: elektraModulesLoad (in /home/jenkins/workspace/build/linux/lib/libelektra-core.so.0.8.26)
                n1: 132 0x4849B7D: elektraPluginOpen (in /home/jenkins/workspace/build/linux/lib/libelektra-kdb.so.0.8.26)
                 n0: 132 0x4012D3: main (in /home/jenkins/workspace/build/linux/bin/benchmark_plugingetset)
 n1: 122 0x4007798: open_path (dl-load.c:2112)
  n1: 122 0x4008C16: _dl_map_object (dl-load.c:2297)
   n0: 122 in 2 places, all below massif's threshold (1.00%)
#-----------
snapshot=3
#-----------
time=858663
mem_heap_B=12392
mem_heap_extra_B=568
mem_stacks_B=0
heap_tree=empty
#-----------
snapshot=4
#-----------
time=940499
mem_heap_B=13352
mem_heap_extra_B=568
mem_stacks_B=0
heap_tree=empty
#-----------
snapshot=5
#-----------
time=3223303
mem_heap_B=17416
mem_heap_extra_B=576
mem_stacks_B=0
heap_tree=empty
#-----------
snapshot=6
#-----------
time=3224934
mem_heap_B=15464
mem_heap_extra_B=568
mem_stacks_B=0
heap_tree=empty
#-----------
snapshot=7
#-----------
time=5003765
mem_heap_B=88168
mem_heap_extra_B=576
mem_stacks_B=0
heap_tree=empty
#-----------
snapshot=8
#-----------
time=5106918
mem_heap_B=113691
mem_heap_extra_B=965
mem_stacks_B=0
heap_tree=empty
#-----------
snapshot=9
#-----------
time=5226990
mem_heap_B=192543
mem_heap_extra_B=1049
mem_stacks_B=0
heap_tree=empty
#-----------
snapshot=10
#-----------
time=5375625
mem_heap_B=192543
mem_heap_extra_B=1049
mem_stacks_B=0
heap_tree=detailed
n10: 192543 (heap allocation functions) malloc/new/new[], --alloc-fns, etc.
 n1: 72704 0x4F06454: ??? (in /usr/lib/x86_64-linux-gnu/libstdc++.so.6.0.25)
  n1: 72704 0x400F378: call_init.part.0 (dl-init.c:72)
   n1: 72704 0x400F474: _dl_init (dl-init.c:118)
    n1: 72704 0x40132D1: dl_open_worker (dl-open.c:517)
     n1: 72704 0x49AEB2D: _dl_catch_exception (dl-error-skeleton.c:196)
      n1: 72704 0x4012BB8: _dl_open (dl-open.c:599)
       n1: 72704 0x4876254: dlopen_doit (dlopen.c:66)
        n1: 72704 0x49AEB2D: _dl_catch_exception (dl-error-skeleton.c:196)
         n1: 72704 0x49AEBBD: _dl_catch_error (dl-error-skeleton.c:215)
          n1: 72704 0x4876973: _dlerror_run (dlerror.c:163)
           n1: 72704 0x48762E4: dlopen@@GLIBC_2.2.5 (dlopen.c:87)
            n1: 72704 0x4860341: elektraModulesLoad (in /home/jenkins/workspace/build/linux/lib/libelektra-core.so.0.8.26)
             n1: 72704 0x4849B7D: elektraPluginOpen (in /home/jenkins/workspace/build/linux/lib/libelektra-kdb.so.0.8.26)
              n0: 72704 0x4012D3: main (in /home/jenkins/workspace/build/linux/bin/benchmark_plugingetset)
 n1: 60624 0x4E429AD: ???
  n1: 60624 0x4E425EA: ???
   n1: 60624 0x4E42371: ???
    n1: 60624 0x4E41B54: ???
     n1: 60624 0x4E47364: ???
      n1: 60624 0x4E4C528: ???
       n1: 60624 0x4E4D817: ???
        n0: 60624 0x4012EF: main (in /home/jenkins/workspace/build/linux/bin/benchmark_plugingetset)
 n4: 25792 0x4E5C684: ???
  n3: 12216 0x4E5C8F2: ???
   n1: 8072 0x4E4FA28: ???
    n1: 8072 0x4E5C267: ???
     n1: 8072 0x4E4C3C2: ???
      n1: 8072 0x4E4D817: ???
       n0: 8072 0x4012EF: main (in /home/jenkins/workspace/build/linux/bin/benchmark_plugingetset)
   n1: 2456 0x4E4F954: ???
    n1: 2456 0x4E5C267: ???
     n1: 2456 0x4E4C3C2: ???
      n1: 2456 0x4E4D817: ???
       n0: 2456 0x4012EF: main (in /home/jenkins/workspace/build/linux/bin/benchmark_plugingetset)
   n0: 1688 in 1 place, below massif's threshold (1.00%)
  n2: 5280 0x4E5CDA2: ???
   n1: 3168 0x4E50A33: ???
    n1: 3168 0x4E599DE: ???
     n1: 3168 0x4E5C2E4: ???
      n1: 3168 0x4E4C448: ???
       n1: 3168 0x4E4D817: ???
        n0: 3168 0x4012EF: main (in /home/jenkins/workspace/build/linux/bin/benchmark_plugingetset)
   n0: 2112 in 6 places, all below massif's threshold (1.00%)
  n0: 4200 in 11 places, all below massif's threshold (1.00%)
  n1: 4096 0x4E4FA55: ???
   n1: 4096 0x4E5C267: ???
    n1: 4096 0x4E4C3C2: ???
     n1: 4096 0x4E4D817: ???
      n0: 4096 0x4012EF: main (in /home/jenkins/workspace/build/linux/bin/benchmark_plugingetset)
 n1: 8192 0x4F628F6: std::basic_filebuf<char, std::char_traits<char> >::_M_allocate_internal_buffer() (in /usr/lib/x86_64-linux-gnu/libstdc++.so.6.0.25)
  n1: 8192 0x4F66790: std::basic_filebuf<char, std::char_traits<char> >::open(char const*, std::_Ios_Openmode) (in /usr/lib/x86_64-linux-gnu/libstdc++.so.6.0.25)
   n1: 8192 0x4F6776C: std::basic_ifstream<char, std::char_traits<char> >::basic_ifstream(std::__cxx11::basic_string<char, std::char_traits<char>, std::allocator<char> > const&, std::_Ios_Openmode) (in /usr/lib/x86_64-linux-gnu/libstdc++.so.6.0.25)
    n1: 8192 0x4E4C4CC: ???
     n1: 8192 0x4E4D817: ???
      n0: 8192 0x4012EF: main (in /home/jenkins/workspace/build/linux/bin/benchmark_plugingetset)
 n1: 5961 0x400B2AC: _dl_new_object (dl-object.c:73)
  n1: 5961 0x4005E46: _dl_map_object_from_fd (dl-load.c:1001)
   n2: 5961 0x4008A8B: _dl_map_object (dl-load.c:2466)
    n1: 4766 0x400D290: openaux (dl-deps.c:64)
     n1: 4766 0x49AEB2D: _dl_catch_exception (dl-error-skeleton.c:196)
      n1: 4766 0x400D604: _dl_map_object_deps (dl-deps.c:248)
       n1: 4766 0x401304E: dl_open_worker (dl-open.c:271)
        n1: 4766 0x49AEB2D: _dl_catch_exception (dl-error-skeleton.c:196)
         n1: 4766 0x4012BB8: _dl_open (dl-open.c:599)
          n1: 4766 0x4876254: dlopen_doit (dlopen.c:66)
           n1: 4766 0x49AEB2D: _dl_catch_exception (dl-error-skeleton.c:196)
            n1: 4766 0x49AEBBD: _dl_catch_error (dl-error-skeleton.c:215)
             n1: 4766 0x4876973: _dlerror_run (dlerror.c:163)
              n1: 4766 0x48762E4: dlopen@@GLIBC_2.2.5 (dlopen.c:87)
               n1: 4766 0x4860341: elektraModulesLoad (in /home/jenkins/workspace/build/linux/lib/libelektra-core.so.0.8.26)
                n1: 4766 0x4849B7D: elektraPluginOpen (in /home/jenkins/workspace/build/linux/lib/libelektra-kdb.so.0.8.26)
                 n0: 4766 0x4012D3: main (in /home/jenkins/workspace/build/linux/bin/benchmark_plugingetset)
    n0: 1195 in 1 place, below massif's threshold (1.00%)
 n0: 5701 in 42 places, all below massif's threshold (1.00%)
 n1: 4097 0x4F952AB: std::__cxx11::basic_string<char, std::char_traits<char>, std::allocator<char> >::reserve(unsigned long) (in /usr/lib/x86_64-linux-gnu/libstdc++.so.6.0.25)
  n1: 4097 0x4F89723: std::__cxx11::basic_stringbuf<char, std::char_traits<char>, std::allocator<char> >::overflow(int) (in /usr/lib/x86_64-linux-gnu/libstdc++.so.6.0.25)
   n1: 4097 0x4F938A9: std::basic_streambuf<char, std::char_traits<char> >::xsputn(char const*, long) (in /usr/lib/x86_64-linux-gnu/libstdc++.so.6.0.25)
    n1: 4097 0x4F228B3: long std::__copy_streambufs_eof<char, std::char_traits<char> >(std::basic_streambuf<char, std::char_traits<char> >*, std::basic_streambuf<char, std::char_traits<char> >*, bool&) (in /usr/lib/x86_64-linux-gnu/libstdc++.so.6.0.25)
     n1: 4097 0x4F84416: std::ostream::operator<<(std::basic_streambuf<char, std::char_traits<char> >*) (in /usr/lib/x86_64-linux-gnu/libstdc++.so.6.0.25)
      n1: 4097 0x4E41A4A: ???
       n1: 4097 0x4E47364: ???
        n1: 4097 0x4E4C528: ???
         n1: 4097 0x4E4D817: ???
          n0: 4097 0x4012EF: main (in /home/jenkins/workspace/build/linux/bin/benchmark_plugingetset)
 n1: 4064 0x400A095: do_lookup_x (dl-lookup.c:253)
  n1: 4064 0x400A38D: _dl_lookup_symbol_x (dl-lookup.c:814)
   n1: 4064 0x400BD5C: _dl_relocate_object (dl-machine.h:308)
    n1: 4064 0x401319C: dl_open_worker (dl-open.c:377)
     n1: 4064 0x49AEB2D: _dl_catch_exception (dl-error-skeleton.c:196)
      n1: 4064 0x4012BB8: _dl_open (dl-open.c:599)
       n1: 4064 0x4876254: dlopen_doit (dlopen.c:66)
        n1: 4064 0x49AEB2D: _dl_catch_exception (dl-error-skeleton.c:196)
         n1: 4064 0x49AEBBD: _dl_catch_error (dl-error-skeleton.c:215)
          n1: 4064 0x4876973: _dlerror_run (dlerror.c:163)
           n1: 4064 0x48762E4: dlopen@@GLIBC_2.2.5 (dlopen.c:87)
            n1: 4064 0x4860341: elektraModulesLoad (in /home/jenkins/workspace/build/linux/lib/libelektra-core.so.0.8.26)
             n1: 4064 0x4849B7D: elektraPluginOpen (in /home/jenkins/workspace/build/linux/lib/libelektra-kdb.so.0.8.26)
              n0: 4064 0x4012D3: main (in /home/jenkins/workspace/build/linux/bin/benchmark_plugingetset)
 n1: 3032 0x4F94DC9: std::__cxx11::basic_string<char, std::char_traits<char>, std::allocator<char> >::_M_mutate(unsigned long, unsigned long, char const*, unsigned long) (in /usr/lib/x86_64-linux-gnu/libstdc++.so.6.0.25)
  n1: 3032 0x4F95B79: std::__cxx11::basic_string<char, std::char_traits<char>, std::allocator<char> >::_M_replace(unsigned long, unsigned long, char const*, unsigned long) (in /usr/lib/x86_64-linux-gnu/libstdc++.so.6.0.25)
   n1: 3032 0x4E41B10: ???
    n1: 3032 0x4E47364: ???
     n1: 3032 0x4E4C528: ???
      n1: 3032 0x4E4D817: ???
       n0: 3032 0x4012EF: main (in /home/jenkins/workspace/build/linux/bin/benchmark_plugingetset)
 n1: 2376 0x4010A1E: _dl_check_map_versions (dl-version.c:274)
  n1: 2376 0x4013094: dl_open_worker (dl-open.c:277)
   n1: 2376 0x49AEB2D: _dl_catch_exception (dl-error-skeleton.c:196)
    n1: 2376 0x4012BB8: _dl_open (dl-open.c:599)
     n1: 2376 0x4876254: dlopen_doit (dlopen.c:66)
      n1: 2376 0x49AEB2D: _dl_catch_exception (dl-error-skeleton.c:196)
       n1: 2376 0x49AEBBD: _dl_catch_error (dl-error-skeleton.c:215)
        n1: 2376 0x4876973: _dlerror_run (dlerror.c:163)
         n1: 2376 0x48762E4: dlopen@@GLIBC_2.2.5 (dlopen.c:87)
          n1: 2376 0x4860341: elektraModulesLoad (in /home/jenkins/workspace/build/linux/lib/libelektra-core.so.0.8.26)
           n1: 2376 0x4849B7D: elektraPluginOpen (in /home/jenkins/workspace/build/linux/lib/libelektra-kdb.so.0.8.26)
            n0: 2376 0x4012D3: main (in /home/jenkins/workspace/build/linux/bin/benchmark_plugingetset)
#-----------
snapshot=11
#-----------
time=5464295
mem_heap_B=202425
mem_heap_extra_B=1135
mem_stacks_B=0
heap_tree=detailed
n9: 202425 (heap allocation functions) malloc/new/new[], --alloc-fns, etc.
 n1: 72704 0x4F06454: ??? (in /usr/lib/x86_64-linux-gnu/libstdc++.so.6.0.25)
  n1: 72704 0x400F378: call_init.part.0 (dl-init.c:72)
   n1: 72704 0x400F474: _dl_init (dl-init.c:118)
    n1: 72704 0x40132D1: dl_open_worker (dl-open.c:517)
     n1: 72704 0x49AEB2D: _dl_catch_exception (dl-error-skeleton.c:196)
      n1: 72704 0x4012BB8: _dl_open (dl-open.c:599)
       n1: 72704 0x4876254: dlopen_doit (dlopen.c:66)
        n1: 72704 0x49AEB2D: _dl_catch_exception (dl-error-skeleton.c:196)
         n1: 72704 0x49AEBBD: _dl_catch_error (dl-error-skeleton.c:215)
          n1: 72704 0x4876973: _dlerror_run (dlerror.c:163)
           n1: 72704 0x48762E4: dlopen@@GLIBC_2.2.5 (dlopen.c:87)
            n1: 72704 0x4860341: elektraModulesLoad (in /home/jenkins/workspace/build/linux/lib/libelektra-core.so.0.8.26)
             n1: 72704 0x4849B7D: elektraPluginOpen (in /home/jenkins/workspace/build/linux/lib/libelektra-kdb.so.0.8.26)
              n0: 72704 0x4012D3: main (in /home/jenkins/workspace/build/linux/bin/benchmark_plugingetset)
 n1: 60624 0x4E429AD: ???
  n1: 60624 0x4E425EA: ???
   n1: 60624 0x4E42371: ???
    n1: 60624 0x4E41B54: ???
     n1: 60624 0x4E47364: ???
      n1: 60624 0x4E4C528: ???
       n1: 60624 0x4E4D817: ???
        n0: 60624 0x4012EF: main (in /home/jenkins/workspace/build/linux/bin/benchmark_plugingetset)
 n4: 25792 0x4E5C684: ???
  n3: 12216 0x4E5C8F2: ???
   n1: 8072 0x4E4FA28: ???
    n1: 8072 0x4E5C267: ???
     n1: 8072 0x4E4C3C2: ???
      n1: 8072 0x4E4D817: ???
       n0: 8072 0x4012EF: main (in /home/jenkins/workspace/build/linux/bin/benchmark_plugingetset)
   n1: 2456 0x4E4F954: ???
    n1: 2456 0x4E5C267: ???
     n1: 2456 0x4E4C3C2: ???
      n1: 2456 0x4E4D817: ???
       n0: 2456 0x4012EF: main (in /home/jenkins/workspace/build/linux/bin/benchmark_plugingetset)
   n0: 1688 in 1 place, below massif's threshold (1.00%)
  n2: 5280 0x4E5CDA2: ???
   n1: 3168 0x4E50A33: ???
    n1: 3168 0x4E599DE: ???
     n1: 3168 0x4E5C2E4: ???
      n1: 3168 0x4E4C448: ???
       n1: 3168 0x4E4D817: ???
        n0: 3168 0x4012EF: main (in /home/jenkins/workspace/build/linux/bin/benchmark_plugingetset)
   n0: 2112 in 6 places, all below massif's threshold (1.00%)
  n0: 4200 in 11 places, all below massif's threshold (1.00%)
  n1: 4096 0x4E4FA55: ???
   n1: 4096 0x4E5C267: ???
    n1: 4096 0x4E4C3C2: ???
     n1: 4096 0x4E4D817: ???
      n0: 4096 0x4012EF: main (in /home/jenkins/workspace/build/linux/bin/benchmark_plugingetset)
 n2: 15121 0x4F94DC9: std::__cxx11::basic_string<char, std::char_traits<char>, std::allocator<char> >::_M_mutate(unsigned long, unsigned long, char const*, unsigned long) (in /usr/lib/x86_64-linux-gnu/libstdc++.so.6.0.25)
  n1: 15121 0x4F957CE: std::__cxx11::basic_string<char, std::char_traits<char>, std::allocator<char> >::_M_replace_aux(unsigned long, unsigned long, unsigned long, char) (in /usr/lib/x86_64-linux-gnu/libstdc++.so.6.0.25)
   n1: 15121 0x4E431A9: ???
    n2: 15121 0x4E42FCD: ???
     n1: 15121 0x4E4224C: ???
      n1: 15121 0x4E47C77: ???
       n1: 15121 0x4E4C53C: ???
        n1: 15121 0x4E4D817: ???
         n0: 15121 0x4012EF: main (in /home/jenkins/workspace/build/linux/bin/benchmark_plugingetset)
     n0: 0 in 1 place, below massif's threshold (1.00%)
  n0: 0 in 1 place, below massif's threshold (1.00%)
 n1: 8192 0x4F628F6: std::basic_filebuf<char, std::char_traits<char> >::_M_allocate_internal_buffer() (in /usr/lib/x86_64-linux-gnu/libstdc++.so.6.0.25)
  n1: 8192 0x4F66790: std::basic_filebuf<char, std::char_traits<char> >::open(char const*, std::_Ios_Openmode) (in /usr/lib/x86_64-linux-gnu/libstdc++.so.6.0.25)
   n1: 8192 0x4F6776C: std::basic_ifstream<char, std::char_traits<char> >::basic_ifstream(std::__cxx11::basic_string<char, std::char_traits<char>, std::allocator<char> > const&, std::_Ios_Openmode) (in /usr/lib/x86_64-linux-gnu/libstdc++.so.6.0.25)
    n1: 8192 0x4E4C4CC: ???
     n1: 8192 0x4E4D817: ???
      n0: 8192 0x4012EF: main (in /home/jenkins/workspace/build/linux/bin/benchmark_plugingetset)
 n0: 7591 in 53 places, all below massif's threshold (1.00%)
 n1: 5961 0x400B2AC: _dl_new_object (dl-object.c:73)
  n1: 5961 0x4005E46: _dl_map_object_from_fd (dl-load.c:1001)
   n2: 5961 0x4008A8B: _dl_map_object (dl-load.c:2466)
    n1: 4766 0x400D290: openaux (dl-deps.c:64)
     n1: 4766 0x49AEB2D: _dl_catch_exception (dl-error-skeleton.c:196)
      n1: 4766 0x400D604: _dl_map_object_deps (dl-deps.c:248)
       n1: 4766 0x401304E: dl_open_worker (dl-open.c:271)
        n1: 4766 0x49AEB2D: _dl_catch_exception (dl-error-skeleton.c:196)
         n1: 4766 0x4012BB8: _dl_open (dl-open.c:599)
          n1: 4766 0x4876254: dlopen_doit (dlopen.c:66)
           n1: 4766 0x49AEB2D: _dl_catch_exception (dl-error-skeleton.c:196)
            n1: 4766 0x49AEBBD: _dl_catch_error (dl-error-skeleton.c:215)
             n1: 4766 0x4876973: _dlerror_run (dlerror.c:163)
              n1: 4766 0x48762E4: dlopen@@GLIBC_2.2.5 (dlopen.c:87)
               n1: 4766 0x4860341: elektraModulesLoad (in /home/jenkins/workspace/build/linux/lib/libelektra-core.so.0.8.26)
                n1: 4766 0x4849B7D: elektraPluginOpen (in /home/jenkins/workspace/build/linux/lib/libelektra-kdb.so.0.8.26)
                 n0: 4766 0x4012D3: main (in /home/jenkins/workspace/build/linux/bin/benchmark_plugingetset)
    n0: 1195 in 1 place, below massif's threshold (1.00%)
 n1: 4064 0x400A095: do_lookup_x (dl-lookup.c:253)
  n1: 4064 0x400A38D: _dl_lookup_symbol_x (dl-lookup.c:814)
   n1: 4064 0x400BD5C: _dl_relocate_object (dl-machine.h:308)
    n1: 4064 0x401319C: dl_open_worker (dl-open.c:377)
     n1: 4064 0x49AEB2D: _dl_catch_exception (dl-error-skeleton.c:196)
      n1: 4064 0x4012BB8: _dl_open (dl-open.c:599)
       n1: 4064 0x4876254: dlopen_doit (dlopen.c:66)
        n1: 4064 0x49AEB2D: _dl_catch_exception (dl-error-skeleton.c:196)
         n1: 4064 0x49AEBBD: _dl_catch_error (dl-error-skeleton.c:215)
          n1: 4064 0x4876973: _dlerror_run (dlerror.c:163)
           n1: 4064 0x48762E4: dlopen@@GLIBC_2.2.5 (dlopen.c:87)
            n1: 4064 0x4860341: elektraModulesLoad (in /home/jenkins/workspace/build/linux/lib/libelektra-core.so.0.8.26)
             n1: 4064 0x4849B7D: elektraPluginOpen (in /home/jenkins/workspace/build/linux/lib/libelektra-kdb.so.0.8.26)
              n0: 4064 0x4012D3: main (in /home/jenkins/workspace/build/linux/bin/benchmark_plugingetset)
 n1: 2376 0x4010A1E: _dl_check_map_versions (dl-version.c:274)
  n1: 2376 0x4013094: dl_open_worker (dl-open.c:277)
   n1: 2376 0x49AEB2D: _dl_catch_exception (dl-error-skeleton.c:196)
    n1: 2376 0x4012BB8: _dl_open (dl-open.c:599)
     n1: 2376 0x4876254: dlopen_doit (dlopen.c:66)
      n1: 2376 0x49AEB2D: _dl_catch_exception (dl-error-skeleton.c:196)
       n1: 2376 0x49AEBBD: _dl_catch_error (dl-error-skeleton.c:215)
        n1: 2376 0x4876973: _dlerror_run (dlerror.c:163)
         n1: 2376 0x48762E4: dlopen@@GLIBC_2.2.5 (dlopen.c:87)
          n1: 2376 0x4860341: elektraModulesLoad (in /home/jenkins/workspace/build/linux/lib/libelektra-core.so.0.8.26)
           n1: 2376 0x4849B7D: elektraPluginOpen (in /home/jenkins/workspace/build/linux/lib/libelektra-kdb.so.0.8.26)
            n0: 2376 0x4012D3: main (in /home/jenkins/workspace/build/linux/bin/benchmark_plugingetset)
#-----------
snapshot=12
#-----------
time=5528023
mem_heap_B=354294
mem_heap_extra_B=2058
mem_stacks_B=0
heap_tree=empty
#-----------
snapshot=13
#-----------
time=5641220
mem_heap_B=360154
mem_heap_extra_B=3350
mem_stacks_B=0
heap_tree=empty
#-----------
snapshot=14
#-----------
time=5703590
mem_heap_B=363514
mem_heap_extra_B=4070
mem_stacks_B=0
heap_tree=empty
#-----------
snapshot=15
#-----------
time=5800476
mem_heap_B=368391
mem_heap_extra_B=5153
mem_stacks_B=0
heap_tree=detailed
n8: 368391 (heap allocation functions) malloc/new/new[], --alloc-fns, etc.
 n5: 185792 0x4E5C684: ???
  n1: 160000 0x4E56675: ???
   n1: 160000 0x4E4C5A6: ???
    n1: 160000 0x4E4D817: ???
     n0: 160000 0x4012EF: main (in /home/jenkins/workspace/build/linux/bin/benchmark_plugingetset)
  n2: 12216 0x4E5C8F2: ???
   n1: 8072 0x4E4FA28: ???
    n1: 8072 0x4E5C267: ???
     n1: 8072 0x4E4C3C2: ???
      n1: 8072 0x4E4D817: ???
       n0: 8072 0x4012EF: main (in /home/jenkins/workspace/build/linux/bin/benchmark_plugingetset)
   n0: 4144 in 2 places, all below massif's threshold (1.00%)
  n1: 5280 0x4E5CDA2: ???
   n0: 5280 in 7 places, all below massif's threshold (1.00%)
  n0: 4200 in 11 places, all below massif's threshold (1.00%)
  n1: 4096 0x4E4FA55: ???
   n1: 4096 0x4E5C267: ???
    n1: 4096 0x4E4C3C2: ???
     n1: 4096 0x4E4D817: ???
      n0: 4096 0x4012EF: main (in /home/jenkins/workspace/build/linux/bin/benchmark_plugingetset)
 n1: 72704 0x4F06454: ??? (in /usr/lib/x86_64-linux-gnu/libstdc++.so.6.0.25)
  n1: 72704 0x400F378: call_init.part.0 (dl-init.c:72)
   n1: 72704 0x400F474: _dl_init (dl-init.c:118)
    n1: 72704 0x40132D1: dl_open_worker (dl-open.c:517)
     n1: 72704 0x49AEB2D: _dl_catch_exception (dl-error-skeleton.c:196)
      n1: 72704 0x4012BB8: _dl_open (dl-open.c:599)
       n1: 72704 0x4876254: dlopen_doit (dlopen.c:66)
        n1: 72704 0x49AEB2D: _dl_catch_exception (dl-error-skeleton.c:196)
         n1: 72704 0x49AEBBD: _dl_catch_error (dl-error-skeleton.c:215)
          n1: 72704 0x4876973: _dlerror_run (dlerror.c:163)
           n1: 72704 0x48762E4: dlopen@@GLIBC_2.2.5 (dlopen.c:87)
            n1: 72704 0x4860341: elektraModulesLoad (in /home/jenkins/workspace/build/linux/lib/libelektra-core.so.0.8.26)
             n1: 72704 0x4849B7D: elektraPluginOpen (in /home/jenkins/workspace/build/linux/lib/libelektra-kdb.so.0.8.26)
              n0: 72704 0x4012D3: main (in /home/jenkins/workspace/build/linux/bin/benchmark_plugingetset)
 n1: 60624 0x4E429AD: ???
  n1: 60624 0x4E425EA: ???
   n1: 60624 0x4E42371: ???
    n1: 60624 0x4E41B54: ???
     n1: 60624 0x4E47364: ???
      n1: 60624 0x4E4C528: ???
       n1: 60624 0x4E4D817: ???
        n0: 60624 0x4012EF: main (in /home/jenkins/workspace/build/linux/bin/benchmark_plugingetset)
 n0: 25222 in 70 places, all below massif's threshold (1.00%)
 n1: 8192 0x4F628F6: std::basic_filebuf<char, std::char_traits<char> >::_M_allocate_internal_buffer() (in /usr/lib/x86_64-linux-gnu/libstdc++.so.6.0.25)
  n1: 8192 0x4F66790: std::basic_filebuf<char, std::char_traits<char> >::open(char const*, std::_Ios_Openmode) (in /usr/lib/x86_64-linux-gnu/libstdc++.so.6.0.25)
   n1: 8192 0x4F6776C: std::basic_ifstream<char, std::char_traits<char> >::basic_ifstream(std::__cxx11::basic_string<char, std::char_traits<char>, std::allocator<char> > const&, std::_Ios_Openmode) (in /usr/lib/x86_64-linux-gnu/libstdc++.so.6.0.25)
    n1: 8192 0x4E4C4CC: ???
     n1: 8192 0x4E4D817: ???
      n0: 8192 0x4012EF: main (in /home/jenkins/workspace/build/linux/bin/benchmark_plugingetset)
 n1: 5961 0x400B2AC: _dl_new_object (dl-object.c:73)
  n1: 5961 0x4005E46: _dl_map_object_from_fd (dl-load.c:1001)
   n2: 5961 0x4008A8B: _dl_map_object (dl-load.c:2466)
    n1: 4766 0x400D290: openaux (dl-deps.c:64)
     n1: 4766 0x49AEB2D: _dl_catch_exception (dl-error-skeleton.c:196)
      n1: 4766 0x400D604: _dl_map_object_deps (dl-deps.c:248)
       n1: 4766 0x401304E: dl_open_worker (dl-open.c:271)
        n1: 4766 0x49AEB2D: _dl_catch_exception (dl-error-skeleton.c:196)
         n1: 4766 0x4012BB8: _dl_open (dl-open.c:599)
          n1: 4766 0x4876254: dlopen_doit (dlopen.c:66)
           n1: 4766 0x49AEB2D: _dl_catch_exception (dl-error-skeleton.c:196)
            n1: 4766 0x49AEBBD: _dl_catch_error (dl-error-skeleton.c:215)
             n1: 4766 0x4876973: _dlerror_run (dlerror.c:163)
              n1: 4766 0x48762E4: dlopen@@GLIBC_2.2.5 (dlopen.c:87)
               n1: 4766 0x4860341: elektraModulesLoad (in /home/jenkins/workspace/build/linux/lib/libelektra-core.so.0.8.26)
                n1: 4766 0x4849B7D: elektraPluginOpen (in /home/jenkins/workspace/build/linux/lib/libelektra-kdb.so.0.8.26)
                 n0: 4766 0x4012D3: main (in /home/jenkins/workspace/build/linux/bin/benchmark_plugingetset)
    n0: 1195 in 1 place, below massif's threshold (1.00%)
 n1: 5832 0x4E46F65: ???
  n1: 5832 0x4E479C6: ???
   n1: 5832 0x4E566E4: ???
    n1: 5832 0x4E4C5A6: ???
     n1: 5832 0x4E4D817: ???
      n0: 5832 0x4012EF: main (in /home/jenkins/workspace/build/linux/bin/benchmark_plugingetset)
 n1: 4064 0x400A095: do_lookup_x (dl-lookup.c:253)
  n1: 4064 0x400A38D: _dl_lookup_symbol_x (dl-lookup.c:814)
   n1: 4064 0x400BD5C: _dl_relocate_object (dl-machine.h:308)
    n1: 4064 0x401319C: dl_open_worker (dl-open.c:377)
     n1: 4064 0x49AEB2D: _dl_catch_exception (dl-error-skeleton.c:196)
      n1: 4064 0x4012BB8: _dl_open (dl-open.c:599)
       n1: 4064 0x4876254: dlopen_doit (dlopen.c:66)
        n1: 4064 0x49AEB2D: _dl_catch_exception (dl-error-skeleton.c:196)
         n1: 4064 0x49AEBBD: _dl_catch_error (dl-error-skeleton.c:215)
          n1: 4064 0x4876973: _dlerror_run (dlerror.c:163)
           n1: 4064 0x48762E4: dlopen@@GLIBC_2.2.5 (dlopen.c:87)
            n1: 4064 0x4860341: elektraModulesLoad (in /home/jenkins/workspace/build/linux/lib/libelektra-core.so.0.8.26)
             n1: 4064 0x4849B7D: elektraPluginOpen (in /home/jenkins/workspace/build/linux/lib/libelektra-kdb.so.0.8.26)
              n0: 4064 0x4012D3: main (in /home/jenkins/workspace/build/linux/bin/benchmark_plugingetset)
#-----------
snapshot=16
#-----------
time=5872324
mem_heap_B=372215
mem_heap_extra_B=6001
mem_stacks_B=0
heap_tree=empty
#-----------
snapshot=17
#-----------
time=5948153
mem_heap_B=375724
mem_heap_extra_B=6916
mem_stacks_B=0
heap_tree=empty
#-----------
snapshot=18
#-----------
time=6069626
mem_heap_B=380649
mem_heap_extra_B=7943
mem_stacks_B=0
heap_tree=detailed
n10: 380649 (heap allocation functions) malloc/new/new[], --alloc-fns, etc.
 n5: 185792 0x4E5C684: ???
  n1: 160000 0x4E56675: ???
   n1: 160000 0x4E4C5A6: ???
    n1: 160000 0x4E4D817: ???
     n0: 160000 0x4012EF: main (in /home/jenkins/workspace/build/linux/bin/benchmark_plugingetset)
  n2: 12216 0x4E5C8F2: ???
   n1: 8072 0x4E4FA28: ???
    n1: 8072 0x4E5C267: ???
     n1: 8072 0x4E4C3C2: ???
      n1: 8072 0x4E4D817: ???
       n0: 8072 0x4012EF: main (in /home/jenkins/workspace/build/linux/bin/benchmark_plugingetset)
   n0: 4144 in 2 places, all below massif's threshold (1.00%)
  n1: 5280 0x4E5CDA2: ???
   n0: 5280 in 7 places, all below massif's threshold (1.00%)
  n0: 4200 in 11 places, all below massif's threshold (1.00%)
  n1: 4096 0x4E4FA55: ???
   n1: 4096 0x4E5C267: ???
    n1: 4096 0x4E4C3C2: ???
     n1: 4096 0x4E4D817: ???
      n0: 4096 0x4012EF: main (in /home/jenkins/workspace/build/linux/bin/benchmark_plugingetset)
 n1: 72704 0x4F06454: ??? (in /usr/lib/x86_64-linux-gnu/libstdc++.so.6.0.25)
  n1: 72704 0x400F378: call_init.part.0 (dl-init.c:72)
   n1: 72704 0x400F474: _dl_init (dl-init.c:118)
    n1: 72704 0x40132D1: dl_open_worker (dl-open.c:517)
     n1: 72704 0x49AEB2D: _dl_catch_exception (dl-error-skeleton.c:196)
      n1: 72704 0x4012BB8: _dl_open (dl-open.c:599)
       n1: 72704 0x4876254: dlopen_doit (dlopen.c:66)
        n1: 72704 0x49AEB2D: _dl_catch_exception (dl-error-skeleton.c:196)
         n1: 72704 0x49AEBBD: _dl_catch_error (dl-error-skeleton.c:215)
          n1: 72704 0x4876973: _dlerror_run (dlerror.c:163)
           n1: 72704 0x48762E4: dlopen@@GLIBC_2.2.5 (dlopen.c:87)
            n1: 72704 0x4860341: elektraModulesLoad (in /home/jenkins/workspace/build/linux/lib/libelektra-core.so.0.8.26)
             n1: 72704 0x4849B7D: elektraPluginOpen (in /home/jenkins/workspace/build/linux/lib/libelektra-kdb.so.0.8.26)
              n0: 72704 0x4012D3: main (in /home/jenkins/workspace/build/linux/bin/benchmark_plugingetset)
 n1: 60624 0x4E429AD: ???
  n1: 60624 0x4E425EA: ???
   n1: 60624 0x4E42371: ???
    n1: 60624 0x4E41B54: ???
     n1: 60624 0x4E47364: ???
      n1: 60624 0x4E4C528: ???
       n1: 60624 0x4E4D817: ???
        n0: 60624 0x4012EF: main (in /home/jenkins/workspace/build/linux/bin/benchmark_plugingetset)
 n0: 23224 in 70 places, all below massif's threshold (1.00%)
 n1: 10080 0x4E46F65: ???
  n1: 10080 0x4E479C6: ???
   n1: 10080 0x4E566E4: ???
    n1: 10080 0x4E4C5A6: ???
     n1: 10080 0x4E4D817: ???
      n0: 10080 0x4012EF: main (in /home/jenkins/workspace/build/linux/bin/benchmark_plugingetset)
 n1: 8192 0x4F628F6: std::basic_filebuf<char, std::char_traits<char> >::_M_allocate_internal_buffer() (in /usr/lib/x86_64-linux-gnu/libstdc++.so.6.0.25)
  n1: 8192 0x4F66790: std::basic_filebuf<char, std::char_traits<char> >::open(char const*, std::_Ios_Openmode) (in /usr/lib/x86_64-linux-gnu/libstdc++.so.6.0.25)
   n1: 8192 0x4F6776C: std::basic_ifstream<char, std::char_traits<char> >::basic_ifstream(std::__cxx11::basic_string<char, std::char_traits<char>, std::allocator<char> > const&, std::_Ios_Openmode) (in /usr/lib/x86_64-linux-gnu/libstdc++.so.6.0.25)
    n1: 8192 0x4E4C4CC: ???
     n1: 8192 0x4E4D817: ???
      n0: 8192 0x4012EF: main (in /home/jenkins/workspace/build/linux/bin/benchmark_plugingetset)
 n1: 5961 0x400B2AC: _dl_new_object (dl-object.c:73)
  n1: 5961 0x4005E46: _dl_map_object_from_fd (dl-load.c:1001)
   n2: 5961 0x4008A8B: _dl_map_object (dl-load.c:2466)
    n1: 4766 0x400D290: openaux (dl-deps.c:64)
     n1: 4766 0x49AEB2D: _dl_catch_exception (dl-error-skeleton.c:196)
      n1: 4766 0x400D604: _dl_map_object_deps (dl-deps.c:248)
       n1: 4766 0x401304E: dl_open_worker (dl-open.c:271)
        n1: 4766 0x49AEB2D: _dl_catch_exception (dl-error-skeleton.c:196)
         n1: 4766 0x4012BB8: _dl_open (dl-open.c:599)
          n1: 4766 0x4876254: dlopen_doit (dlopen.c:66)
           n1: 4766 0x49AEB2D: _dl_catch_exception (dl-error-skeleton.c:196)
            n1: 4766 0x49AEBBD: _dl_catch_error (dl-error-skeleton.c:215)
             n1: 4766 0x4876973: _dlerror_run (dlerror.c:163)
              n1: 4766 0x48762E4: dlopen@@GLIBC_2.2.5 (dlopen.c:87)
               n1: 4766 0x4860341: elektraModulesLoad (in /home/jenkins/workspace/build/linux/lib/libelektra-core.so.0.8.26)
                n1: 4766 0x4849B7D: elektraPluginOpen (in /home/jenkins/workspace/build/linux/lib/libelektra-kdb.so.0.8.26)
                 n0: 4766 0x4012D3: main (in /home/jenkins/workspace/build/linux/bin/benchmark_plugingetset)
    n0: 1195 in 1 place, below massif's threshold (1.00%)
 n2: 5040 0x4E45908: ???
  n1: 4968 0x4E46E81: ???
   n1: 4968 0x4E479C6: ???
    n1: 4968 0x4E566E4: ???
     n1: 4968 0x4E4C5A6: ???
      n1: 4968 0x4E4D817: ???
       n0: 4968 0x4012EF: main (in /home/jenkins/workspace/build/linux/bin/benchmark_plugingetset)
  n0: 72 in 2 places, all below massif's threshold (1.00%)
 n1: 4968 0x4E45EBD: ???
  n1: 4968 0x4E479C6: ???
   n1: 4968 0x4E566E4: ???
    n1: 4968 0x4E4C5A6: ???
     n1: 4968 0x4E4D817: ???
      n0: 4968 0x4012EF: main (in /home/jenkins/workspace/build/linux/bin/benchmark_plugingetset)
 n1: 4064 0x400A095: do_lookup_x (dl-lookup.c:253)
  n1: 4064 0x400A38D: _dl_lookup_symbol_x (dl-lookup.c:814)
   n1: 4064 0x400BD5C: _dl_relocate_object (dl-machine.h:308)
    n1: 4064 0x401319C: dl_open_worker (dl-open.c:377)
     n1: 4064 0x49AEB2D: _dl_catch_exception (dl-error-skeleton.c:196)
      n1: 4064 0x4012BB8: _dl_open (dl-open.c:599)
       n1: 4064 0x4876254: dlopen_doit (dlopen.c:66)
        n1: 4064 0x49AEB2D: _dl_catch_exception (dl-error-skeleton.c:196)
         n1: 4064 0x49AEBBD: _dl_catch_error (dl-error-skeleton.c:215)
          n1: 4064 0x4876973: _dlerror_run (dlerror.c:163)
           n1: 4064 0x48762E4: dlopen@@GLIBC_2.2.5 (dlopen.c:87)
            n1: 4064 0x4860341: elektraModulesLoad (in /home/jenkins/workspace/build/linux/lib/libelektra-core.so.0.8.26)
             n1: 4064 0x4849B7D: elektraPluginOpen (in /home/jenkins/workspace/build/linux/lib/libelektra-kdb.so.0.8.26)
              n0: 4064 0x4012D3: main (in /home/jenkins/workspace/build/linux/bin/benchmark_plugingetset)
#-----------
snapshot=19
#-----------
time=6177754
mem_heap_B=384559
mem_heap_extra_B=8769
mem_stacks_B=0
heap_tree=detailed
n10: 384559 (heap allocation functions) malloc/new/new[], --alloc-fns, etc.
 n5: 185792 0x4E5C684: ???
  n1: 160000 0x4E56675: ???
   n1: 160000 0x4E4C5A6: ???
    n1: 160000 0x4E4D817: ???
     n0: 160000 0x4012EF: main (in /home/jenkins/workspace/build/linux/bin/benchmark_plugingetset)
  n2: 12216 0x4E5C8F2: ???
   n1: 8072 0x4E4FA28: ???
    n1: 8072 0x4E5C267: ???
     n1: 8072 0x4E4C3C2: ???
      n1: 8072 0x4E4D817: ???
       n0: 8072 0x4012EF: main (in /home/jenkins/workspace/build/linux/bin/benchmark_plugingetset)
   n0: 4144 in 2 places, all below massif's threshold (1.00%)
  n1: 5280 0x4E5CDA2: ???
   n0: 5280 in 7 places, all below massif's threshold (1.00%)
  n0: 4200 in 11 places, all below massif's threshold (1.00%)
  n1: 4096 0x4E4FA55: ???
   n1: 4096 0x4E5C267: ???
    n1: 4096 0x4E4C3C2: ???
     n1: 4096 0x4E4D817: ???
      n0: 4096 0x4012EF: main (in /home/jenkins/workspace/build/linux/bin/benchmark_plugingetset)
 n1: 72704 0x4F06454: ??? (in /usr/lib/x86_64-linux-gnu/libstdc++.so.6.0.25)
  n1: 72704 0x400F378: call_init.part.0 (dl-init.c:72)
   n1: 72704 0x400F474: _dl_init (dl-init.c:118)
    n1: 72704 0x40132D1: dl_open_worker (dl-open.c:517)
     n1: 72704 0x49AEB2D: _dl_catch_exception (dl-error-skeleton.c:196)
      n1: 72704 0x4012BB8: _dl_open (dl-open.c:599)
       n1: 72704 0x4876254: dlopen_doit (dlopen.c:66)
        n1: 72704 0x49AEB2D: _dl_catch_exception (dl-error-skeleton.c:196)
         n1: 72704 0x49AEBBD: _dl_catch_error (dl-error-skeleton.c:215)
          n1: 72704 0x4876973: _dlerror_run (dlerror.c:163)
           n1: 72704 0x48762E4: dlopen@@GLIBC_2.2.5 (dlopen.c:87)
            n1: 72704 0x4860341: elektraModulesLoad (in /home/jenkins/workspace/build/linux/lib/libelektra-core.so.0.8.26)
             n1: 72704 0x4849B7D: elektraPluginOpen (in /home/jenkins/workspace/build/linux/lib/libelektra-kdb.so.0.8.26)
              n0: 72704 0x4012D3: main (in /home/jenkins/workspace/build/linux/bin/benchmark_plugingetset)
 n1: 60624 0x4E429AD: ???
  n1: 60624 0x4E425EA: ???
   n1: 60624 0x4E42371: ???
    n1: 60624 0x4E41B54: ???
     n1: 60624 0x4E47364: ???
      n1: 60624 0x4E4C528: ???
       n1: 60624 0x4E4D817: ???
        n0: 60624 0x4012EF: main (in /home/jenkins/workspace/build/linux/bin/benchmark_plugingetset)
 n0: 25190 in 70 places, all below massif's threshold (1.00%)
 n1: 11160 0x4E46F65: ???
  n1: 11160 0x4E479C6: ???
   n1: 11160 0x4E566E4: ???
    n1: 11160 0x4E4C5A6: ???
     n1: 11160 0x4E4D817: ???
      n0: 11160 0x4012EF: main (in /home/jenkins/workspace/build/linux/bin/benchmark_plugingetset)
 n1: 8192 0x4F628F6: std::basic_filebuf<char, std::char_traits<char> >::_M_allocate_internal_buffer() (in /usr/lib/x86_64-linux-gnu/libstdc++.so.6.0.25)
  n1: 8192 0x4F66790: std::basic_filebuf<char, std::char_traits<char> >::open(char const*, std::_Ios_Openmode) (in /usr/lib/x86_64-linux-gnu/libstdc++.so.6.0.25)
   n1: 8192 0x4F6776C: std::basic_ifstream<char, std::char_traits<char> >::basic_ifstream(std::__cxx11::basic_string<char, std::char_traits<char>, std::allocator<char> > const&, std::_Ios_Openmode) (in /usr/lib/x86_64-linux-gnu/libstdc++.so.6.0.25)
    n1: 8192 0x4E4C4CC: ???
     n1: 8192 0x4E4D817: ???
      n0: 8192 0x4012EF: main (in /home/jenkins/workspace/build/linux/bin/benchmark_plugingetset)
 n1: 5961 0x400B2AC: _dl_new_object (dl-object.c:73)
  n1: 5961 0x4005E46: _dl_map_object_from_fd (dl-load.c:1001)
   n2: 5961 0x4008A8B: _dl_map_object (dl-load.c:2466)
    n1: 4766 0x400D290: openaux (dl-deps.c:64)
     n1: 4766 0x49AEB2D: _dl_catch_exception (dl-error-skeleton.c:196)
      n1: 4766 0x400D604: _dl_map_object_deps (dl-deps.c:248)
       n1: 4766 0x401304E: dl_open_worker (dl-open.c:271)
        n1: 4766 0x49AEB2D: _dl_catch_exception (dl-error-skeleton.c:196)
         n1: 4766 0x4012BB8: _dl_open (dl-open.c:599)
          n1: 4766 0x4876254: dlopen_doit (dlopen.c:66)
           n1: 4766 0x49AEB2D: _dl_catch_exception (dl-error-skeleton.c:196)
            n1: 4766 0x49AEBBD: _dl_catch_error (dl-error-skeleton.c:215)
             n1: 4766 0x4876973: _dlerror_run (dlerror.c:163)
              n1: 4766 0x48762E4: dlopen@@GLIBC_2.2.5 (dlopen.c:87)
               n1: 4766 0x4860341: elektraModulesLoad (in /home/jenkins/workspace/build/linux/lib/libelektra-core.so.0.8.26)
                n1: 4766 0x4849B7D: elektraPluginOpen (in /home/jenkins/workspace/build/linux/lib/libelektra-kdb.so.0.8.26)
                 n0: 4766 0x4012D3: main (in /home/jenkins/workspace/build/linux/bin/benchmark_plugingetset)
    n0: 1195 in 1 place, below massif's threshold (1.00%)
 n2: 5472 0x4E45908: ???
  n1: 5400 0x4E46E81: ???
   n1: 5400 0x4E479C6: ???
    n1: 5400 0x4E566E4: ???
     n1: 5400 0x4E4C5A6: ???
      n1: 5400 0x4E4D817: ???
       n0: 5400 0x4012EF: main (in /home/jenkins/workspace/build/linux/bin/benchmark_plugingetset)
  n0: 72 in 2 places, all below massif's threshold (1.00%)
 n1: 5400 0x4E45EBD: ???
  n1: 5400 0x4E479C6: ???
   n1: 5400 0x4E566E4: ???
    n1: 5400 0x4E4C5A6: ???
     n1: 5400 0x4E4D817: ???
      n0: 5400 0x4012EF: main (in /home/jenkins/workspace/build/linux/bin/benchmark_plugingetset)
 n1: 4064 0x400A095: do_lookup_x (dl-lookup.c:253)
  n1: 4064 0x400A38D: _dl_lookup_symbol_x (dl-lookup.c:814)
   n1: 4064 0x400BD5C: _dl_relocate_object (dl-machine.h:308)
    n1: 4064 0x401319C: dl_open_worker (dl-open.c:377)
     n1: 4064 0x49AEB2D: _dl_catch_exception (dl-error-skeleton.c:196)
      n1: 4064 0x4012BB8: _dl_open (dl-open.c:599)
       n1: 4064 0x4876254: dlopen_doit (dlopen.c:66)
        n1: 4064 0x49AEB2D: _dl_catch_exception (dl-error-skeleton.c:196)
         n1: 4064 0x49AEBBD: _dl_catch_error (dl-error-skeleton.c:215)
          n1: 4064 0x4876973: _dlerror_run (dlerror.c:163)
           n1: 4064 0x48762E4: dlopen@@GLIBC_2.2.5 (dlopen.c:87)
            n1: 4064 0x4860341: elektraModulesLoad (in /home/jenkins/workspace/build/linux/lib/libelektra-core.so.0.8.26)
             n1: 4064 0x4849B7D: elektraPluginOpen (in /home/jenkins/workspace/build/linux/lib/libelektra-kdb.so.0.8.26)
              n0: 4064 0x4012D3: main (in /home/jenkins/workspace/build/linux/bin/benchmark_plugingetset)
#-----------
snapshot=20
#-----------
time=6255130
mem_heap_B=577278
mem_heap_extra_B=9754
mem_stacks_B=0
heap_tree=empty
#-----------
snapshot=21
#-----------
time=6376513
mem_heap_B=737430
mem_heap_extra_B=9778
mem_stacks_B=0
heap_tree=empty
#-----------
snapshot=22
#-----------
time=6497787
mem_heap_B=977582
mem_heap_extra_B=9802
mem_stacks_B=0
heap_tree=empty
#-----------
snapshot=23
#-----------
time=6677915
mem_heap_B=977614
mem_heap_extra_B=9810
mem_stacks_B=0
heap_tree=empty
#-----------
snapshot=24
#-----------
time=6751290
mem_heap_B=1078203
mem_heap_extra_B=11181
mem_stacks_B=0
heap_tree=empty
#-----------
snapshot=25
#-----------
time=6863929
mem_heap_B=1091958
mem_heap_extra_B=11778
mem_stacks_B=0
heap_tree=empty
#-----------
snapshot=26
#-----------
time=6948945
mem_heap_B=1103302
mem_heap_extra_B=12154
mem_stacks_B=0
heap_tree=empty
#-----------
snapshot=27
#-----------
time=7027380
mem_heap_B=1116130
mem_heap_extra_B=12430
mem_stacks_B=0
heap_tree=empty
#-----------
snapshot=28
#-----------
time=7091166
mem_heap_B=1118815
mem_heap_extra_B=12473
mem_stacks_B=0
heap_tree=empty
#-----------
snapshot=29
#-----------
time=7173674
mem_heap_B=1124920
mem_heap_extra_B=12576
mem_stacks_B=0
heap_tree=empty
#-----------
snapshot=30
#-----------
time=7296683
mem_heap_B=1144228
mem_heap_extra_B=12708
mem_stacks_B=0
heap_tree=detailed
n6: 1144228 (heap allocation functions) malloc/new/new[], --alloc-fns, etc.
 n5: 923293 0x4E5C684: ???
  n7: 636680 0x4E5C8F2: ???
   n1: 240088 0x4E4FE1D: ???
    n1: 240088 0x4E5684B: ???
     n1: 240088 0x4E4C5A6: ???
      n1: 240088 0x4E4D817: ???
       n0: 240088 0x4012EF: main (in /home/jenkins/workspace/build/linux/bin/benchmark_plugingetset)
   n1: 160088 0x4E4FD99: ???
    n1: 160088 0x4E5684B: ???
     n1: 160088 0x4E4C5A6: ???
      n1: 160088 0x4E4D817: ???
       n0: 160088 0x4012EF: main (in /home/jenkins/workspace/build/linux/bin/benchmark_plugingetset)
   n1: 160088 0x4E4FDD4: ???
    n1: 160088 0x4E5684B: ???
     n1: 160088 0x4E4C5A6: ???
      n1: 160088 0x4E4D817: ???
       n0: 160088 0x4012EF: main (in /home/jenkins/workspace/build/linux/bin/benchmark_plugingetset)
   n1: 24088 0x4E50080: ???
    n1: 24088 0x4E5684B: ???
     n1: 24088 0x4E4C5A6: ???
      n1: 24088 0x4E4D817: ???
       n0: 24088 0x4012EF: main (in /home/jenkins/workspace/build/linux/bin/benchmark_plugingetset)
   n1: 24088 0x4E500BD: ???
    n1: 24088 0x4E5684B: ???
     n1: 24088 0x4E4C5A6: ???
      n1: 24088 0x4E4D817: ???
       n0: 24088 0x4012EF: main (in /home/jenkins/workspace/build/linux/bin/benchmark_plugingetset)
   n1: 16024 0x4E4FD4D: ???
    n1: 16024 0x4E5684B: ???
     n1: 16024 0x4E4C5A6: ???
      n1: 16024 0x4E4D817: ???
       n0: 16024 0x4012EF: main (in /home/jenkins/workspace/build/linux/bin/benchmark_plugingetset)
   n0: 12216 in 3 places, all below massif's threshold (1.00%)
  n1: 160000 0x4E56675: ???
   n1: 160000 0x4E4C5A6: ???
    n1: 160000 0x4E4D817: ???
     n0: 160000 0x4012EF: main (in /home/jenkins/workspace/build/linux/bin/benchmark_plugingetset)
  n2: 58541 0x4E5CDA2: ???
   n0: 36365 in 20 places, all below massif's threshold (1.00%)
   n2: 22176 0x4E51AEB: ???
    n1: 14256 0x4E5395C: ???
     n1: 14256 0x4E549CB: ???
      n1: 14256 0x4E573A3: ???
       n1: 14256 0x4E4C5A6: ???
        n1: 14256 0x4E4D817: ???
         n0: 14256 0x4012EF: main (in /home/jenkins/workspace/build/linux/bin/benchmark_plugingetset)
    n0: 7920 in 1 place, below massif's threshold (1.00%)
  n0: 49448 in 22 places, all below massif's threshold (1.00%)
  n1: 18624 0x4E5CC4F: ???
   n0: 18624 in 16 places, all below massif's threshold (1.00%)
 n1: 72704 0x4F06454: ??? (in /usr/lib/x86_64-linux-gnu/libstdc++.so.6.0.25)
  n1: 72704 0x400F378: call_init.part.0 (dl-init.c:72)
   n1: 72704 0x400F474: _dl_init (dl-init.c:118)
    n1: 72704 0x40132D1: dl_open_worker (dl-open.c:517)
     n1: 72704 0x49AEB2D: _dl_catch_exception (dl-error-skeleton.c:196)
      n1: 72704 0x4012BB8: _dl_open (dl-open.c:599)
       n1: 72704 0x4876254: dlopen_doit (dlopen.c:66)
        n1: 72704 0x49AEB2D: _dl_catch_exception (dl-error-skeleton.c:196)
         n1: 72704 0x49AEBBD: _dl_catch_error (dl-error-skeleton.c:215)
          n1: 72704 0x4876973: _dlerror_run (dlerror.c:163)
           n1: 72704 0x48762E4: dlopen@@GLIBC_2.2.5 (dlopen.c:87)
            n1: 72704 0x4860341: elektraModulesLoad (in /home/jenkins/workspace/build/linux/lib/libelektra-core.so.0.8.26)
             n1: 72704 0x4849B7D: elektraPluginOpen (in /home/jenkins/workspace/build/linux/lib/libelektra-kdb.so.0.8.26)
              n0: 72704 0x4012D3: main (in /home/jenkins/workspace/build/linux/bin/benchmark_plugingetset)
 n0: 61870 in 102 places, all below massif's threshold (1.00%)
 n1: 60624 0x4E429AD: ???
  n1: 60624 0x4E425EA: ???
   n1: 60624 0x4E42371: ???
    n1: 60624 0x4E41B54: ???
     n1: 60624 0x4E47364: ???
      n1: 60624 0x4E4C528: ???
       n1: 60624 0x4E4D817: ???
        n0: 60624 0x4012EF: main (in /home/jenkins/workspace/build/linux/bin/benchmark_plugingetset)
 n1: 13785 0x4E5C798: ???
  n2: 13785 0x4E5CF3E: ???
   n2: 13785 0x4E50789: ???
    n1: 12481 0x4E543C5: ???
     n1: 12481 0x4E573A3: ???
      n1: 12481 0x4E4C5A6: ???
       n1: 12481 0x4E4D817: ???
        n0: 12481 0x4012EF: main (in /home/jenkins/workspace/build/linux/bin/benchmark_plugingetset)
    n0: 1304 in 1 place, below massif's threshold (1.00%)
   n0: 0 in 1 place, below massif's threshold (1.00%)
 n1: 11952 0x4E46F65: ???
  n1: 11952 0x4E479C6: ???
   n1: 11952 0x4E566E4: ???
    n1: 11952 0x4E4C5A6: ???
     n1: 11952 0x4E4D817: ???
      n0: 11952 0x4012EF: main (in /home/jenkins/workspace/build/linux/bin/benchmark_plugingetset)
#-----------
snapshot=31
#-----------
time=7373552
mem_heap_B=1148530
mem_heap_extra_B=12790
mem_stacks_B=0
heap_tree=empty
#-----------
snapshot=32
#-----------
time=7447135
mem_heap_B=1182271
mem_heap_extra_B=13121
mem_stacks_B=0
heap_tree=detailed
n5: 1182271 (heap allocation functions) malloc/new/new[], --alloc-fns, etc.
 n5: 939341 0x4E5C684: ???
  n7: 636680 0x4E5C8F2: ???
   n1: 240088 0x4E4FE1D: ???
    n1: 240088 0x4E5684B: ???
     n1: 240088 0x4E4C5A6: ???
      n1: 240088 0x4E4D817: ???
       n0: 240088 0x4012EF: main (in /home/jenkins/workspace/build/linux/bin/benchmark_plugingetset)
   n1: 160088 0x4E4FD99: ???
    n1: 160088 0x4E5684B: ???
     n1: 160088 0x4E4C5A6: ???
      n1: 160088 0x4E4D817: ???
       n0: 160088 0x4012EF: main (in /home/jenkins/workspace/build/linux/bin/benchmark_plugingetset)
   n1: 160088 0x4E4FDD4: ???
    n1: 160088 0x4E5684B: ???
     n1: 160088 0x4E4C5A6: ???
      n1: 160088 0x4E4D817: ???
       n0: 160088 0x4012EF: main (in /home/jenkins/workspace/build/linux/bin/benchmark_plugingetset)
   n1: 24088 0x4E50080: ???
    n1: 24088 0x4E5684B: ???
     n1: 24088 0x4E4C5A6: ???
      n1: 24088 0x4E4D817: ???
       n0: 24088 0x4012EF: main (in /home/jenkins/workspace/build/linux/bin/benchmark_plugingetset)
   n1: 24088 0x4E500BD: ???
    n1: 24088 0x4E5684B: ???
     n1: 24088 0x4E4C5A6: ???
      n1: 24088 0x4E4D817: ???
       n0: 24088 0x4012EF: main (in /home/jenkins/workspace/build/linux/bin/benchmark_plugingetset)
   n1: 16024 0x4E4FD4D: ???
    n1: 16024 0x4E5684B: ???
     n1: 16024 0x4E4C5A6: ???
      n1: 16024 0x4E4D817: ???
       n0: 16024 0x4012EF: main (in /home/jenkins/workspace/build/linux/bin/benchmark_plugingetset)
   n0: 12216 in 3 places, all below massif's threshold (1.00%)
  n1: 160000 0x4E56675: ???
   n1: 160000 0x4E4C5A6: ???
    n1: 160000 0x4E4D817: ???
     n0: 160000 0x4012EF: main (in /home/jenkins/workspace/build/linux/bin/benchmark_plugingetset)
  n3: 74909 0x4E5CDA2: ???
   n0: 32669 in 20 places, all below massif's threshold (1.00%)
   n2: 26928 0x4E51AEB: ???
    n1: 15312 0x4E5395C: ???
     n1: 15312 0x4E549CB: ???
      n1: 15312 0x4E573A3: ???
       n1: 15312 0x4E4C5A6: ???
        n1: 15312 0x4E4D817: ???
         n0: 15312 0x4012EF: main (in /home/jenkins/workspace/build/linux/bin/benchmark_plugingetset)
    n0: 11616 in 1 place, below massif's threshold (1.00%)
   n1: 15312 0x4E5285D: ???
    n1: 15312 0x4E549CB: ???
     n1: 15312 0x4E573A3: ???
      n1: 15312 0x4E4C5A6: ???
       n1: 15312 0x4E4D817: ???
        n0: 15312 0x4012EF: main (in /home/jenkins/workspace/build/linux/bin/benchmark_plugingetset)
  n0: 49128 in 22 places, all below massif's threshold (1.00%)
  n1: 18624 0x4E5CC4F: ???
   n0: 18624 in 16 places, all below massif's threshold (1.00%)
 n0: 73950 in 103 places, all below massif's threshold (1.00%)
 n1: 72704 0x4F06454: ??? (in /usr/lib/x86_64-linux-gnu/libstdc++.so.6.0.25)
  n1: 72704 0x400F378: call_init.part.0 (dl-init.c:72)
   n1: 72704 0x400F474: _dl_init (dl-init.c:118)
    n1: 72704 0x40132D1: dl_open_worker (dl-open.c:517)
     n1: 72704 0x49AEB2D: _dl_catch_exception (dl-error-skeleton.c:196)
      n1: 72704 0x4012BB8: _dl_open (dl-open.c:599)
       n1: 72704 0x4876254: dlopen_doit (dlopen.c:66)
        n1: 72704 0x49AEB2D: _dl_catch_exception (dl-error-skeleton.c:196)
         n1: 72704 0x49AEBBD: _dl_catch_error (dl-error-skeleton.c:215)
          n1: 72704 0x4876973: _dlerror_run (dlerror.c:163)
           n1: 72704 0x48762E4: dlopen@@GLIBC_2.2.5 (dlopen.c:87)
            n1: 72704 0x4860341: elektraModulesLoad (in /home/jenkins/workspace/build/linux/lib/libelektra-core.so.0.8.26)
             n1: 72704 0x4849B7D: elektraPluginOpen (in /home/jenkins/workspace/build/linux/lib/libelektra-kdb.so.0.8.26)
              n0: 72704 0x4012D3: main (in /home/jenkins/workspace/build/linux/bin/benchmark_plugingetset)
 n1: 60624 0x4E429AD: ???
  n1: 60624 0x4E425EA: ???
   n1: 60624 0x4E42371: ???
    n1: 60624 0x4E41B54: ???
     n1: 60624 0x4E47364: ???
      n1: 60624 0x4E4C528: ???
       n1: 60624 0x4E4D817: ???
        n0: 60624 0x4012EF: main (in /home/jenkins/workspace/build/linux/bin/benchmark_plugingetset)
 n1: 35652 0x4E5C798: ???
  n2: 35652 0x4E5CF3E: ???
   n2: 35652 0x4E50789: ???
    n1: 27068 0x4E543C5: ???
     n1: 27068 0x4E573A3: ???
      n1: 27068 0x4E4C5A6: ???
       n1: 27068 0x4E4D817: ???
        n0: 27068 0x4012EF: main (in /home/jenkins/workspace/build/linux/bin/benchmark_plugingetset)
    n0: 8584 in 1 place, below massif's threshold (1.00%)
   n0: 0 in 1 place, below massif's threshold (1.00%)
#-----------
snapshot=33
#-----------
time=7559189
mem_heap_B=1195222
mem_heap_extra_B=15282
mem_stacks_B=0
heap_tree=empty
#-----------
snapshot=34
#-----------
time=7620524
mem_heap_B=1200286
mem_heap_extra_B=16466
mem_stacks_B=0
heap_tree=empty
#-----------
snapshot=35
#-----------
time=7699845
mem_heap_B=1206614
mem_heap_extra_B=17898
mem_stacks_B=0
heap_tree=empty
#-----------
snapshot=36
#-----------
time=7778234
mem_heap_B=1212758
mem_heap_extra_B=19298
mem_stacks_B=0
heap_tree=peak
n6: 1212758 (heap allocation functions) malloc/new/new[], --alloc-fns, etc.
 n5: 943789 0x4E5C684: ???
  n7: 636680 0x4E5C8F2: ???
   n1: 240088 0x4E4FE1D: ???
    n1: 240088 0x4E5684B: ???
     n1: 240088 0x4E4C5A6: ???
      n1: 240088 0x4E4D817: ???
       n0: 240088 0x4012EF: main (in /home/jenkins/workspace/build/linux/bin/benchmark_plugingetset)
   n1: 160088 0x4E4FD99: ???
    n1: 160088 0x4E5684B: ???
     n1: 160088 0x4E4C5A6: ???
      n1: 160088 0x4E4D817: ???
       n0: 160088 0x4012EF: main (in /home/jenkins/workspace/build/linux/bin/benchmark_plugingetset)
   n1: 160088 0x4E4FDD4: ???
    n1: 160088 0x4E5684B: ???
     n1: 160088 0x4E4C5A6: ???
      n1: 160088 0x4E4D817: ???
       n0: 160088 0x4012EF: main (in /home/jenkins/workspace/build/linux/bin/benchmark_plugingetset)
   n1: 24088 0x4E50080: ???
    n1: 24088 0x4E5684B: ???
     n1: 24088 0x4E4C5A6: ???
      n1: 24088 0x4E4D817: ???
       n0: 24088 0x4012EF: main (in /home/jenkins/workspace/build/linux/bin/benchmark_plugingetset)
   n1: 24088 0x4E500BD: ???
    n1: 24088 0x4E5684B: ???
     n1: 24088 0x4E4C5A6: ???
      n1: 24088 0x4E4D817: ???
       n0: 24088 0x4012EF: main (in /home/jenkins/workspace/build/linux/bin/benchmark_plugingetset)
   n1: 16024 0x4E4FD4D: ???
    n1: 16024 0x4E5684B: ???
     n1: 16024 0x4E4C5A6: ???
      n1: 16024 0x4E4D817: ???
       n0: 16024 0x4012EF: main (in /home/jenkins/workspace/build/linux/bin/benchmark_plugingetset)
   n0: 12216 in 3 places, all below massif's threshold (1.00%)
  n1: 160000 0x4E56675: ???
   n1: 160000 0x4E4C5A6: ???
    n1: 160000 0x4E4D817: ???
     n0: 160000 0x4012EF: main (in /home/jenkins/workspace/build/linux/bin/benchmark_plugingetset)
  n3: 77021 0x4E5CDA2: ???
   n0: 34781 in 22 places, all below massif's threshold (1.00%)
   n2: 26928 0x4E51AEB: ???
    n1: 15312 0x4E5395C: ???
     n1: 15312 0x4E549CB: ???
      n1: 15312 0x4E573A3: ???
       n1: 15312 0x4E4C5A6: ???
        n1: 15312 0x4E4D817: ???
         n0: 15312 0x4012EF: main (in /home/jenkins/workspace/build/linux/bin/benchmark_plugingetset)
    n0: 11616 in 1 place, below massif's threshold (1.00%)
   n1: 15312 0x4E5285D: ???
    n1: 15312 0x4E549CB: ???
     n1: 15312 0x4E573A3: ???
      n1: 15312 0x4E4C5A6: ???
       n1: 15312 0x4E4D817: ???
        n0: 15312 0x4012EF: main (in /home/jenkins/workspace/build/linux/bin/benchmark_plugingetset)
  n0: 50936 in 23 places, all below massif's threshold (1.00%)
  n1: 19152 0x4E5CC4F: ???
   n0: 19152 in 17 places, all below massif's threshold (1.00%)
 n0: 73966 in 105 places, all below massif's threshold (1.00%)
 n1: 72704 0x4F06454: ??? (in /usr/lib/x86_64-linux-gnu/libstdc++.so.6.0.25)
  n1: 72704 0x400F378: call_init.part.0 (dl-init.c:72)
   n1: 72704 0x400F474: _dl_init (dl-init.c:118)
    n1: 72704 0x40132D1: dl_open_worker (dl-open.c:517)
     n1: 72704 0x49AEB2D: _dl_catch_exception (dl-error-skeleton.c:196)
      n1: 72704 0x4012BB8: _dl_open (dl-open.c:599)
       n1: 72704 0x4876254: dlopen_doit (dlopen.c:66)
        n1: 72704 0x49AEB2D: _dl_catch_exception (dl-error-skeleton.c:196)
         n1: 72704 0x49AEBBD: _dl_catch_error (dl-error-skeleton.c:215)
          n1: 72704 0x4876973: _dlerror_run (dlerror.c:163)
           n1: 72704 0x48762E4: dlopen@@GLIBC_2.2.5 (dlopen.c:87)
            n1: 72704 0x4860341: elektraModulesLoad (in /home/jenkins/workspace/build/linux/lib/libelektra-core.so.0.8.26)
             n1: 72704 0x4849B7D: elektraPluginOpen (in /home/jenkins/workspace/build/linux/lib/libelektra-kdb.so.0.8.26)
              n0: 72704 0x4012D3: main (in /home/jenkins/workspace/build/linux/bin/benchmark_plugingetset)
 n1: 60624 0x4E429AD: ???
  n1: 60624 0x4E425EA: ???
   n1: 60624 0x4E42371: ???
    n1: 60624 0x4E41B54: ???
     n1: 60624 0x4E47364: ???
      n1: 60624 0x4E4C528: ???
       n1: 60624 0x4E4D817: ???
        n0: 60624 0x4012EF: main (in /home/jenkins/workspace/build/linux/bin/benchmark_plugingetset)
 n1: 35652 0x4E5C798: ???
  n2: 35652 0x4E5CF3E: ???
   n2: 35652 0x4E50789: ???
    n1: 27068 0x4E543C5: ???
     n1: 27068 0x4E573A3: ???
      n1: 27068 0x4E4C5A6: ???
       n1: 27068 0x4E4D817: ???
        n0: 27068 0x4012EF: main (in /home/jenkins/workspace/build/linux/bin/benchmark_plugingetset)
    n0: 8584 in 1 place, below massif's threshold (1.00%)
   n0: 0 in 1 place, below massif's threshold (1.00%)
 n2: 26023 0x4E5037A: ???
  n1: 20472 0x4E584AA: ???
   n1: 20472 0x4E4C5A6: ???
    n1: 20472 0x4E4D817: ???
     n0: 20472 0x4012EF: main (in /home/jenkins/workspace/build/linux/bin/benchmark_plugingetset)
  n0: 5551 in 4 places, all below massif's threshold (1.00%)
#-----------
snapshot=37
#-----------
time=7872815
mem_heap_B=265268
mem_heap_extra_B=16412
mem_stacks_B=0
heap_tree=empty
#-----------
snapshot=38
#-----------
time=7991388
mem_heap_B=266867
mem_heap_extra_B=16877
mem_stacks_B=0
heap_tree=empty
#-----------
snapshot=39
#-----------
time=8095977
mem_heap_B=269118
mem_heap_extra_B=17754
mem_stacks_B=0
heap_tree=empty
#-----------
snapshot=40
#-----------
time=8207464
mem_heap_B=271201
mem_heap_extra_B=18255
mem_stacks_B=0
heap_tree=empty
#-----------
snapshot=41
#-----------
time=8288814
mem_heap_B=272374
mem_heap_extra_B=18570
mem_stacks_B=0
heap_tree=empty
#-----------
snapshot=42
#-----------
time=8373063
mem_heap_B=274434
mem_heap_extra_B=19062
mem_stacks_B=0
heap_tree=empty
#-----------
snapshot=43
#-----------
time=8437295
mem_heap_B=275546
mem_heap_extra_B=19342
mem_stacks_B=0
heap_tree=empty
#-----------
snapshot=44
#-----------
time=8547441
mem_heap_B=278019
mem_heap_extra_B=19957
mem_stacks_B=0
heap_tree=empty
#-----------
snapshot=45
#-----------
time=8647062
mem_heap_B=279686
mem_heap_extra_B=20410
mem_stacks_B=0
heap_tree=empty
#-----------
snapshot=46
#-----------
time=8754389
mem_heap_B=281230
mem_heap_extra_B=20778
mem_stacks_B=0
heap_tree=empty
#-----------
snapshot=47
#-----------
time=8880335
mem_heap_B=283594
mem_heap_extra_B=21390
mem_stacks_B=0
heap_tree=empty
#-----------
snapshot=48
#-----------
time=8986095
mem_heap_B=284582
mem_heap_extra_B=21410
mem_stacks_B=0
heap_tree=empty
#-----------
snapshot=49
#-----------
time=9062148
mem_heap_B=237938
mem_heap_extra_B=11526
mem_stacks_B=0
heap_tree=empty
#-----------
snapshot=50
#-----------
time=9063803
mem_heap_B=234962
mem_heap_extra_B=10766
mem_stacks_B=0
heap_tree=empty
#-----------
snapshot=51
#-----------
time=9065471
mem_heap_B=231849
mem_heap_extra_B=9991
mem_stacks_B=0
heap_tree=empty
#-----------
snapshot=52
#-----------
time=9067125
mem_heap_B=228737
mem_heap_extra_B=9271
mem_stacks_B=0
heap_tree=empty
#-----------
snapshot=53
#-----------
time=9068787
mem_heap_B=225702
mem_heap_extra_B=8538
mem_stacks_B=0
heap_tree=empty
#-----------
snapshot=54
#-----------
time=9070426
mem_heap_B=222741
mem_heap_extra_B=7755
mem_stacks_B=0
heap_tree=empty
#-----------
snapshot=55
#-----------
time=9072064
mem_heap_B=219717
mem_heap_extra_B=7067
mem_stacks_B=0
heap_tree=empty
#-----------
snapshot=56
#-----------
time=9073782
mem_heap_B=144021
mem_heap_extra_B=6611
mem_stacks_B=0
heap_tree=empty
#-----------
snapshot=57
#-----------
time=9075453
mem_heap_B=108775
mem_heap_extra_B=6241
mem_stacks_B=0
heap_tree=detailed
n9: 108775 (heap allocation functions) malloc/new/new[], --alloc-fns, etc.
 n1: 72704 0x4F06454: ??? (in /usr/lib/x86_64-linux-gnu/libstdc++.so.6.0.25)
  n1: 72704 0x400F378: call_init.part.0 (dl-init.c:72)
   n1: 72704 0x400F474: _dl_init (dl-init.c:118)
    n1: 72704 0x40132D1: dl_open_worker (dl-open.c:517)
     n1: 72704 0x49AEB2D: _dl_catch_exception (dl-error-skeleton.c:196)
      n1: 72704 0x4012BB8: _dl_open (dl-open.c:599)
       n1: 72704 0x4876254: dlopen_doit (dlopen.c:66)
        n1: 72704 0x49AEB2D: _dl_catch_exception (dl-error-skeleton.c:196)
         n1: 72704 0x49AEBBD: _dl_catch_error (dl-error-skeleton.c:215)
          n1: 72704 0x4876973: _dlerror_run (dlerror.c:163)
           n1: 72704 0x48762E4: dlopen@@GLIBC_2.2.5 (dlopen.c:87)
            n1: 72704 0x4860341: elektraModulesLoad (in /home/jenkins/workspace/build/linux/lib/libelektra-core.so.0.8.26)
             n1: 72704 0x4849B7D: elektraPluginOpen (in /home/jenkins/workspace/build/linux/lib/libelektra-kdb.so.0.8.26)
              n0: 72704 0x4012D3: main (in /home/jenkins/workspace/build/linux/bin/benchmark_plugingetset)
 n2: 8562 0x48589D0: elektraRealloc (in /home/jenkins/workspace/build/linux/lib/libelektra-core.so.0.8.26)
  n3: 7492 0x485B06A: keyAddBaseName (in /home/jenkins/workspace/build/linux/lib/libelektra-core.so.0.8.26)
   n1: 4922 0x4E49D76: ???
    n1: 4922 0x4E49676: ???
     n1: 4922 0x4E49496: ???
      n2: 4922 0x4E49496: ???
       n2: 4922 0x4E49496: ???
        n2: 4846 0x4E49496: ???
         n2: 4846 0x4E49496: ???
          n2: 4770 0x4E49496: ???
           n2: 4750 0x4E49496: ???
            n2: 4668 0x4E49496: ???
             n2: 4668 0x4E49496: ???
              n2: 4576 0x4E49496: ???
               n2: 4402 0x4E49496: ???
                n2: 4162 0x4E49496: ???
                 n2: 4110 0x4E49496: ???
                  n2: 3872 0x4E49496: ???
                   n2: 3436 0x4E49496: ???
                    n2: 3290 0x4E49496: ???
                     n2: 2896 0x4E49496: ???
                      n2: 2496 0x4E49496: ???
                       n2: 2004 0x4E49496: ???
                        n2: 1734 0x4E49496: ???
                         n2: 1474 0x4E49496: ???
                          n1: 1238 0x4E49496: ???
                           n0: 1238 in 2 places, all below massif's threshold (1.00%)
                          n0: 236 in 1 place, below massif's threshold (1.00%)
                         n0: 260 in 1 place, below massif's threshold (1.00%)
                        n0: 270 in 1 place, below massif's threshold (1.00%)
                       n0: 492 in 1 place, below massif's threshold (1.00%)
                      n0: 400 in 1 place, below massif's threshold (1.00%)
                     n0: 394 in 1 place, below massif's threshold (1.00%)
                    n0: 146 in 1 place, below massif's threshold (1.00%)
                   n0: 436 in 1 place, below massif's threshold (1.00%)
                  n0: 238 in 1 place, below massif's threshold (1.00%)
                 n0: 52 in 1 place, below massif's threshold (1.00%)
                n0: 240 in 1 place, below massif's threshold (1.00%)
               n0: 174 in 1 place, below massif's threshold (1.00%)
              n0: 92 in 1 place, below massif's threshold (1.00%)
             n0: 0 in 1 place, below massif's threshold (1.00%)
            n0: 82 in 1 place, below massif's threshold (1.00%)
           n0: 20 in 1 place, below massif's threshold (1.00%)
          n0: 76 in 1 place, below massif's threshold (1.00%)
         n0: 0 in 1 place, below massif's threshold (1.00%)
        n0: 76 in 1 place, below massif's threshold (1.00%)
       n0: 0 in 1 place, below massif's threshold (1.00%)
   n1: 2514 0x4E4A5D5: ???
    n1: 2514 0x4E49417: ???
     n1: 2514 0x4E49496: ???
      n1: 2514 0x4E49496: ???
       n1: 2514 0x4E49496: ???
        n2: 2514 0x4E49496: ???
         n2: 2514 0x4E49496: ???
          n2: 2472 0x4E49496: ???
           n2: 2430 0x4E49496: ???
            n2: 2336 0x4E49496: ???
             n2: 2242 0x4E49496: ???
              n2: 2036 0x4E49496: ???
               n2: 1934 0x4E49496: ???
                n2: 1832 0x4E49496: ???
                 n1: 1446 0x4E49496: ???
                  n1: 1446 0x4E49496: ???
                   n2: 1446 0x4E49496: ???
                    n1: 1348 0x4E49496: ???
                     n0: 1348 in 2 places, all below massif's threshold (1.00%)
                    n0: 98 in 1 place, below massif's threshold (1.00%)
                 n0: 386 in 1 place, below massif's threshold (1.00%)
                n0: 102 in 1 place, below massif's threshold (1.00%)
               n0: 102 in 1 place, below massif's threshold (1.00%)
              n0: 206 in 1 place, below massif's threshold (1.00%)
             n0: 94 in 1 place, below massif's threshold (1.00%)
            n0: 94 in 1 place, below massif's threshold (1.00%)
           n0: 42 in 1 place, below massif's threshold (1.00%)
          n0: 42 in 1 place, below massif's threshold (1.00%)
         n0: 0 in 1 place, below massif's threshold (1.00%)
   n0: 56 in 1 place, below massif's threshold (1.00%)
  n0: 1070 in 2 places, all below massif's threshold (1.00%)
 n1: 6784 0x4859433: keyVNew (in /home/jenkins/workspace/build/linux/lib/libelektra-core.so.0.8.26)
  n2: 6784 0x4E4AFE8: ???
   n1: 4096 0x4E49D47: ???
    n1: 4096 0x4E49676: ???
     n1: 4096 0x4E49496: ???
      n2: 4096 0x4E49496: ???
       n2: 4096 0x4E49496: ???
        n2: 3968 0x4E49496: ???
         n2: 3968 0x4E49496: ???
          n2: 3840 0x4E49496: ???
           n2: 3776 0x4E49496: ???
            n2: 3648 0x4E49496: ???
             n2: 3648 0x4E49496: ???
              n2: 3520 0x4E49496: ???
               n2: 3328 0x4E49496: ???
                n2: 3136 0x4E49496: ???
                 n2: 3072 0x4E49496: ???
                  n2: 2880 0x4E49496: ???
                   n2: 2560 0x4E49496: ???
                    n2: 2432 0x4E49496: ???
                     n2: 2176 0x4E49496: ???
                      n2: 1920 0x4E49496: ???
                       n2: 1600 0x4E49496: ???
                        n2: 1408 0x4E49496: ???
                         n1: 1216 0x4E49496: ???
                          n0: 1216 in 2 places, all below massif's threshold (1.00%)
                         n0: 192 in 1 place, below massif's threshold (1.00%)
                        n0: 192 in 1 place, below massif's threshold (1.00%)
                       n0: 320 in 1 place, below massif's threshold (1.00%)
                      n0: 256 in 1 place, below massif's threshold (1.00%)
                     n0: 256 in 1 place, below massif's threshold (1.00%)
                    n0: 128 in 1 place, below massif's threshold (1.00%)
                   n0: 320 in 1 place, below massif's threshold (1.00%)
                  n0: 192 in 1 place, below massif's threshold (1.00%)
                 n0: 64 in 1 place, below massif's threshold (1.00%)
                n0: 192 in 1 place, below massif's threshold (1.00%)
               n0: 192 in 1 place, below massif's threshold (1.00%)
              n0: 128 in 1 place, below massif's threshold (1.00%)
             n0: 0 in 1 place, below massif's threshold (1.00%)
            n0: 128 in 1 place, below massif's threshold (1.00%)
           n0: 64 in 1 place, below massif's threshold (1.00%)
          n0: 128 in 1 place, below massif's threshold (1.00%)
         n0: 0 in 1 place, below massif's threshold (1.00%)
        n0: 128 in 1 place, below massif's threshold (1.00%)
       n0: 0 in 1 place, below massif's threshold (1.00%)
   n1: 2688 0x4E4A3AD: ???
    n1: 2688 0x4E49417: ???
     n1: 2688 0x4E49496: ???
      n1: 2688 0x4E49496: ???
       n1: 2688 0x4E49496: ???
        n2: 2688 0x4E49496: ???
         n2: 2688 0x4E49496: ???
          n2: 2624 0x4E49496: ???
           n2: 2560 0x4E49496: ???
            n2: 2432 0x4E49496: ???
             n2: 2304 0x4E49496: ???
              n2: 2048 0x4E49496: ???
               n2: 1920 0x4E49496: ???
                n2: 1792 0x4E49496: ???
                 n1: 1408 0x4E49496: ???
                  n1: 1408 0x4E49496: ???
                   n2: 1408 0x4E49496: ???
                    n1: 1344 0x4E49496: ???
                     n0: 1344 in 2 places, all below massif's threshold (1.00%)
                    n0: 64 in 1 place, below massif's threshold (1.00%)
                 n0: 384 in 1 place, below massif's threshold (1.00%)
                n0: 128 in 1 place, below massif's threshold (1.00%)
               n0: 128 in 1 place, below massif's threshold (1.00%)
              n0: 256 in 1 place, below massif's threshold (1.00%)
             n0: 128 in 1 place, below massif's threshold (1.00%)
            n0: 128 in 1 place, below massif's threshold (1.00%)
           n0: 64 in 1 place, below massif's threshold (1.00%)
          n0: 64 in 1 place, below massif's threshold (1.00%)
         n0: 0 in 1 place, below massif's threshold (1.00%)
 n1: 5961 0x400B2AC: _dl_new_object (dl-object.c:73)
  n1: 5961 0x4005E46: _dl_map_object_from_fd (dl-load.c:1001)
   n2: 5961 0x4008A8B: _dl_map_object (dl-load.c:2466)
    n1: 4766 0x400D290: openaux (dl-deps.c:64)
     n1: 4766 0x49AEB2D: _dl_catch_exception (dl-error-skeleton.c:196)
      n1: 4766 0x400D604: _dl_map_object_deps (dl-deps.c:248)
       n1: 4766 0x401304E: dl_open_worker (dl-open.c:271)
        n1: 4766 0x49AEB2D: _dl_catch_exception (dl-error-skeleton.c:196)
         n1: 4766 0x4012BB8: _dl_open (dl-open.c:599)
          n1: 4766 0x4876254: dlopen_doit (dlopen.c:66)
           n1: 4766 0x49AEB2D: _dl_catch_exception (dl-error-skeleton.c:196)
            n1: 4766 0x49AEBBD: _dl_catch_error (dl-error-skeleton.c:215)
             n1: 4766 0x4876973: _dlerror_run (dlerror.c:163)
              n1: 4766 0x48762E4: dlopen@@GLIBC_2.2.5 (dlopen.c:87)
               n1: 4766 0x4860341: elektraModulesLoad (in /home/jenkins/workspace/build/linux/lib/libelektra-core.so.0.8.26)
                n1: 4766 0x4849B7D: elektraPluginOpen (in /home/jenkins/workspace/build/linux/lib/libelektra-kdb.so.0.8.26)
                 n0: 4766 0x4012D3: main (in /home/jenkins/workspace/build/linux/bin/benchmark_plugingetset)
    n1: 1195 0x4012FE9: dl_open_worker (dl-open.c:228)
     n1: 1195 0x49AEB2D: _dl_catch_exception (dl-error-skeleton.c:196)
      n1: 1195 0x4012BB8: _dl_open (dl-open.c:599)
       n1: 1195 0x4876254: dlopen_doit (dlopen.c:66)
        n1: 1195 0x49AEB2D: _dl_catch_exception (dl-error-skeleton.c:196)
         n1: 1195 0x49AEBBD: _dl_catch_error (dl-error-skeleton.c:215)
          n1: 1195 0x4876973: _dlerror_run (dlerror.c:163)
           n1: 1195 0x48762E4: dlopen@@GLIBC_2.2.5 (dlopen.c:87)
            n1: 1195 0x4860341: elektraModulesLoad (in /home/jenkins/workspace/build/linux/lib/libelektra-core.so.0.8.26)
             n1: 1195 0x4849B7D: elektraPluginOpen (in /home/jenkins/workspace/build/linux/lib/libelektra-kdb.so.0.8.26)
              n0: 1195 0x4012D3: main (in /home/jenkins/workspace/build/linux/bin/benchmark_plugingetset)
 n0: 4612 in 113 places, all below massif's threshold (1.00%)
 n1: 4064 0x400A095: do_lookup_x (dl-lookup.c:253)
  n1: 4064 0x400A38D: _dl_lookup_symbol_x (dl-lookup.c:814)
   n1: 4064 0x400BD5C: _dl_relocate_object (dl-machine.h:308)
    n1: 4064 0x401319C: dl_open_worker (dl-open.c:377)
     n1: 4064 0x49AEB2D: _dl_catch_exception (dl-error-skeleton.c:196)
      n1: 4064 0x4012BB8: _dl_open (dl-open.c:599)
       n1: 4064 0x4876254: dlopen_doit (dlopen.c:66)
        n1: 4064 0x49AEB2D: _dl_catch_exception (dl-error-skeleton.c:196)
         n1: 4064 0x49AEBBD: _dl_catch_error (dl-error-skeleton.c:215)
          n1: 4064 0x4876973: _dlerror_run (dlerror.c:163)
           n1: 4064 0x48762E4: dlopen@@GLIBC_2.2.5 (dlopen.c:87)
            n1: 4064 0x4860341: elektraModulesLoad (in /home/jenkins/workspace/build/linux/lib/libelektra-core.so.0.8.26)
             n1: 4064 0x4849B7D: elektraPluginOpen (in /home/jenkins/workspace/build/linux/lib/libelektra-kdb.so.0.8.26)
              n0: 4064 0x4012D3: main (in /home/jenkins/workspace/build/linux/bin/benchmark_plugingetset)
 n2: 2432 0x485B4E7: ksNew (in /home/jenkins/workspace/build/linux/lib/libelektra-core.so.0.8.26)
  n2: 2048 0x485A4B6: keySetMeta (in /home/jenkins/workspace/build/linux/lib/libelektra-core.so.0.8.26)
   n1: 1664 0x4E4B098: ???
    n1: 1664 0x4E4A15F: ???
     n1: 1664 0x4E4935F: ???
      n1: 1664 0x4E49496: ???
       n1: 1664 0x4E49496: ???
        n2: 1664 0x4E49496: ???
         n1: 1408 0x4E49496: ???
          n2: 1408 0x4E49496: ???
           n1: 1280 0x4E49496: ???
            n2: 1280 0x4E49496: ???
             n1: 1152 0x4E49496: ???
              n1: 1152 0x4E49496: ???
               n1: 1152 0x4E49496: ???
                n1: 1152 0x4E49496: ???
                 n0: 1152 in 2 places, all below massif's threshold (1.00%)
             n0: 128 in 1 place, below massif's threshold (1.00%)
           n0: 128 in 1 place, below massif's threshold (1.00%)
         n0: 256 in 1 place, below massif's threshold (1.00%)
   n0: 384 in 1 place, below massif's threshold (1.00%)
  n0: 384 in 6 places, all below massif's threshold (1.00%)
 n1: 2376 0x4010A1E: _dl_check_map_versions (dl-version.c:274)
  n1: 2376 0x4013094: dl_open_worker (dl-open.c:277)
   n1: 2376 0x49AEB2D: _dl_catch_exception (dl-error-skeleton.c:196)
    n1: 2376 0x4012BB8: _dl_open (dl-open.c:599)
     n1: 2376 0x4876254: dlopen_doit (dlopen.c:66)
      n1: 2376 0x49AEB2D: _dl_catch_exception (dl-error-skeleton.c:196)
       n1: 2376 0x49AEBBD: _dl_catch_error (dl-error-skeleton.c:215)
        n1: 2376 0x4876973: _dlerror_run (dlerror.c:163)
         n1: 2376 0x48762E4: dlopen@@GLIBC_2.2.5 (dlopen.c:87)
          n1: 2376 0x4860341: elektraModulesLoad (in /home/jenkins/workspace/build/linux/lib/libelektra-core.so.0.8.26)
           n1: 2376 0x4849B7D: elektraPluginOpen (in /home/jenkins/workspace/build/linux/lib/libelektra-kdb.so.0.8.26)
            n0: 2376 0x4012D3: main (in /home/jenkins/workspace/build/linux/bin/benchmark_plugingetset)
 n1: 1280 0x485B4A0: ksNew (in /home/jenkins/workspace/build/linux/lib/libelektra-core.so.0.8.26)
  n0: 1280 in 7 places, all below massif's threshold (1.00%)
#-----------
snapshot=58
#-----------
time=9077308
mem_heap_B=108343
mem_heap_extra_B=6177
mem_stacks_B=0
heap_tree=empty
#-----------
snapshot=59
#-----------
time=9080331
mem_heap_B=108213
mem_heap_extra_B=6171
mem_stacks_B=0
heap_tree=empty
#-----------
snapshot=60
#-----------
time=9086628
mem_heap_B=108231
mem_heap_extra_B=6169
mem_stacks_B=0
heap_tree=empty
#-----------
snapshot=61
#-----------
time=9089459
mem_heap_B=104636
mem_heap_extra_B=5972
mem_stacks_B=0
heap_tree=empty
#-----------
snapshot=62
#-----------
time=9091857
mem_heap_B=103868
mem_heap_extra_B=5940
mem_stacks_B=0
heap_tree=empty
#-----------
snapshot=63
#-----------
time=9093532
mem_heap_B=101923
mem_heap_extra_B=5501
mem_stacks_B=0
heap_tree=empty
#-----------
snapshot=64
#-----------
time=9095182
mem_heap_B=100212
mem_heap_extra_B=5052
mem_stacks_B=0
heap_tree=empty
#-----------
snapshot=65
#-----------
time=9096828
mem_heap_B=98363
mem_heap_extra_B=4541
mem_stacks_B=0
heap_tree=empty
#-----------
snapshot=66
#-----------
time=9098478
mem_heap_B=96552
mem_heap_extra_B=4080
mem_stacks_B=0
heap_tree=empty
#-----------
snapshot=67
#-----------
time=9100124
mem_heap_B=94562
mem_heap_extra_B=3598
mem_stacks_B=0
heap_tree=detailed
n8: 94562 (heap allocation functions) malloc/new/new[], --alloc-fns, etc.
 n1: 72704 0x4F06454: ??? (in /usr/lib/x86_64-linux-gnu/libstdc++.so.6.0.25)
  n1: 72704 0x400F378: call_init.part.0 (dl-init.c:72)
   n1: 72704 0x400F474: _dl_init (dl-init.c:118)
    n1: 72704 0x40132D1: dl_open_worker (dl-open.c:517)
     n1: 72704 0x49AEB2D: _dl_catch_exception (dl-error-skeleton.c:196)
      n1: 72704 0x4012BB8: _dl_open (dl-open.c:599)
       n1: 72704 0x4876254: dlopen_doit (dlopen.c:66)
        n1: 72704 0x49AEB2D: _dl_catch_exception (dl-error-skeleton.c:196)
         n1: 72704 0x49AEBBD: _dl_catch_error (dl-error-skeleton.c:215)
          n1: 72704 0x4876973: _dlerror_run (dlerror.c:163)
           n1: 72704 0x48762E4: dlopen@@GLIBC_2.2.5 (dlopen.c:87)
            n1: 72704 0x4860341: elektraModulesLoad (in /home/jenkins/workspace/build/linux/lib/libelektra-core.so.0.8.26)
             n1: 72704 0x4849B7D: elektraPluginOpen (in /home/jenkins/workspace/build/linux/lib/libelektra-kdb.so.0.8.26)
              n0: 72704 0x4012D3: main (in /home/jenkins/workspace/build/linux/bin/benchmark_plugingetset)
 n1: 4064 0x400A095: do_lookup_x (dl-lookup.c:253)
  n1: 4064 0x400A38D: _dl_lookup_symbol_x (dl-lookup.c:814)
   n1: 4064 0x400BD5C: _dl_relocate_object (dl-machine.h:308)
    n1: 4064 0x401319C: dl_open_worker (dl-open.c:377)
     n1: 4064 0x49AEB2D: _dl_catch_exception (dl-error-skeleton.c:196)
      n1: 4064 0x4012BB8: _dl_open (dl-open.c:599)
       n1: 4064 0x4876254: dlopen_doit (dlopen.c:66)
        n1: 4064 0x49AEB2D: _dl_catch_exception (dl-error-skeleton.c:196)
         n1: 4064 0x49AEBBD: _dl_catch_error (dl-error-skeleton.c:215)
          n1: 4064 0x4876973: _dlerror_run (dlerror.c:163)
           n1: 4064 0x48762E4: dlopen@@GLIBC_2.2.5 (dlopen.c:87)
            n1: 4064 0x4860341: elektraModulesLoad (in /home/jenkins/workspace/build/linux/lib/libelektra-core.so.0.8.26)
             n1: 4064 0x4849B7D: elektraPluginOpen (in /home/jenkins/workspace/build/linux/lib/libelektra-kdb.so.0.8.26)
              n0: 4064 0x4012D3: main (in /home/jenkins/workspace/build/linux/bin/benchmark_plugingetset)
 n1: 3904 0x4859433: keyVNew (in /home/jenkins/workspace/build/linux/lib/libelektra-core.so.0.8.26)
  n2: 3904 0x4E4AFE8: ???
   n1: 2048 0x4E49D47: ???
    n1: 2048 0x4E49676: ???
     n1: 2048 0x4E49496: ???
      n2: 2048 0x4E49496: ???
       n2: 2048 0x4E49496: ???
        n2: 1920 0x4E49496: ???
         n2: 1920 0x4E49496: ???
          n2: 1792 0x4E49496: ???
           n2: 1728 0x4E49496: ???
            n2: 1600 0x4E49496: ???
             n2: 1600 0x4E49496: ???
              n2: 1472 0x4E49496: ???
               n2: 1280 0x4E49496: ???
                n2: 1088 0x4E49496: ???
                 n1: 1024 0x4E49496: ???
                  n0: 1024 in 2 places, all below massif's threshold (1.00%)
                 n0: 64 in 1 place, below massif's threshold (1.00%)
                n0: 192 in 1 place, below massif's threshold (1.00%)
               n0: 192 in 1 place, below massif's threshold (1.00%)
              n0: 128 in 1 place, below massif's threshold (1.00%)
             n0: 0 in 1 place, below massif's threshold (1.00%)
            n0: 128 in 1 place, below massif's threshold (1.00%)
           n0: 64 in 1 place, below massif's threshold (1.00%)
          n0: 128 in 1 place, below massif's threshold (1.00%)
         n0: 0 in 1 place, below massif's threshold (1.00%)
        n0: 128 in 1 place, below massif's threshold (1.00%)
       n0: 0 in 1 place, below massif's threshold (1.00%)
   n1: 1856 0x4E4A3AD: ???
    n1: 1856 0x4E49417: ???
     n1: 1856 0x4E49496: ???
      n1: 1856 0x4E49496: ???
       n1: 1856 0x4E49496: ???
        n2: 1856 0x4E49496: ???
         n2: 1856 0x4E49496: ???
          n2: 1792 0x4E49496: ???
           n2: 1728 0x4E49496: ???
            n2: 1600 0x4E49496: ???
             n2: 1472 0x4E49496: ???
              n2: 1216 0x4E49496: ???
               n1: 1088 0x4E49496: ???
                n0: 1088 in 2 places, all below massif's threshold (1.00%)
               n0: 128 in 1 place, below massif's threshold (1.00%)
              n0: 256 in 1 place, below massif's threshold (1.00%)
             n0: 128 in 1 place, below massif's threshold (1.00%)
            n0: 128 in 1 place, below massif's threshold (1.00%)
           n0: 64 in 1 place, below massif's threshold (1.00%)
          n0: 64 in 1 place, below massif's threshold (1.00%)
         n0: 0 in 1 place, below massif's threshold (1.00%)
 n3: 3848 0x48589D0: elektraRealloc (in /home/jenkins/workspace/build/linux/lib/libelektra-core.so.0.8.26)
  n3: 2824 0x485B06A: keyAddBaseName (in /home/jenkins/workspace/build/linux/lib/libelektra-core.so.0.8.26)
   n1: 1496 0x4E49D76: ???
    n1: 1496 0x4E49676: ???
     n1: 1496 0x4E49496: ???
      n2: 1496 0x4E49496: ???
       n2: 1496 0x4E49496: ???
        n2: 1420 0x4E49496: ???
         n2: 1420 0x4E49496: ???
          n2: 1344 0x4E49496: ???
           n2: 1324 0x4E49496: ???
            n2: 1242 0x4E49496: ???
             n2: 1242 0x4E49496: ???
              n1: 1150 0x4E49496: ???
               n0: 1150 in 2 places, all below massif's threshold (1.00%)
              n0: 92 in 1 place, below massif's threshold (1.00%)
             n0: 0 in 1 place, below massif's threshold (1.00%)
            n0: 82 in 1 place, below massif's threshold (1.00%)
           n0: 20 in 1 place, below massif's threshold (1.00%)
          n0: 76 in 1 place, below massif's threshold (1.00%)
         n0: 0 in 1 place, below massif's threshold (1.00%)
        n0: 76 in 1 place, below massif's threshold (1.00%)
       n0: 0 in 1 place, below massif's threshold (1.00%)
   n1: 1328 0x4E4A5D5: ???
    n1: 1328 0x4E49417: ???
     n1: 1328 0x4E49496: ???
      n1: 1328 0x4E49496: ???
       n1: 1328 0x4E49496: ???
        n2: 1328 0x4E49496: ???
         n2: 1328 0x4E49496: ???
          n2: 1286 0x4E49496: ???
           n2: 1244 0x4E49496: ???
            n2: 1150 0x4E49496: ???
             n1: 1056 0x4E49496: ???
              n0: 1056 in 2 places, all below massif's threshold (1.00%)
             n0: 94 in 1 place, below massif's threshold (1.00%)
            n0: 94 in 1 place, below massif's threshold (1.00%)
           n0: 42 in 1 place, below massif's threshold (1.00%)
          n0: 42 in 1 place, below massif's threshold (1.00%)
         n0: 0 in 1 place, below massif's threshold (1.00%)
   n0: 0 in 1 place, below massif's threshold (1.00%)
  n2: 1024 0x485C254: ksResize (in /home/jenkins/workspace/build/linux/lib/libelektra-core.so.0.8.26)
   n1: 1024 0x485BA76: ksAppend (in /home/jenkins/workspace/build/linux/lib/libelektra-core.so.0.8.26)
    n1: 1024 0x4E4C8BF: ???
     n1: 1024 0x4E4D817: ???
      n0: 1024 0x4012EF: main (in /home/jenkins/workspace/build/linux/bin/benchmark_plugingetset)
   n0: 0 in 1 place, below massif's threshold (1.00%)
  n0: 0 in 1 place, below massif's threshold (1.00%)
 n1: 3567 0x400B2AC: _dl_new_object (dl-object.c:73)
  n1: 3567 0x4005E46: _dl_map_object_from_fd (dl-load.c:1001)
   n2: 3567 0x4008A8B: _dl_map_object (dl-load.c:2466)
    n1: 3567 0x400D290: openaux (dl-deps.c:64)
     n1: 3567 0x49AEB2D: _dl_catch_exception (dl-error-skeleton.c:196)
      n1: 3567 0x400D604: _dl_map_object_deps (dl-deps.c:248)
       n1: 3567 0x401304E: dl_open_worker (dl-open.c:271)
        n1: 3567 0x49AEB2D: _dl_catch_exception (dl-error-skeleton.c:196)
         n1: 3567 0x4012BB8: _dl_open (dl-open.c:599)
          n1: 3567 0x4876254: dlopen_doit (dlopen.c:66)
           n1: 3567 0x49AEB2D: _dl_catch_exception (dl-error-skeleton.c:196)
            n1: 3567 0x49AEBBD: _dl_catch_error (dl-error-skeleton.c:215)
             n1: 3567 0x4876973: _dlerror_run (dlerror.c:163)
              n1: 3567 0x48762E4: dlopen@@GLIBC_2.2.5 (dlopen.c:87)
               n1: 3567 0x4860341: elektraModulesLoad (in /home/jenkins/workspace/build/linux/lib/libelektra-core.so.0.8.26)
                n1: 3567 0x4849B7D: elektraPluginOpen (in /home/jenkins/workspace/build/linux/lib/libelektra-kdb.so.0.8.26)
                 n0: 3567 0x4012D3: main (in /home/jenkins/workspace/build/linux/bin/benchmark_plugingetset)
    n0: 0 in 1 place, below massif's threshold (1.00%)
 n0: 3003 in 115 places, all below massif's threshold (1.00%)
 n1: 2064 0x4010A1E: _dl_check_map_versions (dl-version.c:274)
  n1: 2064 0x4013094: dl_open_worker (dl-open.c:277)
   n1: 2064 0x49AEB2D: _dl_catch_exception (dl-error-skeleton.c:196)
    n1: 2064 0x4012BB8: _dl_open (dl-open.c:599)
     n1: 2064 0x4876254: dlopen_doit (dlopen.c:66)
      n1: 2064 0x49AEB2D: _dl_catch_exception (dl-error-skeleton.c:196)
       n1: 2064 0x49AEBBD: _dl_catch_error (dl-error-skeleton.c:215)
        n1: 2064 0x4876973: _dlerror_run (dlerror.c:163)
         n1: 2064 0x48762E4: dlopen@@GLIBC_2.2.5 (dlopen.c:87)
          n1: 2064 0x4860341: elektraModulesLoad (in /home/jenkins/workspace/build/linux/lib/libelektra-core.so.0.8.26)
           n1: 2064 0x4849B7D: elektraPluginOpen (in /home/jenkins/workspace/build/linux/lib/libelektra-kdb.so.0.8.26)
            n0: 2064 0x4012D3: main (in /home/jenkins/workspace/build/linux/bin/benchmark_plugingetset)
 n2: 1408 0x485B4E7: ksNew (in /home/jenkins/workspace/build/linux/lib/libelektra-core.so.0.8.26)
  n2: 1408 0x485A4B6: keySetMeta (in /home/jenkins/workspace/build/linux/lib/libelektra-core.so.0.8.26)
   n1: 1280 0x4E4B098: ???
    n1: 1280 0x4E4A15F: ???
     n1: 1280 0x4E4935F: ???
      n1: 1280 0x4E49496: ???
       n1: 1280 0x4E49496: ???
        n2: 1280 0x4E49496: ???
         n1: 1024 0x4E49496: ???
          n1: 1024 0x4E49496: ???
           n0: 1024 in 2 places, all below massif's threshold (1.00%)
         n0: 256 in 1 place, below massif's threshold (1.00%)
   n0: 128 in 1 place, below massif's threshold (1.00%)
  n0: 0 in 6 places, all below massif's threshold (1.00%)
#-----------
snapshot=68
#-----------
time=9101774
mem_heap_B=92938
mem_heap_extra_B=3158
mem_stacks_B=0
heap_tree=empty
#-----------
snapshot=69
#-----------
time=9103436
mem_heap_B=91496
mem_heap_extra_B=2744
mem_stacks_B=0
heap_tree=empty
#-----------
snapshot=70
#-----------
time=9105132
mem_heap_B=90330
mem_heap_extra_B=2238
mem_stacks_B=0
heap_tree=empty
#-----------
snapshot=71
#-----------
time=9106795
mem_heap_B=89109
mem_heap_extra_B=1779
mem_stacks_B=0
heap_tree=empty
#-----------
snapshot=72
#-----------
time=9108468
mem_heap_B=87472
mem_heap_extra_B=1392
mem_stacks_B=0
heap_tree=empty
#-----------
snapshot=73
#-----------
time=9110110
mem_heap_B=86174
mem_heap_extra_B=962
mem_stacks_B=0
heap_tree=empty
#-----------
snapshot=74
#-----------
time=9111820
mem_heap_B=84754
mem_heap_extra_B=574
mem_stacks_B=0
heap_tree=empty
#-----------
snapshot=75
#-----------
time=9119473
mem_heap_B=82897
mem_heap_extra_B=271
mem_stacks_B=0
heap_tree=empty
