desc: --massif-out-file=results/generated_100_yambi_linux_gcc8.3.0.out
cmd: build/linux/bin/benchmark_plugingetset benchmarks/data/generated_100 user yambi get
time_unit: i
#-----------
snapshot=0
#-----------
time=0
mem_heap_B=0
mem_heap_extra_B=0
mem_stacks_B=0
heap_tree=empty
#-----------
snapshot=1
#-----------
time=209265
mem_heap_B=64
mem_heap_extra_B=8
mem_stacks_B=0
heap_tree=empty
#-----------
snapshot=2
#-----------
time=269759
mem_heap_B=2098
mem_heap_extra_B=198
mem_stacks_B=0
heap_tree=empty
#-----------
snapshot=3
#-----------
time=341479
mem_heap_B=11413
mem_heap_extra_B=547
mem_stacks_B=0
heap_tree=detailed
n12: 11413 (heap allocation functions) malloc/new/new[], --alloc-fns, etc.
 n1: 5962 0x400B2AC: _dl_new_object (dl-object.c:73)
  n1: 5962 0x4005E46: _dl_map_object_from_fd (dl-load.c:1001)
   n2: 5962 0x4008A8B: _dl_map_object (dl-load.c:2466)
    n1: 4766 0x400D290: openaux (dl-deps.c:64)
     n1: 4766 0x49B5B2D: _dl_catch_exception (dl-error-skeleton.c:196)
      n1: 4766 0x400D604: _dl_map_object_deps (dl-deps.c:248)
       n1: 4766 0x401304E: dl_open_worker (dl-open.c:271)
        n1: 4766 0x49B5B2D: _dl_catch_exception (dl-error-skeleton.c:196)
         n1: 4766 0x4012BB8: _dl_open (dl-open.c:599)
          n1: 4766 0x487D254: dlopen_doit (dlopen.c:66)
           n1: 4766 0x49B5B2D: _dl_catch_exception (dl-error-skeleton.c:196)
            n1: 4766 0x49B5BBD: _dl_catch_error (dl-error-skeleton.c:215)
             n1: 4766 0x487D973: _dlerror_run (dlerror.c:163)
              n1: 4766 0x487D2E4: dlopen@@GLIBC_2.2.5 (dlopen.c:87)
               n1: 4766 0x48666EB: elektraModulesLoad (in /home/jenkins/workspace/build/linux/lib/libelektra-core.so.0.8.26)
                n1: 4766 0x484FD71: elektraPluginOpen (in /home/jenkins/workspace/build/linux/lib/libelektra-kdb.so.0.8.26)
                 n0: 4766 0x1091E1: main (in /home/jenkins/workspace/build/linux/bin/benchmark_plugingetset)
    n1: 1196 0x4012FE9: dl_open_worker (dl-open.c:228)
     n1: 1196 0x49B5B2D: _dl_catch_exception (dl-error-skeleton.c:196)
      n1: 1196 0x4012BB8: _dl_open (dl-open.c:599)
       n1: 1196 0x487D254: dlopen_doit (dlopen.c:66)
        n1: 1196 0x49B5B2D: _dl_catch_exception (dl-error-skeleton.c:196)
         n1: 1196 0x49B5BBD: _dl_catch_error (dl-error-skeleton.c:215)
          n1: 1196 0x487D973: _dlerror_run (dlerror.c:163)
           n1: 1196 0x487D2E4: dlopen@@GLIBC_2.2.5 (dlopen.c:87)
            n1: 1196 0x48666EB: elektraModulesLoad (in /home/jenkins/workspace/build/linux/lib/libelektra-core.so.0.8.26)
             n1: 1196 0x484FD71: elektraPluginOpen (in /home/jenkins/workspace/build/linux/lib/libelektra-kdb.so.0.8.26)
              n0: 1196 0x1091E1: main (in /home/jenkins/workspace/build/linux/bin/benchmark_plugingetset)
 n1: 2376 0x4010A1E: _dl_check_map_versions (dl-version.c:274)
  n1: 2376 0x4013094: dl_open_worker (dl-open.c:277)
   n1: 2376 0x49B5B2D: _dl_catch_exception (dl-error-skeleton.c:196)
    n1: 2376 0x4012BB8: _dl_open (dl-open.c:599)
     n1: 2376 0x487D254: dlopen_doit (dlopen.c:66)
      n1: 2376 0x49B5B2D: _dl_catch_exception (dl-error-skeleton.c:196)
       n1: 2376 0x49B5BBD: _dl_catch_error (dl-error-skeleton.c:215)
        n1: 2376 0x487D973: _dlerror_run (dlerror.c:163)
         n1: 2376 0x487D2E4: dlopen@@GLIBC_2.2.5 (dlopen.c:87)
          n1: 2376 0x48666EB: elektraModulesLoad (in /home/jenkins/workspace/build/linux/lib/libelektra-core.so.0.8.26)
           n1: 2376 0x484FD71: elektraPluginOpen (in /home/jenkins/workspace/build/linux/lib/libelektra-kdb.so.0.8.26)
            n0: 2376 0x1091E1: main (in /home/jenkins/workspace/build/linux/bin/benchmark_plugingetset)
 n1: 1024 0x485EBF6: elektraVFormat (in /home/jenkins/workspace/build/linux/lib/libelektra-core.so.0.8.26)
  n2: 1024 0x485ED2A: elektraFormat (in /home/jenkins/workspace/build/linux/lib/libelektra-core.so.0.8.26)
   n0: 512 0x109162: main (in /home/jenkins/workspace/build/linux/bin/benchmark_plugingetset)
   n0: 512 0x109179: main (in /home/jenkins/workspace/build/linux/bin/benchmark_plugingetset)
 n1: 384 0x4863428: ksVNew (in /home/jenkins/workspace/build/linux/lib/libelektra-core.so.0.8.26)
  n3: 384 0x486356A: ksNew (in /home/jenkins/workspace/build/linux/lib/libelektra-core.so.0.8.26)
   n0: 128 0x10914B: main (in /home/jenkins/workspace/build/linux/bin/benchmark_plugingetset)
   n0: 128 0x1091A0: main (in /home/jenkins/workspace/build/linux/bin/benchmark_plugingetset)
   n0: 128 0x1091AF: main (in /home/jenkins/workspace/build/linux/bin/benchmark_plugingetset)
 n0: 323 in 8 places, all below massif's threshold (1.00%)
 n1: 256 0x400D46A: _dl_map_object_deps (dl-deps.c:438)
  n1: 256 0x401304E: dl_open_worker (dl-open.c:271)
   n1: 256 0x49B5B2D: _dl_catch_exception (dl-error-skeleton.c:196)
    n1: 256 0x4012BB8: _dl_open (dl-open.c:599)
     n1: 256 0x487D254: dlopen_doit (dlopen.c:66)
      n1: 256 0x49B5B2D: _dl_catch_exception (dl-error-skeleton.c:196)
       n1: 256 0x49B5BBD: _dl_catch_error (dl-error-skeleton.c:215)
        n1: 256 0x487D973: _dlerror_run (dlerror.c:163)
         n1: 256 0x487D2E4: dlopen@@GLIBC_2.2.5 (dlopen.c:87)
          n1: 256 0x48666EB: elektraModulesLoad (in /home/jenkins/workspace/build/linux/lib/libelektra-core.so.0.8.26)
           n1: 256 0x484FD71: elektraPluginOpen (in /home/jenkins/workspace/build/linux/lib/libelektra-kdb.so.0.8.26)
            n0: 256 0x1091E1: main (in /home/jenkins/workspace/build/linux/bin/benchmark_plugingetset)
 n1: 256 0x485F3A2: keyVNew (in /home/jenkins/workspace/build/linux/lib/libelektra-core.so.0.8.26)
  n1: 256 0x485F460: keyNew (in /home/jenkins/workspace/build/linux/lib/libelektra-core.so.0.8.26)
   n0: 256 in 4 places, all below massif's threshold (1.00%)
 n1: 232 0x400B58E: _dl_new_object (dl-object.c:163)
  n1: 232 0x4005E46: _dl_map_object_from_fd (dl-load.c:1001)
   n2: 232 0x4008A8B: _dl_map_object (dl-load.c:2466)
    n1: 172 0x400D290: openaux (dl-deps.c:64)
     n1: 172 0x49B5B2D: _dl_catch_exception (dl-error-skeleton.c:196)
      n1: 172 0x400D604: _dl_map_object_deps (dl-deps.c:248)
       n1: 172 0x401304E: dl_open_worker (dl-open.c:271)
        n1: 172 0x49B5B2D: _dl_catch_exception (dl-error-skeleton.c:196)
         n1: 172 0x4012BB8: _dl_open (dl-open.c:599)
          n1: 172 0x487D254: dlopen_doit (dlopen.c:66)
           n1: 172 0x49B5B2D: _dl_catch_exception (dl-error-skeleton.c:196)
            n1: 172 0x49B5BBD: _dl_catch_error (dl-error-skeleton.c:215)
             n1: 172 0x487D973: _dlerror_run (dlerror.c:163)
              n1: 172 0x487D2E4: dlopen@@GLIBC_2.2.5 (dlopen.c:87)
               n1: 172 0x48666EB: elektraModulesLoad (in /home/jenkins/workspace/build/linux/lib/libelektra-core.so.0.8.26)
                n1: 172 0x484FD71: elektraPluginOpen (in /home/jenkins/workspace/build/linux/lib/libelektra-kdb.so.0.8.26)
                 n0: 172 0x1091E1: main (in /home/jenkins/workspace/build/linux/bin/benchmark_plugingetset)
    n0: 60 in 1 place, below massif's threshold (1.00%)
 n1: 192 0x48633F2: ksVNew (in /home/jenkins/workspace/build/linux/lib/libelektra-core.so.0.8.26)
  n1: 192 0x486356A: ksNew (in /home/jenkins/workspace/build/linux/lib/libelektra-core.so.0.8.26)
   n0: 192 in 3 places, all below massif's threshold (1.00%)
 n1: 152 0x400D904: _dl_map_object_deps (dl-deps.c:479)
  n1: 152 0x401304E: dl_open_worker (dl-open.c:271)
   n1: 152 0x49B5B2D: _dl_catch_exception (dl-error-skeleton.c:196)
    n1: 152 0x4012BB8: _dl_open (dl-open.c:599)
     n1: 152 0x487D254: dlopen_doit (dlopen.c:66)
      n1: 152 0x49B5B2D: _dl_catch_exception (dl-error-skeleton.c:196)
       n1: 152 0x49B5BBD: _dl_catch_error (dl-error-skeleton.c:215)
        n1: 152 0x487D973: _dlerror_run (dlerror.c:163)
         n1: 152 0x487D2E4: dlopen@@GLIBC_2.2.5 (dlopen.c:87)
          n1: 152 0x48666EB: elektraModulesLoad (in /home/jenkins/workspace/build/linux/lib/libelektra-core.so.0.8.26)
           n1: 152 0x484FD71: elektraPluginOpen (in /home/jenkins/workspace/build/linux/lib/libelektra-kdb.so.0.8.26)
            n0: 152 0x1091E1: main (in /home/jenkins/workspace/build/linux/bin/benchmark_plugingetset)
 n1: 133 0x40081A8: fillin_rpath (dl-load.c:509)
  n1: 133 0x40083BA: decompose_rpath.isra.10 (dl-load.c:631)
   n1: 133 0x4009105: _dl_map_object (dl-load.c:2297)
    n1: 133 0x400D290: openaux (dl-deps.c:64)
     n1: 133 0x49B5B2D: _dl_catch_exception (dl-error-skeleton.c:196)
      n1: 133 0x400D604: _dl_map_object_deps (dl-deps.c:248)
       n1: 133 0x401304E: dl_open_worker (dl-open.c:271)
        n1: 133 0x49B5B2D: _dl_catch_exception (dl-error-skeleton.c:196)
         n1: 133 0x4012BB8: _dl_open (dl-open.c:599)
          n1: 133 0x487D254: dlopen_doit (dlopen.c:66)
           n1: 133 0x49B5B2D: _dl_catch_exception (dl-error-skeleton.c:196)
            n1: 133 0x49B5BBD: _dl_catch_error (dl-error-skeleton.c:215)
             n1: 133 0x487D973: _dlerror_run (dlerror.c:163)
              n1: 133 0x487D2E4: dlopen@@GLIBC_2.2.5 (dlopen.c:87)
               n1: 133 0x48666EB: elektraModulesLoad (in /home/jenkins/workspace/build/linux/lib/libelektra-core.so.0.8.26)
                n1: 133 0x484FD71: elektraPluginOpen (in /home/jenkins/workspace/build/linux/lib/libelektra-kdb.so.0.8.26)
                 n0: 133 0x1091E1: main (in /home/jenkins/workspace/build/linux/bin/benchmark_plugingetset)
 n1: 123 0x4007798: open_path (dl-load.c:2112)
  n1: 123 0x4008C16: _dl_map_object (dl-load.c:2297)
   n0: 123 in 2 places, all below massif's threshold (1.00%)
#-----------
snapshot=4
#-----------
time=861953
mem_heap_B=12405
mem_heap_extra_B=555
mem_stacks_B=0
heap_tree=empty
#-----------
snapshot=5
#-----------
time=942501
mem_heap_B=14357
mem_heap_extra_B=563
mem_stacks_B=0
heap_tree=empty
#-----------
snapshot=6
#-----------
time=943384
mem_heap_B=13365
mem_heap_extra_B=555
mem_stacks_B=0
heap_tree=empty
#-----------
snapshot=7
#-----------
time=3222035
mem_heap_B=17429
mem_heap_extra_B=563
mem_stacks_B=0
heap_tree=empty
#-----------
snapshot=8
#-----------
time=3223666
mem_heap_B=15477
mem_heap_extra_B=555
mem_stacks_B=0
heap_tree=empty
#-----------
snapshot=9
#-----------
time=5028909
mem_heap_B=88181
mem_heap_extra_B=563
mem_stacks_B=0
heap_tree=empty
#-----------
snapshot=10
#-----------
time=5103933
mem_heap_B=202156
mem_heap_extra_B=820
mem_stacks_B=0
heap_tree=empty
#-----------
snapshot=11
#-----------
time=5326217
mem_heap_B=202156
mem_heap_extra_B=820
mem_stacks_B=0
heap_tree=detailed
n9: 202156 (heap allocation functions) malloc/new/new[], --alloc-fns, etc.
 n1: 90644 0x4E583B0: ???
  n1: 90644 0x4E57988: ???
   n1: 90644 0x4E51FF0: ???
    n1: 90644 0x4E4E6DA: ???
     n1: 90644 0x4E4A750: ???
      n1: 90644 0x4E560E2: ???
       n0: 90644 0x1091F8: main (in /home/jenkins/workspace/build/linux/bin/benchmark_plugingetset)
 n1: 72704 0x4F03454: ??? (in /usr/lib/x86_64-linux-gnu/libstdc++.so.6.0.25)
  n1: 72704 0x400F378: call_init.part.0 (dl-init.c:72)
   n1: 72704 0x400F474: _dl_init (dl-init.c:118)
    n1: 72704 0x40132D1: dl_open_worker (dl-open.c:517)
     n1: 72704 0x49B5B2D: _dl_catch_exception (dl-error-skeleton.c:196)
      n1: 72704 0x4012BB8: _dl_open (dl-open.c:599)
       n1: 72704 0x487D254: dlopen_doit (dlopen.c:66)
        n1: 72704 0x49B5B2D: _dl_catch_exception (dl-error-skeleton.c:196)
         n1: 72704 0x49B5BBD: _dl_catch_error (dl-error-skeleton.c:215)
          n1: 72704 0x487D973: _dlerror_run (dlerror.c:163)
           n1: 72704 0x487D2E4: dlopen@@GLIBC_2.2.5 (dlopen.c:87)
            n1: 72704 0x48666EB: elektraModulesLoad (in /home/jenkins/workspace/build/linux/lib/libelektra-core.so.0.8.26)
             n1: 72704 0x484FD71: elektraPluginOpen (in /home/jenkins/workspace/build/linux/lib/libelektra-kdb.so.0.8.26)
              n0: 72704 0x1091E1: main (in /home/jenkins/workspace/build/linux/bin/benchmark_plugingetset)
 n1: 8193 0x4F922AB: std::__cxx11::basic_string<char, std::char_traits<char>, std::allocator<char> >::reserve(unsigned long) (in /usr/lib/x86_64-linux-gnu/libstdc++.so.6.0.25)
  n1: 8193 0x4F86723: std::__cxx11::basic_stringbuf<char, std::char_traits<char>, std::allocator<char> >::overflow(int) (in /usr/lib/x86_64-linux-gnu/libstdc++.so.6.0.25)
   n1: 8193 0x4F908A9: std::basic_streambuf<char, std::char_traits<char> >::xsputn(char const*, long) (in /usr/lib/x86_64-linux-gnu/libstdc++.so.6.0.25)
    n1: 8193 0x4F1F8B3: long std::__copy_streambufs_eof<char, std::char_traits<char> >(std::basic_streambuf<char, std::char_traits<char> >*, std::basic_streambuf<char, std::char_traits<char> >*, bool&) (in /usr/lib/x86_64-linux-gnu/libstdc++.so.6.0.25)
     n1: 8193 0x4F81416: std::ostream::operator<<(std::basic_streambuf<char, std::char_traits<char> >*) (in /usr/lib/x86_64-linux-gnu/libstdc++.so.6.0.25)
      n1: 8193 0x4E575FD: ???
       n1: 8193 0x4E51FF0: ???
        n1: 8193 0x4E4E6DA: ???
         n1: 8193 0x4E4A750: ???
          n1: 8193 0x4E560E2: ???
           n0: 8193 0x1091F8: main (in /home/jenkins/workspace/build/linux/bin/benchmark_plugingetset)
 n1: 8192 0x4F5F8F6: std::basic_filebuf<char, std::char_traits<char> >::_M_allocate_internal_buffer() (in /usr/lib/x86_64-linux-gnu/libstdc++.so.6.0.25)
  n1: 8192 0x4F63790: std::basic_filebuf<char, std::char_traits<char> >::open(char const*, std::_Ios_Openmode) (in /usr/lib/x86_64-linux-gnu/libstdc++.so.6.0.25)
   n1: 8192 0x4E4E699: ???
    n1: 8192 0x4E4A750: ???
     n1: 8192 0x4E560E2: ???
      n0: 8192 0x1091F8: main (in /home/jenkins/workspace/build/linux/bin/benchmark_plugingetset)
 n1: 5962 0x400B2AC: _dl_new_object (dl-object.c:73)
  n1: 5962 0x4005E46: _dl_map_object_from_fd (dl-load.c:1001)
   n2: 5962 0x4008A8B: _dl_map_object (dl-load.c:2466)
    n1: 4766 0x400D290: openaux (dl-deps.c:64)
     n1: 4766 0x49B5B2D: _dl_catch_exception (dl-error-skeleton.c:196)
      n1: 4766 0x400D604: _dl_map_object_deps (dl-deps.c:248)
       n1: 4766 0x401304E: dl_open_worker (dl-open.c:271)
        n1: 4766 0x49B5B2D: _dl_catch_exception (dl-error-skeleton.c:196)
         n1: 4766 0x4012BB8: _dl_open (dl-open.c:599)
          n1: 4766 0x487D254: dlopen_doit (dlopen.c:66)
           n1: 4766 0x49B5B2D: _dl_catch_exception (dl-error-skeleton.c:196)
            n1: 4766 0x49B5BBD: _dl_catch_error (dl-error-skeleton.c:215)
             n1: 4766 0x487D973: _dlerror_run (dlerror.c:163)
              n1: 4766 0x487D2E4: dlopen@@GLIBC_2.2.5 (dlopen.c:87)
               n1: 4766 0x48666EB: elektraModulesLoad (in /home/jenkins/workspace/build/linux/lib/libelektra-core.so.0.8.26)
                n1: 4766 0x484FD71: elektraPluginOpen (in /home/jenkins/workspace/build/linux/lib/libelektra-kdb.so.0.8.26)
                 n0: 4766 0x1091E1: main (in /home/jenkins/workspace/build/linux/bin/benchmark_plugingetset)
    n0: 1196 in 1 place, below massif's threshold (1.00%)
 n0: 5488 in 30 places, all below massif's threshold (1.00%)
 n1: 4533 0x4F91DC9: std::__cxx11::basic_string<char, std::char_traits<char>, std::allocator<char> >::_M_mutate(unsigned long, unsigned long, char const*, unsigned long) (in /usr/lib/x86_64-linux-gnu/libstdc++.so.6.0.25)
  n1: 4533 0x4F92B79: std::__cxx11::basic_string<char, std::char_traits<char>, std::allocator<char> >::_M_replace(unsigned long, unsigned long, char const*, unsigned long) (in /usr/lib/x86_64-linux-gnu/libstdc++.so.6.0.25)
   n1: 4533 0x4E578DD: ???
    n1: 4533 0x4E51FF0: ???
     n1: 4533 0x4E4E6DA: ???
      n1: 4533 0x4E4A750: ???
       n1: 4533 0x4E560E2: ???
        n0: 4533 0x1091F8: main (in /home/jenkins/workspace/build/linux/bin/benchmark_plugingetset)
 n1: 4064 0x400A095: do_lookup_x (dl-lookup.c:253)
  n1: 4064 0x400A38D: _dl_lookup_symbol_x (dl-lookup.c:814)
   n1: 4064 0x400BD5C: _dl_relocate_object (dl-machine.h:308)
    n1: 4064 0x401319C: dl_open_worker (dl-open.c:377)
     n1: 4064 0x49B5B2D: _dl_catch_exception (dl-error-skeleton.c:196)
      n1: 4064 0x4012BB8: _dl_open (dl-open.c:599)
       n1: 4064 0x487D254: dlopen_doit (dlopen.c:66)
        n1: 4064 0x49B5B2D: _dl_catch_exception (dl-error-skeleton.c:196)
         n1: 4064 0x49B5BBD: _dl_catch_error (dl-error-skeleton.c:215)
          n1: 4064 0x487D973: _dlerror_run (dlerror.c:163)
           n1: 4064 0x487D2E4: dlopen@@GLIBC_2.2.5 (dlopen.c:87)
            n1: 4064 0x48666EB: elektraModulesLoad (in /home/jenkins/workspace/build/linux/lib/libelektra-core.so.0.8.26)
             n1: 4064 0x484FD71: elektraPluginOpen (in /home/jenkins/workspace/build/linux/lib/libelektra-kdb.so.0.8.26)
              n0: 4064 0x1091E1: main (in /home/jenkins/workspace/build/linux/bin/benchmark_plugingetset)
 n1: 2376 0x4010A1E: _dl_check_map_versions (dl-version.c:274)
  n1: 2376 0x4013094: dl_open_worker (dl-open.c:277)
   n1: 2376 0x49B5B2D: _dl_catch_exception (dl-error-skeleton.c:196)
    n1: 2376 0x4012BB8: _dl_open (dl-open.c:599)
     n1: 2376 0x487D254: dlopen_doit (dlopen.c:66)
      n1: 2376 0x49B5B2D: _dl_catch_exception (dl-error-skeleton.c:196)
       n1: 2376 0x49B5BBD: _dl_catch_error (dl-error-skeleton.c:215)
        n1: 2376 0x487D973: _dlerror_run (dlerror.c:163)
         n1: 2376 0x487D2E4: dlopen@@GLIBC_2.2.5 (dlopen.c:87)
          n1: 2376 0x48666EB: elektraModulesLoad (in /home/jenkins/workspace/build/linux/lib/libelektra-core.so.0.8.26)
           n1: 2376 0x484FD71: elektraPluginOpen (in /home/jenkins/workspace/build/linux/lib/libelektra-kdb.so.0.8.26)
            n0: 2376 0x1091E1: main (in /home/jenkins/workspace/build/linux/bin/benchmark_plugingetset)
#-----------
snapshot=12
#-----------
time=5382189
mem_heap_B=210281
mem_heap_extra_B=919
mem_stacks_B=0
heap_tree=empty
#-----------
snapshot=13
#-----------
time=5458105
mem_heap_B=211456
mem_heap_extra_B=1032
mem_stacks_B=0
heap_tree=empty
#-----------
snapshot=14
#-----------
time=5499389
mem_heap_B=212152
mem_heap_extra_B=1096
mem_stacks_B=0
heap_tree=detailed
n8: 212152 (heap allocation functions) malloc/new/new[], --alloc-fns, etc.
 n1: 90644 0x4E583B0: ???
  n1: 90644 0x4E57988: ???
   n1: 90644 0x4E51FF0: ???
    n1: 90644 0x4E4E6DA: ???
     n1: 90644 0x4E4A750: ???
      n1: 90644 0x4E560E2: ???
       n0: 90644 0x1091F8: main (in /home/jenkins/workspace/build/linux/bin/benchmark_plugingetset)
 n1: 72704 0x4F03454: ??? (in /usr/lib/x86_64-linux-gnu/libstdc++.so.6.0.25)
  n1: 72704 0x400F378: call_init.part.0 (dl-init.c:72)
   n1: 72704 0x400F474: _dl_init (dl-init.c:118)
    n1: 72704 0x40132D1: dl_open_worker (dl-open.c:517)
     n1: 72704 0x49B5B2D: _dl_catch_exception (dl-error-skeleton.c:196)
      n1: 72704 0x4012BB8: _dl_open (dl-open.c:599)
       n1: 72704 0x487D254: dlopen_doit (dlopen.c:66)
        n1: 72704 0x49B5B2D: _dl_catch_exception (dl-error-skeleton.c:196)
         n1: 72704 0x49B5BBD: _dl_catch_error (dl-error-skeleton.c:215)
          n1: 72704 0x487D973: _dlerror_run (dlerror.c:163)
           n1: 72704 0x487D2E4: dlopen@@GLIBC_2.2.5 (dlopen.c:87)
            n1: 72704 0x48666EB: elektraModulesLoad (in /home/jenkins/workspace/build/linux/lib/libelektra-core.so.0.8.26)
             n1: 72704 0x484FD71: elektraPluginOpen (in /home/jenkins/workspace/build/linux/lib/libelektra-kdb.so.0.8.26)
              n0: 72704 0x1091E1: main (in /home/jenkins/workspace/build/linux/bin/benchmark_plugingetset)
 n1: 19200 0x4E595F6: ???
  n1: 19200 0x4E4E6ED: ???
   n1: 19200 0x4E4A750: ???
    n1: 19200 0x4E560E2: ???
     n0: 19200 0x1091F8: main (in /home/jenkins/workspace/build/linux/bin/benchmark_plugingetset)
 n0: 9010 in 51 places, all below massif's threshold (1.00%)
 n1: 8192 0x4F5F8F6: std::basic_filebuf<char, std::char_traits<char> >::_M_allocate_internal_buffer() (in /usr/lib/x86_64-linux-gnu/libstdc++.so.6.0.25)
  n1: 8192 0x4F63790: std::basic_filebuf<char, std::char_traits<char> >::open(char const*, std::_Ios_Openmode) (in /usr/lib/x86_64-linux-gnu/libstdc++.so.6.0.25)
   n1: 8192 0x4E4E699: ???
    n1: 8192 0x4E4A750: ???
     n1: 8192 0x4E560E2: ???
      n0: 8192 0x1091F8: main (in /home/jenkins/workspace/build/linux/bin/benchmark_plugingetset)
 n1: 5962 0x400B2AC: _dl_new_object (dl-object.c:73)
  n1: 5962 0x4005E46: _dl_map_object_from_fd (dl-load.c:1001)
   n2: 5962 0x4008A8B: _dl_map_object (dl-load.c:2466)
    n1: 4766 0x400D290: openaux (dl-deps.c:64)
     n1: 4766 0x49B5B2D: _dl_catch_exception (dl-error-skeleton.c:196)
      n1: 4766 0x400D604: _dl_map_object_deps (dl-deps.c:248)
       n1: 4766 0x401304E: dl_open_worker (dl-open.c:271)
        n1: 4766 0x49B5B2D: _dl_catch_exception (dl-error-skeleton.c:196)
         n1: 4766 0x4012BB8: _dl_open (dl-open.c:599)
          n1: 4766 0x487D254: dlopen_doit (dlopen.c:66)
           n1: 4766 0x49B5B2D: _dl_catch_exception (dl-error-skeleton.c:196)
            n1: 4766 0x49B5BBD: _dl_catch_error (dl-error-skeleton.c:215)
             n1: 4766 0x487D973: _dlerror_run (dlerror.c:163)
              n1: 4766 0x487D2E4: dlopen@@GLIBC_2.2.5 (dlopen.c:87)
               n1: 4766 0x48666EB: elektraModulesLoad (in /home/jenkins/workspace/build/linux/lib/libelektra-core.so.0.8.26)
                n1: 4766 0x484FD71: elektraPluginOpen (in /home/jenkins/workspace/build/linux/lib/libelektra-kdb.so.0.8.26)
                 n0: 4766 0x1091E1: main (in /home/jenkins/workspace/build/linux/bin/benchmark_plugingetset)
    n0: 1196 in 1 place, below massif's threshold (1.00%)
 n1: 4064 0x400A095: do_lookup_x (dl-lookup.c:253)
  n1: 4064 0x400A38D: _dl_lookup_symbol_x (dl-lookup.c:814)
   n1: 4064 0x400BD5C: _dl_relocate_object (dl-machine.h:308)
    n1: 4064 0x401319C: dl_open_worker (dl-open.c:377)
     n1: 4064 0x49B5B2D: _dl_catch_exception (dl-error-skeleton.c:196)
      n1: 4064 0x4012BB8: _dl_open (dl-open.c:599)
       n1: 4064 0x487D254: dlopen_doit (dlopen.c:66)
        n1: 4064 0x49B5B2D: _dl_catch_exception (dl-error-skeleton.c:196)
         n1: 4064 0x49B5BBD: _dl_catch_error (dl-error-skeleton.c:215)
          n1: 4064 0x487D973: _dlerror_run (dlerror.c:163)
           n1: 4064 0x487D2E4: dlopen@@GLIBC_2.2.5 (dlopen.c:87)
            n1: 4064 0x48666EB: elektraModulesLoad (in /home/jenkins/workspace/build/linux/lib/libelektra-core.so.0.8.26)
             n1: 4064 0x484FD71: elektraPluginOpen (in /home/jenkins/workspace/build/linux/lib/libelektra-kdb.so.0.8.26)
              n0: 4064 0x1091E1: main (in /home/jenkins/workspace/build/linux/bin/benchmark_plugingetset)
 n1: 2376 0x4010A1E: _dl_check_map_versions (dl-version.c:274)
  n1: 2376 0x4013094: dl_open_worker (dl-open.c:277)
   n1: 2376 0x49B5B2D: _dl_catch_exception (dl-error-skeleton.c:196)
    n1: 2376 0x4012BB8: _dl_open (dl-open.c:599)
     n1: 2376 0x487D254: dlopen_doit (dlopen.c:66)
      n1: 2376 0x49B5B2D: _dl_catch_exception (dl-error-skeleton.c:196)
       n1: 2376 0x49B5BBD: _dl_catch_error (dl-error-skeleton.c:215)
        n1: 2376 0x487D973: _dlerror_run (dlerror.c:163)
         n1: 2376 0x487D2E4: dlopen@@GLIBC_2.2.5 (dlopen.c:87)
          n1: 2376 0x48666EB: elektraModulesLoad (in /home/jenkins/workspace/build/linux/lib/libelektra-core.so.0.8.26)
           n1: 2376 0x484FD71: elektraPluginOpen (in /home/jenkins/workspace/build/linux/lib/libelektra-kdb.so.0.8.26)
            n0: 2376 0x1091E1: main (in /home/jenkins/workspace/build/linux/bin/benchmark_plugingetset)
#-----------
snapshot=15
#-----------
time=5559732
mem_heap_B=213829
mem_heap_extra_B=1227
mem_stacks_B=0
heap_tree=detailed
n9: 213829 (heap allocation functions) malloc/new/new[], --alloc-fns, etc.
 n1: 90644 0x4E583B0: ???
  n1: 90644 0x4E57988: ???
   n1: 90644 0x4E51FF0: ???
    n1: 90644 0x4E4E6DA: ???
     n1: 90644 0x4E4A750: ???
      n1: 90644 0x4E560E2: ???
       n0: 90644 0x1091F8: main (in /home/jenkins/workspace/build/linux/bin/benchmark_plugingetset)
 n1: 72704 0x4F03454: ??? (in /usr/lib/x86_64-linux-gnu/libstdc++.so.6.0.25)
  n1: 72704 0x400F378: call_init.part.0 (dl-init.c:72)
   n1: 72704 0x400F474: _dl_init (dl-init.c:118)
    n1: 72704 0x40132D1: dl_open_worker (dl-open.c:517)
     n1: 72704 0x49B5B2D: _dl_catch_exception (dl-error-skeleton.c:196)
      n1: 72704 0x4012BB8: _dl_open (dl-open.c:599)
       n1: 72704 0x487D254: dlopen_doit (dlopen.c:66)
        n1: 72704 0x49B5B2D: _dl_catch_exception (dl-error-skeleton.c:196)
         n1: 72704 0x49B5BBD: _dl_catch_error (dl-error-skeleton.c:215)
          n1: 72704 0x487D973: _dlerror_run (dlerror.c:163)
           n1: 72704 0x487D2E4: dlopen@@GLIBC_2.2.5 (dlopen.c:87)
            n1: 72704 0x48666EB: elektraModulesLoad (in /home/jenkins/workspace/build/linux/lib/libelektra-core.so.0.8.26)
             n1: 72704 0x484FD71: elektraPluginOpen (in /home/jenkins/workspace/build/linux/lib/libelektra-kdb.so.0.8.26)
              n0: 72704 0x1091E1: main (in /home/jenkins/workspace/build/linux/bin/benchmark_plugingetset)
 n1: 19200 0x4E595F6: ???
  n1: 19200 0x4E4E6ED: ???
   n1: 19200 0x4E4A750: ???
    n1: 19200 0x4E560E2: ???
     n0: 19200 0x1091F8: main (in /home/jenkins/workspace/build/linux/bin/benchmark_plugingetset)
 n0: 8389 in 50 places, all below massif's threshold (1.00%)
 n1: 8192 0x4F5F8F6: std::basic_filebuf<char, std::char_traits<char> >::_M_allocate_internal_buffer() (in /usr/lib/x86_64-linux-gnu/libstdc++.so.6.0.25)
  n1: 8192 0x4F63790: std::basic_filebuf<char, std::char_traits<char> >::open(char const*, std::_Ios_Openmode) (in /usr/lib/x86_64-linux-gnu/libstdc++.so.6.0.25)
   n1: 8192 0x4E4E699: ???
    n1: 8192 0x4E4A750: ???
     n1: 8192 0x4E560E2: ???
      n0: 8192 0x1091F8: main (in /home/jenkins/workspace/build/linux/bin/benchmark_plugingetset)
 n1: 5962 0x400B2AC: _dl_new_object (dl-object.c:73)
  n1: 5962 0x4005E46: _dl_map_object_from_fd (dl-load.c:1001)
   n2: 5962 0x4008A8B: _dl_map_object (dl-load.c:2466)
    n1: 4766 0x400D290: openaux (dl-deps.c:64)
     n1: 4766 0x49B5B2D: _dl_catch_exception (dl-error-skeleton.c:196)
      n1: 4766 0x400D604: _dl_map_object_deps (dl-deps.c:248)
       n1: 4766 0x401304E: dl_open_worker (dl-open.c:271)
        n1: 4766 0x49B5B2D: _dl_catch_exception (dl-error-skeleton.c:196)
         n1: 4766 0x4012BB8: _dl_open (dl-open.c:599)
          n1: 4766 0x487D254: dlopen_doit (dlopen.c:66)
           n1: 4766 0x49B5B2D: _dl_catch_exception (dl-error-skeleton.c:196)
            n1: 4766 0x49B5BBD: _dl_catch_error (dl-error-skeleton.c:215)
             n1: 4766 0x487D973: _dlerror_run (dlerror.c:163)
              n1: 4766 0x487D2E4: dlopen@@GLIBC_2.2.5 (dlopen.c:87)
               n1: 4766 0x48666EB: elektraModulesLoad (in /home/jenkins/workspace/build/linux/lib/libelektra-core.so.0.8.26)
                n1: 4766 0x484FD71: elektraPluginOpen (in /home/jenkins/workspace/build/linux/lib/libelektra-kdb.so.0.8.26)
                 n0: 4766 0x1091E1: main (in /home/jenkins/workspace/build/linux/bin/benchmark_plugingetset)
    n0: 1196 in 1 place, below massif's threshold (1.00%)
 n1: 4064 0x400A095: do_lookup_x (dl-lookup.c:253)
  n1: 4064 0x400A38D: _dl_lookup_symbol_x (dl-lookup.c:814)
   n1: 4064 0x400BD5C: _dl_relocate_object (dl-machine.h:308)
    n1: 4064 0x401319C: dl_open_worker (dl-open.c:377)
     n1: 4064 0x49B5B2D: _dl_catch_exception (dl-error-skeleton.c:196)
      n1: 4064 0x4012BB8: _dl_open (dl-open.c:599)
       n1: 4064 0x487D254: dlopen_doit (dlopen.c:66)
        n1: 4064 0x49B5B2D: _dl_catch_exception (dl-error-skeleton.c:196)
         n1: 4064 0x49B5BBD: _dl_catch_error (dl-error-skeleton.c:215)
          n1: 4064 0x487D973: _dlerror_run (dlerror.c:163)
           n1: 4064 0x487D2E4: dlopen@@GLIBC_2.2.5 (dlopen.c:87)
            n1: 4064 0x48666EB: elektraModulesLoad (in /home/jenkins/workspace/build/linux/lib/libelektra-core.so.0.8.26)
             n1: 4064 0x484FD71: elektraPluginOpen (in /home/jenkins/workspace/build/linux/lib/libelektra-kdb.so.0.8.26)
              n0: 4064 0x1091E1: main (in /home/jenkins/workspace/build/linux/bin/benchmark_plugingetset)
 n1: 2376 0x4010A1E: _dl_check_map_versions (dl-version.c:274)
  n1: 2376 0x4013094: dl_open_worker (dl-open.c:277)
   n1: 2376 0x49B5B2D: _dl_catch_exception (dl-error-skeleton.c:196)
    n1: 2376 0x4012BB8: _dl_open (dl-open.c:599)
     n1: 2376 0x487D254: dlopen_doit (dlopen.c:66)
      n1: 2376 0x49B5B2D: _dl_catch_exception (dl-error-skeleton.c:196)
       n1: 2376 0x49B5BBD: _dl_catch_error (dl-error-skeleton.c:215)
        n1: 2376 0x487D973: _dlerror_run (dlerror.c:163)
         n1: 2376 0x487D2E4: dlopen@@GLIBC_2.2.5 (dlopen.c:87)
          n1: 2376 0x48666EB: elektraModulesLoad (in /home/jenkins/workspace/build/linux/lib/libelektra-core.so.0.8.26)
           n1: 2376 0x484FD71: elektraPluginOpen (in /home/jenkins/workspace/build/linux/lib/libelektra-kdb.so.0.8.26)
            n0: 2376 0x1091E1: main (in /home/jenkins/workspace/build/linux/bin/benchmark_plugingetset)
 n2: 2298 0x485EAE2: elektraRealloc (in /home/jenkins/workspace/build/linux/lib/libelektra-core.so.0.8.26)
  n2: 2252 0x4860B6F: keyAddBaseName (in /home/jenkins/workspace/build/linux/lib/libelektra-core.so.0.8.26)
   n1: 2194 0x4E4CE93: ???
    n1: 2194 0x4E5ABAC: ???
     n1: 2194 0x4E4E701: ???
      n1: 2194 0x4E4A750: ???
       n1: 2194 0x4E560E2: ???
        n0: 2194 0x1091F8: main (in /home/jenkins/workspace/build/linux/bin/benchmark_plugingetset)
   n0: 58 in 1 place, below massif's threshold (1.00%)
  n0: 46 in 1 place, below massif's threshold (1.00%)
#-----------
snapshot=16
#-----------
time=5608794
mem_heap_B=212097
mem_heap_extra_B=1111
mem_stacks_B=0
heap_tree=empty
#-----------
snapshot=17
#-----------
time=5645144
mem_heap_B=212305
mem_heap_extra_B=1167
mem_stacks_B=0
heap_tree=detailed
n8: 212305 (heap allocation functions) malloc/new/new[], --alloc-fns, etc.
 n1: 90644 0x4E583B0: ???
  n1: 90644 0x4E57988: ???
   n1: 90644 0x4E51FF0: ???
    n1: 90644 0x4E4E6DA: ???
     n1: 90644 0x4E4A750: ???
      n1: 90644 0x4E560E2: ???
       n0: 90644 0x1091F8: main (in /home/jenkins/workspace/build/linux/bin/benchmark_plugingetset)
 n1: 72704 0x4F03454: ??? (in /usr/lib/x86_64-linux-gnu/libstdc++.so.6.0.25)
  n1: 72704 0x400F378: call_init.part.0 (dl-init.c:72)
   n1: 72704 0x400F474: _dl_init (dl-init.c:118)
    n1: 72704 0x40132D1: dl_open_worker (dl-open.c:517)
     n1: 72704 0x49B5B2D: _dl_catch_exception (dl-error-skeleton.c:196)
      n1: 72704 0x4012BB8: _dl_open (dl-open.c:599)
       n1: 72704 0x487D254: dlopen_doit (dlopen.c:66)
        n1: 72704 0x49B5B2D: _dl_catch_exception (dl-error-skeleton.c:196)
         n1: 72704 0x49B5BBD: _dl_catch_error (dl-error-skeleton.c:215)
          n1: 72704 0x487D973: _dlerror_run (dlerror.c:163)
           n1: 72704 0x487D2E4: dlopen@@GLIBC_2.2.5 (dlopen.c:87)
            n1: 72704 0x48666EB: elektraModulesLoad (in /home/jenkins/workspace/build/linux/lib/libelektra-core.so.0.8.26)
             n1: 72704 0x484FD71: elektraPluginOpen (in /home/jenkins/workspace/build/linux/lib/libelektra-kdb.so.0.8.26)
              n0: 72704 0x1091E1: main (in /home/jenkins/workspace/build/linux/bin/benchmark_plugingetset)
 n1: 19200 0x4E595F6: ???
  n1: 19200 0x4E4E6ED: ???
   n1: 19200 0x4E4A750: ???
    n1: 19200 0x4E560E2: ???
     n0: 19200 0x1091F8: main (in /home/jenkins/workspace/build/linux/bin/benchmark_plugingetset)
 n0: 9163 in 51 places, all below massif's threshold (1.00%)
 n1: 8192 0x4F5F8F6: std::basic_filebuf<char, std::char_traits<char> >::_M_allocate_internal_buffer() (in /usr/lib/x86_64-linux-gnu/libstdc++.so.6.0.25)
  n1: 8192 0x4F63790: std::basic_filebuf<char, std::char_traits<char> >::open(char const*, std::_Ios_Openmode) (in /usr/lib/x86_64-linux-gnu/libstdc++.so.6.0.25)
   n1: 8192 0x4E4E699: ???
    n1: 8192 0x4E4A750: ???
     n1: 8192 0x4E560E2: ???
      n0: 8192 0x1091F8: main (in /home/jenkins/workspace/build/linux/bin/benchmark_plugingetset)
 n1: 5962 0x400B2AC: _dl_new_object (dl-object.c:73)
  n1: 5962 0x4005E46: _dl_map_object_from_fd (dl-load.c:1001)
   n2: 5962 0x4008A8B: _dl_map_object (dl-load.c:2466)
    n1: 4766 0x400D290: openaux (dl-deps.c:64)
     n1: 4766 0x49B5B2D: _dl_catch_exception (dl-error-skeleton.c:196)
      n1: 4766 0x400D604: _dl_map_object_deps (dl-deps.c:248)
       n1: 4766 0x401304E: dl_open_worker (dl-open.c:271)
        n1: 4766 0x49B5B2D: _dl_catch_exception (dl-error-skeleton.c:196)
         n1: 4766 0x4012BB8: _dl_open (dl-open.c:599)
          n1: 4766 0x487D254: dlopen_doit (dlopen.c:66)
           n1: 4766 0x49B5B2D: _dl_catch_exception (dl-error-skeleton.c:196)
            n1: 4766 0x49B5BBD: _dl_catch_error (dl-error-skeleton.c:215)
             n1: 4766 0x487D973: _dlerror_run (dlerror.c:163)
              n1: 4766 0x487D2E4: dlopen@@GLIBC_2.2.5 (dlopen.c:87)
               n1: 4766 0x48666EB: elektraModulesLoad (in /home/jenkins/workspace/build/linux/lib/libelektra-core.so.0.8.26)
                n1: 4766 0x484FD71: elektraPluginOpen (in /home/jenkins/workspace/build/linux/lib/libelektra-kdb.so.0.8.26)
                 n0: 4766 0x1091E1: main (in /home/jenkins/workspace/build/linux/bin/benchmark_plugingetset)
    n0: 1196 in 1 place, below massif's threshold (1.00%)
 n1: 4064 0x400A095: do_lookup_x (dl-lookup.c:253)
  n1: 4064 0x400A38D: _dl_lookup_symbol_x (dl-lookup.c:814)
   n1: 4064 0x400BD5C: _dl_relocate_object (dl-machine.h:308)
    n1: 4064 0x401319C: dl_open_worker (dl-open.c:377)
     n1: 4064 0x49B5B2D: _dl_catch_exception (dl-error-skeleton.c:196)
      n1: 4064 0x4012BB8: _dl_open (dl-open.c:599)
       n1: 4064 0x487D254: dlopen_doit (dlopen.c:66)
        n1: 4064 0x49B5B2D: _dl_catch_exception (dl-error-skeleton.c:196)
         n1: 4064 0x49B5BBD: _dl_catch_error (dl-error-skeleton.c:215)
          n1: 4064 0x487D973: _dlerror_run (dlerror.c:163)
           n1: 4064 0x487D2E4: dlopen@@GLIBC_2.2.5 (dlopen.c:87)
            n1: 4064 0x48666EB: elektraModulesLoad (in /home/jenkins/workspace/build/linux/lib/libelektra-core.so.0.8.26)
             n1: 4064 0x484FD71: elektraPluginOpen (in /home/jenkins/workspace/build/linux/lib/libelektra-kdb.so.0.8.26)
              n0: 4064 0x1091E1: main (in /home/jenkins/workspace/build/linux/bin/benchmark_plugingetset)
 n1: 2376 0x4010A1E: _dl_check_map_versions (dl-version.c:274)
  n1: 2376 0x4013094: dl_open_worker (dl-open.c:277)
   n1: 2376 0x49B5B2D: _dl_catch_exception (dl-error-skeleton.c:196)
    n1: 2376 0x4012BB8: _dl_open (dl-open.c:599)
     n1: 2376 0x487D254: dlopen_doit (dlopen.c:66)
      n1: 2376 0x49B5B2D: _dl_catch_exception (dl-error-skeleton.c:196)
       n1: 2376 0x49B5BBD: _dl_catch_error (dl-error-skeleton.c:215)
        n1: 2376 0x487D973: _dlerror_run (dlerror.c:163)
         n1: 2376 0x487D2E4: dlopen@@GLIBC_2.2.5 (dlopen.c:87)
          n1: 2376 0x48666EB: elektraModulesLoad (in /home/jenkins/workspace/build/linux/lib/libelektra-core.so.0.8.26)
           n1: 2376 0x484FD71: elektraPluginOpen (in /home/jenkins/workspace/build/linux/lib/libelektra-kdb.so.0.8.26)
            n0: 2376 0x1091E1: main (in /home/jenkins/workspace/build/linux/bin/benchmark_plugingetset)
#-----------
snapshot=18
#-----------
time=5705431
mem_heap_B=214013
mem_heap_extra_B=1251
mem_stacks_B=0
heap_tree=empty
#-----------
snapshot=19
#-----------
time=5773461
mem_heap_B=212912
mem_heap_extra_B=1184
mem_stacks_B=0
heap_tree=empty
#-----------
snapshot=20
#-----------
time=5821010
mem_heap_B=214663
mem_heap_extra_B=1289
mem_stacks_B=0
heap_tree=empty
#-----------
snapshot=21
#-----------
time=5852293
mem_heap_B=213697
mem_heap_extra_B=1215
mem_stacks_B=0
heap_tree=empty
#-----------
snapshot=22
#-----------
time=5908976
mem_heap_B=213427
mem_heap_extra_B=1197
mem_stacks_B=0
heap_tree=empty
#-----------
snapshot=23
#-----------
time=5949448
mem_heap_B=213788
mem_heap_extra_B=1276
mem_stacks_B=0
heap_tree=empty
#-----------
snapshot=24
#-----------
time=6008292
mem_heap_B=215798
mem_heap_extra_B=1442
mem_stacks_B=0
heap_tree=detailed
n9: 215798 (heap allocation functions) malloc/new/new[], --alloc-fns, etc.
 n1: 90644 0x4E583B0: ???
  n1: 90644 0x4E57988: ???
   n1: 90644 0x4E51FF0: ???
    n1: 90644 0x4E4E6DA: ???
     n1: 90644 0x4E4A750: ???
      n1: 90644 0x4E560E2: ???
       n0: 90644 0x1091F8: main (in /home/jenkins/workspace/build/linux/bin/benchmark_plugingetset)
 n1: 72704 0x4F03454: ??? (in /usr/lib/x86_64-linux-gnu/libstdc++.so.6.0.25)
  n1: 72704 0x400F378: call_init.part.0 (dl-init.c:72)
   n1: 72704 0x400F474: _dl_init (dl-init.c:118)
    n1: 72704 0x40132D1: dl_open_worker (dl-open.c:517)
     n1: 72704 0x49B5B2D: _dl_catch_exception (dl-error-skeleton.c:196)
      n1: 72704 0x4012BB8: _dl_open (dl-open.c:599)
       n1: 72704 0x487D254: dlopen_doit (dlopen.c:66)
        n1: 72704 0x49B5B2D: _dl_catch_exception (dl-error-skeleton.c:196)
         n1: 72704 0x49B5BBD: _dl_catch_error (dl-error-skeleton.c:215)
          n1: 72704 0x487D973: _dlerror_run (dlerror.c:163)
           n1: 72704 0x487D2E4: dlopen@@GLIBC_2.2.5 (dlopen.c:87)
            n1: 72704 0x48666EB: elektraModulesLoad (in /home/jenkins/workspace/build/linux/lib/libelektra-core.so.0.8.26)
             n1: 72704 0x484FD71: elektraPluginOpen (in /home/jenkins/workspace/build/linux/lib/libelektra-kdb.so.0.8.26)
              n0: 72704 0x1091E1: main (in /home/jenkins/workspace/build/linux/bin/benchmark_plugingetset)
 n1: 19200 0x4E595F6: ???
  n1: 19200 0x4E4E6ED: ???
   n1: 19200 0x4E4A750: ???
    n1: 19200 0x4E560E2: ???
     n0: 19200 0x1091F8: main (in /home/jenkins/workspace/build/linux/bin/benchmark_plugingetset)
 n0: 8476 in 50 places, all below massif's threshold (1.00%)
 n1: 8192 0x4F5F8F6: std::basic_filebuf<char, std::char_traits<char> >::_M_allocate_internal_buffer() (in /usr/lib/x86_64-linux-gnu/libstdc++.so.6.0.25)
  n1: 8192 0x4F63790: std::basic_filebuf<char, std::char_traits<char> >::open(char const*, std::_Ios_Openmode) (in /usr/lib/x86_64-linux-gnu/libstdc++.so.6.0.25)
   n1: 8192 0x4E4E699: ???
    n1: 8192 0x4E4A750: ???
     n1: 8192 0x4E560E2: ???
      n0: 8192 0x1091F8: main (in /home/jenkins/workspace/build/linux/bin/benchmark_plugingetset)
 n1: 5962 0x400B2AC: _dl_new_object (dl-object.c:73)
  n1: 5962 0x4005E46: _dl_map_object_from_fd (dl-load.c:1001)
   n2: 5962 0x4008A8B: _dl_map_object (dl-load.c:2466)
    n1: 4766 0x400D290: openaux (dl-deps.c:64)
     n1: 4766 0x49B5B2D: _dl_catch_exception (dl-error-skeleton.c:196)
      n1: 4766 0x400D604: _dl_map_object_deps (dl-deps.c:248)
       n1: 4766 0x401304E: dl_open_worker (dl-open.c:271)
        n1: 4766 0x49B5B2D: _dl_catch_exception (dl-error-skeleton.c:196)
         n1: 4766 0x4012BB8: _dl_open (dl-open.c:599)
          n1: 4766 0x487D254: dlopen_doit (dlopen.c:66)
           n1: 4766 0x49B5B2D: _dl_catch_exception (dl-error-skeleton.c:196)
            n1: 4766 0x49B5BBD: _dl_catch_error (dl-error-skeleton.c:215)
             n1: 4766 0x487D973: _dlerror_run (dlerror.c:163)
              n1: 4766 0x487D2E4: dlopen@@GLIBC_2.2.5 (dlopen.c:87)
               n1: 4766 0x48666EB: elektraModulesLoad (in /home/jenkins/workspace/build/linux/lib/libelektra-core.so.0.8.26)
                n1: 4766 0x484FD71: elektraPluginOpen (in /home/jenkins/workspace/build/linux/lib/libelektra-kdb.so.0.8.26)
                 n0: 4766 0x1091E1: main (in /home/jenkins/workspace/build/linux/bin/benchmark_plugingetset)
    n0: 1196 in 1 place, below massif's threshold (1.00%)
 n2: 4180 0x485EAE2: elektraRealloc (in /home/jenkins/workspace/build/linux/lib/libelektra-core.so.0.8.26)
  n2: 4134 0x4860B6F: keyAddBaseName (in /home/jenkins/workspace/build/linux/lib/libelektra-core.so.0.8.26)
   n1: 4076 0x4E4CE93: ???
    n1: 4076 0x4E5ABAC: ???
     n1: 4076 0x4E4E701: ???
      n1: 4076 0x4E4A750: ???
       n1: 4076 0x4E560E2: ???
        n0: 4076 0x1091F8: main (in /home/jenkins/workspace/build/linux/bin/benchmark_plugingetset)
   n0: 58 in 1 place, below massif's threshold (1.00%)
  n0: 46 in 1 place, below massif's threshold (1.00%)
 n1: 4064 0x400A095: do_lookup_x (dl-lookup.c:253)
  n1: 4064 0x400A38D: _dl_lookup_symbol_x (dl-lookup.c:814)
   n1: 4064 0x400BD5C: _dl_relocate_object (dl-machine.h:308)
    n1: 4064 0x401319C: dl_open_worker (dl-open.c:377)
     n1: 4064 0x49B5B2D: _dl_catch_exception (dl-error-skeleton.c:196)
      n1: 4064 0x4012BB8: _dl_open (dl-open.c:599)
       n1: 4064 0x487D254: dlopen_doit (dlopen.c:66)
        n1: 4064 0x49B5B2D: _dl_catch_exception (dl-error-skeleton.c:196)
         n1: 4064 0x49B5BBD: _dl_catch_error (dl-error-skeleton.c:215)
          n1: 4064 0x487D973: _dlerror_run (dlerror.c:163)
           n1: 4064 0x487D2E4: dlopen@@GLIBC_2.2.5 (dlopen.c:87)
            n1: 4064 0x48666EB: elektraModulesLoad (in /home/jenkins/workspace/build/linux/lib/libelektra-core.so.0.8.26)
             n1: 4064 0x484FD71: elektraPluginOpen (in /home/jenkins/workspace/build/linux/lib/libelektra-kdb.so.0.8.26)
              n0: 4064 0x1091E1: main (in /home/jenkins/workspace/build/linux/bin/benchmark_plugingetset)
 n1: 2376 0x4010A1E: _dl_check_map_versions (dl-version.c:274)
  n1: 2376 0x4013094: dl_open_worker (dl-open.c:277)
   n1: 2376 0x49B5B2D: _dl_catch_exception (dl-error-skeleton.c:196)
    n1: 2376 0x4012BB8: _dl_open (dl-open.c:599)
     n1: 2376 0x487D254: dlopen_doit (dlopen.c:66)
      n1: 2376 0x49B5B2D: _dl_catch_exception (dl-error-skeleton.c:196)
       n1: 2376 0x49B5BBD: _dl_catch_error (dl-error-skeleton.c:215)
        n1: 2376 0x487D973: _dlerror_run (dlerror.c:163)
         n1: 2376 0x487D2E4: dlopen@@GLIBC_2.2.5 (dlopen.c:87)
          n1: 2376 0x48666EB: elektraModulesLoad (in /home/jenkins/workspace/build/linux/lib/libelektra-core.so.0.8.26)
           n1: 2376 0x484FD71: elektraPluginOpen (in /home/jenkins/workspace/build/linux/lib/libelektra-kdb.so.0.8.26)
            n0: 2376 0x1091E1: main (in /home/jenkins/workspace/build/linux/bin/benchmark_plugingetset)
#-----------
snapshot=25
#-----------
time=6057979
mem_heap_B=215057
mem_heap_extra_B=1383
mem_stacks_B=0
heap_tree=empty
#-----------
snapshot=26
#-----------
time=6091920
mem_heap_B=215350
mem_heap_extra_B=1434
mem_stacks_B=0
heap_tree=empty
#-----------
snapshot=27
#-----------
time=6136072
mem_heap_B=216866
mem_heap_extra_B=1470
mem_stacks_B=0
heap_tree=empty
#-----------
snapshot=28
#-----------
time=6178902
mem_heap_B=218853
mem_heap_extra_B=1563
mem_stacks_B=0
heap_tree=empty
#-----------
snapshot=29
#-----------
time=6233298
mem_heap_B=221601
mem_heap_extra_B=1679
mem_stacks_B=0
heap_tree=detailed
n9: 221601 (heap allocation functions) malloc/new/new[], --alloc-fns, etc.
 n1: 90644 0x4E583B0: ???
  n1: 90644 0x4E57988: ???
   n1: 90644 0x4E51FF0: ???
    n1: 90644 0x4E4E6DA: ???
     n1: 90644 0x4E4A750: ???
      n1: 90644 0x4E560E2: ???
       n0: 90644 0x1091F8: main (in /home/jenkins/workspace/build/linux/bin/benchmark_plugingetset)
 n1: 72704 0x4F03454: ??? (in /usr/lib/x86_64-linux-gnu/libstdc++.so.6.0.25)
  n1: 72704 0x400F378: call_init.part.0 (dl-init.c:72)
   n1: 72704 0x400F474: _dl_init (dl-init.c:118)
    n1: 72704 0x40132D1: dl_open_worker (dl-open.c:517)
     n1: 72704 0x49B5B2D: _dl_catch_exception (dl-error-skeleton.c:196)
      n1: 72704 0x4012BB8: _dl_open (dl-open.c:599)
       n1: 72704 0x487D254: dlopen_doit (dlopen.c:66)
        n1: 72704 0x49B5B2D: _dl_catch_exception (dl-error-skeleton.c:196)
         n1: 72704 0x49B5BBD: _dl_catch_error (dl-error-skeleton.c:215)
          n1: 72704 0x487D973: _dlerror_run (dlerror.c:163)
           n1: 72704 0x487D2E4: dlopen@@GLIBC_2.2.5 (dlopen.c:87)
            n1: 72704 0x48666EB: elektraModulesLoad (in /home/jenkins/workspace/build/linux/lib/libelektra-core.so.0.8.26)
             n1: 72704 0x484FD71: elektraPluginOpen (in /home/jenkins/workspace/build/linux/lib/libelektra-kdb.so.0.8.26)
              n0: 72704 0x1091E1: main (in /home/jenkins/workspace/build/linux/bin/benchmark_plugingetset)
 n1: 19200 0x4E595F6: ???
  n1: 19200 0x4E4E6ED: ???
   n1: 19200 0x4E4A750: ???
    n1: 19200 0x4E560E2: ???
     n0: 19200 0x1091F8: main (in /home/jenkins/workspace/build/linux/bin/benchmark_plugingetset)
 n0: 9303 in 50 places, all below massif's threshold (1.00%)
 n2: 9156 0x485EAE2: elektraRealloc (in /home/jenkins/workspace/build/linux/lib/libelektra-core.so.0.8.26)
  n2: 8340 0x4860B6F: keyAddBaseName (in /home/jenkins/workspace/build/linux/lib/libelektra-core.so.0.8.26)
   n1: 8282 0x4E4CE93: ???
    n1: 8282 0x4E5ABAC: ???
     n1: 8282 0x4E4E701: ???
      n1: 8282 0x4E4A750: ???
       n1: 8282 0x4E560E2: ???
        n0: 8282 0x1091F8: main (in /home/jenkins/workspace/build/linux/bin/benchmark_plugingetset)
   n0: 58 in 1 place, below massif's threshold (1.00%)
  n0: 816 in 1 place, below massif's threshold (1.00%)
 n1: 8192 0x4F5F8F6: std::basic_filebuf<char, std::char_traits<char> >::_M_allocate_internal_buffer() (in /usr/lib/x86_64-linux-gnu/libstdc++.so.6.0.25)
  n1: 8192 0x4F63790: std::basic_filebuf<char, std::char_traits<char> >::open(char const*, std::_Ios_Openmode) (in /usr/lib/x86_64-linux-gnu/libstdc++.so.6.0.25)
   n1: 8192 0x4E4E699: ???
    n1: 8192 0x4E4A750: ???
     n1: 8192 0x4E560E2: ???
      n0: 8192 0x1091F8: main (in /home/jenkins/workspace/build/linux/bin/benchmark_plugingetset)
 n1: 5962 0x400B2AC: _dl_new_object (dl-object.c:73)
  n1: 5962 0x4005E46: _dl_map_object_from_fd (dl-load.c:1001)
   n2: 5962 0x4008A8B: _dl_map_object (dl-load.c:2466)
    n1: 4766 0x400D290: openaux (dl-deps.c:64)
     n1: 4766 0x49B5B2D: _dl_catch_exception (dl-error-skeleton.c:196)
      n1: 4766 0x400D604: _dl_map_object_deps (dl-deps.c:248)
       n1: 4766 0x401304E: dl_open_worker (dl-open.c:271)
        n1: 4766 0x49B5B2D: _dl_catch_exception (dl-error-skeleton.c:196)
         n1: 4766 0x4012BB8: _dl_open (dl-open.c:599)
          n1: 4766 0x487D254: dlopen_doit (dlopen.c:66)
           n1: 4766 0x49B5B2D: _dl_catch_exception (dl-error-skeleton.c:196)
            n1: 4766 0x49B5BBD: _dl_catch_error (dl-error-skeleton.c:215)
             n1: 4766 0x487D973: _dlerror_run (dlerror.c:163)
              n1: 4766 0x487D2E4: dlopen@@GLIBC_2.2.5 (dlopen.c:87)
               n1: 4766 0x48666EB: elektraModulesLoad (in /home/jenkins/workspace/build/linux/lib/libelektra-core.so.0.8.26)
                n1: 4766 0x484FD71: elektraPluginOpen (in /home/jenkins/workspace/build/linux/lib/libelektra-kdb.so.0.8.26)
                 n0: 4766 0x1091E1: main (in /home/jenkins/workspace/build/linux/bin/benchmark_plugingetset)
    n0: 1196 in 1 place, below massif's threshold (1.00%)
 n1: 4064 0x400A095: do_lookup_x (dl-lookup.c:253)
  n1: 4064 0x400A38D: _dl_lookup_symbol_x (dl-lookup.c:814)
   n1: 4064 0x400BD5C: _dl_relocate_object (dl-machine.h:308)
    n1: 4064 0x401319C: dl_open_worker (dl-open.c:377)
     n1: 4064 0x49B5B2D: _dl_catch_exception (dl-error-skeleton.c:196)
      n1: 4064 0x4012BB8: _dl_open (dl-open.c:599)
       n1: 4064 0x487D254: dlopen_doit (dlopen.c:66)
        n1: 4064 0x49B5B2D: _dl_catch_exception (dl-error-skeleton.c:196)
         n1: 4064 0x49B5BBD: _dl_catch_error (dl-error-skeleton.c:215)
          n1: 4064 0x487D973: _dlerror_run (dlerror.c:163)
           n1: 4064 0x487D2E4: dlopen@@GLIBC_2.2.5 (dlopen.c:87)
            n1: 4064 0x48666EB: elektraModulesLoad (in /home/jenkins/workspace/build/linux/lib/libelektra-core.so.0.8.26)
             n1: 4064 0x484FD71: elektraPluginOpen (in /home/jenkins/workspace/build/linux/lib/libelektra-kdb.so.0.8.26)
              n0: 4064 0x1091E1: main (in /home/jenkins/workspace/build/linux/bin/benchmark_plugingetset)
 n1: 2376 0x4010A1E: _dl_check_map_versions (dl-version.c:274)
  n1: 2376 0x4013094: dl_open_worker (dl-open.c:277)
   n1: 2376 0x49B5B2D: _dl_catch_exception (dl-error-skeleton.c:196)
    n1: 2376 0x4012BB8: _dl_open (dl-open.c:599)
     n1: 2376 0x487D254: dlopen_doit (dlopen.c:66)
      n1: 2376 0x49B5B2D: _dl_catch_exception (dl-error-skeleton.c:196)
       n1: 2376 0x49B5BBD: _dl_catch_error (dl-error-skeleton.c:215)
        n1: 2376 0x487D973: _dlerror_run (dlerror.c:163)
         n1: 2376 0x487D2E4: dlopen@@GLIBC_2.2.5 (dlopen.c:87)
          n1: 2376 0x48666EB: elektraModulesLoad (in /home/jenkins/workspace/build/linux/lib/libelektra-core.so.0.8.26)
           n1: 2376 0x484FD71: elektraPluginOpen (in /home/jenkins/workspace/build/linux/lib/libelektra-kdb.so.0.8.26)
            n0: 2376 0x1091E1: main (in /home/jenkins/workspace/build/linux/bin/benchmark_plugingetset)
#-----------
snapshot=30
#-----------
time=6286051
mem_heap_B=223976
mem_heap_extra_B=1720
mem_stacks_B=0
heap_tree=detailed
n9: 223976 (heap allocation functions) malloc/new/new[], --alloc-fns, etc.
 n1: 90644 0x4E583B0: ???
  n1: 90644 0x4E57988: ???
   n1: 90644 0x4E51FF0: ???
    n1: 90644 0x4E4E6DA: ???
     n1: 90644 0x4E4A750: ???
      n1: 90644 0x4E560E2: ???
       n0: 90644 0x1091F8: main (in /home/jenkins/workspace/build/linux/bin/benchmark_plugingetset)
 n1: 72704 0x4F03454: ??? (in /usr/lib/x86_64-linux-gnu/libstdc++.so.6.0.25)
  n1: 72704 0x400F378: call_init.part.0 (dl-init.c:72)
   n1: 72704 0x400F474: _dl_init (dl-init.c:118)
    n1: 72704 0x40132D1: dl_open_worker (dl-open.c:517)
     n1: 72704 0x49B5B2D: _dl_catch_exception (dl-error-skeleton.c:196)
      n1: 72704 0x4012BB8: _dl_open (dl-open.c:599)
       n1: 72704 0x487D254: dlopen_doit (dlopen.c:66)
        n1: 72704 0x49B5B2D: _dl_catch_exception (dl-error-skeleton.c:196)
         n1: 72704 0x49B5BBD: _dl_catch_error (dl-error-skeleton.c:215)
          n1: 72704 0x487D973: _dlerror_run (dlerror.c:163)
           n1: 72704 0x487D2E4: dlopen@@GLIBC_2.2.5 (dlopen.c:87)
            n1: 72704 0x48666EB: elektraModulesLoad (in /home/jenkins/workspace/build/linux/lib/libelektra-core.so.0.8.26)
             n1: 72704 0x484FD71: elektraPluginOpen (in /home/jenkins/workspace/build/linux/lib/libelektra-kdb.so.0.8.26)
              n0: 72704 0x1091E1: main (in /home/jenkins/workspace/build/linux/bin/benchmark_plugingetset)
 n1: 19200 0x4E595F6: ???
  n1: 19200 0x4E4E6ED: ???
   n1: 19200 0x4E4A750: ???
    n1: 19200 0x4E560E2: ???
     n0: 19200 0x1091F8: main (in /home/jenkins/workspace/build/linux/bin/benchmark_plugingetset)
 n2: 11140 0x485EAE2: elektraRealloc (in /home/jenkins/workspace/build/linux/lib/libelektra-core.so.0.8.26)
  n2: 11094 0x4860B6F: keyAddBaseName (in /home/jenkins/workspace/build/linux/lib/libelektra-core.so.0.8.26)
   n1: 11036 0x4E4CE93: ???
    n1: 11036 0x4E5ABAC: ???
     n1: 11036 0x4E4E701: ???
      n1: 11036 0x4E4A750: ???
       n1: 11036 0x4E560E2: ???
        n0: 11036 0x1091F8: main (in /home/jenkins/workspace/build/linux/bin/benchmark_plugingetset)
   n0: 58 in 1 place, below massif's threshold (1.00%)
  n0: 46 in 1 place, below massif's threshold (1.00%)
 n0: 9694 in 50 places, all below massif's threshold (1.00%)
 n1: 8192 0x4F5F8F6: std::basic_filebuf<char, std::char_traits<char> >::_M_allocate_internal_buffer() (in /usr/lib/x86_64-linux-gnu/libstdc++.so.6.0.25)
  n1: 8192 0x4F63790: std::basic_filebuf<char, std::char_traits<char> >::open(char const*, std::_Ios_Openmode) (in /usr/lib/x86_64-linux-gnu/libstdc++.so.6.0.25)
   n1: 8192 0x4E4E699: ???
    n1: 8192 0x4E4A750: ???
     n1: 8192 0x4E560E2: ???
      n0: 8192 0x1091F8: main (in /home/jenkins/workspace/build/linux/bin/benchmark_plugingetset)
 n1: 5962 0x400B2AC: _dl_new_object (dl-object.c:73)
  n1: 5962 0x4005E46: _dl_map_object_from_fd (dl-load.c:1001)
   n2: 5962 0x4008A8B: _dl_map_object (dl-load.c:2466)
    n1: 4766 0x400D290: openaux (dl-deps.c:64)
     n1: 4766 0x49B5B2D: _dl_catch_exception (dl-error-skeleton.c:196)
      n1: 4766 0x400D604: _dl_map_object_deps (dl-deps.c:248)
       n1: 4766 0x401304E: dl_open_worker (dl-open.c:271)
        n1: 4766 0x49B5B2D: _dl_catch_exception (dl-error-skeleton.c:196)
         n1: 4766 0x4012BB8: _dl_open (dl-open.c:599)
          n1: 4766 0x487D254: dlopen_doit (dlopen.c:66)
           n1: 4766 0x49B5B2D: _dl_catch_exception (dl-error-skeleton.c:196)
            n1: 4766 0x49B5BBD: _dl_catch_error (dl-error-skeleton.c:215)
             n1: 4766 0x487D973: _dlerror_run (dlerror.c:163)
              n1: 4766 0x487D2E4: dlopen@@GLIBC_2.2.5 (dlopen.c:87)
               n1: 4766 0x48666EB: elektraModulesLoad (in /home/jenkins/workspace/build/linux/lib/libelektra-core.so.0.8.26)
                n1: 4766 0x484FD71: elektraPluginOpen (in /home/jenkins/workspace/build/linux/lib/libelektra-kdb.so.0.8.26)
                 n0: 4766 0x1091E1: main (in /home/jenkins/workspace/build/linux/bin/benchmark_plugingetset)
    n0: 1196 in 1 place, below massif's threshold (1.00%)
 n1: 4064 0x400A095: do_lookup_x (dl-lookup.c:253)
  n1: 4064 0x400A38D: _dl_lookup_symbol_x (dl-lookup.c:814)
   n1: 4064 0x400BD5C: _dl_relocate_object (dl-machine.h:308)
    n1: 4064 0x401319C: dl_open_worker (dl-open.c:377)
     n1: 4064 0x49B5B2D: _dl_catch_exception (dl-error-skeleton.c:196)
      n1: 4064 0x4012BB8: _dl_open (dl-open.c:599)
       n1: 4064 0x487D254: dlopen_doit (dlopen.c:66)
        n1: 4064 0x49B5B2D: _dl_catch_exception (dl-error-skeleton.c:196)
         n1: 4064 0x49B5BBD: _dl_catch_error (dl-error-skeleton.c:215)
          n1: 4064 0x487D973: _dlerror_run (dlerror.c:163)
           n1: 4064 0x487D2E4: dlopen@@GLIBC_2.2.5 (dlopen.c:87)
            n1: 4064 0x48666EB: elektraModulesLoad (in /home/jenkins/workspace/build/linux/lib/libelektra-core.so.0.8.26)
             n1: 4064 0x484FD71: elektraPluginOpen (in /home/jenkins/workspace/build/linux/lib/libelektra-kdb.so.0.8.26)
              n0: 4064 0x1091E1: main (in /home/jenkins/workspace/build/linux/bin/benchmark_plugingetset)
 n1: 2376 0x4010A1E: _dl_check_map_versions (dl-version.c:274)
  n1: 2376 0x4013094: dl_open_worker (dl-open.c:277)
   n1: 2376 0x49B5B2D: _dl_catch_exception (dl-error-skeleton.c:196)
    n1: 2376 0x4012BB8: _dl_open (dl-open.c:599)
     n1: 2376 0x487D254: dlopen_doit (dlopen.c:66)
      n1: 2376 0x49B5B2D: _dl_catch_exception (dl-error-skeleton.c:196)
       n1: 2376 0x49B5BBD: _dl_catch_error (dl-error-skeleton.c:215)
        n1: 2376 0x487D973: _dlerror_run (dlerror.c:163)
         n1: 2376 0x487D2E4: dlopen@@GLIBC_2.2.5 (dlopen.c:87)
          n1: 2376 0x48666EB: elektraModulesLoad (in /home/jenkins/workspace/build/linux/lib/libelektra-core.so.0.8.26)
           n1: 2376 0x484FD71: elektraPluginOpen (in /home/jenkins/workspace/build/linux/lib/libelektra-kdb.so.0.8.26)
            n0: 2376 0x1091E1: main (in /home/jenkins/workspace/build/linux/bin/benchmark_plugingetset)
#-----------
snapshot=31
#-----------
time=6332125
mem_heap_B=216749
mem_heap_extra_B=1459
mem_stacks_B=0
heap_tree=empty
#-----------
snapshot=32
#-----------
time=6376187
mem_heap_B=217054
mem_heap_extra_B=1506
mem_stacks_B=0
heap_tree=empty
#-----------
snapshot=33
#-----------
time=6409583
mem_heap_B=217569
mem_heap_extra_B=1559
mem_stacks_B=0
heap_tree=empty
#-----------
snapshot=34
#-----------
time=6452523
mem_heap_B=218741
mem_heap_extra_B=1603
mem_stacks_B=0
heap_tree=empty
#-----------
snapshot=35
#-----------
time=6486940
mem_heap_B=219802
mem_heap_extra_B=1622
mem_stacks_B=0
heap_tree=empty
#-----------
snapshot=36
#-----------
time=6556483
mem_heap_B=223321
mem_heap_extra_B=1719
mem_stacks_B=0
heap_tree=empty
#-----------
snapshot=37
#-----------
time=6604547
mem_heap_B=225730
mem_heap_extra_B=1790
mem_stacks_B=0
heap_tree=empty
#-----------
snapshot=38
#-----------
time=6644440
mem_heap_B=225649
mem_heap_extra_B=1791
mem_stacks_B=0
heap_tree=empty
#-----------
snapshot=39
#-----------
time=6687352
mem_heap_B=226859
mem_heap_extra_B=1837
mem_stacks_B=0
heap_tree=empty
#-----------
snapshot=40
#-----------
time=6724153
mem_heap_B=228138
mem_heap_extra_B=1862
mem_stacks_B=0
heap_tree=empty
#-----------
snapshot=41
#-----------
time=6775675
mem_heap_B=232249
mem_heap_extra_B=1935
mem_stacks_B=0
heap_tree=empty
#-----------
snapshot=42
#-----------
time=6806234
mem_heap_B=233712
mem_heap_extra_B=1960
mem_stacks_B=0
heap_tree=peak
n10: 233712 (heap allocation functions) malloc/new/new[], --alloc-fns, etc.
 n1: 90644 0x4E583B0: ???
  n1: 90644 0x4E57988: ???
   n1: 90644 0x4E51FF0: ???
    n1: 90644 0x4E4E6DA: ???
     n1: 90644 0x4E4A750: ???
      n1: 90644 0x4E560E2: ???
       n0: 90644 0x1091F8: main (in /home/jenkins/workspace/build/linux/bin/benchmark_plugingetset)
 n1: 72704 0x4F03454: ??? (in /usr/lib/x86_64-linux-gnu/libstdc++.so.6.0.25)
  n1: 72704 0x400F378: call_init.part.0 (dl-init.c:72)
   n1: 72704 0x400F474: _dl_init (dl-init.c:118)
    n1: 72704 0x40132D1: dl_open_worker (dl-open.c:517)
     n1: 72704 0x49B5B2D: _dl_catch_exception (dl-error-skeleton.c:196)
      n1: 72704 0x4012BB8: _dl_open (dl-open.c:599)
       n1: 72704 0x487D254: dlopen_doit (dlopen.c:66)
        n1: 72704 0x49B5B2D: _dl_catch_exception (dl-error-skeleton.c:196)
         n1: 72704 0x49B5BBD: _dl_catch_error (dl-error-skeleton.c:215)
          n1: 72704 0x487D973: _dlerror_run (dlerror.c:163)
           n1: 72704 0x487D2E4: dlopen@@GLIBC_2.2.5 (dlopen.c:87)
            n1: 72704 0x48666EB: elektraModulesLoad (in /home/jenkins/workspace/build/linux/lib/libelektra-core.so.0.8.26)
             n1: 72704 0x484FD71: elektraPluginOpen (in /home/jenkins/workspace/build/linux/lib/libelektra-kdb.so.0.8.26)
              n0: 72704 0x1091E1: main (in /home/jenkins/workspace/build/linux/bin/benchmark_plugingetset)
 n2: 20660 0x485EAE2: elektraRealloc (in /home/jenkins/workspace/build/linux/lib/libelektra-core.so.0.8.26)
  n2: 19326 0x4860B6F: keyAddBaseName (in /home/jenkins/workspace/build/linux/lib/libelektra-core.so.0.8.26)
   n1: 19268 0x4E4CE93: ???
    n1: 19268 0x4E5ABAC: ???
     n1: 19268 0x4E4E701: ???
      n1: 19268 0x4E4A750: ???
       n1: 19268 0x4E560E2: ???
        n0: 19268 0x1091F8: main (in /home/jenkins/workspace/build/linux/bin/benchmark_plugingetset)
   n0: 58 in 1 place, below massif's threshold (1.00%)
  n0: 1334 in 1 place, below massif's threshold (1.00%)
 n1: 19200 0x4E595F6: ???
  n1: 19200 0x4E4E6ED: ???
   n1: 19200 0x4E4A750: ???
    n1: 19200 0x4E560E2: ???
     n0: 19200 0x1091F8: main (in /home/jenkins/workspace/build/linux/bin/benchmark_plugingetset)
 n1: 8192 0x4F5F8F6: std::basic_filebuf<char, std::char_traits<char> >::_M_allocate_internal_buffer() (in /usr/lib/x86_64-linux-gnu/libstdc++.so.6.0.25)
  n1: 8192 0x4F63790: std::basic_filebuf<char, std::char_traits<char> >::open(char const*, std::_Ios_Openmode) (in /usr/lib/x86_64-linux-gnu/libstdc++.so.6.0.25)
   n1: 8192 0x4E4E699: ???
    n1: 8192 0x4E4A750: ???
     n1: 8192 0x4E560E2: ???
      n0: 8192 0x1091F8: main (in /home/jenkins/workspace/build/linux/bin/benchmark_plugingetset)
 n0: 7542 in 49 places, all below massif's threshold (1.00%)
 n1: 5962 0x400B2AC: _dl_new_object (dl-object.c:73)
  n1: 5962 0x4005E46: _dl_map_object_from_fd (dl-load.c:1001)
   n2: 5962 0x4008A8B: _dl_map_object (dl-load.c:2466)
    n1: 4766 0x400D290: openaux (dl-deps.c:64)
     n1: 4766 0x49B5B2D: _dl_catch_exception (dl-error-skeleton.c:196)
      n1: 4766 0x400D604: _dl_map_object_deps (dl-deps.c:248)
       n1: 4766 0x401304E: dl_open_worker (dl-open.c:271)
        n1: 4766 0x49B5B2D: _dl_catch_exception (dl-error-skeleton.c:196)
         n1: 4766 0x4012BB8: _dl_open (dl-open.c:599)
          n1: 4766 0x487D254: dlopen_doit (dlopen.c:66)
           n1: 4766 0x49B5B2D: _dl_catch_exception (dl-error-skeleton.c:196)
            n1: 4766 0x49B5BBD: _dl_catch_error (dl-error-skeleton.c:215)
             n1: 4766 0x487D973: _dlerror_run (dlerror.c:163)
              n1: 4766 0x487D2E4: dlopen@@GLIBC_2.2.5 (dlopen.c:87)
               n1: 4766 0x48666EB: elektraModulesLoad (in /home/jenkins/workspace/build/linux/lib/libelektra-core.so.0.8.26)
                n1: 4766 0x484FD71: elektraPluginOpen (in /home/jenkins/workspace/build/linux/lib/libelektra-kdb.so.0.8.26)
                 n0: 4766 0x1091E1: main (in /home/jenkins/workspace/build/linux/bin/benchmark_plugingetset)
    n0: 1196 in 1 place, below massif's threshold (1.00%)
 n1: 4064 0x400A095: do_lookup_x (dl-lookup.c:253)
  n1: 4064 0x400A38D: _dl_lookup_symbol_x (dl-lookup.c:814)
   n1: 4064 0x400BD5C: _dl_relocate_object (dl-machine.h:308)
    n1: 4064 0x401319C: dl_open_worker (dl-open.c:377)
     n1: 4064 0x49B5B2D: _dl_catch_exception (dl-error-skeleton.c:196)
      n1: 4064 0x4012BB8: _dl_open (dl-open.c:599)
       n1: 4064 0x487D254: dlopen_doit (dlopen.c:66)
        n1: 4064 0x49B5B2D: _dl_catch_exception (dl-error-skeleton.c:196)
         n1: 4064 0x49B5BBD: _dl_catch_error (dl-error-skeleton.c:215)
          n1: 4064 0x487D973: _dlerror_run (dlerror.c:163)
           n1: 4064 0x487D2E4: dlopen@@GLIBC_2.2.5 (dlopen.c:87)
            n1: 4064 0x48666EB: elektraModulesLoad (in /home/jenkins/workspace/build/linux/lib/libelektra-core.so.0.8.26)
             n1: 4064 0x484FD71: elektraPluginOpen (in /home/jenkins/workspace/build/linux/lib/libelektra-kdb.so.0.8.26)
              n0: 4064 0x1091E1: main (in /home/jenkins/workspace/build/linux/bin/benchmark_plugingetset)
 n1: 2376 0x4010A1E: _dl_check_map_versions (dl-version.c:274)
  n1: 2376 0x4013094: dl_open_worker (dl-open.c:277)
   n1: 2376 0x49B5B2D: _dl_catch_exception (dl-error-skeleton.c:196)
    n1: 2376 0x4012BB8: _dl_open (dl-open.c:599)
     n1: 2376 0x487D254: dlopen_doit (dlopen.c:66)
      n1: 2376 0x49B5B2D: _dl_catch_exception (dl-error-skeleton.c:196)
       n1: 2376 0x49B5BBD: _dl_catch_error (dl-error-skeleton.c:215)
        n1: 2376 0x487D973: _dlerror_run (dlerror.c:163)
         n1: 2376 0x487D2E4: dlopen@@GLIBC_2.2.5 (dlopen.c:87)
          n1: 2376 0x48666EB: elektraModulesLoad (in /home/jenkins/workspace/build/linux/lib/libelektra-core.so.0.8.26)
           n1: 2376 0x484FD71: elektraPluginOpen (in /home/jenkins/workspace/build/linux/lib/libelektra-kdb.so.0.8.26)
            n0: 2376 0x1091E1: main (in /home/jenkins/workspace/build/linux/bin/benchmark_plugingetset)
 n1: 2368 0x485F3A2: keyVNew (in /home/jenkins/workspace/build/linux/lib/libelektra-core.so.0.8.26)
  n0: 2368 in 2 places, all below massif's threshold (1.00%)
#-----------
snapshot=43
#-----------
time=6854199
mem_heap_B=227285
mem_heap_extra_B=1859
mem_stacks_B=0
heap_tree=empty
#-----------
snapshot=44
#-----------
time=6901497
mem_heap_B=223796
mem_heap_extra_B=1772
mem_stacks_B=0
heap_tree=empty
#-----------
snapshot=45
#-----------
time=6965640
mem_heap_B=223521
mem_heap_extra_B=1783
mem_stacks_B=0
heap_tree=empty
#-----------
snapshot=46
#-----------
time=7034385
mem_heap_B=225021
mem_heap_extra_B=1859
mem_stacks_B=0
heap_tree=detailed
n9: 225021 (heap allocation functions) malloc/new/new[], --alloc-fns, etc.
 n1: 90644 0x4E583B0: ???
  n1: 90644 0x4E57988: ???
   n1: 90644 0x4E51FF0: ???
    n1: 90644 0x4E4E6DA: ???
     n1: 90644 0x4E4A750: ???
      n1: 90644 0x4E560E2: ???
       n0: 90644 0x1091F8: main (in /home/jenkins/workspace/build/linux/bin/benchmark_plugingetset)
 n1: 72704 0x4F03454: ??? (in /usr/lib/x86_64-linux-gnu/libstdc++.so.6.0.25)
  n1: 72704 0x400F378: call_init.part.0 (dl-init.c:72)
   n1: 72704 0x400F474: _dl_init (dl-init.c:118)
    n1: 72704 0x40132D1: dl_open_worker (dl-open.c:517)
     n1: 72704 0x49B5B2D: _dl_catch_exception (dl-error-skeleton.c:196)
      n1: 72704 0x4012BB8: _dl_open (dl-open.c:599)
       n1: 72704 0x487D254: dlopen_doit (dlopen.c:66)
        n1: 72704 0x49B5B2D: _dl_catch_exception (dl-error-skeleton.c:196)
         n1: 72704 0x49B5BBD: _dl_catch_error (dl-error-skeleton.c:215)
          n1: 72704 0x487D973: _dlerror_run (dlerror.c:163)
           n1: 72704 0x487D2E4: dlopen@@GLIBC_2.2.5 (dlopen.c:87)
            n1: 72704 0x48666EB: elektraModulesLoad (in /home/jenkins/workspace/build/linux/lib/libelektra-core.so.0.8.26)
             n1: 72704 0x484FD71: elektraPluginOpen (in /home/jenkins/workspace/build/linux/lib/libelektra-kdb.so.0.8.26)
              n0: 72704 0x1091E1: main (in /home/jenkins/workspace/build/linux/bin/benchmark_plugingetset)
 n1: 19200 0x4E595F6: ???
  n1: 19200 0x4E4E6ED: ???
   n1: 19200 0x4E4A750: ???
    n1: 19200 0x4E560E2: ???
     n0: 19200 0x1091F8: main (in /home/jenkins/workspace/build/linux/bin/benchmark_plugingetset)
 n2: 12536 0x485EAE2: elektraRealloc (in /home/jenkins/workspace/build/linux/lib/libelektra-core.so.0.8.26)
  n2: 12234 0x4860B6F: keyAddBaseName (in /home/jenkins/workspace/build/linux/lib/libelektra-core.so.0.8.26)
   n1: 12176 0x4E4CE93: ???
    n1: 12176 0x4E5ABAC: ???
     n1: 12176 0x4E4E701: ???
      n1: 12176 0x4E4A750: ???
       n1: 12176 0x4E560E2: ???
        n0: 12176 0x1091F8: main (in /home/jenkins/workspace/build/linux/bin/benchmark_plugingetset)
   n0: 58 in 1 place, below massif's threshold (1.00%)
  n0: 302 in 2 places, all below massif's threshold (1.00%)
 n0: 9343 in 50 places, all below massif's threshold (1.00%)
 n1: 8192 0x4F5F8F6: std::basic_filebuf<char, std::char_traits<char> >::_M_allocate_internal_buffer() (in /usr/lib/x86_64-linux-gnu/libstdc++.so.6.0.25)
  n1: 8192 0x4F63790: std::basic_filebuf<char, std::char_traits<char> >::open(char const*, std::_Ios_Openmode) (in /usr/lib/x86_64-linux-gnu/libstdc++.so.6.0.25)
   n1: 8192 0x4E4E699: ???
    n1: 8192 0x4E4A750: ???
     n1: 8192 0x4E560E2: ???
      n0: 8192 0x1091F8: main (in /home/jenkins/workspace/build/linux/bin/benchmark_plugingetset)
 n1: 5962 0x400B2AC: _dl_new_object (dl-object.c:73)
  n1: 5962 0x4005E46: _dl_map_object_from_fd (dl-load.c:1001)
   n2: 5962 0x4008A8B: _dl_map_object (dl-load.c:2466)
    n1: 4766 0x400D290: openaux (dl-deps.c:64)
     n1: 4766 0x49B5B2D: _dl_catch_exception (dl-error-skeleton.c:196)
      n1: 4766 0x400D604: _dl_map_object_deps (dl-deps.c:248)
       n1: 4766 0x401304E: dl_open_worker (dl-open.c:271)
        n1: 4766 0x49B5B2D: _dl_catch_exception (dl-error-skeleton.c:196)
         n1: 4766 0x4012BB8: _dl_open (dl-open.c:599)
          n1: 4766 0x487D254: dlopen_doit (dlopen.c:66)
           n1: 4766 0x49B5B2D: _dl_catch_exception (dl-error-skeleton.c:196)
            n1: 4766 0x49B5BBD: _dl_catch_error (dl-error-skeleton.c:215)
             n1: 4766 0x487D973: _dlerror_run (dlerror.c:163)
              n1: 4766 0x487D2E4: dlopen@@GLIBC_2.2.5 (dlopen.c:87)
               n1: 4766 0x48666EB: elektraModulesLoad (in /home/jenkins/workspace/build/linux/lib/libelektra-core.so.0.8.26)
                n1: 4766 0x484FD71: elektraPluginOpen (in /home/jenkins/workspace/build/linux/lib/libelektra-kdb.so.0.8.26)
                 n0: 4766 0x1091E1: main (in /home/jenkins/workspace/build/linux/bin/benchmark_plugingetset)
    n0: 1196 in 1 place, below massif's threshold (1.00%)
 n1: 4064 0x400A095: do_lookup_x (dl-lookup.c:253)
  n1: 4064 0x400A38D: _dl_lookup_symbol_x (dl-lookup.c:814)
   n1: 4064 0x400BD5C: _dl_relocate_object (dl-machine.h:308)
    n1: 4064 0x401319C: dl_open_worker (dl-open.c:377)
     n1: 4064 0x49B5B2D: _dl_catch_exception (dl-error-skeleton.c:196)
      n1: 4064 0x4012BB8: _dl_open (dl-open.c:599)
       n1: 4064 0x487D254: dlopen_doit (dlopen.c:66)
        n1: 4064 0x49B5B2D: _dl_catch_exception (dl-error-skeleton.c:196)
         n1: 4064 0x49B5BBD: _dl_catch_error (dl-error-skeleton.c:215)
          n1: 4064 0x487D973: _dlerror_run (dlerror.c:163)
           n1: 4064 0x487D2E4: dlopen@@GLIBC_2.2.5 (dlopen.c:87)
            n1: 4064 0x48666EB: elektraModulesLoad (in /home/jenkins/workspace/build/linux/lib/libelektra-core.so.0.8.26)
             n1: 4064 0x484FD71: elektraPluginOpen (in /home/jenkins/workspace/build/linux/lib/libelektra-kdb.so.0.8.26)
              n0: 4064 0x1091E1: main (in /home/jenkins/workspace/build/linux/bin/benchmark_plugingetset)
 n1: 2376 0x4010A1E: _dl_check_map_versions (dl-version.c:274)
  n1: 2376 0x4013094: dl_open_worker (dl-open.c:277)
   n1: 2376 0x49B5B2D: _dl_catch_exception (dl-error-skeleton.c:196)
    n1: 2376 0x4012BB8: _dl_open (dl-open.c:599)
     n1: 2376 0x487D254: dlopen_doit (dlopen.c:66)
      n1: 2376 0x49B5B2D: _dl_catch_exception (dl-error-skeleton.c:196)
       n1: 2376 0x49B5BBD: _dl_catch_error (dl-error-skeleton.c:215)
        n1: 2376 0x487D973: _dlerror_run (dlerror.c:163)
         n1: 2376 0x487D2E4: dlopen@@GLIBC_2.2.5 (dlopen.c:87)
          n1: 2376 0x48666EB: elektraModulesLoad (in /home/jenkins/workspace/build/linux/lib/libelektra-core.so.0.8.26)
           n1: 2376 0x484FD71: elektraPluginOpen (in /home/jenkins/workspace/build/linux/lib/libelektra-kdb.so.0.8.26)
            n0: 2376 0x1091E1: main (in /home/jenkins/workspace/build/linux/bin/benchmark_plugingetset)
#-----------
snapshot=47
#-----------
time=7100714
mem_heap_B=224689
mem_heap_extra_B=1879
mem_stacks_B=0
heap_tree=empty
#-----------
snapshot=48
#-----------
time=7146832
mem_heap_B=227543
mem_heap_extra_B=1961
mem_stacks_B=0
heap_tree=empty
#-----------
snapshot=49
#-----------
time=7181373
mem_heap_B=223232
mem_heap_extra_B=1728
mem_stacks_B=0
heap_tree=empty
#-----------
snapshot=50
#-----------
time=7182576
mem_heap_B=103500
mem_heap_extra_B=1620
mem_stacks_B=0
heap_tree=empty
#-----------
snapshot=51
#-----------
time=7187410
mem_heap_B=103956
mem_heap_extra_B=1644
mem_stacks_B=0
heap_tree=detailed
n7: 103956 (heap allocation functions) malloc/new/new[], --alloc-fns, etc.
 n1: 72704 0x4F03454: ??? (in /usr/lib/x86_64-linux-gnu/libstdc++.so.6.0.25)
  n1: 72704 0x400F378: call_init.part.0 (dl-init.c:72)
   n1: 72704 0x400F474: _dl_init (dl-init.c:118)
    n1: 72704 0x40132D1: dl_open_worker (dl-open.c:517)
     n1: 72704 0x49B5B2D: _dl_catch_exception (dl-error-skeleton.c:196)
      n1: 72704 0x4012BB8: _dl_open (dl-open.c:599)
       n1: 72704 0x487D254: dlopen_doit (dlopen.c:66)
        n1: 72704 0x49B5B2D: _dl_catch_exception (dl-error-skeleton.c:196)
         n1: 72704 0x49B5BBD: _dl_catch_error (dl-error-skeleton.c:215)
          n1: 72704 0x487D973: _dlerror_run (dlerror.c:163)
           n1: 72704 0x487D2E4: dlopen@@GLIBC_2.2.5 (dlopen.c:87)
            n1: 72704 0x48666EB: elektraModulesLoad (in /home/jenkins/workspace/build/linux/lib/libelektra-core.so.0.8.26)
             n1: 72704 0x484FD71: elektraPluginOpen (in /home/jenkins/workspace/build/linux/lib/libelektra-kdb.so.0.8.26)
              n0: 72704 0x1091E1: main (in /home/jenkins/workspace/build/linux/bin/benchmark_plugingetset)
 n2: 11724 0x485EAE2: elektraRealloc (in /home/jenkins/workspace/build/linux/lib/libelektra-core.so.0.8.26)
  n2: 11166 0x4860B6F: keyAddBaseName (in /home/jenkins/workspace/build/linux/lib/libelektra-core.so.0.8.26)
   n1: 11108 0x4E4CE93: ???
    n1: 11108 0x4E5ABAC: ???
     n1: 11108 0x4E4E701: ???
      n1: 11108 0x4E4A750: ???
       n1: 11108 0x4E560E2: ???
        n0: 11108 0x1091F8: main (in /home/jenkins/workspace/build/linux/bin/benchmark_plugingetset)
   n0: 58 in 1 place, below massif's threshold (1.00%)
  n0: 558 in 2 places, all below massif's threshold (1.00%)
 n1: 5962 0x400B2AC: _dl_new_object (dl-object.c:73)
  n1: 5962 0x4005E46: _dl_map_object_from_fd (dl-load.c:1001)
   n2: 5962 0x4008A8B: _dl_map_object (dl-load.c:2466)
    n1: 4766 0x400D290: openaux (dl-deps.c:64)
     n1: 4766 0x49B5B2D: _dl_catch_exception (dl-error-skeleton.c:196)
      n1: 4766 0x400D604: _dl_map_object_deps (dl-deps.c:248)
       n1: 4766 0x401304E: dl_open_worker (dl-open.c:271)
        n1: 4766 0x49B5B2D: _dl_catch_exception (dl-error-skeleton.c:196)
         n1: 4766 0x4012BB8: _dl_open (dl-open.c:599)
          n1: 4766 0x487D254: dlopen_doit (dlopen.c:66)
           n1: 4766 0x49B5B2D: _dl_catch_exception (dl-error-skeleton.c:196)
            n1: 4766 0x49B5BBD: _dl_catch_error (dl-error-skeleton.c:215)
             n1: 4766 0x487D973: _dlerror_run (dlerror.c:163)
              n1: 4766 0x487D2E4: dlopen@@GLIBC_2.2.5 (dlopen.c:87)
               n1: 4766 0x48666EB: elektraModulesLoad (in /home/jenkins/workspace/build/linux/lib/libelektra-core.so.0.8.26)
                n1: 4766 0x484FD71: elektraPluginOpen (in /home/jenkins/workspace/build/linux/lib/libelektra-kdb.so.0.8.26)
                 n0: 4766 0x1091E1: main (in /home/jenkins/workspace/build/linux/bin/benchmark_plugingetset)
    n1: 1196 0x4012FE9: dl_open_worker (dl-open.c:228)
     n1: 1196 0x49B5B2D: _dl_catch_exception (dl-error-skeleton.c:196)
      n1: 1196 0x4012BB8: _dl_open (dl-open.c:599)
       n1: 1196 0x487D254: dlopen_doit (dlopen.c:66)
        n1: 1196 0x49B5B2D: _dl_catch_exception (dl-error-skeleton.c:196)
         n1: 1196 0x49B5BBD: _dl_catch_error (dl-error-skeleton.c:215)
          n1: 1196 0x487D973: _dlerror_run (dlerror.c:163)
           n1: 1196 0x487D2E4: dlopen@@GLIBC_2.2.5 (dlopen.c:87)
            n1: 1196 0x48666EB: elektraModulesLoad (in /home/jenkins/workspace/build/linux/lib/libelektra-core.so.0.8.26)
             n1: 1196 0x484FD71: elektraPluginOpen (in /home/jenkins/workspace/build/linux/lib/libelektra-kdb.so.0.8.26)
              n0: 1196 0x1091E1: main (in /home/jenkins/workspace/build/linux/bin/benchmark_plugingetset)
 n0: 5654 in 52 places, all below massif's threshold (1.00%)
 n1: 4064 0x400A095: do_lookup_x (dl-lookup.c:253)
  n1: 4064 0x400A38D: _dl_lookup_symbol_x (dl-lookup.c:814)
   n1: 4064 0x400BD5C: _dl_relocate_object (dl-machine.h:308)
    n1: 4064 0x401319C: dl_open_worker (dl-open.c:377)
     n1: 4064 0x49B5B2D: _dl_catch_exception (dl-error-skeleton.c:196)
      n1: 4064 0x4012BB8: _dl_open (dl-open.c:599)
       n1: 4064 0x487D254: dlopen_doit (dlopen.c:66)
        n1: 4064 0x49B5B2D: _dl_catch_exception (dl-error-skeleton.c:196)
         n1: 4064 0x49B5BBD: _dl_catch_error (dl-error-skeleton.c:215)
          n1: 4064 0x487D973: _dlerror_run (dlerror.c:163)
           n1: 4064 0x487D2E4: dlopen@@GLIBC_2.2.5 (dlopen.c:87)
            n1: 4064 0x48666EB: elektraModulesLoad (in /home/jenkins/workspace/build/linux/lib/libelektra-core.so.0.8.26)
             n1: 4064 0x484FD71: elektraPluginOpen (in /home/jenkins/workspace/build/linux/lib/libelektra-kdb.so.0.8.26)
              n0: 4064 0x1091E1: main (in /home/jenkins/workspace/build/linux/bin/benchmark_plugingetset)
 n1: 2376 0x4010A1E: _dl_check_map_versions (dl-version.c:274)
  n1: 2376 0x4013094: dl_open_worker (dl-open.c:277)
   n1: 2376 0x49B5B2D: _dl_catch_exception (dl-error-skeleton.c:196)
    n1: 2376 0x4012BB8: _dl_open (dl-open.c:599)
     n1: 2376 0x487D254: dlopen_doit (dlopen.c:66)
      n1: 2376 0x49B5B2D: _dl_catch_exception (dl-error-skeleton.c:196)
       n1: 2376 0x49B5BBD: _dl_catch_error (dl-error-skeleton.c:215)
        n1: 2376 0x487D973: _dlerror_run (dlerror.c:163)
         n1: 2376 0x487D2E4: dlopen@@GLIBC_2.2.5 (dlopen.c:87)
          n1: 2376 0x48666EB: elektraModulesLoad (in /home/jenkins/workspace/build/linux/lib/libelektra-core.so.0.8.26)
           n1: 2376 0x484FD71: elektraPluginOpen (in /home/jenkins/workspace/build/linux/lib/libelektra-kdb.so.0.8.26)
            n0: 2376 0x1091E1: main (in /home/jenkins/workspace/build/linux/bin/benchmark_plugingetset)
 n2: 1472 0x485F3A2: keyVNew (in /home/jenkins/workspace/build/linux/lib/libelektra-core.so.0.8.26)
  n1: 1280 0x4E4ECCF: ???
   n1: 1280 0x4E4CE66: ???
    n1: 1280 0x4E5ABAC: ???
     n1: 1280 0x4E4E701: ???
      n1: 1280 0x4E4A750: ???
       n1: 1280 0x4E560E2: ???
        n0: 1280 0x1091F8: main (in /home/jenkins/workspace/build/linux/bin/benchmark_plugingetset)
  n0: 192 in 1 place, below massif's threshold (1.00%)
#-----------
snapshot=52
#-----------
time=7194050
mem_heap_B=103692
mem_heap_extra_B=1628
mem_stacks_B=0
heap_tree=empty
#-----------
snapshot=53
#-----------
time=7195406
mem_heap_B=102058
mem_heap_extra_B=1534
mem_stacks_B=0
heap_tree=empty
#-----------
snapshot=54
#-----------
time=7197491
mem_heap_B=101704
mem_heap_extra_B=1456
mem_stacks_B=0
heap_tree=empty
#-----------
snapshot=55
#-----------
time=7200200
mem_heap_B=101574
mem_heap_extra_B=1450
mem_stacks_B=0
heap_tree=empty
#-----------
snapshot=56
#-----------
time=7202747
mem_heap_B=101560
mem_heap_extra_B=1440
mem_stacks_B=0
heap_tree=empty
#-----------
snapshot=57
#-----------
time=7208062
mem_heap_B=101592
mem_heap_extra_B=1448
mem_stacks_B=0
heap_tree=empty
#-----------
snapshot=58
#-----------
time=7208980
mem_heap_B=99646
mem_heap_extra_B=1346
mem_stacks_B=0
heap_tree=empty
#-----------
snapshot=59
#-----------
time=7211112
mem_heap_B=97992
mem_heap_extra_B=1240
mem_stacks_B=0
heap_tree=empty
#-----------
snapshot=60
#-----------
time=7213443
mem_heap_B=97224
mem_heap_extra_B=1208
mem_stacks_B=0
heap_tree=empty
#-----------
snapshot=61
#-----------
time=7214345
mem_heap_B=93272
mem_heap_extra_B=1000
mem_stacks_B=0
heap_tree=detailed
n7: 93272 (heap allocation functions) malloc/new/new[], --alloc-fns, etc.
 n1: 72704 0x4F03454: ??? (in /usr/lib/x86_64-linux-gnu/libstdc++.so.6.0.25)
  n1: 72704 0x400F378: call_init.part.0 (dl-init.c:72)
   n1: 72704 0x400F474: _dl_init (dl-init.c:118)
    n1: 72704 0x40132D1: dl_open_worker (dl-open.c:517)
     n1: 72704 0x49B5B2D: _dl_catch_exception (dl-error-skeleton.c:196)
      n1: 72704 0x4012BB8: _dl_open (dl-open.c:599)
       n1: 72704 0x487D254: dlopen_doit (dlopen.c:66)
        n1: 72704 0x49B5B2D: _dl_catch_exception (dl-error-skeleton.c:196)
         n1: 72704 0x49B5BBD: _dl_catch_error (dl-error-skeleton.c:215)
          n1: 72704 0x487D973: _dlerror_run (dlerror.c:163)
           n1: 72704 0x487D2E4: dlopen@@GLIBC_2.2.5 (dlopen.c:87)
            n1: 72704 0x48666EB: elektraModulesLoad (in /home/jenkins/workspace/build/linux/lib/libelektra-core.so.0.8.26)
             n1: 72704 0x484FD71: elektraPluginOpen (in /home/jenkins/workspace/build/linux/lib/libelektra-kdb.so.0.8.26)
              n0: 72704 0x1091E1: main (in /home/jenkins/workspace/build/linux/bin/benchmark_plugingetset)
 n2: 8328 0x485EAE2: elektraRealloc (in /home/jenkins/workspace/build/linux/lib/libelektra-core.so.0.8.26)
  n2: 8072 0x4860B6F: keyAddBaseName (in /home/jenkins/workspace/build/linux/lib/libelektra-core.so.0.8.26)
   n1: 8072 0x4E4CE93: ???
    n1: 8072 0x4E5ABAC: ???
     n1: 8072 0x4E4E701: ???
      n1: 8072 0x4E4A750: ???
       n1: 8072 0x4E560E2: ???
        n0: 8072 0x1091F8: main (in /home/jenkins/workspace/build/linux/bin/benchmark_plugingetset)
   n0: 0 in 1 place, below massif's threshold (1.00%)
  n0: 256 in 2 places, all below massif's threshold (1.00%)
 n1: 4064 0x400A095: do_lookup_x (dl-lookup.c:253)
  n1: 4064 0x400A38D: _dl_lookup_symbol_x (dl-lookup.c:814)
   n1: 4064 0x400BD5C: _dl_relocate_object (dl-machine.h:308)
    n1: 4064 0x401319C: dl_open_worker (dl-open.c:377)
     n1: 4064 0x49B5B2D: _dl_catch_exception (dl-error-skeleton.c:196)
      n1: 4064 0x4012BB8: _dl_open (dl-open.c:599)
       n1: 4064 0x487D254: dlopen_doit (dlopen.c:66)
        n1: 4064 0x49B5B2D: _dl_catch_exception (dl-error-skeleton.c:196)
         n1: 4064 0x49B5BBD: _dl_catch_error (dl-error-skeleton.c:215)
          n1: 4064 0x487D973: _dlerror_run (dlerror.c:163)
           n1: 4064 0x487D2E4: dlopen@@GLIBC_2.2.5 (dlopen.c:87)
            n1: 4064 0x48666EB: elektraModulesLoad (in /home/jenkins/workspace/build/linux/lib/libelektra-core.so.0.8.26)
             n1: 4064 0x484FD71: elektraPluginOpen (in /home/jenkins/workspace/build/linux/lib/libelektra-kdb.so.0.8.26)
              n0: 4064 0x1091E1: main (in /home/jenkins/workspace/build/linux/bin/benchmark_plugingetset)
 n1: 3567 0x400B2AC: _dl_new_object (dl-object.c:73)
  n1: 3567 0x4005E46: _dl_map_object_from_fd (dl-load.c:1001)
   n2: 3567 0x4008A8B: _dl_map_object (dl-load.c:2466)
    n1: 3567 0x400D290: openaux (dl-deps.c:64)
     n1: 3567 0x49B5B2D: _dl_catch_exception (dl-error-skeleton.c:196)
      n1: 3567 0x400D604: _dl_map_object_deps (dl-deps.c:248)
       n1: 3567 0x401304E: dl_open_worker (dl-open.c:271)
        n1: 3567 0x49B5B2D: _dl_catch_exception (dl-error-skeleton.c:196)
         n1: 3567 0x4012BB8: _dl_open (dl-open.c:599)
          n1: 3567 0x487D254: dlopen_doit (dlopen.c:66)
           n1: 3567 0x49B5B2D: _dl_catch_exception (dl-error-skeleton.c:196)
            n1: 3567 0x49B5BBD: _dl_catch_error (dl-error-skeleton.c:215)
             n1: 3567 0x487D973: _dlerror_run (dlerror.c:163)
              n1: 3567 0x487D2E4: dlopen@@GLIBC_2.2.5 (dlopen.c:87)
               n1: 3567 0x48666EB: elektraModulesLoad (in /home/jenkins/workspace/build/linux/lib/libelektra-core.so.0.8.26)
                n1: 3567 0x484FD71: elektraPluginOpen (in /home/jenkins/workspace/build/linux/lib/libelektra-kdb.so.0.8.26)
                 n0: 3567 0x1091E1: main (in /home/jenkins/workspace/build/linux/bin/benchmark_plugingetset)
    n0: 0 in 1 place, below massif's threshold (1.00%)
 n1: 2064 0x4010A1E: _dl_check_map_versions (dl-version.c:274)
  n1: 2064 0x4013094: dl_open_worker (dl-open.c:277)
   n1: 2064 0x49B5B2D: _dl_catch_exception (dl-error-skeleton.c:196)
    n1: 2064 0x4012BB8: _dl_open (dl-open.c:599)
     n1: 2064 0x487D254: dlopen_doit (dlopen.c:66)
      n1: 2064 0x49B5B2D: _dl_catch_exception (dl-error-skeleton.c:196)
       n1: 2064 0x49B5BBD: _dl_catch_error (dl-error-skeleton.c:215)
        n1: 2064 0x487D973: _dlerror_run (dlerror.c:163)
         n1: 2064 0x487D2E4: dlopen@@GLIBC_2.2.5 (dlopen.c:87)
          n1: 2064 0x48666EB: elektraModulesLoad (in /home/jenkins/workspace/build/linux/lib/libelektra-core.so.0.8.26)
           n1: 2064 0x484FD71: elektraPluginOpen (in /home/jenkins/workspace/build/linux/lib/libelektra-kdb.so.0.8.26)
            n0: 2064 0x1091E1: main (in /home/jenkins/workspace/build/linux/bin/benchmark_plugingetset)
 n0: 1521 in 53 places, all below massif's threshold (1.00%)
 n2: 1024 0x485F3A2: keyVNew (in /home/jenkins/workspace/build/linux/lib/libelektra-core.so.0.8.26)
  n1: 1024 0x4E4ECCF: ???
   n1: 1024 0x4E4CE66: ???
    n1: 1024 0x4E5ABAC: ???
     n1: 1024 0x4E4E701: ???
      n1: 1024 0x4E4A750: ???
       n1: 1024 0x4E560E2: ???
        n0: 1024 0x1091F8: main (in /home/jenkins/workspace/build/linux/bin/benchmark_plugingetset)
  n0: 0 in 1 place, below massif's threshold (1.00%)
#-----------
snapshot=62
#-----------
time=7215290
mem_heap_B=87881
mem_heap_extra_B=783
mem_stacks_B=0
heap_tree=empty
#-----------
snapshot=63
#-----------
time=7216187
mem_heap_B=86107
mem_heap_extra_B=605
mem_stacks_B=0
heap_tree=empty
#-----------
snapshot=64
#-----------
time=7217097
mem_heap_B=84379
mem_heap_extra_B=397
mem_stacks_B=0
heap_tree=empty
#-----------
snapshot=65
#-----------
time=7224480
mem_heap_B=82897
mem_heap_extra_B=255
mem_stacks_B=0
heap_tree=empty
