desc: --massif-out-file=results/generated_50_yawn_linux_clang6.0.1.out
cmd: build/linux/bin/benchmark_plugingetset benchmarks/data/generated_50 user yawn get
time_unit: i
#-----------
snapshot=0
#-----------
time=0
mem_heap_B=0
mem_heap_extra_B=0
mem_stacks_B=0
heap_tree=empty
#-----------
snapshot=1
#-----------
time=204426
mem_heap_B=64
mem_heap_extra_B=8
mem_stacks_B=0
heap_tree=empty
#-----------
snapshot=2
#-----------
time=232306
mem_heap_B=1396
mem_heap_extra_B=76
mem_stacks_B=0
heap_tree=empty
#-----------
snapshot=3
#-----------
time=272573
mem_heap_B=4713
mem_heap_extra_B=271
mem_stacks_B=0
heap_tree=empty
#-----------
snapshot=4
#-----------
time=298975
mem_heap_B=8692
mem_heap_extra_B=444
mem_stacks_B=0
heap_tree=empty
#-----------
snapshot=5
#-----------
time=336860
mem_heap_B=11404
mem_heap_extra_B=556
mem_stacks_B=0
heap_tree=detailed
n12: 11404 (heap allocation functions) malloc/new/new[], --alloc-fns, etc.
 n1: 5961 0x400B2AC: _dl_new_object (dl-object.c:73)
  n1: 5961 0x4005E46: _dl_map_object_from_fd (dl-load.c:1001)
   n2: 5961 0x4008A8B: _dl_map_object (dl-load.c:2466)
    n1: 4766 0x400D290: openaux (dl-deps.c:64)
     n1: 4766 0x49AEB2D: _dl_catch_exception (dl-error-skeleton.c:196)
      n1: 4766 0x400D604: _dl_map_object_deps (dl-deps.c:248)
       n1: 4766 0x401304E: dl_open_worker (dl-open.c:271)
        n1: 4766 0x49AEB2D: _dl_catch_exception (dl-error-skeleton.c:196)
         n1: 4766 0x4012BB8: _dl_open (dl-open.c:599)
          n1: 4766 0x4876254: dlopen_doit (dlopen.c:66)
           n1: 4766 0x49AEB2D: _dl_catch_exception (dl-error-skeleton.c:196)
            n1: 4766 0x49AEBBD: _dl_catch_error (dl-error-skeleton.c:215)
             n1: 4766 0x4876973: _dlerror_run (dlerror.c:163)
              n1: 4766 0x48762E4: dlopen@@GLIBC_2.2.5 (dlopen.c:87)
               n1: 4766 0x4860341: elektraModulesLoad (in /home/jenkins/workspace/build/linux/lib/libelektra-core.so.0.8.26)
                n1: 4766 0x4849B7D: elektraPluginOpen (in /home/jenkins/workspace/build/linux/lib/libelektra-kdb.so.0.8.26)
                 n0: 4766 0x4012D3: main (in /home/jenkins/workspace/build/linux/bin/benchmark_plugingetset)
    n1: 1195 0x4012FE9: dl_open_worker (dl-open.c:228)
     n1: 1195 0x49AEB2D: _dl_catch_exception (dl-error-skeleton.c:196)
      n1: 1195 0x4012BB8: _dl_open (dl-open.c:599)
       n1: 1195 0x4876254: dlopen_doit (dlopen.c:66)
        n1: 1195 0x49AEB2D: _dl_catch_exception (dl-error-skeleton.c:196)
         n1: 1195 0x49AEBBD: _dl_catch_error (dl-error-skeleton.c:215)
          n1: 1195 0x4876973: _dlerror_run (dlerror.c:163)
           n1: 1195 0x48762E4: dlopen@@GLIBC_2.2.5 (dlopen.c:87)
            n1: 1195 0x4860341: elektraModulesLoad (in /home/jenkins/workspace/build/linux/lib/libelektra-core.so.0.8.26)
             n1: 1195 0x4849B7D: elektraPluginOpen (in /home/jenkins/workspace/build/linux/lib/libelektra-kdb.so.0.8.26)
              n0: 1195 0x4012D3: main (in /home/jenkins/workspace/build/linux/bin/benchmark_plugingetset)
 n1: 2376 0x4010A1E: _dl_check_map_versions (dl-version.c:274)
  n1: 2376 0x4013094: dl_open_worker (dl-open.c:277)
   n1: 2376 0x49AEB2D: _dl_catch_exception (dl-error-skeleton.c:196)
    n1: 2376 0x4012BB8: _dl_open (dl-open.c:599)
     n1: 2376 0x4876254: dlopen_doit (dlopen.c:66)
      n1: 2376 0x49AEB2D: _dl_catch_exception (dl-error-skeleton.c:196)
       n1: 2376 0x49AEBBD: _dl_catch_error (dl-error-skeleton.c:215)
        n1: 2376 0x4876973: _dlerror_run (dlerror.c:163)
         n1: 2376 0x48762E4: dlopen@@GLIBC_2.2.5 (dlopen.c:87)
          n1: 2376 0x4860341: elektraModulesLoad (in /home/jenkins/workspace/build/linux/lib/libelektra-core.so.0.8.26)
           n1: 2376 0x4849B7D: elektraPluginOpen (in /home/jenkins/workspace/build/linux/lib/libelektra-kdb.so.0.8.26)
            n0: 2376 0x4012D3: main (in /home/jenkins/workspace/build/linux/bin/benchmark_plugingetset)
 n1: 1024 0x4858B77: elektraVFormat (in /home/jenkins/workspace/build/linux/lib/libelektra-core.so.0.8.26)
  n2: 1024 0x4858B56: elektraFormat (in /home/jenkins/workspace/build/linux/lib/libelektra-core.so.0.8.26)
   n0: 512 0x401256: main (in /home/jenkins/workspace/build/linux/bin/benchmark_plugingetset)
   n0: 512 0x40126B: main (in /home/jenkins/workspace/build/linux/bin/benchmark_plugingetset)
 n3: 384 0x485B4E7: ksNew (in /home/jenkins/workspace/build/linux/lib/libelektra-core.so.0.8.26)
  n0: 128 0x40123F: main (in /home/jenkins/workspace/build/linux/bin/benchmark_plugingetset)
  n0: 128 0x401296: main (in /home/jenkins/workspace/build/linux/bin/benchmark_plugingetset)
  n0: 128 0x4012A4: main (in /home/jenkins/workspace/build/linux/bin/benchmark_plugingetset)
 n0: 318 in 8 places, all below massif's threshold (1.00%)
 n1: 256 0x400D46A: _dl_map_object_deps (dl-deps.c:438)
  n1: 256 0x401304E: dl_open_worker (dl-open.c:271)
   n1: 256 0x49AEB2D: _dl_catch_exception (dl-error-skeleton.c:196)
    n1: 256 0x4012BB8: _dl_open (dl-open.c:599)
     n1: 256 0x4876254: dlopen_doit (dlopen.c:66)
      n1: 256 0x49AEB2D: _dl_catch_exception (dl-error-skeleton.c:196)
       n1: 256 0x49AEBBD: _dl_catch_error (dl-error-skeleton.c:215)
        n1: 256 0x4876973: _dlerror_run (dlerror.c:163)
         n1: 256 0x48762E4: dlopen@@GLIBC_2.2.5 (dlopen.c:87)
          n1: 256 0x4860341: elektraModulesLoad (in /home/jenkins/workspace/build/linux/lib/libelektra-core.so.0.8.26)
           n1: 256 0x4849B7D: elektraPluginOpen (in /home/jenkins/workspace/build/linux/lib/libelektra-kdb.so.0.8.26)
            n0: 256 0x4012D3: main (in /home/jenkins/workspace/build/linux/bin/benchmark_plugingetset)
 n1: 256 0x48593C3: keyNew (in /home/jenkins/workspace/build/linux/lib/libelektra-core.so.0.8.26)
  n0: 256 in 4 places, all below massif's threshold (1.00%)
 n1: 231 0x400B58E: _dl_new_object (dl-object.c:163)
  n1: 231 0x4005E46: _dl_map_object_from_fd (dl-load.c:1001)
   n2: 231 0x4008A8B: _dl_map_object (dl-load.c:2466)
    n1: 172 0x400D290: openaux (dl-deps.c:64)
     n1: 172 0x49AEB2D: _dl_catch_exception (dl-error-skeleton.c:196)
      n1: 172 0x400D604: _dl_map_object_deps (dl-deps.c:248)
       n1: 172 0x401304E: dl_open_worker (dl-open.c:271)
        n1: 172 0x49AEB2D: _dl_catch_exception (dl-error-skeleton.c:196)
         n1: 172 0x4012BB8: _dl_open (dl-open.c:599)
          n1: 172 0x4876254: dlopen_doit (dlopen.c:66)
           n1: 172 0x49AEB2D: _dl_catch_exception (dl-error-skeleton.c:196)
            n1: 172 0x49AEBBD: _dl_catch_error (dl-error-skeleton.c:215)
             n1: 172 0x4876973: _dlerror_run (dlerror.c:163)
              n1: 172 0x48762E4: dlopen@@GLIBC_2.2.5 (dlopen.c:87)
               n1: 172 0x4860341: elektraModulesLoad (in /home/jenkins/workspace/build/linux/lib/libelektra-core.so.0.8.26)
                n1: 172 0x4849B7D: elektraPluginOpen (in /home/jenkins/workspace/build/linux/lib/libelektra-kdb.so.0.8.26)
                 n0: 172 0x4012D3: main (in /home/jenkins/workspace/build/linux/bin/benchmark_plugingetset)
    n0: 59 in 1 place, below massif's threshold (1.00%)
 n1: 192 0x485B4A0: ksNew (in /home/jenkins/workspace/build/linux/lib/libelektra-core.so.0.8.26)
  n0: 192 in 3 places, all below massif's threshold (1.00%)
 n1: 152 0x400D904: _dl_map_object_deps (dl-deps.c:479)
  n1: 152 0x401304E: dl_open_worker (dl-open.c:271)
   n1: 152 0x49AEB2D: _dl_catch_exception (dl-error-skeleton.c:196)
    n1: 152 0x4012BB8: _dl_open (dl-open.c:599)
     n1: 152 0x4876254: dlopen_doit (dlopen.c:66)
      n1: 152 0x49AEB2D: _dl_catch_exception (dl-error-skeleton.c:196)
       n1: 152 0x49AEBBD: _dl_catch_error (dl-error-skeleton.c:215)
        n1: 152 0x4876973: _dlerror_run (dlerror.c:163)
         n1: 152 0x48762E4: dlopen@@GLIBC_2.2.5 (dlopen.c:87)
          n1: 152 0x4860341: elektraModulesLoad (in /home/jenkins/workspace/build/linux/lib/libelektra-core.so.0.8.26)
           n1: 152 0x4849B7D: elektraPluginOpen (in /home/jenkins/workspace/build/linux/lib/libelektra-kdb.so.0.8.26)
            n0: 152 0x4012D3: main (in /home/jenkins/workspace/build/linux/bin/benchmark_plugingetset)
 n1: 132 0x40081A8: fillin_rpath (dl-load.c:509)
  n1: 132 0x40083BA: decompose_rpath.isra.10 (dl-load.c:631)
   n1: 132 0x4009105: _dl_map_object (dl-load.c:2297)
    n1: 132 0x400D290: openaux (dl-deps.c:64)
     n1: 132 0x49AEB2D: _dl_catch_exception (dl-error-skeleton.c:196)
      n1: 132 0x400D604: _dl_map_object_deps (dl-deps.c:248)
       n1: 132 0x401304E: dl_open_worker (dl-open.c:271)
        n1: 132 0x49AEB2D: _dl_catch_exception (dl-error-skeleton.c:196)
         n1: 132 0x4012BB8: _dl_open (dl-open.c:599)
          n1: 132 0x4876254: dlopen_doit (dlopen.c:66)
           n1: 132 0x49AEB2D: _dl_catch_exception (dl-error-skeleton.c:196)
            n1: 132 0x49AEBBD: _dl_catch_error (dl-error-skeleton.c:215)
             n1: 132 0x4876973: _dlerror_run (dlerror.c:163)
              n1: 132 0x48762E4: dlopen@@GLIBC_2.2.5 (dlopen.c:87)
               n1: 132 0x4860341: elektraModulesLoad (in /home/jenkins/workspace/build/linux/lib/libelektra-core.so.0.8.26)
                n1: 132 0x4849B7D: elektraPluginOpen (in /home/jenkins/workspace/build/linux/lib/libelektra-kdb.so.0.8.26)
                 n0: 132 0x4012D3: main (in /home/jenkins/workspace/build/linux/bin/benchmark_plugingetset)
 n1: 122 0x4007798: open_path (dl-load.c:2112)
  n1: 122 0x4008C16: _dl_map_object (dl-load.c:2297)
   n0: 122 in 2 places, all below massif's threshold (1.00%)
#-----------
snapshot=6
#-----------
time=858663
mem_heap_B=12396
mem_heap_extra_B=564
mem_stacks_B=0
heap_tree=empty
#-----------
snapshot=7
#-----------
time=939616
mem_heap_B=14348
mem_heap_extra_B=572
mem_stacks_B=0
heap_tree=empty
#-----------
snapshot=8
#-----------
time=940499
mem_heap_B=13356
mem_heap_extra_B=564
mem_stacks_B=0
heap_tree=empty
#-----------
snapshot=9
#-----------
time=3223303
mem_heap_B=17420
mem_heap_extra_B=572
mem_stacks_B=0
heap_tree=empty
#-----------
snapshot=10
#-----------
time=3224934
mem_heap_B=15468
mem_heap_extra_B=564
mem_stacks_B=0
heap_tree=empty
#-----------
snapshot=11
#-----------
time=5003765
mem_heap_B=88172
mem_heap_extra_B=572
mem_stacks_B=0
heap_tree=empty
#-----------
snapshot=12
#-----------
time=5055374
mem_heap_B=88236
mem_heap_extra_B=580
mem_stacks_B=0
heap_tree=empty
#-----------
snapshot=13
#-----------
time=5106918
mem_heap_B=113699
mem_heap_extra_B=957
mem_stacks_B=0
heap_tree=empty
#-----------
snapshot=14
#-----------
time=5135294
mem_heap_B=115175
mem_heap_extra_B=985
mem_stacks_B=0
heap_tree=empty
#-----------
snapshot=15
#-----------
time=5181082
mem_heap_B=120455
mem_heap_extra_B=1065
mem_stacks_B=0
heap_tree=empty
#-----------
snapshot=16
#-----------
time=5226786
mem_heap_B=173000
mem_heap_extra_B=1056
mem_stacks_B=0
heap_tree=empty
#-----------
snapshot=17
#-----------
time=5329902
mem_heap_B=173000
mem_heap_extra_B=1056
mem_stacks_B=0
heap_tree=detailed
n10: 173000 (heap allocation functions) malloc/new/new[], --alloc-fns, etc.
 n1: 72704 0x4F06454: ??? (in /usr/lib/x86_64-linux-gnu/libstdc++.so.6.0.25)
  n1: 72704 0x400F378: call_init.part.0 (dl-init.c:72)
   n1: 72704 0x400F474: _dl_init (dl-init.c:118)
    n1: 72704 0x40132D1: dl_open_worker (dl-open.c:517)
     n1: 72704 0x49AEB2D: _dl_catch_exception (dl-error-skeleton.c:196)
      n1: 72704 0x4012BB8: _dl_open (dl-open.c:599)
       n1: 72704 0x4876254: dlopen_doit (dlopen.c:66)
        n1: 72704 0x49AEB2D: _dl_catch_exception (dl-error-skeleton.c:196)
         n1: 72704 0x49AEBBD: _dl_catch_error (dl-error-skeleton.c:215)
          n1: 72704 0x4876973: _dlerror_run (dlerror.c:163)
           n1: 72704 0x48762E4: dlopen@@GLIBC_2.2.5 (dlopen.c:87)
            n1: 72704 0x4860341: elektraModulesLoad (in /home/jenkins/workspace/build/linux/lib/libelektra-core.so.0.8.26)
             n1: 72704 0x4849B7D: elektraPluginOpen (in /home/jenkins/workspace/build/linux/lib/libelektra-kdb.so.0.8.26)
              n0: 72704 0x4012D3: main (in /home/jenkins/workspace/build/linux/bin/benchmark_plugingetset)
 n1: 42004 0x4E429AD: ???
  n1: 42004 0x4E425EA: ???
   n1: 42004 0x4E42371: ???
    n1: 42004 0x4E41B54: ???
     n1: 42004 0x4E47364: ???
      n1: 42004 0x4E4C528: ???
       n1: 42004 0x4E4D817: ???
        n0: 42004 0x4012EF: main (in /home/jenkins/workspace/build/linux/bin/benchmark_plugingetset)
 n4: 25792 0x4E5C684: ???
  n3: 12216 0x4E5C8F2: ???
   n1: 8072 0x4E4FA28: ???
    n1: 8072 0x4E5C267: ???
     n1: 8072 0x4E4C3C2: ???
      n1: 8072 0x4E4D817: ???
       n0: 8072 0x4012EF: main (in /home/jenkins/workspace/build/linux/bin/benchmark_plugingetset)
   n1: 2456 0x4E4F954: ???
    n1: 2456 0x4E5C267: ???
     n1: 2456 0x4E4C3C2: ???
      n1: 2456 0x4E4D817: ???
       n0: 2456 0x4012EF: main (in /home/jenkins/workspace/build/linux/bin/benchmark_plugingetset)
   n0: 1688 in 1 place, below massif's threshold (1.00%)
  n2: 5280 0x4E5CDA2: ???
   n1: 3168 0x4E50A33: ???
    n1: 3168 0x4E599DE: ???
     n1: 3168 0x4E5C2E4: ???
      n1: 3168 0x4E4C448: ???
       n1: 3168 0x4E4D817: ???
        n0: 3168 0x4012EF: main (in /home/jenkins/workspace/build/linux/bin/benchmark_plugingetset)
   n0: 2112 in 6 places, all below massif's threshold (1.00%)
  n0: 4200 in 11 places, all below massif's threshold (1.00%)
  n1: 4096 0x4E4FA55: ???
   n1: 4096 0x4E5C267: ???
    n1: 4096 0x4E4C3C2: ???
     n1: 4096 0x4E4D817: ???
      n0: 4096 0x4012EF: main (in /home/jenkins/workspace/build/linux/bin/benchmark_plugingetset)
 n1: 8192 0x4F628F6: std::basic_filebuf<char, std::char_traits<char> >::_M_allocate_internal_buffer() (in /usr/lib/x86_64-linux-gnu/libstdc++.so.6.0.25)
  n1: 8192 0x4F66790: std::basic_filebuf<char, std::char_traits<char> >::open(char const*, std::_Ios_Openmode) (in /usr/lib/x86_64-linux-gnu/libstdc++.so.6.0.25)
   n1: 8192 0x4F6776C: std::basic_ifstream<char, std::char_traits<char> >::basic_ifstream(std::__cxx11::basic_string<char, std::char_traits<char>, std::allocator<char> > const&, std::_Ios_Openmode) (in /usr/lib/x86_64-linux-gnu/libstdc++.so.6.0.25)
    n1: 8192 0x4E4C4CC: ???
     n1: 8192 0x4E4D817: ???
      n0: 8192 0x4012EF: main (in /home/jenkins/workspace/build/linux/bin/benchmark_plugingetset)
 n1: 5961 0x400B2AC: _dl_new_object (dl-object.c:73)
  n1: 5961 0x4005E46: _dl_map_object_from_fd (dl-load.c:1001)
   n2: 5961 0x4008A8B: _dl_map_object (dl-load.c:2466)
    n1: 4766 0x400D290: openaux (dl-deps.c:64)
     n1: 4766 0x49AEB2D: _dl_catch_exception (dl-error-skeleton.c:196)
      n1: 4766 0x400D604: _dl_map_object_deps (dl-deps.c:248)
       n1: 4766 0x401304E: dl_open_worker (dl-open.c:271)
        n1: 4766 0x49AEB2D: _dl_catch_exception (dl-error-skeleton.c:196)
         n1: 4766 0x4012BB8: _dl_open (dl-open.c:599)
          n1: 4766 0x4876254: dlopen_doit (dlopen.c:66)
           n1: 4766 0x49AEB2D: _dl_catch_exception (dl-error-skeleton.c:196)
            n1: 4766 0x49AEBBD: _dl_catch_error (dl-error-skeleton.c:215)
             n1: 4766 0x4876973: _dlerror_run (dlerror.c:163)
              n1: 4766 0x48762E4: dlopen@@GLIBC_2.2.5 (dlopen.c:87)
               n1: 4766 0x4860341: elektraModulesLoad (in /home/jenkins/workspace/build/linux/lib/libelektra-core.so.0.8.26)
                n1: 4766 0x4849B7D: elektraPluginOpen (in /home/jenkins/workspace/build/linux/lib/libelektra-kdb.so.0.8.26)
                 n0: 4766 0x4012D3: main (in /home/jenkins/workspace/build/linux/bin/benchmark_plugingetset)
    n0: 1195 in 1 place, below massif's threshold (1.00%)
 n0: 5709 in 42 places, all below massif's threshold (1.00%)
 n1: 4097 0x4F952AB: std::__cxx11::basic_string<char, std::char_traits<char>, std::allocator<char> >::reserve(unsigned long) (in /usr/lib/x86_64-linux-gnu/libstdc++.so.6.0.25)
  n1: 4097 0x4F89723: std::__cxx11::basic_stringbuf<char, std::char_traits<char>, std::allocator<char> >::overflow(int) (in /usr/lib/x86_64-linux-gnu/libstdc++.so.6.0.25)
   n1: 4097 0x4F938A9: std::basic_streambuf<char, std::char_traits<char> >::xsputn(char const*, long) (in /usr/lib/x86_64-linux-gnu/libstdc++.so.6.0.25)
    n1: 4097 0x4F228B3: long std::__copy_streambufs_eof<char, std::char_traits<char> >(std::basic_streambuf<char, std::char_traits<char> >*, std::basic_streambuf<char, std::char_traits<char> >*, bool&) (in /usr/lib/x86_64-linux-gnu/libstdc++.so.6.0.25)
     n1: 4097 0x4F84416: std::ostream::operator<<(std::basic_streambuf<char, std::char_traits<char> >*) (in /usr/lib/x86_64-linux-gnu/libstdc++.so.6.0.25)
      n1: 4097 0x4E41A4A: ???
       n1: 4097 0x4E47364: ???
        n1: 4097 0x4E4C528: ???
         n1: 4097 0x4E4D817: ???
          n0: 4097 0x4012EF: main (in /home/jenkins/workspace/build/linux/bin/benchmark_plugingetset)
 n1: 4064 0x400A095: do_lookup_x (dl-lookup.c:253)
  n1: 4064 0x400A38D: _dl_lookup_symbol_x (dl-lookup.c:814)
   n1: 4064 0x400BD5C: _dl_relocate_object (dl-machine.h:308)
    n1: 4064 0x401319C: dl_open_worker (dl-open.c:377)
     n1: 4064 0x49AEB2D: _dl_catch_exception (dl-error-skeleton.c:196)
      n1: 4064 0x4012BB8: _dl_open (dl-open.c:599)
       n1: 4064 0x4876254: dlopen_doit (dlopen.c:66)
        n1: 4064 0x49AEB2D: _dl_catch_exception (dl-error-skeleton.c:196)
         n1: 4064 0x49AEBBD: _dl_catch_error (dl-error-skeleton.c:215)
          n1: 4064 0x4876973: _dlerror_run (dlerror.c:163)
           n1: 4064 0x48762E4: dlopen@@GLIBC_2.2.5 (dlopen.c:87)
            n1: 4064 0x4860341: elektraModulesLoad (in /home/jenkins/workspace/build/linux/lib/libelektra-core.so.0.8.26)
             n1: 4064 0x4849B7D: elektraPluginOpen (in /home/jenkins/workspace/build/linux/lib/libelektra-kdb.so.0.8.26)
              n0: 4064 0x4012D3: main (in /home/jenkins/workspace/build/linux/bin/benchmark_plugingetset)
 n1: 2376 0x4010A1E: _dl_check_map_versions (dl-version.c:274)
  n1: 2376 0x4013094: dl_open_worker (dl-open.c:277)
   n1: 2376 0x49AEB2D: _dl_catch_exception (dl-error-skeleton.c:196)
    n1: 2376 0x4012BB8: _dl_open (dl-open.c:599)
     n1: 2376 0x4876254: dlopen_doit (dlopen.c:66)
      n1: 2376 0x49AEB2D: _dl_catch_exception (dl-error-skeleton.c:196)
       n1: 2376 0x49AEBBD: _dl_catch_error (dl-error-skeleton.c:215)
        n1: 2376 0x4876973: _dlerror_run (dlerror.c:163)
         n1: 2376 0x48762E4: dlopen@@GLIBC_2.2.5 (dlopen.c:87)
          n1: 2376 0x4860341: elektraModulesLoad (in /home/jenkins/workspace/build/linux/lib/libelektra-core.so.0.8.26)
           n1: 2376 0x4849B7D: elektraPluginOpen (in /home/jenkins/workspace/build/linux/lib/libelektra-kdb.so.0.8.26)
            n0: 2376 0x4012D3: main (in /home/jenkins/workspace/build/linux/bin/benchmark_plugingetset)
 n1: 2101 0x4F94DC9: std::__cxx11::basic_string<char, std::char_traits<char>, std::allocator<char> >::_M_mutate(unsigned long, unsigned long, char const*, unsigned long) (in /usr/lib/x86_64-linux-gnu/libstdc++.so.6.0.25)
  n1: 2101 0x4F95B79: std::__cxx11::basic_string<char, std::char_traits<char>, std::allocator<char> >::_M_replace(unsigned long, unsigned long, char const*, unsigned long) (in /usr/lib/x86_64-linux-gnu/libstdc++.so.6.0.25)
   n1: 2101 0x4E41B10: ???
    n1: 2101 0x4E47364: ???
     n1: 2101 0x4E4C528: ???
      n1: 2101 0x4E4D817: ???
       n0: 2101 0x4012EF: main (in /home/jenkins/workspace/build/linux/bin/benchmark_plugingetset)
#-----------
snapshot=18
#-----------
time=5333494
mem_heap_B=168688
mem_heap_extra_B=1096
mem_stacks_B=0
heap_tree=empty
#-----------
snapshot=19
#-----------
time=5392930
mem_heap_B=179247
mem_heap_extra_B=1129
mem_stacks_B=0
heap_tree=detailed
n9: 179247 (heap allocation functions) malloc/new/new[], --alloc-fns, etc.
 n1: 72704 0x4F06454: ??? (in /usr/lib/x86_64-linux-gnu/libstdc++.so.6.0.25)
  n1: 72704 0x400F378: call_init.part.0 (dl-init.c:72)
   n1: 72704 0x400F474: _dl_init (dl-init.c:118)
    n1: 72704 0x40132D1: dl_open_worker (dl-open.c:517)
     n1: 72704 0x49AEB2D: _dl_catch_exception (dl-error-skeleton.c:196)
      n1: 72704 0x4012BB8: _dl_open (dl-open.c:599)
       n1: 72704 0x4876254: dlopen_doit (dlopen.c:66)
        n1: 72704 0x49AEB2D: _dl_catch_exception (dl-error-skeleton.c:196)
         n1: 72704 0x49AEBBD: _dl_catch_error (dl-error-skeleton.c:215)
          n1: 72704 0x4876973: _dlerror_run (dlerror.c:163)
           n1: 72704 0x48762E4: dlopen@@GLIBC_2.2.5 (dlopen.c:87)
            n1: 72704 0x4860341: elektraModulesLoad (in /home/jenkins/workspace/build/linux/lib/libelektra-core.so.0.8.26)
             n1: 72704 0x4849B7D: elektraPluginOpen (in /home/jenkins/workspace/build/linux/lib/libelektra-kdb.so.0.8.26)
              n0: 72704 0x4012D3: main (in /home/jenkins/workspace/build/linux/bin/benchmark_plugingetset)
 n1: 42004 0x4E429AD: ???
  n1: 42004 0x4E425EA: ???
   n1: 42004 0x4E42371: ???
    n1: 42004 0x4E41B54: ???
     n1: 42004 0x4E47364: ???
      n1: 42004 0x4E4C528: ???
       n1: 42004 0x4E4D817: ???
        n0: 42004 0x4012EF: main (in /home/jenkins/workspace/build/linux/bin/benchmark_plugingetset)
 n4: 25792 0x4E5C684: ???
  n3: 12216 0x4E5C8F2: ???
   n1: 8072 0x4E4FA28: ???
    n1: 8072 0x4E5C267: ???
     n1: 8072 0x4E4C3C2: ???
      n1: 8072 0x4E4D817: ???
       n0: 8072 0x4012EF: main (in /home/jenkins/workspace/build/linux/bin/benchmark_plugingetset)
   n1: 2456 0x4E4F954: ???
    n1: 2456 0x4E5C267: ???
     n1: 2456 0x4E4C3C2: ???
      n1: 2456 0x4E4D817: ???
       n0: 2456 0x4012EF: main (in /home/jenkins/workspace/build/linux/bin/benchmark_plugingetset)
   n0: 1688 in 1 place, below massif's threshold (1.00%)
  n2: 5280 0x4E5CDA2: ???
   n1: 3168 0x4E50A33: ???
    n1: 3168 0x4E599DE: ???
     n1: 3168 0x4E5C2E4: ???
      n1: 3168 0x4E4C448: ???
       n1: 3168 0x4E4D817: ???
        n0: 3168 0x4012EF: main (in /home/jenkins/workspace/build/linux/bin/benchmark_plugingetset)
   n0: 2112 in 6 places, all below massif's threshold (1.00%)
  n0: 4200 in 11 places, all below massif's threshold (1.00%)
  n1: 4096 0x4E4FA55: ???
   n1: 4096 0x4E5C267: ???
    n1: 4096 0x4E4C3C2: ???
     n1: 4096 0x4E4D817: ???
      n0: 4096 0x4012EF: main (in /home/jenkins/workspace/build/linux/bin/benchmark_plugingetset)
 n2: 10501 0x4F94DC9: std::__cxx11::basic_string<char, std::char_traits<char>, std::allocator<char> >::_M_mutate(unsigned long, unsigned long, char const*, unsigned long) (in /usr/lib/x86_64-linux-gnu/libstdc++.so.6.0.25)
  n1: 10501 0x4F957CE: std::__cxx11::basic_string<char, std::char_traits<char>, std::allocator<char> >::_M_replace_aux(unsigned long, unsigned long, unsigned long, char) (in /usr/lib/x86_64-linux-gnu/libstdc++.so.6.0.25)
   n1: 10501 0x4E431A9: ???
    n2: 10501 0x4E42FCD: ???
     n1: 10501 0x4E4224C: ???
      n1: 10501 0x4E47C77: ???
       n1: 10501 0x4E4C53C: ???
        n1: 10501 0x4E4D817: ???
         n0: 10501 0x4012EF: main (in /home/jenkins/workspace/build/linux/bin/benchmark_plugingetset)
     n0: 0 in 1 place, below massif's threshold (1.00%)
  n0: 0 in 1 place, below massif's threshold (1.00%)
 n1: 8192 0x4F628F6: std::basic_filebuf<char, std::char_traits<char> >::_M_allocate_internal_buffer() (in /usr/lib/x86_64-linux-gnu/libstdc++.so.6.0.25)
  n1: 8192 0x4F66790: std::basic_filebuf<char, std::char_traits<char> >::open(char const*, std::_Ios_Openmode) (in /usr/lib/x86_64-linux-gnu/libstdc++.so.6.0.25)
   n1: 8192 0x4F6776C: std::basic_ifstream<char, std::char_traits<char> >::basic_ifstream(std::__cxx11::basic_string<char, std::char_traits<char>, std::allocator<char> > const&, std::_Ios_Openmode) (in /usr/lib/x86_64-linux-gnu/libstdc++.so.6.0.25)
    n1: 8192 0x4E4C4CC: ???
     n1: 8192 0x4E4D817: ???
      n0: 8192 0x4012EF: main (in /home/jenkins/workspace/build/linux/bin/benchmark_plugingetset)
 n0: 7653 in 53 places, all below massif's threshold (1.00%)
 n1: 5961 0x400B2AC: _dl_new_object (dl-object.c:73)
  n1: 5961 0x4005E46: _dl_map_object_from_fd (dl-load.c:1001)
   n2: 5961 0x4008A8B: _dl_map_object (dl-load.c:2466)
    n1: 4766 0x400D290: openaux (dl-deps.c:64)
     n1: 4766 0x49AEB2D: _dl_catch_exception (dl-error-skeleton.c:196)
      n1: 4766 0x400D604: _dl_map_object_deps (dl-deps.c:248)
       n1: 4766 0x401304E: dl_open_worker (dl-open.c:271)
        n1: 4766 0x49AEB2D: _dl_catch_exception (dl-error-skeleton.c:196)
         n1: 4766 0x4012BB8: _dl_open (dl-open.c:599)
          n1: 4766 0x4876254: dlopen_doit (dlopen.c:66)
           n1: 4766 0x49AEB2D: _dl_catch_exception (dl-error-skeleton.c:196)
            n1: 4766 0x49AEBBD: _dl_catch_error (dl-error-skeleton.c:215)
             n1: 4766 0x4876973: _dlerror_run (dlerror.c:163)
              n1: 4766 0x48762E4: dlopen@@GLIBC_2.2.5 (dlopen.c:87)
               n1: 4766 0x4860341: elektraModulesLoad (in /home/jenkins/workspace/build/linux/lib/libelektra-core.so.0.8.26)
                n1: 4766 0x4849B7D: elektraPluginOpen (in /home/jenkins/workspace/build/linux/lib/libelektra-kdb.so.0.8.26)
                 n0: 4766 0x4012D3: main (in /home/jenkins/workspace/build/linux/bin/benchmark_plugingetset)
    n0: 1195 in 1 place, below massif's threshold (1.00%)
 n1: 4064 0x400A095: do_lookup_x (dl-lookup.c:253)
  n1: 4064 0x400A38D: _dl_lookup_symbol_x (dl-lookup.c:814)
   n1: 4064 0x400BD5C: _dl_relocate_object (dl-machine.h:308)
    n1: 4064 0x401319C: dl_open_worker (dl-open.c:377)
     n1: 4064 0x49AEB2D: _dl_catch_exception (dl-error-skeleton.c:196)
      n1: 4064 0x4012BB8: _dl_open (dl-open.c:599)
       n1: 4064 0x4876254: dlopen_doit (dlopen.c:66)
        n1: 4064 0x49AEB2D: _dl_catch_exception (dl-error-skeleton.c:196)
         n1: 4064 0x49AEBBD: _dl_catch_error (dl-error-skeleton.c:215)
          n1: 4064 0x4876973: _dlerror_run (dlerror.c:163)
           n1: 4064 0x48762E4: dlopen@@GLIBC_2.2.5 (dlopen.c:87)
            n1: 4064 0x4860341: elektraModulesLoad (in /home/jenkins/workspace/build/linux/lib/libelektra-core.so.0.8.26)
             n1: 4064 0x4849B7D: elektraPluginOpen (in /home/jenkins/workspace/build/linux/lib/libelektra-kdb.so.0.8.26)
              n0: 4064 0x4012D3: main (in /home/jenkins/workspace/build/linux/bin/benchmark_plugingetset)
 n1: 2376 0x4010A1E: _dl_check_map_versions (dl-version.c:274)
  n1: 2376 0x4013094: dl_open_worker (dl-open.c:277)
   n1: 2376 0x49AEB2D: _dl_catch_exception (dl-error-skeleton.c:196)
    n1: 2376 0x4012BB8: _dl_open (dl-open.c:599)
     n1: 2376 0x4876254: dlopen_doit (dlopen.c:66)
      n1: 2376 0x49AEB2D: _dl_catch_exception (dl-error-skeleton.c:196)
       n1: 2376 0x49AEBBD: _dl_catch_error (dl-error-skeleton.c:215)
        n1: 2376 0x4876973: _dlerror_run (dlerror.c:163)
         n1: 2376 0x48762E4: dlopen@@GLIBC_2.2.5 (dlopen.c:87)
          n1: 2376 0x4860341: elektraModulesLoad (in /home/jenkins/workspace/build/linux/lib/libelektra-core.so.0.8.26)
           n1: 2376 0x4849B7D: elektraPluginOpen (in /home/jenkins/workspace/build/linux/lib/libelektra-kdb.so.0.8.26)
            n0: 2376 0x4012D3: main (in /home/jenkins/workspace/build/linux/bin/benchmark_plugingetset)
#-----------
snapshot=20
#-----------
time=5449730
mem_heap_B=333211
mem_heap_extra_B=1757
mem_stacks_B=0
heap_tree=empty
#-----------
snapshot=21
#-----------
time=5497964
mem_heap_B=335314
mem_heap_extra_B=2286
mem_stacks_B=0
heap_tree=empty
#-----------
snapshot=22
#-----------
time=5556985
mem_heap_B=338218
mem_heap_extra_B=2902
mem_stacks_B=0
heap_tree=empty
#-----------
snapshot=23
#-----------
time=5590236
mem_heap_B=339887
mem_heap_extra_B=3321
mem_stacks_B=0
heap_tree=empty
#-----------
snapshot=24
#-----------
time=5631078
mem_heap_B=341442
mem_heap_extra_B=3718
mem_stacks_B=0
heap_tree=detailed
n7: 341442 (heap allocation functions) malloc/new/new[], --alloc-fns, etc.
 n5: 185792 0x4E5C684: ???
  n1: 160000 0x4E56675: ???
   n1: 160000 0x4E4C5A6: ???
    n1: 160000 0x4E4D817: ???
     n0: 160000 0x4012EF: main (in /home/jenkins/workspace/build/linux/bin/benchmark_plugingetset)
  n2: 12216 0x4E5C8F2: ???
   n1: 8072 0x4E4FA28: ???
    n1: 8072 0x4E5C267: ???
     n1: 8072 0x4E4C3C2: ???
      n1: 8072 0x4E4D817: ???
       n0: 8072 0x4012EF: main (in /home/jenkins/workspace/build/linux/bin/benchmark_plugingetset)
   n0: 4144 in 2 places, all below massif's threshold (1.00%)
  n1: 5280 0x4E5CDA2: ???
   n0: 5280 in 7 places, all below massif's threshold (1.00%)
  n0: 4200 in 11 places, all below massif's threshold (1.00%)
  n1: 4096 0x4E4FA55: ???
   n1: 4096 0x4E5C267: ???
    n1: 4096 0x4E4C3C2: ???
     n1: 4096 0x4E4D817: ???
      n0: 4096 0x4012EF: main (in /home/jenkins/workspace/build/linux/bin/benchmark_plugingetset)
 n1: 72704 0x4F06454: ??? (in /usr/lib/x86_64-linux-gnu/libstdc++.so.6.0.25)
  n1: 72704 0x400F378: call_init.part.0 (dl-init.c:72)
   n1: 72704 0x400F474: _dl_init (dl-init.c:118)
    n1: 72704 0x40132D1: dl_open_worker (dl-open.c:517)
     n1: 72704 0x49AEB2D: _dl_catch_exception (dl-error-skeleton.c:196)
      n1: 72704 0x4012BB8: _dl_open (dl-open.c:599)
       n1: 72704 0x4876254: dlopen_doit (dlopen.c:66)
        n1: 72704 0x49AEB2D: _dl_catch_exception (dl-error-skeleton.c:196)
         n1: 72704 0x49AEBBD: _dl_catch_error (dl-error-skeleton.c:215)
          n1: 72704 0x4876973: _dlerror_run (dlerror.c:163)
           n1: 72704 0x48762E4: dlopen@@GLIBC_2.2.5 (dlopen.c:87)
            n1: 72704 0x4860341: elektraModulesLoad (in /home/jenkins/workspace/build/linux/lib/libelektra-core.so.0.8.26)
             n1: 72704 0x4849B7D: elektraPluginOpen (in /home/jenkins/workspace/build/linux/lib/libelektra-kdb.so.0.8.26)
              n0: 72704 0x4012D3: main (in /home/jenkins/workspace/build/linux/bin/benchmark_plugingetset)
 n1: 42004 0x4E429AD: ???
  n1: 42004 0x4E425EA: ???
   n1: 42004 0x4E42371: ???
    n1: 42004 0x4E41B54: ???
     n1: 42004 0x4E47364: ???
      n1: 42004 0x4E4C528: ???
       n1: 42004 0x4E4D817: ???
        n0: 42004 0x4012EF: main (in /home/jenkins/workspace/build/linux/bin/benchmark_plugingetset)
 n0: 22725 in 66 places, all below massif's threshold (1.00%)
 n1: 8192 0x4F628F6: std::basic_filebuf<char, std::char_traits<char> >::_M_allocate_internal_buffer() (in /usr/lib/x86_64-linux-gnu/libstdc++.so.6.0.25)
  n1: 8192 0x4F66790: std::basic_filebuf<char, std::char_traits<char> >::open(char const*, std::_Ios_Openmode) (in /usr/lib/x86_64-linux-gnu/libstdc++.so.6.0.25)
   n1: 8192 0x4F6776C: std::basic_ifstream<char, std::char_traits<char> >::basic_ifstream(std::__cxx11::basic_string<char, std::char_traits<char>, std::allocator<char> > const&, std::_Ios_Openmode) (in /usr/lib/x86_64-linux-gnu/libstdc++.so.6.0.25)
    n1: 8192 0x4E4C4CC: ???
     n1: 8192 0x4E4D817: ???
      n0: 8192 0x4012EF: main (in /home/jenkins/workspace/build/linux/bin/benchmark_plugingetset)
 n1: 5961 0x400B2AC: _dl_new_object (dl-object.c:73)
  n1: 5961 0x4005E46: _dl_map_object_from_fd (dl-load.c:1001)
   n2: 5961 0x4008A8B: _dl_map_object (dl-load.c:2466)
    n1: 4766 0x400D290: openaux (dl-deps.c:64)
     n1: 4766 0x49AEB2D: _dl_catch_exception (dl-error-skeleton.c:196)
      n1: 4766 0x400D604: _dl_map_object_deps (dl-deps.c:248)
       n1: 4766 0x401304E: dl_open_worker (dl-open.c:271)
        n1: 4766 0x49AEB2D: _dl_catch_exception (dl-error-skeleton.c:196)
         n1: 4766 0x4012BB8: _dl_open (dl-open.c:599)
          n1: 4766 0x4876254: dlopen_doit (dlopen.c:66)
           n1: 4766 0x49AEB2D: _dl_catch_exception (dl-error-skeleton.c:196)
            n1: 4766 0x49AEBBD: _dl_catch_error (dl-error-skeleton.c:215)
             n1: 4766 0x4876973: _dlerror_run (dlerror.c:163)
              n1: 4766 0x48762E4: dlopen@@GLIBC_2.2.5 (dlopen.c:87)
               n1: 4766 0x4860341: elektraModulesLoad (in /home/jenkins/workspace/build/linux/lib/libelektra-core.so.0.8.26)
                n1: 4766 0x4849B7D: elektraPluginOpen (in /home/jenkins/workspace/build/linux/lib/libelektra-kdb.so.0.8.26)
                 n0: 4766 0x4012D3: main (in /home/jenkins/workspace/build/linux/bin/benchmark_plugingetset)
    n0: 1195 in 1 place, below massif's threshold (1.00%)
 n1: 4064 0x400A095: do_lookup_x (dl-lookup.c:253)
  n1: 4064 0x400A38D: _dl_lookup_symbol_x (dl-lookup.c:814)
   n1: 4064 0x400BD5C: _dl_relocate_object (dl-machine.h:308)
    n1: 4064 0x401319C: dl_open_worker (dl-open.c:377)
     n1: 4064 0x49AEB2D: _dl_catch_exception (dl-error-skeleton.c:196)
      n1: 4064 0x4012BB8: _dl_open (dl-open.c:599)
       n1: 4064 0x4876254: dlopen_doit (dlopen.c:66)
        n1: 4064 0x49AEB2D: _dl_catch_exception (dl-error-skeleton.c:196)
         n1: 4064 0x49AEBBD: _dl_catch_error (dl-error-skeleton.c:215)
          n1: 4064 0x4876973: _dlerror_run (dlerror.c:163)
           n1: 4064 0x48762E4: dlopen@@GLIBC_2.2.5 (dlopen.c:87)
            n1: 4064 0x4860341: elektraModulesLoad (in /home/jenkins/workspace/build/linux/lib/libelektra-core.so.0.8.26)
             n1: 4064 0x4849B7D: elektraPluginOpen (in /home/jenkins/workspace/build/linux/lib/libelektra-kdb.so.0.8.26)
              n0: 4064 0x4012D3: main (in /home/jenkins/workspace/build/linux/bin/benchmark_plugingetset)
#-----------
snapshot=25
#-----------
time=5657853
mem_heap_B=342862
mem_heap_extra_B=3922
mem_stacks_B=0
heap_tree=detailed
n7: 342862 (heap allocation functions) malloc/new/new[], --alloc-fns, etc.
 n5: 185792 0x4E5C684: ???
  n1: 160000 0x4E56675: ???
   n1: 160000 0x4E4C5A6: ???
    n1: 160000 0x4E4D817: ???
     n0: 160000 0x4012EF: main (in /home/jenkins/workspace/build/linux/bin/benchmark_plugingetset)
  n2: 12216 0x4E5C8F2: ???
   n1: 8072 0x4E4FA28: ???
    n1: 8072 0x4E5C267: ???
     n1: 8072 0x4E4C3C2: ???
      n1: 8072 0x4E4D817: ???
       n0: 8072 0x4012EF: main (in /home/jenkins/workspace/build/linux/bin/benchmark_plugingetset)
   n0: 4144 in 2 places, all below massif's threshold (1.00%)
  n1: 5280 0x4E5CDA2: ???
   n0: 5280 in 7 places, all below massif's threshold (1.00%)
  n0: 4200 in 11 places, all below massif's threshold (1.00%)
  n1: 4096 0x4E4FA55: ???
   n1: 4096 0x4E5C267: ???
    n1: 4096 0x4E4C3C2: ???
     n1: 4096 0x4E4D817: ???
      n0: 4096 0x4012EF: main (in /home/jenkins/workspace/build/linux/bin/benchmark_plugingetset)
 n1: 72704 0x4F06454: ??? (in /usr/lib/x86_64-linux-gnu/libstdc++.so.6.0.25)
  n1: 72704 0x400F378: call_init.part.0 (dl-init.c:72)
   n1: 72704 0x400F474: _dl_init (dl-init.c:118)
    n1: 72704 0x40132D1: dl_open_worker (dl-open.c:517)
     n1: 72704 0x49AEB2D: _dl_catch_exception (dl-error-skeleton.c:196)
      n1: 72704 0x4012BB8: _dl_open (dl-open.c:599)
       n1: 72704 0x4876254: dlopen_doit (dlopen.c:66)
        n1: 72704 0x49AEB2D: _dl_catch_exception (dl-error-skeleton.c:196)
         n1: 72704 0x49AEBBD: _dl_catch_error (dl-error-skeleton.c:215)
          n1: 72704 0x4876973: _dlerror_run (dlerror.c:163)
           n1: 72704 0x48762E4: dlopen@@GLIBC_2.2.5 (dlopen.c:87)
            n1: 72704 0x4860341: elektraModulesLoad (in /home/jenkins/workspace/build/linux/lib/libelektra-core.so.0.8.26)
             n1: 72704 0x4849B7D: elektraPluginOpen (in /home/jenkins/workspace/build/linux/lib/libelektra-kdb.so.0.8.26)
              n0: 72704 0x4012D3: main (in /home/jenkins/workspace/build/linux/bin/benchmark_plugingetset)
 n1: 42004 0x4E429AD: ???
  n1: 42004 0x4E425EA: ???
   n1: 42004 0x4E42371: ???
    n1: 42004 0x4E41B54: ???
     n1: 42004 0x4E47364: ???
      n1: 42004 0x4E4C528: ???
       n1: 42004 0x4E4D817: ???
        n0: 42004 0x4012EF: main (in /home/jenkins/workspace/build/linux/bin/benchmark_plugingetset)
 n0: 24145 in 66 places, all below massif's threshold (1.00%)
 n1: 8192 0x4F628F6: std::basic_filebuf<char, std::char_traits<char> >::_M_allocate_internal_buffer() (in /usr/lib/x86_64-linux-gnu/libstdc++.so.6.0.25)
  n1: 8192 0x4F66790: std::basic_filebuf<char, std::char_traits<char> >::open(char const*, std::_Ios_Openmode) (in /usr/lib/x86_64-linux-gnu/libstdc++.so.6.0.25)
   n1: 8192 0x4F6776C: std::basic_ifstream<char, std::char_traits<char> >::basic_ifstream(std::__cxx11::basic_string<char, std::char_traits<char>, std::allocator<char> > const&, std::_Ios_Openmode) (in /usr/lib/x86_64-linux-gnu/libstdc++.so.6.0.25)
    n1: 8192 0x4E4C4CC: ???
     n1: 8192 0x4E4D817: ???
      n0: 8192 0x4012EF: main (in /home/jenkins/workspace/build/linux/bin/benchmark_plugingetset)
 n1: 5961 0x400B2AC: _dl_new_object (dl-object.c:73)
  n1: 5961 0x4005E46: _dl_map_object_from_fd (dl-load.c:1001)
   n2: 5961 0x4008A8B: _dl_map_object (dl-load.c:2466)
    n1: 4766 0x400D290: openaux (dl-deps.c:64)
     n1: 4766 0x49AEB2D: _dl_catch_exception (dl-error-skeleton.c:196)
      n1: 4766 0x400D604: _dl_map_object_deps (dl-deps.c:248)
       n1: 4766 0x401304E: dl_open_worker (dl-open.c:271)
        n1: 4766 0x49AEB2D: _dl_catch_exception (dl-error-skeleton.c:196)
         n1: 4766 0x4012BB8: _dl_open (dl-open.c:599)
          n1: 4766 0x4876254: dlopen_doit (dlopen.c:66)
           n1: 4766 0x49AEB2D: _dl_catch_exception (dl-error-skeleton.c:196)
            n1: 4766 0x49AEBBD: _dl_catch_error (dl-error-skeleton.c:215)
             n1: 4766 0x4876973: _dlerror_run (dlerror.c:163)
              n1: 4766 0x48762E4: dlopen@@GLIBC_2.2.5 (dlopen.c:87)
               n1: 4766 0x4860341: elektraModulesLoad (in /home/jenkins/workspace/build/linux/lib/libelektra-core.so.0.8.26)
                n1: 4766 0x4849B7D: elektraPluginOpen (in /home/jenkins/workspace/build/linux/lib/libelektra-kdb.so.0.8.26)
                 n0: 4766 0x4012D3: main (in /home/jenkins/workspace/build/linux/bin/benchmark_plugingetset)
    n0: 1195 in 1 place, below massif's threshold (1.00%)
 n1: 4064 0x400A095: do_lookup_x (dl-lookup.c:253)
  n1: 4064 0x400A38D: _dl_lookup_symbol_x (dl-lookup.c:814)
   n1: 4064 0x400BD5C: _dl_relocate_object (dl-machine.h:308)
    n1: 4064 0x401319C: dl_open_worker (dl-open.c:377)
     n1: 4064 0x49AEB2D: _dl_catch_exception (dl-error-skeleton.c:196)
      n1: 4064 0x4012BB8: _dl_open (dl-open.c:599)
       n1: 4064 0x4876254: dlopen_doit (dlopen.c:66)
        n1: 4064 0x49AEB2D: _dl_catch_exception (dl-error-skeleton.c:196)
         n1: 4064 0x49AEBBD: _dl_catch_error (dl-error-skeleton.c:215)
          n1: 4064 0x4876973: _dlerror_run (dlerror.c:163)
           n1: 4064 0x48762E4: dlopen@@GLIBC_2.2.5 (dlopen.c:87)
            n1: 4064 0x4860341: elektraModulesLoad (in /home/jenkins/workspace/build/linux/lib/libelektra-core.so.0.8.26)
             n1: 4064 0x4849B7D: elektraPluginOpen (in /home/jenkins/workspace/build/linux/lib/libelektra-kdb.so.0.8.26)
              n0: 4064 0x4012D3: main (in /home/jenkins/workspace/build/linux/bin/benchmark_plugingetset)
#-----------
snapshot=26
#-----------
time=5719623
mem_heap_B=345815
mem_heap_extra_B=4641
mem_stacks_B=0
heap_tree=detailed
n7: 345815 (heap allocation functions) malloc/new/new[], --alloc-fns, etc.
 n5: 185792 0x4E5C684: ???
  n1: 160000 0x4E56675: ???
   n1: 160000 0x4E4C5A6: ???
    n1: 160000 0x4E4D817: ???
     n0: 160000 0x4012EF: main (in /home/jenkins/workspace/build/linux/bin/benchmark_plugingetset)
  n2: 12216 0x4E5C8F2: ???
   n1: 8072 0x4E4FA28: ???
    n1: 8072 0x4E5C267: ???
     n1: 8072 0x4E4C3C2: ???
      n1: 8072 0x4E4D817: ???
       n0: 8072 0x4012EF: main (in /home/jenkins/workspace/build/linux/bin/benchmark_plugingetset)
   n0: 4144 in 2 places, all below massif's threshold (1.00%)
  n1: 5280 0x4E5CDA2: ???
   n0: 5280 in 7 places, all below massif's threshold (1.00%)
  n0: 4200 in 11 places, all below massif's threshold (1.00%)
  n1: 4096 0x4E4FA55: ???
   n1: 4096 0x4E5C267: ???
    n1: 4096 0x4E4C3C2: ???
     n1: 4096 0x4E4D817: ???
      n0: 4096 0x4012EF: main (in /home/jenkins/workspace/build/linux/bin/benchmark_plugingetset)
 n1: 72704 0x4F06454: ??? (in /usr/lib/x86_64-linux-gnu/libstdc++.so.6.0.25)
  n1: 72704 0x400F378: call_init.part.0 (dl-init.c:72)
   n1: 72704 0x400F474: _dl_init (dl-init.c:118)
    n1: 72704 0x40132D1: dl_open_worker (dl-open.c:517)
     n1: 72704 0x49AEB2D: _dl_catch_exception (dl-error-skeleton.c:196)
      n1: 72704 0x4012BB8: _dl_open (dl-open.c:599)
       n1: 72704 0x4876254: dlopen_doit (dlopen.c:66)
        n1: 72704 0x49AEB2D: _dl_catch_exception (dl-error-skeleton.c:196)
         n1: 72704 0x49AEBBD: _dl_catch_error (dl-error-skeleton.c:215)
          n1: 72704 0x4876973: _dlerror_run (dlerror.c:163)
           n1: 72704 0x48762E4: dlopen@@GLIBC_2.2.5 (dlopen.c:87)
            n1: 72704 0x4860341: elektraModulesLoad (in /home/jenkins/workspace/build/linux/lib/libelektra-core.so.0.8.26)
             n1: 72704 0x4849B7D: elektraPluginOpen (in /home/jenkins/workspace/build/linux/lib/libelektra-kdb.so.0.8.26)
              n0: 72704 0x4012D3: main (in /home/jenkins/workspace/build/linux/bin/benchmark_plugingetset)
 n1: 42004 0x4E429AD: ???
  n1: 42004 0x4E425EA: ???
   n1: 42004 0x4E42371: ???
    n1: 42004 0x4E41B54: ???
     n1: 42004 0x4E47364: ???
      n1: 42004 0x4E4C528: ???
       n1: 42004 0x4E4D817: ???
        n0: 42004 0x4012EF: main (in /home/jenkins/workspace/build/linux/bin/benchmark_plugingetset)
 n0: 27098 in 66 places, all below massif's threshold (1.00%)
 n1: 8192 0x4F628F6: std::basic_filebuf<char, std::char_traits<char> >::_M_allocate_internal_buffer() (in /usr/lib/x86_64-linux-gnu/libstdc++.so.6.0.25)
  n1: 8192 0x4F66790: std::basic_filebuf<char, std::char_traits<char> >::open(char const*, std::_Ios_Openmode) (in /usr/lib/x86_64-linux-gnu/libstdc++.so.6.0.25)
   n1: 8192 0x4F6776C: std::basic_ifstream<char, std::char_traits<char> >::basic_ifstream(std::__cxx11::basic_string<char, std::char_traits<char>, std::allocator<char> > const&, std::_Ios_Openmode) (in /usr/lib/x86_64-linux-gnu/libstdc++.so.6.0.25)
    n1: 8192 0x4E4C4CC: ???
     n1: 8192 0x4E4D817: ???
      n0: 8192 0x4012EF: main (in /home/jenkins/workspace/build/linux/bin/benchmark_plugingetset)
 n1: 5961 0x400B2AC: _dl_new_object (dl-object.c:73)
  n1: 5961 0x4005E46: _dl_map_object_from_fd (dl-load.c:1001)
   n2: 5961 0x4008A8B: _dl_map_object (dl-load.c:2466)
    n1: 4766 0x400D290: openaux (dl-deps.c:64)
     n1: 4766 0x49AEB2D: _dl_catch_exception (dl-error-skeleton.c:196)
      n1: 4766 0x400D604: _dl_map_object_deps (dl-deps.c:248)
       n1: 4766 0x401304E: dl_open_worker (dl-open.c:271)
        n1: 4766 0x49AEB2D: _dl_catch_exception (dl-error-skeleton.c:196)
         n1: 4766 0x4012BB8: _dl_open (dl-open.c:599)
          n1: 4766 0x4876254: dlopen_doit (dlopen.c:66)
           n1: 4766 0x49AEB2D: _dl_catch_exception (dl-error-skeleton.c:196)
            n1: 4766 0x49AEBBD: _dl_catch_error (dl-error-skeleton.c:215)
             n1: 4766 0x4876973: _dlerror_run (dlerror.c:163)
              n1: 4766 0x48762E4: dlopen@@GLIBC_2.2.5 (dlopen.c:87)
               n1: 4766 0x4860341: elektraModulesLoad (in /home/jenkins/workspace/build/linux/lib/libelektra-core.so.0.8.26)
                n1: 4766 0x4849B7D: elektraPluginOpen (in /home/jenkins/workspace/build/linux/lib/libelektra-kdb.so.0.8.26)
                 n0: 4766 0x4012D3: main (in /home/jenkins/workspace/build/linux/bin/benchmark_plugingetset)
    n0: 1195 in 1 place, below massif's threshold (1.00%)
 n1: 4064 0x400A095: do_lookup_x (dl-lookup.c:253)
  n1: 4064 0x400A38D: _dl_lookup_symbol_x (dl-lookup.c:814)
   n1: 4064 0x400BD5C: _dl_relocate_object (dl-machine.h:308)
    n1: 4064 0x401319C: dl_open_worker (dl-open.c:377)
     n1: 4064 0x49AEB2D: _dl_catch_exception (dl-error-skeleton.c:196)
      n1: 4064 0x4012BB8: _dl_open (dl-open.c:599)
       n1: 4064 0x4876254: dlopen_doit (dlopen.c:66)
        n1: 4064 0x49AEB2D: _dl_catch_exception (dl-error-skeleton.c:196)
         n1: 4064 0x49AEBBD: _dl_catch_error (dl-error-skeleton.c:215)
          n1: 4064 0x4876973: _dlerror_run (dlerror.c:163)
           n1: 4064 0x48762E4: dlopen@@GLIBC_2.2.5 (dlopen.c:87)
            n1: 4064 0x4860341: elektraModulesLoad (in /home/jenkins/workspace/build/linux/lib/libelektra-core.so.0.8.26)
             n1: 4064 0x4849B7D: elektraPluginOpen (in /home/jenkins/workspace/build/linux/lib/libelektra-kdb.so.0.8.26)
              n0: 4064 0x4012D3: main (in /home/jenkins/workspace/build/linux/bin/benchmark_plugingetset)
#-----------
snapshot=27
#-----------
time=5759743
mem_heap_B=536982
mem_heap_extra_B=5282
mem_stacks_B=0
heap_tree=empty
#-----------
snapshot=28
#-----------
time=5879863
mem_heap_B=537046
mem_heap_extra_B=5290
mem_stacks_B=0
heap_tree=detailed
n6: 537046 (heap allocation functions) malloc/new/new[], --alloc-fns, etc.
 n4: 374304 0x4E5C684: ???
  n4: 188328 0x4E5C8F2: ???
   n1: 160088 0x4E4FD99: ???
    n1: 160088 0x4E5684B: ???
     n1: 160088 0x4E4C5A6: ???
      n1: 160088 0x4E4D817: ???
       n0: 160088 0x4012EF: main (in /home/jenkins/workspace/build/linux/bin/benchmark_plugingetset)
   n1: 16024 0x4E4FD4D: ???
    n1: 16024 0x4E5684B: ???
     n1: 16024 0x4E4C5A6: ???
      n1: 16024 0x4E4D817: ???
       n0: 16024 0x4012EF: main (in /home/jenkins/workspace/build/linux/bin/benchmark_plugingetset)
   n1: 8072 0x4E4FA28: ???
    n1: 8072 0x4E5C267: ???
     n1: 8072 0x4E4C3C2: ???
      n1: 8072 0x4E4D817: ???
       n0: 8072 0x4012EF: main (in /home/jenkins/workspace/build/linux/bin/benchmark_plugingetset)
   n0: 4144 in 2 places, all below massif's threshold (1.00%)
  n1: 160000 0x4E56675: ???
   n1: 160000 0x4E4C5A6: ???
    n1: 160000 0x4E4D817: ???
     n0: 160000 0x4012EF: main (in /home/jenkins/workspace/build/linux/bin/benchmark_plugingetset)
  n0: 16088 in 13 places, all below massif's threshold (1.00%)
  n1: 9888 0x4E5CC4F: ???
   n0: 9888 in 13 places, all below massif's threshold (1.00%)
 n1: 72704 0x4F06454: ??? (in /usr/lib/x86_64-linux-gnu/libstdc++.so.6.0.25)
  n1: 72704 0x400F378: call_init.part.0 (dl-init.c:72)
   n1: 72704 0x400F474: _dl_init (dl-init.c:118)
    n1: 72704 0x40132D1: dl_open_worker (dl-open.c:517)
     n1: 72704 0x49AEB2D: _dl_catch_exception (dl-error-skeleton.c:196)
      n1: 72704 0x4012BB8: _dl_open (dl-open.c:599)
       n1: 72704 0x4876254: dlopen_doit (dlopen.c:66)
        n1: 72704 0x49AEB2D: _dl_catch_exception (dl-error-skeleton.c:196)
         n1: 72704 0x49AEBBD: _dl_catch_error (dl-error-skeleton.c:215)
          n1: 72704 0x4876973: _dlerror_run (dlerror.c:163)
           n1: 72704 0x48762E4: dlopen@@GLIBC_2.2.5 (dlopen.c:87)
            n1: 72704 0x4860341: elektraModulesLoad (in /home/jenkins/workspace/build/linux/lib/libelektra-core.so.0.8.26)
             n1: 72704 0x4849B7D: elektraPluginOpen (in /home/jenkins/workspace/build/linux/lib/libelektra-kdb.so.0.8.26)
              n0: 72704 0x4012D3: main (in /home/jenkins/workspace/build/linux/bin/benchmark_plugingetset)
 n1: 42004 0x4E429AD: ???
  n1: 42004 0x4E425EA: ???
   n1: 42004 0x4E42371: ???
    n1: 42004 0x4E41B54: ???
     n1: 42004 0x4E47364: ???
      n1: 42004 0x4E4C528: ???
       n1: 42004 0x4E4D817: ???
        n0: 42004 0x4012EF: main (in /home/jenkins/workspace/build/linux/bin/benchmark_plugingetset)
 n0: 33881 in 81 places, all below massif's threshold (1.00%)
 n1: 8192 0x4F628F6: std::basic_filebuf<char, std::char_traits<char> >::_M_allocate_internal_buffer() (in /usr/lib/x86_64-linux-gnu/libstdc++.so.6.0.25)
  n1: 8192 0x4F66790: std::basic_filebuf<char, std::char_traits<char> >::open(char const*, std::_Ios_Openmode) (in /usr/lib/x86_64-linux-gnu/libstdc++.so.6.0.25)
   n1: 8192 0x4F6776C: std::basic_ifstream<char, std::char_traits<char> >::basic_ifstream(std::__cxx11::basic_string<char, std::char_traits<char>, std::allocator<char> > const&, std::_Ios_Openmode) (in /usr/lib/x86_64-linux-gnu/libstdc++.so.6.0.25)
    n1: 8192 0x4E4C4CC: ???
     n1: 8192 0x4E4D817: ???
      n0: 8192 0x4012EF: main (in /home/jenkins/workspace/build/linux/bin/benchmark_plugingetset)
 n1: 5961 0x400B2AC: _dl_new_object (dl-object.c:73)
  n1: 5961 0x4005E46: _dl_map_object_from_fd (dl-load.c:1001)
   n1: 5961 0x4008A8B: _dl_map_object (dl-load.c:2466)
    n0: 5961 in 2 places, all below massif's threshold (1.00%)
#-----------
snapshot=29
#-----------
time=5881126
mem_heap_B=697134
mem_heap_extra_B=5306
mem_stacks_B=0
heap_tree=empty
#-----------
snapshot=30
#-----------
time=6001246
mem_heap_B=697198
mem_heap_extra_B=5314
mem_stacks_B=0
heap_tree=empty
#-----------
snapshot=31
#-----------
time=6002400
mem_heap_B=937286
mem_heap_extra_B=5330
mem_stacks_B=0
heap_tree=empty
#-----------
snapshot=32
#-----------
time=6182528
mem_heap_B=937318
mem_heap_extra_B=5338
mem_stacks_B=0
heap_tree=empty
#-----------
snapshot=33
#-----------
time=6235451
mem_heap_B=1028099
mem_heap_extra_B=6101
mem_stacks_B=0
heap_tree=empty
#-----------
snapshot=34
#-----------
time=6278801
mem_heap_B=1037939
mem_heap_extra_B=7021
mem_stacks_B=0
heap_tree=empty
#-----------
snapshot=35
#-----------
time=6308092
mem_heap_B=1041555
mem_heap_extra_B=7141
mem_stacks_B=0
heap_tree=empty
#-----------
snapshot=36
#-----------
time=6345550
mem_heap_B=1044468
mem_heap_extra_B=7228
mem_stacks_B=0
heap_tree=empty
#-----------
snapshot=37
#-----------
time=6393967
mem_heap_B=1049325
mem_heap_extra_B=7331
mem_stacks_B=0
heap_tree=empty
#-----------
snapshot=38
#-----------
time=6455437
mem_heap_B=1052973
mem_heap_extra_B=7347
mem_stacks_B=0
heap_tree=empty
#-----------
snapshot=39
#-----------
time=6491115
mem_heap_B=1068522
mem_heap_extra_B=7494
mem_stacks_B=0
heap_tree=detailed
n5: 1068522 (heap allocation functions) malloc/new/new[], --alloc-fns, etc.
 n5: 885885 0x4E5C684: ???
  n7: 636680 0x4E5C8F2: ???
   n1: 240088 0x4E4FE1D: ???
    n1: 240088 0x4E5684B: ???
     n1: 240088 0x4E4C5A6: ???
      n1: 240088 0x4E4D817: ???
       n0: 240088 0x4012EF: main (in /home/jenkins/workspace/build/linux/bin/benchmark_plugingetset)
   n1: 160088 0x4E4FD99: ???
    n1: 160088 0x4E5684B: ???
     n1: 160088 0x4E4C5A6: ???
      n1: 160088 0x4E4D817: ???
       n0: 160088 0x4012EF: main (in /home/jenkins/workspace/build/linux/bin/benchmark_plugingetset)
   n1: 160088 0x4E4FDD4: ???
    n1: 160088 0x4E5684B: ???
     n1: 160088 0x4E4C5A6: ???
      n1: 160088 0x4E4D817: ???
       n0: 160088 0x4012EF: main (in /home/jenkins/workspace/build/linux/bin/benchmark_plugingetset)
   n1: 24088 0x4E50080: ???
    n1: 24088 0x4E5684B: ???
     n1: 24088 0x4E4C5A6: ???
      n1: 24088 0x4E4D817: ???
       n0: 24088 0x4012EF: main (in /home/jenkins/workspace/build/linux/bin/benchmark_plugingetset)
   n1: 24088 0x4E500BD: ???
    n1: 24088 0x4E5684B: ???
     n1: 24088 0x4E4C5A6: ???
      n1: 24088 0x4E4D817: ???
       n0: 24088 0x4012EF: main (in /home/jenkins/workspace/build/linux/bin/benchmark_plugingetset)
   n1: 16024 0x4E4FD4D: ???
    n1: 16024 0x4E5684B: ???
     n1: 16024 0x4E4C5A6: ???
      n1: 16024 0x4E4D817: ???
       n0: 16024 0x4012EF: main (in /home/jenkins/workspace/build/linux/bin/benchmark_plugingetset)
   n0: 12216 in 3 places, all below massif's threshold (1.00%)
  n1: 160000 0x4E56675: ???
   n1: 160000 0x4E4C5A6: ???
    n1: 160000 0x4E4D817: ???
     n0: 160000 0x4012EF: main (in /home/jenkins/workspace/build/linux/bin/benchmark_plugingetset)
  n0: 44248 in 22 places, all below massif's threshold (1.00%)
  n2: 26333 0x4E5CDA2: ???
   n0: 15245 in 14 places, all below massif's threshold (1.00%)
   n1: 11088 0x4E51AEB: ???
    n0: 11088 in 2 places, all below massif's threshold (1.00%)
  n1: 18624 0x4E5CC4F: ???
   n0: 18624 in 16 places, all below massif's threshold (1.00%)
 n1: 72704 0x4F06454: ??? (in /usr/lib/x86_64-linux-gnu/libstdc++.so.6.0.25)
  n1: 72704 0x400F378: call_init.part.0 (dl-init.c:72)
   n1: 72704 0x400F474: _dl_init (dl-init.c:118)
    n1: 72704 0x40132D1: dl_open_worker (dl-open.c:517)
     n1: 72704 0x49AEB2D: _dl_catch_exception (dl-error-skeleton.c:196)
      n1: 72704 0x4012BB8: _dl_open (dl-open.c:599)
       n1: 72704 0x4876254: dlopen_doit (dlopen.c:66)
        n1: 72704 0x49AEB2D: _dl_catch_exception (dl-error-skeleton.c:196)
         n1: 72704 0x49AEBBD: _dl_catch_error (dl-error-skeleton.c:215)
          n1: 72704 0x4876973: _dlerror_run (dlerror.c:163)
           n1: 72704 0x48762E4: dlopen@@GLIBC_2.2.5 (dlopen.c:87)
            n1: 72704 0x4860341: elektraModulesLoad (in /home/jenkins/workspace/build/linux/lib/libelektra-core.so.0.8.26)
             n1: 72704 0x4849B7D: elektraPluginOpen (in /home/jenkins/workspace/build/linux/lib/libelektra-kdb.so.0.8.26)
              n0: 72704 0x4012D3: main (in /home/jenkins/workspace/build/linux/bin/benchmark_plugingetset)
 n0: 51666 in 97 places, all below massif's threshold (1.00%)
 n1: 42004 0x4E429AD: ???
  n1: 42004 0x4E425EA: ???
   n1: 42004 0x4E42371: ???
    n1: 42004 0x4E41B54: ???
     n1: 42004 0x4E47364: ???
      n1: 42004 0x4E4C528: ???
       n1: 42004 0x4E4D817: ???
        n0: 42004 0x4012EF: main (in /home/jenkins/workspace/build/linux/bin/benchmark_plugingetset)
 n1: 16263 0x4E5C798: ???
  n2: 16263 0x4E5CF3E: ???
   n2: 16263 0x4E50789: ???
    n1: 12822 0x4E543C5: ???
     n1: 12822 0x4E573A3: ???
      n1: 12822 0x4E4C5A6: ???
       n1: 12822 0x4E4D817: ???
        n0: 12822 0x4012EF: main (in /home/jenkins/workspace/build/linux/bin/benchmark_plugingetset)
    n0: 3441 in 1 place, below massif's threshold (1.00%)
   n0: 0 in 1 place, below massif's threshold (1.00%)
#-----------
snapshot=40
#-----------
time=6519345
mem_heap_B=1075017
mem_heap_extra_B=7975
mem_stacks_B=0
heap_tree=detailed
n5: 1075017 (heap allocation functions) malloc/new/new[], --alloc-fns, etc.
 n5: 890861 0x4E5C684: ???
  n7: 636680 0x4E5C8F2: ???
   n1: 240088 0x4E4FE1D: ???
    n1: 240088 0x4E5684B: ???
     n1: 240088 0x4E4C5A6: ???
      n1: 240088 0x4E4D817: ???
       n0: 240088 0x4012EF: main (in /home/jenkins/workspace/build/linux/bin/benchmark_plugingetset)
   n1: 160088 0x4E4FD99: ???
    n1: 160088 0x4E5684B: ???
     n1: 160088 0x4E4C5A6: ???
      n1: 160088 0x4E4D817: ???
       n0: 160088 0x4012EF: main (in /home/jenkins/workspace/build/linux/bin/benchmark_plugingetset)
   n1: 160088 0x4E4FDD4: ???
    n1: 160088 0x4E5684B: ???
     n1: 160088 0x4E4C5A6: ???
      n1: 160088 0x4E4D817: ???
       n0: 160088 0x4012EF: main (in /home/jenkins/workspace/build/linux/bin/benchmark_plugingetset)
   n1: 24088 0x4E50080: ???
    n1: 24088 0x4E5684B: ???
     n1: 24088 0x4E4C5A6: ???
      n1: 24088 0x4E4D817: ???
       n0: 24088 0x4012EF: main (in /home/jenkins/workspace/build/linux/bin/benchmark_plugingetset)
   n1: 24088 0x4E500BD: ???
    n1: 24088 0x4E5684B: ???
     n1: 24088 0x4E4C5A6: ???
      n1: 24088 0x4E4D817: ???
       n0: 24088 0x4012EF: main (in /home/jenkins/workspace/build/linux/bin/benchmark_plugingetset)
   n1: 16024 0x4E4FD4D: ???
    n1: 16024 0x4E5684B: ???
     n1: 16024 0x4E4C5A6: ???
      n1: 16024 0x4E4D817: ???
       n0: 16024 0x4012EF: main (in /home/jenkins/workspace/build/linux/bin/benchmark_plugingetset)
   n0: 12216 in 3 places, all below massif's threshold (1.00%)
  n1: 160000 0x4E56675: ???
   n1: 160000 0x4E4C5A6: ???
    n1: 160000 0x4E4D817: ???
     n0: 160000 0x4012EF: main (in /home/jenkins/workspace/build/linux/bin/benchmark_plugingetset)
  n0: 46056 in 23 places, all below massif's threshold (1.00%)
  n2: 28973 0x4E5CDA2: ???
   n0: 17885 in 15 places, all below massif's threshold (1.00%)
   n1: 11088 0x4E51AEB: ???
    n0: 11088 in 2 places, all below massif's threshold (1.00%)
  n1: 19152 0x4E5CC4F: ???
   n0: 19152 in 17 places, all below massif's threshold (1.00%)
 n1: 72704 0x4F06454: ??? (in /usr/lib/x86_64-linux-gnu/libstdc++.so.6.0.25)
  n1: 72704 0x400F378: call_init.part.0 (dl-init.c:72)
   n1: 72704 0x400F474: _dl_init (dl-init.c:118)
    n1: 72704 0x40132D1: dl_open_worker (dl-open.c:517)
     n1: 72704 0x49AEB2D: _dl_catch_exception (dl-error-skeleton.c:196)
      n1: 72704 0x4012BB8: _dl_open (dl-open.c:599)
       n1: 72704 0x4876254: dlopen_doit (dlopen.c:66)
        n1: 72704 0x49AEB2D: _dl_catch_exception (dl-error-skeleton.c:196)
         n1: 72704 0x49AEBBD: _dl_catch_error (dl-error-skeleton.c:215)
          n1: 72704 0x4876973: _dlerror_run (dlerror.c:163)
           n1: 72704 0x48762E4: dlopen@@GLIBC_2.2.5 (dlopen.c:87)
            n1: 72704 0x4860341: elektraModulesLoad (in /home/jenkins/workspace/build/linux/lib/libelektra-core.so.0.8.26)
             n1: 72704 0x4849B7D: elektraPluginOpen (in /home/jenkins/workspace/build/linux/lib/libelektra-kdb.so.0.8.26)
              n0: 72704 0x4012D3: main (in /home/jenkins/workspace/build/linux/bin/benchmark_plugingetset)
 n0: 53185 in 100 places, all below massif's threshold (1.00%)
 n1: 42004 0x4E429AD: ???
  n1: 42004 0x4E425EA: ???
   n1: 42004 0x4E42371: ???
    n1: 42004 0x4E41B54: ???
     n1: 42004 0x4E47364: ???
      n1: 42004 0x4E4C528: ???
       n1: 42004 0x4E4D817: ???
        n0: 42004 0x4012EF: main (in /home/jenkins/workspace/build/linux/bin/benchmark_plugingetset)
 n1: 16263 0x4E5C798: ???
  n2: 16263 0x4E5CF3E: ???
   n2: 16263 0x4E50789: ???
    n1: 12822 0x4E543C5: ???
     n1: 12822 0x4E573A3: ???
      n1: 12822 0x4E4C5A6: ???
       n1: 12822 0x4E4D817: ???
        n0: 12822 0x4012EF: main (in /home/jenkins/workspace/build/linux/bin/benchmark_plugingetset)
    n0: 3441 in 1 place, below massif's threshold (1.00%)
   n0: 0 in 1 place, below massif's threshold (1.00%)
#-----------
snapshot=41
#-----------
time=6555669
mem_heap_B=1077335
mem_heap_extra_B=8537
mem_stacks_B=0
heap_tree=empty
#-----------
snapshot=42
#-----------
time=6604780
mem_heap_B=1080399
mem_heap_extra_B=9241
mem_stacks_B=0
heap_tree=peak
n5: 1080399 (heap allocation functions) malloc/new/new[], --alloc-fns, etc.
 n5: 890861 0x4E5C684: ???
  n7: 636680 0x4E5C8F2: ???
   n1: 240088 0x4E4FE1D: ???
    n1: 240088 0x4E5684B: ???
     n1: 240088 0x4E4C5A6: ???
      n1: 240088 0x4E4D817: ???
       n0: 240088 0x4012EF: main (in /home/jenkins/workspace/build/linux/bin/benchmark_plugingetset)
   n1: 160088 0x4E4FD99: ???
    n1: 160088 0x4E5684B: ???
     n1: 160088 0x4E4C5A6: ???
      n1: 160088 0x4E4D817: ???
       n0: 160088 0x4012EF: main (in /home/jenkins/workspace/build/linux/bin/benchmark_plugingetset)
   n1: 160088 0x4E4FDD4: ???
    n1: 160088 0x4E5684B: ???
     n1: 160088 0x4E4C5A6: ???
      n1: 160088 0x4E4D817: ???
       n0: 160088 0x4012EF: main (in /home/jenkins/workspace/build/linux/bin/benchmark_plugingetset)
   n1: 24088 0x4E50080: ???
    n1: 24088 0x4E5684B: ???
     n1: 24088 0x4E4C5A6: ???
      n1: 24088 0x4E4D817: ???
       n0: 24088 0x4012EF: main (in /home/jenkins/workspace/build/linux/bin/benchmark_plugingetset)
   n1: 24088 0x4E500BD: ???
    n1: 24088 0x4E5684B: ???
     n1: 24088 0x4E4C5A6: ???
      n1: 24088 0x4E4D817: ???
       n0: 24088 0x4012EF: main (in /home/jenkins/workspace/build/linux/bin/benchmark_plugingetset)
   n1: 16024 0x4E4FD4D: ???
    n1: 16024 0x4E5684B: ???
     n1: 16024 0x4E4C5A6: ???
      n1: 16024 0x4E4D817: ???
       n0: 16024 0x4012EF: main (in /home/jenkins/workspace/build/linux/bin/benchmark_plugingetset)
   n0: 12216 in 3 places, all below massif's threshold (1.00%)
  n1: 160000 0x4E56675: ???
   n1: 160000 0x4E4C5A6: ???
    n1: 160000 0x4E4D817: ???
     n0: 160000 0x4012EF: main (in /home/jenkins/workspace/build/linux/bin/benchmark_plugingetset)
  n0: 46056 in 23 places, all below massif's threshold (1.00%)
  n2: 28973 0x4E5CDA2: ???
   n0: 17885 in 15 places, all below massif's threshold (1.00%)
   n1: 11088 0x4E51AEB: ???
    n0: 11088 in 2 places, all below massif's threshold (1.00%)
  n1: 19152 0x4E5CC4F: ???
   n0: 19152 in 17 places, all below massif's threshold (1.00%)
 n1: 72704 0x4F06454: ??? (in /usr/lib/x86_64-linux-gnu/libstdc++.so.6.0.25)
  n1: 72704 0x400F378: call_init.part.0 (dl-init.c:72)
   n1: 72704 0x400F474: _dl_init (dl-init.c:118)
    n1: 72704 0x40132D1: dl_open_worker (dl-open.c:517)
     n1: 72704 0x49AEB2D: _dl_catch_exception (dl-error-skeleton.c:196)
      n1: 72704 0x4012BB8: _dl_open (dl-open.c:599)
       n1: 72704 0x4876254: dlopen_doit (dlopen.c:66)
        n1: 72704 0x49AEB2D: _dl_catch_exception (dl-error-skeleton.c:196)
         n1: 72704 0x49AEBBD: _dl_catch_error (dl-error-skeleton.c:215)
          n1: 72704 0x4876973: _dlerror_run (dlerror.c:163)
           n1: 72704 0x48762E4: dlopen@@GLIBC_2.2.5 (dlopen.c:87)
            n1: 72704 0x4860341: elektraModulesLoad (in /home/jenkins/workspace/build/linux/lib/libelektra-core.so.0.8.26)
             n1: 72704 0x4849B7D: elektraPluginOpen (in /home/jenkins/workspace/build/linux/lib/libelektra-kdb.so.0.8.26)
              n0: 72704 0x4012D3: main (in /home/jenkins/workspace/build/linux/bin/benchmark_plugingetset)
 n0: 58567 in 100 places, all below massif's threshold (1.00%)
 n1: 42004 0x4E429AD: ???
  n1: 42004 0x4E425EA: ???
   n1: 42004 0x4E42371: ???
    n1: 42004 0x4E41B54: ???
     n1: 42004 0x4E47364: ???
      n1: 42004 0x4E4C528: ???
       n1: 42004 0x4E4D817: ???
        n0: 42004 0x4012EF: main (in /home/jenkins/workspace/build/linux/bin/benchmark_plugingetset)
 n1: 16263 0x4E5C798: ???
  n2: 16263 0x4E5CF3E: ???
   n2: 16263 0x4E50789: ???
    n1: 12822 0x4E543C5: ???
     n1: 12822 0x4E573A3: ???
      n1: 12822 0x4E4C5A6: ???
       n1: 12822 0x4E4D817: ???
        n0: 12822 0x4012EF: main (in /home/jenkins/workspace/build/linux/bin/benchmark_plugingetset)
    n0: 3441 in 1 place, below massif's threshold (1.00%)
   n0: 0 in 1 place, below massif's threshold (1.00%)
#-----------
snapshot=43
#-----------
time=6649196
mem_heap_B=201376
mem_heap_extra_B=7104
mem_stacks_B=0
heap_tree=empty
#-----------
snapshot=44
#-----------
time=6699899
mem_heap_B=201728
mem_heap_extra_B=7104
mem_stacks_B=0
heap_tree=empty
#-----------
snapshot=45
#-----------
time=6745688
mem_heap_B=204051
mem_heap_extra_B=7301
mem_stacks_B=0
heap_tree=empty
#-----------
snapshot=46
#-----------
time=6799713
mem_heap_B=203945
mem_heap_extra_B=7335
mem_stacks_B=0
heap_tree=empty
#-----------
snapshot=47
#-----------
time=6845898
mem_heap_B=204495
mem_heap_extra_B=7425
mem_stacks_B=0
heap_tree=empty
#-----------
snapshot=48
#-----------
time=6890032
mem_heap_B=207292
mem_heap_extra_B=7596
mem_stacks_B=0
heap_tree=empty
#-----------
snapshot=49
#-----------
time=6950219
mem_heap_B=93231
mem_heap_extra_B=1065
mem_stacks_B=0
heap_tree=empty
#-----------
snapshot=50
#-----------
time=6953574
mem_heap_B=93217
mem_heap_extra_B=1055
mem_stacks_B=0
heap_tree=empty
#-----------
snapshot=51
#-----------
time=6958637
mem_heap_B=93249
mem_heap_extra_B=1063
mem_stacks_B=0
heap_tree=empty
#-----------
snapshot=52
#-----------
time=6959555
mem_heap_B=91306
mem_heap_extra_B=990
mem_stacks_B=0
heap_tree=empty
#-----------
snapshot=53
#-----------
time=6961468
mem_heap_B=89654
mem_heap_extra_B=882
mem_stacks_B=0
heap_tree=empty
#-----------
snapshot=54
#-----------
time=6962362
mem_heap_B=89398
mem_heap_extra_B=858
mem_stacks_B=0
heap_tree=empty
#-----------
snapshot=55
#-----------
time=6963866
mem_heap_B=88886
mem_heap_extra_B=850
mem_stacks_B=0
heap_tree=empty
#-----------
snapshot=56
#-----------
time=6964759
mem_heap_B=85978
mem_heap_extra_B=638
mem_stacks_B=0
heap_tree=detailed
n6: 85978 (heap allocation functions) malloc/new/new[], --alloc-fns, etc.
 n1: 72704 0x4F06454: ??? (in /usr/lib/x86_64-linux-gnu/libstdc++.so.6.0.25)
  n1: 72704 0x400F378: call_init.part.0 (dl-init.c:72)
   n1: 72704 0x400F474: _dl_init (dl-init.c:118)
    n1: 72704 0x40132D1: dl_open_worker (dl-open.c:517)
     n1: 72704 0x49AEB2D: _dl_catch_exception (dl-error-skeleton.c:196)
      n1: 72704 0x4012BB8: _dl_open (dl-open.c:599)
       n1: 72704 0x4876254: dlopen_doit (dlopen.c:66)
        n1: 72704 0x49AEB2D: _dl_catch_exception (dl-error-skeleton.c:196)
         n1: 72704 0x49AEBBD: _dl_catch_error (dl-error-skeleton.c:215)
          n1: 72704 0x4876973: _dlerror_run (dlerror.c:163)
           n1: 72704 0x48762E4: dlopen@@GLIBC_2.2.5 (dlopen.c:87)
            n1: 72704 0x4860341: elektraModulesLoad (in /home/jenkins/workspace/build/linux/lib/libelektra-core.so.0.8.26)
             n1: 72704 0x4849B7D: elektraPluginOpen (in /home/jenkins/workspace/build/linux/lib/libelektra-kdb.so.0.8.26)
              n0: 72704 0x4012D3: main (in /home/jenkins/workspace/build/linux/bin/benchmark_plugingetset)
 n1: 4064 0x400A095: do_lookup_x (dl-lookup.c:253)
  n1: 4064 0x400A38D: _dl_lookup_symbol_x (dl-lookup.c:814)
   n1: 4064 0x400BD5C: _dl_relocate_object (dl-machine.h:308)
    n1: 4064 0x401319C: dl_open_worker (dl-open.c:377)
     n1: 4064 0x49AEB2D: _dl_catch_exception (dl-error-skeleton.c:196)
      n1: 4064 0x4012BB8: _dl_open (dl-open.c:599)
       n1: 4064 0x4876254: dlopen_doit (dlopen.c:66)
        n1: 4064 0x49AEB2D: _dl_catch_exception (dl-error-skeleton.c:196)
         n1: 4064 0x49AEBBD: _dl_catch_error (dl-error-skeleton.c:215)
          n1: 4064 0x4876973: _dlerror_run (dlerror.c:163)
           n1: 4064 0x48762E4: dlopen@@GLIBC_2.2.5 (dlopen.c:87)
            n1: 4064 0x4860341: elektraModulesLoad (in /home/jenkins/workspace/build/linux/lib/libelektra-core.so.0.8.26)
             n1: 4064 0x4849B7D: elektraPluginOpen (in /home/jenkins/workspace/build/linux/lib/libelektra-kdb.so.0.8.26)
              n0: 4064 0x4012D3: main (in /home/jenkins/workspace/build/linux/bin/benchmark_plugingetset)
 n1: 3567 0x400B2AC: _dl_new_object (dl-object.c:73)
  n1: 3567 0x4005E46: _dl_map_object_from_fd (dl-load.c:1001)
   n2: 3567 0x4008A8B: _dl_map_object (dl-load.c:2466)
    n1: 3567 0x400D290: openaux (dl-deps.c:64)
     n1: 3567 0x49AEB2D: _dl_catch_exception (dl-error-skeleton.c:196)
      n1: 3567 0x400D604: _dl_map_object_deps (dl-deps.c:248)
       n1: 3567 0x401304E: dl_open_worker (dl-open.c:271)
        n1: 3567 0x49AEB2D: _dl_catch_exception (dl-error-skeleton.c:196)
         n1: 3567 0x4012BB8: _dl_open (dl-open.c:599)
          n1: 3567 0x4876254: dlopen_doit (dlopen.c:66)
           n1: 3567 0x49AEB2D: _dl_catch_exception (dl-error-skeleton.c:196)
            n1: 3567 0x49AEBBD: _dl_catch_error (dl-error-skeleton.c:215)
             n1: 3567 0x4876973: _dlerror_run (dlerror.c:163)
              n1: 3567 0x48762E4: dlopen@@GLIBC_2.2.5 (dlopen.c:87)
               n1: 3567 0x4860341: elektraModulesLoad (in /home/jenkins/workspace/build/linux/lib/libelektra-core.so.0.8.26)
                n1: 3567 0x4849B7D: elektraPluginOpen (in /home/jenkins/workspace/build/linux/lib/libelektra-kdb.so.0.8.26)
                 n0: 3567 0x4012D3: main (in /home/jenkins/workspace/build/linux/bin/benchmark_plugingetset)
    n0: 0 in 1 place, below massif's threshold (1.00%)
 n1: 2064 0x4010A1E: _dl_check_map_versions (dl-version.c:274)
  n1: 2064 0x4013094: dl_open_worker (dl-open.c:277)
   n1: 2064 0x49AEB2D: _dl_catch_exception (dl-error-skeleton.c:196)
    n1: 2064 0x4012BB8: _dl_open (dl-open.c:599)
     n1: 2064 0x4876254: dlopen_doit (dlopen.c:66)
      n1: 2064 0x49AEB2D: _dl_catch_exception (dl-error-skeleton.c:196)
       n1: 2064 0x49AEBBD: _dl_catch_error (dl-error-skeleton.c:215)
        n1: 2064 0x4876973: _dlerror_run (dlerror.c:163)
         n1: 2064 0x48762E4: dlopen@@GLIBC_2.2.5 (dlopen.c:87)
          n1: 2064 0x4860341: elektraModulesLoad (in /home/jenkins/workspace/build/linux/lib/libelektra-core.so.0.8.26)
           n1: 2064 0x4849B7D: elektraPluginOpen (in /home/jenkins/workspace/build/linux/lib/libelektra-kdb.so.0.8.26)
            n0: 2064 0x4012D3: main (in /home/jenkins/workspace/build/linux/bin/benchmark_plugingetset)
 n2: 1986 0x48589D0: elektraRealloc (in /home/jenkins/workspace/build/linux/lib/libelektra-core.so.0.8.26)
  n2: 1986 0x485B06A: keyAddBaseName (in /home/jenkins/workspace/build/linux/lib/libelektra-core.so.0.8.26)
   n1: 1986 0x4E49D76: ???
    n1: 1986 0x4E49676: ???
     n2: 1986 0x4E49496: ???
      n1: 1986 0x4E49496: ???
       n2: 1986 0x4E49496: ???
        n2: 1986 0x4E49496: ???
         n2: 1986 0x4E49496: ???
          n2: 1882 0x4E49496: ???
           n2: 1882 0x4E49496: ???
            n2: 1882 0x4E49496: ???
             n2: 1482 0x4E49496: ???
              n2: 1200 0x4E49496: ???
               n1: 874 0x4E49496: ???
                n0: 874 in 2 places, all below massif's threshold (1.00%)
               n0: 326 in 1 place, below massif's threshold (1.00%)
              n0: 282 in 1 place, below massif's threshold (1.00%)
             n0: 400 in 1 place, below massif's threshold (1.00%)
            n0: 0 in 1 place, below massif's threshold (1.00%)
           n0: 0 in 1 place, below massif's threshold (1.00%)
          n0: 104 in 1 place, below massif's threshold (1.00%)
         n0: 0 in 1 place, below massif's threshold (1.00%)
        n0: 0 in 1 place, below massif's threshold (1.00%)
      n0: 0 in 1 place, below massif's threshold (1.00%)
   n0: 0 in 1 place, below massif's threshold (1.00%)
  n0: 0 in 1 place, below massif's threshold (1.00%)
 n0: 1593 in 110 places, all below massif's threshold (1.00%)
#-----------
snapshot=57
#-----------
time=6965685
mem_heap_B=83823
mem_heap_extra_B=401
mem_stacks_B=0
heap_tree=empty
#-----------
snapshot=58
#-----------
time=6972698
mem_heap_B=82897
mem_heap_extra_B=287
mem_stacks_B=0
heap_tree=empty
