desc: --massif-out-file=results/generated_10.yambi.out
cmd: build/linux/bin/benchmark_plugingetset benchmarks/data/generated_10 user yambi get
time_unit: i
#-----------
snapshot=0
#-----------
time=0
mem_heap_B=0
mem_heap_extra_B=0
mem_stacks_B=0
heap_tree=empty
#-----------
snapshot=1
#-----------
time=209309
mem_heap_B=64
mem_heap_extra_B=8
mem_stacks_B=0
heap_tree=empty
#-----------
snapshot=2
#-----------
time=217083
mem_heap_B=1280
mem_heap_extra_B=40
mem_stacks_B=0
heap_tree=empty
#-----------
snapshot=3
#-----------
time=224412
mem_heap_B=1323
mem_heap_extra_B=53
mem_stacks_B=0
heap_tree=empty
#-----------
snapshot=4
#-----------
time=231231
mem_heap_B=1333
mem_heap_extra_B=67
mem_stacks_B=0
heap_tree=empty
#-----------
snapshot=5
#-----------
time=237299
mem_heap_B=1397
mem_heap_extra_B=75
mem_stacks_B=0
heap_tree=empty
#-----------
snapshot=6
#-----------
time=244061
mem_heap_B=1827
mem_heap_extra_B=117
mem_stacks_B=0
heap_tree=empty
#-----------
snapshot=7
#-----------
time=249137
mem_heap_B=1891
mem_heap_extra_B=125
mem_stacks_B=0
heap_tree=empty
#-----------
snapshot=8
#-----------
time=255990
mem_heap_B=2015
mem_heap_extra_B=177
mem_stacks_B=0
heap_tree=empty
#-----------
snapshot=9
#-----------
time=263321
mem_heap_B=2037
mem_heap_extra_B=187
mem_stacks_B=0
heap_tree=empty
#-----------
snapshot=10
#-----------
time=269811
mem_heap_B=2097
mem_heap_extra_B=199
mem_stacks_B=0
heap_tree=empty
#-----------
snapshot=11
#-----------
time=279457
mem_heap_B=4720
mem_heap_extra_B=264
mem_stacks_B=0
heap_tree=empty
#-----------
snapshot=12
#-----------
time=284517
mem_heap_B=6116
mem_heap_extra_B=324
mem_stacks_B=0
heap_tree=empty
#-----------
snapshot=13
#-----------
time=291303
mem_heap_B=7366
mem_heap_extra_B=362
mem_stacks_B=0
heap_tree=empty
#-----------
snapshot=14
#-----------
time=298346
mem_heap_B=8628
mem_heap_extra_B=420
mem_stacks_B=0
heap_tree=detailed
n11: 8628 (heap allocation functions) malloc/new/new[], --alloc-fns, etc.
 n1: 5962 0x400B2AC: _dl_new_object (dl-object.c:73)
  n1: 5962 0x4005E46: _dl_map_object_from_fd (dl-load.c:1001)
   n2: 5962 0x4008A8B: _dl_map_object (dl-load.c:2466)
    n1: 4766 0x400D290: openaux (dl-deps.c:64)
     n1: 4766 0x49B5B2D: _dl_catch_exception (dl-error-skeleton.c:196)
      n1: 4766 0x400D604: _dl_map_object_deps (dl-deps.c:248)
       n1: 4766 0x401304E: dl_open_worker (dl-open.c:271)
        n1: 4766 0x49B5B2D: _dl_catch_exception (dl-error-skeleton.c:196)
         n1: 4766 0x4012BB8: _dl_open (dl-open.c:599)
          n1: 4766 0x487D254: dlopen_doit (dlopen.c:66)
           n1: 4766 0x49B5B2D: _dl_catch_exception (dl-error-skeleton.c:196)
            n1: 4766 0x49B5BBD: _dl_catch_error (dl-error-skeleton.c:215)
             n1: 4766 0x487D973: _dlerror_run (dlerror.c:163)
              n1: 4766 0x487D2E4: dlopen@@GLIBC_2.2.5 (dlopen.c:87)
               n1: 4766 0x48666EB: elektraModulesLoad (in /home/jenkins/workspace/build/linux/lib/libelektra-core.so.0.8.26)
                n1: 4766 0x484FD71: elektraPluginOpen (in /home/jenkins/workspace/build/linux/lib/libelektra-kdb.so.0.8.26)
                 n0: 4766 0x1091E1: main (in /home/jenkins/workspace/build/linux/bin/benchmark_plugingetset)
    n1: 1196 0x4012FE9: dl_open_worker (dl-open.c:228)
     n1: 1196 0x49B5B2D: _dl_catch_exception (dl-error-skeleton.c:196)
      n1: 1196 0x4012BB8: _dl_open (dl-open.c:599)
       n1: 1196 0x487D254: dlopen_doit (dlopen.c:66)
        n1: 1196 0x49B5B2D: _dl_catch_exception (dl-error-skeleton.c:196)
         n1: 1196 0x49B5BBD: _dl_catch_error (dl-error-skeleton.c:215)
          n1: 1196 0x487D973: _dlerror_run (dlerror.c:163)
           n1: 1196 0x487D2E4: dlopen@@GLIBC_2.2.5 (dlopen.c:87)
            n1: 1196 0x48666EB: elektraModulesLoad (in /home/jenkins/workspace/build/linux/lib/libelektra-core.so.0.8.26)
             n1: 1196 0x484FD71: elektraPluginOpen (in /home/jenkins/workspace/build/linux/lib/libelektra-kdb.so.0.8.26)
              n0: 1196 0x1091E1: main (in /home/jenkins/workspace/build/linux/bin/benchmark_plugingetset)
 n1: 1024 0x485EBF6: elektraVFormat (in /home/jenkins/workspace/build/linux/lib/libelektra-core.so.0.8.26)
  n2: 1024 0x485ED2A: elektraFormat (in /home/jenkins/workspace/build/linux/lib/libelektra-core.so.0.8.26)
   n0: 512 0x109162: main (in /home/jenkins/workspace/build/linux/bin/benchmark_plugingetset)
   n0: 512 0x109179: main (in /home/jenkins/workspace/build/linux/bin/benchmark_plugingetset)
 n1: 384 0x4863428: ksVNew (in /home/jenkins/workspace/build/linux/lib/libelektra-core.so.0.8.26)
  n3: 384 0x486356A: ksNew (in /home/jenkins/workspace/build/linux/lib/libelektra-core.so.0.8.26)
   n0: 128 0x10914B: main (in /home/jenkins/workspace/build/linux/bin/benchmark_plugingetset)
   n0: 128 0x1091A0: main (in /home/jenkins/workspace/build/linux/bin/benchmark_plugingetset)
   n0: 128 0x1091AF: main (in /home/jenkins/workspace/build/linux/bin/benchmark_plugingetset)
 n1: 256 0x485F3A2: keyVNew (in /home/jenkins/workspace/build/linux/lib/libelektra-core.so.0.8.26)
  n1: 256 0x485F460: keyNew (in /home/jenkins/workspace/build/linux/lib/libelektra-core.so.0.8.26)
   n0: 256 in 4 places, all below massif's threshold (1.00%)
 n1: 232 0x400B58E: _dl_new_object (dl-object.c:163)
  n1: 232 0x4005E46: _dl_map_object_from_fd (dl-load.c:1001)
   n2: 232 0x4008A8B: _dl_map_object (dl-load.c:2466)
    n1: 172 0x400D290: openaux (dl-deps.c:64)
     n1: 172 0x49B5B2D: _dl_catch_exception (dl-error-skeleton.c:196)
      n1: 172 0x400D604: _dl_map_object_deps (dl-deps.c:248)
       n1: 172 0x401304E: dl_open_worker (dl-open.c:271)
        n1: 172 0x49B5B2D: _dl_catch_exception (dl-error-skeleton.c:196)
         n1: 172 0x4012BB8: _dl_open (dl-open.c:599)
          n1: 172 0x487D254: dlopen_doit (dlopen.c:66)
           n1: 172 0x49B5B2D: _dl_catch_exception (dl-error-skeleton.c:196)
            n1: 172 0x49B5BBD: _dl_catch_error (dl-error-skeleton.c:215)
             n1: 172 0x487D973: _dlerror_run (dlerror.c:163)
              n1: 172 0x487D2E4: dlopen@@GLIBC_2.2.5 (dlopen.c:87)
               n1: 172 0x48666EB: elektraModulesLoad (in /home/jenkins/workspace/build/linux/lib/libelektra-core.so.0.8.26)
                n1: 172 0x484FD71: elektraPluginOpen (in /home/jenkins/workspace/build/linux/lib/libelektra-kdb.so.0.8.26)
                 n0: 172 0x1091E1: main (in /home/jenkins/workspace/build/linux/bin/benchmark_plugingetset)
    n0: 60 in 1 place, below massif's threshold (1.00%)
 n1: 192 0x48633F2: ksVNew (in /home/jenkins/workspace/build/linux/lib/libelektra-core.so.0.8.26)
  n1: 192 0x486356A: ksNew (in /home/jenkins/workspace/build/linux/lib/libelektra-core.so.0.8.26)
   n0: 192 in 3 places, all below massif's threshold (1.00%)
 n1: 133 0x40081A8: fillin_rpath (dl-load.c:509)
  n1: 133 0x40083BA: decompose_rpath.isra.10 (dl-load.c:631)
   n1: 133 0x4009105: _dl_map_object (dl-load.c:2297)
    n1: 133 0x400D290: openaux (dl-deps.c:64)
     n1: 133 0x49B5B2D: _dl_catch_exception (dl-error-skeleton.c:196)
      n1: 133 0x400D604: _dl_map_object_deps (dl-deps.c:248)
       n1: 133 0x401304E: dl_open_worker (dl-open.c:271)
        n1: 133 0x49B5B2D: _dl_catch_exception (dl-error-skeleton.c:196)
         n1: 133 0x4012BB8: _dl_open (dl-open.c:599)
          n1: 133 0x487D254: dlopen_doit (dlopen.c:66)
           n1: 133 0x49B5B2D: _dl_catch_exception (dl-error-skeleton.c:196)
            n1: 133 0x49B5BBD: _dl_catch_error (dl-error-skeleton.c:215)
             n1: 133 0x487D973: _dlerror_run (dlerror.c:163)
              n1: 133 0x487D2E4: dlopen@@GLIBC_2.2.5 (dlopen.c:87)
               n1: 133 0x48666EB: elektraModulesLoad (in /home/jenkins/workspace/build/linux/lib/libelektra-core.so.0.8.26)
                n1: 133 0x484FD71: elektraPluginOpen (in /home/jenkins/workspace/build/linux/lib/libelektra-kdb.so.0.8.26)
                 n0: 133 0x1091E1: main (in /home/jenkins/workspace/build/linux/bin/benchmark_plugingetset)
 n1: 123 0x4007798: open_path (dl-load.c:2112)
  n1: 123 0x4008C16: _dl_map_object (dl-load.c:2297)
   n0: 123 in 2 places, all below massif's threshold (1.00%)
 n0: 109 in 6 places, all below massif's threshold (1.00%)
 n2: 109 0x401AAD8: strdup (strdup.c:42)
  n1: 109 0x4016065: _dl_load_cache_lookup (dl-cache.c:317)
   n1: 109 0x4008D09: _dl_map_object (dl-load.c:2332)
    n1: 109 0x400D290: openaux (dl-deps.c:64)
     n1: 109 0x49B5B2D: _dl_catch_exception (dl-error-skeleton.c:196)
      n1: 109 0x400D604: _dl_map_object_deps (dl-deps.c:248)
       n1: 109 0x401304E: dl_open_worker (dl-open.c:271)
        n1: 109 0x49B5B2D: _dl_catch_exception (dl-error-skeleton.c:196)
         n1: 109 0x4012BB8: _dl_open (dl-open.c:599)
          n1: 109 0x487D254: dlopen_doit (dlopen.c:66)
           n1: 109 0x49B5B2D: _dl_catch_exception (dl-error-skeleton.c:196)
            n1: 109 0x49B5BBD: _dl_catch_error (dl-error-skeleton.c:215)
             n1: 109 0x487D973: _dlerror_run (dlerror.c:163)
              n1: 109 0x487D2E4: dlopen@@GLIBC_2.2.5 (dlopen.c:87)
               n1: 109 0x48666EB: elektraModulesLoad (in /home/jenkins/workspace/build/linux/lib/libelektra-core.so.0.8.26)
                n1: 109 0x484FD71: elektraPluginOpen (in /home/jenkins/workspace/build/linux/lib/libelektra-kdb.so.0.8.26)
                 n0: 109 0x1091E1: main (in /home/jenkins/workspace/build/linux/bin/benchmark_plugingetset)
  n0: 0 in 2 places, all below massif's threshold (1.00%)
 n1: 104 0x485EAE2: elektraRealloc (in /home/jenkins/workspace/build/linux/lib/libelektra-core.so.0.8.26)
  n0: 104 in 2 places, all below massif's threshold (1.00%)
#-----------
snapshot=15
#-----------
time=304637
mem_heap_B=8700
mem_heap_extra_B=436
mem_stacks_B=0
heap_tree=empty
#-----------
snapshot=16
#-----------
time=315728
mem_heap_B=8788
mem_heap_extra_B=452
mem_stacks_B=0
heap_tree=empty
#-----------
snapshot=17
#-----------
time=322395
mem_heap_B=9036
mem_heap_extra_B=500
mem_stacks_B=0
heap_tree=empty
#-----------
snapshot=18
#-----------
time=329684
mem_heap_B=9348
mem_heap_extra_B=524
mem_stacks_B=0
heap_tree=empty
#-----------
snapshot=19
#-----------
time=335841
mem_heap_B=10644
mem_heap_extra_B=532
mem_stacks_B=0
heap_tree=empty
#-----------
snapshot=20
#-----------
time=341531
mem_heap_B=11412
mem_heap_extra_B=548
mem_stacks_B=0
heap_tree=detailed
n12: 11412 (heap allocation functions) malloc/new/new[], --alloc-fns, etc.
 n1: 5962 0x400B2AC: _dl_new_object (dl-object.c:73)
  n1: 5962 0x4005E46: _dl_map_object_from_fd (dl-load.c:1001)
   n2: 5962 0x4008A8B: _dl_map_object (dl-load.c:2466)
    n1: 4766 0x400D290: openaux (dl-deps.c:64)
     n1: 4766 0x49B5B2D: _dl_catch_exception (dl-error-skeleton.c:196)
      n1: 4766 0x400D604: _dl_map_object_deps (dl-deps.c:248)
       n1: 4766 0x401304E: dl_open_worker (dl-open.c:271)
        n1: 4766 0x49B5B2D: _dl_catch_exception (dl-error-skeleton.c:196)
         n1: 4766 0x4012BB8: _dl_open (dl-open.c:599)
          n1: 4766 0x487D254: dlopen_doit (dlopen.c:66)
           n1: 4766 0x49B5B2D: _dl_catch_exception (dl-error-skeleton.c:196)
            n1: 4766 0x49B5BBD: _dl_catch_error (dl-error-skeleton.c:215)
             n1: 4766 0x487D973: _dlerror_run (dlerror.c:163)
              n1: 4766 0x487D2E4: dlopen@@GLIBC_2.2.5 (dlopen.c:87)
               n1: 4766 0x48666EB: elektraModulesLoad (in /home/jenkins/workspace/build/linux/lib/libelektra-core.so.0.8.26)
                n1: 4766 0x484FD71: elektraPluginOpen (in /home/jenkins/workspace/build/linux/lib/libelektra-kdb.so.0.8.26)
                 n0: 4766 0x1091E1: main (in /home/jenkins/workspace/build/linux/bin/benchmark_plugingetset)
    n1: 1196 0x4012FE9: dl_open_worker (dl-open.c:228)
     n1: 1196 0x49B5B2D: _dl_catch_exception (dl-error-skeleton.c:196)
      n1: 1196 0x4012BB8: _dl_open (dl-open.c:599)
       n1: 1196 0x487D254: dlopen_doit (dlopen.c:66)
        n1: 1196 0x49B5B2D: _dl_catch_exception (dl-error-skeleton.c:196)
         n1: 1196 0x49B5BBD: _dl_catch_error (dl-error-skeleton.c:215)
          n1: 1196 0x487D973: _dlerror_run (dlerror.c:163)
           n1: 1196 0x487D2E4: dlopen@@GLIBC_2.2.5 (dlopen.c:87)
            n1: 1196 0x48666EB: elektraModulesLoad (in /home/jenkins/workspace/build/linux/lib/libelektra-core.so.0.8.26)
             n1: 1196 0x484FD71: elektraPluginOpen (in /home/jenkins/workspace/build/linux/lib/libelektra-kdb.so.0.8.26)
              n0: 1196 0x1091E1: main (in /home/jenkins/workspace/build/linux/bin/benchmark_plugingetset)
 n1: 2376 0x4010A1E: _dl_check_map_versions (dl-version.c:274)
  n1: 2376 0x4013094: dl_open_worker (dl-open.c:277)
   n1: 2376 0x49B5B2D: _dl_catch_exception (dl-error-skeleton.c:196)
    n1: 2376 0x4012BB8: _dl_open (dl-open.c:599)
     n1: 2376 0x487D254: dlopen_doit (dlopen.c:66)
      n1: 2376 0x49B5B2D: _dl_catch_exception (dl-error-skeleton.c:196)
       n1: 2376 0x49B5BBD: _dl_catch_error (dl-error-skeleton.c:215)
        n1: 2376 0x487D973: _dlerror_run (dlerror.c:163)
         n1: 2376 0x487D2E4: dlopen@@GLIBC_2.2.5 (dlopen.c:87)
          n1: 2376 0x48666EB: elektraModulesLoad (in /home/jenkins/workspace/build/linux/lib/libelektra-core.so.0.8.26)
           n1: 2376 0x484FD71: elektraPluginOpen (in /home/jenkins/workspace/build/linux/lib/libelektra-kdb.so.0.8.26)
            n0: 2376 0x1091E1: main (in /home/jenkins/workspace/build/linux/bin/benchmark_plugingetset)
 n1: 1024 0x485EBF6: elektraVFormat (in /home/jenkins/workspace/build/linux/lib/libelektra-core.so.0.8.26)
  n2: 1024 0x485ED2A: elektraFormat (in /home/jenkins/workspace/build/linux/lib/libelektra-core.so.0.8.26)
   n0: 512 0x109162: main (in /home/jenkins/workspace/build/linux/bin/benchmark_plugingetset)
   n0: 512 0x109179: main (in /home/jenkins/workspace/build/linux/bin/benchmark_plugingetset)
 n1: 384 0x4863428: ksVNew (in /home/jenkins/workspace/build/linux/lib/libelektra-core.so.0.8.26)
  n3: 384 0x486356A: ksNew (in /home/jenkins/workspace/build/linux/lib/libelektra-core.so.0.8.26)
   n0: 128 0x10914B: main (in /home/jenkins/workspace/build/linux/bin/benchmark_plugingetset)
   n0: 128 0x1091A0: main (in /home/jenkins/workspace/build/linux/bin/benchmark_plugingetset)
   n0: 128 0x1091AF: main (in /home/jenkins/workspace/build/linux/bin/benchmark_plugingetset)
 n0: 322 in 8 places, all below massif's threshold (1.00%)
 n1: 256 0x400D46A: _dl_map_object_deps (dl-deps.c:438)
  n1: 256 0x401304E: dl_open_worker (dl-open.c:271)
   n1: 256 0x49B5B2D: _dl_catch_exception (dl-error-skeleton.c:196)
    n1: 256 0x4012BB8: _dl_open (dl-open.c:599)
     n1: 256 0x487D254: dlopen_doit (dlopen.c:66)
      n1: 256 0x49B5B2D: _dl_catch_exception (dl-error-skeleton.c:196)
       n1: 256 0x49B5BBD: _dl_catch_error (dl-error-skeleton.c:215)
        n1: 256 0x487D973: _dlerror_run (dlerror.c:163)
         n1: 256 0x487D2E4: dlopen@@GLIBC_2.2.5 (dlopen.c:87)
          n1: 256 0x48666EB: elektraModulesLoad (in /home/jenkins/workspace/build/linux/lib/libelektra-core.so.0.8.26)
           n1: 256 0x484FD71: elektraPluginOpen (in /home/jenkins/workspace/build/linux/lib/libelektra-kdb.so.0.8.26)
            n0: 256 0x1091E1: main (in /home/jenkins/workspace/build/linux/bin/benchmark_plugingetset)
 n1: 256 0x485F3A2: keyVNew (in /home/jenkins/workspace/build/linux/lib/libelektra-core.so.0.8.26)
  n1: 256 0x485F460: keyNew (in /home/jenkins/workspace/build/linux/lib/libelektra-core.so.0.8.26)
   n0: 256 in 4 places, all below massif's threshold (1.00%)
 n1: 232 0x400B58E: _dl_new_object (dl-object.c:163)
  n1: 232 0x4005E46: _dl_map_object_from_fd (dl-load.c:1001)
   n2: 232 0x4008A8B: _dl_map_object (dl-load.c:2466)
    n1: 172 0x400D290: openaux (dl-deps.c:64)
     n1: 172 0x49B5B2D: _dl_catch_exception (dl-error-skeleton.c:196)
      n1: 172 0x400D604: _dl_map_object_deps (dl-deps.c:248)
       n1: 172 0x401304E: dl_open_worker (dl-open.c:271)
        n1: 172 0x49B5B2D: _dl_catch_exception (dl-error-skeleton.c:196)
         n1: 172 0x4012BB8: _dl_open (dl-open.c:599)
          n1: 172 0x487D254: dlopen_doit (dlopen.c:66)
           n1: 172 0x49B5B2D: _dl_catch_exception (dl-error-skeleton.c:196)
            n1: 172 0x49B5BBD: _dl_catch_error (dl-error-skeleton.c:215)
             n1: 172 0x487D973: _dlerror_run (dlerror.c:163)
              n1: 172 0x487D2E4: dlopen@@GLIBC_2.2.5 (dlopen.c:87)
               n1: 172 0x48666EB: elektraModulesLoad (in /home/jenkins/workspace/build/linux/lib/libelektra-core.so.0.8.26)
                n1: 172 0x484FD71: elektraPluginOpen (in /home/jenkins/workspace/build/linux/lib/libelektra-kdb.so.0.8.26)
                 n0: 172 0x1091E1: main (in /home/jenkins/workspace/build/linux/bin/benchmark_plugingetset)
    n0: 60 in 1 place, below massif's threshold (1.00%)
 n1: 192 0x48633F2: ksVNew (in /home/jenkins/workspace/build/linux/lib/libelektra-core.so.0.8.26)
  n1: 192 0x486356A: ksNew (in /home/jenkins/workspace/build/linux/lib/libelektra-core.so.0.8.26)
   n0: 192 in 3 places, all below massif's threshold (1.00%)
 n1: 152 0x400D904: _dl_map_object_deps (dl-deps.c:479)
  n1: 152 0x401304E: dl_open_worker (dl-open.c:271)
   n1: 152 0x49B5B2D: _dl_catch_exception (dl-error-skeleton.c:196)
    n1: 152 0x4012BB8: _dl_open (dl-open.c:599)
     n1: 152 0x487D254: dlopen_doit (dlopen.c:66)
      n1: 152 0x49B5B2D: _dl_catch_exception (dl-error-skeleton.c:196)
       n1: 152 0x49B5BBD: _dl_catch_error (dl-error-skeleton.c:215)
        n1: 152 0x487D973: _dlerror_run (dlerror.c:163)
         n1: 152 0x487D2E4: dlopen@@GLIBC_2.2.5 (dlopen.c:87)
          n1: 152 0x48666EB: elektraModulesLoad (in /home/jenkins/workspace/build/linux/lib/libelektra-core.so.0.8.26)
           n1: 152 0x484FD71: elektraPluginOpen (in /home/jenkins/workspace/build/linux/lib/libelektra-kdb.so.0.8.26)
            n0: 152 0x1091E1: main (in /home/jenkins/workspace/build/linux/bin/benchmark_plugingetset)
 n1: 133 0x40081A8: fillin_rpath (dl-load.c:509)
  n1: 133 0x40083BA: decompose_rpath.isra.10 (dl-load.c:631)
   n1: 133 0x4009105: _dl_map_object (dl-load.c:2297)
    n1: 133 0x400D290: openaux (dl-deps.c:64)
     n1: 133 0x49B5B2D: _dl_catch_exception (dl-error-skeleton.c:196)
      n1: 133 0x400D604: _dl_map_object_deps (dl-deps.c:248)
       n1: 133 0x401304E: dl_open_worker (dl-open.c:271)
        n1: 133 0x49B5B2D: _dl_catch_exception (dl-error-skeleton.c:196)
         n1: 133 0x4012BB8: _dl_open (dl-open.c:599)
          n1: 133 0x487D254: dlopen_doit (dlopen.c:66)
           n1: 133 0x49B5B2D: _dl_catch_exception (dl-error-skeleton.c:196)
            n1: 133 0x49B5BBD: _dl_catch_error (dl-error-skeleton.c:215)
             n1: 133 0x487D973: _dlerror_run (dlerror.c:163)
              n1: 133 0x487D2E4: dlopen@@GLIBC_2.2.5 (dlopen.c:87)
               n1: 133 0x48666EB: elektraModulesLoad (in /home/jenkins/workspace/build/linux/lib/libelektra-core.so.0.8.26)
                n1: 133 0x484FD71: elektraPluginOpen (in /home/jenkins/workspace/build/linux/lib/libelektra-kdb.so.0.8.26)
                 n0: 133 0x1091E1: main (in /home/jenkins/workspace/build/linux/bin/benchmark_plugingetset)
 n1: 123 0x4007798: open_path (dl-load.c:2112)
  n1: 123 0x4008C16: _dl_map_object (dl-load.c:2297)
   n0: 123 in 2 places, all below massif's threshold (1.00%)
#-----------
snapshot=21
#-----------
time=862005
mem_heap_B=12404
mem_heap_extra_B=556
mem_stacks_B=0
heap_tree=empty
#-----------
snapshot=22
#-----------
time=942553
mem_heap_B=14356
mem_heap_extra_B=564
mem_stacks_B=0
heap_tree=empty
#-----------
snapshot=23
#-----------
time=943436
mem_heap_B=13364
mem_heap_extra_B=556
mem_stacks_B=0
heap_tree=empty
#-----------
snapshot=24
#-----------
time=3222087
mem_heap_B=17428
mem_heap_extra_B=564
mem_stacks_B=0
heap_tree=empty
#-----------
snapshot=25
#-----------
time=3223718
mem_heap_B=15476
mem_heap_extra_B=556
mem_stacks_B=0
heap_tree=empty
#-----------
snapshot=26
#-----------
time=5028961
mem_heap_B=88180
mem_heap_extra_B=564
mem_stacks_B=0
heap_tree=empty
#-----------
snapshot=27
#-----------
time=5080900
mem_heap_B=88244
mem_heap_extra_B=572
mem_stacks_B=0
heap_tree=empty
#-----------
snapshot=28
#-----------
time=5087749
mem_heap_B=88566
mem_heap_extra_B=626
mem_stacks_B=0
heap_tree=empty
#-----------
snapshot=29
#-----------
time=5096713
mem_heap_B=107448
mem_heap_extra_B=824
mem_stacks_B=0
heap_tree=empty
#-----------
snapshot=30
#-----------
time=5115941
mem_heap_B=107448
mem_heap_extra_B=824
mem_stacks_B=0
heap_tree=detailed
n7: 107448 (heap allocation functions) malloc/new/new[], --alloc-fns, etc.
 n1: 72704 0x4F03454: ??? (in /usr/lib/x86_64-linux-gnu/libstdc++.so.6.0.25)
  n1: 72704 0x400F378: call_init.part.0 (dl-init.c:72)
   n1: 72704 0x400F474: _dl_init (dl-init.c:118)
    n1: 72704 0x40132D1: dl_open_worker (dl-open.c:517)
     n1: 72704 0x49B5B2D: _dl_catch_exception (dl-error-skeleton.c:196)
      n1: 72704 0x4012BB8: _dl_open (dl-open.c:599)
       n1: 72704 0x487D254: dlopen_doit (dlopen.c:66)
        n1: 72704 0x49B5B2D: _dl_catch_exception (dl-error-skeleton.c:196)
         n1: 72704 0x49B5BBD: _dl_catch_error (dl-error-skeleton.c:215)
          n1: 72704 0x487D973: _dlerror_run (dlerror.c:163)
           n1: 72704 0x487D2E4: dlopen@@GLIBC_2.2.5 (dlopen.c:87)
            n1: 72704 0x48666EB: elektraModulesLoad (in /home/jenkins/workspace/build/linux/lib/libelektra-core.so.0.8.26)
             n1: 72704 0x484FD71: elektraPluginOpen (in /home/jenkins/workspace/build/linux/lib/libelektra-kdb.so.0.8.26)
              n0: 72704 0x1091E1: main (in /home/jenkins/workspace/build/linux/bin/benchmark_plugingetset)
 n1: 8192 0x4F5F8F6: std::basic_filebuf<char, std::char_traits<char> >::_M_allocate_internal_buffer() (in /usr/lib/x86_64-linux-gnu/libstdc++.so.6.0.25)
  n1: 8192 0x4F63790: std::basic_filebuf<char, std::char_traits<char> >::open(char const*, std::_Ios_Openmode) (in /usr/lib/x86_64-linux-gnu/libstdc++.so.6.0.25)
   n1: 8192 0x4E4E699: ???
    n1: 8192 0x4E4A750: ???
     n1: 8192 0x4E560E2: ???
      n0: 8192 0x1091F8: main (in /home/jenkins/workspace/build/linux/bin/benchmark_plugingetset)
 n1: 7764 0x4E583B0: ???
  n1: 7764 0x4E57988: ???
   n1: 7764 0x4E51FF0: ???
    n1: 7764 0x4E4E6DA: ???
     n1: 7764 0x4E4A750: ???
      n1: 7764 0x4E560E2: ???
       n0: 7764 0x1091F8: main (in /home/jenkins/workspace/build/linux/bin/benchmark_plugingetset)
 n0: 6386 in 32 places, all below massif's threshold (1.00%)
 n1: 5962 0x400B2AC: _dl_new_object (dl-object.c:73)
  n1: 5962 0x4005E46: _dl_map_object_from_fd (dl-load.c:1001)
   n2: 5962 0x4008A8B: _dl_map_object (dl-load.c:2466)
    n1: 4766 0x400D290: openaux (dl-deps.c:64)
     n1: 4766 0x49B5B2D: _dl_catch_exception (dl-error-skeleton.c:196)
      n1: 4766 0x400D604: _dl_map_object_deps (dl-deps.c:248)
       n1: 4766 0x401304E: dl_open_worker (dl-open.c:271)
        n1: 4766 0x49B5B2D: _dl_catch_exception (dl-error-skeleton.c:196)
         n1: 4766 0x4012BB8: _dl_open (dl-open.c:599)
          n1: 4766 0x487D254: dlopen_doit (dlopen.c:66)
           n1: 4766 0x49B5B2D: _dl_catch_exception (dl-error-skeleton.c:196)
            n1: 4766 0x49B5BBD: _dl_catch_error (dl-error-skeleton.c:215)
             n1: 4766 0x487D973: _dlerror_run (dlerror.c:163)
              n1: 4766 0x487D2E4: dlopen@@GLIBC_2.2.5 (dlopen.c:87)
               n1: 4766 0x48666EB: elektraModulesLoad (in /home/jenkins/workspace/build/linux/lib/libelektra-core.so.0.8.26)
                n1: 4766 0x484FD71: elektraPluginOpen (in /home/jenkins/workspace/build/linux/lib/libelektra-kdb.so.0.8.26)
                 n0: 4766 0x1091E1: main (in /home/jenkins/workspace/build/linux/bin/benchmark_plugingetset)
    n1: 1196 0x4012FE9: dl_open_worker (dl-open.c:228)
     n1: 1196 0x49B5B2D: _dl_catch_exception (dl-error-skeleton.c:196)
      n1: 1196 0x4012BB8: _dl_open (dl-open.c:599)
       n1: 1196 0x487D254: dlopen_doit (dlopen.c:66)
        n1: 1196 0x49B5B2D: _dl_catch_exception (dl-error-skeleton.c:196)
         n1: 1196 0x49B5BBD: _dl_catch_error (dl-error-skeleton.c:215)
          n1: 1196 0x487D973: _dlerror_run (dlerror.c:163)
           n1: 1196 0x487D2E4: dlopen@@GLIBC_2.2.5 (dlopen.c:87)
            n1: 1196 0x48666EB: elektraModulesLoad (in /home/jenkins/workspace/build/linux/lib/libelektra-core.so.0.8.26)
             n1: 1196 0x484FD71: elektraPluginOpen (in /home/jenkins/workspace/build/linux/lib/libelektra-kdb.so.0.8.26)
              n0: 1196 0x1091E1: main (in /home/jenkins/workspace/build/linux/bin/benchmark_plugingetset)
 n1: 4064 0x400A095: do_lookup_x (dl-lookup.c:253)
  n1: 4064 0x400A38D: _dl_lookup_symbol_x (dl-lookup.c:814)
   n1: 4064 0x400BD5C: _dl_relocate_object (dl-machine.h:308)
    n1: 4064 0x401319C: dl_open_worker (dl-open.c:377)
     n1: 4064 0x49B5B2D: _dl_catch_exception (dl-error-skeleton.c:196)
      n1: 4064 0x4012BB8: _dl_open (dl-open.c:599)
       n1: 4064 0x487D254: dlopen_doit (dlopen.c:66)
        n1: 4064 0x49B5B2D: _dl_catch_exception (dl-error-skeleton.c:196)
         n1: 4064 0x49B5BBD: _dl_catch_error (dl-error-skeleton.c:215)
          n1: 4064 0x487D973: _dlerror_run (dlerror.c:163)
           n1: 4064 0x487D2E4: dlopen@@GLIBC_2.2.5 (dlopen.c:87)
            n1: 4064 0x48666EB: elektraModulesLoad (in /home/jenkins/workspace/build/linux/lib/libelektra-core.so.0.8.26)
             n1: 4064 0x484FD71: elektraPluginOpen (in /home/jenkins/workspace/build/linux/lib/libelektra-kdb.so.0.8.26)
              n0: 4064 0x1091E1: main (in /home/jenkins/workspace/build/linux/bin/benchmark_plugingetset)
 n1: 2376 0x4010A1E: _dl_check_map_versions (dl-version.c:274)
  n1: 2376 0x4013094: dl_open_worker (dl-open.c:277)
   n1: 2376 0x49B5B2D: _dl_catch_exception (dl-error-skeleton.c:196)
    n1: 2376 0x4012BB8: _dl_open (dl-open.c:599)
     n1: 2376 0x487D254: dlopen_doit (dlopen.c:66)
      n1: 2376 0x49B5B2D: _dl_catch_exception (dl-error-skeleton.c:196)
       n1: 2376 0x49B5BBD: _dl_catch_error (dl-error-skeleton.c:215)
        n1: 2376 0x487D973: _dlerror_run (dlerror.c:163)
         n1: 2376 0x487D2E4: dlopen@@GLIBC_2.2.5 (dlopen.c:87)
          n1: 2376 0x48666EB: elektraModulesLoad (in /home/jenkins/workspace/build/linux/lib/libelektra-core.so.0.8.26)
           n1: 2376 0x484FD71: elektraPluginOpen (in /home/jenkins/workspace/build/linux/lib/libelektra-kdb.so.0.8.26)
            n0: 2376 0x1091E1: main (in /home/jenkins/workspace/build/linux/bin/benchmark_plugingetset)
#-----------
snapshot=31
#-----------
time=5119676
mem_heap_B=107808
mem_heap_extra_B=848
mem_stacks_B=0
heap_tree=empty
#-----------
snapshot=32
#-----------
time=5128747
mem_heap_B=126962
mem_heap_extra_B=846
mem_stacks_B=0
heap_tree=empty
#-----------
snapshot=33
#-----------
time=5138597
mem_heap_B=127056
mem_heap_extra_B=864
mem_stacks_B=0
heap_tree=empty
#-----------
snapshot=34
#-----------
time=5143934
mem_heap_B=127055
mem_heap_extra_B=865
mem_stacks_B=0
heap_tree=empty
#-----------
snapshot=35
#-----------
time=5152253
mem_heap_B=127807
mem_heap_extra_B=929
mem_stacks_B=0
heap_tree=detailed
n8: 127807 (heap allocation functions) malloc/new/new[], --alloc-fns, etc.
 n1: 72704 0x4F03454: ??? (in /usr/lib/x86_64-linux-gnu/libstdc++.so.6.0.25)
  n1: 72704 0x400F378: call_init.part.0 (dl-init.c:72)
   n1: 72704 0x400F474: _dl_init (dl-init.c:118)
    n1: 72704 0x40132D1: dl_open_worker (dl-open.c:517)
     n1: 72704 0x49B5B2D: _dl_catch_exception (dl-error-skeleton.c:196)
      n1: 72704 0x4012BB8: _dl_open (dl-open.c:599)
       n1: 72704 0x487D254: dlopen_doit (dlopen.c:66)
        n1: 72704 0x49B5B2D: _dl_catch_exception (dl-error-skeleton.c:196)
         n1: 72704 0x49B5BBD: _dl_catch_error (dl-error-skeleton.c:215)
          n1: 72704 0x487D973: _dlerror_run (dlerror.c:163)
           n1: 72704 0x487D2E4: dlopen@@GLIBC_2.2.5 (dlopen.c:87)
            n1: 72704 0x48666EB: elektraModulesLoad (in /home/jenkins/workspace/build/linux/lib/libelektra-core.so.0.8.26)
             n1: 72704 0x484FD71: elektraPluginOpen (in /home/jenkins/workspace/build/linux/lib/libelektra-kdb.so.0.8.26)
              n0: 72704 0x1091E1: main (in /home/jenkins/workspace/build/linux/bin/benchmark_plugingetset)
 n1: 19200 0x4E595F6: ???
  n1: 19200 0x4E4E6ED: ???
   n1: 19200 0x4E4A750: ???
    n1: 19200 0x4E560E2: ???
     n0: 19200 0x1091F8: main (in /home/jenkins/workspace/build/linux/bin/benchmark_plugingetset)
 n1: 8192 0x4F5F8F6: std::basic_filebuf<char, std::char_traits<char> >::_M_allocate_internal_buffer() (in /usr/lib/x86_64-linux-gnu/libstdc++.so.6.0.25)
  n1: 8192 0x4F63790: std::basic_filebuf<char, std::char_traits<char> >::open(char const*, std::_Ios_Openmode) (in /usr/lib/x86_64-linux-gnu/libstdc++.so.6.0.25)
   n1: 8192 0x4E4E699: ???
    n1: 8192 0x4E4A750: ???
     n1: 8192 0x4E560E2: ???
      n0: 8192 0x1091F8: main (in /home/jenkins/workspace/build/linux/bin/benchmark_plugingetset)
 n1: 7764 0x4E583B0: ???
  n1: 7764 0x4E57988: ???
   n1: 7764 0x4E51FF0: ???
    n1: 7764 0x4E4E6DA: ???
     n1: 7764 0x4E4A750: ???
      n1: 7764 0x4E560E2: ???
       n0: 7764 0x1091F8: main (in /home/jenkins/workspace/build/linux/bin/benchmark_plugingetset)
 n0: 7545 in 45 places, all below massif's threshold (1.00%)
 n1: 5962 0x400B2AC: _dl_new_object (dl-object.c:73)
  n1: 5962 0x4005E46: _dl_map_object_from_fd (dl-load.c:1001)
   n2: 5962 0x4008A8B: _dl_map_object (dl-load.c:2466)
    n1: 4766 0x400D290: openaux (dl-deps.c:64)
     n1: 4766 0x49B5B2D: _dl_catch_exception (dl-error-skeleton.c:196)
      n1: 4766 0x400D604: _dl_map_object_deps (dl-deps.c:248)
       n1: 4766 0x401304E: dl_open_worker (dl-open.c:271)
        n1: 4766 0x49B5B2D: _dl_catch_exception (dl-error-skeleton.c:196)
         n1: 4766 0x4012BB8: _dl_open (dl-open.c:599)
          n1: 4766 0x487D254: dlopen_doit (dlopen.c:66)
           n1: 4766 0x49B5B2D: _dl_catch_exception (dl-error-skeleton.c:196)
            n1: 4766 0x49B5BBD: _dl_catch_error (dl-error-skeleton.c:215)
             n1: 4766 0x487D973: _dlerror_run (dlerror.c:163)
              n1: 4766 0x487D2E4: dlopen@@GLIBC_2.2.5 (dlopen.c:87)
               n1: 4766 0x48666EB: elektraModulesLoad (in /home/jenkins/workspace/build/linux/lib/libelektra-core.so.0.8.26)
                n1: 4766 0x484FD71: elektraPluginOpen (in /home/jenkins/workspace/build/linux/lib/libelektra-kdb.so.0.8.26)
                 n0: 4766 0x1091E1: main (in /home/jenkins/workspace/build/linux/bin/benchmark_plugingetset)
    n0: 1196 in 1 place, below massif's threshold (1.00%)
 n1: 4064 0x400A095: do_lookup_x (dl-lookup.c:253)
  n1: 4064 0x400A38D: _dl_lookup_symbol_x (dl-lookup.c:814)
   n1: 4064 0x400BD5C: _dl_relocate_object (dl-machine.h:308)
    n1: 4064 0x401319C: dl_open_worker (dl-open.c:377)
     n1: 4064 0x49B5B2D: _dl_catch_exception (dl-error-skeleton.c:196)
      n1: 4064 0x4012BB8: _dl_open (dl-open.c:599)
       n1: 4064 0x487D254: dlopen_doit (dlopen.c:66)
        n1: 4064 0x49B5B2D: _dl_catch_exception (dl-error-skeleton.c:196)
         n1: 4064 0x49B5BBD: _dl_catch_error (dl-error-skeleton.c:215)
          n1: 4064 0x487D973: _dlerror_run (dlerror.c:163)
           n1: 4064 0x487D2E4: dlopen@@GLIBC_2.2.5 (dlopen.c:87)
            n1: 4064 0x48666EB: elektraModulesLoad (in /home/jenkins/workspace/build/linux/lib/libelektra-core.so.0.8.26)
             n1: 4064 0x484FD71: elektraPluginOpen (in /home/jenkins/workspace/build/linux/lib/libelektra-kdb.so.0.8.26)
              n0: 4064 0x1091E1: main (in /home/jenkins/workspace/build/linux/bin/benchmark_plugingetset)
 n1: 2376 0x4010A1E: _dl_check_map_versions (dl-version.c:274)
  n1: 2376 0x4013094: dl_open_worker (dl-open.c:277)
   n1: 2376 0x49B5B2D: _dl_catch_exception (dl-error-skeleton.c:196)
    n1: 2376 0x4012BB8: _dl_open (dl-open.c:599)
     n1: 2376 0x487D254: dlopen_doit (dlopen.c:66)
      n1: 2376 0x49B5B2D: _dl_catch_exception (dl-error-skeleton.c:196)
       n1: 2376 0x49B5BBD: _dl_catch_error (dl-error-skeleton.c:215)
        n1: 2376 0x487D973: _dlerror_run (dlerror.c:163)
         n1: 2376 0x487D2E4: dlopen@@GLIBC_2.2.5 (dlopen.c:87)
          n1: 2376 0x48666EB: elektraModulesLoad (in /home/jenkins/workspace/build/linux/lib/libelektra-core.so.0.8.26)
           n1: 2376 0x484FD71: elektraPluginOpen (in /home/jenkins/workspace/build/linux/lib/libelektra-kdb.so.0.8.26)
            n0: 2376 0x1091E1: main (in /home/jenkins/workspace/build/linux/bin/benchmark_plugingetset)
#-----------
snapshot=36
#-----------
time=5159945
mem_heap_B=127235
mem_heap_extra_B=933
mem_stacks_B=0
heap_tree=empty
#-----------
snapshot=37
#-----------
time=5167260
mem_heap_B=127235
mem_heap_extra_B=933
mem_stacks_B=0
heap_tree=detailed
n8: 127235 (heap allocation functions) malloc/new/new[], --alloc-fns, etc.
 n1: 72704 0x4F03454: ??? (in /usr/lib/x86_64-linux-gnu/libstdc++.so.6.0.25)
  n1: 72704 0x400F378: call_init.part.0 (dl-init.c:72)
   n1: 72704 0x400F474: _dl_init (dl-init.c:118)
    n1: 72704 0x40132D1: dl_open_worker (dl-open.c:517)
     n1: 72704 0x49B5B2D: _dl_catch_exception (dl-error-skeleton.c:196)
      n1: 72704 0x4012BB8: _dl_open (dl-open.c:599)
       n1: 72704 0x487D254: dlopen_doit (dlopen.c:66)
        n1: 72704 0x49B5B2D: _dl_catch_exception (dl-error-skeleton.c:196)
         n1: 72704 0x49B5BBD: _dl_catch_error (dl-error-skeleton.c:215)
          n1: 72704 0x487D973: _dlerror_run (dlerror.c:163)
           n1: 72704 0x487D2E4: dlopen@@GLIBC_2.2.5 (dlopen.c:87)
            n1: 72704 0x48666EB: elektraModulesLoad (in /home/jenkins/workspace/build/linux/lib/libelektra-core.so.0.8.26)
             n1: 72704 0x484FD71: elektraPluginOpen (in /home/jenkins/workspace/build/linux/lib/libelektra-kdb.so.0.8.26)
              n0: 72704 0x1091E1: main (in /home/jenkins/workspace/build/linux/bin/benchmark_plugingetset)
 n1: 19200 0x4E595F6: ???
  n1: 19200 0x4E4E6ED: ???
   n1: 19200 0x4E4A750: ???
    n1: 19200 0x4E560E2: ???
     n0: 19200 0x1091F8: main (in /home/jenkins/workspace/build/linux/bin/benchmark_plugingetset)
 n1: 8192 0x4F5F8F6: std::basic_filebuf<char, std::char_traits<char> >::_M_allocate_internal_buffer() (in /usr/lib/x86_64-linux-gnu/libstdc++.so.6.0.25)
  n1: 8192 0x4F63790: std::basic_filebuf<char, std::char_traits<char> >::open(char const*, std::_Ios_Openmode) (in /usr/lib/x86_64-linux-gnu/libstdc++.so.6.0.25)
   n1: 8192 0x4E4E699: ???
    n1: 8192 0x4E4A750: ???
     n1: 8192 0x4E560E2: ???
      n0: 8192 0x1091F8: main (in /home/jenkins/workspace/build/linux/bin/benchmark_plugingetset)
 n1: 7764 0x4E583B0: ???
  n1: 7764 0x4E57988: ???
   n1: 7764 0x4E51FF0: ???
    n1: 7764 0x4E4E6DA: ???
     n1: 7764 0x4E4A750: ???
      n1: 7764 0x4E560E2: ???
       n0: 7764 0x1091F8: main (in /home/jenkins/workspace/build/linux/bin/benchmark_plugingetset)
 n0: 6973 in 46 places, all below massif's threshold (1.00%)
 n1: 5962 0x400B2AC: _dl_new_object (dl-object.c:73)
  n1: 5962 0x4005E46: _dl_map_object_from_fd (dl-load.c:1001)
   n2: 5962 0x4008A8B: _dl_map_object (dl-load.c:2466)
    n1: 4766 0x400D290: openaux (dl-deps.c:64)
     n1: 4766 0x49B5B2D: _dl_catch_exception (dl-error-skeleton.c:196)
      n1: 4766 0x400D604: _dl_map_object_deps (dl-deps.c:248)
       n1: 4766 0x401304E: dl_open_worker (dl-open.c:271)
        n1: 4766 0x49B5B2D: _dl_catch_exception (dl-error-skeleton.c:196)
         n1: 4766 0x4012BB8: _dl_open (dl-open.c:599)
          n1: 4766 0x487D254: dlopen_doit (dlopen.c:66)
           n1: 4766 0x49B5B2D: _dl_catch_exception (dl-error-skeleton.c:196)
            n1: 4766 0x49B5BBD: _dl_catch_error (dl-error-skeleton.c:215)
             n1: 4766 0x487D973: _dlerror_run (dlerror.c:163)
              n1: 4766 0x487D2E4: dlopen@@GLIBC_2.2.5 (dlopen.c:87)
               n1: 4766 0x48666EB: elektraModulesLoad (in /home/jenkins/workspace/build/linux/lib/libelektra-core.so.0.8.26)
                n1: 4766 0x484FD71: elektraPluginOpen (in /home/jenkins/workspace/build/linux/lib/libelektra-kdb.so.0.8.26)
                 n0: 4766 0x1091E1: main (in /home/jenkins/workspace/build/linux/bin/benchmark_plugingetset)
    n0: 1196 in 1 place, below massif's threshold (1.00%)
 n1: 4064 0x400A095: do_lookup_x (dl-lookup.c:253)
  n1: 4064 0x400A38D: _dl_lookup_symbol_x (dl-lookup.c:814)
   n1: 4064 0x400BD5C: _dl_relocate_object (dl-machine.h:308)
    n1: 4064 0x401319C: dl_open_worker (dl-open.c:377)
     n1: 4064 0x49B5B2D: _dl_catch_exception (dl-error-skeleton.c:196)
      n1: 4064 0x4012BB8: _dl_open (dl-open.c:599)
       n1: 4064 0x487D254: dlopen_doit (dlopen.c:66)
        n1: 4064 0x49B5B2D: _dl_catch_exception (dl-error-skeleton.c:196)
         n1: 4064 0x49B5BBD: _dl_catch_error (dl-error-skeleton.c:215)
          n1: 4064 0x487D973: _dlerror_run (dlerror.c:163)
           n1: 4064 0x487D2E4: dlopen@@GLIBC_2.2.5 (dlopen.c:87)
            n1: 4064 0x48666EB: elektraModulesLoad (in /home/jenkins/workspace/build/linux/lib/libelektra-core.so.0.8.26)
             n1: 4064 0x484FD71: elektraPluginOpen (in /home/jenkins/workspace/build/linux/lib/libelektra-kdb.so.0.8.26)
              n0: 4064 0x1091E1: main (in /home/jenkins/workspace/build/linux/bin/benchmark_plugingetset)
 n1: 2376 0x4010A1E: _dl_check_map_versions (dl-version.c:274)
  n1: 2376 0x4013094: dl_open_worker (dl-open.c:277)
   n1: 2376 0x49B5B2D: _dl_catch_exception (dl-error-skeleton.c:196)
    n1: 2376 0x4012BB8: _dl_open (dl-open.c:599)
     n1: 2376 0x487D254: dlopen_doit (dlopen.c:66)
      n1: 2376 0x49B5B2D: _dl_catch_exception (dl-error-skeleton.c:196)
       n1: 2376 0x49B5BBD: _dl_catch_error (dl-error-skeleton.c:215)
        n1: 2376 0x487D973: _dlerror_run (dlerror.c:163)
         n1: 2376 0x487D2E4: dlopen@@GLIBC_2.2.5 (dlopen.c:87)
          n1: 2376 0x48666EB: elektraModulesLoad (in /home/jenkins/workspace/build/linux/lib/libelektra-core.so.0.8.26)
           n1: 2376 0x484FD71: elektraPluginOpen (in /home/jenkins/workspace/build/linux/lib/libelektra-kdb.so.0.8.26)
            n0: 2376 0x1091E1: main (in /home/jenkins/workspace/build/linux/bin/benchmark_plugingetset)
#-----------
snapshot=38
#-----------
time=5171881
mem_heap_B=127397
mem_heap_extra_B=923
mem_stacks_B=0
heap_tree=empty
#-----------
snapshot=39
#-----------
time=5177284
mem_heap_B=127364
mem_heap_extra_B=924
mem_stacks_B=0
heap_tree=empty
#-----------
snapshot=40
#-----------
time=5184226
mem_heap_B=127639
mem_heap_extra_B=953
mem_stacks_B=0
heap_tree=empty
#-----------
snapshot=41
#-----------
time=5189693
mem_heap_B=128182
mem_heap_extra_B=986
mem_stacks_B=0
heap_tree=detailed
n8: 128182 (heap allocation functions) malloc/new/new[], --alloc-fns, etc.
 n1: 72704 0x4F03454: ??? (in /usr/lib/x86_64-linux-gnu/libstdc++.so.6.0.25)
  n1: 72704 0x400F378: call_init.part.0 (dl-init.c:72)
   n1: 72704 0x400F474: _dl_init (dl-init.c:118)
    n1: 72704 0x40132D1: dl_open_worker (dl-open.c:517)
     n1: 72704 0x49B5B2D: _dl_catch_exception (dl-error-skeleton.c:196)
      n1: 72704 0x4012BB8: _dl_open (dl-open.c:599)
       n1: 72704 0x487D254: dlopen_doit (dlopen.c:66)
        n1: 72704 0x49B5B2D: _dl_catch_exception (dl-error-skeleton.c:196)
         n1: 72704 0x49B5BBD: _dl_catch_error (dl-error-skeleton.c:215)
          n1: 72704 0x487D973: _dlerror_run (dlerror.c:163)
           n1: 72704 0x487D2E4: dlopen@@GLIBC_2.2.5 (dlopen.c:87)
            n1: 72704 0x48666EB: elektraModulesLoad (in /home/jenkins/workspace/build/linux/lib/libelektra-core.so.0.8.26)
             n1: 72704 0x484FD71: elektraPluginOpen (in /home/jenkins/workspace/build/linux/lib/libelektra-kdb.so.0.8.26)
              n0: 72704 0x1091E1: main (in /home/jenkins/workspace/build/linux/bin/benchmark_plugingetset)
 n1: 19200 0x4E595F6: ???
  n1: 19200 0x4E4E6ED: ???
   n1: 19200 0x4E4A750: ???
    n1: 19200 0x4E560E2: ???
     n0: 19200 0x1091F8: main (in /home/jenkins/workspace/build/linux/bin/benchmark_plugingetset)
 n1: 8192 0x4F5F8F6: std::basic_filebuf<char, std::char_traits<char> >::_M_allocate_internal_buffer() (in /usr/lib/x86_64-linux-gnu/libstdc++.so.6.0.25)
  n1: 8192 0x4F63790: std::basic_filebuf<char, std::char_traits<char> >::open(char const*, std::_Ios_Openmode) (in /usr/lib/x86_64-linux-gnu/libstdc++.so.6.0.25)
   n1: 8192 0x4E4E699: ???
    n1: 8192 0x4E4A750: ???
     n1: 8192 0x4E560E2: ???
      n0: 8192 0x1091F8: main (in /home/jenkins/workspace/build/linux/bin/benchmark_plugingetset)
 n0: 7920 in 48 places, all below massif's threshold (1.00%)
 n1: 7764 0x4E583B0: ???
  n1: 7764 0x4E57988: ???
   n1: 7764 0x4E51FF0: ???
    n1: 7764 0x4E4E6DA: ???
     n1: 7764 0x4E4A750: ???
      n1: 7764 0x4E560E2: ???
       n0: 7764 0x1091F8: main (in /home/jenkins/workspace/build/linux/bin/benchmark_plugingetset)
 n1: 5962 0x400B2AC: _dl_new_object (dl-object.c:73)
  n1: 5962 0x4005E46: _dl_map_object_from_fd (dl-load.c:1001)
   n2: 5962 0x4008A8B: _dl_map_object (dl-load.c:2466)
    n1: 4766 0x400D290: openaux (dl-deps.c:64)
     n1: 4766 0x49B5B2D: _dl_catch_exception (dl-error-skeleton.c:196)
      n1: 4766 0x400D604: _dl_map_object_deps (dl-deps.c:248)
       n1: 4766 0x401304E: dl_open_worker (dl-open.c:271)
        n1: 4766 0x49B5B2D: _dl_catch_exception (dl-error-skeleton.c:196)
         n1: 4766 0x4012BB8: _dl_open (dl-open.c:599)
          n1: 4766 0x487D254: dlopen_doit (dlopen.c:66)
           n1: 4766 0x49B5B2D: _dl_catch_exception (dl-error-skeleton.c:196)
            n1: 4766 0x49B5BBD: _dl_catch_error (dl-error-skeleton.c:215)
             n1: 4766 0x487D973: _dlerror_run (dlerror.c:163)
              n1: 4766 0x487D2E4: dlopen@@GLIBC_2.2.5 (dlopen.c:87)
               n1: 4766 0x48666EB: elektraModulesLoad (in /home/jenkins/workspace/build/linux/lib/libelektra-core.so.0.8.26)
                n1: 4766 0x484FD71: elektraPluginOpen (in /home/jenkins/workspace/build/linux/lib/libelektra-kdb.so.0.8.26)
                 n0: 4766 0x1091E1: main (in /home/jenkins/workspace/build/linux/bin/benchmark_plugingetset)
    n0: 1196 in 1 place, below massif's threshold (1.00%)
 n1: 4064 0x400A095: do_lookup_x (dl-lookup.c:253)
  n1: 4064 0x400A38D: _dl_lookup_symbol_x (dl-lookup.c:814)
   n1: 4064 0x400BD5C: _dl_relocate_object (dl-machine.h:308)
    n1: 4064 0x401319C: dl_open_worker (dl-open.c:377)
     n1: 4064 0x49B5B2D: _dl_catch_exception (dl-error-skeleton.c:196)
      n1: 4064 0x4012BB8: _dl_open (dl-open.c:599)
       n1: 4064 0x487D254: dlopen_doit (dlopen.c:66)
        n1: 4064 0x49B5B2D: _dl_catch_exception (dl-error-skeleton.c:196)
         n1: 4064 0x49B5BBD: _dl_catch_error (dl-error-skeleton.c:215)
          n1: 4064 0x487D973: _dlerror_run (dlerror.c:163)
           n1: 4064 0x487D2E4: dlopen@@GLIBC_2.2.5 (dlopen.c:87)
            n1: 4064 0x48666EB: elektraModulesLoad (in /home/jenkins/workspace/build/linux/lib/libelektra-core.so.0.8.26)
             n1: 4064 0x484FD71: elektraPluginOpen (in /home/jenkins/workspace/build/linux/lib/libelektra-kdb.so.0.8.26)
              n0: 4064 0x1091E1: main (in /home/jenkins/workspace/build/linux/bin/benchmark_plugingetset)
 n1: 2376 0x4010A1E: _dl_check_map_versions (dl-version.c:274)
  n1: 2376 0x4013094: dl_open_worker (dl-open.c:277)
   n1: 2376 0x49B5B2D: _dl_catch_exception (dl-error-skeleton.c:196)
    n1: 2376 0x4012BB8: _dl_open (dl-open.c:599)
     n1: 2376 0x487D254: dlopen_doit (dlopen.c:66)
      n1: 2376 0x49B5B2D: _dl_catch_exception (dl-error-skeleton.c:196)
       n1: 2376 0x49B5BBD: _dl_catch_error (dl-error-skeleton.c:215)
        n1: 2376 0x487D973: _dlerror_run (dlerror.c:163)
         n1: 2376 0x487D2E4: dlopen@@GLIBC_2.2.5 (dlopen.c:87)
          n1: 2376 0x48666EB: elektraModulesLoad (in /home/jenkins/workspace/build/linux/lib/libelektra-core.so.0.8.26)
           n1: 2376 0x484FD71: elektraPluginOpen (in /home/jenkins/workspace/build/linux/lib/libelektra-kdb.so.0.8.26)
            n0: 2376 0x1091E1: main (in /home/jenkins/workspace/build/linux/bin/benchmark_plugingetset)
#-----------
snapshot=42
#-----------
time=5197317
mem_heap_B=127955
mem_heap_extra_B=973
mem_stacks_B=0
heap_tree=empty
#-----------
snapshot=43
#-----------
time=5204278
mem_heap_B=127987
mem_heap_extra_B=981
mem_stacks_B=0
heap_tree=detailed
n8: 127987 (heap allocation functions) malloc/new/new[], --alloc-fns, etc.
 n1: 72704 0x4F03454: ??? (in /usr/lib/x86_64-linux-gnu/libstdc++.so.6.0.25)
  n1: 72704 0x400F378: call_init.part.0 (dl-init.c:72)
   n1: 72704 0x400F474: _dl_init (dl-init.c:118)
    n1: 72704 0x40132D1: dl_open_worker (dl-open.c:517)
     n1: 72704 0x49B5B2D: _dl_catch_exception (dl-error-skeleton.c:196)
      n1: 72704 0x4012BB8: _dl_open (dl-open.c:599)
       n1: 72704 0x487D254: dlopen_doit (dlopen.c:66)
        n1: 72704 0x49B5B2D: _dl_catch_exception (dl-error-skeleton.c:196)
         n1: 72704 0x49B5BBD: _dl_catch_error (dl-error-skeleton.c:215)
          n1: 72704 0x487D973: _dlerror_run (dlerror.c:163)
           n1: 72704 0x487D2E4: dlopen@@GLIBC_2.2.5 (dlopen.c:87)
            n1: 72704 0x48666EB: elektraModulesLoad (in /home/jenkins/workspace/build/linux/lib/libelektra-core.so.0.8.26)
             n1: 72704 0x484FD71: elektraPluginOpen (in /home/jenkins/workspace/build/linux/lib/libelektra-kdb.so.0.8.26)
              n0: 72704 0x1091E1: main (in /home/jenkins/workspace/build/linux/bin/benchmark_plugingetset)
 n1: 19200 0x4E595F6: ???
  n1: 19200 0x4E4E6ED: ???
   n1: 19200 0x4E4A750: ???
    n1: 19200 0x4E560E2: ???
     n0: 19200 0x1091F8: main (in /home/jenkins/workspace/build/linux/bin/benchmark_plugingetset)
 n1: 8192 0x4F5F8F6: std::basic_filebuf<char, std::char_traits<char> >::_M_allocate_internal_buffer() (in /usr/lib/x86_64-linux-gnu/libstdc++.so.6.0.25)
  n1: 8192 0x4F63790: std::basic_filebuf<char, std::char_traits<char> >::open(char const*, std::_Ios_Openmode) (in /usr/lib/x86_64-linux-gnu/libstdc++.so.6.0.25)
   n1: 8192 0x4E4E699: ???
    n1: 8192 0x4E4A750: ???
     n1: 8192 0x4E560E2: ???
      n0: 8192 0x1091F8: main (in /home/jenkins/workspace/build/linux/bin/benchmark_plugingetset)
 n1: 7764 0x4E583B0: ???
  n1: 7764 0x4E57988: ???
   n1: 7764 0x4E51FF0: ???
    n1: 7764 0x4E4E6DA: ???
     n1: 7764 0x4E4A750: ???
      n1: 7764 0x4E560E2: ???
       n0: 7764 0x1091F8: main (in /home/jenkins/workspace/build/linux/bin/benchmark_plugingetset)
 n0: 7725 in 48 places, all below massif's threshold (1.00%)
 n1: 5962 0x400B2AC: _dl_new_object (dl-object.c:73)
  n1: 5962 0x4005E46: _dl_map_object_from_fd (dl-load.c:1001)
   n2: 5962 0x4008A8B: _dl_map_object (dl-load.c:2466)
    n1: 4766 0x400D290: openaux (dl-deps.c:64)
     n1: 4766 0x49B5B2D: _dl_catch_exception (dl-error-skeleton.c:196)
      n1: 4766 0x400D604: _dl_map_object_deps (dl-deps.c:248)
       n1: 4766 0x401304E: dl_open_worker (dl-open.c:271)
        n1: 4766 0x49B5B2D: _dl_catch_exception (dl-error-skeleton.c:196)
         n1: 4766 0x4012BB8: _dl_open (dl-open.c:599)
          n1: 4766 0x487D254: dlopen_doit (dlopen.c:66)
           n1: 4766 0x49B5B2D: _dl_catch_exception (dl-error-skeleton.c:196)
            n1: 4766 0x49B5BBD: _dl_catch_error (dl-error-skeleton.c:215)
             n1: 4766 0x487D973: _dlerror_run (dlerror.c:163)
              n1: 4766 0x487D2E4: dlopen@@GLIBC_2.2.5 (dlopen.c:87)
               n1: 4766 0x48666EB: elektraModulesLoad (in /home/jenkins/workspace/build/linux/lib/libelektra-core.so.0.8.26)
                n1: 4766 0x484FD71: elektraPluginOpen (in /home/jenkins/workspace/build/linux/lib/libelektra-kdb.so.0.8.26)
                 n0: 4766 0x1091E1: main (in /home/jenkins/workspace/build/linux/bin/benchmark_plugingetset)
    n0: 1196 in 1 place, below massif's threshold (1.00%)
 n1: 4064 0x400A095: do_lookup_x (dl-lookup.c:253)
  n1: 4064 0x400A38D: _dl_lookup_symbol_x (dl-lookup.c:814)
   n1: 4064 0x400BD5C: _dl_relocate_object (dl-machine.h:308)
    n1: 4064 0x401319C: dl_open_worker (dl-open.c:377)
     n1: 4064 0x49B5B2D: _dl_catch_exception (dl-error-skeleton.c:196)
      n1: 4064 0x4012BB8: _dl_open (dl-open.c:599)
       n1: 4064 0x487D254: dlopen_doit (dlopen.c:66)
        n1: 4064 0x49B5B2D: _dl_catch_exception (dl-error-skeleton.c:196)
         n1: 4064 0x49B5BBD: _dl_catch_error (dl-error-skeleton.c:215)
          n1: 4064 0x487D973: _dlerror_run (dlerror.c:163)
           n1: 4064 0x487D2E4: dlopen@@GLIBC_2.2.5 (dlopen.c:87)
            n1: 4064 0x48666EB: elektraModulesLoad (in /home/jenkins/workspace/build/linux/lib/libelektra-core.so.0.8.26)
             n1: 4064 0x484FD71: elektraPluginOpen (in /home/jenkins/workspace/build/linux/lib/libelektra-kdb.so.0.8.26)
              n0: 4064 0x1091E1: main (in /home/jenkins/workspace/build/linux/bin/benchmark_plugingetset)
 n1: 2376 0x4010A1E: _dl_check_map_versions (dl-version.c:274)
  n1: 2376 0x4013094: dl_open_worker (dl-open.c:277)
   n1: 2376 0x49B5B2D: _dl_catch_exception (dl-error-skeleton.c:196)
    n1: 2376 0x4012BB8: _dl_open (dl-open.c:599)
     n1: 2376 0x487D254: dlopen_doit (dlopen.c:66)
      n1: 2376 0x49B5B2D: _dl_catch_exception (dl-error-skeleton.c:196)
       n1: 2376 0x49B5BBD: _dl_catch_error (dl-error-skeleton.c:215)
        n1: 2376 0x487D973: _dlerror_run (dlerror.c:163)
         n1: 2376 0x487D2E4: dlopen@@GLIBC_2.2.5 (dlopen.c:87)
          n1: 2376 0x48666EB: elektraModulesLoad (in /home/jenkins/workspace/build/linux/lib/libelektra-core.so.0.8.26)
           n1: 2376 0x484FD71: elektraPluginOpen (in /home/jenkins/workspace/build/linux/lib/libelektra-kdb.so.0.8.26)
            n0: 2376 0x1091E1: main (in /home/jenkins/workspace/build/linux/bin/benchmark_plugingetset)
#-----------
snapshot=44
#-----------
time=5207830
mem_heap_B=127920
mem_heap_extra_B=976
mem_stacks_B=0
heap_tree=empty
#-----------
snapshot=45
#-----------
time=5215085
mem_heap_B=128345
mem_heap_extra_B=999
mem_stacks_B=0
heap_tree=empty
#-----------
snapshot=46
#-----------
time=5224145
mem_heap_B=128454
mem_heap_extra_B=1034
mem_stacks_B=0
heap_tree=empty
#-----------
snapshot=47
#-----------
time=5231138
mem_heap_B=128414
mem_heap_extra_B=1026
mem_stacks_B=0
heap_tree=empty
#-----------
snapshot=48
#-----------
time=5239863
mem_heap_B=129475
mem_heap_extra_B=1149
mem_stacks_B=0
heap_tree=peak
n8: 129475 (heap allocation functions) malloc/new/new[], --alloc-fns, etc.
 n1: 72704 0x4F03454: ??? (in /usr/lib/x86_64-linux-gnu/libstdc++.so.6.0.25)
  n1: 72704 0x400F378: call_init.part.0 (dl-init.c:72)
   n1: 72704 0x400F474: _dl_init (dl-init.c:118)
    n1: 72704 0x40132D1: dl_open_worker (dl-open.c:517)
     n1: 72704 0x49B5B2D: _dl_catch_exception (dl-error-skeleton.c:196)
      n1: 72704 0x4012BB8: _dl_open (dl-open.c:599)
       n1: 72704 0x487D254: dlopen_doit (dlopen.c:66)
        n1: 72704 0x49B5B2D: _dl_catch_exception (dl-error-skeleton.c:196)
         n1: 72704 0x49B5BBD: _dl_catch_error (dl-error-skeleton.c:215)
          n1: 72704 0x487D973: _dlerror_run (dlerror.c:163)
           n1: 72704 0x487D2E4: dlopen@@GLIBC_2.2.5 (dlopen.c:87)
            n1: 72704 0x48666EB: elektraModulesLoad (in /home/jenkins/workspace/build/linux/lib/libelektra-core.so.0.8.26)
             n1: 72704 0x484FD71: elektraPluginOpen (in /home/jenkins/workspace/build/linux/lib/libelektra-kdb.so.0.8.26)
              n0: 72704 0x1091E1: main (in /home/jenkins/workspace/build/linux/bin/benchmark_plugingetset)
 n1: 19200 0x4E595F6: ???
  n1: 19200 0x4E4E6ED: ???
   n1: 19200 0x4E4A750: ???
    n1: 19200 0x4E560E2: ???
     n0: 19200 0x1091F8: main (in /home/jenkins/workspace/build/linux/bin/benchmark_plugingetset)
 n0: 9213 in 51 places, all below massif's threshold (1.00%)
 n1: 8192 0x4F5F8F6: std::basic_filebuf<char, std::char_traits<char> >::_M_allocate_internal_buffer() (in /usr/lib/x86_64-linux-gnu/libstdc++.so.6.0.25)
  n1: 8192 0x4F63790: std::basic_filebuf<char, std::char_traits<char> >::open(char const*, std::_Ios_Openmode) (in /usr/lib/x86_64-linux-gnu/libstdc++.so.6.0.25)
   n1: 8192 0x4E4E699: ???
    n1: 8192 0x4E4A750: ???
     n1: 8192 0x4E560E2: ???
      n0: 8192 0x1091F8: main (in /home/jenkins/workspace/build/linux/bin/benchmark_plugingetset)
 n1: 7764 0x4E583B0: ???
  n1: 7764 0x4E57988: ???
   n1: 7764 0x4E51FF0: ???
    n1: 7764 0x4E4E6DA: ???
     n1: 7764 0x4E4A750: ???
      n1: 7764 0x4E560E2: ???
       n0: 7764 0x1091F8: main (in /home/jenkins/workspace/build/linux/bin/benchmark_plugingetset)
 n1: 5962 0x400B2AC: _dl_new_object (dl-object.c:73)
  n1: 5962 0x4005E46: _dl_map_object_from_fd (dl-load.c:1001)
   n2: 5962 0x4008A8B: _dl_map_object (dl-load.c:2466)
    n1: 4766 0x400D290: openaux (dl-deps.c:64)
     n1: 4766 0x49B5B2D: _dl_catch_exception (dl-error-skeleton.c:196)
      n1: 4766 0x400D604: _dl_map_object_deps (dl-deps.c:248)
       n1: 4766 0x401304E: dl_open_worker (dl-open.c:271)
        n1: 4766 0x49B5B2D: _dl_catch_exception (dl-error-skeleton.c:196)
         n1: 4766 0x4012BB8: _dl_open (dl-open.c:599)
          n1: 4766 0x487D254: dlopen_doit (dlopen.c:66)
           n1: 4766 0x49B5B2D: _dl_catch_exception (dl-error-skeleton.c:196)
            n1: 4766 0x49B5BBD: _dl_catch_error (dl-error-skeleton.c:215)
             n1: 4766 0x487D973: _dlerror_run (dlerror.c:163)
              n1: 4766 0x487D2E4: dlopen@@GLIBC_2.2.5 (dlopen.c:87)
               n1: 4766 0x48666EB: elektraModulesLoad (in /home/jenkins/workspace/build/linux/lib/libelektra-core.so.0.8.26)
                n1: 4766 0x484FD71: elektraPluginOpen (in /home/jenkins/workspace/build/linux/lib/libelektra-kdb.so.0.8.26)
                 n0: 4766 0x1091E1: main (in /home/jenkins/workspace/build/linux/bin/benchmark_plugingetset)
    n0: 1196 in 1 place, below massif's threshold (1.00%)
 n1: 4064 0x400A095: do_lookup_x (dl-lookup.c:253)
  n1: 4064 0x400A38D: _dl_lookup_symbol_x (dl-lookup.c:814)
   n1: 4064 0x400BD5C: _dl_relocate_object (dl-machine.h:308)
    n1: 4064 0x401319C: dl_open_worker (dl-open.c:377)
     n1: 4064 0x49B5B2D: _dl_catch_exception (dl-error-skeleton.c:196)
      n1: 4064 0x4012BB8: _dl_open (dl-open.c:599)
       n1: 4064 0x487D254: dlopen_doit (dlopen.c:66)
        n1: 4064 0x49B5B2D: _dl_catch_exception (dl-error-skeleton.c:196)
         n1: 4064 0x49B5BBD: _dl_catch_error (dl-error-skeleton.c:215)
          n1: 4064 0x487D973: _dlerror_run (dlerror.c:163)
           n1: 4064 0x487D2E4: dlopen@@GLIBC_2.2.5 (dlopen.c:87)
            n1: 4064 0x48666EB: elektraModulesLoad (in /home/jenkins/workspace/build/linux/lib/libelektra-core.so.0.8.26)
             n1: 4064 0x484FD71: elektraPluginOpen (in /home/jenkins/workspace/build/linux/lib/libelektra-kdb.so.0.8.26)
              n0: 4064 0x1091E1: main (in /home/jenkins/workspace/build/linux/bin/benchmark_plugingetset)
 n1: 2376 0x4010A1E: _dl_check_map_versions (dl-version.c:274)
  n1: 2376 0x4013094: dl_open_worker (dl-open.c:277)
   n1: 2376 0x49B5B2D: _dl_catch_exception (dl-error-skeleton.c:196)
    n1: 2376 0x4012BB8: _dl_open (dl-open.c:599)
     n1: 2376 0x487D254: dlopen_doit (dlopen.c:66)
      n1: 2376 0x49B5B2D: _dl_catch_exception (dl-error-skeleton.c:196)
       n1: 2376 0x49B5BBD: _dl_catch_error (dl-error-skeleton.c:215)
        n1: 2376 0x487D973: _dlerror_run (dlerror.c:163)
         n1: 2376 0x487D2E4: dlopen@@GLIBC_2.2.5 (dlopen.c:87)
          n1: 2376 0x48666EB: elektraModulesLoad (in /home/jenkins/workspace/build/linux/lib/libelektra-core.so.0.8.26)
           n1: 2376 0x484FD71: elektraPluginOpen (in /home/jenkins/workspace/build/linux/lib/libelektra-kdb.so.0.8.26)
            n0: 2376 0x1091E1: main (in /home/jenkins/workspace/build/linux/bin/benchmark_plugingetset)
#-----------
snapshot=49
#-----------
time=5249498
mem_heap_B=128698
mem_heap_extra_B=1054
mem_stacks_B=0
heap_tree=empty
#-----------
snapshot=50
#-----------
time=5251134
mem_heap_B=128777
mem_heap_extra_B=1047
mem_stacks_B=0
heap_tree=empty
#-----------
snapshot=51
#-----------
time=5252467
mem_heap_B=128851
mem_heap_extra_B=1037
mem_stacks_B=0
heap_tree=empty
#-----------
snapshot=52
#-----------
time=5253852
mem_heap_B=128382
mem_heap_extra_B=1018
mem_stacks_B=0
heap_tree=empty
#-----------
snapshot=53
#-----------
time=5256781
mem_heap_B=128414
mem_heap_extra_B=1042
mem_stacks_B=0
heap_tree=detailed
n8: 128414 (heap allocation functions) malloc/new/new[], --alloc-fns, etc.
 n1: 72704 0x4F03454: ??? (in /usr/lib/x86_64-linux-gnu/libstdc++.so.6.0.25)
  n1: 72704 0x400F378: call_init.part.0 (dl-init.c:72)
   n1: 72704 0x400F474: _dl_init (dl-init.c:118)
    n1: 72704 0x40132D1: dl_open_worker (dl-open.c:517)
     n1: 72704 0x49B5B2D: _dl_catch_exception (dl-error-skeleton.c:196)
      n1: 72704 0x4012BB8: _dl_open (dl-open.c:599)
       n1: 72704 0x487D254: dlopen_doit (dlopen.c:66)
        n1: 72704 0x49B5B2D: _dl_catch_exception (dl-error-skeleton.c:196)
         n1: 72704 0x49B5BBD: _dl_catch_error (dl-error-skeleton.c:215)
          n1: 72704 0x487D973: _dlerror_run (dlerror.c:163)
           n1: 72704 0x487D2E4: dlopen@@GLIBC_2.2.5 (dlopen.c:87)
            n1: 72704 0x48666EB: elektraModulesLoad (in /home/jenkins/workspace/build/linux/lib/libelektra-core.so.0.8.26)
             n1: 72704 0x484FD71: elektraPluginOpen (in /home/jenkins/workspace/build/linux/lib/libelektra-kdb.so.0.8.26)
              n0: 72704 0x1091E1: main (in /home/jenkins/workspace/build/linux/bin/benchmark_plugingetset)
 n1: 19200 0x4E595F6: ???
  n1: 19200 0x4E4E6ED: ???
   n1: 19200 0x4E4A750: ???
    n1: 19200 0x4E560E2: ???
     n0: 19200 0x1091F8: main (in /home/jenkins/workspace/build/linux/bin/benchmark_plugingetset)
 n1: 8192 0x4F5F8F6: std::basic_filebuf<char, std::char_traits<char> >::_M_allocate_internal_buffer() (in /usr/lib/x86_64-linux-gnu/libstdc++.so.6.0.25)
  n1: 8192 0x4F63790: std::basic_filebuf<char, std::char_traits<char> >::open(char const*, std::_Ios_Openmode) (in /usr/lib/x86_64-linux-gnu/libstdc++.so.6.0.25)
   n1: 8192 0x4E4E699: ???
    n1: 8192 0x4E4A750: ???
     n1: 8192 0x4E560E2: ???
      n0: 8192 0x1091F8: main (in /home/jenkins/workspace/build/linux/bin/benchmark_plugingetset)
 n0: 8152 in 51 places, all below massif's threshold (1.00%)
 n1: 7764 0x4E583B0: ???
  n1: 7764 0x4E57988: ???
   n1: 7764 0x4E51FF0: ???
    n1: 7764 0x4E4E6DA: ???
     n1: 7764 0x4E4A750: ???
      n1: 7764 0x4E560E2: ???
       n0: 7764 0x1091F8: main (in /home/jenkins/workspace/build/linux/bin/benchmark_plugingetset)
 n1: 5962 0x400B2AC: _dl_new_object (dl-object.c:73)
  n1: 5962 0x4005E46: _dl_map_object_from_fd (dl-load.c:1001)
   n2: 5962 0x4008A8B: _dl_map_object (dl-load.c:2466)
    n1: 4766 0x400D290: openaux (dl-deps.c:64)
     n1: 4766 0x49B5B2D: _dl_catch_exception (dl-error-skeleton.c:196)
      n1: 4766 0x400D604: _dl_map_object_deps (dl-deps.c:248)
       n1: 4766 0x401304E: dl_open_worker (dl-open.c:271)
        n1: 4766 0x49B5B2D: _dl_catch_exception (dl-error-skeleton.c:196)
         n1: 4766 0x4012BB8: _dl_open (dl-open.c:599)
          n1: 4766 0x487D254: dlopen_doit (dlopen.c:66)
           n1: 4766 0x49B5B2D: _dl_catch_exception (dl-error-skeleton.c:196)
            n1: 4766 0x49B5BBD: _dl_catch_error (dl-error-skeleton.c:215)
             n1: 4766 0x487D973: _dlerror_run (dlerror.c:163)
              n1: 4766 0x487D2E4: dlopen@@GLIBC_2.2.5 (dlopen.c:87)
               n1: 4766 0x48666EB: elektraModulesLoad (in /home/jenkins/workspace/build/linux/lib/libelektra-core.so.0.8.26)
                n1: 4766 0x484FD71: elektraPluginOpen (in /home/jenkins/workspace/build/linux/lib/libelektra-kdb.so.0.8.26)
                 n0: 4766 0x1091E1: main (in /home/jenkins/workspace/build/linux/bin/benchmark_plugingetset)
    n0: 1196 in 1 place, below massif's threshold (1.00%)
 n1: 4064 0x400A095: do_lookup_x (dl-lookup.c:253)
  n1: 4064 0x400A38D: _dl_lookup_symbol_x (dl-lookup.c:814)
   n1: 4064 0x400BD5C: _dl_relocate_object (dl-machine.h:308)
    n1: 4064 0x401319C: dl_open_worker (dl-open.c:377)
     n1: 4064 0x49B5B2D: _dl_catch_exception (dl-error-skeleton.c:196)
      n1: 4064 0x4012BB8: _dl_open (dl-open.c:599)
       n1: 4064 0x487D254: dlopen_doit (dlopen.c:66)
        n1: 4064 0x49B5B2D: _dl_catch_exception (dl-error-skeleton.c:196)
         n1: 4064 0x49B5BBD: _dl_catch_error (dl-error-skeleton.c:215)
          n1: 4064 0x487D973: _dlerror_run (dlerror.c:163)
           n1: 4064 0x487D2E4: dlopen@@GLIBC_2.2.5 (dlopen.c:87)
            n1: 4064 0x48666EB: elektraModulesLoad (in /home/jenkins/workspace/build/linux/lib/libelektra-core.so.0.8.26)
             n1: 4064 0x484FD71: elektraPluginOpen (in /home/jenkins/workspace/build/linux/lib/libelektra-kdb.so.0.8.26)
              n0: 4064 0x1091E1: main (in /home/jenkins/workspace/build/linux/bin/benchmark_plugingetset)
 n1: 2376 0x4010A1E: _dl_check_map_versions (dl-version.c:274)
  n1: 2376 0x4013094: dl_open_worker (dl-open.c:277)
   n1: 2376 0x49B5B2D: _dl_catch_exception (dl-error-skeleton.c:196)
    n1: 2376 0x4012BB8: _dl_open (dl-open.c:599)
     n1: 2376 0x487D254: dlopen_doit (dlopen.c:66)
      n1: 2376 0x49B5B2D: _dl_catch_exception (dl-error-skeleton.c:196)
       n1: 2376 0x49B5BBD: _dl_catch_error (dl-error-skeleton.c:215)
        n1: 2376 0x487D973: _dlerror_run (dlerror.c:163)
         n1: 2376 0x487D2E4: dlopen@@GLIBC_2.2.5 (dlopen.c:87)
          n1: 2376 0x48666EB: elektraModulesLoad (in /home/jenkins/workspace/build/linux/lib/libelektra-core.so.0.8.26)
           n1: 2376 0x484FD71: elektraPluginOpen (in /home/jenkins/workspace/build/linux/lib/libelektra-kdb.so.0.8.26)
            n0: 2376 0x1091E1: main (in /home/jenkins/workspace/build/linux/bin/benchmark_plugingetset)
#-----------
snapshot=54
#-----------
time=5258140
mem_heap_B=128605
mem_heap_extra_B=1067
mem_stacks_B=0
heap_tree=empty
#-----------
snapshot=55
#-----------
time=5259214
mem_heap_B=128925
mem_heap_extra_B=1051
mem_stacks_B=0
heap_tree=empty
#-----------
snapshot=56
#-----------
time=5260387
mem_heap_B=128349
mem_heap_extra_B=1019
mem_stacks_B=0
heap_tree=empty
#-----------
snapshot=57
#-----------
time=5261654
mem_heap_B=128388
mem_heap_extra_B=1036
mem_stacks_B=0
heap_tree=empty
#-----------
snapshot=58
#-----------
time=5262665
mem_heap_B=128549
mem_heap_extra_B=1051
mem_stacks_B=0
heap_tree=empty
#-----------
snapshot=59
#-----------
time=5264763
mem_heap_B=128665
mem_heap_extra_B=1039
mem_stacks_B=0
heap_tree=empty
#-----------
snapshot=60
#-----------
time=5266206
mem_heap_B=128739
mem_heap_extra_B=1045
mem_stacks_B=0
heap_tree=empty
#-----------
snapshot=61
#-----------
time=5267553
mem_heap_B=129204
mem_heap_extra_B=1044
mem_stacks_B=0
heap_tree=empty
#-----------
snapshot=62
#-----------
time=5268576
mem_heap_B=129268
mem_heap_extra_B=1052
mem_stacks_B=0
heap_tree=empty
#-----------
snapshot=63
#-----------
time=5269550
mem_heap_B=129539
mem_heap_extra_B=1125
mem_stacks_B=0
heap_tree=detailed
n9: 129539 (heap allocation functions) malloc/new/new[], --alloc-fns, etc.
 n1: 72704 0x4F03454: ??? (in /usr/lib/x86_64-linux-gnu/libstdc++.so.6.0.25)
  n1: 72704 0x400F378: call_init.part.0 (dl-init.c:72)
   n1: 72704 0x400F474: _dl_init (dl-init.c:118)
    n1: 72704 0x40132D1: dl_open_worker (dl-open.c:517)
     n1: 72704 0x49B5B2D: _dl_catch_exception (dl-error-skeleton.c:196)
      n1: 72704 0x4012BB8: _dl_open (dl-open.c:599)
       n1: 72704 0x487D254: dlopen_doit (dlopen.c:66)
        n1: 72704 0x49B5B2D: _dl_catch_exception (dl-error-skeleton.c:196)
         n1: 72704 0x49B5BBD: _dl_catch_error (dl-error-skeleton.c:215)
          n1: 72704 0x487D973: _dlerror_run (dlerror.c:163)
           n1: 72704 0x487D2E4: dlopen@@GLIBC_2.2.5 (dlopen.c:87)
            n1: 72704 0x48666EB: elektraModulesLoad (in /home/jenkins/workspace/build/linux/lib/libelektra-core.so.0.8.26)
             n1: 72704 0x484FD71: elektraPluginOpen (in /home/jenkins/workspace/build/linux/lib/libelektra-kdb.so.0.8.26)
              n0: 72704 0x1091E1: main (in /home/jenkins/workspace/build/linux/bin/benchmark_plugingetset)
 n1: 19200 0x4E595F6: ???
  n1: 19200 0x4E4E6ED: ???
   n1: 19200 0x4E4A750: ???
    n1: 19200 0x4E560E2: ???
     n0: 19200 0x1091F8: main (in /home/jenkins/workspace/build/linux/bin/benchmark_plugingetset)
 n1: 8192 0x4F5F8F6: std::basic_filebuf<char, std::char_traits<char> >::_M_allocate_internal_buffer() (in /usr/lib/x86_64-linux-gnu/libstdc++.so.6.0.25)
  n1: 8192 0x4F63790: std::basic_filebuf<char, std::char_traits<char> >::open(char const*, std::_Ios_Openmode) (in /usr/lib/x86_64-linux-gnu/libstdc++.so.6.0.25)
   n1: 8192 0x4E4E699: ???
    n1: 8192 0x4E4A750: ???
     n1: 8192 0x4E560E2: ???
      n0: 8192 0x1091F8: main (in /home/jenkins/workspace/build/linux/bin/benchmark_plugingetset)
 n0: 7853 in 50 places, all below massif's threshold (1.00%)
 n1: 7764 0x4E583B0: ???
  n1: 7764 0x4E57988: ???
   n1: 7764 0x4E51FF0: ???
    n1: 7764 0x4E4E6DA: ???
     n1: 7764 0x4E4A750: ???
      n1: 7764 0x4E560E2: ???
       n0: 7764 0x1091F8: main (in /home/jenkins/workspace/build/linux/bin/benchmark_plugingetset)
 n1: 5962 0x400B2AC: _dl_new_object (dl-object.c:73)
  n1: 5962 0x4005E46: _dl_map_object_from_fd (dl-load.c:1001)
   n2: 5962 0x4008A8B: _dl_map_object (dl-load.c:2466)
    n1: 4766 0x400D290: openaux (dl-deps.c:64)
     n1: 4766 0x49B5B2D: _dl_catch_exception (dl-error-skeleton.c:196)
      n1: 4766 0x400D604: _dl_map_object_deps (dl-deps.c:248)
       n1: 4766 0x401304E: dl_open_worker (dl-open.c:271)
        n1: 4766 0x49B5B2D: _dl_catch_exception (dl-error-skeleton.c:196)
         n1: 4766 0x4012BB8: _dl_open (dl-open.c:599)
          n1: 4766 0x487D254: dlopen_doit (dlopen.c:66)
           n1: 4766 0x49B5B2D: _dl_catch_exception (dl-error-skeleton.c:196)
            n1: 4766 0x49B5BBD: _dl_catch_error (dl-error-skeleton.c:215)
             n1: 4766 0x487D973: _dlerror_run (dlerror.c:163)
              n1: 4766 0x487D2E4: dlopen@@GLIBC_2.2.5 (dlopen.c:87)
               n1: 4766 0x48666EB: elektraModulesLoad (in /home/jenkins/workspace/build/linux/lib/libelektra-core.so.0.8.26)
                n1: 4766 0x484FD71: elektraPluginOpen (in /home/jenkins/workspace/build/linux/lib/libelektra-kdb.so.0.8.26)
                 n0: 4766 0x1091E1: main (in /home/jenkins/workspace/build/linux/bin/benchmark_plugingetset)
    n0: 1196 in 1 place, below massif's threshold (1.00%)
 n1: 4064 0x400A095: do_lookup_x (dl-lookup.c:253)
  n1: 4064 0x400A38D: _dl_lookup_symbol_x (dl-lookup.c:814)
   n1: 4064 0x400BD5C: _dl_relocate_object (dl-machine.h:308)
    n1: 4064 0x401319C: dl_open_worker (dl-open.c:377)
     n1: 4064 0x49B5B2D: _dl_catch_exception (dl-error-skeleton.c:196)
      n1: 4064 0x4012BB8: _dl_open (dl-open.c:599)
       n1: 4064 0x487D254: dlopen_doit (dlopen.c:66)
        n1: 4064 0x49B5B2D: _dl_catch_exception (dl-error-skeleton.c:196)
         n1: 4064 0x49B5BBD: _dl_catch_error (dl-error-skeleton.c:215)
          n1: 4064 0x487D973: _dlerror_run (dlerror.c:163)
           n1: 4064 0x487D2E4: dlopen@@GLIBC_2.2.5 (dlopen.c:87)
            n1: 4064 0x48666EB: elektraModulesLoad (in /home/jenkins/workspace/build/linux/lib/libelektra-core.so.0.8.26)
             n1: 4064 0x484FD71: elektraPluginOpen (in /home/jenkins/workspace/build/linux/lib/libelektra-kdb.so.0.8.26)
              n0: 4064 0x1091E1: main (in /home/jenkins/workspace/build/linux/bin/benchmark_plugingetset)
 n1: 2376 0x4010A1E: _dl_check_map_versions (dl-version.c:274)
  n1: 2376 0x4013094: dl_open_worker (dl-open.c:277)
   n1: 2376 0x49B5B2D: _dl_catch_exception (dl-error-skeleton.c:196)
    n1: 2376 0x4012BB8: _dl_open (dl-open.c:599)
     n1: 2376 0x487D254: dlopen_doit (dlopen.c:66)
      n1: 2376 0x49B5B2D: _dl_catch_exception (dl-error-skeleton.c:196)
       n1: 2376 0x49B5BBD: _dl_catch_error (dl-error-skeleton.c:215)
        n1: 2376 0x487D973: _dlerror_run (dlerror.c:163)
         n1: 2376 0x487D2E4: dlopen@@GLIBC_2.2.5 (dlopen.c:87)
          n1: 2376 0x48666EB: elektraModulesLoad (in /home/jenkins/workspace/build/linux/lib/libelektra-core.so.0.8.26)
           n1: 2376 0x484FD71: elektraPluginOpen (in /home/jenkins/workspace/build/linux/lib/libelektra-kdb.so.0.8.26)
            n0: 2376 0x1091E1: main (in /home/jenkins/workspace/build/linux/bin/benchmark_plugingetset)
 n2: 1424 0x485EAE2: elektraRealloc (in /home/jenkins/workspace/build/linux/lib/libelektra-core.so.0.8.26)
  n2: 1378 0x4860B6F: keyAddBaseName (in /home/jenkins/workspace/build/linux/lib/libelektra-core.so.0.8.26)
   n1: 1320 0x4E4CE93: ???
    n1: 1320 0x4E5ABAC: ???
     n1: 1320 0x4E4E701: ???
      n1: 1320 0x4E4A750: ???
       n1: 1320 0x4E560E2: ???
        n0: 1320 0x1091F8: main (in /home/jenkins/workspace/build/linux/bin/benchmark_plugingetset)
   n0: 58 in 1 place, below massif's threshold (1.00%)
  n0: 46 in 1 place, below massif's threshold (1.00%)
#-----------
snapshot=64
#-----------
time=5270962
mem_heap_B=129539
mem_heap_extra_B=1125
mem_stacks_B=0
heap_tree=empty
#-----------
snapshot=65
#-----------
time=5274388
mem_heap_B=129223
mem_heap_extra_B=1105
mem_stacks_B=0
heap_tree=empty
#-----------
snapshot=66
#-----------
time=5277505
mem_heap_B=128981
mem_heap_extra_B=1075
mem_stacks_B=0
heap_tree=empty
#-----------
snapshot=67
#-----------
time=5280600
mem_heap_B=128813
mem_heap_extra_B=1051
mem_stacks_B=0
heap_tree=empty
#-----------
snapshot=68
#-----------
time=5282400
mem_heap_B=128245
mem_heap_extra_B=1027
mem_stacks_B=0
heap_tree=empty
#-----------
snapshot=69
#-----------
time=5283758
mem_heap_B=128215
mem_heap_extra_B=1017
mem_stacks_B=0
heap_tree=empty
#-----------
snapshot=70
#-----------
time=5287905
mem_heap_B=108951
mem_heap_extra_B=1001
mem_stacks_B=0
heap_tree=empty
#-----------
snapshot=71
#-----------
time=5288793
mem_heap_B=91499
mem_heap_extra_B=925
mem_stacks_B=0
heap_tree=empty
#-----------
snapshot=72
#-----------
time=5293405
mem_heap_B=91363
mem_heap_extra_B=909
mem_stacks_B=0
heap_tree=empty
#-----------
snapshot=73
#-----------
time=5294372
mem_heap_B=89816
mem_heap_extra_B=784
mem_stacks_B=0
heap_tree=detailed
n6: 89816 (heap allocation functions) malloc/new/new[], --alloc-fns, etc.
 n1: 72704 0x4F03454: ??? (in /usr/lib/x86_64-linux-gnu/libstdc++.so.6.0.25)
  n1: 72704 0x400F378: call_init.part.0 (dl-init.c:72)
   n1: 72704 0x400F474: _dl_init (dl-init.c:118)
    n1: 72704 0x40132D1: dl_open_worker (dl-open.c:517)
     n1: 72704 0x49B5B2D: _dl_catch_exception (dl-error-skeleton.c:196)
      n1: 72704 0x4012BB8: _dl_open (dl-open.c:599)
       n1: 72704 0x487D254: dlopen_doit (dlopen.c:66)
        n1: 72704 0x49B5B2D: _dl_catch_exception (dl-error-skeleton.c:196)
         n1: 72704 0x49B5BBD: _dl_catch_error (dl-error-skeleton.c:215)
          n1: 72704 0x487D973: _dlerror_run (dlerror.c:163)
           n1: 72704 0x487D2E4: dlopen@@GLIBC_2.2.5 (dlopen.c:87)
            n1: 72704 0x48666EB: elektraModulesLoad (in /home/jenkins/workspace/build/linux/lib/libelektra-core.so.0.8.26)
             n1: 72704 0x484FD71: elektraPluginOpen (in /home/jenkins/workspace/build/linux/lib/libelektra-kdb.so.0.8.26)
              n0: 72704 0x1091E1: main (in /home/jenkins/workspace/build/linux/bin/benchmark_plugingetset)
 n1: 5962 0x400B2AC: _dl_new_object (dl-object.c:73)
  n1: 5962 0x4005E46: _dl_map_object_from_fd (dl-load.c:1001)
   n2: 5962 0x4008A8B: _dl_map_object (dl-load.c:2466)
    n1: 4766 0x400D290: openaux (dl-deps.c:64)
     n1: 4766 0x49B5B2D: _dl_catch_exception (dl-error-skeleton.c:196)
      n1: 4766 0x400D604: _dl_map_object_deps (dl-deps.c:248)
       n1: 4766 0x401304E: dl_open_worker (dl-open.c:271)
        n1: 4766 0x49B5B2D: _dl_catch_exception (dl-error-skeleton.c:196)
         n1: 4766 0x4012BB8: _dl_open (dl-open.c:599)
          n1: 4766 0x487D254: dlopen_doit (dlopen.c:66)
           n1: 4766 0x49B5B2D: _dl_catch_exception (dl-error-skeleton.c:196)
            n1: 4766 0x49B5BBD: _dl_catch_error (dl-error-skeleton.c:215)
             n1: 4766 0x487D973: _dlerror_run (dlerror.c:163)
              n1: 4766 0x487D2E4: dlopen@@GLIBC_2.2.5 (dlopen.c:87)
               n1: 4766 0x48666EB: elektraModulesLoad (in /home/jenkins/workspace/build/linux/lib/libelektra-core.so.0.8.26)
                n1: 4766 0x484FD71: elektraPluginOpen (in /home/jenkins/workspace/build/linux/lib/libelektra-kdb.so.0.8.26)
                 n0: 4766 0x1091E1: main (in /home/jenkins/workspace/build/linux/bin/benchmark_plugingetset)
    n1: 1196 0x4012FE9: dl_open_worker (dl-open.c:228)
     n1: 1196 0x49B5B2D: _dl_catch_exception (dl-error-skeleton.c:196)
      n1: 1196 0x4012BB8: _dl_open (dl-open.c:599)
       n1: 1196 0x487D254: dlopen_doit (dlopen.c:66)
        n1: 1196 0x49B5B2D: _dl_catch_exception (dl-error-skeleton.c:196)
         n1: 1196 0x49B5BBD: _dl_catch_error (dl-error-skeleton.c:215)
          n1: 1196 0x487D973: _dlerror_run (dlerror.c:163)
           n1: 1196 0x487D2E4: dlopen@@GLIBC_2.2.5 (dlopen.c:87)
            n1: 1196 0x48666EB: elektraModulesLoad (in /home/jenkins/workspace/build/linux/lib/libelektra-core.so.0.8.26)
             n1: 1196 0x484FD71: elektraPluginOpen (in /home/jenkins/workspace/build/linux/lib/libelektra-kdb.so.0.8.26)
              n0: 1196 0x1091E1: main (in /home/jenkins/workspace/build/linux/bin/benchmark_plugingetset)
 n1: 4064 0x400A095: do_lookup_x (dl-lookup.c:253)
  n1: 4064 0x400A38D: _dl_lookup_symbol_x (dl-lookup.c:814)
   n1: 4064 0x400BD5C: _dl_relocate_object (dl-machine.h:308)
    n1: 4064 0x401319C: dl_open_worker (dl-open.c:377)
     n1: 4064 0x49B5B2D: _dl_catch_exception (dl-error-skeleton.c:196)
      n1: 4064 0x4012BB8: _dl_open (dl-open.c:599)
       n1: 4064 0x487D254: dlopen_doit (dlopen.c:66)
        n1: 4064 0x49B5B2D: _dl_catch_exception (dl-error-skeleton.c:196)
         n1: 4064 0x49B5BBD: _dl_catch_error (dl-error-skeleton.c:215)
          n1: 4064 0x487D973: _dlerror_run (dlerror.c:163)
           n1: 4064 0x487D2E4: dlopen@@GLIBC_2.2.5 (dlopen.c:87)
            n1: 4064 0x48666EB: elektraModulesLoad (in /home/jenkins/workspace/build/linux/lib/libelektra-core.so.0.8.26)
             n1: 4064 0x484FD71: elektraPluginOpen (in /home/jenkins/workspace/build/linux/lib/libelektra-kdb.so.0.8.26)
              n0: 4064 0x1091E1: main (in /home/jenkins/workspace/build/linux/bin/benchmark_plugingetset)
 n0: 3686 in 53 places, all below massif's threshold (1.00%)
 n1: 2376 0x4010A1E: _dl_check_map_versions (dl-version.c:274)
  n1: 2376 0x4013094: dl_open_worker (dl-open.c:277)
   n1: 2376 0x49B5B2D: _dl_catch_exception (dl-error-skeleton.c:196)
    n1: 2376 0x4012BB8: _dl_open (dl-open.c:599)
     n1: 2376 0x487D254: dlopen_doit (dlopen.c:66)
      n1: 2376 0x49B5B2D: _dl_catch_exception (dl-error-skeleton.c:196)
       n1: 2376 0x49B5BBD: _dl_catch_error (dl-error-skeleton.c:215)
        n1: 2376 0x487D973: _dlerror_run (dlerror.c:163)
         n1: 2376 0x487D2E4: dlopen@@GLIBC_2.2.5 (dlopen.c:87)
          n1: 2376 0x48666EB: elektraModulesLoad (in /home/jenkins/workspace/build/linux/lib/libelektra-core.so.0.8.26)
           n1: 2376 0x484FD71: elektraPluginOpen (in /home/jenkins/workspace/build/linux/lib/libelektra-kdb.so.0.8.26)
            n0: 2376 0x1091E1: main (in /home/jenkins/workspace/build/linux/bin/benchmark_plugingetset)
 n1: 1024 0x485EBF6: elektraVFormat (in /home/jenkins/workspace/build/linux/lib/libelektra-core.so.0.8.26)
  n1: 1024 0x485ED2A: elektraFormat (in /home/jenkins/workspace/build/linux/lib/libelektra-core.so.0.8.26)
   n0: 1024 in 2 places, all below massif's threshold (1.00%)
#-----------
snapshot=74
#-----------
time=5296115
mem_heap_B=89507
mem_heap_extra_B=733
mem_stacks_B=0
heap_tree=empty
#-----------
snapshot=75
#-----------
time=5298824
mem_heap_B=89377
mem_heap_extra_B=727
mem_stacks_B=0
heap_tree=empty
#-----------
snapshot=76
#-----------
time=5301357
mem_heap_B=89363
mem_heap_extra_B=717
mem_stacks_B=0
heap_tree=empty
#-----------
snapshot=77
#-----------
time=5306672
mem_heap_B=89395
mem_heap_extra_B=725
mem_stacks_B=0
heap_tree=empty
#-----------
snapshot=78
#-----------
time=5307590
mem_heap_B=87449
mem_heap_extra_B=639
mem_stacks_B=0
heap_tree=empty
#-----------
snapshot=79
#-----------
time=5309722
mem_heap_B=85795
mem_heap_extra_B=533
mem_stacks_B=0
heap_tree=empty
#-----------
snapshot=80
#-----------
time=5312053
mem_heap_B=85027
mem_heap_extra_B=501
mem_stacks_B=0
heap_tree=empty
#-----------
snapshot=81
#-----------
time=5312962
mem_heap_B=83222
mem_heap_extra_B=306
mem_stacks_B=0
heap_tree=empty
#-----------
snapshot=82
#-----------
time=5319877
mem_heap_B=82897
mem_heap_extra_B=271
mem_stacks_B=0
heap_tree=empty
