desc: --massif-out-file=results/generated_50_yawn_linux_gcc8.3.0.out
cmd: build/linux/bin/benchmark_plugingetset benchmarks/data/generated_50 user yawn get
time_unit: i
#-----------
snapshot=0
#-----------
time=0
mem_heap_B=0
mem_heap_extra_B=0
mem_stacks_B=0
heap_tree=empty
#-----------
snapshot=1
#-----------
time=209309
mem_heap_B=64
mem_heap_extra_B=8
mem_stacks_B=0
heap_tree=empty
#-----------
snapshot=2
#-----------
time=269790
mem_heap_B=2092
mem_heap_extra_B=204
mem_stacks_B=0
heap_tree=empty
#-----------
snapshot=3
#-----------
time=316513
mem_heap_B=8780
mem_heap_extra_B=460
mem_stacks_B=0
heap_tree=empty
#-----------
snapshot=4
#-----------
time=342546
mem_heap_B=11404
mem_heap_extra_B=556
mem_stacks_B=0
heap_tree=detailed
n12: 11404 (heap allocation functions) malloc/new/new[], --alloc-fns, etc.
 n1: 5961 0x400B2AC: _dl_new_object (dl-object.c:73)
  n1: 5961 0x4005E46: _dl_map_object_from_fd (dl-load.c:1001)
   n2: 5961 0x4008A8B: _dl_map_object (dl-load.c:2466)
    n1: 4766 0x400D290: openaux (dl-deps.c:64)
     n1: 4766 0x49B5B2D: _dl_catch_exception (dl-error-skeleton.c:196)
      n1: 4766 0x400D604: _dl_map_object_deps (dl-deps.c:248)
       n1: 4766 0x401304E: dl_open_worker (dl-open.c:271)
        n1: 4766 0x49B5B2D: _dl_catch_exception (dl-error-skeleton.c:196)
         n1: 4766 0x4012BB8: _dl_open (dl-open.c:599)
          n1: 4766 0x487D254: dlopen_doit (dlopen.c:66)
           n1: 4766 0x49B5B2D: _dl_catch_exception (dl-error-skeleton.c:196)
            n1: 4766 0x49B5BBD: _dl_catch_error (dl-error-skeleton.c:215)
             n1: 4766 0x487D973: _dlerror_run (dlerror.c:163)
              n1: 4766 0x487D2E4: dlopen@@GLIBC_2.2.5 (dlopen.c:87)
               n1: 4766 0x48666EB: elektraModulesLoad (in /home/jenkins/workspace/build/linux/lib/libelektra-core.so.0.8.26)
                n1: 4766 0x484FD71: elektraPluginOpen (in /home/jenkins/workspace/build/linux/lib/libelektra-kdb.so.0.8.26)
                 n0: 4766 0x1091E1: main (in /home/jenkins/workspace/build/linux/bin/benchmark_plugingetset)
    n1: 1195 0x4012FE9: dl_open_worker (dl-open.c:228)
     n1: 1195 0x49B5B2D: _dl_catch_exception (dl-error-skeleton.c:196)
      n1: 1195 0x4012BB8: _dl_open (dl-open.c:599)
       n1: 1195 0x487D254: dlopen_doit (dlopen.c:66)
        n1: 1195 0x49B5B2D: _dl_catch_exception (dl-error-skeleton.c:196)
         n1: 1195 0x49B5BBD: _dl_catch_error (dl-error-skeleton.c:215)
          n1: 1195 0x487D973: _dlerror_run (dlerror.c:163)
           n1: 1195 0x487D2E4: dlopen@@GLIBC_2.2.5 (dlopen.c:87)
            n1: 1195 0x48666EB: elektraModulesLoad (in /home/jenkins/workspace/build/linux/lib/libelektra-core.so.0.8.26)
             n1: 1195 0x484FD71: elektraPluginOpen (in /home/jenkins/workspace/build/linux/lib/libelektra-kdb.so.0.8.26)
              n0: 1195 0x1091E1: main (in /home/jenkins/workspace/build/linux/bin/benchmark_plugingetset)
 n1: 2376 0x4010A1E: _dl_check_map_versions (dl-version.c:274)
  n1: 2376 0x4013094: dl_open_worker (dl-open.c:277)
   n1: 2376 0x49B5B2D: _dl_catch_exception (dl-error-skeleton.c:196)
    n1: 2376 0x4012BB8: _dl_open (dl-open.c:599)
     n1: 2376 0x487D254: dlopen_doit (dlopen.c:66)
      n1: 2376 0x49B5B2D: _dl_catch_exception (dl-error-skeleton.c:196)
       n1: 2376 0x49B5BBD: _dl_catch_error (dl-error-skeleton.c:215)
        n1: 2376 0x487D973: _dlerror_run (dlerror.c:163)
         n1: 2376 0x487D2E4: dlopen@@GLIBC_2.2.5 (dlopen.c:87)
          n1: 2376 0x48666EB: elektraModulesLoad (in /home/jenkins/workspace/build/linux/lib/libelektra-core.so.0.8.26)
           n1: 2376 0x484FD71: elektraPluginOpen (in /home/jenkins/workspace/build/linux/lib/libelektra-kdb.so.0.8.26)
            n0: 2376 0x1091E1: main (in /home/jenkins/workspace/build/linux/bin/benchmark_plugingetset)
 n1: 1024 0x485EBF6: elektraVFormat (in /home/jenkins/workspace/build/linux/lib/libelektra-core.so.0.8.26)
  n2: 1024 0x485ED2A: elektraFormat (in /home/jenkins/workspace/build/linux/lib/libelektra-core.so.0.8.26)
   n0: 512 0x109162: main (in /home/jenkins/workspace/build/linux/bin/benchmark_plugingetset)
   n0: 512 0x109179: main (in /home/jenkins/workspace/build/linux/bin/benchmark_plugingetset)
 n1: 384 0x4863428: ksVNew (in /home/jenkins/workspace/build/linux/lib/libelektra-core.so.0.8.26)
  n3: 384 0x486356A: ksNew (in /home/jenkins/workspace/build/linux/lib/libelektra-core.so.0.8.26)
   n0: 128 0x10914B: main (in /home/jenkins/workspace/build/linux/bin/benchmark_plugingetset)
   n0: 128 0x1091A0: main (in /home/jenkins/workspace/build/linux/bin/benchmark_plugingetset)
   n0: 128 0x1091AF: main (in /home/jenkins/workspace/build/linux/bin/benchmark_plugingetset)
 n0: 318 in 8 places, all below massif's threshold (1.00%)
 n1: 256 0x400D46A: _dl_map_object_deps (dl-deps.c:438)
  n1: 256 0x401304E: dl_open_worker (dl-open.c:271)
   n1: 256 0x49B5B2D: _dl_catch_exception (dl-error-skeleton.c:196)
    n1: 256 0x4012BB8: _dl_open (dl-open.c:599)
     n1: 256 0x487D254: dlopen_doit (dlopen.c:66)
      n1: 256 0x49B5B2D: _dl_catch_exception (dl-error-skeleton.c:196)
       n1: 256 0x49B5BBD: _dl_catch_error (dl-error-skeleton.c:215)
        n1: 256 0x487D973: _dlerror_run (dlerror.c:163)
         n1: 256 0x487D2E4: dlopen@@GLIBC_2.2.5 (dlopen.c:87)
          n1: 256 0x48666EB: elektraModulesLoad (in /home/jenkins/workspace/build/linux/lib/libelektra-core.so.0.8.26)
           n1: 256 0x484FD71: elektraPluginOpen (in /home/jenkins/workspace/build/linux/lib/libelektra-kdb.so.0.8.26)
            n0: 256 0x1091E1: main (in /home/jenkins/workspace/build/linux/bin/benchmark_plugingetset)
 n1: 256 0x485F3A2: keyVNew (in /home/jenkins/workspace/build/linux/lib/libelektra-core.so.0.8.26)
  n1: 256 0x485F460: keyNew (in /home/jenkins/workspace/build/linux/lib/libelektra-core.so.0.8.26)
   n0: 256 in 4 places, all below massif's threshold (1.00%)
 n1: 231 0x400B58E: _dl_new_object (dl-object.c:163)
  n1: 231 0x4005E46: _dl_map_object_from_fd (dl-load.c:1001)
   n2: 231 0x4008A8B: _dl_map_object (dl-load.c:2466)
    n1: 172 0x400D290: openaux (dl-deps.c:64)
     n1: 172 0x49B5B2D: _dl_catch_exception (dl-error-skeleton.c:196)
      n1: 172 0x400D604: _dl_map_object_deps (dl-deps.c:248)
       n1: 172 0x401304E: dl_open_worker (dl-open.c:271)
        n1: 172 0x49B5B2D: _dl_catch_exception (dl-error-skeleton.c:196)
         n1: 172 0x4012BB8: _dl_open (dl-open.c:599)
          n1: 172 0x487D254: dlopen_doit (dlopen.c:66)
           n1: 172 0x49B5B2D: _dl_catch_exception (dl-error-skeleton.c:196)
            n1: 172 0x49B5BBD: _dl_catch_error (dl-error-skeleton.c:215)
             n1: 172 0x487D973: _dlerror_run (dlerror.c:163)
              n1: 172 0x487D2E4: dlopen@@GLIBC_2.2.5 (dlopen.c:87)
               n1: 172 0x48666EB: elektraModulesLoad (in /home/jenkins/workspace/build/linux/lib/libelektra-core.so.0.8.26)
                n1: 172 0x484FD71: elektraPluginOpen (in /home/jenkins/workspace/build/linux/lib/libelektra-kdb.so.0.8.26)
                 n0: 172 0x1091E1: main (in /home/jenkins/workspace/build/linux/bin/benchmark_plugingetset)
    n0: 59 in 1 place, below massif's threshold (1.00%)
 n1: 192 0x48633F2: ksVNew (in /home/jenkins/workspace/build/linux/lib/libelektra-core.so.0.8.26)
  n1: 192 0x486356A: ksNew (in /home/jenkins/workspace/build/linux/lib/libelektra-core.so.0.8.26)
   n0: 192 in 3 places, all below massif's threshold (1.00%)
 n1: 152 0x400D904: _dl_map_object_deps (dl-deps.c:479)
  n1: 152 0x401304E: dl_open_worker (dl-open.c:271)
   n1: 152 0x49B5B2D: _dl_catch_exception (dl-error-skeleton.c:196)
    n1: 152 0x4012BB8: _dl_open (dl-open.c:599)
     n1: 152 0x487D254: dlopen_doit (dlopen.c:66)
      n1: 152 0x49B5B2D: _dl_catch_exception (dl-error-skeleton.c:196)
       n1: 152 0x49B5BBD: _dl_catch_error (dl-error-skeleton.c:215)
        n1: 152 0x487D973: _dlerror_run (dlerror.c:163)
         n1: 152 0x487D2E4: dlopen@@GLIBC_2.2.5 (dlopen.c:87)
          n1: 152 0x48666EB: elektraModulesLoad (in /home/jenkins/workspace/build/linux/lib/libelektra-core.so.0.8.26)
           n1: 152 0x484FD71: elektraPluginOpen (in /home/jenkins/workspace/build/linux/lib/libelektra-kdb.so.0.8.26)
            n0: 152 0x1091E1: main (in /home/jenkins/workspace/build/linux/bin/benchmark_plugingetset)
 n1: 132 0x40081A8: fillin_rpath (dl-load.c:509)
  n1: 132 0x40083BA: decompose_rpath.isra.10 (dl-load.c:631)
   n1: 132 0x4009105: _dl_map_object (dl-load.c:2297)
    n1: 132 0x400D290: openaux (dl-deps.c:64)
     n1: 132 0x49B5B2D: _dl_catch_exception (dl-error-skeleton.c:196)
      n1: 132 0x400D604: _dl_map_object_deps (dl-deps.c:248)
       n1: 132 0x401304E: dl_open_worker (dl-open.c:271)
        n1: 132 0x49B5B2D: _dl_catch_exception (dl-error-skeleton.c:196)
         n1: 132 0x4012BB8: _dl_open (dl-open.c:599)
          n1: 132 0x487D254: dlopen_doit (dlopen.c:66)
           n1: 132 0x49B5B2D: _dl_catch_exception (dl-error-skeleton.c:196)
            n1: 132 0x49B5BBD: _dl_catch_error (dl-error-skeleton.c:215)
             n1: 132 0x487D973: _dlerror_run (dlerror.c:163)
              n1: 132 0x487D2E4: dlopen@@GLIBC_2.2.5 (dlopen.c:87)
               n1: 132 0x48666EB: elektraModulesLoad (in /home/jenkins/workspace/build/linux/lib/libelektra-core.so.0.8.26)
                n1: 132 0x484FD71: elektraPluginOpen (in /home/jenkins/workspace/build/linux/lib/libelektra-kdb.so.0.8.26)
                 n0: 132 0x1091E1: main (in /home/jenkins/workspace/build/linux/bin/benchmark_plugingetset)
 n1: 122 0x4007798: open_path (dl-load.c:2112)
  n1: 122 0x4008C16: _dl_map_object (dl-load.c:2297)
   n0: 122 in 2 places, all below massif's threshold (1.00%)
#-----------
snapshot=5
#-----------
time=863020
mem_heap_B=12396
mem_heap_extra_B=564
mem_stacks_B=0
heap_tree=empty
#-----------
snapshot=6
#-----------
time=943568
mem_heap_B=14348
mem_heap_extra_B=572
mem_stacks_B=0
heap_tree=empty
#-----------
snapshot=7
#-----------
time=944451
mem_heap_B=13356
mem_heap_extra_B=564
mem_stacks_B=0
heap_tree=empty
#-----------
snapshot=8
#-----------
time=3223102
mem_heap_B=17420
mem_heap_extra_B=572
mem_stacks_B=0
heap_tree=empty
#-----------
snapshot=9
#-----------
time=3224733
mem_heap_B=15468
mem_heap_extra_B=564
mem_stacks_B=0
heap_tree=empty
#-----------
snapshot=10
#-----------
time=5073623
mem_heap_B=88172
mem_heap_extra_B=572
mem_stacks_B=0
heap_tree=empty
#-----------
snapshot=11
#-----------
time=5125332
mem_heap_B=88236
mem_heap_extra_B=580
mem_stacks_B=0
heap_tree=empty
#-----------
snapshot=12
#-----------
time=5176935
mem_heap_B=113699
mem_heap_extra_B=957
mem_stacks_B=0
heap_tree=empty
#-----------
snapshot=13
#-----------
time=5205311
mem_heap_B=115175
mem_heap_extra_B=985
mem_stacks_B=0
heap_tree=empty
#-----------
snapshot=14
#-----------
time=5251095
mem_heap_B=120455
mem_heap_extra_B=1065
mem_stacks_B=0
heap_tree=empty
#-----------
snapshot=15
#-----------
time=5296757
mem_heap_B=173000
mem_heap_extra_B=1056
mem_stacks_B=0
heap_tree=empty
#-----------
snapshot=16
#-----------
time=5399873
mem_heap_B=173000
mem_heap_extra_B=1056
mem_stacks_B=0
heap_tree=detailed
n10: 173000 (heap allocation functions) malloc/new/new[], --alloc-fns, etc.
 n1: 72704 0x4F0F454: ??? (in /usr/lib/x86_64-linux-gnu/libstdc++.so.6.0.25)
  n1: 72704 0x400F378: call_init.part.0 (dl-init.c:72)
   n1: 72704 0x400F474: _dl_init (dl-init.c:118)
    n1: 72704 0x40132D1: dl_open_worker (dl-open.c:517)
     n1: 72704 0x49B5B2D: _dl_catch_exception (dl-error-skeleton.c:196)
      n1: 72704 0x4012BB8: _dl_open (dl-open.c:599)
       n1: 72704 0x487D254: dlopen_doit (dlopen.c:66)
        n1: 72704 0x49B5B2D: _dl_catch_exception (dl-error-skeleton.c:196)
         n1: 72704 0x49B5BBD: _dl_catch_error (dl-error-skeleton.c:215)
          n1: 72704 0x487D973: _dlerror_run (dlerror.c:163)
           n1: 72704 0x487D2E4: dlopen@@GLIBC_2.2.5 (dlopen.c:87)
            n1: 72704 0x48666EB: elektraModulesLoad (in /home/jenkins/workspace/build/linux/lib/libelektra-core.so.0.8.26)
             n1: 72704 0x484FD71: elektraPluginOpen (in /home/jenkins/workspace/build/linux/lib/libelektra-kdb.so.0.8.26)
              n0: 72704 0x1091E1: main (in /home/jenkins/workspace/build/linux/bin/benchmark_plugingetset)
 n1: 42004 0x4E4C1D0: ???
  n1: 42004 0x4E4B7A8: ???
   n1: 42004 0x4E4FD58: ???
    n1: 42004 0x4E55D11: ???
     n1: 42004 0x4E575FA: ???
      n0: 42004 0x1091F8: main (in /home/jenkins/workspace/build/linux/bin/benchmark_plugingetset)
 n4: 25792 0x4E65BA4: ???
  n3: 12216 0x4E65E12: ???
   n1: 8072 0x4E58F48: ???
    n1: 8072 0x4E65787: ???
     n1: 8072 0x4E55ADC: ???
      n1: 8072 0x4E575FA: ???
       n0: 8072 0x1091F8: main (in /home/jenkins/workspace/build/linux/bin/benchmark_plugingetset)
   n1: 2456 0x4E58E74: ???
    n1: 2456 0x4E65787: ???
     n1: 2456 0x4E55ADC: ???
      n1: 2456 0x4E575FA: ???
       n0: 2456 0x1091F8: main (in /home/jenkins/workspace/build/linux/bin/benchmark_plugingetset)
   n0: 1688 in 1 place, below massif's threshold (1.00%)
  n2: 5280 0x4E662C2: ???
   n1: 3168 0x4E59F53: ???
    n1: 3168 0x4E62EFE: ???
     n1: 3168 0x4E65804: ???
      n1: 3168 0x4E55B7F: ???
       n1: 3168 0x4E575FA: ???
        n0: 3168 0x1091F8: main (in /home/jenkins/workspace/build/linux/bin/benchmark_plugingetset)
   n0: 2112 in 6 places, all below massif's threshold (1.00%)
  n0: 4200 in 11 places, all below massif's threshold (1.00%)
  n1: 4096 0x4E58F75: ???
   n1: 4096 0x4E65787: ???
    n1: 4096 0x4E55ADC: ???
     n1: 4096 0x4E575FA: ???
      n0: 4096 0x1091F8: main (in /home/jenkins/workspace/build/linux/bin/benchmark_plugingetset)
 n1: 8192 0x4F6B8F6: std::basic_filebuf<char, std::char_traits<char> >::_M_allocate_internal_buffer() (in /usr/lib/x86_64-linux-gnu/libstdc++.so.6.0.25)
  n1: 8192 0x4F6F790: std::basic_filebuf<char, std::char_traits<char> >::open(char const*, std::_Ios_Openmode) (in /usr/lib/x86_64-linux-gnu/libstdc++.so.6.0.25)
   n1: 8192 0x4E55CC9: ???
    n1: 8192 0x4E575FA: ???
     n0: 8192 0x1091F8: main (in /home/jenkins/workspace/build/linux/bin/benchmark_plugingetset)
 n1: 5961 0x400B2AC: _dl_new_object (dl-object.c:73)
  n1: 5961 0x4005E46: _dl_map_object_from_fd (dl-load.c:1001)
   n2: 5961 0x4008A8B: _dl_map_object (dl-load.c:2466)
    n1: 4766 0x400D290: openaux (dl-deps.c:64)
     n1: 4766 0x49B5B2D: _dl_catch_exception (dl-error-skeleton.c:196)
      n1: 4766 0x400D604: _dl_map_object_deps (dl-deps.c:248)
       n1: 4766 0x401304E: dl_open_worker (dl-open.c:271)
        n1: 4766 0x49B5B2D: _dl_catch_exception (dl-error-skeleton.c:196)
         n1: 4766 0x4012BB8: _dl_open (dl-open.c:599)
          n1: 4766 0x487D254: dlopen_doit (dlopen.c:66)
           n1: 4766 0x49B5B2D: _dl_catch_exception (dl-error-skeleton.c:196)
            n1: 4766 0x49B5BBD: _dl_catch_error (dl-error-skeleton.c:215)
             n1: 4766 0x487D973: _dlerror_run (dlerror.c:163)
              n1: 4766 0x487D2E4: dlopen@@GLIBC_2.2.5 (dlopen.c:87)
               n1: 4766 0x48666EB: elektraModulesLoad (in /home/jenkins/workspace/build/linux/lib/libelektra-core.so.0.8.26)
                n1: 4766 0x484FD71: elektraPluginOpen (in /home/jenkins/workspace/build/linux/lib/libelektra-kdb.so.0.8.26)
                 n0: 4766 0x1091E1: main (in /home/jenkins/workspace/build/linux/bin/benchmark_plugingetset)
    n0: 1195 in 1 place, below massif's threshold (1.00%)
 n0: 5709 in 42 places, all below massif's threshold (1.00%)
 n1: 4097 0x4F9E2AB: std::__cxx11::basic_string<char, std::char_traits<char>, std::allocator<char> >::reserve(unsigned long) (in /usr/lib/x86_64-linux-gnu/libstdc++.so.6.0.25)
  n1: 4097 0x4F92723: std::__cxx11::basic_stringbuf<char, std::char_traits<char>, std::allocator<char> >::overflow(int) (in /usr/lib/x86_64-linux-gnu/libstdc++.so.6.0.25)
   n1: 4097 0x4F9C8A9: std::basic_streambuf<char, std::char_traits<char> >::xsputn(char const*, long) (in /usr/lib/x86_64-linux-gnu/libstdc++.so.6.0.25)
    n1: 4097 0x4F2B8B3: long std::__copy_streambufs_eof<char, std::char_traits<char> >(std::basic_streambuf<char, std::char_traits<char> >*, std::basic_streambuf<char, std::char_traits<char> >*, bool&) (in /usr/lib/x86_64-linux-gnu/libstdc++.so.6.0.25)
     n1: 4097 0x4F8D416: std::ostream::operator<<(std::basic_streambuf<char, std::char_traits<char> >*) (in /usr/lib/x86_64-linux-gnu/libstdc++.so.6.0.25)
      n1: 4097 0x4E4B41D: ???
       n1: 4097 0x4E4FD58: ???
        n1: 4097 0x4E55D11: ???
         n1: 4097 0x4E575FA: ???
          n0: 4097 0x1091F8: main (in /home/jenkins/workspace/build/linux/bin/benchmark_plugingetset)
 n1: 4064 0x400A095: do_lookup_x (dl-lookup.c:253)
  n1: 4064 0x400A38D: _dl_lookup_symbol_x (dl-lookup.c:814)
   n1: 4064 0x400BD5C: _dl_relocate_object (dl-machine.h:308)
    n1: 4064 0x401319C: dl_open_worker (dl-open.c:377)
     n1: 4064 0x49B5B2D: _dl_catch_exception (dl-error-skeleton.c:196)
      n1: 4064 0x4012BB8: _dl_open (dl-open.c:599)
       n1: 4064 0x487D254: dlopen_doit (dlopen.c:66)
        n1: 4064 0x49B5B2D: _dl_catch_exception (dl-error-skeleton.c:196)
         n1: 4064 0x49B5BBD: _dl_catch_error (dl-error-skeleton.c:215)
          n1: 4064 0x487D973: _dlerror_run (dlerror.c:163)
           n1: 4064 0x487D2E4: dlopen@@GLIBC_2.2.5 (dlopen.c:87)
            n1: 4064 0x48666EB: elektraModulesLoad (in /home/jenkins/workspace/build/linux/lib/libelektra-core.so.0.8.26)
             n1: 4064 0x484FD71: elektraPluginOpen (in /home/jenkins/workspace/build/linux/lib/libelektra-kdb.so.0.8.26)
              n0: 4064 0x1091E1: main (in /home/jenkins/workspace/build/linux/bin/benchmark_plugingetset)
 n1: 2376 0x4010A1E: _dl_check_map_versions (dl-version.c:274)
  n1: 2376 0x4013094: dl_open_worker (dl-open.c:277)
   n1: 2376 0x49B5B2D: _dl_catch_exception (dl-error-skeleton.c:196)
    n1: 2376 0x4012BB8: _dl_open (dl-open.c:599)
     n1: 2376 0x487D254: dlopen_doit (dlopen.c:66)
      n1: 2376 0x49B5B2D: _dl_catch_exception (dl-error-skeleton.c:196)
       n1: 2376 0x49B5BBD: _dl_catch_error (dl-error-skeleton.c:215)
        n1: 2376 0x487D973: _dlerror_run (dlerror.c:163)
         n1: 2376 0x487D2E4: dlopen@@GLIBC_2.2.5 (dlopen.c:87)
          n1: 2376 0x48666EB: elektraModulesLoad (in /home/jenkins/workspace/build/linux/lib/libelektra-core.so.0.8.26)
           n1: 2376 0x484FD71: elektraPluginOpen (in /home/jenkins/workspace/build/linux/lib/libelektra-kdb.so.0.8.26)
            n0: 2376 0x1091E1: main (in /home/jenkins/workspace/build/linux/bin/benchmark_plugingetset)
 n1: 2101 0x4F9DDC9: std::__cxx11::basic_string<char, std::char_traits<char>, std::allocator<char> >::_M_mutate(unsigned long, unsigned long, char const*, unsigned long) (in /usr/lib/x86_64-linux-gnu/libstdc++.so.6.0.25)
  n1: 2101 0x4F9EB79: std::__cxx11::basic_string<char, std::char_traits<char>, std::allocator<char> >::_M_replace(unsigned long, unsigned long, char const*, unsigned long) (in /usr/lib/x86_64-linux-gnu/libstdc++.so.6.0.25)
   n1: 2101 0x4E4B6FD: ???
    n1: 2101 0x4E4FD58: ???
     n1: 2101 0x4E55D11: ???
      n1: 2101 0x4E575FA: ???
       n0: 2101 0x1091F8: main (in /home/jenkins/workspace/build/linux/bin/benchmark_plugingetset)
#-----------
snapshot=17
#-----------
time=5404028
mem_heap_B=168746
mem_heap_extra_B=1110
mem_stacks_B=0
heap_tree=empty
#-----------
snapshot=18
#-----------
time=5463215
mem_heap_B=179247
mem_heap_extra_B=1129
mem_stacks_B=0
heap_tree=detailed
n9: 179247 (heap allocation functions) malloc/new/new[], --alloc-fns, etc.
 n1: 72704 0x4F0F454: ??? (in /usr/lib/x86_64-linux-gnu/libstdc++.so.6.0.25)
  n1: 72704 0x400F378: call_init.part.0 (dl-init.c:72)
   n1: 72704 0x400F474: _dl_init (dl-init.c:118)
    n1: 72704 0x40132D1: dl_open_worker (dl-open.c:517)
     n1: 72704 0x49B5B2D: _dl_catch_exception (dl-error-skeleton.c:196)
      n1: 72704 0x4012BB8: _dl_open (dl-open.c:599)
       n1: 72704 0x487D254: dlopen_doit (dlopen.c:66)
        n1: 72704 0x49B5B2D: _dl_catch_exception (dl-error-skeleton.c:196)
         n1: 72704 0x49B5BBD: _dl_catch_error (dl-error-skeleton.c:215)
          n1: 72704 0x487D973: _dlerror_run (dlerror.c:163)
           n1: 72704 0x487D2E4: dlopen@@GLIBC_2.2.5 (dlopen.c:87)
            n1: 72704 0x48666EB: elektraModulesLoad (in /home/jenkins/workspace/build/linux/lib/libelektra-core.so.0.8.26)
             n1: 72704 0x484FD71: elektraPluginOpen (in /home/jenkins/workspace/build/linux/lib/libelektra-kdb.so.0.8.26)
              n0: 72704 0x1091E1: main (in /home/jenkins/workspace/build/linux/bin/benchmark_plugingetset)
 n1: 42004 0x4E4C1D0: ???
  n1: 42004 0x4E4B7A8: ???
   n1: 42004 0x4E4FD58: ???
    n1: 42004 0x4E55D11: ???
     n1: 42004 0x4E575FA: ???
      n0: 42004 0x1091F8: main (in /home/jenkins/workspace/build/linux/bin/benchmark_plugingetset)
 n4: 25792 0x4E65BA4: ???
  n3: 12216 0x4E65E12: ???
   n1: 8072 0x4E58F48: ???
    n1: 8072 0x4E65787: ???
     n1: 8072 0x4E55ADC: ???
      n1: 8072 0x4E575FA: ???
       n0: 8072 0x1091F8: main (in /home/jenkins/workspace/build/linux/bin/benchmark_plugingetset)
   n1: 2456 0x4E58E74: ???
    n1: 2456 0x4E65787: ???
     n1: 2456 0x4E55ADC: ???
      n1: 2456 0x4E575FA: ???
       n0: 2456 0x1091F8: main (in /home/jenkins/workspace/build/linux/bin/benchmark_plugingetset)
   n0: 1688 in 1 place, below massif's threshold (1.00%)
  n2: 5280 0x4E662C2: ???
   n1: 3168 0x4E59F53: ???
    n1: 3168 0x4E62EFE: ???
     n1: 3168 0x4E65804: ???
      n1: 3168 0x4E55B7F: ???
       n1: 3168 0x4E575FA: ???
        n0: 3168 0x1091F8: main (in /home/jenkins/workspace/build/linux/bin/benchmark_plugingetset)
   n0: 2112 in 6 places, all below massif's threshold (1.00%)
  n0: 4200 in 11 places, all below massif's threshold (1.00%)
  n1: 4096 0x4E58F75: ???
   n1: 4096 0x4E65787: ???
    n1: 4096 0x4E55ADC: ???
     n1: 4096 0x4E575FA: ???
      n0: 4096 0x1091F8: main (in /home/jenkins/workspace/build/linux/bin/benchmark_plugingetset)
 n2: 10501 0x4F9DDC9: std::__cxx11::basic_string<char, std::char_traits<char>, std::allocator<char> >::_M_mutate(unsigned long, unsigned long, char const*, unsigned long) (in /usr/lib/x86_64-linux-gnu/libstdc++.so.6.0.25)
  n2: 10501 0x4F9E7CE: std::__cxx11::basic_string<char, std::char_traits<char>, std::allocator<char> >::_M_replace_aux(unsigned long, unsigned long, unsigned long, char) (in /usr/lib/x86_64-linux-gnu/libstdc++.so.6.0.25)
   n1: 10501 0x4E4ACA3: ???
    n1: 10501 0x4E4E707: ???
     n1: 10501 0x4E55D2A: ???
      n1: 10501 0x4E575FA: ???
       n0: 10501 0x1091F8: main (in /home/jenkins/workspace/build/linux/bin/benchmark_plugingetset)
   n0: 0 in 1 place, below massif's threshold (1.00%)
  n0: 0 in 1 place, below massif's threshold (1.00%)
 n1: 8192 0x4F6B8F6: std::basic_filebuf<char, std::char_traits<char> >::_M_allocate_internal_buffer() (in /usr/lib/x86_64-linux-gnu/libstdc++.so.6.0.25)
  n1: 8192 0x4F6F790: std::basic_filebuf<char, std::char_traits<char> >::open(char const*, std::_Ios_Openmode) (in /usr/lib/x86_64-linux-gnu/libstdc++.so.6.0.25)
   n1: 8192 0x4E55CC9: ???
    n1: 8192 0x4E575FA: ???
     n0: 8192 0x1091F8: main (in /home/jenkins/workspace/build/linux/bin/benchmark_plugingetset)
 n0: 7653 in 53 places, all below massif's threshold (1.00%)
 n1: 5961 0x400B2AC: _dl_new_object (dl-object.c:73)
  n1: 5961 0x4005E46: _dl_map_object_from_fd (dl-load.c:1001)
   n2: 5961 0x4008A8B: _dl_map_object (dl-load.c:2466)
    n1: 4766 0x400D290: openaux (dl-deps.c:64)
     n1: 4766 0x49B5B2D: _dl_catch_exception (dl-error-skeleton.c:196)
      n1: 4766 0x400D604: _dl_map_object_deps (dl-deps.c:248)
       n1: 4766 0x401304E: dl_open_worker (dl-open.c:271)
        n1: 4766 0x49B5B2D: _dl_catch_exception (dl-error-skeleton.c:196)
         n1: 4766 0x4012BB8: _dl_open (dl-open.c:599)
          n1: 4766 0x487D254: dlopen_doit (dlopen.c:66)
           n1: 4766 0x49B5B2D: _dl_catch_exception (dl-error-skeleton.c:196)
            n1: 4766 0x49B5BBD: _dl_catch_error (dl-error-skeleton.c:215)
             n1: 4766 0x487D973: _dlerror_run (dlerror.c:163)
              n1: 4766 0x487D2E4: dlopen@@GLIBC_2.2.5 (dlopen.c:87)
               n1: 4766 0x48666EB: elektraModulesLoad (in /home/jenkins/workspace/build/linux/lib/libelektra-core.so.0.8.26)
                n1: 4766 0x484FD71: elektraPluginOpen (in /home/jenkins/workspace/build/linux/lib/libelektra-kdb.so.0.8.26)
                 n0: 4766 0x1091E1: main (in /home/jenkins/workspace/build/linux/bin/benchmark_plugingetset)
    n0: 1195 in 1 place, below massif's threshold (1.00%)
 n1: 4064 0x400A095: do_lookup_x (dl-lookup.c:253)
  n1: 4064 0x400A38D: _dl_lookup_symbol_x (dl-lookup.c:814)
   n1: 4064 0x400BD5C: _dl_relocate_object (dl-machine.h:308)
    n1: 4064 0x401319C: dl_open_worker (dl-open.c:377)
     n1: 4064 0x49B5B2D: _dl_catch_exception (dl-error-skeleton.c:196)
      n1: 4064 0x4012BB8: _dl_open (dl-open.c:599)
       n1: 4064 0x487D254: dlopen_doit (dlopen.c:66)
        n1: 4064 0x49B5B2D: _dl_catch_exception (dl-error-skeleton.c:196)
         n1: 4064 0x49B5BBD: _dl_catch_error (dl-error-skeleton.c:215)
          n1: 4064 0x487D973: _dlerror_run (dlerror.c:163)
           n1: 4064 0x487D2E4: dlopen@@GLIBC_2.2.5 (dlopen.c:87)
            n1: 4064 0x48666EB: elektraModulesLoad (in /home/jenkins/workspace/build/linux/lib/libelektra-core.so.0.8.26)
             n1: 4064 0x484FD71: elektraPluginOpen (in /home/jenkins/workspace/build/linux/lib/libelektra-kdb.so.0.8.26)
              n0: 4064 0x1091E1: main (in /home/jenkins/workspace/build/linux/bin/benchmark_plugingetset)
 n1: 2376 0x4010A1E: _dl_check_map_versions (dl-version.c:274)
  n1: 2376 0x4013094: dl_open_worker (dl-open.c:277)
   n1: 2376 0x49B5B2D: _dl_catch_exception (dl-error-skeleton.c:196)
    n1: 2376 0x4012BB8: _dl_open (dl-open.c:599)
     n1: 2376 0x487D254: dlopen_doit (dlopen.c:66)
      n1: 2376 0x49B5B2D: _dl_catch_exception (dl-error-skeleton.c:196)
       n1: 2376 0x49B5BBD: _dl_catch_error (dl-error-skeleton.c:215)
        n1: 2376 0x487D973: _dlerror_run (dlerror.c:163)
         n1: 2376 0x487D2E4: dlopen@@GLIBC_2.2.5 (dlopen.c:87)
          n1: 2376 0x48666EB: elektraModulesLoad (in /home/jenkins/workspace/build/linux/lib/libelektra-core.so.0.8.26)
           n1: 2376 0x484FD71: elektraPluginOpen (in /home/jenkins/workspace/build/linux/lib/libelektra-kdb.so.0.8.26)
            n0: 2376 0x1091E1: main (in /home/jenkins/workspace/build/linux/bin/benchmark_plugingetset)
#-----------
snapshot=19
#-----------
time=5522317
mem_heap_B=332990
mem_heap_extra_B=1698
mem_stacks_B=0
heap_tree=empty
#-----------
snapshot=20
#-----------
time=5566529
mem_heap_B=335099
mem_heap_extra_B=2229
mem_stacks_B=0
heap_tree=empty
#-----------
snapshot=21
#-----------
time=5616014
mem_heap_B=336912
mem_heap_extra_B=2576
mem_stacks_B=0
heap_tree=empty
#-----------
snapshot=22
#-----------
time=5654521
mem_heap_B=338838
mem_heap_extra_B=3058
mem_stacks_B=0
heap_tree=empty
#-----------
snapshot=23
#-----------
time=5708567
mem_heap_B=340720
mem_heap_extra_B=3536
mem_stacks_B=0
heap_tree=empty
#-----------
snapshot=24
#-----------
time=5757815
mem_heap_B=342862
mem_heap_extra_B=3922
mem_stacks_B=0
heap_tree=detailed
n7: 342862 (heap allocation functions) malloc/new/new[], --alloc-fns, etc.
 n5: 185792 0x4E65BA4: ???
  n1: 160000 0x4E5FB95: ???
   n1: 160000 0x4E55DAA: ???
    n1: 160000 0x4E575FA: ???
     n0: 160000 0x1091F8: main (in /home/jenkins/workspace/build/linux/bin/benchmark_plugingetset)
  n2: 12216 0x4E65E12: ???
   n1: 8072 0x4E58F48: ???
    n1: 8072 0x4E65787: ???
     n1: 8072 0x4E55ADC: ???
      n1: 8072 0x4E575FA: ???
       n0: 8072 0x1091F8: main (in /home/jenkins/workspace/build/linux/bin/benchmark_plugingetset)
   n0: 4144 in 2 places, all below massif's threshold (1.00%)
  n1: 5280 0x4E662C2: ???
   n0: 5280 in 7 places, all below massif's threshold (1.00%)
  n0: 4200 in 11 places, all below massif's threshold (1.00%)
  n1: 4096 0x4E58F75: ???
   n1: 4096 0x4E65787: ???
    n1: 4096 0x4E55ADC: ???
     n1: 4096 0x4E575FA: ???
      n0: 4096 0x1091F8: main (in /home/jenkins/workspace/build/linux/bin/benchmark_plugingetset)
 n1: 72704 0x4F0F454: ??? (in /usr/lib/x86_64-linux-gnu/libstdc++.so.6.0.25)
  n1: 72704 0x400F378: call_init.part.0 (dl-init.c:72)
   n1: 72704 0x400F474: _dl_init (dl-init.c:118)
    n1: 72704 0x40132D1: dl_open_worker (dl-open.c:517)
     n1: 72704 0x49B5B2D: _dl_catch_exception (dl-error-skeleton.c:196)
      n1: 72704 0x4012BB8: _dl_open (dl-open.c:599)
       n1: 72704 0x487D254: dlopen_doit (dlopen.c:66)
        n1: 72704 0x49B5B2D: _dl_catch_exception (dl-error-skeleton.c:196)
         n1: 72704 0x49B5BBD: _dl_catch_error (dl-error-skeleton.c:215)
          n1: 72704 0x487D973: _dlerror_run (dlerror.c:163)
           n1: 72704 0x487D2E4: dlopen@@GLIBC_2.2.5 (dlopen.c:87)
            n1: 72704 0x48666EB: elektraModulesLoad (in /home/jenkins/workspace/build/linux/lib/libelektra-core.so.0.8.26)
             n1: 72704 0x484FD71: elektraPluginOpen (in /home/jenkins/workspace/build/linux/lib/libelektra-kdb.so.0.8.26)
              n0: 72704 0x1091E1: main (in /home/jenkins/workspace/build/linux/bin/benchmark_plugingetset)
 n1: 42004 0x4E4C1D0: ???
  n1: 42004 0x4E4B7A8: ???
   n1: 42004 0x4E4FD58: ???
    n1: 42004 0x4E55D11: ???
     n1: 42004 0x4E575FA: ???
      n0: 42004 0x1091F8: main (in /home/jenkins/workspace/build/linux/bin/benchmark_plugingetset)
 n0: 24145 in 66 places, all below massif's threshold (1.00%)
 n1: 8192 0x4F6B8F6: std::basic_filebuf<char, std::char_traits<char> >::_M_allocate_internal_buffer() (in /usr/lib/x86_64-linux-gnu/libstdc++.so.6.0.25)
  n1: 8192 0x4F6F790: std::basic_filebuf<char, std::char_traits<char> >::open(char const*, std::_Ios_Openmode) (in /usr/lib/x86_64-linux-gnu/libstdc++.so.6.0.25)
   n1: 8192 0x4E55CC9: ???
    n1: 8192 0x4E575FA: ???
     n0: 8192 0x1091F8: main (in /home/jenkins/workspace/build/linux/bin/benchmark_plugingetset)
 n1: 5961 0x400B2AC: _dl_new_object (dl-object.c:73)
  n1: 5961 0x4005E46: _dl_map_object_from_fd (dl-load.c:1001)
   n2: 5961 0x4008A8B: _dl_map_object (dl-load.c:2466)
    n1: 4766 0x400D290: openaux (dl-deps.c:64)
     n1: 4766 0x49B5B2D: _dl_catch_exception (dl-error-skeleton.c:196)
      n1: 4766 0x400D604: _dl_map_object_deps (dl-deps.c:248)
       n1: 4766 0x401304E: dl_open_worker (dl-open.c:271)
        n1: 4766 0x49B5B2D: _dl_catch_exception (dl-error-skeleton.c:196)
         n1: 4766 0x4012BB8: _dl_open (dl-open.c:599)
          n1: 4766 0x487D254: dlopen_doit (dlopen.c:66)
           n1: 4766 0x49B5B2D: _dl_catch_exception (dl-error-skeleton.c:196)
            n1: 4766 0x49B5BBD: _dl_catch_error (dl-error-skeleton.c:215)
             n1: 4766 0x487D973: _dlerror_run (dlerror.c:163)
              n1: 4766 0x487D2E4: dlopen@@GLIBC_2.2.5 (dlopen.c:87)
               n1: 4766 0x48666EB: elektraModulesLoad (in /home/jenkins/workspace/build/linux/lib/libelektra-core.so.0.8.26)
                n1: 4766 0x484FD71: elektraPluginOpen (in /home/jenkins/workspace/build/linux/lib/libelektra-kdb.so.0.8.26)
                 n0: 4766 0x1091E1: main (in /home/jenkins/workspace/build/linux/bin/benchmark_plugingetset)
    n0: 1195 in 1 place, below massif's threshold (1.00%)
 n1: 4064 0x400A095: do_lookup_x (dl-lookup.c:253)
  n1: 4064 0x400A38D: _dl_lookup_symbol_x (dl-lookup.c:814)
   n1: 4064 0x400BD5C: _dl_relocate_object (dl-machine.h:308)
    n1: 4064 0x401319C: dl_open_worker (dl-open.c:377)
     n1: 4064 0x49B5B2D: _dl_catch_exception (dl-error-skeleton.c:196)
      n1: 4064 0x4012BB8: _dl_open (dl-open.c:599)
       n1: 4064 0x487D254: dlopen_doit (dlopen.c:66)
        n1: 4064 0x49B5B2D: _dl_catch_exception (dl-error-skeleton.c:196)
         n1: 4064 0x49B5BBD: _dl_catch_error (dl-error-skeleton.c:215)
          n1: 4064 0x487D973: _dlerror_run (dlerror.c:163)
           n1: 4064 0x487D2E4: dlopen@@GLIBC_2.2.5 (dlopen.c:87)
            n1: 4064 0x48666EB: elektraModulesLoad (in /home/jenkins/workspace/build/linux/lib/libelektra-core.so.0.8.26)
             n1: 4064 0x484FD71: elektraPluginOpen (in /home/jenkins/workspace/build/linux/lib/libelektra-kdb.so.0.8.26)
              n0: 4064 0x1091E1: main (in /home/jenkins/workspace/build/linux/bin/benchmark_plugingetset)
#-----------
snapshot=25
#-----------
time=5799303
mem_heap_B=344457
mem_heap_extra_B=4367
mem_stacks_B=0
heap_tree=empty
#-----------
snapshot=26
#-----------
time=5826489
mem_heap_B=345815
mem_heap_extra_B=4641
mem_stacks_B=0
heap_tree=detailed
n7: 345815 (heap allocation functions) malloc/new/new[], --alloc-fns, etc.
 n5: 185792 0x4E65BA4: ???
  n1: 160000 0x4E5FB95: ???
   n1: 160000 0x4E55DAA: ???
    n1: 160000 0x4E575FA: ???
     n0: 160000 0x1091F8: main (in /home/jenkins/workspace/build/linux/bin/benchmark_plugingetset)
  n2: 12216 0x4E65E12: ???
   n1: 8072 0x4E58F48: ???
    n1: 8072 0x4E65787: ???
     n1: 8072 0x4E55ADC: ???
      n1: 8072 0x4E575FA: ???
       n0: 8072 0x1091F8: main (in /home/jenkins/workspace/build/linux/bin/benchmark_plugingetset)
   n0: 4144 in 2 places, all below massif's threshold (1.00%)
  n1: 5280 0x4E662C2: ???
   n0: 5280 in 7 places, all below massif's threshold (1.00%)
  n0: 4200 in 11 places, all below massif's threshold (1.00%)
  n1: 4096 0x4E58F75: ???
   n1: 4096 0x4E65787: ???
    n1: 4096 0x4E55ADC: ???
     n1: 4096 0x4E575FA: ???
      n0: 4096 0x1091F8: main (in /home/jenkins/workspace/build/linux/bin/benchmark_plugingetset)
 n1: 72704 0x4F0F454: ??? (in /usr/lib/x86_64-linux-gnu/libstdc++.so.6.0.25)
  n1: 72704 0x400F378: call_init.part.0 (dl-init.c:72)
   n1: 72704 0x400F474: _dl_init (dl-init.c:118)
    n1: 72704 0x40132D1: dl_open_worker (dl-open.c:517)
     n1: 72704 0x49B5B2D: _dl_catch_exception (dl-error-skeleton.c:196)
      n1: 72704 0x4012BB8: _dl_open (dl-open.c:599)
       n1: 72704 0x487D254: dlopen_doit (dlopen.c:66)
        n1: 72704 0x49B5B2D: _dl_catch_exception (dl-error-skeleton.c:196)
         n1: 72704 0x49B5BBD: _dl_catch_error (dl-error-skeleton.c:215)
          n1: 72704 0x487D973: _dlerror_run (dlerror.c:163)
           n1: 72704 0x487D2E4: dlopen@@GLIBC_2.2.5 (dlopen.c:87)
            n1: 72704 0x48666EB: elektraModulesLoad (in /home/jenkins/workspace/build/linux/lib/libelektra-core.so.0.8.26)
             n1: 72704 0x484FD71: elektraPluginOpen (in /home/jenkins/workspace/build/linux/lib/libelektra-kdb.so.0.8.26)
              n0: 72704 0x1091E1: main (in /home/jenkins/workspace/build/linux/bin/benchmark_plugingetset)
 n1: 42004 0x4E4C1D0: ???
  n1: 42004 0x4E4B7A8: ???
   n1: 42004 0x4E4FD58: ???
    n1: 42004 0x4E55D11: ???
     n1: 42004 0x4E575FA: ???
      n0: 42004 0x1091F8: main (in /home/jenkins/workspace/build/linux/bin/benchmark_plugingetset)
 n0: 27098 in 66 places, all below massif's threshold (1.00%)
 n1: 8192 0x4F6B8F6: std::basic_filebuf<char, std::char_traits<char> >::_M_allocate_internal_buffer() (in /usr/lib/x86_64-linux-gnu/libstdc++.so.6.0.25)
  n1: 8192 0x4F6F790: std::basic_filebuf<char, std::char_traits<char> >::open(char const*, std::_Ios_Openmode) (in /usr/lib/x86_64-linux-gnu/libstdc++.so.6.0.25)
   n1: 8192 0x4E55CC9: ???
    n1: 8192 0x4E575FA: ???
     n0: 8192 0x1091F8: main (in /home/jenkins/workspace/build/linux/bin/benchmark_plugingetset)
 n1: 5961 0x400B2AC: _dl_new_object (dl-object.c:73)
  n1: 5961 0x4005E46: _dl_map_object_from_fd (dl-load.c:1001)
   n2: 5961 0x4008A8B: _dl_map_object (dl-load.c:2466)
    n1: 4766 0x400D290: openaux (dl-deps.c:64)
     n1: 4766 0x49B5B2D: _dl_catch_exception (dl-error-skeleton.c:196)
      n1: 4766 0x400D604: _dl_map_object_deps (dl-deps.c:248)
       n1: 4766 0x401304E: dl_open_worker (dl-open.c:271)
        n1: 4766 0x49B5B2D: _dl_catch_exception (dl-error-skeleton.c:196)
         n1: 4766 0x4012BB8: _dl_open (dl-open.c:599)
          n1: 4766 0x487D254: dlopen_doit (dlopen.c:66)
           n1: 4766 0x49B5B2D: _dl_catch_exception (dl-error-skeleton.c:196)
            n1: 4766 0x49B5BBD: _dl_catch_error (dl-error-skeleton.c:215)
             n1: 4766 0x487D973: _dlerror_run (dlerror.c:163)
              n1: 4766 0x487D2E4: dlopen@@GLIBC_2.2.5 (dlopen.c:87)
               n1: 4766 0x48666EB: elektraModulesLoad (in /home/jenkins/workspace/build/linux/lib/libelektra-core.so.0.8.26)
                n1: 4766 0x484FD71: elektraPluginOpen (in /home/jenkins/workspace/build/linux/lib/libelektra-kdb.so.0.8.26)
                 n0: 4766 0x1091E1: main (in /home/jenkins/workspace/build/linux/bin/benchmark_plugingetset)
    n0: 1195 in 1 place, below massif's threshold (1.00%)
 n1: 4064 0x400A095: do_lookup_x (dl-lookup.c:253)
  n1: 4064 0x400A38D: _dl_lookup_symbol_x (dl-lookup.c:814)
   n1: 4064 0x400BD5C: _dl_relocate_object (dl-machine.h:308)
    n1: 4064 0x401319C: dl_open_worker (dl-open.c:377)
     n1: 4064 0x49B5B2D: _dl_catch_exception (dl-error-skeleton.c:196)
      n1: 4064 0x4012BB8: _dl_open (dl-open.c:599)
       n1: 4064 0x487D254: dlopen_doit (dlopen.c:66)
        n1: 4064 0x49B5B2D: _dl_catch_exception (dl-error-skeleton.c:196)
         n1: 4064 0x49B5BBD: _dl_catch_error (dl-error-skeleton.c:215)
          n1: 4064 0x487D973: _dlerror_run (dlerror.c:163)
           n1: 4064 0x487D2E4: dlopen@@GLIBC_2.2.5 (dlopen.c:87)
            n1: 4064 0x48666EB: elektraModulesLoad (in /home/jenkins/workspace/build/linux/lib/libelektra-core.so.0.8.26)
             n1: 4064 0x484FD71: elektraPluginOpen (in /home/jenkins/workspace/build/linux/lib/libelektra-kdb.so.0.8.26)
              n0: 4064 0x1091E1: main (in /home/jenkins/workspace/build/linux/bin/benchmark_plugingetset)
#-----------
snapshot=27
#-----------
time=5869150
mem_heap_B=536982
mem_heap_extra_B=5282
mem_stacks_B=0
heap_tree=empty
#-----------
snapshot=28
#-----------
time=5989270
mem_heap_B=537046
mem_heap_extra_B=5290
mem_stacks_B=0
heap_tree=detailed
n6: 537046 (heap allocation functions) malloc/new/new[], --alloc-fns, etc.
 n4: 374304 0x4E65BA4: ???
  n4: 188328 0x4E65E12: ???
   n1: 160088 0x4E592B9: ???
    n1: 160088 0x4E5FD6B: ???
     n1: 160088 0x4E55DAA: ???
      n1: 160088 0x4E575FA: ???
       n0: 160088 0x1091F8: main (in /home/jenkins/workspace/build/linux/bin/benchmark_plugingetset)
   n1: 16024 0x4E5926D: ???
    n1: 16024 0x4E5FD6B: ???
     n1: 16024 0x4E55DAA: ???
      n1: 16024 0x4E575FA: ???
       n0: 16024 0x1091F8: main (in /home/jenkins/workspace/build/linux/bin/benchmark_plugingetset)
   n1: 8072 0x4E58F48: ???
    n1: 8072 0x4E65787: ???
     n1: 8072 0x4E55ADC: ???
      n1: 8072 0x4E575FA: ???
       n0: 8072 0x1091F8: main (in /home/jenkins/workspace/build/linux/bin/benchmark_plugingetset)
   n0: 4144 in 2 places, all below massif's threshold (1.00%)
  n1: 160000 0x4E5FB95: ???
   n1: 160000 0x4E55DAA: ???
    n1: 160000 0x4E575FA: ???
     n0: 160000 0x1091F8: main (in /home/jenkins/workspace/build/linux/bin/benchmark_plugingetset)
  n0: 16088 in 13 places, all below massif's threshold (1.00%)
  n1: 9888 0x4E6616F: ???
   n0: 9888 in 13 places, all below massif's threshold (1.00%)
 n1: 72704 0x4F0F454: ??? (in /usr/lib/x86_64-linux-gnu/libstdc++.so.6.0.25)
  n1: 72704 0x400F378: call_init.part.0 (dl-init.c:72)
   n1: 72704 0x400F474: _dl_init (dl-init.c:118)
    n1: 72704 0x40132D1: dl_open_worker (dl-open.c:517)
     n1: 72704 0x49B5B2D: _dl_catch_exception (dl-error-skeleton.c:196)
      n1: 72704 0x4012BB8: _dl_open (dl-open.c:599)
       n1: 72704 0x487D254: dlopen_doit (dlopen.c:66)
        n1: 72704 0x49B5B2D: _dl_catch_exception (dl-error-skeleton.c:196)
         n1: 72704 0x49B5BBD: _dl_catch_error (dl-error-skeleton.c:215)
          n1: 72704 0x487D973: _dlerror_run (dlerror.c:163)
           n1: 72704 0x487D2E4: dlopen@@GLIBC_2.2.5 (dlopen.c:87)
            n1: 72704 0x48666EB: elektraModulesLoad (in /home/jenkins/workspace/build/linux/lib/libelektra-core.so.0.8.26)
             n1: 72704 0x484FD71: elektraPluginOpen (in /home/jenkins/workspace/build/linux/lib/libelektra-kdb.so.0.8.26)
              n0: 72704 0x1091E1: main (in /home/jenkins/workspace/build/linux/bin/benchmark_plugingetset)
 n1: 42004 0x4E4C1D0: ???
  n1: 42004 0x4E4B7A8: ???
   n1: 42004 0x4E4FD58: ???
    n1: 42004 0x4E55D11: ???
     n1: 42004 0x4E575FA: ???
      n0: 42004 0x1091F8: main (in /home/jenkins/workspace/build/linux/bin/benchmark_plugingetset)
 n0: 33881 in 81 places, all below massif's threshold (1.00%)
 n1: 8192 0x4F6B8F6: std::basic_filebuf<char, std::char_traits<char> >::_M_allocate_internal_buffer() (in /usr/lib/x86_64-linux-gnu/libstdc++.so.6.0.25)
  n1: 8192 0x4F6F790: std::basic_filebuf<char, std::char_traits<char> >::open(char const*, std::_Ios_Openmode) (in /usr/lib/x86_64-linux-gnu/libstdc++.so.6.0.25)
   n1: 8192 0x4E55CC9: ???
    n1: 8192 0x4E575FA: ???
     n0: 8192 0x1091F8: main (in /home/jenkins/workspace/build/linux/bin/benchmark_plugingetset)
 n1: 5961 0x400B2AC: _dl_new_object (dl-object.c:73)
  n1: 5961 0x4005E46: _dl_map_object_from_fd (dl-load.c:1001)
   n1: 5961 0x4008A8B: _dl_map_object (dl-load.c:2466)
    n0: 5961 in 2 places, all below massif's threshold (1.00%)
#-----------
snapshot=29
#-----------
time=5990533
mem_heap_B=697134
mem_heap_extra_B=5306
mem_stacks_B=0
heap_tree=empty
#-----------
snapshot=30
#-----------
time=6110653
mem_heap_B=697198
mem_heap_extra_B=5314
mem_stacks_B=0
heap_tree=empty
#-----------
snapshot=31
#-----------
time=6111807
mem_heap_B=937286
mem_heap_extra_B=5330
mem_stacks_B=0
heap_tree=empty
#-----------
snapshot=32
#-----------
time=6291935
mem_heap_B=937318
mem_heap_extra_B=5338
mem_stacks_B=0
heap_tree=empty
#-----------
snapshot=33
#-----------
time=6330444
mem_heap_B=1024371
mem_heap_extra_B=5541
mem_stacks_B=0
heap_tree=detailed
n4: 1024371 (heap allocation functions) malloc/new/new[], --alloc-fns, etc.
 n4: 861101 0x4E65BA4: ???
  n7: 636680 0x4E65E12: ???
   n1: 240088 0x4E5933D: ???
    n1: 240088 0x4E5FD6B: ???
     n1: 240088 0x4E55DAA: ???
      n1: 240088 0x4E575FA: ???
       n0: 240088 0x1091F8: main (in /home/jenkins/workspace/build/linux/bin/benchmark_plugingetset)
   n1: 160088 0x4E592B9: ???
    n1: 160088 0x4E5FD6B: ???
     n1: 160088 0x4E55DAA: ???
      n1: 160088 0x4E575FA: ???
       n0: 160088 0x1091F8: main (in /home/jenkins/workspace/build/linux/bin/benchmark_plugingetset)
   n1: 160088 0x4E592F4: ???
    n1: 160088 0x4E5FD6B: ???
     n1: 160088 0x4E55DAA: ???
      n1: 160088 0x4E575FA: ???
       n0: 160088 0x1091F8: main (in /home/jenkins/workspace/build/linux/bin/benchmark_plugingetset)
   n1: 24088 0x4E595A0: ???
    n1: 24088 0x4E5FD6B: ???
     n1: 24088 0x4E55DAA: ???
      n1: 24088 0x4E575FA: ???
       n0: 24088 0x1091F8: main (in /home/jenkins/workspace/build/linux/bin/benchmark_plugingetset)
   n1: 24088 0x4E595DD: ???
    n1: 24088 0x4E5FD6B: ???
     n1: 24088 0x4E55DAA: ???
      n1: 24088 0x4E575FA: ???
       n0: 24088 0x1091F8: main (in /home/jenkins/workspace/build/linux/bin/benchmark_plugingetset)
   n1: 16024 0x4E5926D: ???
    n1: 16024 0x4E5FD6B: ???
     n1: 16024 0x4E55DAA: ???
      n1: 16024 0x4E575FA: ???
       n0: 16024 0x1091F8: main (in /home/jenkins/workspace/build/linux/bin/benchmark_plugingetset)
   n0: 12216 in 3 places, all below massif's threshold (1.00%)
  n1: 160000 0x4E5FB95: ???
   n1: 160000 0x4E55DAA: ???
    n1: 160000 0x4E575FA: ???
     n0: 160000 0x1091F8: main (in /home/jenkins/workspace/build/linux/bin/benchmark_plugingetset)
  n0: 45269 in 20 places, all below massif's threshold (1.00%)
  n1: 19152 0x4E6616F: ???
   n0: 19152 in 16 places, all below massif's threshold (1.00%)
 n1: 72704 0x4F0F454: ??? (in /usr/lib/x86_64-linux-gnu/libstdc++.so.6.0.25)
  n1: 72704 0x400F378: call_init.part.0 (dl-init.c:72)
   n1: 72704 0x400F474: _dl_init (dl-init.c:118)
    n1: 72704 0x40132D1: dl_open_worker (dl-open.c:517)
     n1: 72704 0x49B5B2D: _dl_catch_exception (dl-error-skeleton.c:196)
      n1: 72704 0x4012BB8: _dl_open (dl-open.c:599)
       n1: 72704 0x487D254: dlopen_doit (dlopen.c:66)
        n1: 72704 0x49B5B2D: _dl_catch_exception (dl-error-skeleton.c:196)
         n1: 72704 0x49B5BBD: _dl_catch_error (dl-error-skeleton.c:215)
          n1: 72704 0x487D973: _dlerror_run (dlerror.c:163)
           n1: 72704 0x487D2E4: dlopen@@GLIBC_2.2.5 (dlopen.c:87)
            n1: 72704 0x48666EB: elektraModulesLoad (in /home/jenkins/workspace/build/linux/lib/libelektra-core.so.0.8.26)
             n1: 72704 0x484FD71: elektraPluginOpen (in /home/jenkins/workspace/build/linux/lib/libelektra-kdb.so.0.8.26)
              n0: 72704 0x1091E1: main (in /home/jenkins/workspace/build/linux/bin/benchmark_plugingetset)
 n0: 48562 in 95 places, all below massif's threshold (1.00%)
 n1: 42004 0x4E4C1D0: ???
  n1: 42004 0x4E4B7A8: ???
   n1: 42004 0x4E4FD58: ???
    n1: 42004 0x4E55D11: ???
     n1: 42004 0x4E575FA: ???
      n0: 42004 0x1091F8: main (in /home/jenkins/workspace/build/linux/bin/benchmark_plugingetset)
#-----------
snapshot=34
#-----------
time=6369104
mem_heap_B=1035203
mem_heap_extra_B=6805
mem_stacks_B=0
heap_tree=empty
#-----------
snapshot=35
#-----------
time=6417499
mem_heap_B=1041555
mem_heap_extra_B=7141
mem_stacks_B=0
heap_tree=empty
#-----------
snapshot=36
#-----------
time=6456240
mem_heap_B=1044792
mem_heap_extra_B=7240
mem_stacks_B=0
heap_tree=empty
#-----------
snapshot=37
#-----------
time=6503374
mem_heap_B=1049325
mem_heap_extra_B=7331
mem_stacks_B=0
heap_tree=empty
#-----------
snapshot=38
#-----------
time=6533441
mem_heap_B=1050819
mem_heap_extra_B=7325
mem_stacks_B=0
heap_tree=detailed
n4: 1050819 (heap allocation functions) malloc/new/new[], --alloc-fns, etc.
 n5: 881597 0x4E65BA4: ???
  n7: 636680 0x4E65E12: ???
   n1: 240088 0x4E5933D: ???
    n1: 240088 0x4E5FD6B: ???
     n1: 240088 0x4E55DAA: ???
      n1: 240088 0x4E575FA: ???
       n0: 240088 0x1091F8: main (in /home/jenkins/workspace/build/linux/bin/benchmark_plugingetset)
   n1: 160088 0x4E592B9: ???
    n1: 160088 0x4E5FD6B: ???
     n1: 160088 0x4E55DAA: ???
      n1: 160088 0x4E575FA: ???
       n0: 160088 0x1091F8: main (in /home/jenkins/workspace/build/linux/bin/benchmark_plugingetset)
   n1: 160088 0x4E592F4: ???
    n1: 160088 0x4E5FD6B: ???
     n1: 160088 0x4E55DAA: ???
      n1: 160088 0x4E575FA: ???
       n0: 160088 0x1091F8: main (in /home/jenkins/workspace/build/linux/bin/benchmark_plugingetset)
   n1: 24088 0x4E595A0: ???
    n1: 24088 0x4E5FD6B: ???
     n1: 24088 0x4E55DAA: ???
      n1: 24088 0x4E575FA: ???
       n0: 24088 0x1091F8: main (in /home/jenkins/workspace/build/linux/bin/benchmark_plugingetset)
   n1: 24088 0x4E595DD: ???
    n1: 24088 0x4E5FD6B: ???
     n1: 24088 0x4E55DAA: ???
      n1: 24088 0x4E575FA: ???
       n0: 24088 0x1091F8: main (in /home/jenkins/workspace/build/linux/bin/benchmark_plugingetset)
   n1: 16024 0x4E5926D: ???
    n1: 16024 0x4E5FD6B: ???
     n1: 16024 0x4E55DAA: ???
      n1: 16024 0x4E575FA: ???
       n0: 16024 0x1091F8: main (in /home/jenkins/workspace/build/linux/bin/benchmark_plugingetset)
   n0: 12216 in 3 places, all below massif's threshold (1.00%)
  n1: 160000 0x4E5FB95: ???
   n1: 160000 0x4E55DAA: ???
    n1: 160000 0x4E575FA: ???
     n0: 160000 0x1091F8: main (in /home/jenkins/workspace/build/linux/bin/benchmark_plugingetset)
  n0: 44184 in 22 places, all below massif's threshold (1.00%)
  n1: 22109 0x4E662C2: ???
   n0: 22109 in 14 places, all below massif's threshold (1.00%)
  n1: 18624 0x4E6616F: ???
   n0: 18624 in 16 places, all below massif's threshold (1.00%)
 n1: 72704 0x4F0F454: ??? (in /usr/lib/x86_64-linux-gnu/libstdc++.so.6.0.25)
  n1: 72704 0x400F378: call_init.part.0 (dl-init.c:72)
   n1: 72704 0x400F474: _dl_init (dl-init.c:118)
    n1: 72704 0x40132D1: dl_open_worker (dl-open.c:517)
     n1: 72704 0x49B5B2D: _dl_catch_exception (dl-error-skeleton.c:196)
      n1: 72704 0x4012BB8: _dl_open (dl-open.c:599)
       n1: 72704 0x487D254: dlopen_doit (dlopen.c:66)
        n1: 72704 0x49B5B2D: _dl_catch_exception (dl-error-skeleton.c:196)
         n1: 72704 0x49B5BBD: _dl_catch_error (dl-error-skeleton.c:215)
          n1: 72704 0x487D973: _dlerror_run (dlerror.c:163)
           n1: 72704 0x487D2E4: dlopen@@GLIBC_2.2.5 (dlopen.c:87)
            n1: 72704 0x48666EB: elektraModulesLoad (in /home/jenkins/workspace/build/linux/lib/libelektra-core.so.0.8.26)
             n1: 72704 0x484FD71: elektraPluginOpen (in /home/jenkins/workspace/build/linux/lib/libelektra-kdb.so.0.8.26)
              n0: 72704 0x1091E1: main (in /home/jenkins/workspace/build/linux/bin/benchmark_plugingetset)
 n0: 54514 in 98 places, all below massif's threshold (1.00%)
 n1: 42004 0x4E4C1D0: ???
  n1: 42004 0x4E4B7A8: ???
   n1: 42004 0x4E4FD58: ???
    n1: 42004 0x4E55D11: ???
     n1: 42004 0x4E575FA: ???
      n0: 42004 0x1091F8: main (in /home/jenkins/workspace/build/linux/bin/benchmark_plugingetset)
#-----------
snapshot=39
#-----------
time=6564844
mem_heap_B=1052973
mem_heap_extra_B=7347
mem_stacks_B=0
heap_tree=empty
#-----------
snapshot=40
#-----------
time=6600522
mem_heap_B=1068522
mem_heap_extra_B=7494
mem_stacks_B=0
heap_tree=detailed
n5: 1068522 (heap allocation functions) malloc/new/new[], --alloc-fns, etc.
 n5: 885885 0x4E65BA4: ???
  n7: 636680 0x4E65E12: ???
   n1: 240088 0x4E5933D: ???
    n1: 240088 0x4E5FD6B: ???
     n1: 240088 0x4E55DAA: ???
      n1: 240088 0x4E575FA: ???
       n0: 240088 0x1091F8: main (in /home/jenkins/workspace/build/linux/bin/benchmark_plugingetset)
   n1: 160088 0x4E592B9: ???
    n1: 160088 0x4E5FD6B: ???
     n1: 160088 0x4E55DAA: ???
      n1: 160088 0x4E575FA: ???
       n0: 160088 0x1091F8: main (in /home/jenkins/workspace/build/linux/bin/benchmark_plugingetset)
   n1: 160088 0x4E592F4: ???
    n1: 160088 0x4E5FD6B: ???
     n1: 160088 0x4E55DAA: ???
      n1: 160088 0x4E575FA: ???
       n0: 160088 0x1091F8: main (in /home/jenkins/workspace/build/linux/bin/benchmark_plugingetset)
   n1: 24088 0x4E595A0: ???
    n1: 24088 0x4E5FD6B: ???
     n1: 24088 0x4E55DAA: ???
      n1: 24088 0x4E575FA: ???
       n0: 24088 0x1091F8: main (in /home/jenkins/workspace/build/linux/bin/benchmark_plugingetset)
   n1: 24088 0x4E595DD: ???
    n1: 24088 0x4E5FD6B: ???
     n1: 24088 0x4E55DAA: ???
      n1: 24088 0x4E575FA: ???
       n0: 24088 0x1091F8: main (in /home/jenkins/workspace/build/linux/bin/benchmark_plugingetset)
   n1: 16024 0x4E5926D: ???
    n1: 16024 0x4E5FD6B: ???
     n1: 16024 0x4E55DAA: ???
      n1: 16024 0x4E575FA: ???
       n0: 16024 0x1091F8: main (in /home/jenkins/workspace/build/linux/bin/benchmark_plugingetset)
   n0: 12216 in 3 places, all below massif's threshold (1.00%)
  n1: 160000 0x4E5FB95: ???
   n1: 160000 0x4E55DAA: ???
    n1: 160000 0x4E575FA: ???
     n0: 160000 0x1091F8: main (in /home/jenkins/workspace/build/linux/bin/benchmark_plugingetset)
  n0: 44248 in 22 places, all below massif's threshold (1.00%)
  n2: 26333 0x4E662C2: ???
   n0: 15245 in 14 places, all below massif's threshold (1.00%)
   n1: 11088 0x4E5B00B: ???
    n0: 11088 in 2 places, all below massif's threshold (1.00%)
  n1: 18624 0x4E6616F: ???
   n0: 18624 in 16 places, all below massif's threshold (1.00%)
 n1: 72704 0x4F0F454: ??? (in /usr/lib/x86_64-linux-gnu/libstdc++.so.6.0.25)
  n1: 72704 0x400F378: call_init.part.0 (dl-init.c:72)
   n1: 72704 0x400F474: _dl_init (dl-init.c:118)
    n1: 72704 0x40132D1: dl_open_worker (dl-open.c:517)
     n1: 72704 0x49B5B2D: _dl_catch_exception (dl-error-skeleton.c:196)
      n1: 72704 0x4012BB8: _dl_open (dl-open.c:599)
       n1: 72704 0x487D254: dlopen_doit (dlopen.c:66)
        n1: 72704 0x49B5B2D: _dl_catch_exception (dl-error-skeleton.c:196)
         n1: 72704 0x49B5BBD: _dl_catch_error (dl-error-skeleton.c:215)
          n1: 72704 0x487D973: _dlerror_run (dlerror.c:163)
           n1: 72704 0x487D2E4: dlopen@@GLIBC_2.2.5 (dlopen.c:87)
            n1: 72704 0x48666EB: elektraModulesLoad (in /home/jenkins/workspace/build/linux/lib/libelektra-core.so.0.8.26)
             n1: 72704 0x484FD71: elektraPluginOpen (in /home/jenkins/workspace/build/linux/lib/libelektra-kdb.so.0.8.26)
              n0: 72704 0x1091E1: main (in /home/jenkins/workspace/build/linux/bin/benchmark_plugingetset)
 n0: 51666 in 97 places, all below massif's threshold (1.00%)
 n1: 42004 0x4E4C1D0: ???
  n1: 42004 0x4E4B7A8: ???
   n1: 42004 0x4E4FD58: ???
    n1: 42004 0x4E55D11: ???
     n1: 42004 0x4E575FA: ???
      n0: 42004 0x1091F8: main (in /home/jenkins/workspace/build/linux/bin/benchmark_plugingetset)
 n1: 16263 0x4E65CB8: ???
  n2: 16263 0x4E6645E: ???
   n2: 16263 0x4E59CA9: ???
    n1: 12822 0x4E5D8E5: ???
     n1: 12822 0x4E608C3: ???
      n1: 12822 0x4E55DAA: ???
       n1: 12822 0x4E575FA: ???
        n0: 12822 0x1091F8: main (in /home/jenkins/workspace/build/linux/bin/benchmark_plugingetset)
    n0: 3441 in 1 place, below massif's threshold (1.00%)
   n0: 0 in 1 place, below massif's threshold (1.00%)
#-----------
snapshot=41
#-----------
time=6630207
mem_heap_B=1075073
mem_heap_extra_B=7991
mem_stacks_B=0
heap_tree=empty
#-----------
snapshot=42
#-----------
time=6665076
mem_heap_B=1077335
mem_heap_extra_B=8537
mem_stacks_B=0
heap_tree=empty
#-----------
snapshot=43
#-----------
time=6714187
mem_heap_B=1080399
mem_heap_extra_B=9241
mem_stacks_B=0
heap_tree=peak
n5: 1080399 (heap allocation functions) malloc/new/new[], --alloc-fns, etc.
 n5: 890861 0x4E65BA4: ???
  n7: 636680 0x4E65E12: ???
   n1: 240088 0x4E5933D: ???
    n1: 240088 0x4E5FD6B: ???
     n1: 240088 0x4E55DAA: ???
      n1: 240088 0x4E575FA: ???
       n0: 240088 0x1091F8: main (in /home/jenkins/workspace/build/linux/bin/benchmark_plugingetset)
   n1: 160088 0x4E592B9: ???
    n1: 160088 0x4E5FD6B: ???
     n1: 160088 0x4E55DAA: ???
      n1: 160088 0x4E575FA: ???
       n0: 160088 0x1091F8: main (in /home/jenkins/workspace/build/linux/bin/benchmark_plugingetset)
   n1: 160088 0x4E592F4: ???
    n1: 160088 0x4E5FD6B: ???
     n1: 160088 0x4E55DAA: ???
      n1: 160088 0x4E575FA: ???
       n0: 160088 0x1091F8: main (in /home/jenkins/workspace/build/linux/bin/benchmark_plugingetset)
   n1: 24088 0x4E595A0: ???
    n1: 24088 0x4E5FD6B: ???
     n1: 24088 0x4E55DAA: ???
      n1: 24088 0x4E575FA: ???
       n0: 24088 0x1091F8: main (in /home/jenkins/workspace/build/linux/bin/benchmark_plugingetset)
   n1: 24088 0x4E595DD: ???
    n1: 24088 0x4E5FD6B: ???
     n1: 24088 0x4E55DAA: ???
      n1: 24088 0x4E575FA: ???
       n0: 24088 0x1091F8: main (in /home/jenkins/workspace/build/linux/bin/benchmark_plugingetset)
   n1: 16024 0x4E5926D: ???
    n1: 16024 0x4E5FD6B: ???
     n1: 16024 0x4E55DAA: ???
      n1: 16024 0x4E575FA: ???
       n0: 16024 0x1091F8: main (in /home/jenkins/workspace/build/linux/bin/benchmark_plugingetset)
   n0: 12216 in 3 places, all below massif's threshold (1.00%)
  n1: 160000 0x4E5FB95: ???
   n1: 160000 0x4E55DAA: ???
    n1: 160000 0x4E575FA: ???
     n0: 160000 0x1091F8: main (in /home/jenkins/workspace/build/linux/bin/benchmark_plugingetset)
  n0: 46056 in 23 places, all below massif's threshold (1.00%)
  n2: 28973 0x4E662C2: ???
   n0: 17885 in 15 places, all below massif's threshold (1.00%)
   n1: 11088 0x4E5B00B: ???
    n0: 11088 in 2 places, all below massif's threshold (1.00%)
  n1: 19152 0x4E6616F: ???
   n0: 19152 in 17 places, all below massif's threshold (1.00%)
 n1: 72704 0x4F0F454: ??? (in /usr/lib/x86_64-linux-gnu/libstdc++.so.6.0.25)
  n1: 72704 0x400F378: call_init.part.0 (dl-init.c:72)
   n1: 72704 0x400F474: _dl_init (dl-init.c:118)
    n1: 72704 0x40132D1: dl_open_worker (dl-open.c:517)
     n1: 72704 0x49B5B2D: _dl_catch_exception (dl-error-skeleton.c:196)
      n1: 72704 0x4012BB8: _dl_open (dl-open.c:599)
       n1: 72704 0x487D254: dlopen_doit (dlopen.c:66)
        n1: 72704 0x49B5B2D: _dl_catch_exception (dl-error-skeleton.c:196)
         n1: 72704 0x49B5BBD: _dl_catch_error (dl-error-skeleton.c:215)
          n1: 72704 0x487D973: _dlerror_run (dlerror.c:163)
           n1: 72704 0x487D2E4: dlopen@@GLIBC_2.2.5 (dlopen.c:87)
            n1: 72704 0x48666EB: elektraModulesLoad (in /home/jenkins/workspace/build/linux/lib/libelektra-core.so.0.8.26)
             n1: 72704 0x484FD71: elektraPluginOpen (in /home/jenkins/workspace/build/linux/lib/libelektra-kdb.so.0.8.26)
              n0: 72704 0x1091E1: main (in /home/jenkins/workspace/build/linux/bin/benchmark_plugingetset)
 n0: 58567 in 100 places, all below massif's threshold (1.00%)
 n1: 42004 0x4E4C1D0: ???
  n1: 42004 0x4E4B7A8: ???
   n1: 42004 0x4E4FD58: ???
    n1: 42004 0x4E55D11: ???
     n1: 42004 0x4E575FA: ???
      n0: 42004 0x1091F8: main (in /home/jenkins/workspace/build/linux/bin/benchmark_plugingetset)
 n1: 16263 0x4E65CB8: ???
  n2: 16263 0x4E6645E: ???
   n2: 16263 0x4E59CA9: ???
    n1: 12822 0x4E5D8E5: ???
     n1: 12822 0x4E608C3: ???
      n1: 12822 0x4E55DAA: ???
       n1: 12822 0x4E575FA: ???
        n0: 12822 0x1091F8: main (in /home/jenkins/workspace/build/linux/bin/benchmark_plugingetset)
    n0: 3441 in 1 place, below massif's threshold (1.00%)
   n0: 0 in 1 place, below massif's threshold (1.00%)
#-----------
snapshot=44
#-----------
time=6761408
mem_heap_B=201060
mem_heap_extra_B=7068
mem_stacks_B=0
heap_tree=empty
#-----------
snapshot=45
#-----------
time=6817106
mem_heap_B=202341
mem_heap_extra_B=7203
mem_stacks_B=0
heap_tree=empty
#-----------
snapshot=46
#-----------
time=6861762
mem_heap_B=203308
mem_heap_extra_B=7268
mem_stacks_B=0
heap_tree=empty
#-----------
snapshot=47
#-----------
time=6920246
mem_heap_B=205219
mem_heap_extra_B=7461
mem_stacks_B=0
heap_tree=empty
#-----------
snapshot=48
#-----------
time=6967637
mem_heap_B=207830
mem_heap_extra_B=7602
mem_stacks_B=0
heap_tree=empty
#-----------
snapshot=49
#-----------
time=7004086
mem_heap_B=200347
mem_heap_extra_B=6245
mem_stacks_B=0
heap_tree=empty
#-----------
snapshot=50
#-----------
time=7005020
mem_heap_B=199883
mem_heap_extra_B=6141
mem_stacks_B=0
heap_tree=empty
#-----------
snapshot=51
#-----------
time=7005931
mem_heap_B=199227
mem_heap_extra_B=5981
mem_stacks_B=0
heap_tree=empty
#-----------
snapshot=52
#-----------
time=7006826
mem_heap_B=198827
mem_heap_extra_B=5901
mem_stacks_B=0
heap_tree=empty
#-----------
snapshot=53
#-----------
time=7009912
mem_heap_B=198251
mem_heap_extra_B=5733
mem_stacks_B=0
heap_tree=empty
#-----------
snapshot=54
#-----------
time=7010854
mem_heap_B=196791
mem_heap_extra_B=5633
mem_stacks_B=0
heap_tree=empty
#-----------
snapshot=55
#-----------
time=7011752
mem_heap_B=192776
mem_heap_extra_B=5264
mem_stacks_B=0
heap_tree=detailed
n12: 192776 (heap allocation functions) malloc/new/new[], --alloc-fns, etc.
 n1: 72704 0x4F0F454: ??? (in /usr/lib/x86_64-linux-gnu/libstdc++.so.6.0.25)
  n1: 72704 0x400F378: call_init.part.0 (dl-init.c:72)
   n1: 72704 0x400F474: _dl_init (dl-init.c:118)
    n1: 72704 0x40132D1: dl_open_worker (dl-open.c:517)
     n1: 72704 0x49B5B2D: _dl_catch_exception (dl-error-skeleton.c:196)
      n1: 72704 0x4012BB8: _dl_open (dl-open.c:599)
       n1: 72704 0x487D254: dlopen_doit (dlopen.c:66)
        n1: 72704 0x49B5B2D: _dl_catch_exception (dl-error-skeleton.c:196)
         n1: 72704 0x49B5BBD: _dl_catch_error (dl-error-skeleton.c:215)
          n1: 72704 0x487D973: _dlerror_run (dlerror.c:163)
           n1: 72704 0x487D2E4: dlopen@@GLIBC_2.2.5 (dlopen.c:87)
            n1: 72704 0x48666EB: elektraModulesLoad (in /home/jenkins/workspace/build/linux/lib/libelektra-core.so.0.8.26)
             n1: 72704 0x484FD71: elektraPluginOpen (in /home/jenkins/workspace/build/linux/lib/libelektra-kdb.so.0.8.26)
              n0: 72704 0x1091E1: main (in /home/jenkins/workspace/build/linux/bin/benchmark_plugingetset)
 n1: 42004 0x4E4C1D0: ???
  n1: 42004 0x4E4B7A8: ???
   n1: 42004 0x4E4FD58: ???
    n1: 42004 0x4E55D11: ???
     n1: 42004 0x4E575FA: ???
      n0: 42004 0x1091F8: main (in /home/jenkins/workspace/build/linux/bin/benchmark_plugingetset)
 n5: 29424 0x4E65BA4: ???
  n3: 12216 0x4E65E12: ???
   n1: 8072 0x4E58F48: ???
    n1: 8072 0x4E65787: ???
     n1: 8072 0x4E55ADC: ???
      n1: 8072 0x4E575FA: ???
       n0: 8072 0x1091F8: main (in /home/jenkins/workspace/build/linux/bin/benchmark_plugingetset)
   n1: 2456 0x4E58E74: ???
    n1: 2456 0x4E65787: ???
     n1: 2456 0x4E55ADC: ???
      n1: 2456 0x4E575FA: ???
       n0: 2456 0x1091F8: main (in /home/jenkins/workspace/build/linux/bin/benchmark_plugingetset)
   n0: 1688 in 7 places, all below massif's threshold (1.00%)
  n2: 5808 0x4E662C2: ???
   n1: 3168 0x4E59F53: ???
    n1: 3168 0x4E62EFE: ???
     n1: 3168 0x4E65804: ???
      n1: 3168 0x4E55B7F: ???
       n1: 3168 0x4E575FA: ???
        n0: 3168 0x1091F8: main (in /home/jenkins/workspace/build/linux/bin/benchmark_plugingetset)
   n0: 2640 in 15 places, all below massif's threshold (1.00%)
  n0: 4200 in 23 places, all below massif's threshold (1.00%)
  n1: 4096 0x4E58F75: ???
   n1: 4096 0x4E65787: ???
    n1: 4096 0x4E55ADC: ???
     n1: 4096 0x4E575FA: ???
      n0: 4096 0x1091F8: main (in /home/jenkins/workspace/build/linux/bin/benchmark_plugingetset)
  n1: 3104 0x4E5FD8E: ???
   n1: 3104 0x4E55DAA: ???
    n1: 3104 0x4E575FA: ???
     n0: 3104 0x1091F8: main (in /home/jenkins/workspace/build/linux/bin/benchmark_plugingetset)
 n0: 16725 in 101 places, all below massif's threshold (1.00%)
 n1: 8192 0x4F6B8F6: std::basic_filebuf<char, std::char_traits<char> >::_M_allocate_internal_buffer() (in /usr/lib/x86_64-linux-gnu/libstdc++.so.6.0.25)
  n1: 8192 0x4F6F790: std::basic_filebuf<char, std::char_traits<char> >::open(char const*, std::_Ios_Openmode) (in /usr/lib/x86_64-linux-gnu/libstdc++.so.6.0.25)
   n1: 8192 0x4E55CC9: ???
    n1: 8192 0x4E575FA: ???
     n0: 8192 0x1091F8: main (in /home/jenkins/workspace/build/linux/bin/benchmark_plugingetset)
 n1: 5961 0x400B2AC: _dl_new_object (dl-object.c:73)
  n1: 5961 0x4005E46: _dl_map_object_from_fd (dl-load.c:1001)
   n2: 5961 0x4008A8B: _dl_map_object (dl-load.c:2466)
    n1: 4766 0x400D290: openaux (dl-deps.c:64)
     n1: 4766 0x49B5B2D: _dl_catch_exception (dl-error-skeleton.c:196)
      n1: 4766 0x400D604: _dl_map_object_deps (dl-deps.c:248)
       n1: 4766 0x401304E: dl_open_worker (dl-open.c:271)
        n1: 4766 0x49B5B2D: _dl_catch_exception (dl-error-skeleton.c:196)
         n1: 4766 0x4012BB8: _dl_open (dl-open.c:599)
          n1: 4766 0x487D254: dlopen_doit (dlopen.c:66)
           n1: 4766 0x49B5B2D: _dl_catch_exception (dl-error-skeleton.c:196)
            n1: 4766 0x49B5BBD: _dl_catch_error (dl-error-skeleton.c:215)
             n1: 4766 0x487D973: _dlerror_run (dlerror.c:163)
              n1: 4766 0x487D2E4: dlopen@@GLIBC_2.2.5 (dlopen.c:87)
               n1: 4766 0x48666EB: elektraModulesLoad (in /home/jenkins/workspace/build/linux/lib/libelektra-core.so.0.8.26)
                n1: 4766 0x484FD71: elektraPluginOpen (in /home/jenkins/workspace/build/linux/lib/libelektra-kdb.so.0.8.26)
                 n0: 4766 0x1091E1: main (in /home/jenkins/workspace/build/linux/bin/benchmark_plugingetset)
    n0: 1195 in 1 place, below massif's threshold (1.00%)
 n1: 4064 0x400A095: do_lookup_x (dl-lookup.c:253)
  n1: 4064 0x400A38D: _dl_lookup_symbol_x (dl-lookup.c:814)
   n1: 4064 0x400BD5C: _dl_relocate_object (dl-machine.h:308)
    n1: 4064 0x401319C: dl_open_worker (dl-open.c:377)
     n1: 4064 0x49B5B2D: _dl_catch_exception (dl-error-skeleton.c:196)
      n1: 4064 0x4012BB8: _dl_open (dl-open.c:599)
       n1: 4064 0x487D254: dlopen_doit (dlopen.c:66)
        n1: 4064 0x49B5B2D: _dl_catch_exception (dl-error-skeleton.c:196)
         n1: 4064 0x49B5BBD: _dl_catch_error (dl-error-skeleton.c:215)
          n1: 4064 0x487D973: _dlerror_run (dlerror.c:163)
           n1: 4064 0x487D2E4: dlopen@@GLIBC_2.2.5 (dlopen.c:87)
            n1: 4064 0x48666EB: elektraModulesLoad (in /home/jenkins/workspace/build/linux/lib/libelektra-core.so.0.8.26)
             n1: 4064 0x484FD71: elektraPluginOpen (in /home/jenkins/workspace/build/linux/lib/libelektra-kdb.so.0.8.26)
              n0: 4064 0x1091E1: main (in /home/jenkins/workspace/build/linux/bin/benchmark_plugingetset)
 n2: 3910 0x485EAE2: elektraRealloc (in /home/jenkins/workspace/build/linux/lib/libelektra-core.so.0.8.26)
  n2: 3864 0x4860B6F: keyAddBaseName (in /home/jenkins/workspace/build/linux/lib/libelektra-core.so.0.8.26)
   n1: 3808 0x4E52883: ???
    n1: 3808 0x4E51BA7: ???
     n2: 3808 0x4E51A51: ???
      n1: 3808 0x4E51A51: ???
       n2: 3808 0x4E51A51: ???
        n2: 3808 0x4E51A51: ???
         n2: 3808 0x4E51A51: ???
          n2: 3704 0x4E51A51: ???
           n2: 3704 0x4E51A51: ???
            n2: 3704 0x4E51A51: ???
             n2: 3304 0x4E51A51: ???
              n2: 3022 0x4E51A51: ???
               n1: 2074 0x4E51A51: ???
                n0: 2074 in 2 places, all below massif's threshold (1.00%)
               n0: 948 in 1 place, below massif's threshold (1.00%)
              n0: 282 in 1 place, below massif's threshold (1.00%)
             n0: 400 in 1 place, below massif's threshold (1.00%)
            n0: 0 in 1 place, below massif's threshold (1.00%)
           n0: 0 in 1 place, below massif's threshold (1.00%)
          n0: 104 in 1 place, below massif's threshold (1.00%)
         n0: 0 in 1 place, below massif's threshold (1.00%)
        n0: 0 in 1 place, below massif's threshold (1.00%)
      n0: 0 in 1 place, below massif's threshold (1.00%)
   n0: 56 in 1 place, below massif's threshold (1.00%)
  n0: 46 in 1 place, below massif's threshold (1.00%)
 n1: 2664 0x4E4F6F7: ???
  n1: 2664 0x4E5017E: ???
   n1: 2664 0x4E5FC04: ???
    n1: 2664 0x4E55DAA: ???
     n1: 2664 0x4E575FA: ???
      n0: 2664 0x1091F8: main (in /home/jenkins/workspace/build/linux/bin/benchmark_plugingetset)
 n1: 2592 0x4E4E502: ???
  n0: 2592 in 3 places, all below massif's threshold (1.00%)
 n1: 2376 0x4010A1E: _dl_check_map_versions (dl-version.c:274)
  n1: 2376 0x4013094: dl_open_worker (dl-open.c:277)
   n1: 2376 0x49B5B2D: _dl_catch_exception (dl-error-skeleton.c:196)
    n1: 2376 0x4012BB8: _dl_open (dl-open.c:599)
     n1: 2376 0x487D254: dlopen_doit (dlopen.c:66)
      n1: 2376 0x49B5B2D: _dl_catch_exception (dl-error-skeleton.c:196)
       n1: 2376 0x49B5BBD: _dl_catch_error (dl-error-skeleton.c:215)
        n1: 2376 0x487D973: _dlerror_run (dlerror.c:163)
         n1: 2376 0x487D2E4: dlopen@@GLIBC_2.2.5 (dlopen.c:87)
          n1: 2376 0x48666EB: elektraModulesLoad (in /home/jenkins/workspace/build/linux/lib/libelektra-core.so.0.8.26)
           n1: 2376 0x484FD71: elektraPluginOpen (in /home/jenkins/workspace/build/linux/lib/libelektra-kdb.so.0.8.26)
            n0: 2376 0x1091E1: main (in /home/jenkins/workspace/build/linux/bin/benchmark_plugingetset)
 n2: 2160 0x4E4E82B: ???
  n1: 2088 0x4E4FC65: ???
   n1: 2088 0x4E5017E: ???
    n1: 2088 0x4E5FC04: ???
     n1: 2088 0x4E55DAA: ???
      n1: 2088 0x4E575FA: ???
       n0: 2088 0x1091F8: main (in /home/jenkins/workspace/build/linux/bin/benchmark_plugingetset)
  n0: 72 in 1 place, below massif's threshold (1.00%)
#-----------
snapshot=56
#-----------
time=7012657
mem_heap_B=191147
mem_heap_extra_B=4853
mem_stacks_B=0
heap_tree=empty
#-----------
snapshot=57
#-----------
time=7013542
mem_heap_B=189518
mem_heap_extra_B=4442
mem_stacks_B=0
heap_tree=empty
#-----------
snapshot=58
#-----------
time=7014435
mem_heap_B=187922
mem_heap_extra_B=4030
mem_stacks_B=0
heap_tree=empty
#-----------
snapshot=59
#-----------
time=7015330
mem_heap_B=186291
mem_heap_extra_B=3621
mem_stacks_B=0
heap_tree=empty
#-----------
snapshot=60
#-----------
time=7016225
mem_heap_B=184658
mem_heap_extra_B=3214
mem_stacks_B=0
heap_tree=empty
#-----------
snapshot=61
#-----------
time=7017117
mem_heap_B=183070
mem_heap_extra_B=2842
mem_stacks_B=0
heap_tree=empty
#-----------
snapshot=62
#-----------
time=7018027
mem_heap_B=181472
mem_heap_extra_B=2416
mem_stacks_B=0
heap_tree=empty
#-----------
snapshot=63
#-----------
time=7018922
mem_heap_B=179913
mem_heap_extra_B=2023
mem_stacks_B=0
heap_tree=empty
#-----------
snapshot=64
#-----------
time=7019844
mem_heap_B=178315
mem_heap_extra_B=1613
mem_stacks_B=0
heap_tree=empty
#-----------
snapshot=65
#-----------
time=7020761
mem_heap_B=123583
mem_heap_extra_B=1481
mem_stacks_B=0
heap_tree=detailed
n7: 123583 (heap allocation functions) malloc/new/new[], --alloc-fns, etc.
 n1: 72704 0x4F0F454: ??? (in /usr/lib/x86_64-linux-gnu/libstdc++.so.6.0.25)
  n1: 72704 0x400F378: call_init.part.0 (dl-init.c:72)
   n1: 72704 0x400F474: _dl_init (dl-init.c:118)
    n1: 72704 0x40132D1: dl_open_worker (dl-open.c:517)
     n1: 72704 0x49B5B2D: _dl_catch_exception (dl-error-skeleton.c:196)
      n1: 72704 0x4012BB8: _dl_open (dl-open.c:599)
       n1: 72704 0x487D254: dlopen_doit (dlopen.c:66)
        n1: 72704 0x49B5B2D: _dl_catch_exception (dl-error-skeleton.c:196)
         n1: 72704 0x49B5BBD: _dl_catch_error (dl-error-skeleton.c:215)
          n1: 72704 0x487D973: _dlerror_run (dlerror.c:163)
           n1: 72704 0x487D2E4: dlopen@@GLIBC_2.2.5 (dlopen.c:87)
            n1: 72704 0x48666EB: elektraModulesLoad (in /home/jenkins/workspace/build/linux/lib/libelektra-core.so.0.8.26)
             n1: 72704 0x484FD71: elektraPluginOpen (in /home/jenkins/workspace/build/linux/lib/libelektra-kdb.so.0.8.26)
              n0: 72704 0x1091E1: main (in /home/jenkins/workspace/build/linux/bin/benchmark_plugingetset)
 n6: 29424 0x4E65BA4: ???
  n4: 12216 0x4E65E12: ???
   n1: 8072 0x4E58F48: ???
    n1: 8072 0x4E65787: ???
     n1: 8072 0x4E55ADC: ???
      n1: 8072 0x4E575FA: ???
       n0: 8072 0x1091F8: main (in /home/jenkins/workspace/build/linux/bin/benchmark_plugingetset)
   n1: 2456 0x4E58E74: ???
    n1: 2456 0x4E65787: ???
     n1: 2456 0x4E55ADC: ???
      n1: 2456 0x4E575FA: ???
       n0: 2456 0x1091F8: main (in /home/jenkins/workspace/build/linux/bin/benchmark_plugingetset)
   n1: 1688 0x4E58EAE: ???
    n1: 1688 0x4E65787: ???
     n1: 1688 0x4E55ADC: ???
      n1: 1688 0x4E575FA: ???
       n0: 1688 0x1091F8: main (in /home/jenkins/workspace/build/linux/bin/benchmark_plugingetset)
   n0: 0 in 6 places, all below massif's threshold (1.00%)
  n2: 5808 0x4E662C2: ???
   n1: 3168 0x4E59F53: ???
    n1: 3168 0x4E62EFE: ???
     n1: 3168 0x4E65804: ???
      n1: 3168 0x4E55B7F: ???
       n1: 3168 0x4E575FA: ???
        n0: 3168 0x1091F8: main (in /home/jenkins/workspace/build/linux/bin/benchmark_plugingetset)
   n0: 2640 in 15 places, all below massif's threshold (1.00%)
  n1: 4096 0x4E58F75: ???
   n1: 4096 0x4E65787: ???
    n1: 4096 0x4E55ADC: ???
     n1: 4096 0x4E575FA: ???
      n0: 4096 0x1091F8: main (in /home/jenkins/workspace/build/linux/bin/benchmark_plugingetset)
  n1: 3104 0x4E5FD8E: ???
   n1: 3104 0x4E55DAA: ???
    n1: 3104 0x4E575FA: ???
     n0: 3104 0x1091F8: main (in /home/jenkins/workspace/build/linux/bin/benchmark_plugingetset)
  n0: 2616 in 22 places, all below massif's threshold (1.00%)
  n1: 1584 0x4E6616F: ???
   n0: 1584 in 17 places, all below massif's threshold (1.00%)
 n1: 5961 0x400B2AC: _dl_new_object (dl-object.c:73)
  n1: 5961 0x4005E46: _dl_map_object_from_fd (dl-load.c:1001)
   n2: 5961 0x4008A8B: _dl_map_object (dl-load.c:2466)
    n1: 4766 0x400D290: openaux (dl-deps.c:64)
     n1: 4766 0x49B5B2D: _dl_catch_exception (dl-error-skeleton.c:196)
      n1: 4766 0x400D604: _dl_map_object_deps (dl-deps.c:248)
       n1: 4766 0x401304E: dl_open_worker (dl-open.c:271)
        n1: 4766 0x49B5B2D: _dl_catch_exception (dl-error-skeleton.c:196)
         n1: 4766 0x4012BB8: _dl_open (dl-open.c:599)
          n1: 4766 0x487D254: dlopen_doit (dlopen.c:66)
           n1: 4766 0x49B5B2D: _dl_catch_exception (dl-error-skeleton.c:196)
            n1: 4766 0x49B5BBD: _dl_catch_error (dl-error-skeleton.c:215)
             n1: 4766 0x487D973: _dlerror_run (dlerror.c:163)
              n1: 4766 0x487D2E4: dlopen@@GLIBC_2.2.5 (dlopen.c:87)
               n1: 4766 0x48666EB: elektraModulesLoad (in /home/jenkins/workspace/build/linux/lib/libelektra-core.so.0.8.26)
                n1: 4766 0x484FD71: elektraPluginOpen (in /home/jenkins/workspace/build/linux/lib/libelektra-kdb.so.0.8.26)
                 n0: 4766 0x1091E1: main (in /home/jenkins/workspace/build/linux/bin/benchmark_plugingetset)
    n0: 1195 in 1 place, below massif's threshold (1.00%)
 n0: 5144 in 106 places, all below massif's threshold (1.00%)
 n1: 4064 0x400A095: do_lookup_x (dl-lookup.c:253)
  n1: 4064 0x400A38D: _dl_lookup_symbol_x (dl-lookup.c:814)
   n1: 4064 0x400BD5C: _dl_relocate_object (dl-machine.h:308)
    n1: 4064 0x401319C: dl_open_worker (dl-open.c:377)
     n1: 4064 0x49B5B2D: _dl_catch_exception (dl-error-skeleton.c:196)
      n1: 4064 0x4012BB8: _dl_open (dl-open.c:599)
       n1: 4064 0x487D254: dlopen_doit (dlopen.c:66)
        n1: 4064 0x49B5B2D: _dl_catch_exception (dl-error-skeleton.c:196)
         n1: 4064 0x49B5BBD: _dl_catch_error (dl-error-skeleton.c:215)
          n1: 4064 0x487D973: _dlerror_run (dlerror.c:163)
           n1: 4064 0x487D2E4: dlopen@@GLIBC_2.2.5 (dlopen.c:87)
            n1: 4064 0x48666EB: elektraModulesLoad (in /home/jenkins/workspace/build/linux/lib/libelektra-core.so.0.8.26)
             n1: 4064 0x484FD71: elektraPluginOpen (in /home/jenkins/workspace/build/linux/lib/libelektra-kdb.so.0.8.26)
              n0: 4064 0x1091E1: main (in /home/jenkins/workspace/build/linux/bin/benchmark_plugingetset)
 n2: 3910 0x485EAE2: elektraRealloc (in /home/jenkins/workspace/build/linux/lib/libelektra-core.so.0.8.26)
  n2: 3864 0x4860B6F: keyAddBaseName (in /home/jenkins/workspace/build/linux/lib/libelektra-core.so.0.8.26)
   n1: 3808 0x4E52883: ???
    n1: 3808 0x4E51BA7: ???
     n2: 3808 0x4E51A51: ???
      n1: 3808 0x4E51A51: ???
       n2: 3808 0x4E51A51: ???
        n2: 3808 0x4E51A51: ???
         n2: 3808 0x4E51A51: ???
          n2: 3704 0x4E51A51: ???
           n2: 3704 0x4E51A51: ???
            n2: 3704 0x4E51A51: ???
             n2: 3304 0x4E51A51: ???
              n2: 3022 0x4E51A51: ???
               n2: 2074 0x4E51A51: ???
                n1: 1674 0x4E51A51: ???
                 n0: 1674 in 2 places, all below massif's threshold (1.00%)
                n0: 400 in 1 place, below massif's threshold (1.00%)
               n0: 948 in 1 place, below massif's threshold (1.00%)
              n0: 282 in 1 place, below massif's threshold (1.00%)
             n0: 400 in 1 place, below massif's threshold (1.00%)
            n0: 0 in 1 place, below massif's threshold (1.00%)
           n0: 0 in 1 place, below massif's threshold (1.00%)
          n0: 104 in 1 place, below massif's threshold (1.00%)
         n0: 0 in 1 place, below massif's threshold (1.00%)
        n0: 0 in 1 place, below massif's threshold (1.00%)
      n0: 0 in 1 place, below massif's threshold (1.00%)
   n0: 56 in 1 place, below massif's threshold (1.00%)
  n0: 46 in 1 place, below massif's threshold (1.00%)
 n1: 2376 0x4010A1E: _dl_check_map_versions (dl-version.c:274)
  n1: 2376 0x4013094: dl_open_worker (dl-open.c:277)
   n1: 2376 0x49B5B2D: _dl_catch_exception (dl-error-skeleton.c:196)
    n1: 2376 0x4012BB8: _dl_open (dl-open.c:599)
     n1: 2376 0x487D254: dlopen_doit (dlopen.c:66)
      n1: 2376 0x49B5B2D: _dl_catch_exception (dl-error-skeleton.c:196)
       n1: 2376 0x49B5BBD: _dl_catch_error (dl-error-skeleton.c:215)
        n1: 2376 0x487D973: _dlerror_run (dlerror.c:163)
         n1: 2376 0x487D2E4: dlopen@@GLIBC_2.2.5 (dlopen.c:87)
          n1: 2376 0x48666EB: elektraModulesLoad (in /home/jenkins/workspace/build/linux/lib/libelektra-core.so.0.8.26)
           n1: 2376 0x484FD71: elektraPluginOpen (in /home/jenkins/workspace/build/linux/lib/libelektra-kdb.so.0.8.26)
            n0: 2376 0x1091E1: main (in /home/jenkins/workspace/build/linux/bin/benchmark_plugingetset)
#-----------
snapshot=66
#-----------
time=7021677
mem_heap_B=97863
mem_heap_extra_B=1257
mem_stacks_B=0
heap_tree=empty
#-----------
snapshot=67
#-----------
time=7022576
mem_heap_B=93553
mem_heap_extra_B=1087
mem_stacks_B=0
heap_tree=empty
#-----------
snapshot=68
#-----------
time=7024155
mem_heap_B=93361
mem_heap_extra_B=1071
mem_stacks_B=0
heap_tree=empty
#-----------
snapshot=69
#-----------
time=7026864
mem_heap_B=93231
mem_heap_extra_B=1065
mem_stacks_B=0
heap_tree=empty
#-----------
snapshot=70
#-----------
time=7029411
mem_heap_B=93217
mem_heap_extra_B=1055
mem_stacks_B=0
heap_tree=empty
#-----------
snapshot=71
#-----------
time=7034634
mem_heap_B=93249
mem_heap_extra_B=1063
mem_stacks_B=0
heap_tree=empty
#-----------
snapshot=72
#-----------
time=7035552
mem_heap_B=91306
mem_heap_extra_B=990
mem_stacks_B=0
heap_tree=empty
#-----------
snapshot=73
#-----------
time=7037684
mem_heap_B=89654
mem_heap_extra_B=882
mem_stacks_B=0
heap_tree=empty
#-----------
snapshot=74
#-----------
time=7040015
mem_heap_B=88886
mem_heap_extra_B=850
mem_stacks_B=0
heap_tree=empty
#-----------
snapshot=75
#-----------
time=7040924
mem_heap_B=86489
mem_heap_extra_B=671
mem_stacks_B=0
heap_tree=detailed
n6: 86489 (heap allocation functions) malloc/new/new[], --alloc-fns, etc.
 n1: 72704 0x4F0F454: ??? (in /usr/lib/x86_64-linux-gnu/libstdc++.so.6.0.25)
  n1: 72704 0x400F378: call_init.part.0 (dl-init.c:72)
   n1: 72704 0x400F474: _dl_init (dl-init.c:118)
    n1: 72704 0x40132D1: dl_open_worker (dl-open.c:517)
     n1: 72704 0x49B5B2D: _dl_catch_exception (dl-error-skeleton.c:196)
      n1: 72704 0x4012BB8: _dl_open (dl-open.c:599)
       n1: 72704 0x487D254: dlopen_doit (dlopen.c:66)
        n1: 72704 0x49B5B2D: _dl_catch_exception (dl-error-skeleton.c:196)
         n1: 72704 0x49B5BBD: _dl_catch_error (dl-error-skeleton.c:215)
          n1: 72704 0x487D973: _dlerror_run (dlerror.c:163)
           n1: 72704 0x487D2E4: dlopen@@GLIBC_2.2.5 (dlopen.c:87)
            n1: 72704 0x48666EB: elektraModulesLoad (in /home/jenkins/workspace/build/linux/lib/libelektra-core.so.0.8.26)
             n1: 72704 0x484FD71: elektraPluginOpen (in /home/jenkins/workspace/build/linux/lib/libelektra-kdb.so.0.8.26)
              n0: 72704 0x1091E1: main (in /home/jenkins/workspace/build/linux/bin/benchmark_plugingetset)
 n1: 4064 0x400A095: do_lookup_x (dl-lookup.c:253)
  n1: 4064 0x400A38D: _dl_lookup_symbol_x (dl-lookup.c:814)
   n1: 4064 0x400BD5C: _dl_relocate_object (dl-machine.h:308)
    n1: 4064 0x401319C: dl_open_worker (dl-open.c:377)
     n1: 4064 0x49B5B2D: _dl_catch_exception (dl-error-skeleton.c:196)
      n1: 4064 0x4012BB8: _dl_open (dl-open.c:599)
       n1: 4064 0x487D254: dlopen_doit (dlopen.c:66)
        n1: 4064 0x49B5B2D: _dl_catch_exception (dl-error-skeleton.c:196)
         n1: 4064 0x49B5BBD: _dl_catch_error (dl-error-skeleton.c:215)
          n1: 4064 0x487D973: _dlerror_run (dlerror.c:163)
           n1: 4064 0x487D2E4: dlopen@@GLIBC_2.2.5 (dlopen.c:87)
            n1: 4064 0x48666EB: elektraModulesLoad (in /home/jenkins/workspace/build/linux/lib/libelektra-core.so.0.8.26)
             n1: 4064 0x484FD71: elektraPluginOpen (in /home/jenkins/workspace/build/linux/lib/libelektra-kdb.so.0.8.26)
              n0: 4064 0x1091E1: main (in /home/jenkins/workspace/build/linux/bin/benchmark_plugingetset)
 n1: 3567 0x400B2AC: _dl_new_object (dl-object.c:73)
  n1: 3567 0x4005E46: _dl_map_object_from_fd (dl-load.c:1001)
   n2: 3567 0x4008A8B: _dl_map_object (dl-load.c:2466)
    n1: 3567 0x400D290: openaux (dl-deps.c:64)
     n1: 3567 0x49B5B2D: _dl_catch_exception (dl-error-skeleton.c:196)
      n1: 3567 0x400D604: _dl_map_object_deps (dl-deps.c:248)
       n1: 3567 0x401304E: dl_open_worker (dl-open.c:271)
        n1: 3567 0x49B5B2D: _dl_catch_exception (dl-error-skeleton.c:196)
         n1: 3567 0x4012BB8: _dl_open (dl-open.c:599)
          n1: 3567 0x487D254: dlopen_doit (dlopen.c:66)
           n1: 3567 0x49B5B2D: _dl_catch_exception (dl-error-skeleton.c:196)
            n1: 3567 0x49B5BBD: _dl_catch_error (dl-error-skeleton.c:215)
             n1: 3567 0x487D973: _dlerror_run (dlerror.c:163)
              n1: 3567 0x487D2E4: dlopen@@GLIBC_2.2.5 (dlopen.c:87)
               n1: 3567 0x48666EB: elektraModulesLoad (in /home/jenkins/workspace/build/linux/lib/libelektra-core.so.0.8.26)
                n1: 3567 0x484FD71: elektraPluginOpen (in /home/jenkins/workspace/build/linux/lib/libelektra-kdb.so.0.8.26)
                 n0: 3567 0x1091E1: main (in /home/jenkins/workspace/build/linux/bin/benchmark_plugingetset)
    n0: 0 in 1 place, below massif's threshold (1.00%)
 n2: 2460 0x485EAE2: elektraRealloc (in /home/jenkins/workspace/build/linux/lib/libelektra-core.so.0.8.26)
  n2: 2460 0x4860B6F: keyAddBaseName (in /home/jenkins/workspace/build/linux/lib/libelektra-core.so.0.8.26)
   n1: 2460 0x4E52883: ???
    n1: 2460 0x4E51BA7: ???
     n2: 2460 0x4E51A51: ???
      n1: 2460 0x4E51A51: ???
       n2: 2460 0x4E51A51: ???
        n2: 2460 0x4E51A51: ???
         n2: 2460 0x4E51A51: ???
          n2: 2356 0x4E51A51: ???
           n2: 2356 0x4E51A51: ???
            n2: 2356 0x4E51A51: ???
             n2: 1956 0x4E51A51: ???
              n2: 1674 0x4E51A51: ???
               n2: 1348 0x4E51A51: ???
                n1: 948 0x4E51A51: ???
                 n0: 948 in 2 places, all below massif's threshold (1.00%)
                n0: 400 in 1 place, below massif's threshold (1.00%)
               n0: 326 in 1 place, below massif's threshold (1.00%)
              n0: 282 in 1 place, below massif's threshold (1.00%)
             n0: 400 in 1 place, below massif's threshold (1.00%)
            n0: 0 in 1 place, below massif's threshold (1.00%)
           n0: 0 in 1 place, below massif's threshold (1.00%)
          n0: 104 in 1 place, below massif's threshold (1.00%)
         n0: 0 in 1 place, below massif's threshold (1.00%)
        n0: 0 in 1 place, below massif's threshold (1.00%)
      n0: 0 in 1 place, below massif's threshold (1.00%)
   n0: 0 in 1 place, below massif's threshold (1.00%)
  n0: 0 in 1 place, below massif's threshold (1.00%)
 n1: 2064 0x4010A1E: _dl_check_map_versions (dl-version.c:274)
  n1: 2064 0x4013094: dl_open_worker (dl-open.c:277)
   n1: 2064 0x49B5B2D: _dl_catch_exception (dl-error-skeleton.c:196)
    n1: 2064 0x4012BB8: _dl_open (dl-open.c:599)
     n1: 2064 0x487D254: dlopen_doit (dlopen.c:66)
      n1: 2064 0x49B5B2D: _dl_catch_exception (dl-error-skeleton.c:196)
       n1: 2064 0x49B5BBD: _dl_catch_error (dl-error-skeleton.c:215)
        n1: 2064 0x487D973: _dlerror_run (dlerror.c:163)
         n1: 2064 0x487D2E4: dlopen@@GLIBC_2.2.5 (dlopen.c:87)
          n1: 2064 0x48666EB: elektraModulesLoad (in /home/jenkins/workspace/build/linux/lib/libelektra-core.so.0.8.26)
           n1: 2064 0x484FD71: elektraPluginOpen (in /home/jenkins/workspace/build/linux/lib/libelektra-kdb.so.0.8.26)
            n0: 2064 0x1091E1: main (in /home/jenkins/workspace/build/linux/bin/benchmark_plugingetset)
 n0: 1630 in 108 places, all below massif's threshold (1.00%)
#-----------
snapshot=76
#-----------
time=7041814
mem_heap_B=84418
mem_heap_extra_B=470
mem_stacks_B=0
heap_tree=empty
#-----------
snapshot=77
#-----------
time=7049295
mem_heap_B=82897
mem_heap_extra_B=287
mem_stacks_B=0
heap_tree=empty
