desc: --massif-out-file=results/generated_50_yambi_linux_clang6.0.1.out
cmd: build/linux/bin/benchmark_plugingetset benchmarks/data/generated_50 user yambi get
time_unit: i
#-----------
snapshot=0
#-----------
time=0
mem_heap_B=0
mem_heap_extra_B=0
mem_stacks_B=0
heap_tree=empty
#-----------
snapshot=1
#-----------
time=204426
mem_heap_B=64
mem_heap_extra_B=8
mem_stacks_B=0
heap_tree=empty
#-----------
snapshot=2
#-----------
time=232316
mem_heap_B=1397
mem_heap_extra_B=75
mem_stacks_B=0
heap_tree=empty
#-----------
snapshot=3
#-----------
time=263098
mem_heap_B=2097
mem_heap_extra_B=199
mem_stacks_B=0
heap_tree=empty
#-----------
snapshot=4
#-----------
time=285161
mem_heap_B=7366
mem_heap_extra_B=362
mem_stacks_B=0
heap_tree=empty
#-----------
snapshot=5
#-----------
time=309426
mem_heap_B=8788
mem_heap_extra_B=452
mem_stacks_B=0
heap_tree=empty
#-----------
snapshot=6
#-----------
time=335733
mem_heap_B=11412
mem_heap_extra_B=548
mem_stacks_B=0
heap_tree=detailed
n12: 11412 (heap allocation functions) malloc/new/new[], --alloc-fns, etc.
 n1: 5962 0x400B2AC: _dl_new_object (dl-object.c:73)
  n1: 5962 0x4005E46: _dl_map_object_from_fd (dl-load.c:1001)
   n2: 5962 0x4008A8B: _dl_map_object (dl-load.c:2466)
    n1: 4766 0x400D290: openaux (dl-deps.c:64)
     n1: 4766 0x49AEB2D: _dl_catch_exception (dl-error-skeleton.c:196)
      n1: 4766 0x400D604: _dl_map_object_deps (dl-deps.c:248)
       n1: 4766 0x401304E: dl_open_worker (dl-open.c:271)
        n1: 4766 0x49AEB2D: _dl_catch_exception (dl-error-skeleton.c:196)
         n1: 4766 0x4012BB8: _dl_open (dl-open.c:599)
          n1: 4766 0x4876254: dlopen_doit (dlopen.c:66)
           n1: 4766 0x49AEB2D: _dl_catch_exception (dl-error-skeleton.c:196)
            n1: 4766 0x49AEBBD: _dl_catch_error (dl-error-skeleton.c:215)
             n1: 4766 0x4876973: _dlerror_run (dlerror.c:163)
              n1: 4766 0x48762E4: dlopen@@GLIBC_2.2.5 (dlopen.c:87)
               n1: 4766 0x4860341: elektraModulesLoad (in /home/jenkins/workspace/build/linux/lib/libelektra-core.so.0.8.26)
                n1: 4766 0x4849B7D: elektraPluginOpen (in /home/jenkins/workspace/build/linux/lib/libelektra-kdb.so.0.8.26)
                 n0: 4766 0x4012D3: main (in /home/jenkins/workspace/build/linux/bin/benchmark_plugingetset)
    n1: 1196 0x4012FE9: dl_open_worker (dl-open.c:228)
     n1: 1196 0x49AEB2D: _dl_catch_exception (dl-error-skeleton.c:196)
      n1: 1196 0x4012BB8: _dl_open (dl-open.c:599)
       n1: 1196 0x4876254: dlopen_doit (dlopen.c:66)
        n1: 1196 0x49AEB2D: _dl_catch_exception (dl-error-skeleton.c:196)
         n1: 1196 0x49AEBBD: _dl_catch_error (dl-error-skeleton.c:215)
          n1: 1196 0x4876973: _dlerror_run (dlerror.c:163)
           n1: 1196 0x48762E4: dlopen@@GLIBC_2.2.5 (dlopen.c:87)
            n1: 1196 0x4860341: elektraModulesLoad (in /home/jenkins/workspace/build/linux/lib/libelektra-core.so.0.8.26)
             n1: 1196 0x4849B7D: elektraPluginOpen (in /home/jenkins/workspace/build/linux/lib/libelektra-kdb.so.0.8.26)
              n0: 1196 0x4012D3: main (in /home/jenkins/workspace/build/linux/bin/benchmark_plugingetset)
 n1: 2376 0x4010A1E: _dl_check_map_versions (dl-version.c:274)
  n1: 2376 0x4013094: dl_open_worker (dl-open.c:277)
   n1: 2376 0x49AEB2D: _dl_catch_exception (dl-error-skeleton.c:196)
    n1: 2376 0x4012BB8: _dl_open (dl-open.c:599)
     n1: 2376 0x4876254: dlopen_doit (dlopen.c:66)
      n1: 2376 0x49AEB2D: _dl_catch_exception (dl-error-skeleton.c:196)
       n1: 2376 0x49AEBBD: _dl_catch_error (dl-error-skeleton.c:215)
        n1: 2376 0x4876973: _dlerror_run (dlerror.c:163)
         n1: 2376 0x48762E4: dlopen@@GLIBC_2.2.5 (dlopen.c:87)
          n1: 2376 0x4860341: elektraModulesLoad (in /home/jenkins/workspace/build/linux/lib/libelektra-core.so.0.8.26)
           n1: 2376 0x4849B7D: elektraPluginOpen (in /home/jenkins/workspace/build/linux/lib/libelektra-kdb.so.0.8.26)
            n0: 2376 0x4012D3: main (in /home/jenkins/workspace/build/linux/bin/benchmark_plugingetset)
 n1: 1024 0x4858B77: elektraVFormat (in /home/jenkins/workspace/build/linux/lib/libelektra-core.so.0.8.26)
  n2: 1024 0x4858B56: elektraFormat (in /home/jenkins/workspace/build/linux/lib/libelektra-core.so.0.8.26)
   n0: 512 0x401256: main (in /home/jenkins/workspace/build/linux/bin/benchmark_plugingetset)
   n0: 512 0x40126B: main (in /home/jenkins/workspace/build/linux/bin/benchmark_plugingetset)
 n3: 384 0x485B4E7: ksNew (in /home/jenkins/workspace/build/linux/lib/libelektra-core.so.0.8.26)
  n0: 128 0x40123F: main (in /home/jenkins/workspace/build/linux/bin/benchmark_plugingetset)
  n0: 128 0x401296: main (in /home/jenkins/workspace/build/linux/bin/benchmark_plugingetset)
  n0: 128 0x4012A4: main (in /home/jenkins/workspace/build/linux/bin/benchmark_plugingetset)
 n0: 322 in 8 places, all below massif's threshold (1.00%)
 n1: 256 0x400D46A: _dl_map_object_deps (dl-deps.c:438)
  n1: 256 0x401304E: dl_open_worker (dl-open.c:271)
   n1: 256 0x49AEB2D: _dl_catch_exception (dl-error-skeleton.c:196)
    n1: 256 0x4012BB8: _dl_open (dl-open.c:599)
     n1: 256 0x4876254: dlopen_doit (dlopen.c:66)
      n1: 256 0x49AEB2D: _dl_catch_exception (dl-error-skeleton.c:196)
       n1: 256 0x49AEBBD: _dl_catch_error (dl-error-skeleton.c:215)
        n1: 256 0x4876973: _dlerror_run (dlerror.c:163)
         n1: 256 0x48762E4: dlopen@@GLIBC_2.2.5 (dlopen.c:87)
          n1: 256 0x4860341: elektraModulesLoad (in /home/jenkins/workspace/build/linux/lib/libelektra-core.so.0.8.26)
           n1: 256 0x4849B7D: elektraPluginOpen (in /home/jenkins/workspace/build/linux/lib/libelektra-kdb.so.0.8.26)
            n0: 256 0x4012D3: main (in /home/jenkins/workspace/build/linux/bin/benchmark_plugingetset)
 n1: 256 0x48593C3: keyNew (in /home/jenkins/workspace/build/linux/lib/libelektra-core.so.0.8.26)
  n0: 256 in 4 places, all below massif's threshold (1.00%)
 n1: 232 0x400B58E: _dl_new_object (dl-object.c:163)
  n1: 232 0x4005E46: _dl_map_object_from_fd (dl-load.c:1001)
   n2: 232 0x4008A8B: _dl_map_object (dl-load.c:2466)
    n1: 172 0x400D290: openaux (dl-deps.c:64)
     n1: 172 0x49AEB2D: _dl_catch_exception (dl-error-skeleton.c:196)
      n1: 172 0x400D604: _dl_map_object_deps (dl-deps.c:248)
       n1: 172 0x401304E: dl_open_worker (dl-open.c:271)
        n1: 172 0x49AEB2D: _dl_catch_exception (dl-error-skeleton.c:196)
         n1: 172 0x4012BB8: _dl_open (dl-open.c:599)
          n1: 172 0x4876254: dlopen_doit (dlopen.c:66)
           n1: 172 0x49AEB2D: _dl_catch_exception (dl-error-skeleton.c:196)
            n1: 172 0x49AEBBD: _dl_catch_error (dl-error-skeleton.c:215)
             n1: 172 0x4876973: _dlerror_run (dlerror.c:163)
              n1: 172 0x48762E4: dlopen@@GLIBC_2.2.5 (dlopen.c:87)
               n1: 172 0x4860341: elektraModulesLoad (in /home/jenkins/workspace/build/linux/lib/libelektra-core.so.0.8.26)
                n1: 172 0x4849B7D: elektraPluginOpen (in /home/jenkins/workspace/build/linux/lib/libelektra-kdb.so.0.8.26)
                 n0: 172 0x4012D3: main (in /home/jenkins/workspace/build/linux/bin/benchmark_plugingetset)
    n0: 60 in 1 place, below massif's threshold (1.00%)
 n1: 192 0x485B4A0: ksNew (in /home/jenkins/workspace/build/linux/lib/libelektra-core.so.0.8.26)
  n0: 192 in 3 places, all below massif's threshold (1.00%)
 n1: 152 0x400D904: _dl_map_object_deps (dl-deps.c:479)
  n1: 152 0x401304E: dl_open_worker (dl-open.c:271)
   n1: 152 0x49AEB2D: _dl_catch_exception (dl-error-skeleton.c:196)
    n1: 152 0x4012BB8: _dl_open (dl-open.c:599)
     n1: 152 0x4876254: dlopen_doit (dlopen.c:66)
      n1: 152 0x49AEB2D: _dl_catch_exception (dl-error-skeleton.c:196)
       n1: 152 0x49AEBBD: _dl_catch_error (dl-error-skeleton.c:215)
        n1: 152 0x4876973: _dlerror_run (dlerror.c:163)
         n1: 152 0x48762E4: dlopen@@GLIBC_2.2.5 (dlopen.c:87)
          n1: 152 0x4860341: elektraModulesLoad (in /home/jenkins/workspace/build/linux/lib/libelektra-core.so.0.8.26)
           n1: 152 0x4849B7D: elektraPluginOpen (in /home/jenkins/workspace/build/linux/lib/libelektra-kdb.so.0.8.26)
            n0: 152 0x4012D3: main (in /home/jenkins/workspace/build/linux/bin/benchmark_plugingetset)
 n1: 133 0x40081A8: fillin_rpath (dl-load.c:509)
  n1: 133 0x40083BA: decompose_rpath.isra.10 (dl-load.c:631)
   n1: 133 0x4009105: _dl_map_object (dl-load.c:2297)
    n1: 133 0x400D290: openaux (dl-deps.c:64)
     n1: 133 0x49AEB2D: _dl_catch_exception (dl-error-skeleton.c:196)
      n1: 133 0x400D604: _dl_map_object_deps (dl-deps.c:248)
       n1: 133 0x401304E: dl_open_worker (dl-open.c:271)
        n1: 133 0x49AEB2D: _dl_catch_exception (dl-error-skeleton.c:196)
         n1: 133 0x4012BB8: _dl_open (dl-open.c:599)
          n1: 133 0x4876254: dlopen_doit (dlopen.c:66)
           n1: 133 0x49AEB2D: _dl_catch_exception (dl-error-skeleton.c:196)
            n1: 133 0x49AEBBD: _dl_catch_error (dl-error-skeleton.c:215)
             n1: 133 0x4876973: _dlerror_run (dlerror.c:163)
              n1: 133 0x48762E4: dlopen@@GLIBC_2.2.5 (dlopen.c:87)
               n1: 133 0x4860341: elektraModulesLoad (in /home/jenkins/workspace/build/linux/lib/libelektra-core.so.0.8.26)
                n1: 133 0x4849B7D: elektraPluginOpen (in /home/jenkins/workspace/build/linux/lib/libelektra-kdb.so.0.8.26)
                 n0: 133 0x4012D3: main (in /home/jenkins/workspace/build/linux/bin/benchmark_plugingetset)
 n1: 123 0x4007798: open_path (dl-load.c:2112)
  n1: 123 0x4008C16: _dl_map_object (dl-load.c:2297)
   n0: 123 in 2 places, all below massif's threshold (1.00%)
#-----------
snapshot=7
#-----------
time=857536
mem_heap_B=12404
mem_heap_extra_B=556
mem_stacks_B=0
heap_tree=empty
#-----------
snapshot=8
#-----------
time=938489
mem_heap_B=14356
mem_heap_extra_B=564
mem_stacks_B=0
heap_tree=empty
#-----------
snapshot=9
#-----------
time=939372
mem_heap_B=13364
mem_heap_extra_B=556
mem_stacks_B=0
heap_tree=empty
#-----------
snapshot=10
#-----------
time=3222176
mem_heap_B=17428
mem_heap_extra_B=564
mem_stacks_B=0
heap_tree=empty
#-----------
snapshot=11
#-----------
time=3223807
mem_heap_B=15476
mem_heap_extra_B=556
mem_stacks_B=0
heap_tree=empty
#-----------
snapshot=12
#-----------
time=5043770
mem_heap_B=88180
mem_heap_extra_B=564
mem_stacks_B=0
heap_tree=empty
#-----------
snapshot=13
#-----------
time=5095619
mem_heap_B=88244
mem_heap_extra_B=572
mem_stacks_B=0
heap_tree=empty
#-----------
snapshot=14
#-----------
time=5113379
mem_heap_B=146984
mem_heap_extra_B=824
mem_stacks_B=0
heap_tree=empty
#-----------
snapshot=15
#-----------
time=5216495
mem_heap_B=146984
mem_heap_extra_B=824
mem_stacks_B=0
heap_tree=detailed
n9: 146984 (heap allocation functions) malloc/new/new[], --alloc-fns, etc.
 n1: 72704 0x4EFA454: ??? (in /usr/lib/x86_64-linux-gnu/libstdc++.so.6.0.25)
  n1: 72704 0x400F378: call_init.part.0 (dl-init.c:72)
   n1: 72704 0x400F474: _dl_init (dl-init.c:118)
    n1: 72704 0x40132D1: dl_open_worker (dl-open.c:517)
     n1: 72704 0x49AEB2D: _dl_catch_exception (dl-error-skeleton.c:196)
      n1: 72704 0x4012BB8: _dl_open (dl-open.c:599)
       n1: 72704 0x4876254: dlopen_doit (dlopen.c:66)
        n1: 72704 0x49AEB2D: _dl_catch_exception (dl-error-skeleton.c:196)
         n1: 72704 0x49AEBBD: _dl_catch_error (dl-error-skeleton.c:215)
          n1: 72704 0x4876973: _dlerror_run (dlerror.c:163)
           n1: 72704 0x48762E4: dlopen@@GLIBC_2.2.5 (dlopen.c:87)
            n1: 72704 0x4860341: elektraModulesLoad (in /home/jenkins/workspace/build/linux/lib/libelektra-core.so.0.8.26)
             n1: 72704 0x4849B7D: elektraPluginOpen (in /home/jenkins/workspace/build/linux/lib/libelektra-kdb.so.0.8.26)
              n0: 72704 0x4012D3: main (in /home/jenkins/workspace/build/linux/bin/benchmark_plugingetset)
 n1: 42004 0x4E4EF0D: ???
  n1: 42004 0x4E4EB4A: ???
   n1: 42004 0x4E4E8D1: ???
    n1: 42004 0x4E4E0B4: ???
     n1: 42004 0x4E49854: ???
      n1: 42004 0x4E42560: ???
       n1: 42004 0x4E416E0: ???
        n1: 42004 0x4E4D39A: ???
         n0: 42004 0x4012EF: main (in /home/jenkins/workspace/build/linux/bin/benchmark_plugingetset)
 n1: 8192 0x4F568F6: std::basic_filebuf<char, std::char_traits<char> >::_M_allocate_internal_buffer() (in /usr/lib/x86_64-linux-gnu/libstdc++.so.6.0.25)
  n1: 8192 0x4F5A790: std::basic_filebuf<char, std::char_traits<char> >::open(char const*, std::_Ios_Openmode) (in /usr/lib/x86_64-linux-gnu/libstdc++.so.6.0.25)
   n1: 8192 0x4F5B76C: std::basic_ifstream<char, std::char_traits<char> >::basic_ifstream(std::__cxx11::basic_string<char, std::char_traits<char>, std::allocator<char> > const&, std::_Ios_Openmode) (in /usr/lib/x86_64-linux-gnu/libstdc++.so.6.0.25)
    n1: 8192 0x4E42530: ???
     n1: 8192 0x4E416E0: ???
      n1: 8192 0x4E4D39A: ???
       n0: 8192 0x4012EF: main (in /home/jenkins/workspace/build/linux/bin/benchmark_plugingetset)
 n1: 5962 0x400B2AC: _dl_new_object (dl-object.c:73)
  n1: 5962 0x4005E46: _dl_map_object_from_fd (dl-load.c:1001)
   n2: 5962 0x4008A8B: _dl_map_object (dl-load.c:2466)
    n1: 4766 0x400D290: openaux (dl-deps.c:64)
     n1: 4766 0x49AEB2D: _dl_catch_exception (dl-error-skeleton.c:196)
      n1: 4766 0x400D604: _dl_map_object_deps (dl-deps.c:248)
       n1: 4766 0x401304E: dl_open_worker (dl-open.c:271)
        n1: 4766 0x49AEB2D: _dl_catch_exception (dl-error-skeleton.c:196)
         n1: 4766 0x4012BB8: _dl_open (dl-open.c:599)
          n1: 4766 0x4876254: dlopen_doit (dlopen.c:66)
           n1: 4766 0x49AEB2D: _dl_catch_exception (dl-error-skeleton.c:196)
            n1: 4766 0x49AEBBD: _dl_catch_error (dl-error-skeleton.c:215)
             n1: 4766 0x4876973: _dlerror_run (dlerror.c:163)
              n1: 4766 0x48762E4: dlopen@@GLIBC_2.2.5 (dlopen.c:87)
               n1: 4766 0x4860341: elektraModulesLoad (in /home/jenkins/workspace/build/linux/lib/libelektra-core.so.0.8.26)
                n1: 4766 0x4849B7D: elektraPluginOpen (in /home/jenkins/workspace/build/linux/lib/libelektra-kdb.so.0.8.26)
                 n0: 4766 0x4012D3: main (in /home/jenkins/workspace/build/linux/bin/benchmark_plugingetset)
    n0: 1196 in 1 place, below massif's threshold (1.00%)
 n0: 5484 in 30 places, all below massif's threshold (1.00%)
 n1: 4097 0x4F892AB: std::__cxx11::basic_string<char, std::char_traits<char>, std::allocator<char> >::reserve(unsigned long) (in /usr/lib/x86_64-linux-gnu/libstdc++.so.6.0.25)
  n1: 4097 0x4F7D723: std::__cxx11::basic_stringbuf<char, std::char_traits<char>, std::allocator<char> >::overflow(int) (in /usr/lib/x86_64-linux-gnu/libstdc++.so.6.0.25)
   n1: 4097 0x4F878A9: std::basic_streambuf<char, std::char_traits<char> >::xsputn(char const*, long) (in /usr/lib/x86_64-linux-gnu/libstdc++.so.6.0.25)
    n1: 4097 0x4F168B3: long std::__copy_streambufs_eof<char, std::char_traits<char> >(std::basic_streambuf<char, std::char_traits<char> >*, std::basic_streambuf<char, std::char_traits<char> >*, bool&) (in /usr/lib/x86_64-linux-gnu/libstdc++.so.6.0.25)
     n1: 4097 0x4F78416: std::ostream::operator<<(std::basic_streambuf<char, std::char_traits<char> >*) (in /usr/lib/x86_64-linux-gnu/libstdc++.so.6.0.25)
      n1: 4097 0x4E4DFAA: ???
       n1: 4097 0x4E49854: ???
        n1: 4097 0x4E42560: ???
         n1: 4097 0x4E416E0: ???
          n1: 4097 0x4E4D39A: ???
           n0: 4097 0x4012EF: main (in /home/jenkins/workspace/build/linux/bin/benchmark_plugingetset)
 n1: 4064 0x400A095: do_lookup_x (dl-lookup.c:253)
  n1: 4064 0x400A38D: _dl_lookup_symbol_x (dl-lookup.c:814)
   n1: 4064 0x400BD5C: _dl_relocate_object (dl-machine.h:308)
    n1: 4064 0x401319C: dl_open_worker (dl-open.c:377)
     n1: 4064 0x49AEB2D: _dl_catch_exception (dl-error-skeleton.c:196)
      n1: 4064 0x4012BB8: _dl_open (dl-open.c:599)
       n1: 4064 0x4876254: dlopen_doit (dlopen.c:66)
        n1: 4064 0x49AEB2D: _dl_catch_exception (dl-error-skeleton.c:196)
         n1: 4064 0x49AEBBD: _dl_catch_error (dl-error-skeleton.c:215)
          n1: 4064 0x4876973: _dlerror_run (dlerror.c:163)
           n1: 4064 0x48762E4: dlopen@@GLIBC_2.2.5 (dlopen.c:87)
            n1: 4064 0x4860341: elektraModulesLoad (in /home/jenkins/workspace/build/linux/lib/libelektra-core.so.0.8.26)
             n1: 4064 0x4849B7D: elektraPluginOpen (in /home/jenkins/workspace/build/linux/lib/libelektra-kdb.so.0.8.26)
              n0: 4064 0x4012D3: main (in /home/jenkins/workspace/build/linux/bin/benchmark_plugingetset)
 n1: 2376 0x4010A1E: _dl_check_map_versions (dl-version.c:274)
  n1: 2376 0x4013094: dl_open_worker (dl-open.c:277)
   n1: 2376 0x49AEB2D: _dl_catch_exception (dl-error-skeleton.c:196)
    n1: 2376 0x4012BB8: _dl_open (dl-open.c:599)
     n1: 2376 0x4876254: dlopen_doit (dlopen.c:66)
      n1: 2376 0x49AEB2D: _dl_catch_exception (dl-error-skeleton.c:196)
       n1: 2376 0x49AEBBD: _dl_catch_error (dl-error-skeleton.c:215)
        n1: 2376 0x4876973: _dlerror_run (dlerror.c:163)
         n1: 2376 0x48762E4: dlopen@@GLIBC_2.2.5 (dlopen.c:87)
          n1: 2376 0x4860341: elektraModulesLoad (in /home/jenkins/workspace/build/linux/lib/libelektra-core.so.0.8.26)
           n1: 2376 0x4849B7D: elektraPluginOpen (in /home/jenkins/workspace/build/linux/lib/libelektra-kdb.so.0.8.26)
            n0: 2376 0x4012D3: main (in /home/jenkins/workspace/build/linux/bin/benchmark_plugingetset)
 n1: 2101 0x4F88DC9: std::__cxx11::basic_string<char, std::char_traits<char>, std::allocator<char> >::_M_mutate(unsigned long, unsigned long, char const*, unsigned long) (in /usr/lib/x86_64-linux-gnu/libstdc++.so.6.0.25)
  n1: 2101 0x4F89B79: std::__cxx11::basic_string<char, std::char_traits<char>, std::allocator<char> >::_M_replace(unsigned long, unsigned long, char const*, unsigned long) (in /usr/lib/x86_64-linux-gnu/libstdc++.so.6.0.25)
   n1: 2101 0x4E4E070: ???
    n1: 2101 0x4E49854: ???
     n1: 2101 0x4E42560: ???
      n1: 2101 0x4E416E0: ???
       n1: 2101 0x4E4D39A: ???
        n0: 2101 0x4012EF: main (in /home/jenkins/workspace/build/linux/bin/benchmark_plugingetset)
#-----------
snapshot=16
#-----------
time=5234571
mem_heap_B=161303
mem_heap_extra_B=873
mem_stacks_B=0
heap_tree=empty
#-----------
snapshot=17
#-----------
time=5258054
mem_heap_B=161475
mem_heap_extra_B=917
mem_stacks_B=0
heap_tree=empty
#-----------
snapshot=18
#-----------
time=5284075
mem_heap_B=162681
mem_heap_extra_B=1015
mem_stacks_B=0
heap_tree=detailed
n8: 162681 (heap allocation functions) malloc/new/new[], --alloc-fns, etc.
 n1: 72704 0x4EFA454: ??? (in /usr/lib/x86_64-linux-gnu/libstdc++.so.6.0.25)
  n1: 72704 0x400F378: call_init.part.0 (dl-init.c:72)
   n1: 72704 0x400F474: _dl_init (dl-init.c:118)
    n1: 72704 0x40132D1: dl_open_worker (dl-open.c:517)
     n1: 72704 0x49AEB2D: _dl_catch_exception (dl-error-skeleton.c:196)
      n1: 72704 0x4012BB8: _dl_open (dl-open.c:599)
       n1: 72704 0x4876254: dlopen_doit (dlopen.c:66)
        n1: 72704 0x49AEB2D: _dl_catch_exception (dl-error-skeleton.c:196)
         n1: 72704 0x49AEBBD: _dl_catch_error (dl-error-skeleton.c:215)
          n1: 72704 0x4876973: _dlerror_run (dlerror.c:163)
           n1: 72704 0x48762E4: dlopen@@GLIBC_2.2.5 (dlopen.c:87)
            n1: 72704 0x4860341: elektraModulesLoad (in /home/jenkins/workspace/build/linux/lib/libelektra-core.so.0.8.26)
             n1: 72704 0x4849B7D: elektraPluginOpen (in /home/jenkins/workspace/build/linux/lib/libelektra-kdb.so.0.8.26)
              n0: 72704 0x4012D3: main (in /home/jenkins/workspace/build/linux/bin/benchmark_plugingetset)
 n1: 42004 0x4E4EF0D: ???
  n1: 42004 0x4E4EB4A: ???
   n1: 42004 0x4E4E8D1: ???
    n1: 42004 0x4E4E0B4: ???
     n1: 42004 0x4E49854: ???
      n1: 42004 0x4E42560: ???
       n1: 42004 0x4E416E0: ???
        n1: 42004 0x4E4D39A: ???
         n0: 42004 0x4012EF: main (in /home/jenkins/workspace/build/linux/bin/benchmark_plugingetset)
 n1: 19200 0x4E4FDB5: ???
  n1: 19200 0x4E42573: ???
   n1: 19200 0x4E416E0: ???
    n1: 19200 0x4E4D39A: ???
     n0: 19200 0x4012EF: main (in /home/jenkins/workspace/build/linux/bin/benchmark_plugingetset)
 n1: 8192 0x4F568F6: std::basic_filebuf<char, std::char_traits<char> >::_M_allocate_internal_buffer() (in /usr/lib/x86_64-linux-gnu/libstdc++.so.6.0.25)
  n1: 8192 0x4F5A790: std::basic_filebuf<char, std::char_traits<char> >::open(char const*, std::_Ios_Openmode) (in /usr/lib/x86_64-linux-gnu/libstdc++.so.6.0.25)
   n1: 8192 0x4F5B76C: std::basic_ifstream<char, std::char_traits<char> >::basic_ifstream(std::__cxx11::basic_string<char, std::char_traits<char>, std::allocator<char> > const&, std::_Ios_Openmode) (in /usr/lib/x86_64-linux-gnu/libstdc++.so.6.0.25)
    n1: 8192 0x4E42530: ???
     n1: 8192 0x4E416E0: ???
      n1: 8192 0x4E4D39A: ???
       n0: 8192 0x4012EF: main (in /home/jenkins/workspace/build/linux/bin/benchmark_plugingetset)
 n0: 8179 in 50 places, all below massif's threshold (1.00%)
 n1: 5962 0x400B2AC: _dl_new_object (dl-object.c:73)
  n1: 5962 0x4005E46: _dl_map_object_from_fd (dl-load.c:1001)
   n2: 5962 0x4008A8B: _dl_map_object (dl-load.c:2466)
    n1: 4766 0x400D290: openaux (dl-deps.c:64)
     n1: 4766 0x49AEB2D: _dl_catch_exception (dl-error-skeleton.c:196)
      n1: 4766 0x400D604: _dl_map_object_deps (dl-deps.c:248)
       n1: 4766 0x401304E: dl_open_worker (dl-open.c:271)
        n1: 4766 0x49AEB2D: _dl_catch_exception (dl-error-skeleton.c:196)
         n1: 4766 0x4012BB8: _dl_open (dl-open.c:599)
          n1: 4766 0x4876254: dlopen_doit (dlopen.c:66)
           n1: 4766 0x49AEB2D: _dl_catch_exception (dl-error-skeleton.c:196)
            n1: 4766 0x49AEBBD: _dl_catch_error (dl-error-skeleton.c:215)
             n1: 4766 0x4876973: _dlerror_run (dlerror.c:163)
              n1: 4766 0x48762E4: dlopen@@GLIBC_2.2.5 (dlopen.c:87)
               n1: 4766 0x4860341: elektraModulesLoad (in /home/jenkins/workspace/build/linux/lib/libelektra-core.so.0.8.26)
                n1: 4766 0x4849B7D: elektraPluginOpen (in /home/jenkins/workspace/build/linux/lib/libelektra-kdb.so.0.8.26)
                 n0: 4766 0x4012D3: main (in /home/jenkins/workspace/build/linux/bin/benchmark_plugingetset)
    n0: 1196 in 1 place, below massif's threshold (1.00%)
 n1: 4064 0x400A095: do_lookup_x (dl-lookup.c:253)
  n1: 4064 0x400A38D: _dl_lookup_symbol_x (dl-lookup.c:814)
   n1: 4064 0x400BD5C: _dl_relocate_object (dl-machine.h:308)
    n1: 4064 0x401319C: dl_open_worker (dl-open.c:377)
     n1: 4064 0x49AEB2D: _dl_catch_exception (dl-error-skeleton.c:196)
      n1: 4064 0x4012BB8: _dl_open (dl-open.c:599)
       n1: 4064 0x4876254: dlopen_doit (dlopen.c:66)
        n1: 4064 0x49AEB2D: _dl_catch_exception (dl-error-skeleton.c:196)
         n1: 4064 0x49AEBBD: _dl_catch_error (dl-error-skeleton.c:215)
          n1: 4064 0x4876973: _dlerror_run (dlerror.c:163)
           n1: 4064 0x48762E4: dlopen@@GLIBC_2.2.5 (dlopen.c:87)
            n1: 4064 0x4860341: elektraModulesLoad (in /home/jenkins/workspace/build/linux/lib/libelektra-core.so.0.8.26)
             n1: 4064 0x4849B7D: elektraPluginOpen (in /home/jenkins/workspace/build/linux/lib/libelektra-kdb.so.0.8.26)
              n0: 4064 0x4012D3: main (in /home/jenkins/workspace/build/linux/bin/benchmark_plugingetset)
 n1: 2376 0x4010A1E: _dl_check_map_versions (dl-version.c:274)
  n1: 2376 0x4013094: dl_open_worker (dl-open.c:277)
   n1: 2376 0x49AEB2D: _dl_catch_exception (dl-error-skeleton.c:196)
    n1: 2376 0x4012BB8: _dl_open (dl-open.c:599)
     n1: 2376 0x4876254: dlopen_doit (dlopen.c:66)
      n1: 2376 0x49AEB2D: _dl_catch_exception (dl-error-skeleton.c:196)
       n1: 2376 0x49AEBBD: _dl_catch_error (dl-error-skeleton.c:215)
        n1: 2376 0x4876973: _dlerror_run (dlerror.c:163)
         n1: 2376 0x48762E4: dlopen@@GLIBC_2.2.5 (dlopen.c:87)
          n1: 2376 0x4860341: elektraModulesLoad (in /home/jenkins/workspace/build/linux/lib/libelektra-core.so.0.8.26)
           n1: 2376 0x4849B7D: elektraPluginOpen (in /home/jenkins/workspace/build/linux/lib/libelektra-kdb.so.0.8.26)
            n0: 2376 0x4012D3: main (in /home/jenkins/workspace/build/linux/bin/benchmark_plugingetset)
#-----------
snapshot=19
#-----------
time=5303547
mem_heap_B=162585
mem_heap_extra_B=999
mem_stacks_B=0
heap_tree=empty
#-----------
snapshot=20
#-----------
time=5321218
mem_heap_B=163128
mem_heap_extra_B=1056
mem_stacks_B=0
heap_tree=empty
#-----------
snapshot=21
#-----------
time=5344271
mem_heap_B=162589
mem_heap_extra_B=1019
mem_stacks_B=0
heap_tree=empty
#-----------
snapshot=22
#-----------
time=5372072
mem_heap_B=163508
mem_heap_extra_B=1100
mem_stacks_B=0
heap_tree=empty
#-----------
snapshot=23
#-----------
time=5388468
mem_heap_B=164393
mem_heap_extra_B=1175
mem_stacks_B=0
heap_tree=detailed
n9: 164393 (heap allocation functions) malloc/new/new[], --alloc-fns, etc.
 n1: 72704 0x4EFA454: ??? (in /usr/lib/x86_64-linux-gnu/libstdc++.so.6.0.25)
  n1: 72704 0x400F378: call_init.part.0 (dl-init.c:72)
   n1: 72704 0x400F474: _dl_init (dl-init.c:118)
    n1: 72704 0x40132D1: dl_open_worker (dl-open.c:517)
     n1: 72704 0x49AEB2D: _dl_catch_exception (dl-error-skeleton.c:196)
      n1: 72704 0x4012BB8: _dl_open (dl-open.c:599)
       n1: 72704 0x4876254: dlopen_doit (dlopen.c:66)
        n1: 72704 0x49AEB2D: _dl_catch_exception (dl-error-skeleton.c:196)
         n1: 72704 0x49AEBBD: _dl_catch_error (dl-error-skeleton.c:215)
          n1: 72704 0x4876973: _dlerror_run (dlerror.c:163)
           n1: 72704 0x48762E4: dlopen@@GLIBC_2.2.5 (dlopen.c:87)
            n1: 72704 0x4860341: elektraModulesLoad (in /home/jenkins/workspace/build/linux/lib/libelektra-core.so.0.8.26)
             n1: 72704 0x4849B7D: elektraPluginOpen (in /home/jenkins/workspace/build/linux/lib/libelektra-kdb.so.0.8.26)
              n0: 72704 0x4012D3: main (in /home/jenkins/workspace/build/linux/bin/benchmark_plugingetset)
 n1: 42004 0x4E4EF0D: ???
  n1: 42004 0x4E4EB4A: ???
   n1: 42004 0x4E4E8D1: ???
    n1: 42004 0x4E4E0B4: ???
     n1: 42004 0x4E49854: ???
      n1: 42004 0x4E42560: ???
       n1: 42004 0x4E416E0: ???
        n1: 42004 0x4E4D39A: ???
         n0: 42004 0x4012EF: main (in /home/jenkins/workspace/build/linux/bin/benchmark_plugingetset)
 n1: 19200 0x4E4FDB5: ???
  n1: 19200 0x4E42573: ???
   n1: 19200 0x4E416E0: ???
    n1: 19200 0x4E4D39A: ???
     n0: 19200 0x4012EF: main (in /home/jenkins/workspace/build/linux/bin/benchmark_plugingetset)
 n1: 8192 0x4F568F6: std::basic_filebuf<char, std::char_traits<char> >::_M_allocate_internal_buffer() (in /usr/lib/x86_64-linux-gnu/libstdc++.so.6.0.25)
  n1: 8192 0x4F5A790: std::basic_filebuf<char, std::char_traits<char> >::open(char const*, std::_Ios_Openmode) (in /usr/lib/x86_64-linux-gnu/libstdc++.so.6.0.25)
   n1: 8192 0x4F5B76C: std::basic_ifstream<char, std::char_traits<char> >::basic_ifstream(std::__cxx11::basic_string<char, std::char_traits<char>, std::allocator<char> > const&, std::_Ios_Openmode) (in /usr/lib/x86_64-linux-gnu/libstdc++.so.6.0.25)
    n1: 8192 0x4E42530: ???
     n1: 8192 0x4E416E0: ???
      n1: 8192 0x4E4D39A: ???
       n0: 8192 0x4012EF: main (in /home/jenkins/workspace/build/linux/bin/benchmark_plugingetset)
 n0: 7593 in 54 places, all below massif's threshold (1.00%)
 n1: 5962 0x400B2AC: _dl_new_object (dl-object.c:73)
  n1: 5962 0x4005E46: _dl_map_object_from_fd (dl-load.c:1001)
   n2: 5962 0x4008A8B: _dl_map_object (dl-load.c:2466)
    n1: 4766 0x400D290: openaux (dl-deps.c:64)
     n1: 4766 0x49AEB2D: _dl_catch_exception (dl-error-skeleton.c:196)
      n1: 4766 0x400D604: _dl_map_object_deps (dl-deps.c:248)
       n1: 4766 0x401304E: dl_open_worker (dl-open.c:271)
        n1: 4766 0x49AEB2D: _dl_catch_exception (dl-error-skeleton.c:196)
         n1: 4766 0x4012BB8: _dl_open (dl-open.c:599)
          n1: 4766 0x4876254: dlopen_doit (dlopen.c:66)
           n1: 4766 0x49AEB2D: _dl_catch_exception (dl-error-skeleton.c:196)
            n1: 4766 0x49AEBBD: _dl_catch_error (dl-error-skeleton.c:215)
             n1: 4766 0x4876973: _dlerror_run (dlerror.c:163)
              n1: 4766 0x48762E4: dlopen@@GLIBC_2.2.5 (dlopen.c:87)
               n1: 4766 0x4860341: elektraModulesLoad (in /home/jenkins/workspace/build/linux/lib/libelektra-core.so.0.8.26)
                n1: 4766 0x4849B7D: elektraPluginOpen (in /home/jenkins/workspace/build/linux/lib/libelektra-kdb.so.0.8.26)
                 n0: 4766 0x4012D3: main (in /home/jenkins/workspace/build/linux/bin/benchmark_plugingetset)
    n0: 1196 in 1 place, below massif's threshold (1.00%)
 n1: 4064 0x400A095: do_lookup_x (dl-lookup.c:253)
  n1: 4064 0x400A38D: _dl_lookup_symbol_x (dl-lookup.c:814)
   n1: 4064 0x400BD5C: _dl_relocate_object (dl-machine.h:308)
    n1: 4064 0x401319C: dl_open_worker (dl-open.c:377)
     n1: 4064 0x49AEB2D: _dl_catch_exception (dl-error-skeleton.c:196)
      n1: 4064 0x4012BB8: _dl_open (dl-open.c:599)
       n1: 4064 0x4876254: dlopen_doit (dlopen.c:66)
        n1: 4064 0x49AEB2D: _dl_catch_exception (dl-error-skeleton.c:196)
         n1: 4064 0x49AEBBD: _dl_catch_error (dl-error-skeleton.c:215)
          n1: 4064 0x4876973: _dlerror_run (dlerror.c:163)
           n1: 4064 0x48762E4: dlopen@@GLIBC_2.2.5 (dlopen.c:87)
            n1: 4064 0x4860341: elektraModulesLoad (in /home/jenkins/workspace/build/linux/lib/libelektra-core.so.0.8.26)
             n1: 4064 0x4849B7D: elektraPluginOpen (in /home/jenkins/workspace/build/linux/lib/libelektra-kdb.so.0.8.26)
              n0: 4064 0x4012D3: main (in /home/jenkins/workspace/build/linux/bin/benchmark_plugingetset)
 n1: 2376 0x4010A1E: _dl_check_map_versions (dl-version.c:274)
  n1: 2376 0x4013094: dl_open_worker (dl-open.c:277)
   n1: 2376 0x49AEB2D: _dl_catch_exception (dl-error-skeleton.c:196)
    n1: 2376 0x4012BB8: _dl_open (dl-open.c:599)
     n1: 2376 0x4876254: dlopen_doit (dlopen.c:66)
      n1: 2376 0x49AEB2D: _dl_catch_exception (dl-error-skeleton.c:196)
       n1: 2376 0x49AEBBD: _dl_catch_error (dl-error-skeleton.c:215)
        n1: 2376 0x4876973: _dlerror_run (dlerror.c:163)
         n1: 2376 0x48762E4: dlopen@@GLIBC_2.2.5 (dlopen.c:87)
          n1: 2376 0x4860341: elektraModulesLoad (in /home/jenkins/workspace/build/linux/lib/libelektra-core.so.0.8.26)
           n1: 2376 0x4849B7D: elektraPluginOpen (in /home/jenkins/workspace/build/linux/lib/libelektra-kdb.so.0.8.26)
            n0: 2376 0x4012D3: main (in /home/jenkins/workspace/build/linux/bin/benchmark_plugingetset)
 n2: 2298 0x48589D0: elektraRealloc (in /home/jenkins/workspace/build/linux/lib/libelektra-core.so.0.8.26)
  n2: 2252 0x485B06A: keyAddBaseName (in /home/jenkins/workspace/build/linux/lib/libelektra-core.so.0.8.26)
   n1: 2194 0x4E43B56: ???
    n1: 2194 0x4E50EEF: ???
     n1: 2194 0x4E4258B: ???
      n1: 2194 0x4E416E0: ???
       n1: 2194 0x4E4D39A: ???
        n0: 2194 0x4012EF: main (in /home/jenkins/workspace/build/linux/bin/benchmark_plugingetset)
   n0: 58 in 1 place, below massif's threshold (1.00%)
  n0: 46 in 1 place, below massif's threshold (1.00%)
#-----------
snapshot=24
#-----------
time=5406083
mem_heap_B=163781
mem_heap_extra_B=1131
mem_stacks_B=0
heap_tree=detailed
n9: 163781 (heap allocation functions) malloc/new/new[], --alloc-fns, etc.
 n1: 72704 0x4EFA454: ??? (in /usr/lib/x86_64-linux-gnu/libstdc++.so.6.0.25)
  n1: 72704 0x400F378: call_init.part.0 (dl-init.c:72)
   n1: 72704 0x400F474: _dl_init (dl-init.c:118)
    n1: 72704 0x40132D1: dl_open_worker (dl-open.c:517)
     n1: 72704 0x49AEB2D: _dl_catch_exception (dl-error-skeleton.c:196)
      n1: 72704 0x4012BB8: _dl_open (dl-open.c:599)
       n1: 72704 0x4876254: dlopen_doit (dlopen.c:66)
        n1: 72704 0x49AEB2D: _dl_catch_exception (dl-error-skeleton.c:196)
         n1: 72704 0x49AEBBD: _dl_catch_error (dl-error-skeleton.c:215)
          n1: 72704 0x4876973: _dlerror_run (dlerror.c:163)
           n1: 72704 0x48762E4: dlopen@@GLIBC_2.2.5 (dlopen.c:87)
            n1: 72704 0x4860341: elektraModulesLoad (in /home/jenkins/workspace/build/linux/lib/libelektra-core.so.0.8.26)
             n1: 72704 0x4849B7D: elektraPluginOpen (in /home/jenkins/workspace/build/linux/lib/libelektra-kdb.so.0.8.26)
              n0: 72704 0x4012D3: main (in /home/jenkins/workspace/build/linux/bin/benchmark_plugingetset)
 n1: 42004 0x4E4EF0D: ???
  n1: 42004 0x4E4EB4A: ???
   n1: 42004 0x4E4E8D1: ???
    n1: 42004 0x4E4E0B4: ???
     n1: 42004 0x4E49854: ???
      n1: 42004 0x4E42560: ???
       n1: 42004 0x4E416E0: ???
        n1: 42004 0x4E4D39A: ???
         n0: 42004 0x4012EF: main (in /home/jenkins/workspace/build/linux/bin/benchmark_plugingetset)
 n1: 19200 0x4E4FDB5: ???
  n1: 19200 0x4E42573: ???
   n1: 19200 0x4E416E0: ???
    n1: 19200 0x4E4D39A: ???
     n0: 19200 0x4012EF: main (in /home/jenkins/workspace/build/linux/bin/benchmark_plugingetset)
 n1: 8192 0x4F568F6: std::basic_filebuf<char, std::char_traits<char> >::_M_allocate_internal_buffer() (in /usr/lib/x86_64-linux-gnu/libstdc++.so.6.0.25)
  n1: 8192 0x4F5A790: std::basic_filebuf<char, std::char_traits<char> >::open(char const*, std::_Ios_Openmode) (in /usr/lib/x86_64-linux-gnu/libstdc++.so.6.0.25)
   n1: 8192 0x4F5B76C: std::basic_ifstream<char, std::char_traits<char> >::basic_ifstream(std::__cxx11::basic_string<char, std::char_traits<char>, std::allocator<char> > const&, std::_Ios_Openmode) (in /usr/lib/x86_64-linux-gnu/libstdc++.so.6.0.25)
    n1: 8192 0x4E42530: ???
     n1: 8192 0x4E416E0: ???
      n1: 8192 0x4E4D39A: ???
       n0: 8192 0x4012EF: main (in /home/jenkins/workspace/build/linux/bin/benchmark_plugingetset)
 n0: 7381 in 54 places, all below massif's threshold (1.00%)
 n1: 5962 0x400B2AC: _dl_new_object (dl-object.c:73)
  n1: 5962 0x4005E46: _dl_map_object_from_fd (dl-load.c:1001)
   n2: 5962 0x4008A8B: _dl_map_object (dl-load.c:2466)
    n1: 4766 0x400D290: openaux (dl-deps.c:64)
     n1: 4766 0x49AEB2D: _dl_catch_exception (dl-error-skeleton.c:196)
      n1: 4766 0x400D604: _dl_map_object_deps (dl-deps.c:248)
       n1: 4766 0x401304E: dl_open_worker (dl-open.c:271)
        n1: 4766 0x49AEB2D: _dl_catch_exception (dl-error-skeleton.c:196)
         n1: 4766 0x4012BB8: _dl_open (dl-open.c:599)
          n1: 4766 0x4876254: dlopen_doit (dlopen.c:66)
           n1: 4766 0x49AEB2D: _dl_catch_exception (dl-error-skeleton.c:196)
            n1: 4766 0x49AEBBD: _dl_catch_error (dl-error-skeleton.c:215)
             n1: 4766 0x4876973: _dlerror_run (dlerror.c:163)
              n1: 4766 0x48762E4: dlopen@@GLIBC_2.2.5 (dlopen.c:87)
               n1: 4766 0x4860341: elektraModulesLoad (in /home/jenkins/workspace/build/linux/lib/libelektra-core.so.0.8.26)
                n1: 4766 0x4849B7D: elektraPluginOpen (in /home/jenkins/workspace/build/linux/lib/libelektra-kdb.so.0.8.26)
                 n0: 4766 0x4012D3: main (in /home/jenkins/workspace/build/linux/bin/benchmark_plugingetset)
    n0: 1196 in 1 place, below massif's threshold (1.00%)
 n1: 4064 0x400A095: do_lookup_x (dl-lookup.c:253)
  n1: 4064 0x400A38D: _dl_lookup_symbol_x (dl-lookup.c:814)
   n1: 4064 0x400BD5C: _dl_relocate_object (dl-machine.h:308)
    n1: 4064 0x401319C: dl_open_worker (dl-open.c:377)
     n1: 4064 0x49AEB2D: _dl_catch_exception (dl-error-skeleton.c:196)
      n1: 4064 0x4012BB8: _dl_open (dl-open.c:599)
       n1: 4064 0x4876254: dlopen_doit (dlopen.c:66)
        n1: 4064 0x49AEB2D: _dl_catch_exception (dl-error-skeleton.c:196)
         n1: 4064 0x49AEBBD: _dl_catch_error (dl-error-skeleton.c:215)
          n1: 4064 0x4876973: _dlerror_run (dlerror.c:163)
           n1: 4064 0x48762E4: dlopen@@GLIBC_2.2.5 (dlopen.c:87)
            n1: 4064 0x4860341: elektraModulesLoad (in /home/jenkins/workspace/build/linux/lib/libelektra-core.so.0.8.26)
             n1: 4064 0x4849B7D: elektraPluginOpen (in /home/jenkins/workspace/build/linux/lib/libelektra-kdb.so.0.8.26)
              n0: 4064 0x4012D3: main (in /home/jenkins/workspace/build/linux/bin/benchmark_plugingetset)
 n1: 2376 0x4010A1E: _dl_check_map_versions (dl-version.c:274)
  n1: 2376 0x4013094: dl_open_worker (dl-open.c:277)
   n1: 2376 0x49AEB2D: _dl_catch_exception (dl-error-skeleton.c:196)
    n1: 2376 0x4012BB8: _dl_open (dl-open.c:599)
     n1: 2376 0x4876254: dlopen_doit (dlopen.c:66)
      n1: 2376 0x49AEB2D: _dl_catch_exception (dl-error-skeleton.c:196)
       n1: 2376 0x49AEBBD: _dl_catch_error (dl-error-skeleton.c:215)
        n1: 2376 0x4876973: _dlerror_run (dlerror.c:163)
         n1: 2376 0x48762E4: dlopen@@GLIBC_2.2.5 (dlopen.c:87)
          n1: 2376 0x4860341: elektraModulesLoad (in /home/jenkins/workspace/build/linux/lib/libelektra-core.so.0.8.26)
           n1: 2376 0x4849B7D: elektraPluginOpen (in /home/jenkins/workspace/build/linux/lib/libelektra-kdb.so.0.8.26)
            n0: 2376 0x4012D3: main (in /home/jenkins/workspace/build/linux/bin/benchmark_plugingetset)
 n2: 1898 0x48589D0: elektraRealloc (in /home/jenkins/workspace/build/linux/lib/libelektra-core.so.0.8.26)
  n2: 1852 0x485B06A: keyAddBaseName (in /home/jenkins/workspace/build/linux/lib/libelektra-core.so.0.8.26)
   n1: 1794 0x4E43B56: ???
    n1: 1794 0x4E50EEF: ???
     n1: 1794 0x4E4258B: ???
      n1: 1794 0x4E416E0: ???
       n1: 1794 0x4E4D39A: ???
        n0: 1794 0x4012EF: main (in /home/jenkins/workspace/build/linux/bin/benchmark_plugingetset)
   n0: 58 in 1 place, below massif's threshold (1.00%)
  n0: 46 in 1 place, below massif's threshold (1.00%)
#-----------
snapshot=25
#-----------
time=5427780
mem_heap_B=165111
mem_heap_extra_B=1193
mem_stacks_B=0
heap_tree=empty
#-----------
snapshot=26
#-----------
time=5455150
mem_heap_B=163661
mem_heap_extra_B=1099
mem_stacks_B=0
heap_tree=empty
#-----------
snapshot=27
#-----------
time=5478386
mem_heap_B=163423
mem_heap_extra_B=1113
mem_stacks_B=0
heap_tree=empty
#-----------
snapshot=28
#-----------
time=5508661
mem_heap_B=163693
mem_heap_extra_B=1195
mem_stacks_B=0
heap_tree=empty
#-----------
snapshot=29
#-----------
time=5534321
mem_heap_B=164399
mem_heap_extra_B=1209
mem_stacks_B=0
heap_tree=detailed
n9: 164399 (heap allocation functions) malloc/new/new[], --alloc-fns, etc.
 n1: 72704 0x4EFA454: ??? (in /usr/lib/x86_64-linux-gnu/libstdc++.so.6.0.25)
  n1: 72704 0x400F378: call_init.part.0 (dl-init.c:72)
   n1: 72704 0x400F474: _dl_init (dl-init.c:118)
    n1: 72704 0x40132D1: dl_open_worker (dl-open.c:517)
     n1: 72704 0x49AEB2D: _dl_catch_exception (dl-error-skeleton.c:196)
      n1: 72704 0x4012BB8: _dl_open (dl-open.c:599)
       n1: 72704 0x4876254: dlopen_doit (dlopen.c:66)
        n1: 72704 0x49AEB2D: _dl_catch_exception (dl-error-skeleton.c:196)
         n1: 72704 0x49AEBBD: _dl_catch_error (dl-error-skeleton.c:215)
          n1: 72704 0x4876973: _dlerror_run (dlerror.c:163)
           n1: 72704 0x48762E4: dlopen@@GLIBC_2.2.5 (dlopen.c:87)
            n1: 72704 0x4860341: elektraModulesLoad (in /home/jenkins/workspace/build/linux/lib/libelektra-core.so.0.8.26)
             n1: 72704 0x4849B7D: elektraPluginOpen (in /home/jenkins/workspace/build/linux/lib/libelektra-kdb.so.0.8.26)
              n0: 72704 0x4012D3: main (in /home/jenkins/workspace/build/linux/bin/benchmark_plugingetset)
 n1: 42004 0x4E4EF0D: ???
  n1: 42004 0x4E4EB4A: ???
   n1: 42004 0x4E4E8D1: ???
    n1: 42004 0x4E4E0B4: ???
     n1: 42004 0x4E49854: ???
      n1: 42004 0x4E42560: ???
       n1: 42004 0x4E416E0: ???
        n1: 42004 0x4E4D39A: ???
         n0: 42004 0x4012EF: main (in /home/jenkins/workspace/build/linux/bin/benchmark_plugingetset)
 n1: 19200 0x4E4FDB5: ???
  n1: 19200 0x4E42573: ???
   n1: 19200 0x4E416E0: ???
    n1: 19200 0x4E4D39A: ???
     n0: 19200 0x4012EF: main (in /home/jenkins/workspace/build/linux/bin/benchmark_plugingetset)
 n1: 8192 0x4F568F6: std::basic_filebuf<char, std::char_traits<char> >::_M_allocate_internal_buffer() (in /usr/lib/x86_64-linux-gnu/libstdc++.so.6.0.25)
  n1: 8192 0x4F5A790: std::basic_filebuf<char, std::char_traits<char> >::open(char const*, std::_Ios_Openmode) (in /usr/lib/x86_64-linux-gnu/libstdc++.so.6.0.25)
   n1: 8192 0x4F5B76C: std::basic_ifstream<char, std::char_traits<char> >::basic_ifstream(std::__cxx11::basic_string<char, std::char_traits<char>, std::allocator<char> > const&, std::_Ios_Openmode) (in /usr/lib/x86_64-linux-gnu/libstdc++.so.6.0.25)
    n1: 8192 0x4E42530: ???
     n1: 8192 0x4E416E0: ???
      n1: 8192 0x4E4D39A: ???
       n0: 8192 0x4012EF: main (in /home/jenkins/workspace/build/linux/bin/benchmark_plugingetset)
 n0: 7421 in 55 places, all below massif's threshold (1.00%)
 n1: 5962 0x400B2AC: _dl_new_object (dl-object.c:73)
  n1: 5962 0x4005E46: _dl_map_object_from_fd (dl-load.c:1001)
   n2: 5962 0x4008A8B: _dl_map_object (dl-load.c:2466)
    n1: 4766 0x400D290: openaux (dl-deps.c:64)
     n1: 4766 0x49AEB2D: _dl_catch_exception (dl-error-skeleton.c:196)
      n1: 4766 0x400D604: _dl_map_object_deps (dl-deps.c:248)
       n1: 4766 0x401304E: dl_open_worker (dl-open.c:271)
        n1: 4766 0x49AEB2D: _dl_catch_exception (dl-error-skeleton.c:196)
         n1: 4766 0x4012BB8: _dl_open (dl-open.c:599)
          n1: 4766 0x4876254: dlopen_doit (dlopen.c:66)
           n1: 4766 0x49AEB2D: _dl_catch_exception (dl-error-skeleton.c:196)
            n1: 4766 0x49AEBBD: _dl_catch_error (dl-error-skeleton.c:215)
             n1: 4766 0x4876973: _dlerror_run (dlerror.c:163)
              n1: 4766 0x48762E4: dlopen@@GLIBC_2.2.5 (dlopen.c:87)
               n1: 4766 0x4860341: elektraModulesLoad (in /home/jenkins/workspace/build/linux/lib/libelektra-core.so.0.8.26)
                n1: 4766 0x4849B7D: elektraPluginOpen (in /home/jenkins/workspace/build/linux/lib/libelektra-kdb.so.0.8.26)
                 n0: 4766 0x4012D3: main (in /home/jenkins/workspace/build/linux/bin/benchmark_plugingetset)
    n0: 1196 in 1 place, below massif's threshold (1.00%)
 n1: 4064 0x400A095: do_lookup_x (dl-lookup.c:253)
  n1: 4064 0x400A38D: _dl_lookup_symbol_x (dl-lookup.c:814)
   n1: 4064 0x400BD5C: _dl_relocate_object (dl-machine.h:308)
    n1: 4064 0x401319C: dl_open_worker (dl-open.c:377)
     n1: 4064 0x49AEB2D: _dl_catch_exception (dl-error-skeleton.c:196)
      n1: 4064 0x4012BB8: _dl_open (dl-open.c:599)
       n1: 4064 0x4876254: dlopen_doit (dlopen.c:66)
        n1: 4064 0x49AEB2D: _dl_catch_exception (dl-error-skeleton.c:196)
         n1: 4064 0x49AEBBD: _dl_catch_error (dl-error-skeleton.c:215)
          n1: 4064 0x4876973: _dlerror_run (dlerror.c:163)
           n1: 4064 0x48762E4: dlopen@@GLIBC_2.2.5 (dlopen.c:87)
            n1: 4064 0x4860341: elektraModulesLoad (in /home/jenkins/workspace/build/linux/lib/libelektra-core.so.0.8.26)
             n1: 4064 0x4849B7D: elektraPluginOpen (in /home/jenkins/workspace/build/linux/lib/libelektra-kdb.so.0.8.26)
              n0: 4064 0x4012D3: main (in /home/jenkins/workspace/build/linux/bin/benchmark_plugingetset)
 n2: 2476 0x48589D0: elektraRealloc (in /home/jenkins/workspace/build/linux/lib/libelektra-core.so.0.8.26)
  n2: 2430 0x485B06A: keyAddBaseName (in /home/jenkins/workspace/build/linux/lib/libelektra-core.so.0.8.26)
   n1: 2372 0x4E43B56: ???
    n1: 2372 0x4E50EEF: ???
     n1: 2372 0x4E4258B: ???
      n1: 2372 0x4E416E0: ???
       n1: 2372 0x4E4D39A: ???
        n0: 2372 0x4012EF: main (in /home/jenkins/workspace/build/linux/bin/benchmark_plugingetset)
   n0: 58 in 1 place, below massif's threshold (1.00%)
  n0: 46 in 1 place, below massif's threshold (1.00%)
 n1: 2376 0x4010A1E: _dl_check_map_versions (dl-version.c:274)
  n1: 2376 0x4013094: dl_open_worker (dl-open.c:277)
   n1: 2376 0x49AEB2D: _dl_catch_exception (dl-error-skeleton.c:196)
    n1: 2376 0x4012BB8: _dl_open (dl-open.c:599)
     n1: 2376 0x4876254: dlopen_doit (dlopen.c:66)
      n1: 2376 0x49AEB2D: _dl_catch_exception (dl-error-skeleton.c:196)
       n1: 2376 0x49AEBBD: _dl_catch_error (dl-error-skeleton.c:215)
        n1: 2376 0x4876973: _dlerror_run (dlerror.c:163)
         n1: 2376 0x48762E4: dlopen@@GLIBC_2.2.5 (dlopen.c:87)
          n1: 2376 0x4860341: elektraModulesLoad (in /home/jenkins/workspace/build/linux/lib/libelektra-core.so.0.8.26)
           n1: 2376 0x4849B7D: elektraPluginOpen (in /home/jenkins/workspace/build/linux/lib/libelektra-kdb.so.0.8.26)
            n0: 2376 0x4012D3: main (in /home/jenkins/workspace/build/linux/bin/benchmark_plugingetset)
#-----------
snapshot=30
#-----------
time=5550841
mem_heap_B=165374
mem_heap_extra_B=1250
mem_stacks_B=0
heap_tree=empty
#-----------
snapshot=31
#-----------
time=5569672
mem_heap_B=165982
mem_heap_extra_B=1306
mem_stacks_B=0
heap_tree=detailed
n9: 165982 (heap allocation functions) malloc/new/new[], --alloc-fns, etc.
 n1: 72704 0x4EFA454: ??? (in /usr/lib/x86_64-linux-gnu/libstdc++.so.6.0.25)
  n1: 72704 0x400F378: call_init.part.0 (dl-init.c:72)
   n1: 72704 0x400F474: _dl_init (dl-init.c:118)
    n1: 72704 0x40132D1: dl_open_worker (dl-open.c:517)
     n1: 72704 0x49AEB2D: _dl_catch_exception (dl-error-skeleton.c:196)
      n1: 72704 0x4012BB8: _dl_open (dl-open.c:599)
       n1: 72704 0x4876254: dlopen_doit (dlopen.c:66)
        n1: 72704 0x49AEB2D: _dl_catch_exception (dl-error-skeleton.c:196)
         n1: 72704 0x49AEBBD: _dl_catch_error (dl-error-skeleton.c:215)
          n1: 72704 0x4876973: _dlerror_run (dlerror.c:163)
           n1: 72704 0x48762E4: dlopen@@GLIBC_2.2.5 (dlopen.c:87)
            n1: 72704 0x4860341: elektraModulesLoad (in /home/jenkins/workspace/build/linux/lib/libelektra-core.so.0.8.26)
             n1: 72704 0x4849B7D: elektraPluginOpen (in /home/jenkins/workspace/build/linux/lib/libelektra-kdb.so.0.8.26)
              n0: 72704 0x4012D3: main (in /home/jenkins/workspace/build/linux/bin/benchmark_plugingetset)
 n1: 42004 0x4E4EF0D: ???
  n1: 42004 0x4E4EB4A: ???
   n1: 42004 0x4E4E8D1: ???
    n1: 42004 0x4E4E0B4: ???
     n1: 42004 0x4E49854: ???
      n1: 42004 0x4E42560: ???
       n1: 42004 0x4E416E0: ???
        n1: 42004 0x4E4D39A: ???
         n0: 42004 0x4012EF: main (in /home/jenkins/workspace/build/linux/bin/benchmark_plugingetset)
 n1: 19200 0x4E4FDB5: ???
  n1: 19200 0x4E42573: ???
   n1: 19200 0x4E416E0: ???
    n1: 19200 0x4E4D39A: ???
     n0: 19200 0x4012EF: main (in /home/jenkins/workspace/build/linux/bin/benchmark_plugingetset)
 n1: 8192 0x4F568F6: std::basic_filebuf<char, std::char_traits<char> >::_M_allocate_internal_buffer() (in /usr/lib/x86_64-linux-gnu/libstdc++.so.6.0.25)
  n1: 8192 0x4F5A790: std::basic_filebuf<char, std::char_traits<char> >::open(char const*, std::_Ios_Openmode) (in /usr/lib/x86_64-linux-gnu/libstdc++.so.6.0.25)
   n1: 8192 0x4F5B76C: std::basic_ifstream<char, std::char_traits<char> >::basic_ifstream(std::__cxx11::basic_string<char, std::char_traits<char>, std::allocator<char> > const&, std::_Ios_Openmode) (in /usr/lib/x86_64-linux-gnu/libstdc++.so.6.0.25)
    n1: 8192 0x4E42530: ???
     n1: 8192 0x4E416E0: ???
      n1: 8192 0x4E4D39A: ???
       n0: 8192 0x4012EF: main (in /home/jenkins/workspace/build/linux/bin/benchmark_plugingetset)
 n0: 8130 in 56 places, all below massif's threshold (1.00%)
 n1: 5962 0x400B2AC: _dl_new_object (dl-object.c:73)
  n1: 5962 0x4005E46: _dl_map_object_from_fd (dl-load.c:1001)
   n2: 5962 0x4008A8B: _dl_map_object (dl-load.c:2466)
    n1: 4766 0x400D290: openaux (dl-deps.c:64)
     n1: 4766 0x49AEB2D: _dl_catch_exception (dl-error-skeleton.c:196)
      n1: 4766 0x400D604: _dl_map_object_deps (dl-deps.c:248)
       n1: 4766 0x401304E: dl_open_worker (dl-open.c:271)
        n1: 4766 0x49AEB2D: _dl_catch_exception (dl-error-skeleton.c:196)
         n1: 4766 0x4012BB8: _dl_open (dl-open.c:599)
          n1: 4766 0x4876254: dlopen_doit (dlopen.c:66)
           n1: 4766 0x49AEB2D: _dl_catch_exception (dl-error-skeleton.c:196)
            n1: 4766 0x49AEBBD: _dl_catch_error (dl-error-skeleton.c:215)
             n1: 4766 0x4876973: _dlerror_run (dlerror.c:163)
              n1: 4766 0x48762E4: dlopen@@GLIBC_2.2.5 (dlopen.c:87)
               n1: 4766 0x4860341: elektraModulesLoad (in /home/jenkins/workspace/build/linux/lib/libelektra-core.so.0.8.26)
                n1: 4766 0x4849B7D: elektraPluginOpen (in /home/jenkins/workspace/build/linux/lib/libelektra-kdb.so.0.8.26)
                 n0: 4766 0x4012D3: main (in /home/jenkins/workspace/build/linux/bin/benchmark_plugingetset)
    n0: 1196 in 1 place, below massif's threshold (1.00%)
 n1: 4064 0x400A095: do_lookup_x (dl-lookup.c:253)
  n1: 4064 0x400A38D: _dl_lookup_symbol_x (dl-lookup.c:814)
   n1: 4064 0x400BD5C: _dl_relocate_object (dl-machine.h:308)
    n1: 4064 0x401319C: dl_open_worker (dl-open.c:377)
     n1: 4064 0x49AEB2D: _dl_catch_exception (dl-error-skeleton.c:196)
      n1: 4064 0x4012BB8: _dl_open (dl-open.c:599)
       n1: 4064 0x4876254: dlopen_doit (dlopen.c:66)
        n1: 4064 0x49AEB2D: _dl_catch_exception (dl-error-skeleton.c:196)
         n1: 4064 0x49AEBBD: _dl_catch_error (dl-error-skeleton.c:215)
          n1: 4064 0x4876973: _dlerror_run (dlerror.c:163)
           n1: 4064 0x48762E4: dlopen@@GLIBC_2.2.5 (dlopen.c:87)
            n1: 4064 0x4860341: elektraModulesLoad (in /home/jenkins/workspace/build/linux/lib/libelektra-core.so.0.8.26)
             n1: 4064 0x4849B7D: elektraPluginOpen (in /home/jenkins/workspace/build/linux/lib/libelektra-kdb.so.0.8.26)
              n0: 4064 0x4012D3: main (in /home/jenkins/workspace/build/linux/bin/benchmark_plugingetset)
 n2: 3350 0x48589D0: elektraRealloc (in /home/jenkins/workspace/build/linux/lib/libelektra-core.so.0.8.26)
  n2: 3304 0x485B06A: keyAddBaseName (in /home/jenkins/workspace/build/linux/lib/libelektra-core.so.0.8.26)
   n1: 3246 0x4E43B56: ???
    n1: 3246 0x4E50EEF: ???
     n1: 3246 0x4E4258B: ???
      n1: 3246 0x4E416E0: ???
       n1: 3246 0x4E4D39A: ???
        n0: 3246 0x4012EF: main (in /home/jenkins/workspace/build/linux/bin/benchmark_plugingetset)
   n0: 58 in 1 place, below massif's threshold (1.00%)
  n0: 46 in 1 place, below massif's threshold (1.00%)
 n1: 2376 0x4010A1E: _dl_check_map_versions (dl-version.c:274)
  n1: 2376 0x4013094: dl_open_worker (dl-open.c:277)
   n1: 2376 0x49AEB2D: _dl_catch_exception (dl-error-skeleton.c:196)
    n1: 2376 0x4012BB8: _dl_open (dl-open.c:599)
     n1: 2376 0x4876254: dlopen_doit (dlopen.c:66)
      n1: 2376 0x49AEB2D: _dl_catch_exception (dl-error-skeleton.c:196)
       n1: 2376 0x49AEBBD: _dl_catch_error (dl-error-skeleton.c:215)
        n1: 2376 0x4876973: _dlerror_run (dlerror.c:163)
         n1: 2376 0x48762E4: dlopen@@GLIBC_2.2.5 (dlopen.c:87)
          n1: 2376 0x4860341: elektraModulesLoad (in /home/jenkins/workspace/build/linux/lib/libelektra-core.so.0.8.26)
           n1: 2376 0x4849B7D: elektraPluginOpen (in /home/jenkins/workspace/build/linux/lib/libelektra-kdb.so.0.8.26)
            n0: 2376 0x4012D3: main (in /home/jenkins/workspace/build/linux/bin/benchmark_plugingetset)
#-----------
snapshot=32
#-----------
time=5598350
mem_heap_B=163994
mem_heap_extra_B=1166
mem_stacks_B=0
heap_tree=empty
#-----------
snapshot=33
#-----------
time=5613420
mem_heap_B=164236
mem_heap_extra_B=1196
mem_stacks_B=0
heap_tree=empty
#-----------
snapshot=34
#-----------
time=5635094
mem_heap_B=164519
mem_heap_extra_B=1201
mem_stacks_B=0
heap_tree=empty
#-----------
snapshot=35
#-----------
time=5665056
mem_heap_B=166019
mem_heap_extra_B=1293
mem_stacks_B=0
heap_tree=empty
#-----------
snapshot=36
#-----------
time=5678585
mem_heap_B=166462
mem_heap_extra_B=1322
mem_stacks_B=0
heap_tree=empty
#-----------
snapshot=37
#-----------
time=5703097
mem_heap_B=165144
mem_heap_extra_B=1248
mem_stacks_B=0
heap_tree=empty
#-----------
snapshot=38
#-----------
time=5730840
mem_heap_B=166499
mem_heap_extra_B=1357
mem_stacks_B=0
heap_tree=empty
#-----------
snapshot=39
#-----------
time=5753346
mem_heap_B=165184
mem_heap_extra_B=1280
mem_stacks_B=0
heap_tree=empty
#-----------
snapshot=40
#-----------
time=5780378
mem_heap_B=165260
mem_heap_extra_B=1300
mem_stacks_B=0
heap_tree=empty
#-----------
snapshot=41
#-----------
time=5805838
mem_heap_B=165776
mem_heap_extra_B=1336
mem_stacks_B=0
heap_tree=empty
#-----------
snapshot=42
#-----------
time=5817916
mem_heap_B=166107
mem_heap_extra_B=1389
mem_stacks_B=0
heap_tree=empty
#-----------
snapshot=43
#-----------
time=5845275
mem_heap_B=167673
mem_heap_extra_B=1479
mem_stacks_B=0
heap_tree=detailed
n9: 167673 (heap allocation functions) malloc/new/new[], --alloc-fns, etc.
 n1: 72704 0x4EFA454: ??? (in /usr/lib/x86_64-linux-gnu/libstdc++.so.6.0.25)
  n1: 72704 0x400F378: call_init.part.0 (dl-init.c:72)
   n1: 72704 0x400F474: _dl_init (dl-init.c:118)
    n1: 72704 0x40132D1: dl_open_worker (dl-open.c:517)
     n1: 72704 0x49AEB2D: _dl_catch_exception (dl-error-skeleton.c:196)
      n1: 72704 0x4012BB8: _dl_open (dl-open.c:599)
       n1: 72704 0x4876254: dlopen_doit (dlopen.c:66)
        n1: 72704 0x49AEB2D: _dl_catch_exception (dl-error-skeleton.c:196)
         n1: 72704 0x49AEBBD: _dl_catch_error (dl-error-skeleton.c:215)
          n1: 72704 0x4876973: _dlerror_run (dlerror.c:163)
           n1: 72704 0x48762E4: dlopen@@GLIBC_2.2.5 (dlopen.c:87)
            n1: 72704 0x4860341: elektraModulesLoad (in /home/jenkins/workspace/build/linux/lib/libelektra-core.so.0.8.26)
             n1: 72704 0x4849B7D: elektraPluginOpen (in /home/jenkins/workspace/build/linux/lib/libelektra-kdb.so.0.8.26)
              n0: 72704 0x4012D3: main (in /home/jenkins/workspace/build/linux/bin/benchmark_plugingetset)
 n1: 42004 0x4E4EF0D: ???
  n1: 42004 0x4E4EB4A: ???
   n1: 42004 0x4E4E8D1: ???
    n1: 42004 0x4E4E0B4: ???
     n1: 42004 0x4E49854: ???
      n1: 42004 0x4E42560: ???
       n1: 42004 0x4E416E0: ???
        n1: 42004 0x4E4D39A: ???
         n0: 42004 0x4012EF: main (in /home/jenkins/workspace/build/linux/bin/benchmark_plugingetset)
 n1: 19200 0x4E4FDB5: ???
  n1: 19200 0x4E42573: ???
   n1: 19200 0x4E416E0: ???
    n1: 19200 0x4E4D39A: ???
     n0: 19200 0x4012EF: main (in /home/jenkins/workspace/build/linux/bin/benchmark_plugingetset)
 n0: 8991 in 58 places, all below massif's threshold (1.00%)
 n1: 8192 0x4F568F6: std::basic_filebuf<char, std::char_traits<char> >::_M_allocate_internal_buffer() (in /usr/lib/x86_64-linux-gnu/libstdc++.so.6.0.25)
  n1: 8192 0x4F5A790: std::basic_filebuf<char, std::char_traits<char> >::open(char const*, std::_Ios_Openmode) (in /usr/lib/x86_64-linux-gnu/libstdc++.so.6.0.25)
   n1: 8192 0x4F5B76C: std::basic_ifstream<char, std::char_traits<char> >::basic_ifstream(std::__cxx11::basic_string<char, std::char_traits<char>, std::allocator<char> > const&, std::_Ios_Openmode) (in /usr/lib/x86_64-linux-gnu/libstdc++.so.6.0.25)
    n1: 8192 0x4E42530: ???
     n1: 8192 0x4E416E0: ???
      n1: 8192 0x4E4D39A: ???
       n0: 8192 0x4012EF: main (in /home/jenkins/workspace/build/linux/bin/benchmark_plugingetset)
 n1: 5962 0x400B2AC: _dl_new_object (dl-object.c:73)
  n1: 5962 0x4005E46: _dl_map_object_from_fd (dl-load.c:1001)
   n2: 5962 0x4008A8B: _dl_map_object (dl-load.c:2466)
    n1: 4766 0x400D290: openaux (dl-deps.c:64)
     n1: 4766 0x49AEB2D: _dl_catch_exception (dl-error-skeleton.c:196)
      n1: 4766 0x400D604: _dl_map_object_deps (dl-deps.c:248)
       n1: 4766 0x401304E: dl_open_worker (dl-open.c:271)
        n1: 4766 0x49AEB2D: _dl_catch_exception (dl-error-skeleton.c:196)
         n1: 4766 0x4012BB8: _dl_open (dl-open.c:599)
          n1: 4766 0x4876254: dlopen_doit (dlopen.c:66)
           n1: 4766 0x49AEB2D: _dl_catch_exception (dl-error-skeleton.c:196)
            n1: 4766 0x49AEBBD: _dl_catch_error (dl-error-skeleton.c:215)
             n1: 4766 0x4876973: _dlerror_run (dlerror.c:163)
              n1: 4766 0x48762E4: dlopen@@GLIBC_2.2.5 (dlopen.c:87)
               n1: 4766 0x4860341: elektraModulesLoad (in /home/jenkins/workspace/build/linux/lib/libelektra-core.so.0.8.26)
                n1: 4766 0x4849B7D: elektraPluginOpen (in /home/jenkins/workspace/build/linux/lib/libelektra-kdb.so.0.8.26)
                 n0: 4766 0x4012D3: main (in /home/jenkins/workspace/build/linux/bin/benchmark_plugingetset)
    n0: 1196 in 1 place, below massif's threshold (1.00%)
 n2: 4180 0x48589D0: elektraRealloc (in /home/jenkins/workspace/build/linux/lib/libelektra-core.so.0.8.26)
  n2: 4134 0x485B06A: keyAddBaseName (in /home/jenkins/workspace/build/linux/lib/libelektra-core.so.0.8.26)
   n1: 4076 0x4E43B56: ???
    n1: 4076 0x4E50EEF: ???
     n1: 4076 0x4E4258B: ???
      n1: 4076 0x4E416E0: ???
       n1: 4076 0x4E4D39A: ???
        n0: 4076 0x4012EF: main (in /home/jenkins/workspace/build/linux/bin/benchmark_plugingetset)
   n0: 58 in 1 place, below massif's threshold (1.00%)
  n0: 46 in 1 place, below massif's threshold (1.00%)
 n1: 4064 0x400A095: do_lookup_x (dl-lookup.c:253)
  n1: 4064 0x400A38D: _dl_lookup_symbol_x (dl-lookup.c:814)
   n1: 4064 0x400BD5C: _dl_relocate_object (dl-machine.h:308)
    n1: 4064 0x401319C: dl_open_worker (dl-open.c:377)
     n1: 4064 0x49AEB2D: _dl_catch_exception (dl-error-skeleton.c:196)
      n1: 4064 0x4012BB8: _dl_open (dl-open.c:599)
       n1: 4064 0x4876254: dlopen_doit (dlopen.c:66)
        n1: 4064 0x49AEB2D: _dl_catch_exception (dl-error-skeleton.c:196)
         n1: 4064 0x49AEBBD: _dl_catch_error (dl-error-skeleton.c:215)
          n1: 4064 0x4876973: _dlerror_run (dlerror.c:163)
           n1: 4064 0x48762E4: dlopen@@GLIBC_2.2.5 (dlopen.c:87)
            n1: 4064 0x4860341: elektraModulesLoad (in /home/jenkins/workspace/build/linux/lib/libelektra-core.so.0.8.26)
             n1: 4064 0x4849B7D: elektraPluginOpen (in /home/jenkins/workspace/build/linux/lib/libelektra-kdb.so.0.8.26)
              n0: 4064 0x4012D3: main (in /home/jenkins/workspace/build/linux/bin/benchmark_plugingetset)
 n1: 2376 0x4010A1E: _dl_check_map_versions (dl-version.c:274)
  n1: 2376 0x4013094: dl_open_worker (dl-open.c:277)
   n1: 2376 0x49AEB2D: _dl_catch_exception (dl-error-skeleton.c:196)
    n1: 2376 0x4012BB8: _dl_open (dl-open.c:599)
     n1: 2376 0x4876254: dlopen_doit (dlopen.c:66)
      n1: 2376 0x49AEB2D: _dl_catch_exception (dl-error-skeleton.c:196)
       n1: 2376 0x49AEBBD: _dl_catch_error (dl-error-skeleton.c:215)
        n1: 2376 0x4876973: _dlerror_run (dlerror.c:163)
         n1: 2376 0x48762E4: dlopen@@GLIBC_2.2.5 (dlopen.c:87)
          n1: 2376 0x4860341: elektraModulesLoad (in /home/jenkins/workspace/build/linux/lib/libelektra-core.so.0.8.26)
           n1: 2376 0x4849B7D: elektraPluginOpen (in /home/jenkins/workspace/build/linux/lib/libelektra-kdb.so.0.8.26)
            n0: 2376 0x4012D3: main (in /home/jenkins/workspace/build/linux/bin/benchmark_plugingetset)
#-----------
snapshot=44
#-----------
time=5872695
mem_heap_B=165870
mem_heap_extra_B=1338
mem_stacks_B=0
heap_tree=empty
#-----------
snapshot=45
#-----------
time=5893490
mem_heap_B=166151
mem_heap_extra_B=1361
mem_stacks_B=0
heap_tree=empty
#-----------
snapshot=46
#-----------
time=5916222
mem_heap_B=167040
mem_heap_extra_B=1400
mem_stacks_B=0
heap_tree=empty
#-----------
snapshot=47
#-----------
time=5939311
mem_heap_B=167856
mem_heap_extra_B=1456
mem_stacks_B=0
heap_tree=empty
#-----------
snapshot=48
#-----------
time=5971625
mem_heap_B=170161
mem_heap_extra_B=1575
mem_stacks_B=0
heap_tree=peak
n9: 170161 (heap allocation functions) malloc/new/new[], --alloc-fns, etc.
 n1: 72704 0x4EFA454: ??? (in /usr/lib/x86_64-linux-gnu/libstdc++.so.6.0.25)
  n1: 72704 0x400F378: call_init.part.0 (dl-init.c:72)
   n1: 72704 0x400F474: _dl_init (dl-init.c:118)
    n1: 72704 0x40132D1: dl_open_worker (dl-open.c:517)
     n1: 72704 0x49AEB2D: _dl_catch_exception (dl-error-skeleton.c:196)
      n1: 72704 0x4012BB8: _dl_open (dl-open.c:599)
       n1: 72704 0x4876254: dlopen_doit (dlopen.c:66)
        n1: 72704 0x49AEB2D: _dl_catch_exception (dl-error-skeleton.c:196)
         n1: 72704 0x49AEBBD: _dl_catch_error (dl-error-skeleton.c:215)
          n1: 72704 0x4876973: _dlerror_run (dlerror.c:163)
           n1: 72704 0x48762E4: dlopen@@GLIBC_2.2.5 (dlopen.c:87)
            n1: 72704 0x4860341: elektraModulesLoad (in /home/jenkins/workspace/build/linux/lib/libelektra-core.so.0.8.26)
             n1: 72704 0x4849B7D: elektraPluginOpen (in /home/jenkins/workspace/build/linux/lib/libelektra-kdb.so.0.8.26)
              n0: 72704 0x4012D3: main (in /home/jenkins/workspace/build/linux/bin/benchmark_plugingetset)
 n1: 42004 0x4E4EF0D: ???
  n1: 42004 0x4E4EB4A: ???
   n1: 42004 0x4E4E8D1: ???
    n1: 42004 0x4E4E0B4: ???
     n1: 42004 0x4E49854: ???
      n1: 42004 0x4E42560: ???
       n1: 42004 0x4E416E0: ???
        n1: 42004 0x4E4D39A: ???
         n0: 42004 0x4012EF: main (in /home/jenkins/workspace/build/linux/bin/benchmark_plugingetset)
 n1: 19200 0x4E4FDB5: ???
  n1: 19200 0x4E42573: ???
   n1: 19200 0x4E416E0: ???
    n1: 19200 0x4E4D39A: ???
     n0: 19200 0x4012EF: main (in /home/jenkins/workspace/build/linux/bin/benchmark_plugingetset)
 n0: 9435 in 59 places, all below massif's threshold (1.00%)
 n1: 8192 0x4F568F6: std::basic_filebuf<char, std::char_traits<char> >::_M_allocate_internal_buffer() (in /usr/lib/x86_64-linux-gnu/libstdc++.so.6.0.25)
  n1: 8192 0x4F5A790: std::basic_filebuf<char, std::char_traits<char> >::open(char const*, std::_Ios_Openmode) (in /usr/lib/x86_64-linux-gnu/libstdc++.so.6.0.25)
   n1: 8192 0x4F5B76C: std::basic_ifstream<char, std::char_traits<char> >::basic_ifstream(std::__cxx11::basic_string<char, std::char_traits<char>, std::allocator<char> > const&, std::_Ios_Openmode) (in /usr/lib/x86_64-linux-gnu/libstdc++.so.6.0.25)
    n1: 8192 0x4E42530: ???
     n1: 8192 0x4E416E0: ???
      n1: 8192 0x4E4D39A: ???
       n0: 8192 0x4012EF: main (in /home/jenkins/workspace/build/linux/bin/benchmark_plugingetset)
 n2: 6224 0x48589D0: elektraRealloc (in /home/jenkins/workspace/build/linux/lib/libelektra-core.so.0.8.26)
  n2: 6178 0x485B06A: keyAddBaseName (in /home/jenkins/workspace/build/linux/lib/libelektra-core.so.0.8.26)
   n1: 6120 0x4E43B56: ???
    n1: 6120 0x4E50EEF: ???
     n1: 6120 0x4E4258B: ???
      n1: 6120 0x4E416E0: ???
       n1: 6120 0x4E4D39A: ???
        n0: 6120 0x4012EF: main (in /home/jenkins/workspace/build/linux/bin/benchmark_plugingetset)
   n0: 58 in 1 place, below massif's threshold (1.00%)
  n0: 46 in 1 place, below massif's threshold (1.00%)
 n1: 5962 0x400B2AC: _dl_new_object (dl-object.c:73)
  n1: 5962 0x4005E46: _dl_map_object_from_fd (dl-load.c:1001)
   n2: 5962 0x4008A8B: _dl_map_object (dl-load.c:2466)
    n1: 4766 0x400D290: openaux (dl-deps.c:64)
     n1: 4766 0x49AEB2D: _dl_catch_exception (dl-error-skeleton.c:196)
      n1: 4766 0x400D604: _dl_map_object_deps (dl-deps.c:248)
       n1: 4766 0x401304E: dl_open_worker (dl-open.c:271)
        n1: 4766 0x49AEB2D: _dl_catch_exception (dl-error-skeleton.c:196)
         n1: 4766 0x4012BB8: _dl_open (dl-open.c:599)
          n1: 4766 0x4876254: dlopen_doit (dlopen.c:66)
           n1: 4766 0x49AEB2D: _dl_catch_exception (dl-error-skeleton.c:196)
            n1: 4766 0x49AEBBD: _dl_catch_error (dl-error-skeleton.c:215)
             n1: 4766 0x4876973: _dlerror_run (dlerror.c:163)
              n1: 4766 0x48762E4: dlopen@@GLIBC_2.2.5 (dlopen.c:87)
               n1: 4766 0x4860341: elektraModulesLoad (in /home/jenkins/workspace/build/linux/lib/libelektra-core.so.0.8.26)
                n1: 4766 0x4849B7D: elektraPluginOpen (in /home/jenkins/workspace/build/linux/lib/libelektra-kdb.so.0.8.26)
                 n0: 4766 0x4012D3: main (in /home/jenkins/workspace/build/linux/bin/benchmark_plugingetset)
    n0: 1196 in 1 place, below massif's threshold (1.00%)
 n1: 4064 0x400A095: do_lookup_x (dl-lookup.c:253)
  n1: 4064 0x400A38D: _dl_lookup_symbol_x (dl-lookup.c:814)
   n1: 4064 0x400BD5C: _dl_relocate_object (dl-machine.h:308)
    n1: 4064 0x401319C: dl_open_worker (dl-open.c:377)
     n1: 4064 0x49AEB2D: _dl_catch_exception (dl-error-skeleton.c:196)
      n1: 4064 0x4012BB8: _dl_open (dl-open.c:599)
       n1: 4064 0x4876254: dlopen_doit (dlopen.c:66)
        n1: 4064 0x49AEB2D: _dl_catch_exception (dl-error-skeleton.c:196)
         n1: 4064 0x49AEBBD: _dl_catch_error (dl-error-skeleton.c:215)
          n1: 4064 0x4876973: _dlerror_run (dlerror.c:163)
           n1: 4064 0x48762E4: dlopen@@GLIBC_2.2.5 (dlopen.c:87)
            n1: 4064 0x4860341: elektraModulesLoad (in /home/jenkins/workspace/build/linux/lib/libelektra-core.so.0.8.26)
             n1: 4064 0x4849B7D: elektraPluginOpen (in /home/jenkins/workspace/build/linux/lib/libelektra-kdb.so.0.8.26)
              n0: 4064 0x4012D3: main (in /home/jenkins/workspace/build/linux/bin/benchmark_plugingetset)
 n1: 2376 0x4010A1E: _dl_check_map_versions (dl-version.c:274)
  n1: 2376 0x4013094: dl_open_worker (dl-open.c:277)
   n1: 2376 0x49AEB2D: _dl_catch_exception (dl-error-skeleton.c:196)
    n1: 2376 0x4012BB8: _dl_open (dl-open.c:599)
     n1: 2376 0x4876254: dlopen_doit (dlopen.c:66)
      n1: 2376 0x49AEB2D: _dl_catch_exception (dl-error-skeleton.c:196)
       n1: 2376 0x49AEBBD: _dl_catch_error (dl-error-skeleton.c:215)
        n1: 2376 0x4876973: _dlerror_run (dlerror.c:163)
         n1: 2376 0x48762E4: dlopen@@GLIBC_2.2.5 (dlopen.c:87)
          n1: 2376 0x4860341: elektraModulesLoad (in /home/jenkins/workspace/build/linux/lib/libelektra-core.so.0.8.26)
           n1: 2376 0x4849B7D: elektraPluginOpen (in /home/jenkins/workspace/build/linux/lib/libelektra-kdb.so.0.8.26)
            n0: 2376 0x4012D3: main (in /home/jenkins/workspace/build/linux/bin/benchmark_plugingetset)
#-----------
snapshot=49
#-----------
time=5975423
mem_heap_B=168967
mem_heap_extra_B=1513
mem_stacks_B=0
heap_tree=empty
#-----------
snapshot=50
#-----------
time=5976408
mem_heap_B=168493
mem_heap_extra_B=1499
mem_stacks_B=0
heap_tree=empty
#-----------
snapshot=51
#-----------
time=5978573
mem_heap_B=168029
mem_heap_extra_B=1483
mem_stacks_B=0
heap_tree=empty
#-----------
snapshot=52
#-----------
time=5980738
mem_heap_B=167639
mem_heap_extra_B=1457
mem_stacks_B=0
heap_tree=empty
#-----------
snapshot=53
#-----------
time=5982903
mem_heap_B=167323
mem_heap_extra_B=1437
mem_stacks_B=0
heap_tree=empty
#-----------
snapshot=54
#-----------
time=5985068
mem_heap_B=167081
mem_heap_extra_B=1407
mem_stacks_B=0
heap_tree=empty
#-----------
snapshot=55
#-----------
time=5987232
mem_heap_B=166913
mem_heap_extra_B=1383
mem_stacks_B=0
heap_tree=empty
#-----------
snapshot=56
#-----------
time=5989418
mem_heap_B=166819
mem_heap_extra_B=1365
mem_stacks_B=0
heap_tree=empty
#-----------
snapshot=57
#-----------
time=5990621
mem_heap_B=166251
mem_heap_extra_B=1341
mem_stacks_B=0
heap_tree=detailed
n9: 166251 (heap allocation functions) malloc/new/new[], --alloc-fns, etc.
 n1: 72704 0x4EFA454: ??? (in /usr/lib/x86_64-linux-gnu/libstdc++.so.6.0.25)
  n1: 72704 0x400F378: call_init.part.0 (dl-init.c:72)
   n1: 72704 0x400F474: _dl_init (dl-init.c:118)
    n1: 72704 0x40132D1: dl_open_worker (dl-open.c:517)
     n1: 72704 0x49AEB2D: _dl_catch_exception (dl-error-skeleton.c:196)
      n1: 72704 0x4012BB8: _dl_open (dl-open.c:599)
       n1: 72704 0x4876254: dlopen_doit (dlopen.c:66)
        n1: 72704 0x49AEB2D: _dl_catch_exception (dl-error-skeleton.c:196)
         n1: 72704 0x49AEBBD: _dl_catch_error (dl-error-skeleton.c:215)
          n1: 72704 0x4876973: _dlerror_run (dlerror.c:163)
           n1: 72704 0x48762E4: dlopen@@GLIBC_2.2.5 (dlopen.c:87)
            n1: 72704 0x4860341: elektraModulesLoad (in /home/jenkins/workspace/build/linux/lib/libelektra-core.so.0.8.26)
             n1: 72704 0x4849B7D: elektraPluginOpen (in /home/jenkins/workspace/build/linux/lib/libelektra-kdb.so.0.8.26)
              n0: 72704 0x4012D3: main (in /home/jenkins/workspace/build/linux/bin/benchmark_plugingetset)
 n1: 42004 0x4E4EF0D: ???
  n1: 42004 0x4E4EB4A: ???
   n1: 42004 0x4E4E8D1: ???
    n1: 42004 0x4E4E0B4: ???
     n1: 42004 0x4E49854: ???
      n1: 42004 0x4E42560: ???
       n1: 42004 0x4E416E0: ???
        n1: 42004 0x4E4D39A: ???
         n0: 42004 0x4012EF: main (in /home/jenkins/workspace/build/linux/bin/benchmark_plugingetset)
 n1: 19200 0x4E4FDB5: ???
  n1: 19200 0x4E42573: ???
   n1: 19200 0x4E416E0: ???
    n1: 19200 0x4E4D39A: ???
     n0: 19200 0x4012EF: main (in /home/jenkins/workspace/build/linux/bin/benchmark_plugingetset)
 n1: 8192 0x4F568F6: std::basic_filebuf<char, std::char_traits<char> >::_M_allocate_internal_buffer() (in /usr/lib/x86_64-linux-gnu/libstdc++.so.6.0.25)
  n1: 8192 0x4F5A790: std::basic_filebuf<char, std::char_traits<char> >::open(char const*, std::_Ios_Openmode) (in /usr/lib/x86_64-linux-gnu/libstdc++.so.6.0.25)
   n1: 8192 0x4F5B76C: std::basic_ifstream<char, std::char_traits<char> >::basic_ifstream(std::__cxx11::basic_string<char, std::char_traits<char>, std::allocator<char> > const&, std::_Ios_Openmode) (in /usr/lib/x86_64-linux-gnu/libstdc++.so.6.0.25)
    n1: 8192 0x4E42530: ???
     n1: 8192 0x4E416E0: ???
      n1: 8192 0x4E4D39A: ???
       n0: 8192 0x4012EF: main (in /home/jenkins/workspace/build/linux/bin/benchmark_plugingetset)
 n0: 7837 in 59 places, all below massif's threshold (1.00%)
 n1: 5962 0x400B2AC: _dl_new_object (dl-object.c:73)
  n1: 5962 0x4005E46: _dl_map_object_from_fd (dl-load.c:1001)
   n2: 5962 0x4008A8B: _dl_map_object (dl-load.c:2466)
    n1: 4766 0x400D290: openaux (dl-deps.c:64)
     n1: 4766 0x49AEB2D: _dl_catch_exception (dl-error-skeleton.c:196)
      n1: 4766 0x400D604: _dl_map_object_deps (dl-deps.c:248)
       n1: 4766 0x401304E: dl_open_worker (dl-open.c:271)
        n1: 4766 0x49AEB2D: _dl_catch_exception (dl-error-skeleton.c:196)
         n1: 4766 0x4012BB8: _dl_open (dl-open.c:599)
          n1: 4766 0x4876254: dlopen_doit (dlopen.c:66)
           n1: 4766 0x49AEB2D: _dl_catch_exception (dl-error-skeleton.c:196)
            n1: 4766 0x49AEBBD: _dl_catch_error (dl-error-skeleton.c:215)
             n1: 4766 0x4876973: _dlerror_run (dlerror.c:163)
              n1: 4766 0x48762E4: dlopen@@GLIBC_2.2.5 (dlopen.c:87)
               n1: 4766 0x4860341: elektraModulesLoad (in /home/jenkins/workspace/build/linux/lib/libelektra-core.so.0.8.26)
                n1: 4766 0x4849B7D: elektraPluginOpen (in /home/jenkins/workspace/build/linux/lib/libelektra-kdb.so.0.8.26)
                 n0: 4766 0x4012D3: main (in /home/jenkins/workspace/build/linux/bin/benchmark_plugingetset)
    n0: 1196 in 1 place, below massif's threshold (1.00%)
 n1: 4064 0x400A095: do_lookup_x (dl-lookup.c:253)
  n1: 4064 0x400A38D: _dl_lookup_symbol_x (dl-lookup.c:814)
   n1: 4064 0x400BD5C: _dl_relocate_object (dl-machine.h:308)
    n1: 4064 0x401319C: dl_open_worker (dl-open.c:377)
     n1: 4064 0x49AEB2D: _dl_catch_exception (dl-error-skeleton.c:196)
      n1: 4064 0x4012BB8: _dl_open (dl-open.c:599)
       n1: 4064 0x4876254: dlopen_doit (dlopen.c:66)
        n1: 4064 0x49AEB2D: _dl_catch_exception (dl-error-skeleton.c:196)
         n1: 4064 0x49AEBBD: _dl_catch_error (dl-error-skeleton.c:215)
          n1: 4064 0x4876973: _dlerror_run (dlerror.c:163)
           n1: 4064 0x48762E4: dlopen@@GLIBC_2.2.5 (dlopen.c:87)
            n1: 4064 0x4860341: elektraModulesLoad (in /home/jenkins/workspace/build/linux/lib/libelektra-core.so.0.8.26)
             n1: 4064 0x4849B7D: elektraPluginOpen (in /home/jenkins/workspace/build/linux/lib/libelektra-kdb.so.0.8.26)
              n0: 4064 0x4012D3: main (in /home/jenkins/workspace/build/linux/bin/benchmark_plugingetset)
 n2: 3912 0x48589D0: elektraRealloc (in /home/jenkins/workspace/build/linux/lib/libelektra-core.so.0.8.26)
  n2: 3866 0x485B06A: keyAddBaseName (in /home/jenkins/workspace/build/linux/lib/libelektra-core.so.0.8.26)
   n1: 3808 0x4E43B56: ???
    n1: 3808 0x4E50EEF: ???
     n1: 3808 0x4E4258B: ???
      n1: 3808 0x4E416E0: ???
       n1: 3808 0x4E4D39A: ???
        n0: 3808 0x4012EF: main (in /home/jenkins/workspace/build/linux/bin/benchmark_plugingetset)
   n0: 58 in 1 place, below massif's threshold (1.00%)
  n0: 46 in 1 place, below massif's threshold (1.00%)
 n1: 2376 0x4010A1E: _dl_check_map_versions (dl-version.c:274)
  n1: 2376 0x4013094: dl_open_worker (dl-open.c:277)
   n1: 2376 0x49AEB2D: _dl_catch_exception (dl-error-skeleton.c:196)
    n1: 2376 0x4012BB8: _dl_open (dl-open.c:599)
     n1: 2376 0x4876254: dlopen_doit (dlopen.c:66)
      n1: 2376 0x49AEB2D: _dl_catch_exception (dl-error-skeleton.c:196)
       n1: 2376 0x49AEBBD: _dl_catch_error (dl-error-skeleton.c:215)
        n1: 2376 0x4876973: _dlerror_run (dlerror.c:163)
         n1: 2376 0x48762E4: dlopen@@GLIBC_2.2.5 (dlopen.c:87)
          n1: 2376 0x4860341: elektraModulesLoad (in /home/jenkins/workspace/build/linux/lib/libelektra-core.so.0.8.26)
           n1: 2376 0x4849B7D: elektraPluginOpen (in /home/jenkins/workspace/build/linux/lib/libelektra-kdb.so.0.8.26)
            n0: 2376 0x4012D3: main (in /home/jenkins/workspace/build/linux/bin/benchmark_plugingetset)
#-----------
snapshot=58
#-----------
time=5992313
mem_heap_B=147051
mem_heap_extra_B=1333
mem_stacks_B=0
heap_tree=empty
#-----------
snapshot=59
#-----------
time=5993219
mem_heap_B=95359
mem_heap_extra_B=1257
mem_stacks_B=0
heap_tree=empty
#-----------
snapshot=60
#-----------
time=5999269
mem_heap_B=95223
mem_heap_extra_B=1241
mem_stacks_B=0
heap_tree=empty
#-----------
snapshot=61
#-----------
time=6000233
mem_heap_B=93719
mem_heap_extra_B=1145
mem_stacks_B=0
heap_tree=empty
#-----------
snapshot=62
#-----------
time=6002303
mem_heap_B=93367
mem_heap_extra_B=1065
mem_stacks_B=0
heap_tree=empty
#-----------
snapshot=63
#-----------
time=6005326
mem_heap_B=93237
mem_heap_extra_B=1059
mem_stacks_B=0
heap_tree=empty
#-----------
snapshot=64
#-----------
time=6008681
mem_heap_B=93223
mem_heap_extra_B=1049
mem_stacks_B=0
heap_tree=empty
#-----------
snapshot=65
#-----------
time=6013836
mem_heap_B=93255
mem_heap_extra_B=1057
mem_stacks_B=0
heap_tree=empty
#-----------
snapshot=66
#-----------
time=6014754
mem_heap_B=91309
mem_heap_extra_B=971
mem_stacks_B=0
heap_tree=empty
#-----------
snapshot=67
#-----------
time=6016667
mem_heap_B=89655
mem_heap_extra_B=865
mem_stacks_B=0
heap_tree=detailed
n7: 89655 (heap allocation functions) malloc/new/new[], --alloc-fns, etc.
 n1: 72704 0x4EFA454: ??? (in /usr/lib/x86_64-linux-gnu/libstdc++.so.6.0.25)
  n1: 72704 0x400F378: call_init.part.0 (dl-init.c:72)
   n1: 72704 0x400F474: _dl_init (dl-init.c:118)
    n1: 72704 0x40132D1: dl_open_worker (dl-open.c:517)
     n1: 72704 0x49AEB2D: _dl_catch_exception (dl-error-skeleton.c:196)
      n1: 72704 0x4012BB8: _dl_open (dl-open.c:599)
       n1: 72704 0x4876254: dlopen_doit (dlopen.c:66)
        n1: 72704 0x49AEB2D: _dl_catch_exception (dl-error-skeleton.c:196)
         n1: 72704 0x49AEBBD: _dl_catch_error (dl-error-skeleton.c:215)
          n1: 72704 0x4876973: _dlerror_run (dlerror.c:163)
           n1: 72704 0x48762E4: dlopen@@GLIBC_2.2.5 (dlopen.c:87)
            n1: 72704 0x4860341: elektraModulesLoad (in /home/jenkins/workspace/build/linux/lib/libelektra-core.so.0.8.26)
             n1: 72704 0x4849B7D: elektraPluginOpen (in /home/jenkins/workspace/build/linux/lib/libelektra-kdb.so.0.8.26)
              n0: 72704 0x4012D3: main (in /home/jenkins/workspace/build/linux/bin/benchmark_plugingetset)
 n1: 4064 0x400A095: do_lookup_x (dl-lookup.c:253)
  n1: 4064 0x400A38D: _dl_lookup_symbol_x (dl-lookup.c:814)
   n1: 4064 0x400BD5C: _dl_relocate_object (dl-machine.h:308)
    n1: 4064 0x401319C: dl_open_worker (dl-open.c:377)
     n1: 4064 0x49AEB2D: _dl_catch_exception (dl-error-skeleton.c:196)
      n1: 4064 0x4012BB8: _dl_open (dl-open.c:599)
       n1: 4064 0x4876254: dlopen_doit (dlopen.c:66)
        n1: 4064 0x49AEB2D: _dl_catch_exception (dl-error-skeleton.c:196)
         n1: 4064 0x49AEBBD: _dl_catch_error (dl-error-skeleton.c:215)
          n1: 4064 0x4876973: _dlerror_run (dlerror.c:163)
           n1: 4064 0x48762E4: dlopen@@GLIBC_2.2.5 (dlopen.c:87)
            n1: 4064 0x4860341: elektraModulesLoad (in /home/jenkins/workspace/build/linux/lib/libelektra-core.so.0.8.26)
             n1: 4064 0x4849B7D: elektraPluginOpen (in /home/jenkins/workspace/build/linux/lib/libelektra-kdb.so.0.8.26)
              n0: 4064 0x4012D3: main (in /home/jenkins/workspace/build/linux/bin/benchmark_plugingetset)
 n2: 3808 0x48589D0: elektraRealloc (in /home/jenkins/workspace/build/linux/lib/libelektra-core.so.0.8.26)
  n2: 3808 0x485B06A: keyAddBaseName (in /home/jenkins/workspace/build/linux/lib/libelektra-core.so.0.8.26)
   n1: 3808 0x4E43B56: ???
    n1: 3808 0x4E50EEF: ???
     n1: 3808 0x4E4258B: ???
      n1: 3808 0x4E416E0: ???
       n1: 3808 0x4E4D39A: ???
        n0: 3808 0x4012EF: main (in /home/jenkins/workspace/build/linux/bin/benchmark_plugingetset)
   n0: 0 in 1 place, below massif's threshold (1.00%)
  n0: 0 in 1 place, below massif's threshold (1.00%)
 n1: 3567 0x400B2AC: _dl_new_object (dl-object.c:73)
  n1: 3567 0x4005E46: _dl_map_object_from_fd (dl-load.c:1001)
   n2: 3567 0x4008A8B: _dl_map_object (dl-load.c:2466)
    n1: 3567 0x400D290: openaux (dl-deps.c:64)
     n1: 3567 0x49AEB2D: _dl_catch_exception (dl-error-skeleton.c:196)
      n1: 3567 0x400D604: _dl_map_object_deps (dl-deps.c:248)
       n1: 3567 0x401304E: dl_open_worker (dl-open.c:271)
        n1: 3567 0x49AEB2D: _dl_catch_exception (dl-error-skeleton.c:196)
         n1: 3567 0x4012BB8: _dl_open (dl-open.c:599)
          n1: 3567 0x4876254: dlopen_doit (dlopen.c:66)
           n1: 3567 0x49AEB2D: _dl_catch_exception (dl-error-skeleton.c:196)
            n1: 3567 0x49AEBBD: _dl_catch_error (dl-error-skeleton.c:215)
             n1: 3567 0x4876973: _dlerror_run (dlerror.c:163)
              n1: 3567 0x48762E4: dlopen@@GLIBC_2.2.5 (dlopen.c:87)
               n1: 3567 0x4860341: elektraModulesLoad (in /home/jenkins/workspace/build/linux/lib/libelektra-core.so.0.8.26)
                n1: 3567 0x4849B7D: elektraPluginOpen (in /home/jenkins/workspace/build/linux/lib/libelektra-kdb.so.0.8.26)
                 n0: 3567 0x4012D3: main (in /home/jenkins/workspace/build/linux/bin/benchmark_plugingetset)
    n0: 0 in 1 place, below massif's threshold (1.00%)
 n0: 2424 in 62 places, all below massif's threshold (1.00%)
 n1: 2064 0x4010A1E: _dl_check_map_versions (dl-version.c:274)
  n1: 2064 0x4013094: dl_open_worker (dl-open.c:277)
   n1: 2064 0x49AEB2D: _dl_catch_exception (dl-error-skeleton.c:196)
    n1: 2064 0x4012BB8: _dl_open (dl-open.c:599)
     n1: 2064 0x4876254: dlopen_doit (dlopen.c:66)
      n1: 2064 0x49AEB2D: _dl_catch_exception (dl-error-skeleton.c:196)
       n1: 2064 0x49AEBBD: _dl_catch_error (dl-error-skeleton.c:215)
        n1: 2064 0x4876973: _dlerror_run (dlerror.c:163)
         n1: 2064 0x48762E4: dlopen@@GLIBC_2.2.5 (dlopen.c:87)
          n1: 2064 0x4860341: elektraModulesLoad (in /home/jenkins/workspace/build/linux/lib/libelektra-core.so.0.8.26)
           n1: 2064 0x4849B7D: elektraPluginOpen (in /home/jenkins/workspace/build/linux/lib/libelektra-kdb.so.0.8.26)
            n0: 2064 0x4012D3: main (in /home/jenkins/workspace/build/linux/bin/benchmark_plugingetset)
 n1: 1024 0x4858B77: elektraVFormat (in /home/jenkins/workspace/build/linux/lib/libelektra-core.so.0.8.26)
  n1: 1024 0x4858B56: elektraFormat (in /home/jenkins/workspace/build/linux/lib/libelektra-core.so.0.8.26)
   n0: 1024 in 2 places, all below massif's threshold (1.00%)
#-----------
snapshot=68
#-----------
time=6017561
mem_heap_B=89399
mem_heap_extra_B=841
mem_stacks_B=0
heap_tree=empty
#-----------
snapshot=69
#-----------
time=6019065
mem_heap_B=88887
mem_heap_extra_B=833
mem_stacks_B=0
heap_tree=empty
#-----------
snapshot=70
#-----------
time=6019958
mem_heap_B=85979
mem_heap_extra_B=621
mem_stacks_B=0
heap_tree=empty
#-----------
snapshot=71
#-----------
time=6020884
mem_heap_B=83824
mem_heap_extra_B=384
mem_stacks_B=0
heap_tree=empty
#-----------
snapshot=72
#-----------
time=6027953
mem_heap_B=82897
mem_heap_extra_B=271
mem_stacks_B=0
heap_tree=empty
