desc: --massif-out-file=results/generated_5.yawn.out
cmd: build/linux/bin/benchmark_plugingetset benchmarks/data/generated_5 user yawn get
time_unit: i
#-----------
snapshot=0
#-----------
time=0
mem_heap_B=0
mem_heap_extra_B=0
mem_stacks_B=0
heap_tree=empty
#-----------
snapshot=1
#-----------
time=209283
mem_heap_B=64
mem_heap_extra_B=8
mem_stacks_B=0
heap_tree=empty
#-----------
snapshot=2
#-----------
time=224376
mem_heap_B=1321
mem_heap_extra_B=55
mem_stacks_B=0
heap_tree=empty
#-----------
snapshot=3
#-----------
time=237263
mem_heap_B=1395
mem_heap_extra_B=77
mem_stacks_B=0
heap_tree=empty
#-----------
snapshot=4
#-----------
time=255954
mem_heap_B=2011
mem_heap_extra_B=181
mem_stacks_B=0
heap_tree=empty
#-----------
snapshot=5
#-----------
time=269764
mem_heap_B=2091
mem_heap_extra_B=205
mem_stacks_B=0
heap_tree=empty
#-----------
snapshot=6
#-----------
time=280691
mem_heap_B=4712
mem_heap_extra_B=272
mem_stacks_B=0
heap_tree=empty
#-----------
snapshot=7
#-----------
time=292557
mem_heap_B=7357
mem_heap_extra_B=371
mem_stacks_B=0
heap_tree=empty
#-----------
snapshot=8
#-----------
time=305396
mem_heap_B=8691
mem_heap_extra_B=445
mem_stacks_B=0
heap_tree=empty
#-----------
snapshot=9
#-----------
time=316487
mem_heap_B=8779
mem_heap_extra_B=461
mem_stacks_B=0
heap_tree=empty
#-----------
snapshot=10
#-----------
time=329534
mem_heap_B=9267
mem_heap_extra_B=517
mem_stacks_B=0
heap_tree=empty
#-----------
snapshot=11
#-----------
time=342520
mem_heap_B=11403
mem_heap_extra_B=557
mem_stacks_B=0
heap_tree=detailed
n12: 11403 (heap allocation functions) malloc/new/new[], --alloc-fns, etc.
 n1: 5961 0x400B2AC: _dl_new_object (dl-object.c:73)
  n1: 5961 0x4005E46: _dl_map_object_from_fd (dl-load.c:1001)
   n2: 5961 0x4008A8B: _dl_map_object (dl-load.c:2466)
    n1: 4766 0x400D290: openaux (dl-deps.c:64)
     n1: 4766 0x49B5B2D: _dl_catch_exception (dl-error-skeleton.c:196)
      n1: 4766 0x400D604: _dl_map_object_deps (dl-deps.c:248)
       n1: 4766 0x401304E: dl_open_worker (dl-open.c:271)
        n1: 4766 0x49B5B2D: _dl_catch_exception (dl-error-skeleton.c:196)
         n1: 4766 0x4012BB8: _dl_open (dl-open.c:599)
          n1: 4766 0x487D254: dlopen_doit (dlopen.c:66)
           n1: 4766 0x49B5B2D: _dl_catch_exception (dl-error-skeleton.c:196)
            n1: 4766 0x49B5BBD: _dl_catch_error (dl-error-skeleton.c:215)
             n1: 4766 0x487D973: _dlerror_run (dlerror.c:163)
              n1: 4766 0x487D2E4: dlopen@@GLIBC_2.2.5 (dlopen.c:87)
               n1: 4766 0x48666EB: elektraModulesLoad (in /home/jenkins/workspace/build/linux/lib/libelektra-core.so.0.8.26)
                n1: 4766 0x484FD71: elektraPluginOpen (in /home/jenkins/workspace/build/linux/lib/libelektra-kdb.so.0.8.26)
                 n0: 4766 0x1091E1: main (in /home/jenkins/workspace/build/linux/bin/benchmark_plugingetset)
    n1: 1195 0x4012FE9: dl_open_worker (dl-open.c:228)
     n1: 1195 0x49B5B2D: _dl_catch_exception (dl-error-skeleton.c:196)
      n1: 1195 0x4012BB8: _dl_open (dl-open.c:599)
       n1: 1195 0x487D254: dlopen_doit (dlopen.c:66)
        n1: 1195 0x49B5B2D: _dl_catch_exception (dl-error-skeleton.c:196)
         n1: 1195 0x49B5BBD: _dl_catch_error (dl-error-skeleton.c:215)
          n1: 1195 0x487D973: _dlerror_run (dlerror.c:163)
           n1: 1195 0x487D2E4: dlopen@@GLIBC_2.2.5 (dlopen.c:87)
            n1: 1195 0x48666EB: elektraModulesLoad (in /home/jenkins/workspace/build/linux/lib/libelektra-core.so.0.8.26)
             n1: 1195 0x484FD71: elektraPluginOpen (in /home/jenkins/workspace/build/linux/lib/libelektra-kdb.so.0.8.26)
              n0: 1195 0x1091E1: main (in /home/jenkins/workspace/build/linux/bin/benchmark_plugingetset)
 n1: 2376 0x4010A1E: _dl_check_map_versions (dl-version.c:274)
  n1: 2376 0x4013094: dl_open_worker (dl-open.c:277)
   n1: 2376 0x49B5B2D: _dl_catch_exception (dl-error-skeleton.c:196)
    n1: 2376 0x4012BB8: _dl_open (dl-open.c:599)
     n1: 2376 0x487D254: dlopen_doit (dlopen.c:66)
      n1: 2376 0x49B5B2D: _dl_catch_exception (dl-error-skeleton.c:196)
       n1: 2376 0x49B5BBD: _dl_catch_error (dl-error-skeleton.c:215)
        n1: 2376 0x487D973: _dlerror_run (dlerror.c:163)
         n1: 2376 0x487D2E4: dlopen@@GLIBC_2.2.5 (dlopen.c:87)
          n1: 2376 0x48666EB: elektraModulesLoad (in /home/jenkins/workspace/build/linux/lib/libelektra-core.so.0.8.26)
           n1: 2376 0x484FD71: elektraPluginOpen (in /home/jenkins/workspace/build/linux/lib/libelektra-kdb.so.0.8.26)
            n0: 2376 0x1091E1: main (in /home/jenkins/workspace/build/linux/bin/benchmark_plugingetset)
 n1: 1024 0x485EBF6: elektraVFormat (in /home/jenkins/workspace/build/linux/lib/libelektra-core.so.0.8.26)
  n2: 1024 0x485ED2A: elektraFormat (in /home/jenkins/workspace/build/linux/lib/libelektra-core.so.0.8.26)
   n0: 512 0x109162: main (in /home/jenkins/workspace/build/linux/bin/benchmark_plugingetset)
   n0: 512 0x109179: main (in /home/jenkins/workspace/build/linux/bin/benchmark_plugingetset)
 n1: 384 0x4863428: ksVNew (in /home/jenkins/workspace/build/linux/lib/libelektra-core.so.0.8.26)
  n3: 384 0x486356A: ksNew (in /home/jenkins/workspace/build/linux/lib/libelektra-core.so.0.8.26)
   n0: 128 0x10914B: main (in /home/jenkins/workspace/build/linux/bin/benchmark_plugingetset)
   n0: 128 0x1091A0: main (in /home/jenkins/workspace/build/linux/bin/benchmark_plugingetset)
   n0: 128 0x1091AF: main (in /home/jenkins/workspace/build/linux/bin/benchmark_plugingetset)
 n0: 317 in 8 places, all below massif's threshold (1.00%)
 n1: 256 0x400D46A: _dl_map_object_deps (dl-deps.c:438)
  n1: 256 0x401304E: dl_open_worker (dl-open.c:271)
   n1: 256 0x49B5B2D: _dl_catch_exception (dl-error-skeleton.c:196)
    n1: 256 0x4012BB8: _dl_open (dl-open.c:599)
     n1: 256 0x487D254: dlopen_doit (dlopen.c:66)
      n1: 256 0x49B5B2D: _dl_catch_exception (dl-error-skeleton.c:196)
       n1: 256 0x49B5BBD: _dl_catch_error (dl-error-skeleton.c:215)
        n1: 256 0x487D973: _dlerror_run (dlerror.c:163)
         n1: 256 0x487D2E4: dlopen@@GLIBC_2.2.5 (dlopen.c:87)
          n1: 256 0x48666EB: elektraModulesLoad (in /home/jenkins/workspace/build/linux/lib/libelektra-core.so.0.8.26)
           n1: 256 0x484FD71: elektraPluginOpen (in /home/jenkins/workspace/build/linux/lib/libelektra-kdb.so.0.8.26)
            n0: 256 0x1091E1: main (in /home/jenkins/workspace/build/linux/bin/benchmark_plugingetset)
 n1: 256 0x485F3A2: keyVNew (in /home/jenkins/workspace/build/linux/lib/libelektra-core.so.0.8.26)
  n1: 256 0x485F460: keyNew (in /home/jenkins/workspace/build/linux/lib/libelektra-core.so.0.8.26)
   n0: 256 in 4 places, all below massif's threshold (1.00%)
 n1: 231 0x400B58E: _dl_new_object (dl-object.c:163)
  n1: 231 0x4005E46: _dl_map_object_from_fd (dl-load.c:1001)
   n2: 231 0x4008A8B: _dl_map_object (dl-load.c:2466)
    n1: 172 0x400D290: openaux (dl-deps.c:64)
     n1: 172 0x49B5B2D: _dl_catch_exception (dl-error-skeleton.c:196)
      n1: 172 0x400D604: _dl_map_object_deps (dl-deps.c:248)
       n1: 172 0x401304E: dl_open_worker (dl-open.c:271)
        n1: 172 0x49B5B2D: _dl_catch_exception (dl-error-skeleton.c:196)
         n1: 172 0x4012BB8: _dl_open (dl-open.c:599)
          n1: 172 0x487D254: dlopen_doit (dlopen.c:66)
           n1: 172 0x49B5B2D: _dl_catch_exception (dl-error-skeleton.c:196)
            n1: 172 0x49B5BBD: _dl_catch_error (dl-error-skeleton.c:215)
             n1: 172 0x487D973: _dlerror_run (dlerror.c:163)
              n1: 172 0x487D2E4: dlopen@@GLIBC_2.2.5 (dlopen.c:87)
               n1: 172 0x48666EB: elektraModulesLoad (in /home/jenkins/workspace/build/linux/lib/libelektra-core.so.0.8.26)
                n1: 172 0x484FD71: elektraPluginOpen (in /home/jenkins/workspace/build/linux/lib/libelektra-kdb.so.0.8.26)
                 n0: 172 0x1091E1: main (in /home/jenkins/workspace/build/linux/bin/benchmark_plugingetset)
    n0: 59 in 1 place, below massif's threshold (1.00%)
 n1: 192 0x48633F2: ksVNew (in /home/jenkins/workspace/build/linux/lib/libelektra-core.so.0.8.26)
  n1: 192 0x486356A: ksNew (in /home/jenkins/workspace/build/linux/lib/libelektra-core.so.0.8.26)
   n0: 192 in 3 places, all below massif's threshold (1.00%)
 n1: 152 0x400D904: _dl_map_object_deps (dl-deps.c:479)
  n1: 152 0x401304E: dl_open_worker (dl-open.c:271)
   n1: 152 0x49B5B2D: _dl_catch_exception (dl-error-skeleton.c:196)
    n1: 152 0x4012BB8: _dl_open (dl-open.c:599)
     n1: 152 0x487D254: dlopen_doit (dlopen.c:66)
      n1: 152 0x49B5B2D: _dl_catch_exception (dl-error-skeleton.c:196)
       n1: 152 0x49B5BBD: _dl_catch_error (dl-error-skeleton.c:215)
        n1: 152 0x487D973: _dlerror_run (dlerror.c:163)
         n1: 152 0x487D2E4: dlopen@@GLIBC_2.2.5 (dlopen.c:87)
          n1: 152 0x48666EB: elektraModulesLoad (in /home/jenkins/workspace/build/linux/lib/libelektra-core.so.0.8.26)
           n1: 152 0x484FD71: elektraPluginOpen (in /home/jenkins/workspace/build/linux/lib/libelektra-kdb.so.0.8.26)
            n0: 152 0x1091E1: main (in /home/jenkins/workspace/build/linux/bin/benchmark_plugingetset)
 n1: 132 0x40081A8: fillin_rpath (dl-load.c:509)
  n1: 132 0x40083BA: decompose_rpath.isra.10 (dl-load.c:631)
   n1: 132 0x4009105: _dl_map_object (dl-load.c:2297)
    n1: 132 0x400D290: openaux (dl-deps.c:64)
     n1: 132 0x49B5B2D: _dl_catch_exception (dl-error-skeleton.c:196)
      n1: 132 0x400D604: _dl_map_object_deps (dl-deps.c:248)
       n1: 132 0x401304E: dl_open_worker (dl-open.c:271)
        n1: 132 0x49B5B2D: _dl_catch_exception (dl-error-skeleton.c:196)
         n1: 132 0x4012BB8: _dl_open (dl-open.c:599)
          n1: 132 0x487D254: dlopen_doit (dlopen.c:66)
           n1: 132 0x49B5B2D: _dl_catch_exception (dl-error-skeleton.c:196)
            n1: 132 0x49B5BBD: _dl_catch_error (dl-error-skeleton.c:215)
             n1: 132 0x487D973: _dlerror_run (dlerror.c:163)
              n1: 132 0x487D2E4: dlopen@@GLIBC_2.2.5 (dlopen.c:87)
               n1: 132 0x48666EB: elektraModulesLoad (in /home/jenkins/workspace/build/linux/lib/libelektra-core.so.0.8.26)
                n1: 132 0x484FD71: elektraPluginOpen (in /home/jenkins/workspace/build/linux/lib/libelektra-kdb.so.0.8.26)
                 n0: 132 0x1091E1: main (in /home/jenkins/workspace/build/linux/bin/benchmark_plugingetset)
 n1: 122 0x4007798: open_path (dl-load.c:2112)
  n1: 122 0x4008C16: _dl_map_object (dl-load.c:2297)
   n0: 122 in 2 places, all below massif's threshold (1.00%)
#-----------
snapshot=12
#-----------
time=862994
mem_heap_B=12395
mem_heap_extra_B=565
mem_stacks_B=0
heap_tree=empty
#-----------
snapshot=13
#-----------
time=943542
mem_heap_B=14347
mem_heap_extra_B=573
mem_stacks_B=0
heap_tree=empty
#-----------
snapshot=14
#-----------
time=944425
mem_heap_B=13355
mem_heap_extra_B=565
mem_stacks_B=0
heap_tree=empty
#-----------
snapshot=15
#-----------
time=3223076
mem_heap_B=17419
mem_heap_extra_B=573
mem_stacks_B=0
heap_tree=empty
#-----------
snapshot=16
#-----------
time=3224707
mem_heap_B=15467
mem_heap_extra_B=565
mem_stacks_B=0
heap_tree=empty
#-----------
snapshot=17
#-----------
time=5073597
mem_heap_B=88171
mem_heap_extra_B=573
mem_stacks_B=0
heap_tree=empty
#-----------
snapshot=18
#-----------
time=5125306
mem_heap_B=88235
mem_heap_extra_B=581
mem_stacks_B=0
heap_tree=empty
#-----------
snapshot=19
#-----------
time=5144023
mem_heap_B=113428
mem_heap_extra_B=956
mem_stacks_B=0
heap_tree=empty
#-----------
snapshot=20
#-----------
time=5176908
mem_heap_B=113697
mem_heap_extra_B=959
mem_stacks_B=0
heap_tree=empty
#-----------
snapshot=21
#-----------
time=5189068
mem_heap_B=114645
mem_heap_extra_B=979
mem_stacks_B=0
heap_tree=empty
#-----------
snapshot=22
#-----------
time=5205284
mem_heap_B=115173
mem_heap_extra_B=987
mem_stacks_B=0
heap_tree=empty
#-----------
snapshot=23
#-----------
time=5224341
mem_heap_B=115701
mem_heap_extra_B=995
mem_stacks_B=0
heap_tree=empty
#-----------
snapshot=24
#-----------
time=5238555
mem_heap_B=118341
mem_heap_extra_B=1035
mem_stacks_B=0
heap_tree=empty
#-----------
snapshot=25
#-----------
time=5251068
mem_heap_B=120453
mem_heap_extra_B=1067
mem_stacks_B=0
heap_tree=empty
#-----------
snapshot=26
#-----------
time=5287305
mem_heap_B=120581
mem_heap_extra_B=1075
mem_stacks_B=0
heap_tree=empty
#-----------
snapshot=27
#-----------
time=5303614
mem_heap_B=129010
mem_heap_extra_B=1062
mem_stacks_B=0
heap_tree=detailed
n8: 129010 (heap allocation functions) malloc/new/new[], --alloc-fns, etc.
 n1: 72704 0x4F0F454: ??? (in /usr/lib/x86_64-linux-gnu/libstdc++.so.6.0.25)
  n1: 72704 0x400F378: call_init.part.0 (dl-init.c:72)
   n1: 72704 0x400F474: _dl_init (dl-init.c:118)
    n1: 72704 0x40132D1: dl_open_worker (dl-open.c:517)
     n1: 72704 0x49B5B2D: _dl_catch_exception (dl-error-skeleton.c:196)
      n1: 72704 0x4012BB8: _dl_open (dl-open.c:599)
       n1: 72704 0x487D254: dlopen_doit (dlopen.c:66)
        n1: 72704 0x49B5B2D: _dl_catch_exception (dl-error-skeleton.c:196)
         n1: 72704 0x49B5BBD: _dl_catch_error (dl-error-skeleton.c:215)
          n1: 72704 0x487D973: _dlerror_run (dlerror.c:163)
           n1: 72704 0x487D2E4: dlopen@@GLIBC_2.2.5 (dlopen.c:87)
            n1: 72704 0x48666EB: elektraModulesLoad (in /home/jenkins/workspace/build/linux/lib/libelektra-core.so.0.8.26)
             n1: 72704 0x484FD71: elektraPluginOpen (in /home/jenkins/workspace/build/linux/lib/libelektra-kdb.so.0.8.26)
              n0: 72704 0x1091E1: main (in /home/jenkins/workspace/build/linux/bin/benchmark_plugingetset)
 n5: 25792 0x4E65BA4: ???
  n3: 12216 0x4E65E12: ???
   n1: 8072 0x4E58F48: ???
    n1: 8072 0x4E65787: ???
     n1: 8072 0x4E55ADC: ???
      n1: 8072 0x4E575FA: ???
       n0: 8072 0x1091F8: main (in /home/jenkins/workspace/build/linux/bin/benchmark_plugingetset)
   n1: 2456 0x4E58E74: ???
    n1: 2456 0x4E65787: ???
     n1: 2456 0x4E55ADC: ???
      n1: 2456 0x4E575FA: ???
       n0: 2456 0x1091F8: main (in /home/jenkins/workspace/build/linux/bin/benchmark_plugingetset)
   n1: 1688 0x4E58EAE: ???
    n1: 1688 0x4E65787: ???
     n1: 1688 0x4E55ADC: ???
      n1: 1688 0x4E575FA: ???
       n0: 1688 0x1091F8: main (in /home/jenkins/workspace/build/linux/bin/benchmark_plugingetset)
  n2: 5280 0x4E662C2: ???
   n1: 3168 0x4E59F53: ???
    n1: 3168 0x4E62EFE: ???
     n1: 3168 0x4E65804: ???
      n1: 3168 0x4E55B7F: ???
       n1: 3168 0x4E575FA: ???
        n0: 3168 0x1091F8: main (in /home/jenkins/workspace/build/linux/bin/benchmark_plugingetset)
   n0: 2112 in 6 places, all below massif's threshold (1.00%)
  n1: 4096 0x4E58F75: ???
   n1: 4096 0x4E65787: ???
    n1: 4096 0x4E55ADC: ???
     n1: 4096 0x4E575FA: ???
      n0: 4096 0x1091F8: main (in /home/jenkins/workspace/build/linux/bin/benchmark_plugingetset)
  n0: 2616 in 10 places, all below massif's threshold (1.00%)
  n1: 1584 0x4E6616F: ???
   n0: 1584 in 6 places, all below massif's threshold (1.00%)
 n1: 8192 0x4F6B8F6: std::basic_filebuf<char, std::char_traits<char> >::_M_allocate_internal_buffer() (in /usr/lib/x86_64-linux-gnu/libstdc++.so.6.0.25)
  n1: 8192 0x4F6F790: std::basic_filebuf<char, std::char_traits<char> >::open(char const*, std::_Ios_Openmode) (in /usr/lib/x86_64-linux-gnu/libstdc++.so.6.0.25)
   n1: 8192 0x4E55CC9: ???
    n1: 8192 0x4E575FA: ???
     n0: 8192 0x1091F8: main (in /home/jenkins/workspace/build/linux/bin/benchmark_plugingetset)
 n0: 6397 in 44 places, all below massif's threshold (1.00%)
 n1: 5961 0x400B2AC: _dl_new_object (dl-object.c:73)
  n1: 5961 0x4005E46: _dl_map_object_from_fd (dl-load.c:1001)
   n2: 5961 0x4008A8B: _dl_map_object (dl-load.c:2466)
    n1: 4766 0x400D290: openaux (dl-deps.c:64)
     n1: 4766 0x49B5B2D: _dl_catch_exception (dl-error-skeleton.c:196)
      n1: 4766 0x400D604: _dl_map_object_deps (dl-deps.c:248)
       n1: 4766 0x401304E: dl_open_worker (dl-open.c:271)
        n1: 4766 0x49B5B2D: _dl_catch_exception (dl-error-skeleton.c:196)
         n1: 4766 0x4012BB8: _dl_open (dl-open.c:599)
          n1: 4766 0x487D254: dlopen_doit (dlopen.c:66)
           n1: 4766 0x49B5B2D: _dl_catch_exception (dl-error-skeleton.c:196)
            n1: 4766 0x49B5BBD: _dl_catch_error (dl-error-skeleton.c:215)
             n1: 4766 0x487D973: _dlerror_run (dlerror.c:163)
              n1: 4766 0x487D2E4: dlopen@@GLIBC_2.2.5 (dlopen.c:87)
               n1: 4766 0x48666EB: elektraModulesLoad (in /home/jenkins/workspace/build/linux/lib/libelektra-core.so.0.8.26)
                n1: 4766 0x484FD71: elektraPluginOpen (in /home/jenkins/workspace/build/linux/lib/libelektra-kdb.so.0.8.26)
                 n0: 4766 0x1091E1: main (in /home/jenkins/workspace/build/linux/bin/benchmark_plugingetset)
    n0: 1195 in 1 place, below massif's threshold (1.00%)
 n1: 4064 0x400A095: do_lookup_x (dl-lookup.c:253)
  n1: 4064 0x400A38D: _dl_lookup_symbol_x (dl-lookup.c:814)
   n1: 4064 0x400BD5C: _dl_relocate_object (dl-machine.h:308)
    n1: 4064 0x401319C: dl_open_worker (dl-open.c:377)
     n1: 4064 0x49B5B2D: _dl_catch_exception (dl-error-skeleton.c:196)
      n1: 4064 0x4012BB8: _dl_open (dl-open.c:599)
       n1: 4064 0x487D254: dlopen_doit (dlopen.c:66)
        n1: 4064 0x49B5B2D: _dl_catch_exception (dl-error-skeleton.c:196)
         n1: 4064 0x49B5BBD: _dl_catch_error (dl-error-skeleton.c:215)
          n1: 4064 0x487D973: _dlerror_run (dlerror.c:163)
           n1: 4064 0x487D2E4: dlopen@@GLIBC_2.2.5 (dlopen.c:87)
            n1: 4064 0x48666EB: elektraModulesLoad (in /home/jenkins/workspace/build/linux/lib/libelektra-core.so.0.8.26)
             n1: 4064 0x484FD71: elektraPluginOpen (in /home/jenkins/workspace/build/linux/lib/libelektra-kdb.so.0.8.26)
              n0: 4064 0x1091E1: main (in /home/jenkins/workspace/build/linux/bin/benchmark_plugingetset)
 n1: 3524 0x4E4C1D0: ???
  n1: 3524 0x4E4B7A8: ???
   n1: 3524 0x4E4FD58: ???
    n1: 3524 0x4E55D11: ???
     n1: 3524 0x4E575FA: ???
      n0: 3524 0x1091F8: main (in /home/jenkins/workspace/build/linux/bin/benchmark_plugingetset)
 n1: 2376 0x4010A1E: _dl_check_map_versions (dl-version.c:274)
  n1: 2376 0x4013094: dl_open_worker (dl-open.c:277)
   n1: 2376 0x49B5B2D: _dl_catch_exception (dl-error-skeleton.c:196)
    n1: 2376 0x4012BB8: _dl_open (dl-open.c:599)
     n1: 2376 0x487D254: dlopen_doit (dlopen.c:66)
      n1: 2376 0x49B5B2D: _dl_catch_exception (dl-error-skeleton.c:196)
       n1: 2376 0x49B5BBD: _dl_catch_error (dl-error-skeleton.c:215)
        n1: 2376 0x487D973: _dlerror_run (dlerror.c:163)
         n1: 2376 0x487D2E4: dlopen@@GLIBC_2.2.5 (dlopen.c:87)
          n1: 2376 0x48666EB: elektraModulesLoad (in /home/jenkins/workspace/build/linux/lib/libelektra-core.so.0.8.26)
           n1: 2376 0x484FD71: elektraPluginOpen (in /home/jenkins/workspace/build/linux/lib/libelektra-kdb.so.0.8.26)
            n0: 2376 0x1091E1: main (in /home/jenkins/workspace/build/linux/bin/benchmark_plugingetset)
#-----------
snapshot=28
#-----------
time=5312257
mem_heap_B=131113
mem_heap_extra_B=1127
mem_stacks_B=0
heap_tree=empty
#-----------
snapshot=29
#-----------
time=5328805
mem_heap_B=291168
mem_heap_extra_B=1328
mem_stacks_B=0
heap_tree=empty
#-----------
snapshot=30
#-----------
time=5340514
mem_heap_B=320862
mem_heap_extra_B=1682
mem_stacks_B=0
heap_tree=empty
#-----------
snapshot=31
#-----------
time=5353853
mem_heap_B=481014
mem_heap_extra_B=1706
mem_stacks_B=0
heap_tree=detailed
n5: 481014 (heap allocation functions) malloc/new/new[], --alloc-fns, etc.
 n5: 374304 0x4E65BA4: ???
  n4: 188328 0x4E65E12: ???
   n1: 160088 0x4E592B9: ???
    n1: 160088 0x4E5FD6B: ???
     n1: 160088 0x4E55DAA: ???
      n1: 160088 0x4E575FA: ???
       n0: 160088 0x1091F8: main (in /home/jenkins/workspace/build/linux/bin/benchmark_plugingetset)
   n1: 16024 0x4E5926D: ???
    n1: 16024 0x4E5FD6B: ???
     n1: 16024 0x4E55DAA: ???
      n1: 16024 0x4E575FA: ???
       n0: 16024 0x1091F8: main (in /home/jenkins/workspace/build/linux/bin/benchmark_plugingetset)
   n1: 8072 0x4E58F48: ???
    n1: 8072 0x4E65787: ???
     n1: 8072 0x4E55ADC: ???
      n1: 8072 0x4E575FA: ???
       n0: 8072 0x1091F8: main (in /home/jenkins/workspace/build/linux/bin/benchmark_plugingetset)
   n0: 4144 in 2 places, all below massif's threshold (1.00%)
  n1: 160000 0x4E5FB95: ???
   n1: 160000 0x4E55DAA: ???
    n1: 160000 0x4E575FA: ???
     n0: 160000 0x1091F8: main (in /home/jenkins/workspace/build/linux/bin/benchmark_plugingetset)
  n0: 10808 in 12 places, all below massif's threshold (1.00%)
  n1: 9888 0x4E6616F: ???
   n0: 9888 in 13 places, all below massif's threshold (1.00%)
  n1: 5280 0x4E662C2: ???
   n0: 5280 in 7 places, all below massif's threshold (1.00%)
 n1: 72704 0x4F0F454: ??? (in /usr/lib/x86_64-linux-gnu/libstdc++.so.6.0.25)
  n1: 72704 0x400F378: call_init.part.0 (dl-init.c:72)
   n1: 72704 0x400F474: _dl_init (dl-init.c:118)
    n1: 72704 0x40132D1: dl_open_worker (dl-open.c:517)
     n1: 72704 0x49B5B2D: _dl_catch_exception (dl-error-skeleton.c:196)
      n1: 72704 0x4012BB8: _dl_open (dl-open.c:599)
       n1: 72704 0x487D254: dlopen_doit (dlopen.c:66)
        n1: 72704 0x49B5B2D: _dl_catch_exception (dl-error-skeleton.c:196)
         n1: 72704 0x49B5BBD: _dl_catch_error (dl-error-skeleton.c:215)
          n1: 72704 0x487D973: _dlerror_run (dlerror.c:163)
           n1: 72704 0x487D2E4: dlopen@@GLIBC_2.2.5 (dlopen.c:87)
            n1: 72704 0x48666EB: elektraModulesLoad (in /home/jenkins/workspace/build/linux/lib/libelektra-core.so.0.8.26)
             n1: 72704 0x484FD71: elektraPluginOpen (in /home/jenkins/workspace/build/linux/lib/libelektra-kdb.so.0.8.26)
              n0: 72704 0x1091E1: main (in /home/jenkins/workspace/build/linux/bin/benchmark_plugingetset)
 n0: 19853 in 78 places, all below massif's threshold (1.00%)
 n1: 8192 0x4F6B8F6: std::basic_filebuf<char, std::char_traits<char> >::_M_allocate_internal_buffer() (in /usr/lib/x86_64-linux-gnu/libstdc++.so.6.0.25)
  n1: 8192 0x4F6F790: std::basic_filebuf<char, std::char_traits<char> >::open(char const*, std::_Ios_Openmode) (in /usr/lib/x86_64-linux-gnu/libstdc++.so.6.0.25)
   n1: 8192 0x4E55CC9: ???
    n1: 8192 0x4E575FA: ???
     n0: 8192 0x1091F8: main (in /home/jenkins/workspace/build/linux/bin/benchmark_plugingetset)
 n1: 5961 0x400B2AC: _dl_new_object (dl-object.c:73)
  n1: 5961 0x4005E46: _dl_map_object_from_fd (dl-load.c:1001)
   n1: 5961 0x4008A8B: _dl_map_object (dl-load.c:2466)
    n0: 5961 in 2 places, all below massif's threshold (1.00%)
#-----------
snapshot=32
#-----------
time=5473973
mem_heap_B=481078
mem_heap_extra_B=1714
mem_stacks_B=0
heap_tree=empty
#-----------
snapshot=33
#-----------
time=5475236
mem_heap_B=641166
mem_heap_extra_B=1730
mem_stacks_B=0
heap_tree=empty
#-----------
snapshot=34
#-----------
time=5595356
mem_heap_B=641230
mem_heap_extra_B=1738
mem_stacks_B=0
heap_tree=empty
#-----------
snapshot=35
#-----------
time=5596510
mem_heap_B=881318
mem_heap_extra_B=1754
mem_stacks_B=0
heap_tree=empty
#-----------
snapshot=36
#-----------
time=5776638
mem_heap_B=881350
mem_heap_extra_B=1762
mem_stacks_B=0
heap_tree=empty
#-----------
snapshot=37
#-----------
time=5777844
mem_heap_B=931902
mem_heap_extra_B=1890
mem_stacks_B=0
heap_tree=empty
#-----------
snapshot=38
#-----------
time=5795964
mem_heap_B=931966
mem_heap_extra_B=1898
mem_stacks_B=0
heap_tree=empty
#-----------
snapshot=39
#-----------
time=5814762
mem_heap_B=956422
mem_heap_extra_B=1922
mem_stacks_B=0
heap_tree=empty
#-----------
snapshot=40
#-----------
time=5821217
mem_heap_B=966227
mem_heap_extra_B=2157
mem_stacks_B=0
heap_tree=empty
#-----------
snapshot=41
#-----------
time=5834645
mem_heap_B=969971
mem_heap_extra_B=2621
mem_stacks_B=0
heap_tree=empty
#-----------
snapshot=42
#-----------
time=5844313
mem_heap_B=974435
mem_heap_extra_B=3125
mem_stacks_B=0
heap_tree=empty
#-----------
snapshot=43
#-----------
time=5853814
mem_heap_B=976499
mem_heap_extra_B=3229
mem_stacks_B=0
heap_tree=empty
#-----------
snapshot=44
#-----------
time=5865244
mem_heap_B=978611
mem_heap_extra_B=3421
mem_stacks_B=0
heap_tree=empty
#-----------
snapshot=45
#-----------
time=5880426
mem_heap_B=980547
mem_heap_extra_B=3501
mem_stacks_B=0
heap_tree=empty
#-----------
snapshot=46
#-----------
time=5898092
mem_heap_B=982851
mem_heap_extra_B=3565
mem_stacks_B=0
heap_tree=empty
#-----------
snapshot=47
#-----------
time=5912342
mem_heap_B=984342
mem_heap_extra_B=3642
mem_stacks_B=0
heap_tree=detailed
n3: 984342 (heap allocation functions) malloc/new/new[], --alloc-fns, etc.
 n5: 873501 0x4E65BA4: ???
  n7: 636680 0x4E65E12: ???
   n1: 240088 0x4E5933D: ???
    n1: 240088 0x4E5FD6B: ???
     n1: 240088 0x4E55DAA: ???
      n1: 240088 0x4E575FA: ???
       n0: 240088 0x1091F8: main (in /home/jenkins/workspace/build/linux/bin/benchmark_plugingetset)
   n1: 160088 0x4E592B9: ???
    n1: 160088 0x4E5FD6B: ???
     n1: 160088 0x4E55DAA: ???
      n1: 160088 0x4E575FA: ???
       n0: 160088 0x1091F8: main (in /home/jenkins/workspace/build/linux/bin/benchmark_plugingetset)
   n1: 160088 0x4E592F4: ???
    n1: 160088 0x4E5FD6B: ???
     n1: 160088 0x4E55DAA: ???
      n1: 160088 0x4E575FA: ???
       n0: 160088 0x1091F8: main (in /home/jenkins/workspace/build/linux/bin/benchmark_plugingetset)
   n1: 24088 0x4E595A0: ???
    n1: 24088 0x4E5FD6B: ???
     n1: 24088 0x4E55DAA: ???
      n1: 24088 0x4E575FA: ???
       n0: 24088 0x1091F8: main (in /home/jenkins/workspace/build/linux/bin/benchmark_plugingetset)
   n1: 24088 0x4E595DD: ???
    n1: 24088 0x4E5FD6B: ???
     n1: 24088 0x4E55DAA: ???
      n1: 24088 0x4E575FA: ???
       n0: 24088 0x1091F8: main (in /home/jenkins/workspace/build/linux/bin/benchmark_plugingetset)
   n1: 16024 0x4E5926D: ???
    n1: 16024 0x4E5FD6B: ???
     n1: 16024 0x4E55DAA: ???
      n1: 16024 0x4E575FA: ???
       n0: 16024 0x1091F8: main (in /home/jenkins/workspace/build/linux/bin/benchmark_plugingetset)
   n0: 12216 in 3 places, all below massif's threshold (1.00%)
  n1: 160000 0x4E5FB95: ???
   n1: 160000 0x4E55DAA: ???
    n1: 160000 0x4E575FA: ???
     n0: 160000 0x1091F8: main (in /home/jenkins/workspace/build/linux/bin/benchmark_plugingetset)
  n0: 41896 in 22 places, all below massif's threshold (1.00%)
  n1: 18624 0x4E6616F: ???
   n0: 18624 in 16 places, all below massif's threshold (1.00%)
  n1: 16301 0x4E662C2: ???
   n0: 16301 in 13 places, all below massif's threshold (1.00%)
 n1: 72704 0x4F0F454: ??? (in /usr/lib/x86_64-linux-gnu/libstdc++.so.6.0.25)
  n1: 72704 0x400F378: call_init.part.0 (dl-init.c:72)
   n1: 72704 0x400F474: _dl_init (dl-init.c:118)
    n1: 72704 0x40132D1: dl_open_worker (dl-open.c:517)
     n1: 72704 0x49B5B2D: _dl_catch_exception (dl-error-skeleton.c:196)
      n1: 72704 0x4012BB8: _dl_open (dl-open.c:599)
       n1: 72704 0x487D254: dlopen_doit (dlopen.c:66)
        n1: 72704 0x49B5B2D: _dl_catch_exception (dl-error-skeleton.c:196)
         n1: 72704 0x49B5BBD: _dl_catch_error (dl-error-skeleton.c:215)
          n1: 72704 0x487D973: _dlerror_run (dlerror.c:163)
           n1: 72704 0x487D2E4: dlopen@@GLIBC_2.2.5 (dlopen.c:87)
            n1: 72704 0x48666EB: elektraModulesLoad (in /home/jenkins/workspace/build/linux/lib/libelektra-core.so.0.8.26)
             n1: 72704 0x484FD71: elektraPluginOpen (in /home/jenkins/workspace/build/linux/lib/libelektra-kdb.so.0.8.26)
              n0: 72704 0x1091E1: main (in /home/jenkins/workspace/build/linux/bin/benchmark_plugingetset)
 n0: 38137 in 96 places, all below massif's threshold (1.00%)
#-----------
snapshot=48
#-----------
time=5921374
mem_heap_B=985701
mem_heap_extra_B=3763
mem_stacks_B=0
heap_tree=peak
n3: 985701 (heap allocation functions) malloc/new/new[], --alloc-fns, etc.
 n5: 873837 0x4E65BA4: ???
  n7: 636680 0x4E65E12: ???
   n1: 240088 0x4E5933D: ???
    n1: 240088 0x4E5FD6B: ???
     n1: 240088 0x4E55DAA: ???
      n1: 240088 0x4E575FA: ???
       n0: 240088 0x1091F8: main (in /home/jenkins/workspace/build/linux/bin/benchmark_plugingetset)
   n1: 160088 0x4E592B9: ???
    n1: 160088 0x4E5FD6B: ???
     n1: 160088 0x4E55DAA: ???
      n1: 160088 0x4E575FA: ???
       n0: 160088 0x1091F8: main (in /home/jenkins/workspace/build/linux/bin/benchmark_plugingetset)
   n1: 160088 0x4E592F4: ???
    n1: 160088 0x4E5FD6B: ???
     n1: 160088 0x4E55DAA: ???
      n1: 160088 0x4E575FA: ???
       n0: 160088 0x1091F8: main (in /home/jenkins/workspace/build/linux/bin/benchmark_plugingetset)
   n1: 24088 0x4E595A0: ???
    n1: 24088 0x4E5FD6B: ???
     n1: 24088 0x4E55DAA: ???
      n1: 24088 0x4E575FA: ???
       n0: 24088 0x1091F8: main (in /home/jenkins/workspace/build/linux/bin/benchmark_plugingetset)
   n1: 24088 0x4E595DD: ???
    n1: 24088 0x4E5FD6B: ???
     n1: 24088 0x4E55DAA: ???
      n1: 24088 0x4E575FA: ???
       n0: 24088 0x1091F8: main (in /home/jenkins/workspace/build/linux/bin/benchmark_plugingetset)
   n1: 16024 0x4E5926D: ???
    n1: 16024 0x4E5FD6B: ???
     n1: 16024 0x4E55DAA: ???
      n1: 16024 0x4E575FA: ???
       n0: 16024 0x1091F8: main (in /home/jenkins/workspace/build/linux/bin/benchmark_plugingetset)
   n0: 12216 in 3 places, all below massif's threshold (1.00%)
  n1: 160000 0x4E5FB95: ???
   n1: 160000 0x4E55DAA: ???
    n1: 160000 0x4E575FA: ???
     n0: 160000 0x1091F8: main (in /home/jenkins/workspace/build/linux/bin/benchmark_plugingetset)
  n0: 41704 in 22 places, all below massif's threshold (1.00%)
  n1: 18624 0x4E6616F: ???
   n0: 18624 in 16 places, all below massif's threshold (1.00%)
  n1: 16829 0x4E662C2: ???
   n0: 16829 in 13 places, all below massif's threshold (1.00%)
 n1: 72704 0x4F0F454: ??? (in /usr/lib/x86_64-linux-gnu/libstdc++.so.6.0.25)
  n1: 72704 0x400F378: call_init.part.0 (dl-init.c:72)
   n1: 72704 0x400F474: _dl_init (dl-init.c:118)
    n1: 72704 0x40132D1: dl_open_worker (dl-open.c:517)
     n1: 72704 0x49B5B2D: _dl_catch_exception (dl-error-skeleton.c:196)
      n1: 72704 0x4012BB8: _dl_open (dl-open.c:599)
       n1: 72704 0x487D254: dlopen_doit (dlopen.c:66)
        n1: 72704 0x49B5B2D: _dl_catch_exception (dl-error-skeleton.c:196)
         n1: 72704 0x49B5BBD: _dl_catch_error (dl-error-skeleton.c:215)
          n1: 72704 0x487D973: _dlerror_run (dlerror.c:163)
           n1: 72704 0x487D2E4: dlopen@@GLIBC_2.2.5 (dlopen.c:87)
            n1: 72704 0x48666EB: elektraModulesLoad (in /home/jenkins/workspace/build/linux/lib/libelektra-core.so.0.8.26)
             n1: 72704 0x484FD71: elektraPluginOpen (in /home/jenkins/workspace/build/linux/lib/libelektra-kdb.so.0.8.26)
              n0: 72704 0x1091E1: main (in /home/jenkins/workspace/build/linux/bin/benchmark_plugingetset)
 n0: 39160 in 96 places, all below massif's threshold (1.00%)
#-----------
snapshot=49
#-----------
time=5930723
mem_heap_B=989676
mem_heap_extra_B=3988
mem_stacks_B=0
heap_tree=detailed
n3: 989676 (heap allocation functions) malloc/new/new[], --alloc-fns, etc.
 n6: 877229 0x4E65BA4: ???
  n7: 636680 0x4E65E12: ???
   n1: 240088 0x4E5933D: ???
    n1: 240088 0x4E5FD6B: ???
     n1: 240088 0x4E55DAA: ???
      n1: 240088 0x4E575FA: ???
       n0: 240088 0x1091F8: main (in /home/jenkins/workspace/build/linux/bin/benchmark_plugingetset)
   n1: 160088 0x4E592B9: ???
    n1: 160088 0x4E5FD6B: ???
     n1: 160088 0x4E55DAA: ???
      n1: 160088 0x4E575FA: ???
       n0: 160088 0x1091F8: main (in /home/jenkins/workspace/build/linux/bin/benchmark_plugingetset)
   n1: 160088 0x4E592F4: ???
    n1: 160088 0x4E5FD6B: ???
     n1: 160088 0x4E55DAA: ???
      n1: 160088 0x4E575FA: ???
       n0: 160088 0x1091F8: main (in /home/jenkins/workspace/build/linux/bin/benchmark_plugingetset)
   n1: 24088 0x4E595A0: ???
    n1: 24088 0x4E5FD6B: ???
     n1: 24088 0x4E55DAA: ???
      n1: 24088 0x4E575FA: ???
       n0: 24088 0x1091F8: main (in /home/jenkins/workspace/build/linux/bin/benchmark_plugingetset)
   n1: 24088 0x4E595DD: ???
    n1: 24088 0x4E5FD6B: ???
     n1: 24088 0x4E55DAA: ???
      n1: 24088 0x4E575FA: ???
       n0: 24088 0x1091F8: main (in /home/jenkins/workspace/build/linux/bin/benchmark_plugingetset)
   n1: 16024 0x4E5926D: ???
    n1: 16024 0x4E5FD6B: ???
     n1: 16024 0x4E55DAA: ???
      n1: 16024 0x4E575FA: ???
       n0: 16024 0x1091F8: main (in /home/jenkins/workspace/build/linux/bin/benchmark_plugingetset)
   n0: 12216 in 3 places, all below massif's threshold (1.00%)
  n1: 160000 0x4E5FB95: ???
   n1: 160000 0x4E55DAA: ???
    n1: 160000 0x4E575FA: ???
     n0: 160000 0x1091F8: main (in /home/jenkins/workspace/build/linux/bin/benchmark_plugingetset)
  n0: 33512 in 22 places, all below massif's threshold (1.00%)
  n1: 19152 0x4E6616F: ???
   n0: 19152 in 17 places, all below massif's threshold (1.00%)
  n1: 17885 0x4E662C2: ???
   n0: 17885 in 15 places, all below massif's threshold (1.00%)
  n1: 10000 0x4E60B14: ???
   n1: 10000 0x4E55DAA: ???
    n1: 10000 0x4E575FA: ???
     n0: 10000 0x1091F8: main (in /home/jenkins/workspace/build/linux/bin/benchmark_plugingetset)
 n1: 72704 0x4F0F454: ??? (in /usr/lib/x86_64-linux-gnu/libstdc++.so.6.0.25)
  n1: 72704 0x400F378: call_init.part.0 (dl-init.c:72)
   n1: 72704 0x400F474: _dl_init (dl-init.c:118)
    n1: 72704 0x40132D1: dl_open_worker (dl-open.c:517)
     n1: 72704 0x49B5B2D: _dl_catch_exception (dl-error-skeleton.c:196)
      n1: 72704 0x4012BB8: _dl_open (dl-open.c:599)
       n1: 72704 0x487D254: dlopen_doit (dlopen.c:66)
        n1: 72704 0x49B5B2D: _dl_catch_exception (dl-error-skeleton.c:196)
         n1: 72704 0x49B5BBD: _dl_catch_error (dl-error-skeleton.c:215)
          n1: 72704 0x487D973: _dlerror_run (dlerror.c:163)
           n1: 72704 0x487D2E4: dlopen@@GLIBC_2.2.5 (dlopen.c:87)
            n1: 72704 0x48666EB: elektraModulesLoad (in /home/jenkins/workspace/build/linux/lib/libelektra-core.so.0.8.26)
             n1: 72704 0x484FD71: elektraPluginOpen (in /home/jenkins/workspace/build/linux/lib/libelektra-kdb.so.0.8.26)
              n0: 72704 0x1091E1: main (in /home/jenkins/workspace/build/linux/bin/benchmark_plugingetset)
 n0: 39743 in 99 places, all below massif's threshold (1.00%)
#-----------
snapshot=50
#-----------
time=5931993
mem_heap_B=989762
mem_heap_extra_B=4022
mem_stacks_B=0
heap_tree=empty
#-----------
snapshot=51
#-----------
time=5933260
mem_heap_B=989842
mem_heap_extra_B=4038
mem_stacks_B=0
heap_tree=empty
#-----------
snapshot=52
#-----------
time=5934365
mem_heap_B=979874
mem_heap_extra_B=4038
mem_stacks_B=0
heap_tree=empty
#-----------
snapshot=53
#-----------
time=5935284
mem_heap_B=916946
mem_heap_extra_B=3790
mem_stacks_B=0
heap_tree=empty
#-----------
snapshot=54
#-----------
time=5936181
mem_heap_B=915698
mem_heap_extra_B=3582
mem_stacks_B=0
heap_tree=empty
#-----------
snapshot=55
#-----------
time=5937078
mem_heap_B=914450
mem_heap_extra_B=3374
mem_stacks_B=0
heap_tree=empty
#-----------
snapshot=56
#-----------
time=5937995
mem_heap_B=904898
mem_heap_extra_B=3166
mem_stacks_B=0
heap_tree=empty
#-----------
snapshot=57
#-----------
time=5938890
mem_heap_B=900259
mem_heap_extra_B=2965
mem_stacks_B=0
heap_tree=empty
#-----------
snapshot=58
#-----------
time=5939787
mem_heap_B=899011
mem_heap_extra_B=2757
mem_stacks_B=0
heap_tree=empty
#-----------
snapshot=59
#-----------
time=5940684
mem_heap_B=897763
mem_heap_extra_B=2549
mem_stacks_B=0
heap_tree=detailed
n3: 897763 (heap allocation functions) malloc/new/new[], --alloc-fns, etc.
 n5: 788029 0x4E65BA4: ???
  n5: 588504 0x4E65E12: ???
   n1: 240088 0x4E5933D: ???
    n1: 240088 0x4E5FD6B: ???
     n1: 240088 0x4E55DAA: ???
      n1: 240088 0x4E575FA: ???
       n0: 240088 0x1091F8: main (in /home/jenkins/workspace/build/linux/bin/benchmark_plugingetset)
   n1: 160088 0x4E592B9: ???
    n1: 160088 0x4E5FD6B: ???
     n1: 160088 0x4E55DAA: ???
      n1: 160088 0x4E575FA: ???
       n0: 160088 0x1091F8: main (in /home/jenkins/workspace/build/linux/bin/benchmark_plugingetset)
   n1: 160088 0x4E592F4: ???
    n1: 160088 0x4E5FD6B: ???
     n1: 160088 0x4E55DAA: ???
      n1: 160088 0x4E575FA: ???
       n0: 160088 0x1091F8: main (in /home/jenkins/workspace/build/linux/bin/benchmark_plugingetset)
   n1: 16024 0x4E5926D: ???
    n1: 16024 0x4E5FD6B: ???
     n1: 16024 0x4E55DAA: ???
      n1: 16024 0x4E575FA: ???
       n0: 16024 0x1091F8: main (in /home/jenkins/workspace/build/linux/bin/benchmark_plugingetset)
   n0: 12216 in 5 places, all below massif's threshold (1.00%)
  n1: 160000 0x4E5FB95: ???
   n1: 160000 0x4E55DAA: ???
    n1: 160000 0x4E575FA: ???
     n0: 160000 0x1091F8: main (in /home/jenkins/workspace/build/linux/bin/benchmark_plugingetset)
  n0: 20200 in 23 places, all below massif's threshold (1.00%)
  n1: 9965 0x4E662C2: ???
   n0: 9965 in 15 places, all below massif's threshold (1.00%)
  n1: 9360 0x4E6616F: ???
   n0: 9360 in 17 places, all below massif's threshold (1.00%)
 n1: 72704 0x4F0F454: ??? (in /usr/lib/x86_64-linux-gnu/libstdc++.so.6.0.25)
  n1: 72704 0x400F378: call_init.part.0 (dl-init.c:72)
   n1: 72704 0x400F474: _dl_init (dl-init.c:118)
    n1: 72704 0x40132D1: dl_open_worker (dl-open.c:517)
     n1: 72704 0x49B5B2D: _dl_catch_exception (dl-error-skeleton.c:196)
      n1: 72704 0x4012BB8: _dl_open (dl-open.c:599)
       n1: 72704 0x487D254: dlopen_doit (dlopen.c:66)
        n1: 72704 0x49B5B2D: _dl_catch_exception (dl-error-skeleton.c:196)
         n1: 72704 0x49B5BBD: _dl_catch_error (dl-error-skeleton.c:215)
          n1: 72704 0x487D973: _dlerror_run (dlerror.c:163)
           n1: 72704 0x487D2E4: dlopen@@GLIBC_2.2.5 (dlopen.c:87)
            n1: 72704 0x48666EB: elektraModulesLoad (in /home/jenkins/workspace/build/linux/lib/libelektra-core.so.0.8.26)
             n1: 72704 0x484FD71: elektraPluginOpen (in /home/jenkins/workspace/build/linux/lib/libelektra-kdb.so.0.8.26)
              n0: 72704 0x1091E1: main (in /home/jenkins/workspace/build/linux/bin/benchmark_plugingetset)
 n0: 37030 in 99 places, all below massif's threshold (1.00%)
#-----------
snapshot=60
#-----------
time=5941581
mem_heap_B=896329
mem_heap_extra_B=2319
mem_stacks_B=0
heap_tree=empty
#-----------
snapshot=61
#-----------
time=5942473
mem_heap_B=646488
mem_heap_extra_B=2048
mem_stacks_B=0
heap_tree=empty
#-----------
snapshot=62
#-----------
time=5943368
mem_heap_B=296256
mem_heap_extra_B=1832
mem_stacks_B=0
heap_tree=empty
#-----------
snapshot=63
#-----------
time=5944789
mem_heap_B=135021
mem_heap_extra_B=1907
mem_stacks_B=0
heap_tree=empty
#-----------
snapshot=64
#-----------
time=5947017
mem_heap_B=135126
mem_heap_extra_B=1930
mem_stacks_B=0
heap_tree=empty
#-----------
snapshot=65
#-----------
time=5947969
mem_heap_B=135176
mem_heap_extra_B=1960
mem_stacks_B=0
heap_tree=empty
#-----------
snapshot=66
#-----------
time=5949945
mem_heap_B=135195
mem_heap_extra_B=1957
mem_stacks_B=0
heap_tree=empty
#-----------
snapshot=67
#-----------
time=5951170
mem_heap_B=135326
mem_heap_extra_B=1994
mem_stacks_B=0
heap_tree=empty
#-----------
snapshot=68
#-----------
time=5952260
mem_heap_B=135363
mem_heap_extra_B=1981
mem_stacks_B=0
heap_tree=empty
#-----------
snapshot=69
#-----------
time=5953294
mem_heap_B=135400
mem_heap_extra_B=2000
mem_stacks_B=0
heap_tree=detailed
n8: 135400 (heap allocation functions) malloc/new/new[], --alloc-fns, etc.
 n1: 72704 0x4F0F454: ??? (in /usr/lib/x86_64-linux-gnu/libstdc++.so.6.0.25)
  n1: 72704 0x400F378: call_init.part.0 (dl-init.c:72)
   n1: 72704 0x400F474: _dl_init (dl-init.c:118)
    n1: 72704 0x40132D1: dl_open_worker (dl-open.c:517)
     n1: 72704 0x49B5B2D: _dl_catch_exception (dl-error-skeleton.c:196)
      n1: 72704 0x4012BB8: _dl_open (dl-open.c:599)
       n1: 72704 0x487D254: dlopen_doit (dlopen.c:66)
        n1: 72704 0x49B5B2D: _dl_catch_exception (dl-error-skeleton.c:196)
         n1: 72704 0x49B5BBD: _dl_catch_error (dl-error-skeleton.c:215)
          n1: 72704 0x487D973: _dlerror_run (dlerror.c:163)
           n1: 72704 0x487D2E4: dlopen@@GLIBC_2.2.5 (dlopen.c:87)
            n1: 72704 0x48666EB: elektraModulesLoad (in /home/jenkins/workspace/build/linux/lib/libelektra-core.so.0.8.26)
             n1: 72704 0x484FD71: elektraPluginOpen (in /home/jenkins/workspace/build/linux/lib/libelektra-kdb.so.0.8.26)
              n0: 72704 0x1091E1: main (in /home/jenkins/workspace/build/linux/bin/benchmark_plugingetset)
 n5: 26688 0x4E65BA4: ???
  n4: 12216 0x4E65E12: ???
   n1: 8072 0x4E58F48: ???
    n1: 8072 0x4E65787: ???
     n1: 8072 0x4E55ADC: ???
      n1: 8072 0x4E575FA: ???
       n0: 8072 0x1091F8: main (in /home/jenkins/workspace/build/linux/bin/benchmark_plugingetset)
   n1: 2456 0x4E58E74: ???
    n1: 2456 0x4E65787: ???
     n1: 2456 0x4E55ADC: ???
      n1: 2456 0x4E575FA: ???
       n0: 2456 0x1091F8: main (in /home/jenkins/workspace/build/linux/bin/benchmark_plugingetset)
   n1: 1688 0x4E58EAE: ???
    n1: 1688 0x4E65787: ???
     n1: 1688 0x4E55ADC: ???
      n1: 1688 0x4E575FA: ???
       n0: 1688 0x1091F8: main (in /home/jenkins/workspace/build/linux/bin/benchmark_plugingetset)
   n0: 0 in 6 places, all below massif's threshold (1.00%)
  n2: 5808 0x4E662C2: ???
   n1: 3168 0x4E59F53: ???
    n1: 3168 0x4E62EFE: ???
     n1: 3168 0x4E65804: ???
      n1: 3168 0x4E55B7F: ???
       n1: 3168 0x4E575FA: ???
        n0: 3168 0x1091F8: main (in /home/jenkins/workspace/build/linux/bin/benchmark_plugingetset)
   n0: 2640 in 14 places, all below massif's threshold (1.00%)
  n1: 4096 0x4E58F75: ???
   n1: 4096 0x4E65787: ???
    n1: 4096 0x4E55ADC: ???
     n1: 4096 0x4E575FA: ???
      n0: 4096 0x1091F8: main (in /home/jenkins/workspace/build/linux/bin/benchmark_plugingetset)
  n0: 2984 in 23 places, all below massif's threshold (1.00%)
  n1: 1584 0x4E6616F: ???
   n0: 1584 in 17 places, all below massif's threshold (1.00%)
 n0: 11891 in 101 places, all below massif's threshold (1.00%)
 n1: 8192 0x4F6B8F6: std::basic_filebuf<char, std::char_traits<char> >::_M_allocate_internal_buffer() (in /usr/lib/x86_64-linux-gnu/libstdc++.so.6.0.25)
  n1: 8192 0x4F6F790: std::basic_filebuf<char, std::char_traits<char> >::open(char const*, std::_Ios_Openmode) (in /usr/lib/x86_64-linux-gnu/libstdc++.so.6.0.25)
   n1: 8192 0x4E55CC9: ???
    n1: 8192 0x4E575FA: ???
     n0: 8192 0x1091F8: main (in /home/jenkins/workspace/build/linux/bin/benchmark_plugingetset)
 n1: 5961 0x400B2AC: _dl_new_object (dl-object.c:73)
  n1: 5961 0x4005E46: _dl_map_object_from_fd (dl-load.c:1001)
   n2: 5961 0x4008A8B: _dl_map_object (dl-load.c:2466)
    n1: 4766 0x400D290: openaux (dl-deps.c:64)
     n1: 4766 0x49B5B2D: _dl_catch_exception (dl-error-skeleton.c:196)
      n1: 4766 0x400D604: _dl_map_object_deps (dl-deps.c:248)
       n1: 4766 0x401304E: dl_open_worker (dl-open.c:271)
        n1: 4766 0x49B5B2D: _dl_catch_exception (dl-error-skeleton.c:196)
         n1: 4766 0x4012BB8: _dl_open (dl-open.c:599)
          n1: 4766 0x487D254: dlopen_doit (dlopen.c:66)
           n1: 4766 0x49B5B2D: _dl_catch_exception (dl-error-skeleton.c:196)
            n1: 4766 0x49B5BBD: _dl_catch_error (dl-error-skeleton.c:215)
             n1: 4766 0x487D973: _dlerror_run (dlerror.c:163)
              n1: 4766 0x487D2E4: dlopen@@GLIBC_2.2.5 (dlopen.c:87)
               n1: 4766 0x48666EB: elektraModulesLoad (in /home/jenkins/workspace/build/linux/lib/libelektra-core.so.0.8.26)
                n1: 4766 0x484FD71: elektraPluginOpen (in /home/jenkins/workspace/build/linux/lib/libelektra-kdb.so.0.8.26)
                 n0: 4766 0x1091E1: main (in /home/jenkins/workspace/build/linux/bin/benchmark_plugingetset)
    n0: 1195 in 1 place, below massif's threshold (1.00%)
 n1: 4064 0x400A095: do_lookup_x (dl-lookup.c:253)
  n1: 4064 0x400A38D: _dl_lookup_symbol_x (dl-lookup.c:814)
   n1: 4064 0x400BD5C: _dl_relocate_object (dl-machine.h:308)
    n1: 4064 0x401319C: dl_open_worker (dl-open.c:377)
     n1: 4064 0x49B5B2D: _dl_catch_exception (dl-error-skeleton.c:196)
      n1: 4064 0x4012BB8: _dl_open (dl-open.c:599)
       n1: 4064 0x487D254: dlopen_doit (dlopen.c:66)
        n1: 4064 0x49B5B2D: _dl_catch_exception (dl-error-skeleton.c:196)
         n1: 4064 0x49B5BBD: _dl_catch_error (dl-error-skeleton.c:215)
          n1: 4064 0x487D973: _dlerror_run (dlerror.c:163)
           n1: 4064 0x487D2E4: dlopen@@GLIBC_2.2.5 (dlopen.c:87)
            n1: 4064 0x48666EB: elektraModulesLoad (in /home/jenkins/workspace/build/linux/lib/libelektra-core.so.0.8.26)
             n1: 4064 0x484FD71: elektraPluginOpen (in /home/jenkins/workspace/build/linux/lib/libelektra-kdb.so.0.8.26)
              n0: 4064 0x1091E1: main (in /home/jenkins/workspace/build/linux/bin/benchmark_plugingetset)
 n1: 3524 0x4E4C1D0: ???
  n1: 3524 0x4E4B7A8: ???
   n1: 3524 0x4E4FD58: ???
    n1: 3524 0x4E55D11: ???
     n1: 3524 0x4E575FA: ???
      n0: 3524 0x1091F8: main (in /home/jenkins/workspace/build/linux/bin/benchmark_plugingetset)
 n1: 2376 0x4010A1E: _dl_check_map_versions (dl-version.c:274)
  n1: 2376 0x4013094: dl_open_worker (dl-open.c:277)
   n1: 2376 0x49B5B2D: _dl_catch_exception (dl-error-skeleton.c:196)
    n1: 2376 0x4012BB8: _dl_open (dl-open.c:599)
     n1: 2376 0x487D254: dlopen_doit (dlopen.c:66)
      n1: 2376 0x49B5B2D: _dl_catch_exception (dl-error-skeleton.c:196)
       n1: 2376 0x49B5BBD: _dl_catch_error (dl-error-skeleton.c:215)
        n1: 2376 0x487D973: _dlerror_run (dlerror.c:163)
         n1: 2376 0x487D2E4: dlopen@@GLIBC_2.2.5 (dlopen.c:87)
          n1: 2376 0x48666EB: elektraModulesLoad (in /home/jenkins/workspace/build/linux/lib/libelektra-core.so.0.8.26)
           n1: 2376 0x484FD71: elektraPluginOpen (in /home/jenkins/workspace/build/linux/lib/libelektra-kdb.so.0.8.26)
            n0: 2376 0x1091E1: main (in /home/jenkins/workspace/build/linux/bin/benchmark_plugingetset)
#-----------
snapshot=70
#-----------
time=5955499
mem_heap_B=135400
mem_heap_extra_B=2000
mem_stacks_B=0
heap_tree=empty
#-----------
snapshot=71
#-----------
time=5956714
mem_heap_B=135531
mem_heap_extra_B=2053
mem_stacks_B=0
heap_tree=empty
#-----------
snapshot=72
#-----------
time=5957814
mem_heap_B=135568
mem_heap_extra_B=2024
mem_stacks_B=0
heap_tree=empty
#-----------
snapshot=73
#-----------
time=5959104
mem_heap_B=135568
mem_heap_extra_B=2024
mem_stacks_B=0
heap_tree=empty
#-----------
snapshot=74
#-----------
time=5960874
mem_heap_B=135736
mem_heap_extra_B=2048
mem_stacks_B=0
heap_tree=empty
#-----------
snapshot=75
#-----------
time=5962119
mem_heap_B=135810
mem_heap_extra_B=2054
mem_stacks_B=0
heap_tree=empty
#-----------
snapshot=76
#-----------
time=5963131
mem_heap_B=135849
mem_heap_extra_B=2055
mem_stacks_B=0
heap_tree=empty
#-----------
snapshot=77
#-----------
time=5964106
mem_heap_B=136120
mem_heap_extra_B=2112
mem_stacks_B=0
heap_tree=empty
#-----------
snapshot=78
#-----------
time=5965193
mem_heap_B=136106
mem_heap_extra_B=2102
mem_stacks_B=0
heap_tree=empty
#-----------
snapshot=79
#-----------
time=5967474
mem_heap_B=135938
mem_heap_extra_B=2078
mem_stacks_B=0
heap_tree=detailed
n8: 135938 (heap allocation functions) malloc/new/new[], --alloc-fns, etc.
 n1: 72704 0x4F0F454: ??? (in /usr/lib/x86_64-linux-gnu/libstdc++.so.6.0.25)
  n1: 72704 0x400F378: call_init.part.0 (dl-init.c:72)
   n1: 72704 0x400F474: _dl_init (dl-init.c:118)
    n1: 72704 0x40132D1: dl_open_worker (dl-open.c:517)
     n1: 72704 0x49B5B2D: _dl_catch_exception (dl-error-skeleton.c:196)
      n1: 72704 0x4012BB8: _dl_open (dl-open.c:599)
       n1: 72704 0x487D254: dlopen_doit (dlopen.c:66)
        n1: 72704 0x49B5B2D: _dl_catch_exception (dl-error-skeleton.c:196)
         n1: 72704 0x49B5BBD: _dl_catch_error (dl-error-skeleton.c:215)
          n1: 72704 0x487D973: _dlerror_run (dlerror.c:163)
           n1: 72704 0x487D2E4: dlopen@@GLIBC_2.2.5 (dlopen.c:87)
            n1: 72704 0x48666EB: elektraModulesLoad (in /home/jenkins/workspace/build/linux/lib/libelektra-core.so.0.8.26)
             n1: 72704 0x484FD71: elektraPluginOpen (in /home/jenkins/workspace/build/linux/lib/libelektra-kdb.so.0.8.26)
              n0: 72704 0x1091E1: main (in /home/jenkins/workspace/build/linux/bin/benchmark_plugingetset)
 n5: 26688 0x4E65BA4: ???
  n4: 12216 0x4E65E12: ???
   n1: 8072 0x4E58F48: ???
    n1: 8072 0x4E65787: ???
     n1: 8072 0x4E55ADC: ???
      n1: 8072 0x4E575FA: ???
       n0: 8072 0x1091F8: main (in /home/jenkins/workspace/build/linux/bin/benchmark_plugingetset)
   n1: 2456 0x4E58E74: ???
    n1: 2456 0x4E65787: ???
     n1: 2456 0x4E55ADC: ???
      n1: 2456 0x4E575FA: ???
       n0: 2456 0x1091F8: main (in /home/jenkins/workspace/build/linux/bin/benchmark_plugingetset)
   n1: 1688 0x4E58EAE: ???
    n1: 1688 0x4E65787: ???
     n1: 1688 0x4E55ADC: ???
      n1: 1688 0x4E575FA: ???
       n0: 1688 0x1091F8: main (in /home/jenkins/workspace/build/linux/bin/benchmark_plugingetset)
   n0: 0 in 6 places, all below massif's threshold (1.00%)
  n2: 5808 0x4E662C2: ???
   n1: 3168 0x4E59F53: ???
    n1: 3168 0x4E62EFE: ???
     n1: 3168 0x4E65804: ???
      n1: 3168 0x4E55B7F: ???
       n1: 3168 0x4E575FA: ???
        n0: 3168 0x1091F8: main (in /home/jenkins/workspace/build/linux/bin/benchmark_plugingetset)
   n0: 2640 in 14 places, all below massif's threshold (1.00%)
  n1: 4096 0x4E58F75: ???
   n1: 4096 0x4E65787: ???
    n1: 4096 0x4E55ADC: ???
     n1: 4096 0x4E575FA: ???
      n0: 4096 0x1091F8: main (in /home/jenkins/workspace/build/linux/bin/benchmark_plugingetset)
  n0: 2984 in 23 places, all below massif's threshold (1.00%)
  n1: 1584 0x4E6616F: ???
   n0: 1584 in 17 places, all below massif's threshold (1.00%)
 n0: 12429 in 102 places, all below massif's threshold (1.00%)
 n1: 8192 0x4F6B8F6: std::basic_filebuf<char, std::char_traits<char> >::_M_allocate_internal_buffer() (in /usr/lib/x86_64-linux-gnu/libstdc++.so.6.0.25)
  n1: 8192 0x4F6F790: std::basic_filebuf<char, std::char_traits<char> >::open(char const*, std::_Ios_Openmode) (in /usr/lib/x86_64-linux-gnu/libstdc++.so.6.0.25)
   n1: 8192 0x4E55CC9: ???
    n1: 8192 0x4E575FA: ???
     n0: 8192 0x1091F8: main (in /home/jenkins/workspace/build/linux/bin/benchmark_plugingetset)
 n1: 5961 0x400B2AC: _dl_new_object (dl-object.c:73)
  n1: 5961 0x4005E46: _dl_map_object_from_fd (dl-load.c:1001)
   n2: 5961 0x4008A8B: _dl_map_object (dl-load.c:2466)
    n1: 4766 0x400D290: openaux (dl-deps.c:64)
     n1: 4766 0x49B5B2D: _dl_catch_exception (dl-error-skeleton.c:196)
      n1: 4766 0x400D604: _dl_map_object_deps (dl-deps.c:248)
       n1: 4766 0x401304E: dl_open_worker (dl-open.c:271)
        n1: 4766 0x49B5B2D: _dl_catch_exception (dl-error-skeleton.c:196)
         n1: 4766 0x4012BB8: _dl_open (dl-open.c:599)
          n1: 4766 0x487D254: dlopen_doit (dlopen.c:66)
           n1: 4766 0x49B5B2D: _dl_catch_exception (dl-error-skeleton.c:196)
            n1: 4766 0x49B5BBD: _dl_catch_error (dl-error-skeleton.c:215)
             n1: 4766 0x487D973: _dlerror_run (dlerror.c:163)
              n1: 4766 0x487D2E4: dlopen@@GLIBC_2.2.5 (dlopen.c:87)
               n1: 4766 0x48666EB: elektraModulesLoad (in /home/jenkins/workspace/build/linux/lib/libelektra-core.so.0.8.26)
                n1: 4766 0x484FD71: elektraPluginOpen (in /home/jenkins/workspace/build/linux/lib/libelektra-kdb.so.0.8.26)
                 n0: 4766 0x1091E1: main (in /home/jenkins/workspace/build/linux/bin/benchmark_plugingetset)
    n0: 1195 in 1 place, below massif's threshold (1.00%)
 n1: 4064 0x400A095: do_lookup_x (dl-lookup.c:253)
  n1: 4064 0x400A38D: _dl_lookup_symbol_x (dl-lookup.c:814)
   n1: 4064 0x400BD5C: _dl_relocate_object (dl-machine.h:308)
    n1: 4064 0x401319C: dl_open_worker (dl-open.c:377)
     n1: 4064 0x49B5B2D: _dl_catch_exception (dl-error-skeleton.c:196)
      n1: 4064 0x4012BB8: _dl_open (dl-open.c:599)
       n1: 4064 0x487D254: dlopen_doit (dlopen.c:66)
        n1: 4064 0x49B5B2D: _dl_catch_exception (dl-error-skeleton.c:196)
         n1: 4064 0x49B5BBD: _dl_catch_error (dl-error-skeleton.c:215)
          n1: 4064 0x487D973: _dlerror_run (dlerror.c:163)
           n1: 4064 0x487D2E4: dlopen@@GLIBC_2.2.5 (dlopen.c:87)
            n1: 4064 0x48666EB: elektraModulesLoad (in /home/jenkins/workspace/build/linux/lib/libelektra-core.so.0.8.26)
             n1: 4064 0x484FD71: elektraPluginOpen (in /home/jenkins/workspace/build/linux/lib/libelektra-kdb.so.0.8.26)
              n0: 4064 0x1091E1: main (in /home/jenkins/workspace/build/linux/bin/benchmark_plugingetset)
 n1: 3524 0x4E4C1D0: ???
  n1: 3524 0x4E4B7A8: ???
   n1: 3524 0x4E4FD58: ???
    n1: 3524 0x4E55D11: ???
     n1: 3524 0x4E575FA: ???
      n0: 3524 0x1091F8: main (in /home/jenkins/workspace/build/linux/bin/benchmark_plugingetset)
 n1: 2376 0x4010A1E: _dl_check_map_versions (dl-version.c:274)
  n1: 2376 0x4013094: dl_open_worker (dl-open.c:277)
   n1: 2376 0x49B5B2D: _dl_catch_exception (dl-error-skeleton.c:196)
    n1: 2376 0x4012BB8: _dl_open (dl-open.c:599)
     n1: 2376 0x487D254: dlopen_doit (dlopen.c:66)
      n1: 2376 0x49B5B2D: _dl_catch_exception (dl-error-skeleton.c:196)
       n1: 2376 0x49B5BBD: _dl_catch_error (dl-error-skeleton.c:215)
        n1: 2376 0x487D973: _dlerror_run (dlerror.c:163)
         n1: 2376 0x487D2E4: dlopen@@GLIBC_2.2.5 (dlopen.c:87)
          n1: 2376 0x48666EB: elektraModulesLoad (in /home/jenkins/workspace/build/linux/lib/libelektra-core.so.0.8.26)
           n1: 2376 0x484FD71: elektraPluginOpen (in /home/jenkins/workspace/build/linux/lib/libelektra-kdb.so.0.8.26)
            n0: 2376 0x1091E1: main (in /home/jenkins/workspace/build/linux/bin/benchmark_plugingetset)
#-----------
snapshot=80
#-----------
time=5968762
mem_heap_B=135844
mem_heap_extra_B=2060
mem_stacks_B=0
heap_tree=empty
#-----------
snapshot=81
#-----------
time=5973165
mem_heap_B=135844
mem_heap_extra_B=2060
mem_stacks_B=0
heap_tree=empty
#-----------
snapshot=82
#-----------
time=5974050
mem_heap_B=135739
mem_heap_extra_B=2005
mem_stacks_B=0
heap_tree=empty
#-----------
snapshot=83
#-----------
time=5974967
mem_heap_B=135215
mem_heap_extra_B=1857
mem_stacks_B=0
heap_tree=empty
#-----------
snapshot=84
#-----------
time=5975879
mem_heap_B=134535
mem_heap_extra_B=1785
mem_stacks_B=0
heap_tree=empty
#-----------
snapshot=85
#-----------
time=5976795
mem_heap_B=132362
mem_heap_extra_B=1510
mem_stacks_B=0
heap_tree=empty
#-----------
snapshot=86
#-----------
time=5977707
mem_heap_B=129902
mem_heap_extra_B=1154
mem_stacks_B=0
heap_tree=empty
#-----------
snapshot=87
#-----------
time=5978604
mem_heap_B=112874
mem_heap_extra_B=1038
mem_stacks_B=0
heap_tree=empty
#-----------
snapshot=88
#-----------
time=5979519
mem_heap_B=90210
mem_heap_extra_B=806
mem_stacks_B=0
heap_tree=empty
#-----------
snapshot=89
#-----------
time=5981719
mem_heap_B=88926
mem_heap_extra_B=682
mem_stacks_B=0
heap_tree=detailed
n6: 88926 (heap allocation functions) malloc/new/new[], --alloc-fns, etc.
 n1: 72704 0x4F0F454: ??? (in /usr/lib/x86_64-linux-gnu/libstdc++.so.6.0.25)
  n1: 72704 0x400F378: call_init.part.0 (dl-init.c:72)
   n1: 72704 0x400F474: _dl_init (dl-init.c:118)
    n1: 72704 0x40132D1: dl_open_worker (dl-open.c:517)
     n1: 72704 0x49B5B2D: _dl_catch_exception (dl-error-skeleton.c:196)
      n1: 72704 0x4012BB8: _dl_open (dl-open.c:599)
       n1: 72704 0x487D254: dlopen_doit (dlopen.c:66)
        n1: 72704 0x49B5B2D: _dl_catch_exception (dl-error-skeleton.c:196)
         n1: 72704 0x49B5BBD: _dl_catch_error (dl-error-skeleton.c:215)
          n1: 72704 0x487D973: _dlerror_run (dlerror.c:163)
           n1: 72704 0x487D2E4: dlopen@@GLIBC_2.2.5 (dlopen.c:87)
            n1: 72704 0x48666EB: elektraModulesLoad (in /home/jenkins/workspace/build/linux/lib/libelektra-core.so.0.8.26)
             n1: 72704 0x484FD71: elektraPluginOpen (in /home/jenkins/workspace/build/linux/lib/libelektra-kdb.so.0.8.26)
              n0: 72704 0x1091E1: main (in /home/jenkins/workspace/build/linux/bin/benchmark_plugingetset)
 n1: 5961 0x400B2AC: _dl_new_object (dl-object.c:73)
  n1: 5961 0x4005E46: _dl_map_object_from_fd (dl-load.c:1001)
   n2: 5961 0x4008A8B: _dl_map_object (dl-load.c:2466)
    n1: 4766 0x400D290: openaux (dl-deps.c:64)
     n1: 4766 0x49B5B2D: _dl_catch_exception (dl-error-skeleton.c:196)
      n1: 4766 0x400D604: _dl_map_object_deps (dl-deps.c:248)
       n1: 4766 0x401304E: dl_open_worker (dl-open.c:271)
        n1: 4766 0x49B5B2D: _dl_catch_exception (dl-error-skeleton.c:196)
         n1: 4766 0x4012BB8: _dl_open (dl-open.c:599)
          n1: 4766 0x487D254: dlopen_doit (dlopen.c:66)
           n1: 4766 0x49B5B2D: _dl_catch_exception (dl-error-skeleton.c:196)
            n1: 4766 0x49B5BBD: _dl_catch_error (dl-error-skeleton.c:215)
             n1: 4766 0x487D973: _dlerror_run (dlerror.c:163)
              n1: 4766 0x487D2E4: dlopen@@GLIBC_2.2.5 (dlopen.c:87)
               n1: 4766 0x48666EB: elektraModulesLoad (in /home/jenkins/workspace/build/linux/lib/libelektra-core.so.0.8.26)
                n1: 4766 0x484FD71: elektraPluginOpen (in /home/jenkins/workspace/build/linux/lib/libelektra-kdb.so.0.8.26)
                 n0: 4766 0x1091E1: main (in /home/jenkins/workspace/build/linux/bin/benchmark_plugingetset)
    n1: 1195 0x4012FE9: dl_open_worker (dl-open.c:228)
     n1: 1195 0x49B5B2D: _dl_catch_exception (dl-error-skeleton.c:196)
      n1: 1195 0x4012BB8: _dl_open (dl-open.c:599)
       n1: 1195 0x487D254: dlopen_doit (dlopen.c:66)
        n1: 1195 0x49B5B2D: _dl_catch_exception (dl-error-skeleton.c:196)
         n1: 1195 0x49B5BBD: _dl_catch_error (dl-error-skeleton.c:215)
          n1: 1195 0x487D973: _dlerror_run (dlerror.c:163)
           n1: 1195 0x487D2E4: dlopen@@GLIBC_2.2.5 (dlopen.c:87)
            n1: 1195 0x48666EB: elektraModulesLoad (in /home/jenkins/workspace/build/linux/lib/libelektra-core.so.0.8.26)
             n1: 1195 0x484FD71: elektraPluginOpen (in /home/jenkins/workspace/build/linux/lib/libelektra-kdb.so.0.8.26)
              n0: 1195 0x1091E1: main (in /home/jenkins/workspace/build/linux/bin/benchmark_plugingetset)
 n1: 4064 0x400A095: do_lookup_x (dl-lookup.c:253)
  n1: 4064 0x400A38D: _dl_lookup_symbol_x (dl-lookup.c:814)
   n1: 4064 0x400BD5C: _dl_relocate_object (dl-machine.h:308)
    n1: 4064 0x401319C: dl_open_worker (dl-open.c:377)
     n1: 4064 0x49B5B2D: _dl_catch_exception (dl-error-skeleton.c:196)
      n1: 4064 0x4012BB8: _dl_open (dl-open.c:599)
       n1: 4064 0x487D254: dlopen_doit (dlopen.c:66)
        n1: 4064 0x49B5B2D: _dl_catch_exception (dl-error-skeleton.c:196)
         n1: 4064 0x49B5BBD: _dl_catch_error (dl-error-skeleton.c:215)
          n1: 4064 0x487D973: _dlerror_run (dlerror.c:163)
           n1: 4064 0x487D2E4: dlopen@@GLIBC_2.2.5 (dlopen.c:87)
            n1: 4064 0x48666EB: elektraModulesLoad (in /home/jenkins/workspace/build/linux/lib/libelektra-core.so.0.8.26)
             n1: 4064 0x484FD71: elektraPluginOpen (in /home/jenkins/workspace/build/linux/lib/libelektra-kdb.so.0.8.26)
              n0: 4064 0x1091E1: main (in /home/jenkins/workspace/build/linux/bin/benchmark_plugingetset)
 n0: 2797 in 104 places, all below massif's threshold (1.00%)
 n1: 2376 0x4010A1E: _dl_check_map_versions (dl-version.c:274)
  n1: 2376 0x4013094: dl_open_worker (dl-open.c:277)
   n1: 2376 0x49B5B2D: _dl_catch_exception (dl-error-skeleton.c:196)
    n1: 2376 0x4012BB8: _dl_open (dl-open.c:599)
     n1: 2376 0x487D254: dlopen_doit (dlopen.c:66)
      n1: 2376 0x49B5B2D: _dl_catch_exception (dl-error-skeleton.c:196)
       n1: 2376 0x49B5BBD: _dl_catch_error (dl-error-skeleton.c:215)
        n1: 2376 0x487D973: _dlerror_run (dlerror.c:163)
         n1: 2376 0x487D2E4: dlopen@@GLIBC_2.2.5 (dlopen.c:87)
          n1: 2376 0x48666EB: elektraModulesLoad (in /home/jenkins/workspace/build/linux/lib/libelektra-core.so.0.8.26)
           n1: 2376 0x484FD71: elektraPluginOpen (in /home/jenkins/workspace/build/linux/lib/libelektra-kdb.so.0.8.26)
            n0: 2376 0x1091E1: main (in /home/jenkins/workspace/build/linux/bin/benchmark_plugingetset)
 n1: 1024 0x485EBF6: elektraVFormat (in /home/jenkins/workspace/build/linux/lib/libelektra-core.so.0.8.26)
  n1: 1024 0x485ED2A: elektraFormat (in /home/jenkins/workspace/build/linux/lib/libelektra-core.so.0.8.26)
   n0: 1024 in 2 places, all below massif's threshold (1.00%)
#-----------
snapshot=90
#-----------
time=5984428
mem_heap_B=88796
mem_heap_extra_B=676
mem_stacks_B=0
heap_tree=empty
#-----------
snapshot=91
#-----------
time=5986961
mem_heap_B=88782
mem_heap_extra_B=666
mem_stacks_B=0
heap_tree=empty
#-----------
snapshot=92
#-----------
time=5992184
mem_heap_B=88814
mem_heap_extra_B=674
mem_stacks_B=0
heap_tree=empty
#-----------
snapshot=93
#-----------
time=5993102
mem_heap_B=86871
mem_heap_extra_B=569
mem_stacks_B=0
heap_tree=empty
#-----------
snapshot=94
#-----------
time=5995234
mem_heap_B=85219
mem_heap_extra_B=461
mem_stacks_B=0
heap_tree=empty
#-----------
snapshot=95
#-----------
time=5997565
mem_heap_B=84451
mem_heap_extra_B=429
mem_stacks_B=0
heap_tree=empty
#-----------
snapshot=96
#-----------
time=6005144
mem_heap_B=82897
mem_heap_extra_B=255
mem_stacks_B=0
heap_tree=empty
