desc: --massif-out-file=results/generated_0_yamlcpp_linux_clang6.0.1.out
cmd: build/linux/bin/benchmark_plugingetset benchmarks/data/generated_0 user yamlcpp get
time_unit: i
#-----------
snapshot=0
#-----------
time=0
mem_heap_B=0
mem_heap_extra_B=0
mem_stacks_B=0
heap_tree=empty
#-----------
snapshot=1
#-----------
time=204382
mem_heap_B=64
mem_heap_extra_B=8
mem_stacks_B=0
heap_tree=empty
#-----------
snapshot=2
#-----------
time=208651
mem_heap_B=1216
mem_heap_extra_B=32
mem_stacks_B=0
heap_tree=empty
#-----------
snapshot=3
#-----------
time=210324
mem_heap_B=1280
mem_heap_extra_B=40
mem_stacks_B=0
heap_tree=empty
#-----------
snapshot=4
#-----------
time=217896
mem_heap_B=1324
mem_heap_extra_B=52
mem_stacks_B=0
heap_tree=empty
#-----------
snapshot=5
#-----------
time=226217
mem_heap_B=1334
mem_heap_extra_B=66
mem_stacks_B=0
heap_tree=empty
#-----------
snapshot=6
#-----------
time=232296
mem_heap_B=1398
mem_heap_extra_B=74
mem_stacks_B=0
heap_tree=empty
#-----------
snapshot=7
#-----------
time=235386
mem_heap_B=1796
mem_heap_extra_B=116
mem_stacks_B=0
heap_tree=empty
#-----------
snapshot=8
#-----------
time=239524
mem_heap_B=1828
mem_heap_extra_B=116
mem_stacks_B=0
heap_tree=empty
#-----------
snapshot=9
#-----------
time=243223
mem_heap_B=1892
mem_heap_extra_B=124
mem_stacks_B=0
heap_tree=empty
#-----------
snapshot=10
#-----------
time=247701
mem_heap_B=1958
mem_heap_extra_B=154
mem_stacks_B=0
heap_tree=empty
#-----------
snapshot=11
#-----------
time=251147
mem_heap_B=2036
mem_heap_extra_B=172
mem_stacks_B=0
heap_tree=empty
#-----------
snapshot=12
#-----------
time=256557
mem_heap_B=2044
mem_heap_extra_B=180
mem_stacks_B=0
heap_tree=empty
#-----------
snapshot=13
#-----------
time=263127
mem_heap_B=2106
mem_heap_extra_B=190
mem_stacks_B=0
heap_tree=empty
#-----------
snapshot=14
#-----------
time=267306
mem_heap_B=3429
mem_heap_extra_B=219
mem_stacks_B=0
heap_tree=empty
#-----------
snapshot=15
#-----------
time=271196
mem_heap_B=4752
mem_heap_extra_B=248
mem_stacks_B=0
heap_tree=empty
#-----------
snapshot=16
#-----------
time=275365
mem_heap_B=6052
mem_heap_extra_B=284
mem_stacks_B=0
heap_tree=empty
#-----------
snapshot=17
#-----------
time=280667
mem_heap_B=7462
mem_heap_extra_B=330
mem_stacks_B=0
heap_tree=empty
#-----------
snapshot=18
#-----------
time=288986
mem_heap_B=7503
mem_heap_extra_B=345
mem_stacks_B=0
heap_tree=empty
#-----------
snapshot=19
#-----------
time=289751
mem_heap_B=8735
mem_heap_extra_B=377
mem_stacks_B=0
heap_tree=empty
#-----------
snapshot=20
#-----------
time=296159
mem_heap_B=8767
mem_heap_extra_B=385
mem_stacks_B=0
heap_tree=empty
#-----------
snapshot=21
#-----------
time=296909
mem_heap_B=9985
mem_heap_extra_B=415
mem_stacks_B=0
heap_tree=detailed
n11: 9985 (heap allocation functions) malloc/new/new[], --alloc-fns, etc.
 n1: 7166 0x400B2AC: _dl_new_object (dl-object.c:73)
  n1: 7166 0x4005E46: _dl_map_object_from_fd (dl-load.c:1001)
   n2: 7166 0x4008A8B: _dl_map_object (dl-load.c:2466)
    n1: 5968 0x400D290: openaux (dl-deps.c:64)
     n1: 5968 0x49AEB2D: _dl_catch_exception (dl-error-skeleton.c:196)
      n1: 5968 0x400D604: _dl_map_object_deps (dl-deps.c:248)
       n1: 5968 0x401304E: dl_open_worker (dl-open.c:271)
        n1: 5968 0x49AEB2D: _dl_catch_exception (dl-error-skeleton.c:196)
         n1: 5968 0x4012BB8: _dl_open (dl-open.c:599)
          n1: 5968 0x4876254: dlopen_doit (dlopen.c:66)
           n1: 5968 0x49AEB2D: _dl_catch_exception (dl-error-skeleton.c:196)
            n1: 5968 0x49AEBBD: _dl_catch_error (dl-error-skeleton.c:215)
             n1: 5968 0x4876973: _dlerror_run (dlerror.c:163)
              n1: 5968 0x48762E4: dlopen@@GLIBC_2.2.5 (dlopen.c:87)
               n1: 5968 0x4860341: elektraModulesLoad (in /home/jenkins/workspace/build/linux/lib/libelektra-core.so.0.8.26)
                n1: 5968 0x4849B7D: elektraPluginOpen (in /home/jenkins/workspace/build/linux/lib/libelektra-kdb.so.0.8.26)
                 n0: 5968 0x4012D3: main (in /home/jenkins/workspace/build/linux/bin/benchmark_plugingetset)
    n1: 1198 0x4012FE9: dl_open_worker (dl-open.c:228)
     n1: 1198 0x49AEB2D: _dl_catch_exception (dl-error-skeleton.c:196)
      n1: 1198 0x4012BB8: _dl_open (dl-open.c:599)
       n1: 1198 0x4876254: dlopen_doit (dlopen.c:66)
        n1: 1198 0x49AEB2D: _dl_catch_exception (dl-error-skeleton.c:196)
         n1: 1198 0x49AEBBD: _dl_catch_error (dl-error-skeleton.c:215)
          n1: 1198 0x4876973: _dlerror_run (dlerror.c:163)
           n1: 1198 0x48762E4: dlopen@@GLIBC_2.2.5 (dlopen.c:87)
            n1: 1198 0x4860341: elektraModulesLoad (in /home/jenkins/workspace/build/linux/lib/libelektra-core.so.0.8.26)
             n1: 1198 0x4849B7D: elektraPluginOpen (in /home/jenkins/workspace/build/linux/lib/libelektra-kdb.so.0.8.26)
              n0: 1198 0x4012D3: main (in /home/jenkins/workspace/build/linux/bin/benchmark_plugingetset)
 n1: 1024 0x4858B77: elektraVFormat (in /home/jenkins/workspace/build/linux/lib/libelektra-core.so.0.8.26)
  n2: 1024 0x4858B56: elektraFormat (in /home/jenkins/workspace/build/linux/lib/libelektra-core.so.0.8.26)
   n0: 512 0x401256: main (in /home/jenkins/workspace/build/linux/bin/benchmark_plugingetset)
   n0: 512 0x40126B: main (in /home/jenkins/workspace/build/linux/bin/benchmark_plugingetset)
 n3: 384 0x485B4E7: ksNew (in /home/jenkins/workspace/build/linux/lib/libelektra-core.so.0.8.26)
  n0: 128 0x40123F: main (in /home/jenkins/workspace/build/linux/bin/benchmark_plugingetset)
  n0: 128 0x401296: main (in /home/jenkins/workspace/build/linux/bin/benchmark_plugingetset)
  n0: 128 0x4012A4: main (in /home/jenkins/workspace/build/linux/bin/benchmark_plugingetset)
 n1: 304 0x400B58E: _dl_new_object (dl-object.c:163)
  n1: 304 0x4005E46: _dl_map_object_from_fd (dl-load.c:1001)
   n2: 304 0x4008A8B: _dl_map_object (dl-load.c:2466)
    n1: 242 0x400D290: openaux (dl-deps.c:64)
     n1: 242 0x49AEB2D: _dl_catch_exception (dl-error-skeleton.c:196)
      n1: 242 0x400D604: _dl_map_object_deps (dl-deps.c:248)
       n1: 242 0x401304E: dl_open_worker (dl-open.c:271)
        n1: 242 0x49AEB2D: _dl_catch_exception (dl-error-skeleton.c:196)
         n1: 242 0x4012BB8: _dl_open (dl-open.c:599)
          n1: 242 0x4876254: dlopen_doit (dlopen.c:66)
           n1: 242 0x49AEB2D: _dl_catch_exception (dl-error-skeleton.c:196)
            n1: 242 0x49AEBBD: _dl_catch_error (dl-error-skeleton.c:215)
             n1: 242 0x4876973: _dlerror_run (dlerror.c:163)
              n1: 242 0x48762E4: dlopen@@GLIBC_2.2.5 (dlopen.c:87)
               n1: 242 0x4860341: elektraModulesLoad (in /home/jenkins/workspace/build/linux/lib/libelektra-core.so.0.8.26)
                n1: 242 0x4849B7D: elektraPluginOpen (in /home/jenkins/workspace/build/linux/lib/libelektra-kdb.so.0.8.26)
                 n0: 242 0x4012D3: main (in /home/jenkins/workspace/build/linux/bin/benchmark_plugingetset)
    n0: 62 in 1 place, below massif's threshold (1.00%)
 n1: 256 0x48593C3: keyNew (in /home/jenkins/workspace/build/linux/lib/libelektra-core.so.0.8.26)
  n0: 256 in 4 places, all below massif's threshold (1.00%)
 n1: 192 0x485B4A0: ksNew (in /home/jenkins/workspace/build/linux/lib/libelektra-core.so.0.8.26)
  n0: 192 in 3 places, all below massif's threshold (1.00%)
 n1: 186 0x4007798: open_path (dl-load.c:2112)
  n2: 186 0x4008C16: _dl_map_object (dl-load.c:2297)
   n1: 124 0x400D290: openaux (dl-deps.c:64)
    n1: 124 0x49AEB2D: _dl_catch_exception (dl-error-skeleton.c:196)
     n1: 124 0x400D604: _dl_map_object_deps (dl-deps.c:248)
      n1: 124 0x401304E: dl_open_worker (dl-open.c:271)
       n1: 124 0x49AEB2D: _dl_catch_exception (dl-error-skeleton.c:196)
        n1: 124 0x4012BB8: _dl_open (dl-open.c:599)
         n1: 124 0x4876254: dlopen_doit (dlopen.c:66)
          n1: 124 0x49AEB2D: _dl_catch_exception (dl-error-skeleton.c:196)
           n1: 124 0x49AEBBD: _dl_catch_error (dl-error-skeleton.c:215)
            n1: 124 0x4876973: _dlerror_run (dlerror.c:163)
             n1: 124 0x48762E4: dlopen@@GLIBC_2.2.5 (dlopen.c:87)
              n1: 124 0x4860341: elektraModulesLoad (in /home/jenkins/workspace/build/linux/lib/libelektra-core.so.0.8.26)
               n1: 124 0x4849B7D: elektraPluginOpen (in /home/jenkins/workspace/build/linux/lib/libelektra-kdb.so.0.8.26)
                n0: 124 0x4012D3: main (in /home/jenkins/workspace/build/linux/bin/benchmark_plugingetset)
   n0: 62 in 1 place, below massif's threshold (1.00%)
 n1: 135 0x40081A8: fillin_rpath (dl-load.c:509)
  n1: 135 0x40083BA: decompose_rpath.isra.10 (dl-load.c:631)
   n1: 135 0x4009105: _dl_map_object (dl-load.c:2297)
    n1: 135 0x400D290: openaux (dl-deps.c:64)
     n1: 135 0x49AEB2D: _dl_catch_exception (dl-error-skeleton.c:196)
      n1: 135 0x400D604: _dl_map_object_deps (dl-deps.c:248)
       n1: 135 0x401304E: dl_open_worker (dl-open.c:271)
        n1: 135 0x49AEB2D: _dl_catch_exception (dl-error-skeleton.c:196)
         n1: 135 0x4012BB8: _dl_open (dl-open.c:599)
          n1: 135 0x4876254: dlopen_doit (dlopen.c:66)
           n1: 135 0x49AEB2D: _dl_catch_exception (dl-error-skeleton.c:196)
            n1: 135 0x49AEBBD: _dl_catch_error (dl-error-skeleton.c:215)
             n1: 135 0x4876973: _dlerror_run (dlerror.c:163)
              n1: 135 0x48762E4: dlopen@@GLIBC_2.2.5 (dlopen.c:87)
               n1: 135 0x4860341: elektraModulesLoad (in /home/jenkins/workspace/build/linux/lib/libelektra-core.so.0.8.26)
                n1: 135 0x4849B7D: elektraPluginOpen (in /home/jenkins/workspace/build/linux/lib/libelektra-kdb.so.0.8.26)
                 n0: 135 0x4012D3: main (in /home/jenkins/workspace/build/linux/bin/benchmark_plugingetset)
 n2: 118 0x401AAD8: strdup (strdup.c:42)
  n1: 118 0x4016065: _dl_load_cache_lookup (dl-cache.c:317)
   n1: 118 0x4008D09: _dl_map_object (dl-load.c:2332)
    n1: 118 0x400D290: openaux (dl-deps.c:64)
     n1: 118 0x49AEB2D: _dl_catch_exception (dl-error-skeleton.c:196)
      n1: 118 0x400D604: _dl_map_object_deps (dl-deps.c:248)
       n1: 118 0x401304E: dl_open_worker (dl-open.c:271)
        n1: 118 0x49AEB2D: _dl_catch_exception (dl-error-skeleton.c:196)
         n1: 118 0x4012BB8: _dl_open (dl-open.c:599)
          n1: 118 0x4876254: dlopen_doit (dlopen.c:66)
           n1: 118 0x49AEB2D: _dl_catch_exception (dl-error-skeleton.c:196)
            n1: 118 0x49AEBBD: _dl_catch_error (dl-error-skeleton.c:215)
             n1: 118 0x4876973: _dlerror_run (dlerror.c:163)
              n1: 118 0x48762E4: dlopen@@GLIBC_2.2.5 (dlopen.c:87)
               n1: 118 0x4860341: elektraModulesLoad (in /home/jenkins/workspace/build/linux/lib/libelektra-core.so.0.8.26)
                n1: 118 0x4849B7D: elektraPluginOpen (in /home/jenkins/workspace/build/linux/lib/libelektra-kdb.so.0.8.26)
                 n0: 118 0x4012D3: main (in /home/jenkins/workspace/build/linux/bin/benchmark_plugingetset)
  n0: 0 in 2 places, all below massif's threshold (1.00%)
 n0: 112 in 6 places, all below massif's threshold (1.00%)
 n1: 108 0x48589D0: elektraRealloc (in /home/jenkins/workspace/build/linux/lib/libelektra-core.so.0.8.26)
  n0: 108 in 2 places, all below massif's threshold (1.00%)
#-----------
snapshot=22
#-----------
time=303420
mem_heap_B=10021
mem_heap_extra_B=435
mem_stacks_B=0
heap_tree=empty
#-----------
snapshot=23
#-----------
time=304193
mem_heap_B=11247
mem_heap_extra_B=473
mem_stacks_B=0
heap_tree=empty
#-----------
snapshot=24
#-----------
time=310675
mem_heap_B=11319
mem_heap_extra_B=489
mem_stacks_B=0
heap_tree=empty
#-----------
snapshot=25
#-----------
time=314004
mem_heap_B=11391
mem_heap_extra_B=505
mem_stacks_B=0
heap_tree=empty
#-----------
snapshot=26
#-----------
time=322102
mem_heap_B=11479
mem_heap_extra_B=521
mem_stacks_B=0
heap_tree=empty
#-----------
snapshot=27
#-----------
time=334026
mem_heap_B=11567
mem_heap_extra_B=537
mem_stacks_B=0
heap_tree=empty
#-----------
snapshot=28
#-----------
time=337175
mem_heap_B=11623
mem_heap_extra_B=553
mem_stacks_B=0
heap_tree=empty
#-----------
snapshot=29
#-----------
time=340717
mem_heap_B=11847
mem_heap_extra_B=585
mem_stacks_B=0
heap_tree=detailed
n12: 11847 (heap allocation functions) malloc/new/new[], --alloc-fns, etc.
 n1: 8356 0x400B2AC: _dl_new_object (dl-object.c:73)
  n1: 8356 0x4005E46: _dl_map_object_from_fd (dl-load.c:1001)
   n2: 8356 0x4008A8B: _dl_map_object (dl-load.c:2466)
    n1: 7158 0x400D290: openaux (dl-deps.c:64)
     n1: 7158 0x49AEB2D: _dl_catch_exception (dl-error-skeleton.c:196)
      n1: 7158 0x400D604: _dl_map_object_deps (dl-deps.c:248)
       n1: 7158 0x401304E: dl_open_worker (dl-open.c:271)
        n1: 7158 0x49AEB2D: _dl_catch_exception (dl-error-skeleton.c:196)
         n1: 7158 0x4012BB8: _dl_open (dl-open.c:599)
          n1: 7158 0x4876254: dlopen_doit (dlopen.c:66)
           n1: 7158 0x49AEB2D: _dl_catch_exception (dl-error-skeleton.c:196)
            n1: 7158 0x49AEBBD: _dl_catch_error (dl-error-skeleton.c:215)
             n1: 7158 0x4876973: _dlerror_run (dlerror.c:163)
              n1: 7158 0x48762E4: dlopen@@GLIBC_2.2.5 (dlopen.c:87)
               n1: 7158 0x4860341: elektraModulesLoad (in /home/jenkins/workspace/build/linux/lib/libelektra-core.so.0.8.26)
                n1: 7158 0x4849B7D: elektraPluginOpen (in /home/jenkins/workspace/build/linux/lib/libelektra-kdb.so.0.8.26)
                 n0: 7158 0x4012D3: main (in /home/jenkins/workspace/build/linux/bin/benchmark_plugingetset)
    n1: 1198 0x4012FE9: dl_open_worker (dl-open.c:228)
     n1: 1198 0x49AEB2D: _dl_catch_exception (dl-error-skeleton.c:196)
      n1: 1198 0x4012BB8: _dl_open (dl-open.c:599)
       n1: 1198 0x4876254: dlopen_doit (dlopen.c:66)
        n1: 1198 0x49AEB2D: _dl_catch_exception (dl-error-skeleton.c:196)
         n1: 1198 0x49AEBBD: _dl_catch_error (dl-error-skeleton.c:215)
          n1: 1198 0x4876973: _dlerror_run (dlerror.c:163)
           n1: 1198 0x48762E4: dlopen@@GLIBC_2.2.5 (dlopen.c:87)
            n1: 1198 0x4860341: elektraModulesLoad (in /home/jenkins/workspace/build/linux/lib/libelektra-core.so.0.8.26)
             n1: 1198 0x4849B7D: elektraPluginOpen (in /home/jenkins/workspace/build/linux/lib/libelektra-kdb.so.0.8.26)
              n0: 1198 0x4012D3: main (in /home/jenkins/workspace/build/linux/bin/benchmark_plugingetset)
 n1: 1024 0x4858B77: elektraVFormat (in /home/jenkins/workspace/build/linux/lib/libelektra-core.so.0.8.26)
  n2: 1024 0x4858B56: elektraFormat (in /home/jenkins/workspace/build/linux/lib/libelektra-core.so.0.8.26)
   n0: 512 0x401256: main (in /home/jenkins/workspace/build/linux/bin/benchmark_plugingetset)
   n0: 512 0x40126B: main (in /home/jenkins/workspace/build/linux/bin/benchmark_plugingetset)
 n1: 416 0x400D46A: _dl_map_object_deps (dl-deps.c:438)
  n1: 416 0x401304E: dl_open_worker (dl-open.c:271)
   n1: 416 0x49AEB2D: _dl_catch_exception (dl-error-skeleton.c:196)
    n1: 416 0x4012BB8: _dl_open (dl-open.c:599)
     n1: 416 0x4876254: dlopen_doit (dlopen.c:66)
      n1: 416 0x49AEB2D: _dl_catch_exception (dl-error-skeleton.c:196)
       n1: 416 0x49AEBBD: _dl_catch_error (dl-error-skeleton.c:215)
        n1: 416 0x4876973: _dlerror_run (dlerror.c:163)
         n1: 416 0x48762E4: dlopen@@GLIBC_2.2.5 (dlopen.c:87)
          n1: 416 0x4860341: elektraModulesLoad (in /home/jenkins/workspace/build/linux/lib/libelektra-core.so.0.8.26)
           n1: 416 0x4849B7D: elektraPluginOpen (in /home/jenkins/workspace/build/linux/lib/libelektra-kdb.so.0.8.26)
            n0: 416 0x4012D3: main (in /home/jenkins/workspace/build/linux/bin/benchmark_plugingetset)
 n3: 384 0x485B4E7: ksNew (in /home/jenkins/workspace/build/linux/lib/libelektra-core.so.0.8.26)
  n0: 128 0x40123F: main (in /home/jenkins/workspace/build/linux/bin/benchmark_plugingetset)
  n0: 128 0x401296: main (in /home/jenkins/workspace/build/linux/bin/benchmark_plugingetset)
  n0: 128 0x4012A4: main (in /home/jenkins/workspace/build/linux/bin/benchmark_plugingetset)
 n1: 340 0x400B58E: _dl_new_object (dl-object.c:163)
  n1: 340 0x4005E46: _dl_map_object_from_fd (dl-load.c:1001)
   n2: 340 0x4008A8B: _dl_map_object (dl-load.c:2466)
    n1: 278 0x400D290: openaux (dl-deps.c:64)
     n1: 278 0x49AEB2D: _dl_catch_exception (dl-error-skeleton.c:196)
      n1: 278 0x400D604: _dl_map_object_deps (dl-deps.c:248)
       n1: 278 0x401304E: dl_open_worker (dl-open.c:271)
        n1: 278 0x49AEB2D: _dl_catch_exception (dl-error-skeleton.c:196)
         n1: 278 0x4012BB8: _dl_open (dl-open.c:599)
          n1: 278 0x4876254: dlopen_doit (dlopen.c:66)
           n1: 278 0x49AEB2D: _dl_catch_exception (dl-error-skeleton.c:196)
            n1: 278 0x49AEBBD: _dl_catch_error (dl-error-skeleton.c:215)
             n1: 278 0x4876973: _dlerror_run (dlerror.c:163)
              n1: 278 0x48762E4: dlopen@@GLIBC_2.2.5 (dlopen.c:87)
               n1: 278 0x4860341: elektraModulesLoad (in /home/jenkins/workspace/build/linux/lib/libelektra-core.so.0.8.26)
                n1: 278 0x4849B7D: elektraPluginOpen (in /home/jenkins/workspace/build/linux/lib/libelektra-kdb.so.0.8.26)
                 n0: 278 0x4012D3: main (in /home/jenkins/workspace/build/linux/bin/benchmark_plugingetset)
    n0: 62 in 1 place, below massif's threshold (1.00%)
 n1: 256 0x48593C3: keyNew (in /home/jenkins/workspace/build/linux/lib/libelektra-core.so.0.8.26)
  n0: 256 in 4 places, all below massif's threshold (1.00%)
 n0: 220 in 7 places, all below massif's threshold (1.00%)
 n1: 192 0x485B4A0: ksNew (in /home/jenkins/workspace/build/linux/lib/libelektra-core.so.0.8.26)
  n0: 192 in 3 places, all below massif's threshold (1.00%)
 n1: 186 0x4007798: open_path (dl-load.c:2112)
  n2: 186 0x4008C16: _dl_map_object (dl-load.c:2297)
   n1: 124 0x400D290: openaux (dl-deps.c:64)
    n1: 124 0x49AEB2D: _dl_catch_exception (dl-error-skeleton.c:196)
     n1: 124 0x400D604: _dl_map_object_deps (dl-deps.c:248)
      n1: 124 0x401304E: dl_open_worker (dl-open.c:271)
       n1: 124 0x49AEB2D: _dl_catch_exception (dl-error-skeleton.c:196)
        n1: 124 0x4012BB8: _dl_open (dl-open.c:599)
         n1: 124 0x4876254: dlopen_doit (dlopen.c:66)
          n1: 124 0x49AEB2D: _dl_catch_exception (dl-error-skeleton.c:196)
           n1: 124 0x49AEBBD: _dl_catch_error (dl-error-skeleton.c:215)
            n1: 124 0x4876973: _dlerror_run (dlerror.c:163)
             n1: 124 0x48762E4: dlopen@@GLIBC_2.2.5 (dlopen.c:87)
              n1: 124 0x4860341: elektraModulesLoad (in /home/jenkins/workspace/build/linux/lib/libelektra-core.so.0.8.26)
               n1: 124 0x4849B7D: elektraPluginOpen (in /home/jenkins/workspace/build/linux/lib/libelektra-kdb.so.0.8.26)
                n0: 124 0x4012D3: main (in /home/jenkins/workspace/build/linux/bin/benchmark_plugingetset)
   n0: 62 in 1 place, below massif's threshold (1.00%)
 n1: 184 0x400D904: _dl_map_object_deps (dl-deps.c:479)
  n1: 184 0x401304E: dl_open_worker (dl-open.c:271)
   n1: 184 0x49AEB2D: _dl_catch_exception (dl-error-skeleton.c:196)
    n1: 184 0x4012BB8: _dl_open (dl-open.c:599)
     n1: 184 0x4876254: dlopen_doit (dlopen.c:66)
      n1: 184 0x49AEB2D: _dl_catch_exception (dl-error-skeleton.c:196)
       n1: 184 0x49AEBBD: _dl_catch_error (dl-error-skeleton.c:215)
        n1: 184 0x4876973: _dlerror_run (dlerror.c:163)
         n1: 184 0x48762E4: dlopen@@GLIBC_2.2.5 (dlopen.c:87)
          n1: 184 0x4860341: elektraModulesLoad (in /home/jenkins/workspace/build/linux/lib/libelektra-core.so.0.8.26)
           n1: 184 0x4849B7D: elektraPluginOpen (in /home/jenkins/workspace/build/linux/lib/libelektra-kdb.so.0.8.26)
            n0: 184 0x4012D3: main (in /home/jenkins/workspace/build/linux/bin/benchmark_plugingetset)
 n2: 154 0x401AAD8: strdup (strdup.c:42)
  n1: 154 0x4016065: _dl_load_cache_lookup (dl-cache.c:317)
   n1: 154 0x4008D09: _dl_map_object (dl-load.c:2332)
    n1: 154 0x400D290: openaux (dl-deps.c:64)
     n1: 154 0x49AEB2D: _dl_catch_exception (dl-error-skeleton.c:196)
      n1: 154 0x400D604: _dl_map_object_deps (dl-deps.c:248)
       n1: 154 0x401304E: dl_open_worker (dl-open.c:271)
        n1: 154 0x49AEB2D: _dl_catch_exception (dl-error-skeleton.c:196)
         n1: 154 0x4012BB8: _dl_open (dl-open.c:599)
          n1: 154 0x4876254: dlopen_doit (dlopen.c:66)
           n1: 154 0x49AEB2D: _dl_catch_exception (dl-error-skeleton.c:196)
            n1: 154 0x49AEBBD: _dl_catch_error (dl-error-skeleton.c:215)
             n1: 154 0x4876973: _dlerror_run (dlerror.c:163)
              n1: 154 0x48762E4: dlopen@@GLIBC_2.2.5 (dlopen.c:87)
               n1: 154 0x4860341: elektraModulesLoad (in /home/jenkins/workspace/build/linux/lib/libelektra-core.so.0.8.26)
                n1: 154 0x4849B7D: elektraPluginOpen (in /home/jenkins/workspace/build/linux/lib/libelektra-kdb.so.0.8.26)
                 n0: 154 0x4012D3: main (in /home/jenkins/workspace/build/linux/bin/benchmark_plugingetset)
  n0: 0 in 2 places, all below massif's threshold (1.00%)
 n1: 135 0x40081A8: fillin_rpath (dl-load.c:509)
  n1: 135 0x40083BA: decompose_rpath.isra.10 (dl-load.c:631)
   n1: 135 0x4009105: _dl_map_object (dl-load.c:2297)
    n1: 135 0x400D290: openaux (dl-deps.c:64)
     n1: 135 0x49AEB2D: _dl_catch_exception (dl-error-skeleton.c:196)
      n1: 135 0x400D604: _dl_map_object_deps (dl-deps.c:248)
       n1: 135 0x401304E: dl_open_worker (dl-open.c:271)
        n1: 135 0x49AEB2D: _dl_catch_exception (dl-error-skeleton.c:196)
         n1: 135 0x4012BB8: _dl_open (dl-open.c:599)
          n1: 135 0x4876254: dlopen_doit (dlopen.c:66)
           n1: 135 0x49AEB2D: _dl_catch_exception (dl-error-skeleton.c:196)
            n1: 135 0x49AEBBD: _dl_catch_error (dl-error-skeleton.c:215)
             n1: 135 0x4876973: _dlerror_run (dlerror.c:163)
              n1: 135 0x48762E4: dlopen@@GLIBC_2.2.5 (dlopen.c:87)
               n1: 135 0x4860341: elektraModulesLoad (in /home/jenkins/workspace/build/linux/lib/libelektra-core.so.0.8.26)
                n1: 135 0x4849B7D: elektraPluginOpen (in /home/jenkins/workspace/build/linux/lib/libelektra-kdb.so.0.8.26)
                 n0: 135 0x4012D3: main (in /home/jenkins/workspace/build/linux/bin/benchmark_plugingetset)
#-----------
snapshot=30
#-----------
time=347809
mem_heap_B=12087
mem_heap_extra_B=593
mem_stacks_B=0
heap_tree=empty
#-----------
snapshot=31
#-----------
time=350659
mem_heap_B=12279
mem_heap_extra_B=625
mem_stacks_B=0
heap_tree=empty
#-----------
snapshot=32
#-----------
time=356561
mem_heap_B=12567
mem_heap_extra_B=633
mem_stacks_B=0
heap_tree=empty
#-----------
snapshot=33
#-----------
time=363280
mem_heap_B=13863
mem_heap_extra_B=641
mem_stacks_B=0
heap_tree=empty
#-----------
snapshot=34
#-----------
time=367077
mem_heap_B=14247
mem_heap_extra_B=649
mem_stacks_B=0
heap_tree=empty
#-----------
snapshot=35
#-----------
time=368970
mem_heap_B=14631
mem_heap_extra_B=657
mem_stacks_B=0
heap_tree=empty
#-----------
snapshot=36
#-----------
time=926131
mem_heap_B=15623
mem_heap_extra_B=665
mem_stacks_B=0
heap_tree=empty
#-----------
snapshot=37
#-----------
time=1012376
mem_heap_B=17575
mem_heap_extra_B=673
mem_stacks_B=0
heap_tree=empty
#-----------
snapshot=38
#-----------
time=1013259
mem_heap_B=16583
mem_heap_extra_B=665
mem_stacks_B=0
heap_tree=empty
#-----------
snapshot=39
#-----------
time=3457693
mem_heap_B=20647
mem_heap_extra_B=673
mem_stacks_B=0
heap_tree=empty
#-----------
snapshot=40
#-----------
time=3459324
mem_heap_B=18695
mem_heap_extra_B=665
mem_stacks_B=0
heap_tree=empty
#-----------
snapshot=41
#-----------
time=6039909
mem_heap_B=91399
mem_heap_extra_B=673
mem_stacks_B=0
heap_tree=empty
#-----------
snapshot=42
#-----------
time=6086825
mem_heap_B=91416
mem_heap_extra_B=696
mem_stacks_B=0
heap_tree=empty
#-----------
snapshot=43
#-----------
time=6090904
mem_heap_B=91450
mem_heap_extra_B=742
mem_stacks_B=0
heap_tree=empty
#-----------
snapshot=44
#-----------
time=6096389
mem_heap_B=91501
mem_heap_extra_B=811
mem_stacks_B=0
heap_tree=empty
#-----------
snapshot=45
#-----------
time=6103571
mem_heap_B=91565
mem_heap_extra_B=819
mem_stacks_B=0
heap_tree=empty
#-----------
snapshot=46
#-----------
time=6106361
mem_heap_B=91788
mem_heap_extra_B=876
mem_stacks_B=0
heap_tree=detailed
n6: 91788 (heap allocation functions) malloc/new/new[], --alloc-fns, etc.
 n1: 72704 0x4F6A454: ??? (in /usr/lib/x86_64-linux-gnu/libstdc++.so.6.0.25)
  n1: 72704 0x400F378: call_init.part.0 (dl-init.c:72)
   n1: 72704 0x400F474: _dl_init (dl-init.c:118)
    n1: 72704 0x40132D1: dl_open_worker (dl-open.c:517)
     n1: 72704 0x49AEB2D: _dl_catch_exception (dl-error-skeleton.c:196)
      n1: 72704 0x4012BB8: _dl_open (dl-open.c:599)
       n1: 72704 0x4876254: dlopen_doit (dlopen.c:66)
        n1: 72704 0x49AEB2D: _dl_catch_exception (dl-error-skeleton.c:196)
         n1: 72704 0x49AEBBD: _dl_catch_error (dl-error-skeleton.c:215)
          n1: 72704 0x4876973: _dlerror_run (dlerror.c:163)
           n1: 72704 0x48762E4: dlopen@@GLIBC_2.2.5 (dlopen.c:87)
            n1: 72704 0x4860341: elektraModulesLoad (in /home/jenkins/workspace/build/linux/lib/libelektra-core.so.0.8.26)
             n1: 72704 0x4849B7D: elektraPluginOpen (in /home/jenkins/workspace/build/linux/lib/libelektra-kdb.so.0.8.26)
              n0: 72704 0x4012D3: main (in /home/jenkins/workspace/build/linux/bin/benchmark_plugingetset)
 n1: 8356 0x400B2AC: _dl_new_object (dl-object.c:73)
  n1: 8356 0x4005E46: _dl_map_object_from_fd (dl-load.c:1001)
   n2: 8356 0x4008A8B: _dl_map_object (dl-load.c:2466)
    n1: 7158 0x400D290: openaux (dl-deps.c:64)
     n1: 7158 0x49AEB2D: _dl_catch_exception (dl-error-skeleton.c:196)
      n1: 7158 0x400D604: _dl_map_object_deps (dl-deps.c:248)
       n1: 7158 0x401304E: dl_open_worker (dl-open.c:271)
        n1: 7158 0x49AEB2D: _dl_catch_exception (dl-error-skeleton.c:196)
         n1: 7158 0x4012BB8: _dl_open (dl-open.c:599)
          n1: 7158 0x4876254: dlopen_doit (dlopen.c:66)
           n1: 7158 0x49AEB2D: _dl_catch_exception (dl-error-skeleton.c:196)
            n1: 7158 0x49AEBBD: _dl_catch_error (dl-error-skeleton.c:215)
             n1: 7158 0x4876973: _dlerror_run (dlerror.c:163)
              n1: 7158 0x48762E4: dlopen@@GLIBC_2.2.5 (dlopen.c:87)
               n1: 7158 0x4860341: elektraModulesLoad (in /home/jenkins/workspace/build/linux/lib/libelektra-core.so.0.8.26)
                n1: 7158 0x4849B7D: elektraPluginOpen (in /home/jenkins/workspace/build/linux/lib/libelektra-kdb.so.0.8.26)
                 n0: 7158 0x4012D3: main (in /home/jenkins/workspace/build/linux/bin/benchmark_plugingetset)
    n1: 1198 0x4012FE9: dl_open_worker (dl-open.c:228)
     n1: 1198 0x49AEB2D: _dl_catch_exception (dl-error-skeleton.c:196)
      n1: 1198 0x4012BB8: _dl_open (dl-open.c:599)
       n1: 1198 0x4876254: dlopen_doit (dlopen.c:66)
        n1: 1198 0x49AEB2D: _dl_catch_exception (dl-error-skeleton.c:196)
         n1: 1198 0x49AEBBD: _dl_catch_error (dl-error-skeleton.c:215)
          n1: 1198 0x4876973: _dlerror_run (dlerror.c:163)
           n1: 1198 0x48762E4: dlopen@@GLIBC_2.2.5 (dlopen.c:87)
            n1: 1198 0x4860341: elektraModulesLoad (in /home/jenkins/workspace/build/linux/lib/libelektra-core.so.0.8.26)
             n1: 1198 0x4849B7D: elektraPluginOpen (in /home/jenkins/workspace/build/linux/lib/libelektra-kdb.so.0.8.26)
              n0: 1198 0x4012D3: main (in /home/jenkins/workspace/build/linux/bin/benchmark_plugingetset)
 n1: 4064 0x400A095: do_lookup_x (dl-lookup.c:253)
  n1: 4064 0x400A38D: _dl_lookup_symbol_x (dl-lookup.c:814)
   n1: 4064 0x400BD5C: _dl_relocate_object (dl-machine.h:308)
    n1: 4064 0x401319C: dl_open_worker (dl-open.c:377)
     n1: 4064 0x49AEB2D: _dl_catch_exception (dl-error-skeleton.c:196)
      n1: 4064 0x4012BB8: _dl_open (dl-open.c:599)
       n1: 4064 0x4876254: dlopen_doit (dlopen.c:66)
        n1: 4064 0x49AEB2D: _dl_catch_exception (dl-error-skeleton.c:196)
         n1: 4064 0x49AEBBD: _dl_catch_error (dl-error-skeleton.c:215)
          n1: 4064 0x4876973: _dlerror_run (dlerror.c:163)
           n1: 4064 0x48762E4: dlopen@@GLIBC_2.2.5 (dlopen.c:87)
            n1: 4064 0x4860341: elektraModulesLoad (in /home/jenkins/workspace/build/linux/lib/libelektra-core.so.0.8.26)
             n1: 4064 0x4849B7D: elektraPluginOpen (in /home/jenkins/workspace/build/linux/lib/libelektra-kdb.so.0.8.26)
              n0: 4064 0x4012D3: main (in /home/jenkins/workspace/build/linux/bin/benchmark_plugingetset)
 n0: 2856 in 25 places, all below massif's threshold (1.00%)
 n1: 2784 0x4010A1E: _dl_check_map_versions (dl-version.c:274)
  n1: 2784 0x4013094: dl_open_worker (dl-open.c:277)
   n1: 2784 0x49AEB2D: _dl_catch_exception (dl-error-skeleton.c:196)
    n1: 2784 0x4012BB8: _dl_open (dl-open.c:599)
     n1: 2784 0x4876254: dlopen_doit (dlopen.c:66)
      n1: 2784 0x49AEB2D: _dl_catch_exception (dl-error-skeleton.c:196)
       n1: 2784 0x49AEBBD: _dl_catch_error (dl-error-skeleton.c:215)
        n1: 2784 0x4876973: _dlerror_run (dlerror.c:163)
         n1: 2784 0x48762E4: dlopen@@GLIBC_2.2.5 (dlopen.c:87)
          n1: 2784 0x4860341: elektraModulesLoad (in /home/jenkins/workspace/build/linux/lib/libelektra-core.so.0.8.26)
           n1: 2784 0x4849B7D: elektraPluginOpen (in /home/jenkins/workspace/build/linux/lib/libelektra-kdb.so.0.8.26)
            n0: 2784 0x4012D3: main (in /home/jenkins/workspace/build/linux/bin/benchmark_plugingetset)
 n1: 1024 0x4858B77: elektraVFormat (in /home/jenkins/workspace/build/linux/lib/libelektra-core.so.0.8.26)
  n1: 1024 0x4858B56: elektraFormat (in /home/jenkins/workspace/build/linux/lib/libelektra-core.so.0.8.26)
   n0: 1024 in 2 places, all below massif's threshold (1.00%)
#-----------
snapshot=47
#-----------
time=6107710
mem_heap_B=91822
mem_heap_extra_B=866
mem_stacks_B=0
heap_tree=empty
#-----------
snapshot=48
#-----------
time=6112627
mem_heap_B=92374
mem_heap_extra_B=882
mem_stacks_B=0
heap_tree=empty
#-----------
snapshot=49
#-----------
time=6113293
mem_heap_B=103670
mem_heap_extra_B=922
mem_stacks_B=0
heap_tree=empty
#-----------
snapshot=50
#-----------
time=6114008
mem_heap_B=104238
mem_heap_extra_B=954
mem_stacks_B=0
heap_tree=empty
#-----------
snapshot=51
#-----------
time=6114695
mem_heap_B=106078
mem_heap_extra_B=1082
mem_stacks_B=0
heap_tree=empty
#-----------
snapshot=52
#-----------
time=6115397
mem_heap_B=106182
mem_heap_extra_B=1114
mem_stacks_B=0
heap_tree=empty
#-----------
snapshot=53
#-----------
time=6115521
mem_heap_B=106182
mem_heap_extra_B=1114
mem_stacks_B=0
heap_tree=peak
n7: 106182 (heap allocation functions) malloc/new/new[], --alloc-fns, etc.
 n1: 72704 0x4F6A454: ??? (in /usr/lib/x86_64-linux-gnu/libstdc++.so.6.0.25)
  n1: 72704 0x400F378: call_init.part.0 (dl-init.c:72)
   n1: 72704 0x400F474: _dl_init (dl-init.c:118)
    n1: 72704 0x40132D1: dl_open_worker (dl-open.c:517)
     n1: 72704 0x49AEB2D: _dl_catch_exception (dl-error-skeleton.c:196)
      n1: 72704 0x4012BB8: _dl_open (dl-open.c:599)
       n1: 72704 0x4876254: dlopen_doit (dlopen.c:66)
        n1: 72704 0x49AEB2D: _dl_catch_exception (dl-error-skeleton.c:196)
         n1: 72704 0x49AEBBD: _dl_catch_error (dl-error-skeleton.c:215)
          n1: 72704 0x4876973: _dlerror_run (dlerror.c:163)
           n1: 72704 0x48762E4: dlopen@@GLIBC_2.2.5 (dlopen.c:87)
            n1: 72704 0x4860341: elektraModulesLoad (in /home/jenkins/workspace/build/linux/lib/libelektra-core.so.0.8.26)
             n1: 72704 0x4849B7D: elektraPluginOpen (in /home/jenkins/workspace/build/linux/lib/libelektra-kdb.so.0.8.26)
              n0: 72704 0x4012D3: main (in /home/jenkins/workspace/build/linux/bin/benchmark_plugingetset)
 n1: 8356 0x400B2AC: _dl_new_object (dl-object.c:73)
  n1: 8356 0x4005E46: _dl_map_object_from_fd (dl-load.c:1001)
   n2: 8356 0x4008A8B: _dl_map_object (dl-load.c:2466)
    n1: 7158 0x400D290: openaux (dl-deps.c:64)
     n1: 7158 0x49AEB2D: _dl_catch_exception (dl-error-skeleton.c:196)
      n1: 7158 0x400D604: _dl_map_object_deps (dl-deps.c:248)
       n1: 7158 0x401304E: dl_open_worker (dl-open.c:271)
        n1: 7158 0x49AEB2D: _dl_catch_exception (dl-error-skeleton.c:196)
         n1: 7158 0x4012BB8: _dl_open (dl-open.c:599)
          n1: 7158 0x4876254: dlopen_doit (dlopen.c:66)
           n1: 7158 0x49AEB2D: _dl_catch_exception (dl-error-skeleton.c:196)
            n1: 7158 0x49AEBBD: _dl_catch_error (dl-error-skeleton.c:215)
             n1: 7158 0x4876973: _dlerror_run (dlerror.c:163)
              n1: 7158 0x48762E4: dlopen@@GLIBC_2.2.5 (dlopen.c:87)
               n1: 7158 0x4860341: elektraModulesLoad (in /home/jenkins/workspace/build/linux/lib/libelektra-core.so.0.8.26)
                n1: 7158 0x4849B7D: elektraPluginOpen (in /home/jenkins/workspace/build/linux/lib/libelektra-kdb.so.0.8.26)
                 n0: 7158 0x4012D3: main (in /home/jenkins/workspace/build/linux/bin/benchmark_plugingetset)
    n1: 1198 0x4012FE9: dl_open_worker (dl-open.c:228)
     n1: 1198 0x49AEB2D: _dl_catch_exception (dl-error-skeleton.c:196)
      n1: 1198 0x4012BB8: _dl_open (dl-open.c:599)
       n1: 1198 0x4876254: dlopen_doit (dlopen.c:66)
        n1: 1198 0x49AEB2D: _dl_catch_exception (dl-error-skeleton.c:196)
         n1: 1198 0x49AEBBD: _dl_catch_error (dl-error-skeleton.c:215)
          n1: 1198 0x4876973: _dlerror_run (dlerror.c:163)
           n1: 1198 0x48762E4: dlopen@@GLIBC_2.2.5 (dlopen.c:87)
            n1: 1198 0x4860341: elektraModulesLoad (in /home/jenkins/workspace/build/linux/lib/libelektra-core.so.0.8.26)
             n1: 1198 0x4849B7D: elektraPluginOpen (in /home/jenkins/workspace/build/linux/lib/libelektra-kdb.so.0.8.26)
              n0: 1198 0x4012D3: main (in /home/jenkins/workspace/build/linux/bin/benchmark_plugingetset)
 n1: 8192 0x4FC68F6: std::basic_filebuf<char, std::char_traits<char> >::_M_allocate_internal_buffer() (in /usr/lib/x86_64-linux-gnu/libstdc++.so.6.0.25)
  n1: 8192 0x4FCA790: std::basic_filebuf<char, std::char_traits<char> >::open(char const*, std::_Ios_Openmode) (in /usr/lib/x86_64-linux-gnu/libstdc++.so.6.0.25)
   n1: 8192 0x4E9B039: YAML::LoadFile(std::__cxx11::basic_string<char, std::char_traits<char>, std::allocator<char> > const&) (in /usr/lib/x86_64-linux-gnu/libyaml-cpp.so.0.6.2)
    n1: 8192 0x4E43625: ???
     n1: 8192 0x4E418FA: ???
      n0: 8192 0x4012EF: main (in /home/jenkins/workspace/build/linux/bin/benchmark_plugingetset)
 n0: 8034 in 49 places, all below massif's threshold (1.00%)
 n1: 4064 0x400A095: do_lookup_x (dl-lookup.c:253)
  n1: 4064 0x400A38D: _dl_lookup_symbol_x (dl-lookup.c:814)
   n1: 4064 0x400BD5C: _dl_relocate_object (dl-machine.h:308)
    n1: 4064 0x401319C: dl_open_worker (dl-open.c:377)
     n1: 4064 0x49AEB2D: _dl_catch_exception (dl-error-skeleton.c:196)
      n1: 4064 0x4012BB8: _dl_open (dl-open.c:599)
       n1: 4064 0x4876254: dlopen_doit (dlopen.c:66)
        n1: 4064 0x49AEB2D: _dl_catch_exception (dl-error-skeleton.c:196)
         n1: 4064 0x49AEBBD: _dl_catch_error (dl-error-skeleton.c:215)
          n1: 4064 0x4876973: _dlerror_run (dlerror.c:163)
           n1: 4064 0x48762E4: dlopen@@GLIBC_2.2.5 (dlopen.c:87)
            n1: 4064 0x4860341: elektraModulesLoad (in /home/jenkins/workspace/build/linux/lib/libelektra-core.so.0.8.26)
             n1: 4064 0x4849B7D: elektraPluginOpen (in /home/jenkins/workspace/build/linux/lib/libelektra-kdb.so.0.8.26)
              n0: 4064 0x4012D3: main (in /home/jenkins/workspace/build/linux/bin/benchmark_plugingetset)
 n1: 2784 0x4010A1E: _dl_check_map_versions (dl-version.c:274)
  n1: 2784 0x4013094: dl_open_worker (dl-open.c:277)
   n1: 2784 0x49AEB2D: _dl_catch_exception (dl-error-skeleton.c:196)
    n1: 2784 0x4012BB8: _dl_open (dl-open.c:599)
     n1: 2784 0x4876254: dlopen_doit (dlopen.c:66)
      n1: 2784 0x49AEB2D: _dl_catch_exception (dl-error-skeleton.c:196)
       n1: 2784 0x49AEBBD: _dl_catch_error (dl-error-skeleton.c:215)
        n1: 2784 0x4876973: _dlerror_run (dlerror.c:163)
         n1: 2784 0x48762E4: dlopen@@GLIBC_2.2.5 (dlopen.c:87)
          n1: 2784 0x4860341: elektraModulesLoad (in /home/jenkins/workspace/build/linux/lib/libelektra-core.so.0.8.26)
           n1: 2784 0x4849B7D: elektraPluginOpen (in /home/jenkins/workspace/build/linux/lib/libelektra-kdb.so.0.8.26)
            n0: 2784 0x4012D3: main (in /home/jenkins/workspace/build/linux/bin/benchmark_plugingetset)
 n1: 2048 0x4EC6A3A: ??? (in /usr/lib/x86_64-linux-gnu/libyaml-cpp.so.0.6.2)
  n1: 2048 0x4EA14D0: ??? (in /usr/lib/x86_64-linux-gnu/libyaml-cpp.so.0.6.2)
   n1: 2048 0x4E9CA90: YAML::Parser::Load(std::istream&) (in /usr/lib/x86_64-linux-gnu/libyaml-cpp.so.0.6.2)
    n1: 2048 0x4E9CB29: YAML::Parser::Parser(std::istream&) (in /usr/lib/x86_64-linux-gnu/libyaml-cpp.so.0.6.2)
     n1: 2048 0x4E9A82F: YAML::Load(std::istream&) (in /usr/lib/x86_64-linux-gnu/libyaml-cpp.so.0.6.2)
      n1: 2048 0x4E9B06D: YAML::LoadFile(std::__cxx11::basic_string<char, std::char_traits<char>, std::allocator<char> > const&) (in /usr/lib/x86_64-linux-gnu/libyaml-cpp.so.0.6.2)
       n1: 2048 0x4E43625: ???
        n1: 2048 0x4E418FA: ???
         n0: 2048 0x4012EF: main (in /home/jenkins/workspace/build/linux/bin/benchmark_plugingetset)
#-----------
snapshot=54
#-----------
time=6116245
mem_heap_B=106214
mem_heap_extra_B=1114
mem_stacks_B=0
heap_tree=empty
#-----------
snapshot=55
#-----------
time=6116952
mem_heap_B=106030
mem_heap_extra_B=1042
mem_stacks_B=0
heap_tree=empty
#-----------
snapshot=56
#-----------
time=6117933
mem_heap_B=91950
mem_heap_extra_B=882
mem_stacks_B=0
heap_tree=empty
#-----------
snapshot=57
#-----------
time=6119372
mem_heap_B=91970
mem_heap_extra_B=862
mem_stacks_B=0
heap_tree=empty
#-----------
snapshot=58
#-----------
time=6120210
mem_heap_B=92048
mem_heap_extra_B=880
mem_stacks_B=0
heap_tree=empty
#-----------
snapshot=59
#-----------
time=6120893
mem_heap_B=92305
mem_heap_extra_B=943
mem_stacks_B=0
heap_tree=empty
#-----------
snapshot=60
#-----------
time=6122676
mem_heap_B=92305
mem_heap_extra_B=943
mem_stacks_B=0
heap_tree=empty
#-----------
snapshot=61
#-----------
time=6123559
mem_heap_B=92315
mem_heap_extra_B=957
mem_stacks_B=0
heap_tree=empty
#-----------
snapshot=62
#-----------
time=6124352
mem_heap_B=92315
mem_heap_extra_B=957
mem_stacks_B=0
heap_tree=empty
#-----------
snapshot=63
#-----------
time=6126122
mem_heap_B=92005
mem_heap_extra_B=907
mem_stacks_B=0
heap_tree=detailed
n6: 92005 (heap allocation functions) malloc/new/new[], --alloc-fns, etc.
 n1: 72704 0x4F6A454: ??? (in /usr/lib/x86_64-linux-gnu/libstdc++.so.6.0.25)
  n1: 72704 0x400F378: call_init.part.0 (dl-init.c:72)
   n1: 72704 0x400F474: _dl_init (dl-init.c:118)
    n1: 72704 0x40132D1: dl_open_worker (dl-open.c:517)
     n1: 72704 0x49AEB2D: _dl_catch_exception (dl-error-skeleton.c:196)
      n1: 72704 0x4012BB8: _dl_open (dl-open.c:599)
       n1: 72704 0x4876254: dlopen_doit (dlopen.c:66)
        n1: 72704 0x49AEB2D: _dl_catch_exception (dl-error-skeleton.c:196)
         n1: 72704 0x49AEBBD: _dl_catch_error (dl-error-skeleton.c:215)
          n1: 72704 0x4876973: _dlerror_run (dlerror.c:163)
           n1: 72704 0x48762E4: dlopen@@GLIBC_2.2.5 (dlopen.c:87)
            n1: 72704 0x4860341: elektraModulesLoad (in /home/jenkins/workspace/build/linux/lib/libelektra-core.so.0.8.26)
             n1: 72704 0x4849B7D: elektraPluginOpen (in /home/jenkins/workspace/build/linux/lib/libelektra-kdb.so.0.8.26)
              n0: 72704 0x4012D3: main (in /home/jenkins/workspace/build/linux/bin/benchmark_plugingetset)
 n1: 8356 0x400B2AC: _dl_new_object (dl-object.c:73)
  n1: 8356 0x4005E46: _dl_map_object_from_fd (dl-load.c:1001)
   n2: 8356 0x4008A8B: _dl_map_object (dl-load.c:2466)
    n1: 7158 0x400D290: openaux (dl-deps.c:64)
     n1: 7158 0x49AEB2D: _dl_catch_exception (dl-error-skeleton.c:196)
      n1: 7158 0x400D604: _dl_map_object_deps (dl-deps.c:248)
       n1: 7158 0x401304E: dl_open_worker (dl-open.c:271)
        n1: 7158 0x49AEB2D: _dl_catch_exception (dl-error-skeleton.c:196)
         n1: 7158 0x4012BB8: _dl_open (dl-open.c:599)
          n1: 7158 0x4876254: dlopen_doit (dlopen.c:66)
           n1: 7158 0x49AEB2D: _dl_catch_exception (dl-error-skeleton.c:196)
            n1: 7158 0x49AEBBD: _dl_catch_error (dl-error-skeleton.c:215)
             n1: 7158 0x4876973: _dlerror_run (dlerror.c:163)
              n1: 7158 0x48762E4: dlopen@@GLIBC_2.2.5 (dlopen.c:87)
               n1: 7158 0x4860341: elektraModulesLoad (in /home/jenkins/workspace/build/linux/lib/libelektra-core.so.0.8.26)
                n1: 7158 0x4849B7D: elektraPluginOpen (in /home/jenkins/workspace/build/linux/lib/libelektra-kdb.so.0.8.26)
                 n0: 7158 0x4012D3: main (in /home/jenkins/workspace/build/linux/bin/benchmark_plugingetset)
    n1: 1198 0x4012FE9: dl_open_worker (dl-open.c:228)
     n1: 1198 0x49AEB2D: _dl_catch_exception (dl-error-skeleton.c:196)
      n1: 1198 0x4012BB8: _dl_open (dl-open.c:599)
       n1: 1198 0x4876254: dlopen_doit (dlopen.c:66)
        n1: 1198 0x49AEB2D: _dl_catch_exception (dl-error-skeleton.c:196)
         n1: 1198 0x49AEBBD: _dl_catch_error (dl-error-skeleton.c:215)
          n1: 1198 0x4876973: _dlerror_run (dlerror.c:163)
           n1: 1198 0x48762E4: dlopen@@GLIBC_2.2.5 (dlopen.c:87)
            n1: 1198 0x4860341: elektraModulesLoad (in /home/jenkins/workspace/build/linux/lib/libelektra-core.so.0.8.26)
             n1: 1198 0x4849B7D: elektraPluginOpen (in /home/jenkins/workspace/build/linux/lib/libelektra-kdb.so.0.8.26)
              n0: 1198 0x4012D3: main (in /home/jenkins/workspace/build/linux/bin/benchmark_plugingetset)
 n1: 4064 0x400A095: do_lookup_x (dl-lookup.c:253)
  n1: 4064 0x400A38D: _dl_lookup_symbol_x (dl-lookup.c:814)
   n1: 4064 0x400BD5C: _dl_relocate_object (dl-machine.h:308)
    n1: 4064 0x401319C: dl_open_worker (dl-open.c:377)
     n1: 4064 0x49AEB2D: _dl_catch_exception (dl-error-skeleton.c:196)
      n1: 4064 0x4012BB8: _dl_open (dl-open.c:599)
       n1: 4064 0x4876254: dlopen_doit (dlopen.c:66)
        n1: 4064 0x49AEB2D: _dl_catch_exception (dl-error-skeleton.c:196)
         n1: 4064 0x49AEBBD: _dl_catch_error (dl-error-skeleton.c:215)
          n1: 4064 0x4876973: _dlerror_run (dlerror.c:163)
           n1: 4064 0x48762E4: dlopen@@GLIBC_2.2.5 (dlopen.c:87)
            n1: 4064 0x4860341: elektraModulesLoad (in /home/jenkins/workspace/build/linux/lib/libelektra-core.so.0.8.26)
             n1: 4064 0x4849B7D: elektraPluginOpen (in /home/jenkins/workspace/build/linux/lib/libelektra-kdb.so.0.8.26)
              n0: 4064 0x4012D3: main (in /home/jenkins/workspace/build/linux/bin/benchmark_plugingetset)
 n0: 3073 in 53 places, all below massif's threshold (1.00%)
 n1: 2784 0x4010A1E: _dl_check_map_versions (dl-version.c:274)
  n1: 2784 0x4013094: dl_open_worker (dl-open.c:277)
   n1: 2784 0x49AEB2D: _dl_catch_exception (dl-error-skeleton.c:196)
    n1: 2784 0x4012BB8: _dl_open (dl-open.c:599)
     n1: 2784 0x4876254: dlopen_doit (dlopen.c:66)
      n1: 2784 0x49AEB2D: _dl_catch_exception (dl-error-skeleton.c:196)
       n1: 2784 0x49AEBBD: _dl_catch_error (dl-error-skeleton.c:215)
        n1: 2784 0x4876973: _dlerror_run (dlerror.c:163)
         n1: 2784 0x48762E4: dlopen@@GLIBC_2.2.5 (dlopen.c:87)
          n1: 2784 0x4860341: elektraModulesLoad (in /home/jenkins/workspace/build/linux/lib/libelektra-core.so.0.8.26)
           n1: 2784 0x4849B7D: elektraPluginOpen (in /home/jenkins/workspace/build/linux/lib/libelektra-kdb.so.0.8.26)
            n0: 2784 0x4012D3: main (in /home/jenkins/workspace/build/linux/bin/benchmark_plugingetset)
 n1: 1024 0x4858B77: elektraVFormat (in /home/jenkins/workspace/build/linux/lib/libelektra-core.so.0.8.26)
  n1: 1024 0x4858B56: elektraFormat (in /home/jenkins/workspace/build/linux/lib/libelektra-core.so.0.8.26)
   n0: 1024 in 2 places, all below massif's threshold (1.00%)
#-----------
snapshot=64
#-----------
time=6126976
mem_heap_B=91861
mem_heap_extra_B=891
mem_stacks_B=0
heap_tree=empty
#-----------
snapshot=65
#-----------
time=6129145
mem_heap_B=91875
mem_heap_extra_B=901
mem_stacks_B=0
heap_tree=empty
#-----------
snapshot=66
#-----------
time=6135602
mem_heap_B=91861
mem_heap_extra_B=891
mem_stacks_B=0
heap_tree=empty
#-----------
snapshot=67
#-----------
time=6141268
mem_heap_B=91893
mem_heap_extra_B=899
mem_stacks_B=0
heap_tree=empty
#-----------
snapshot=68
#-----------
time=6141988
mem_heap_B=91749
mem_heap_extra_B=915
mem_stacks_B=0
heap_tree=empty
#-----------
snapshot=69
#-----------
time=6142701
mem_heap_B=87231
mem_heap_extra_B=737
mem_stacks_B=0
heap_tree=empty
#-----------
snapshot=70
#-----------
time=6143629
mem_heap_B=87139
mem_heap_extra_B=709
mem_stacks_B=0
heap_tree=empty
#-----------
snapshot=71
#-----------
time=6145190
mem_heap_B=86772
mem_heap_extra_B=644
mem_stacks_B=0
heap_tree=empty
#-----------
snapshot=72
#-----------
time=6146029
mem_heap_B=86580
mem_heap_extra_B=628
mem_stacks_B=0
heap_tree=empty
#-----------
snapshot=73
#-----------
time=6147588
mem_heap_B=86004
mem_heap_extra_B=612
mem_stacks_B=0
heap_tree=detailed
n5: 86004 (heap allocation functions) malloc/new/new[], --alloc-fns, etc.
 n1: 72704 0x4F6A454: ??? (in /usr/lib/x86_64-linux-gnu/libstdc++.so.6.0.25)
  n1: 72704 0x400F378: call_init.part.0 (dl-init.c:72)
   n1: 72704 0x400F474: _dl_init (dl-init.c:118)
    n1: 72704 0x40132D1: dl_open_worker (dl-open.c:517)
     n1: 72704 0x49AEB2D: _dl_catch_exception (dl-error-skeleton.c:196)
      n1: 72704 0x4012BB8: _dl_open (dl-open.c:599)
       n1: 72704 0x4876254: dlopen_doit (dlopen.c:66)
        n1: 72704 0x49AEB2D: _dl_catch_exception (dl-error-skeleton.c:196)
         n1: 72704 0x49AEBBD: _dl_catch_error (dl-error-skeleton.c:215)
          n1: 72704 0x4876973: _dlerror_run (dlerror.c:163)
           n1: 72704 0x48762E4: dlopen@@GLIBC_2.2.5 (dlopen.c:87)
            n1: 72704 0x4860341: elektraModulesLoad (in /home/jenkins/workspace/build/linux/lib/libelektra-core.so.0.8.26)
             n1: 72704 0x4849B7D: elektraPluginOpen (in /home/jenkins/workspace/build/linux/lib/libelektra-kdb.so.0.8.26)
              n0: 72704 0x4012D3: main (in /home/jenkins/workspace/build/linux/bin/benchmark_plugingetset)
 n1: 4762 0x400B2AC: _dl_new_object (dl-object.c:73)
  n1: 4762 0x4005E46: _dl_map_object_from_fd (dl-load.c:1001)
   n2: 4762 0x4008A8B: _dl_map_object (dl-load.c:2466)
    n1: 4762 0x400D290: openaux (dl-deps.c:64)
     n1: 4762 0x49AEB2D: _dl_catch_exception (dl-error-skeleton.c:196)
      n1: 4762 0x400D604: _dl_map_object_deps (dl-deps.c:248)
       n1: 4762 0x401304E: dl_open_worker (dl-open.c:271)
        n1: 4762 0x49AEB2D: _dl_catch_exception (dl-error-skeleton.c:196)
         n1: 4762 0x4012BB8: _dl_open (dl-open.c:599)
          n1: 4762 0x4876254: dlopen_doit (dlopen.c:66)
           n1: 4762 0x49AEB2D: _dl_catch_exception (dl-error-skeleton.c:196)
            n1: 4762 0x49AEBBD: _dl_catch_error (dl-error-skeleton.c:215)
             n1: 4762 0x4876973: _dlerror_run (dlerror.c:163)
              n1: 4762 0x48762E4: dlopen@@GLIBC_2.2.5 (dlopen.c:87)
               n1: 4762 0x4860341: elektraModulesLoad (in /home/jenkins/workspace/build/linux/lib/libelektra-core.so.0.8.26)
                n1: 4762 0x4849B7D: elektraPluginOpen (in /home/jenkins/workspace/build/linux/lib/libelektra-kdb.so.0.8.26)
                 n0: 4762 0x4012D3: main (in /home/jenkins/workspace/build/linux/bin/benchmark_plugingetset)
    n0: 0 in 1 place, below massif's threshold (1.00%)
 n1: 4064 0x400A095: do_lookup_x (dl-lookup.c:253)
  n1: 4064 0x400A38D: _dl_lookup_symbol_x (dl-lookup.c:814)
   n1: 4064 0x400BD5C: _dl_relocate_object (dl-machine.h:308)
    n1: 4064 0x401319C: dl_open_worker (dl-open.c:377)
     n1: 4064 0x49AEB2D: _dl_catch_exception (dl-error-skeleton.c:196)
      n1: 4064 0x4012BB8: _dl_open (dl-open.c:599)
       n1: 4064 0x4876254: dlopen_doit (dlopen.c:66)
        n1: 4064 0x49AEB2D: _dl_catch_exception (dl-error-skeleton.c:196)
         n1: 4064 0x49AEBBD: _dl_catch_error (dl-error-skeleton.c:215)
          n1: 4064 0x4876973: _dlerror_run (dlerror.c:163)
           n1: 4064 0x48762E4: dlopen@@GLIBC_2.2.5 (dlopen.c:87)
            n1: 4064 0x4860341: elektraModulesLoad (in /home/jenkins/workspace/build/linux/lib/libelektra-core.so.0.8.26)
             n1: 4064 0x4849B7D: elektraPluginOpen (in /home/jenkins/workspace/build/linux/lib/libelektra-kdb.so.0.8.26)
              n0: 4064 0x4012D3: main (in /home/jenkins/workspace/build/linux/bin/benchmark_plugingetset)
 n1: 2352 0x4010A1E: _dl_check_map_versions (dl-version.c:274)
  n1: 2352 0x4013094: dl_open_worker (dl-open.c:277)
   n1: 2352 0x49AEB2D: _dl_catch_exception (dl-error-skeleton.c:196)
    n1: 2352 0x4012BB8: _dl_open (dl-open.c:599)
     n1: 2352 0x4876254: dlopen_doit (dlopen.c:66)
      n1: 2352 0x49AEB2D: _dl_catch_exception (dl-error-skeleton.c:196)
       n1: 2352 0x49AEBBD: _dl_catch_error (dl-error-skeleton.c:215)
        n1: 2352 0x4876973: _dlerror_run (dlerror.c:163)
         n1: 2352 0x48762E4: dlopen@@GLIBC_2.2.5 (dlopen.c:87)
          n1: 2352 0x4860341: elektraModulesLoad (in /home/jenkins/workspace/build/linux/lib/libelektra-core.so.0.8.26)
           n1: 2352 0x4849B7D: elektraPluginOpen (in /home/jenkins/workspace/build/linux/lib/libelektra-kdb.so.0.8.26)
            n0: 2352 0x4012D3: main (in /home/jenkins/workspace/build/linux/bin/benchmark_plugingetset)
 n0: 2122 in 55 places, all below massif's threshold (1.00%)
#-----------
snapshot=74
#-----------
time=6148354
mem_heap_B=84891
mem_heap_extra_B=485
mem_stacks_B=0
heap_tree=empty
#-----------
snapshot=75
#-----------
time=6149153
mem_heap_B=84776
mem_heap_extra_B=408
mem_stacks_B=0
heap_tree=empty
#-----------
snapshot=76
#-----------
time=6150101
mem_heap_B=84725
mem_heap_extra_B=339
mem_stacks_B=0
heap_tree=empty
#-----------
snapshot=77
#-----------
time=6158139
mem_heap_B=84590
mem_heap_extra_B=322
mem_stacks_B=0
heap_tree=empty
