desc: --massif-out-file=results/generated.yawn.out
cmd: build/linux/bin/benchmark_plugingetset benchmarks/data/generated user yawn get
time_unit: i
#-----------
snapshot=0
#-----------
time=0
mem_heap_B=0
mem_heap_extra_B=0
mem_stacks_B=0
heap_tree=empty
#-----------
snapshot=1
#-----------
time=3223094
mem_heap_B=17417
mem_heap_extra_B=575
mem_stacks_B=0
heap_tree=empty
#-----------
snapshot=2
#-----------
time=6714406
mem_heap_B=10064793
mem_heap_extra_B=3871
mem_stacks_B=0
heap_tree=empty
#-----------
snapshot=3
#-----------
time=28684605
mem_heap_B=10064793
mem_heap_extra_B=3871
mem_stacks_B=0
heap_tree=detailed
n4: 10064793 (heap allocation functions) malloc/new/new[], --alloc-fns, etc.
 n1: 8967344 0x4E4C1D0: ???
  n1: 8967344 0x4E4B7A8: ???
   n1: 8967344 0x4E4FD58: ???
    n1: 8967344 0x4E55D11: ???
     n1: 8967344 0x4E575FA: ???
      n0: 8967344 0x1091F8: main (in /home/jenkins/workspace/build/linux/bin/benchmark_plugingetset)
 n1: 524289 0x4F9E2AB: std::__cxx11::basic_string<char, std::char_traits<char>, std::allocator<char> >::reserve(unsigned long) (in /usr/lib/x86_64-linux-gnu/libstdc++.so.6.0.25)
  n1: 524289 0x4F92723: std::__cxx11::basic_stringbuf<char, std::char_traits<char>, std::allocator<char> >::overflow(int) (in /usr/lib/x86_64-linux-gnu/libstdc++.so.6.0.25)
   n1: 524289 0x4F9C8A9: std::basic_streambuf<char, std::char_traits<char> >::xsputn(char const*, long) (in /usr/lib/x86_64-linux-gnu/libstdc++.so.6.0.25)
    n1: 524289 0x4F2B8B3: long std::__copy_streambufs_eof<char, std::char_traits<char> >(std::basic_streambuf<char, std::char_traits<char> >*, std::basic_streambuf<char, std::char_traits<char> >*, bool&) (in /usr/lib/x86_64-linux-gnu/libstdc++.so.6.0.25)
     n1: 524289 0x4F8D416: std::ostream::operator<<(std::basic_streambuf<char, std::char_traits<char> >*) (in /usr/lib/x86_64-linux-gnu/libstdc++.so.6.0.25)
      n1: 524289 0x4E4B41D: ???
       n1: 524289 0x4E4FD58: ???
        n1: 524289 0x4E55D11: ???
         n1: 524289 0x4E575FA: ???
          n0: 524289 0x1091F8: main (in /home/jenkins/workspace/build/linux/bin/benchmark_plugingetset)
 n1: 448368 0x4F9DDC9: std::__cxx11::basic_string<char, std::char_traits<char>, std::allocator<char> >::_M_mutate(unsigned long, unsigned long, char const*, unsigned long) (in /usr/lib/x86_64-linux-gnu/libstdc++.so.6.0.25)
  n1: 448368 0x4F9EB79: std::__cxx11::basic_string<char, std::char_traits<char>, std::allocator<char> >::_M_replace(unsigned long, unsigned long, char const*, unsigned long) (in /usr/lib/x86_64-linux-gnu/libstdc++.so.6.0.25)
   n1: 448368 0x4E4B6FD: ???
    n1: 448368 0x4E4FD58: ???
     n1: 448368 0x4E55D11: ???
      n1: 448368 0x4E575FA: ???
       n0: 448368 0x1091F8: main (in /home/jenkins/workspace/build/linux/bin/benchmark_plugingetset)
 n0: 124792 in 48 places, all below massif's threshold (1.00%)
#-----------
snapshot=4
#-----------
time=28688760
mem_heap_B=9094080
mem_heap_extra_B=3936
mem_stacks_B=0
heap_tree=empty
#-----------
snapshot=5
#-----------
time=41243423
mem_heap_B=11335916
mem_heap_extra_B=3948
mem_stacks_B=0
heap_tree=detailed
n3: 11335916 (heap allocation functions) malloc/new/new[], --alloc-fns, etc.
 n1: 8967344 0x4E4C1D0: ???
  n1: 8967344 0x4E4B7A8: ???
   n1: 8967344 0x4E4FD58: ???
    n1: 8967344 0x4E55D11: ???
     n1: 8967344 0x4E575FA: ???
      n0: 8967344 0x1091F8: main (in /home/jenkins/workspace/build/linux/bin/benchmark_plugingetset)
 n2: 2241836 0x4F9DDC9: std::__cxx11::basic_string<char, std::char_traits<char>, std::allocator<char> >::_M_mutate(unsigned long, unsigned long, char const*, unsigned long) (in /usr/lib/x86_64-linux-gnu/libstdc++.so.6.0.25)
  n2: 2241836 0x4F9E7CE: std::__cxx11::basic_string<char, std::char_traits<char>, std::allocator<char> >::_M_replace_aux(unsigned long, unsigned long, unsigned long, char) (in /usr/lib/x86_64-linux-gnu/libstdc++.so.6.0.25)
   n1: 2241836 0x4E4ACA3: ???
    n1: 2241836 0x4E4E707: ???
     n1: 2241836 0x4E55D2A: ???
      n1: 2241836 0x4E575FA: ???
       n0: 2241836 0x1091F8: main (in /home/jenkins/workspace/build/linux/bin/benchmark_plugingetset)
   n0: 0 in 1 place, below massif's threshold (1.00%)
  n0: 0 in 1 place, below massif's threshold (1.00%)
 n0: 126736 in 59 places, all below massif's threshold (1.00%)
#-----------
snapshot=6
#-----------
time=46679272
mem_heap_B=9913939
mem_heap_extra_B=53357
mem_stacks_B=0
heap_tree=empty
#-----------
snapshot=7
#-----------
time=51410824
mem_heap_B=10122260
mem_heap_extra_B=101796
mem_stacks_B=0
heap_tree=empty
#-----------
snapshot=8
#-----------
time=55148294
mem_heap_B=10279696
mem_heap_extra_B=138680
mem_stacks_B=0
heap_tree=empty
#-----------
snapshot=9
#-----------
time=57863592
mem_heap_B=10399207
mem_heap_extra_B=166337
mem_stacks_B=0
heap_tree=empty
#-----------
snapshot=10
#-----------
time=63381485
mem_heap_B=10711632
mem_heap_extra_B=220768
mem_stacks_B=0
heap_tree=empty
#-----------
snapshot=11
#-----------
time=66955547
mem_heap_B=10867064
mem_heap_extra_B=257008
mem_stacks_B=0
heap_tree=empty
#-----------
snapshot=12
#-----------
time=70851607
mem_heap_B=11036604
mem_heap_extra_B=295940
mem_stacks_B=0
heap_tree=empty
#-----------
snapshot=13
#-----------
time=75216451
mem_heap_B=11347886
mem_heap_extra_B=340578
mem_stacks_B=0
heap_tree=empty
#-----------
snapshot=14
#-----------
time=81617736
mem_heap_B=11621394
mem_heap_extra_B=404318
mem_stacks_B=0
heap_tree=detailed
n13: 11621394 (heap allocation functions) malloc/new/new[], --alloc-fns, etc.
 n1: 8967344 0x4E4C1D0: ???
  n1: 8967344 0x4E4B7A8: ???
   n1: 8967344 0x4E4FD58: ???
    n1: 8967344 0x4E55D11: ???
     n1: 8967344 0x4E575FA: ???
      n0: 8967344 0x1091F8: main (in /home/jenkins/workspace/build/linux/bin/benchmark_plugingetset)
 n2: 448407 0x4F9DD1D: std::__cxx11::basic_string<char, std::char_traits<char>, std::allocator<char> >::_M_assign(std::__cxx11::basic_string<char, std::char_traits<char>, std::allocator<char> > const&) (in /usr/lib/x86_64-linux-gnu/libstdc++.so.6.0.25)
  n1: 448368 0x4E4D42E: ???
   n1: 448368 0x4E55D4A: ???
    n1: 448368 0x4E575FA: ???
     n0: 448368 0x1091F8: main (in /home/jenkins/workspace/build/linux/bin/benchmark_plugingetset)
  n0: 39 in 1 place, below massif's threshold (1.00%)
 n1: 360049 0x4E65CB8: ???
  n2: 360049 0x4E6645E: ???
   n1: 360049 0x4E5FC7A: ???
    n1: 360049 0x4E55DAA: ???
     n1: 360049 0x4E575FA: ???
      n0: 360049 0x1091F8: main (in /home/jenkins/workspace/build/linux/bin/benchmark_plugingetset)
   n0: 0 in 1 place, below massif's threshold (1.00%)
 n1: 289872 0x4E4E502: ???
  n0: 289872 in 3 places, all below massif's threshold (1.00%)
 n1: 289800 0x4E4F6F7: ???
  n1: 289800 0x4E5017E: ???
   n1: 289800 0x4E5FC04: ???
    n1: 289800 0x4E55DAA: ???
     n1: 289800 0x4E575FA: ???
      n0: 289800 0x1091F8: main (in /home/jenkins/workspace/build/linux/bin/benchmark_plugingetset)
 n1: 203760 0x4E4F9A7: ???
  n1: 203760 0x4E5017E: ???
   n1: 203760 0x4E5FC04: ???
    n1: 203760 0x4E55DAA: ???
     n1: 203760 0x4E575FA: ???
      n0: 203760 0x1091F8: main (in /home/jenkins/workspace/build/linux/bin/benchmark_plugingetset)
 n1: 203256 0x4E4E82B: ???
  n1: 203256 0x4E4FC65: ???
   n1: 203256 0x4E5017E: ???
    n1: 203256 0x4E5FC04: ???
     n1: 203256 0x4E55DAA: ???
      n1: 203256 0x4E575FA: ???
       n0: 203256 0x1091F8: main (in /home/jenkins/workspace/build/linux/bin/benchmark_plugingetset)
 n1: 200015 0x4E4C7DE: ???
  n0: 200015 in 3 places, all below massif's threshold (1.00%)
 n1: 151040 0x4E50432: ???
  n1: 151040 0x4E5FC04: ???
   n1: 151040 0x4E55DAA: ???
    n1: 151040 0x4E575FA: ???
     n0: 151040 0x1091F8: main (in /home/jenkins/workspace/build/linux/bin/benchmark_plugingetset)
 n0: 132011 in 67 places, all below massif's threshold (1.00%)
 n2: 127008 0x4E4EC31: ???
  n1: 126936 0x4E5017E: ???
   n1: 126936 0x4E5FC04: ???
    n1: 126936 0x4E55DAA: ???
     n1: 126936 0x4E575FA: ???
      n0: 126936 0x1091F8: main (in /home/jenkins/workspace/build/linux/bin/benchmark_plugingetset)
  n0: 72 in 1 place, below massif's threshold (1.00%)
 n1: 126792 0x4E4F0A2: ???
  n1: 126792 0x4E5017E: ???
   n1: 126792 0x4E5FC04: ???
    n1: 126792 0x4E55DAA: ???
     n1: 126792 0x4E575FA: ???
      n0: 126792 0x1091F8: main (in /home/jenkins/workspace/build/linux/bin/benchmark_plugingetset)
 n1: 122040 0x4E4EF1F: ???
  n1: 122040 0x4E5017E: ???
   n1: 122040 0x4E5FC04: ???
    n1: 122040 0x4E55DAA: ???
     n1: 122040 0x4E575FA: ???
      n0: 122040 0x1091F8: main (in /home/jenkins/workspace/build/linux/bin/benchmark_plugingetset)
#-----------
snapshot=15
#-----------
time=86253122
mem_heap_B=11817423
mem_heap_extra_B=450209
mem_stacks_B=0
heap_tree=detailed
n13: 11817423 (heap allocation functions) malloc/new/new[], --alloc-fns, etc.
 n1: 8967344 0x4E4C1D0: ???
  n1: 8967344 0x4E4B7A8: ???
   n1: 8967344 0x4E4FD58: ???
    n1: 8967344 0x4E55D11: ???
     n1: 8967344 0x4E575FA: ???
      n0: 8967344 0x1091F8: main (in /home/jenkins/workspace/build/linux/bin/benchmark_plugingetset)
 n2: 448407 0x4F9DD1D: std::__cxx11::basic_string<char, std::char_traits<char>, std::allocator<char> >::_M_assign(std::__cxx11::basic_string<char, std::char_traits<char>, std::allocator<char> > const&) (in /usr/lib/x86_64-linux-gnu/libstdc++.so.6.0.25)
  n1: 448368 0x4E4D42E: ???
   n1: 448368 0x4E55D4A: ???
    n1: 448368 0x4E575FA: ???
     n0: 448368 0x1091F8: main (in /home/jenkins/workspace/build/linux/bin/benchmark_plugingetset)
  n0: 39 in 1 place, below massif's threshold (1.00%)
 n1: 360049 0x4E65CB8: ???
  n2: 360049 0x4E6645E: ???
   n1: 360049 0x4E5FC7A: ???
    n1: 360049 0x4E55DAA: ???
     n1: 360049 0x4E575FA: ???
      n0: 360049 0x1091F8: main (in /home/jenkins/workspace/build/linux/bin/benchmark_plugingetset)
   n0: 0 in 1 place, below massif's threshold (1.00%)
 n1: 323208 0x4E4E502: ???
  n0: 323208 in 3 places, all below massif's threshold (1.00%)
 n1: 323136 0x4E4F6F7: ???
  n1: 323136 0x4E5017E: ???
   n1: 323136 0x4E5FC04: ???
    n1: 323136 0x4E55DAA: ???
     n1: 323136 0x4E575FA: ???
      n0: 323136 0x1091F8: main (in /home/jenkins/workspace/build/linux/bin/benchmark_plugingetset)
 n1: 225864 0x4E4F9A7: ???
  n1: 225864 0x4E5017E: ???
   n1: 225864 0x4E5FC04: ???
    n1: 225864 0x4E55DAA: ???
     n1: 225864 0x4E575FA: ???
      n0: 225864 0x1091F8: main (in /home/jenkins/workspace/build/linux/bin/benchmark_plugingetset)
 n1: 224784 0x4E4E82B: ???
  n1: 224784 0x4E4FC65: ???
   n1: 224784 0x4E5017E: ???
    n1: 224784 0x4E5FC04: ???
     n1: 224784 0x4E55DAA: ???
      n1: 224784 0x4E575FA: ???
       n0: 224784 0x1091F8: main (in /home/jenkins/workspace/build/linux/bin/benchmark_plugingetset)
 n1: 223764 0x4E4C7DE: ???
  n0: 223764 in 3 places, all below massif's threshold (1.00%)
 n1: 168448 0x4E50432: ???
  n1: 168448 0x4E5FC04: ???
   n1: 168448 0x4E55DAA: ???
    n1: 168448 0x4E575FA: ???
     n0: 168448 0x1091F8: main (in /home/jenkins/workspace/build/linux/bin/benchmark_plugingetset)
 n1: 141696 0x4E4F0A2: ???
  n1: 141696 0x4E5017E: ???
   n1: 141696 0x4E5FC04: ???
    n1: 141696 0x4E55DAA: ???
     n1: 141696 0x4E575FA: ???
      n0: 141696 0x1091F8: main (in /home/jenkins/workspace/build/linux/bin/benchmark_plugingetset)
 n2: 141120 0x4E4EC31: ???
  n1: 141048 0x4E5017E: ???
   n1: 141048 0x4E5FC04: ???
    n1: 141048 0x4E55DAA: ???
     n1: 141048 0x4E575FA: ???
      n0: 141048 0x1091F8: main (in /home/jenkins/workspace/build/linux/bin/benchmark_plugingetset)
  n0: 72 in 1 place, below massif's threshold (1.00%)
 n1: 137592 0x4E4EF1F: ???
  n1: 137592 0x4E5017E: ???
   n1: 137592 0x4E5FC04: ???
    n1: 137592 0x4E55DAA: ???
     n1: 137592 0x4E575FA: ???
      n0: 137592 0x1091F8: main (in /home/jenkins/workspace/build/linux/bin/benchmark_plugingetset)
 n0: 132011 in 67 places, all below massif's threshold (1.00%)
#-----------
snapshot=16
#-----------
time=89371098
mem_heap_B=12127401
mem_heap_extra_B=480735
mem_stacks_B=0
heap_tree=detailed
n13: 12127401 (heap allocation functions) malloc/new/new[], --alloc-fns, etc.
 n1: 8967344 0x4E4C1D0: ???
  n1: 8967344 0x4E4B7A8: ???
   n1: 8967344 0x4E4FD58: ???
    n1: 8967344 0x4E55D11: ???
     n1: 8967344 0x4E575FA: ???
      n0: 8967344 0x1091F8: main (in /home/jenkins/workspace/build/linux/bin/benchmark_plugingetset)
 n1: 540097 0x4E65CB8: ???
  n2: 540097 0x4E6645E: ???
   n1: 540097 0x4E5FC7A: ???
    n1: 540097 0x4E55DAA: ???
     n1: 540097 0x4E575FA: ???
      n0: 540097 0x1091F8: main (in /home/jenkins/workspace/build/linux/bin/benchmark_plugingetset)
   n0: 0 in 1 place, below massif's threshold (1.00%)
 n2: 448407 0x4F9DD1D: std::__cxx11::basic_string<char, std::char_traits<char>, std::allocator<char> >::_M_assign(std::__cxx11::basic_string<char, std::char_traits<char>, std::allocator<char> > const&) (in /usr/lib/x86_64-linux-gnu/libstdc++.so.6.0.25)
  n1: 448368 0x4E4D42E: ???
   n1: 448368 0x4E55D4A: ???
    n1: 448368 0x4E575FA: ???
     n0: 448368 0x1091F8: main (in /home/jenkins/workspace/build/linux/bin/benchmark_plugingetset)
  n0: 39 in 1 place, below massif's threshold (1.00%)
 n1: 345168 0x4E4E502: ???
  n0: 345168 in 3 places, all below massif's threshold (1.00%)
 n1: 345096 0x4E4F6F7: ???
  n1: 345096 0x4E5017E: ???
   n1: 345096 0x4E5FC04: ???
    n1: 345096 0x4E55DAA: ???
     n1: 345096 0x4E575FA: ???
      n0: 345096 0x1091F8: main (in /home/jenkins/workspace/build/linux/bin/benchmark_plugingetset)
 n1: 240120 0x4E4F9A7: ???
  n1: 240120 0x4E5017E: ???
   n1: 240120 0x4E5FC04: ???
    n1: 240120 0x4E55DAA: ???
     n1: 240120 0x4E575FA: ???
      n0: 240120 0x1091F8: main (in /home/jenkins/workspace/build/linux/bin/benchmark_plugingetset)
 n1: 239832 0x4E4E82B: ???
  n1: 239832 0x4E4FC65: ???
   n1: 239832 0x4E5017E: ???
    n1: 239832 0x4E5FC04: ???
     n1: 239832 0x4E55DAA: ???
      n1: 239832 0x4E575FA: ???
       n0: 239832 0x1091F8: main (in /home/jenkins/workspace/build/linux/bin/benchmark_plugingetset)
 n1: 239542 0x4E4C7DE: ???
  n0: 239542 in 3 places, all below massif's threshold (1.00%)
 n1: 179712 0x4E50432: ???
  n1: 179712 0x4E5FC04: ???
   n1: 179712 0x4E55DAA: ???
    n1: 179712 0x4E575FA: ???
     n0: 179712 0x1091F8: main (in /home/jenkins/workspace/build/linux/bin/benchmark_plugingetset)
 n1: 151632 0x4E4F0A2: ???
  n1: 151632 0x4E5017E: ???
   n1: 151632 0x4E5FC04: ???
    n1: 151632 0x4E55DAA: ???
     n1: 151632 0x4E575FA: ???
      n0: 151632 0x1091F8: main (in /home/jenkins/workspace/build/linux/bin/benchmark_plugingetset)
 n2: 151560 0x4E4EC31: ???
  n1: 151488 0x4E5017E: ???
   n1: 151488 0x4E5FC04: ???
    n1: 151488 0x4E55DAA: ???
     n1: 151488 0x4E575FA: ???
      n0: 151488 0x1091F8: main (in /home/jenkins/workspace/build/linux/bin/benchmark_plugingetset)
  n0: 72 in 1 place, below massif's threshold (1.00%)
 n1: 146880 0x4E4EF1F: ???
  n1: 146880 0x4E5017E: ???
   n1: 146880 0x4E5FC04: ???
    n1: 146880 0x4E55DAA: ???
     n1: 146880 0x4E575FA: ???
      n0: 146880 0x1091F8: main (in /home/jenkins/workspace/build/linux/bin/benchmark_plugingetset)
 n0: 132011 in 67 places, all below massif's threshold (1.00%)
#-----------
snapshot=17
#-----------
time=94148730
mem_heap_B=12333253
mem_heap_extra_B=528803
mem_stacks_B=0
heap_tree=detailed
n13: 12333253 (heap allocation functions) malloc/new/new[], --alloc-fns, etc.
 n1: 8967344 0x4E4C1D0: ???
  n1: 8967344 0x4E4B7A8: ???
   n1: 8967344 0x4E4FD58: ???
    n1: 8967344 0x4E55D11: ???
     n1: 8967344 0x4E575FA: ???
      n0: 8967344 0x1091F8: main (in /home/jenkins/workspace/build/linux/bin/benchmark_plugingetset)
 n1: 540097 0x4E65CB8: ???
  n2: 540097 0x4E6645E: ???
   n1: 540097 0x4E5FC7A: ???
    n1: 540097 0x4E55DAA: ???
     n1: 540097 0x4E575FA: ???
      n0: 540097 0x1091F8: main (in /home/jenkins/workspace/build/linux/bin/benchmark_plugingetset)
   n0: 0 in 1 place, below massif's threshold (1.00%)
 n2: 448407 0x4F9DD1D: std::__cxx11::basic_string<char, std::char_traits<char>, std::allocator<char> >::_M_assign(std::__cxx11::basic_string<char, std::char_traits<char>, std::allocator<char> > const&) (in /usr/lib/x86_64-linux-gnu/libstdc++.so.6.0.25)
  n1: 448368 0x4E4D42E: ???
   n1: 448368 0x4E55D4A: ???
    n1: 448368 0x4E575FA: ???
     n0: 448368 0x1091F8: main (in /home/jenkins/workspace/build/linux/bin/benchmark_plugingetset)
  n0: 39 in 1 place, below massif's threshold (1.00%)
 n3: 379944 0x4E4E502: ???
  n1: 130176 0x4E4F03B: ???
   n1: 130176 0x4E5017E: ???
    n1: 130176 0x4E5FC04: ???
     n1: 130176 0x4E55DAA: ???
      n1: 130176 0x4E575FA: ???
       n0: 130176 0x1091F8: main (in /home/jenkins/workspace/build/linux/bin/benchmark_plugingetset)
  n1: 128664 0x4E4EBD2: ???
   n0: 128664 in 2 places, all below massif's threshold (1.00%)
  n0: 121104 in 1 place, below massif's threshold (1.00%)
 n1: 379872 0x4E4F6F7: ???
  n1: 379872 0x4E5017E: ???
   n1: 379872 0x4E5FC04: ???
    n1: 379872 0x4E55DAA: ???
     n1: 379872 0x4E575FA: ???
      n0: 379872 0x1091F8: main (in /home/jenkins/workspace/build/linux/bin/benchmark_plugingetset)
 n1: 264600 0x4E4F9A7: ???
  n1: 264600 0x4E5017E: ???
   n1: 264600 0x4E5FC04: ???
    n1: 264600 0x4E55DAA: ???
     n1: 264600 0x4E575FA: ???
      n0: 264600 0x1091F8: main (in /home/jenkins/workspace/build/linux/bin/benchmark_plugingetset)
 n1: 264168 0x4E4E82B: ???
  n1: 264168 0x4E4FC65: ???
   n1: 264168 0x4E5017E: ???
    n1: 264168 0x4E5FC04: ???
     n1: 264168 0x4E55DAA: ???
      n1: 264168 0x4E575FA: ???
       n0: 264168 0x1091F8: main (in /home/jenkins/workspace/build/linux/bin/benchmark_plugingetset)
 n1: 263522 0x4E4C7DE: ???
  n0: 263522 in 3 places, all below massif's threshold (1.00%)
 n1: 198144 0x4E50432: ???
  n1: 198144 0x4E5FC04: ???
   n1: 198144 0x4E55DAA: ???
    n1: 198144 0x4E575FA: ???
     n0: 198144 0x1091F8: main (in /home/jenkins/workspace/build/linux/bin/benchmark_plugingetset)
 n2: 167184 0x4E4EC31: ???
  n1: 167112 0x4E5017E: ???
   n1: 167112 0x4E5FC04: ???
    n1: 167112 0x4E55DAA: ???
     n1: 167112 0x4E575FA: ???
      n0: 167112 0x1091F8: main (in /home/jenkins/workspace/build/linux/bin/benchmark_plugingetset)
  n0: 72 in 1 place, below massif's threshold (1.00%)
 n1: 167112 0x4E4F0A2: ???
  n1: 167112 0x4E5017E: ???
   n1: 167112 0x4E5FC04: ???
    n1: 167112 0x4E55DAA: ???
     n1: 167112 0x4E575FA: ???
      n0: 167112 0x1091F8: main (in /home/jenkins/workspace/build/linux/bin/benchmark_plugingetset)
 n1: 160848 0x4E4EF1F: ???
  n1: 160848 0x4E5017E: ???
   n1: 160848 0x4E5FC04: ???
    n1: 160848 0x4E55DAA: ???
     n1: 160848 0x4E575FA: ???
      n0: 160848 0x1091F8: main (in /home/jenkins/workspace/build/linux/bin/benchmark_plugingetset)
 n0: 132011 in 67 places, all below massif's threshold (1.00%)
#-----------
snapshot=18
#-----------
time=96623066
mem_heap_B=12437751
mem_heap_extra_B=553201
mem_stacks_B=0
heap_tree=detailed
n13: 12437751 (heap allocation functions) malloc/new/new[], --alloc-fns, etc.
 n1: 8967344 0x4E4C1D0: ???
  n1: 8967344 0x4E4B7A8: ???
   n1: 8967344 0x4E4FD58: ???
    n1: 8967344 0x4E55D11: ???
     n1: 8967344 0x4E575FA: ???
      n0: 8967344 0x1091F8: main (in /home/jenkins/workspace/build/linux/bin/benchmark_plugingetset)
 n1: 540097 0x4E65CB8: ???
  n2: 540097 0x4E6645E: ???
   n1: 540097 0x4E5FC7A: ???
    n1: 540097 0x4E55DAA: ???
     n1: 540097 0x4E575FA: ???
      n0: 540097 0x1091F8: main (in /home/jenkins/workspace/build/linux/bin/benchmark_plugingetset)
   n0: 0 in 1 place, below massif's threshold (1.00%)
 n2: 448407 0x4F9DD1D: std::__cxx11::basic_string<char, std::char_traits<char>, std::allocator<char> >::_M_assign(std::__cxx11::basic_string<char, std::char_traits<char>, std::allocator<char> > const&) (in /usr/lib/x86_64-linux-gnu/libstdc++.so.6.0.25)
  n1: 448368 0x4E4D42E: ???
   n1: 448368 0x4E55D4A: ???
    n1: 448368 0x4E575FA: ???
     n0: 448368 0x1091F8: main (in /home/jenkins/workspace/build/linux/bin/benchmark_plugingetset)
  n0: 39 in 1 place, below massif's threshold (1.00%)
 n3: 397728 0x4E4E502: ???
  n1: 136368 0x4E4F03B: ???
   n1: 136368 0x4E5017E: ???
    n1: 136368 0x4E5FC04: ???
     n1: 136368 0x4E55DAA: ???
      n1: 136368 0x4E575FA: ???
       n0: 136368 0x1091F8: main (in /home/jenkins/workspace/build/linux/bin/benchmark_plugingetset)
  n2: 134496 0x4E4EBD2: ???
   n1: 134424 0x4E5017E: ???
    n1: 134424 0x4E5FC04: ???
     n1: 134424 0x4E55DAA: ???
      n1: 134424 0x4E575FA: ???
       n0: 134424 0x1091F8: main (in /home/jenkins/workspace/build/linux/bin/benchmark_plugingetset)
   n0: 72 in 1 place, below massif's threshold (1.00%)
  n0: 126864 in 1 place, below massif's threshold (1.00%)
 n1: 397656 0x4E4F6F7: ???
  n1: 397656 0x4E5017E: ???
   n1: 397656 0x4E5FC04: ???
    n1: 397656 0x4E55DAA: ???
     n1: 397656 0x4E575FA: ???
      n0: 397656 0x1091F8: main (in /home/jenkins/workspace/build/linux/bin/benchmark_plugingetset)
 n1: 276984 0x4E4F9A7: ???
  n1: 276984 0x4E5017E: ???
   n1: 276984 0x4E5FC04: ???
    n1: 276984 0x4E55DAA: ???
     n1: 276984 0x4E575FA: ???
      n0: 276984 0x1091F8: main (in /home/jenkins/workspace/build/linux/bin/benchmark_plugingetset)
 n1: 275976 0x4E4E82B: ???
  n1: 275976 0x4E4FC65: ???
   n1: 275976 0x4E5017E: ???
    n1: 275976 0x4E5FC04: ???
     n1: 275976 0x4E55DAA: ???
      n1: 275976 0x4E575FA: ???
       n0: 275976 0x1091F8: main (in /home/jenkins/workspace/build/linux/bin/benchmark_plugingetset)
 n1: 275860 0x4E4C7DE: ???
  n0: 275860 in 3 places, all below massif's threshold (1.00%)
 n1: 207360 0x4E50432: ???
  n1: 207360 0x4E5FC04: ???
   n1: 207360 0x4E55DAA: ???
    n1: 207360 0x4E575FA: ???
     n0: 207360 0x1091F8: main (in /home/jenkins/workspace/build/linux/bin/benchmark_plugingetset)
 n2: 175104 0x4E4EC31: ???
  n1: 175032 0x4E5017E: ???
   n1: 175032 0x4E5FC04: ???
    n1: 175032 0x4E55DAA: ???
     n1: 175032 0x4E575FA: ???
      n0: 175032 0x1091F8: main (in /home/jenkins/workspace/build/linux/bin/benchmark_plugingetset)
  n0: 72 in 1 place, below massif's threshold (1.00%)
 n1: 174960 0x4E4F0A2: ???
  n1: 174960 0x4E5017E: ???
   n1: 174960 0x4E5FC04: ???
    n1: 174960 0x4E55DAA: ???
     n1: 174960 0x4E575FA: ???
      n0: 174960 0x1091F8: main (in /home/jenkins/workspace/build/linux/bin/benchmark_plugingetset)
 n1: 168264 0x4E4EF1F: ???
  n1: 168264 0x4E5017E: ???
   n1: 168264 0x4E5FC04: ???
    n1: 168264 0x4E55DAA: ???
     n1: 168264 0x4E575FA: ???
      n0: 168264 0x1091F8: main (in /home/jenkins/workspace/build/linux/bin/benchmark_plugingetset)
 n0: 132011 in 67 places, all below massif's threshold (1.00%)
#-----------
snapshot=19
#-----------
time=101402890
mem_heap_B=12650800
mem_heap_extra_B=601640
mem_stacks_B=0
heap_tree=detailed
n13: 12650800 (heap allocation functions) malloc/new/new[], --alloc-fns, etc.
 n1: 8967344 0x4E4C1D0: ???
  n1: 8967344 0x4E4B7A8: ???
   n1: 8967344 0x4E4FD58: ???
    n1: 8967344 0x4E55D11: ???
     n1: 8967344 0x4E575FA: ???
      n0: 8967344 0x1091F8: main (in /home/jenkins/workspace/build/linux/bin/benchmark_plugingetset)
 n1: 540097 0x4E65CB8: ???
  n2: 540097 0x4E6645E: ???
   n1: 540097 0x4E5FC7A: ???
    n1: 540097 0x4E55DAA: ???
     n1: 540097 0x4E575FA: ???
      n0: 540097 0x1091F8: main (in /home/jenkins/workspace/build/linux/bin/benchmark_plugingetset)
   n0: 0 in 1 place, below massif's threshold (1.00%)
 n2: 448407 0x4F9DD1D: std::__cxx11::basic_string<char, std::char_traits<char>, std::allocator<char> >::_M_assign(std::__cxx11::basic_string<char, std::char_traits<char>, std::allocator<char> > const&) (in /usr/lib/x86_64-linux-gnu/libstdc++.so.6.0.25)
  n1: 448368 0x4E4D42E: ???
   n1: 448368 0x4E55D4A: ???
    n1: 448368 0x4E575FA: ???
     n0: 448368 0x1091F8: main (in /home/jenkins/workspace/build/linux/bin/benchmark_plugingetset)
  n0: 39 in 1 place, below massif's threshold (1.00%)
 n3: 432720 0x4E4E502: ???
  n1: 148680 0x4E4F03B: ???
   n1: 148680 0x4E5017E: ???
    n1: 148680 0x4E5FC04: ???
     n1: 148680 0x4E55DAA: ???
      n1: 148680 0x4E575FA: ???
       n0: 148680 0x1091F8: main (in /home/jenkins/workspace/build/linux/bin/benchmark_plugingetset)
  n2: 145440 0x4E4EBD2: ???
   n1: 145368 0x4E5017E: ???
    n1: 145368 0x4E5FC04: ???
     n1: 145368 0x4E55DAA: ???
      n1: 145368 0x4E575FA: ???
       n0: 145368 0x1091F8: main (in /home/jenkins/workspace/build/linux/bin/benchmark_plugingetset)
   n0: 72 in 1 place, below massif's threshold (1.00%)
  n1: 138600 0x4E4EECB: ???
   n1: 138600 0x4E5017E: ???
    n1: 138600 0x4E5FC04: ???
     n1: 138600 0x4E55DAA: ???
      n1: 138600 0x4E575FA: ???
       n0: 138600 0x1091F8: main (in /home/jenkins/workspace/build/linux/bin/benchmark_plugingetset)
 n1: 432648 0x4E4F6F7: ???
  n1: 432648 0x4E5017E: ???
   n1: 432648 0x4E5FC04: ???
    n1: 432648 0x4E55DAA: ???
     n1: 432648 0x4E575FA: ???
      n0: 432648 0x1091F8: main (in /home/jenkins/workspace/build/linux/bin/benchmark_plugingetset)
 n1: 301968 0x4E4F9A7: ???
  n1: 301968 0x4E5017E: ???
   n1: 301968 0x4E5FC04: ???
    n1: 301968 0x4E55DAA: ???
     n1: 301968 0x4E575FA: ???
      n0: 301968 0x1091F8: main (in /home/jenkins/workspace/build/linux/bin/benchmark_plugingetset)
 n1: 301536 0x4E4E82B: ???
  n1: 301536 0x4E4FC65: ???
   n1: 301536 0x4E5017E: ???
    n1: 301536 0x4E5FC04: ???
     n1: 301536 0x4E55DAA: ???
      n1: 301536 0x4E575FA: ???
       n0: 301536 0x1091F8: main (in /home/jenkins/workspace/build/linux/bin/benchmark_plugingetset)
 n1: 299829 0x4E4C7DE: ???
  n0: 299829 in 3 places, all below massif's threshold (1.00%)
 n1: 225792 0x4E50432: ???
  n1: 225792 0x4E5FC04: ???
   n1: 225792 0x4E55DAA: ???
    n1: 225792 0x4E575FA: ???
     n0: 225792 0x1091F8: main (in /home/jenkins/workspace/build/linux/bin/benchmark_plugingetset)
 n1: 190944 0x4E4F0A2: ???
  n1: 190944 0x4E5017E: ???
   n1: 190944 0x4E5FC04: ???
    n1: 190944 0x4E55DAA: ???
     n1: 190944 0x4E575FA: ???
      n0: 190944 0x1091F8: main (in /home/jenkins/workspace/build/linux/bin/benchmark_plugingetset)
 n2: 189720 0x4E4EC31: ???
  n1: 189648 0x4E5017E: ???
   n1: 189648 0x4E5FC04: ???
    n1: 189648 0x4E55DAA: ???
     n1: 189648 0x4E575FA: ???
      n0: 189648 0x1091F8: main (in /home/jenkins/workspace/build/linux/bin/benchmark_plugingetset)
  n0: 72 in 1 place, below massif's threshold (1.00%)
 n1: 182664 0x4E4EF1F: ???
  n1: 182664 0x4E5017E: ???
   n1: 182664 0x4E5FC04: ???
    n1: 182664 0x4E55DAA: ???
     n1: 182664 0x4E575FA: ???
      n0: 182664 0x1091F8: main (in /home/jenkins/workspace/build/linux/bin/benchmark_plugingetset)
 n0: 137131 in 67 places, all below massif's threshold (1.00%)
#-----------
snapshot=20
#-----------
time=103927743
mem_heap_B=12758317
mem_heap_extra_B=626851
mem_stacks_B=0
heap_tree=detailed
n13: 12758317 (heap allocation functions) malloc/new/new[], --alloc-fns, etc.
 n1: 8967344 0x4E4C1D0: ???
  n1: 8967344 0x4E4B7A8: ???
   n1: 8967344 0x4E4FD58: ???
    n1: 8967344 0x4E55D11: ???
     n1: 8967344 0x4E575FA: ???
      n0: 8967344 0x1091F8: main (in /home/jenkins/workspace/build/linux/bin/benchmark_plugingetset)
 n1: 540097 0x4E65CB8: ???
  n2: 540097 0x4E6645E: ???
   n1: 540097 0x4E5FC7A: ???
    n1: 540097 0x4E55DAA: ???
     n1: 540097 0x4E575FA: ???
      n0: 540097 0x1091F8: main (in /home/jenkins/workspace/build/linux/bin/benchmark_plugingetset)
   n0: 0 in 1 place, below massif's threshold (1.00%)
 n3: 451008 0x4E4E502: ???
  n1: 154800 0x4E4F03B: ???
   n1: 154800 0x4E5017E: ???
    n1: 154800 0x4E5FC04: ???
     n1: 154800 0x4E55DAA: ???
      n1: 154800 0x4E575FA: ???
       n0: 154800 0x1091F8: main (in /home/jenkins/workspace/build/linux/bin/benchmark_plugingetset)
  n2: 151272 0x4E4EBD2: ???
   n1: 151200 0x4E5017E: ???
    n1: 151200 0x4E5FC04: ???
     n1: 151200 0x4E55DAA: ???
      n1: 151200 0x4E575FA: ???
       n0: 151200 0x1091F8: main (in /home/jenkins/workspace/build/linux/bin/benchmark_plugingetset)
   n0: 72 in 1 place, below massif's threshold (1.00%)
  n1: 144936 0x4E4EECB: ???
   n1: 144936 0x4E5017E: ???
    n1: 144936 0x4E5FC04: ???
     n1: 144936 0x4E55DAA: ???
      n1: 144936 0x4E575FA: ???
       n0: 144936 0x1091F8: main (in /home/jenkins/workspace/build/linux/bin/benchmark_plugingetset)
 n1: 450936 0x4E4F6F7: ???
  n1: 450936 0x4E5017E: ???
   n1: 450936 0x4E5FC04: ???
    n1: 450936 0x4E55DAA: ???
     n1: 450936 0x4E575FA: ???
      n0: 450936 0x1091F8: main (in /home/jenkins/workspace/build/linux/bin/benchmark_plugingetset)
 n2: 448407 0x4F9DD1D: std::__cxx11::basic_string<char, std::char_traits<char>, std::allocator<char> >::_M_assign(std::__cxx11::basic_string<char, std::char_traits<char>, std::allocator<char> > const&) (in /usr/lib/x86_64-linux-gnu/libstdc++.so.6.0.25)
  n1: 448368 0x4E4D42E: ???
   n1: 448368 0x4E55D4A: ???
    n1: 448368 0x4E575FA: ???
     n0: 448368 0x1091F8: main (in /home/jenkins/workspace/build/linux/bin/benchmark_plugingetset)
  n0: 39 in 1 place, below massif's threshold (1.00%)
 n1: 314568 0x4E4F9A7: ???
  n1: 314568 0x4E5017E: ???
   n1: 314568 0x4E5FC04: ???
    n1: 314568 0x4E55DAA: ???
     n1: 314568 0x4E575FA: ???
      n0: 314568 0x1091F8: main (in /home/jenkins/workspace/build/linux/bin/benchmark_plugingetset)
 n1: 313920 0x4E4E82B: ???
  n1: 313920 0x4E4FC65: ???
   n1: 313920 0x4E5017E: ???
    n1: 313920 0x4E5FC04: ???
     n1: 313920 0x4E55DAA: ???
      n1: 313920 0x4E575FA: ???
       n0: 313920 0x1091F8: main (in /home/jenkins/workspace/build/linux/bin/benchmark_plugingetset)
 n1: 312594 0x4E4C7DE: ???
  n0: 312594 in 3 places, all below massif's threshold (1.00%)
 n1: 235008 0x4E50432: ???
  n1: 235008 0x4E5FC04: ???
   n1: 235008 0x4E55DAA: ???
    n1: 235008 0x4E575FA: ???
     n0: 235008 0x1091F8: main (in /home/jenkins/workspace/build/linux/bin/benchmark_plugingetset)
 n1: 198864 0x4E4F0A2: ???
  n1: 198864 0x4E5017E: ???
   n1: 198864 0x4E5FC04: ???
    n1: 198864 0x4E55DAA: ???
     n1: 198864 0x4E575FA: ???
      n0: 198864 0x1091F8: main (in /home/jenkins/workspace/build/linux/bin/benchmark_plugingetset)
 n2: 197712 0x4E4EC31: ???
  n1: 197640 0x4E5017E: ???
   n1: 197640 0x4E5FC04: ???
    n1: 197640 0x4E55DAA: ???
     n1: 197640 0x4E575FA: ???
      n0: 197640 0x1091F8: main (in /home/jenkins/workspace/build/linux/bin/benchmark_plugingetset)
  n0: 72 in 1 place, below massif's threshold (1.00%)
 n1: 190728 0x4E4EF1F: ???
  n1: 190728 0x4E5017E: ???
   n1: 190728 0x4E5FC04: ???
    n1: 190728 0x4E55DAA: ???
     n1: 190728 0x4E575FA: ???
      n0: 190728 0x1091F8: main (in /home/jenkins/workspace/build/linux/bin/benchmark_plugingetset)
 n0: 137131 in 67 places, all below massif's threshold (1.00%)
#-----------
snapshot=21
#-----------
time=108697181
mem_heap_B=12962353
mem_heap_extra_B=674615
mem_stacks_B=0
heap_tree=empty
#-----------
snapshot=22
#-----------
time=113063127
mem_heap_B=13421707
mem_heap_extra_B=718629
mem_stacks_B=0
heap_tree=detailed
n13: 13421707 (heap allocation functions) malloc/new/new[], --alloc-fns, etc.
 n1: 8967344 0x4E4C1D0: ???
  n1: 8967344 0x4E4B7A8: ???
   n1: 8967344 0x4E4FD58: ???
    n1: 8967344 0x4E55D11: ???
     n1: 8967344 0x4E575FA: ???
      n0: 8967344 0x1091F8: main (in /home/jenkins/workspace/build/linux/bin/benchmark_plugingetset)
 n1: 810169 0x4E65CB8: ???
  n2: 810169 0x4E6645E: ???
   n1: 810169 0x4E5FC7A: ???
    n1: 810169 0x4E55DAA: ???
     n1: 810169 0x4E575FA: ???
      n0: 810169 0x1091F8: main (in /home/jenkins/workspace/build/linux/bin/benchmark_plugingetset)
   n0: 0 in 1 place, below massif's threshold (1.00%)
 n3: 517392 0x4E4E502: ???
  n1: 176688 0x4E4F03B: ???
   n1: 176688 0x4E5017E: ???
    n1: 176688 0x4E5FC04: ???
     n1: 176688 0x4E55DAA: ???
      n1: 176688 0x4E575FA: ???
       n0: 176688 0x1091F8: main (in /home/jenkins/workspace/build/linux/bin/benchmark_plugingetset)
  n2: 174096 0x4E4EBD2: ???
   n1: 174024 0x4E5017E: ???
    n1: 174024 0x4E5FC04: ???
     n1: 174024 0x4E55DAA: ???
      n1: 174024 0x4E575FA: ???
       n0: 174024 0x1091F8: main (in /home/jenkins/workspace/build/linux/bin/benchmark_plugingetset)
   n0: 72 in 1 place, below massif's threshold (1.00%)
  n1: 166608 0x4E4EECB: ???
   n1: 166608 0x4E5017E: ???
    n1: 166608 0x4E5FC04: ???
     n1: 166608 0x4E55DAA: ???
      n1: 166608 0x4E575FA: ???
       n0: 166608 0x1091F8: main (in /home/jenkins/workspace/build/linux/bin/benchmark_plugingetset)
 n1: 517320 0x4E4F6F7: ???
  n1: 517320 0x4E5017E: ???
   n1: 517320 0x4E5FC04: ???
    n1: 517320 0x4E55DAA: ???
     n1: 517320 0x4E575FA: ???
      n0: 517320 0x1091F8: main (in /home/jenkins/workspace/build/linux/bin/benchmark_plugingetset)
 n2: 448407 0x4F9DD1D: std::__cxx11::basic_string<char, std::char_traits<char>, std::allocator<char> >::_M_assign(std::__cxx11::basic_string<char, std::char_traits<char>, std::allocator<char> > const&) (in /usr/lib/x86_64-linux-gnu/libstdc++.so.6.0.25)
  n1: 448368 0x4E4D42E: ???
   n1: 448368 0x4E55D4A: ???
    n1: 448368 0x4E575FA: ???
     n0: 448368 0x1091F8: main (in /home/jenkins/workspace/build/linux/bin/benchmark_plugingetset)
  n0: 39 in 1 place, below massif's threshold (1.00%)
 n1: 361656 0x4E4F9A7: ???
  n1: 361656 0x4E5017E: ???
   n1: 361656 0x4E5FC04: ???
    n1: 361656 0x4E55DAA: ???
     n1: 361656 0x4E575FA: ???
      n0: 361656 0x1091F8: main (in /home/jenkins/workspace/build/linux/bin/benchmark_plugingetset)
 n1: 361296 0x4E4E82B: ???
  n1: 361296 0x4E4FC65: ???
   n1: 361296 0x4E5017E: ???
    n1: 361296 0x4E5FC04: ???
     n1: 361296 0x4E55DAA: ???
      n1: 361296 0x4E575FA: ???
       n0: 361296 0x1091F8: main (in /home/jenkins/workspace/build/linux/bin/benchmark_plugingetset)
 n1: 358184 0x4E4C7DE: ???
  n0: 358184 in 3 places, all below massif's threshold (1.00%)
 n1: 269824 0x4E50432: ???
  n1: 269824 0x4E5FC04: ???
   n1: 269824 0x4E55DAA: ???
    n1: 269824 0x4E575FA: ???
     n0: 269824 0x1091F8: main (in /home/jenkins/workspace/build/linux/bin/benchmark_plugingetset)
 n2: 227232 0x4E4EC31: ???
  n1: 227160 0x4E5017E: ???
   n1: 227160 0x4E5FC04: ???
    n1: 227160 0x4E55DAA: ???
     n1: 227160 0x4E575FA: ???
      n0: 227160 0x1091F8: main (in /home/jenkins/workspace/build/linux/bin/benchmark_plugingetset)
  n0: 72 in 1 place, below massif's threshold (1.00%)
 n1: 226512 0x4E4F0A2: ???
  n1: 226512 0x4E5017E: ???
   n1: 226512 0x4E5FC04: ???
    n1: 226512 0x4E55DAA: ???
     n1: 226512 0x4E575FA: ???
      n0: 226512 0x1091F8: main (in /home/jenkins/workspace/build/linux/bin/benchmark_plugingetset)
 n1: 219240 0x4E4EF1F: ???
  n1: 219240 0x4E5017E: ???
   n1: 219240 0x4E5FC04: ???
    n1: 219240 0x4E55DAA: ???
     n1: 219240 0x4E575FA: ???
      n0: 219240 0x1091F8: main (in /home/jenkins/workspace/build/linux/bin/benchmark_plugingetset)
 n0: 137131 in 67 places, all below massif's threshold (1.00%)
#-----------
snapshot=23
#-----------
time=118487504
mem_heap_B=14891380
mem_heap_extra_B=769756
mem_stacks_B=0
heap_tree=detailed
n14: 14891380 (heap allocation functions) malloc/new/new[], --alloc-fns, etc.
 n1: 8967344 0x4E4C1D0: ???
  n1: 8967344 0x4E4B7A8: ???
   n1: 8967344 0x4E4FD58: ???
    n1: 8967344 0x4E55D11: ???
     n1: 8967344 0x4E575FA: ???
      n0: 8967344 0x1091F8: main (in /home/jenkins/workspace/build/linux/bin/benchmark_plugingetset)
 n3: 1276717 0x4E65BA4: ???
  n4: 636680 0x4E65E12: ???
   n1: 240088 0x4E5933D: ???
    n1: 240088 0x4E5FD6B: ???
     n1: 240088 0x4E55DAA: ???
      n1: 240088 0x4E575FA: ???
       n0: 240088 0x1091F8: main (in /home/jenkins/workspace/build/linux/bin/benchmark_plugingetset)
   n1: 160088 0x4E592B9: ???
    n1: 160088 0x4E5FD6B: ???
     n1: 160088 0x4E55DAA: ???
      n1: 160088 0x4E575FA: ???
       n0: 160088 0x1091F8: main (in /home/jenkins/workspace/build/linux/bin/benchmark_plugingetset)
   n1: 160088 0x4E592F4: ???
    n1: 160088 0x4E5FD6B: ???
     n1: 160088 0x4E55DAA: ???
      n1: 160088 0x4E575FA: ???
       n0: 160088 0x1091F8: main (in /home/jenkins/workspace/build/linux/bin/benchmark_plugingetset)
   n0: 76416 in 6 places, all below massif's threshold (1.00%)
  n1: 578720 0x4E5FD8E: ???
   n1: 578720 0x4E55DAA: ???
    n1: 578720 0x4E575FA: ???
     n0: 578720 0x1091F8: main (in /home/jenkins/workspace/build/linux/bin/benchmark_plugingetset)
  n0: 61317 in 21 places, all below massif's threshold (1.00%)
 n1: 810169 0x4E65CB8: ???
  n2: 810169 0x4E6645E: ???
   n1: 810169 0x4E5FC7A: ???
    n1: 810169 0x4E55DAA: ???
     n1: 810169 0x4E575FA: ???
      n0: 810169 0x1091F8: main (in /home/jenkins/workspace/build/linux/bin/benchmark_plugingetset)
   n0: 0 in 1 place, below massif's threshold (1.00%)
 n3: 554040 0x4E4E502: ???
  n1: 189432 0x4E4F03B: ???
   n1: 189432 0x4E5017E: ???
    n1: 189432 0x4E5FC04: ???
     n1: 189432 0x4E55DAA: ???
      n1: 189432 0x4E575FA: ???
       n0: 189432 0x1091F8: main (in /home/jenkins/workspace/build/linux/bin/benchmark_plugingetset)
  n2: 185472 0x4E4EBD2: ???
   n1: 185400 0x4E5017E: ???
    n1: 185400 0x4E5FC04: ???
     n1: 185400 0x4E55DAA: ???
      n1: 185400 0x4E575FA: ???
       n0: 185400 0x1091F8: main (in /home/jenkins/workspace/build/linux/bin/benchmark_plugingetset)
   n0: 72 in 1 place, below massif's threshold (1.00%)
  n1: 179136 0x4E4EECB: ???
   n1: 179136 0x4E5017E: ???
    n1: 179136 0x4E5FC04: ???
     n1: 179136 0x4E55DAA: ???
      n1: 179136 0x4E575FA: ???
       n0: 179136 0x1091F8: main (in /home/jenkins/workspace/build/linux/bin/benchmark_plugingetset)
 n1: 553968 0x4E4F6F7: ???
  n1: 553968 0x4E5017E: ???
   n1: 553968 0x4E5FC04: ???
    n1: 553968 0x4E55DAA: ???
     n1: 553968 0x4E575FA: ???
      n0: 553968 0x1091F8: main (in /home/jenkins/workspace/build/linux/bin/benchmark_plugingetset)
 n2: 448407 0x4F9DD1D: std::__cxx11::basic_string<char, std::char_traits<char>, std::allocator<char> >::_M_assign(std::__cxx11::basic_string<char, std::char_traits<char>, std::allocator<char> > const&) (in /usr/lib/x86_64-linux-gnu/libstdc++.so.6.0.25)
  n1: 448368 0x4E4D42E: ???
   n1: 448368 0x4E55D4A: ???
    n1: 448368 0x4E575FA: ???
     n0: 448368 0x1091F8: main (in /home/jenkins/workspace/build/linux/bin/benchmark_plugingetset)
  n0: 39 in 1 place, below massif's threshold (1.00%)
 n2: 388008 0x4E4E82B: ???
  n1: 387936 0x4E4FC65: ???
   n1: 387936 0x4E5017E: ???
    n1: 387936 0x4E5FC04: ???
     n1: 387936 0x4E55DAA: ???
      n1: 387936 0x4E575FA: ???
       n0: 387936 0x1091F8: main (in /home/jenkins/workspace/build/linux/bin/benchmark_plugingetset)
  n0: 72 in 1 place, below massif's threshold (1.00%)
 n1: 388008 0x4E4F9A7: ???
  n1: 388008 0x4E5017E: ???
   n1: 388008 0x4E5FC04: ???
    n1: 388008 0x4E55DAA: ???
     n1: 388008 0x4E575FA: ???
      n0: 388008 0x1091F8: main (in /home/jenkins/workspace/build/linux/bin/benchmark_plugingetset)
 n1: 383247 0x4E4C7DE: ???
  n0: 383247 in 3 places, all below massif's threshold (1.00%)
 n1: 289280 0x4E50432: ???
  n1: 289280 0x4E5FC04: ???
   n1: 289280 0x4E55DAA: ???
    n1: 289280 0x4E575FA: ???
     n0: 289280 0x1091F8: main (in /home/jenkins/workspace/build/linux/bin/benchmark_plugingetset)
 n1: 243360 0x4E4F0A2: ???
  n1: 243360 0x4E5017E: ???
   n1: 243360 0x4E5FC04: ???
    n1: 243360 0x4E55DAA: ???
     n1: 243360 0x4E575FA: ???
      n0: 243360 0x1091F8: main (in /home/jenkins/workspace/build/linux/bin/benchmark_plugingetset)
 n2: 241776 0x4E4EC31: ???
  n1: 241704 0x4E5017E: ???
   n1: 241704 0x4E5FC04: ???
    n1: 241704 0x4E55DAA: ???
     n1: 241704 0x4E575FA: ???
      n0: 241704 0x1091F8: main (in /home/jenkins/workspace/build/linux/bin/benchmark_plugingetset)
  n0: 72 in 1 place, below massif's threshold (1.00%)
 n1: 234864 0x4E4EF1F: ???
  n1: 234864 0x4E5017E: ???
   n1: 234864 0x4E5FC04: ???
    n1: 234864 0x4E55DAA: ???
     n1: 234864 0x4E575FA: ???
      n0: 234864 0x1091F8: main (in /home/jenkins/workspace/build/linux/bin/benchmark_plugingetset)
 n0: 112192 in 91 places, all below massif's threshold (1.00%)
#-----------
snapshot=24
#-----------
time=124435687
mem_heap_B=15200686
mem_heap_extra_B=773442
mem_stacks_B=0
heap_tree=empty
#-----------
snapshot=25
#-----------
time=128103338
mem_heap_B=15336550
mem_heap_extra_B=774306
mem_stacks_B=0
heap_tree=empty
#-----------
snapshot=26
#-----------
time=132043236
mem_heap_B=15512254
mem_heap_extra_B=775250
mem_stacks_B=0
heap_tree=empty
#-----------
snapshot=27
#-----------
time=135868762
mem_heap_B=15569278
mem_heap_extra_B=776114
mem_stacks_B=0
heap_tree=empty
#-----------
snapshot=28
#-----------
time=140119137
mem_heap_B=15802180
mem_heap_extra_B=777044
mem_stacks_B=0
heap_tree=empty
#-----------
snapshot=29
#-----------
time=146301770
mem_heap_B=18641740
mem_heap_extra_B=829700
mem_stacks_B=0
heap_tree=empty
#-----------
snapshot=30
#-----------
time=150003688
mem_heap_B=18883612
mem_heap_extra_B=885004
mem_stacks_B=0
heap_tree=empty
#-----------
snapshot=31
#-----------
time=153701758
mem_heap_B=19129180
mem_heap_extra_B=940692
mem_stacks_B=0
heap_tree=empty
#-----------
snapshot=32
#-----------
time=157389774
mem_heap_B=19366836
mem_heap_extra_B=995452
mem_stacks_B=0
heap_tree=empty
#-----------
snapshot=33
#-----------
time=161314543
mem_heap_B=19621412
mem_heap_extra_B=1054068
mem_stacks_B=0
heap_tree=empty
#-----------
snapshot=34
#-----------
time=164324224
mem_heap_B=19815916
mem_heap_extra_B=1098300
mem_stacks_B=0
heap_tree=peak
n15: 19815916 (heap allocation functions) malloc/new/new[], --alloc-fns, etc.
 n1: 8967344 0x4E4C1D0: ???
  n1: 8967344 0x4E4B7A8: ???
   n1: 8967344 0x4E4FD58: ???
    n1: 8967344 0x4E55D11: ???
     n1: 8967344 0x4E575FA: ???
      n0: 8967344 0x1091F8: main (in /home/jenkins/workspace/build/linux/bin/benchmark_plugingetset)
 n1: 3925924 0x4E65CB8: ???
  n3: 3925924 0x4E6645E: ???
   n2: 3115755 0x4E59CA9: ???
    n1: 2464746 0x4E5D8E5: ???
     n1: 2464746 0x4E608C3: ???
      n1: 2464746 0x4E55DAA: ???
       n1: 2464746 0x4E575FA: ???
        n0: 2464746 0x1091F8: main (in /home/jenkins/workspace/build/linux/bin/benchmark_plugingetset)
    n1: 651009 0x4E5D3F6: ???
     n1: 651009 0x4E608C3: ???
      n1: 651009 0x4E55DAA: ???
       n1: 651009 0x4E575FA: ???
        n0: 651009 0x1091F8: main (in /home/jenkins/workspace/build/linux/bin/benchmark_plugingetset)
   n1: 810169 0x4E5FC7A: ???
    n1: 810169 0x4E55DAA: ???
     n1: 810169 0x4E575FA: ???
      n0: 810169 0x1091F8: main (in /home/jenkins/workspace/build/linux/bin/benchmark_plugingetset)
   n0: 0 in 1 place, below massif's threshold (1.00%)
 n4: 1722413 0x4E65BA4: ???
  n2: 636680 0x4E65E12: ???
   n0: 396592 in 8 places, all below massif's threshold (1.00%)
   n1: 240088 0x4E5933D: ???
    n1: 240088 0x4E5FD6B: ???
     n1: 240088 0x4E55DAA: ???
      n1: 240088 0x4E575FA: ???
       n0: 240088 0x1091F8: main (in /home/jenkins/workspace/build/linux/bin/benchmark_plugingetset)
  n1: 578720 0x4E5FD8E: ???
   n1: 578720 0x4E55DAA: ???
    n1: 578720 0x4E575FA: ???
     n0: 578720 0x1091F8: main (in /home/jenkins/workspace/build/linux/bin/benchmark_plugingetset)
  n2: 445037 0x4E662C2: ???
   n0: 223277 in 19 places, all below massif's threshold (1.00%)
   n1: 221760 0x4E607B3: ???
    n1: 221760 0x4E55DAA: ???
     n1: 221760 0x4E575FA: ???
      n0: 221760 0x1091F8: main (in /home/jenkins/workspace/build/linux/bin/benchmark_plugingetset)
  n0: 61976 in 24 places, all below massif's threshold (1.00%)
 n3: 1360029 0x4E5989A: ???
  n1: 1039944 0x4E619CA: ???
   n1: 1039944 0x4E55DAA: ???
    n1: 1039944 0x4E575FA: ???
     n0: 1039944 0x1091F8: main (in /home/jenkins/workspace/build/linux/bin/benchmark_plugingetset)
  n1: 320000 0x4E621D8: ???
   n1: 320000 0x4E55DAA: ???
    n1: 320000 0x4E575FA: ???
     n0: 320000 0x1091F8: main (in /home/jenkins/workspace/build/linux/bin/benchmark_plugingetset)
  n0: 85 in 3 places, all below massif's threshold (1.00%)
 n1: 554040 0x4E4E502: ???
  n0: 554040 in 3 places, all below massif's threshold (1.00%)
 n1: 553968 0x4E4F6F7: ???
  n1: 553968 0x4E5017E: ???
   n1: 553968 0x4E5FC04: ???
    n1: 553968 0x4E55DAA: ???
     n1: 553968 0x4E575FA: ???
      n0: 553968 0x1091F8: main (in /home/jenkins/workspace/build/linux/bin/benchmark_plugingetset)
 n2: 448407 0x4F9DD1D: std::__cxx11::basic_string<char, std::char_traits<char>, std::allocator<char> >::_M_assign(std::__cxx11::basic_string<char, std::char_traits<char>, std::allocator<char> > const&) (in /usr/lib/x86_64-linux-gnu/libstdc++.so.6.0.25)
  n1: 448368 0x4E4D42E: ???
   n1: 448368 0x4E55D4A: ???
    n1: 448368 0x4E575FA: ???
     n0: 448368 0x1091F8: main (in /home/jenkins/workspace/build/linux/bin/benchmark_plugingetset)
  n0: 39 in 1 place, below massif's threshold (1.00%)
 n2: 388008 0x4E4E82B: ???
  n1: 387936 0x4E4FC65: ???
   n1: 387936 0x4E5017E: ???
    n1: 387936 0x4E5FC04: ???
     n1: 387936 0x4E55DAA: ???
      n1: 387936 0x4E575FA: ???
       n0: 387936 0x1091F8: main (in /home/jenkins/workspace/build/linux/bin/benchmark_plugingetset)
  n0: 72 in 1 place, below massif's threshold (1.00%)
 n1: 388008 0x4E4F9A7: ???
  n1: 388008 0x4E5017E: ???
   n1: 388008 0x4E5FC04: ???
    n1: 388008 0x4E55DAA: ???
     n1: 388008 0x4E575FA: ???
      n0: 388008 0x1091F8: main (in /home/jenkins/workspace/build/linux/bin/benchmark_plugingetset)
 n1: 383247 0x4E4C7DE: ???
  n0: 383247 in 3 places, all below massif's threshold (1.00%)
 n1: 289280 0x4E50432: ???
  n1: 289280 0x4E5FC04: ???
   n1: 289280 0x4E55DAA: ???
    n1: 289280 0x4E575FA: ???
     n0: 289280 0x1091F8: main (in /home/jenkins/workspace/build/linux/bin/benchmark_plugingetset)
 n1: 243360 0x4E4F0A2: ???
  n1: 243360 0x4E5017E: ???
   n1: 243360 0x4E5FC04: ???
    n1: 243360 0x4E55DAA: ???
     n1: 243360 0x4E575FA: ???
      n0: 243360 0x1091F8: main (in /home/jenkins/workspace/build/linux/bin/benchmark_plugingetset)
 n2: 241776 0x4E4EC31: ???
  n1: 241704 0x4E5017E: ???
   n1: 241704 0x4E5FC04: ???
    n1: 241704 0x4E55DAA: ???
     n1: 241704 0x4E575FA: ???
      n0: 241704 0x1091F8: main (in /home/jenkins/workspace/build/linux/bin/benchmark_plugingetset)
  n0: 72 in 1 place, below massif's threshold (1.00%)
 n1: 234864 0x4E4EF1F: ???
  n1: 234864 0x4E5017E: ???
   n1: 234864 0x4E5FC04: ???
    n1: 234864 0x4E55DAA: ???
     n1: 234864 0x4E575FA: ???
      n0: 234864 0x1091F8: main (in /home/jenkins/workspace/build/linux/bin/benchmark_plugingetset)
 n0: 115248 in 96 places, all below massif's threshold (1.00%)
#-----------
snapshot=35
#-----------
time=168378419
mem_heap_B=14848920
mem_heap_extra_B=1096120
mem_stacks_B=0
heap_tree=empty
#-----------
snapshot=36
#-----------
time=172519435
mem_heap_B=14938675
mem_heap_extra_B=1103541
mem_stacks_B=0
heap_tree=empty
#-----------
snapshot=37
#-----------
time=176644460
mem_heap_B=15026244
mem_heap_extra_B=1111068
mem_stacks_B=0
heap_tree=empty
#-----------
snapshot=38
#-----------
time=181042011
mem_heap_B=15124098
mem_heap_extra_B=1119854
mem_stacks_B=0
heap_tree=empty
#-----------
snapshot=39
#-----------
time=185748899
mem_heap_B=15220884
mem_heap_extra_B=1127836
mem_stacks_B=0
heap_tree=empty
#-----------
snapshot=40
#-----------
time=190393291
mem_heap_B=15313758
mem_heap_extra_B=1135746
mem_stacks_B=0
heap_tree=empty
#-----------
snapshot=41
#-----------
time=195088153
mem_heap_B=15415345
mem_heap_extra_B=1143719
mem_stacks_B=0
heap_tree=empty
#-----------
snapshot=42
#-----------
time=199739234
mem_heap_B=15515292
mem_heap_extra_B=1152596
mem_stacks_B=0
heap_tree=empty
#-----------
snapshot=43
#-----------
time=205133341
mem_heap_B=15620721
mem_heap_extra_B=1162999
mem_stacks_B=0
heap_tree=empty
#-----------
snapshot=44
#-----------
time=210551750
mem_heap_B=15731965
mem_heap_extra_B=1173035
mem_stacks_B=0
heap_tree=empty
#-----------
snapshot=45
#-----------
time=216047172
mem_heap_B=15845127
mem_heap_extra_B=1182353
mem_stacks_B=0
heap_tree=empty
#-----------
snapshot=46
#-----------
time=221817174
mem_heap_B=15969517
mem_heap_extra_B=1191403
mem_stacks_B=0
heap_tree=empty
#-----------
snapshot=47
#-----------
time=225771703
mem_heap_B=16045280
mem_heap_extra_B=1197640
mem_stacks_B=0
heap_tree=empty
#-----------
snapshot=48
#-----------
time=231968033
mem_heap_B=12095705
mem_heap_extra_B=332175
mem_stacks_B=0
heap_tree=empty
#-----------
snapshot=49
#-----------
time=232806775
mem_heap_B=418489
mem_heap_extra_B=25919
mem_stacks_B=0
heap_tree=empty
#-----------
snapshot=50
#-----------
time=232810933
mem_heap_B=407171
mem_heap_extra_B=24885
mem_stacks_B=0
heap_tree=empty
#-----------
snapshot=51
#-----------
time=232815091
mem_heap_B=390821
mem_heap_extra_B=23811
mem_stacks_B=0
heap_tree=detailed
n5: 390821 (heap allocation functions) malloc/new/new[], --alloc-fns, etc.
 n3: 257026 0x485EAE2: elektraRealloc (in /home/jenkins/workspace/build/linux/lib/libelektra-core.so.0.8.26)
  n2: 224258 0x4860B6F: keyAddBaseName (in /home/jenkins/workspace/build/linux/lib/libelektra-core.so.0.8.26)
   n1: 224258 0x4E52883: ???
    n1: 224258 0x4E51BA7: ???
     n2: 224258 0x4E51A51: ???
      n1: 224258 0x4E51A51: ???
       n2: 224258 0x4E51A51: ???
        n2: 224258 0x4E51A51: ???
         n2: 224258 0x4E51A51: ???
          n2: 224258 0x4E51A51: ???
           n2: 224080 0x4E51A51: ???
            n2: 224080 0x4E51A51: ???
             n2: 223902 0x4E51A51: ???
              n2: 223724 0x4E51A51: ???
               n2: 223724 0x4E51A51: ???
                n2: 223724 0x4E51A51: ???
                 n2: 223546 0x4E51A51: ???
                  n2: 222524 0x4E51A51: ???
                   n2: 221828 0x4E51A51: ???
                    n2: 221724 0x4E51A51: ???
                     n2: 221102 0x4E51A51: ???
                      n2: 220998 0x4E51A51: ???
                       n2: 220998 0x4E51A51: ???
                        n2: 220820 0x4E51A51: ???
                         n2: 220820 0x4E51A51: ???
                          n2: 220242 0x4E51A51: ???
                           n2: 219738 0x4E51A51: ???
                            n2: 219738 0x4E51A51: ???
                             n2: 219190 0x4E51A51: ???
                              n0: 219190 0x4E51A51: ???
                              n0: 0 in 1 place, below massif's threshold (1.00%)
                             n0: 548 in 1 place, below massif's threshold (1.00%)
                            n0: 0 in 1 place, below massif's threshold (1.00%)
                           n0: 504 in 1 place, below massif's threshold (1.00%)
                          n0: 578 in 1 place, below massif's threshold (1.00%)
                         n0: 0 in 1 place, below massif's threshold (1.00%)
                        n0: 178 in 1 place, below massif's threshold (1.00%)
                       n0: 0 in 1 place, below massif's threshold (1.00%)
                      n0: 104 in 1 place, below massif's threshold (1.00%)
                     n0: 622 in 1 place, below massif's threshold (1.00%)
                    n0: 104 in 1 place, below massif's threshold (1.00%)
                   n0: 696 in 1 place, below massif's threshold (1.00%)
                  n0: 1022 in 1 place, below massif's threshold (1.00%)
                 n0: 178 in 1 place, below massif's threshold (1.00%)
                n0: 0 in 1 place, below massif's threshold (1.00%)
               n0: 0 in 1 place, below massif's threshold (1.00%)
              n0: 178 in 1 place, below massif's threshold (1.00%)
             n0: 178 in 1 place, below massif's threshold (1.00%)
            n0: 0 in 1 place, below massif's threshold (1.00%)
           n0: 178 in 1 place, below massif's threshold (1.00%)
          n0: 0 in 1 place, below massif's threshold (1.00%)
         n0: 0 in 1 place, below massif's threshold (1.00%)
        n0: 0 in 1 place, below massif's threshold (1.00%)
      n0: 0 in 1 place, below massif's threshold (1.00%)
   n0: 0 in 1 place, below massif's threshold (1.00%)
  n2: 32768 0x48622B5: ksResize (in /home/jenkins/workspace/build/linux/lib/libelektra-core.so.0.8.26)
   n1: 32768 0x48632C7: ksAppend (in /home/jenkins/workspace/build/linux/lib/libelektra-core.so.0.8.26)
    n1: 32768 0x4E55E0D: ???
     n1: 32768 0x4E575FA: ???
      n0: 32768 0x1091F8: main (in /home/jenkins/workspace/build/linux/bin/benchmark_plugingetset)
   n0: 0 in 1 place, below massif's threshold (1.00%)
  n0: 0 in 1 place, below massif's threshold (1.00%)
 n1: 72704 0x4F0F454: ??? (in /usr/lib/x86_64-linux-gnu/libstdc++.so.6.0.25)
  n1: 72704 0x400F378: call_init.part.0 (dl-init.c:72)
   n1: 72704 0x400F474: _dl_init (dl-init.c:118)
    n1: 72704 0x40132D1: dl_open_worker (dl-open.c:517)
     n1: 72704 0x49B5B2D: _dl_catch_exception (dl-error-skeleton.c:196)
      n1: 72704 0x4012BB8: _dl_open (dl-open.c:599)
       n1: 72704 0x487D254: dlopen_doit (dlopen.c:66)
        n1: 72704 0x49B5B2D: _dl_catch_exception (dl-error-skeleton.c:196)
         n1: 72704 0x49B5BBD: _dl_catch_error (dl-error-skeleton.c:215)
          n1: 72704 0x487D973: _dlerror_run (dlerror.c:163)
           n1: 72704 0x487D2E4: dlopen@@GLIBC_2.2.5 (dlopen.c:87)
            n1: 72704 0x48666EB: elektraModulesLoad (in /home/jenkins/workspace/build/linux/lib/libelektra-core.so.0.8.26)
             n1: 72704 0x484FD71: elektraPluginOpen (in /home/jenkins/workspace/build/linux/lib/libelektra-kdb.so.0.8.26)
              n0: 72704 0x1091E1: main (in /home/jenkins/workspace/build/linux/bin/benchmark_plugingetset)
 n2: 32128 0x485F3A2: keyVNew (in /home/jenkins/workspace/build/linux/lib/libelektra-core.so.0.8.26)
  n1: 32128 0x4E5415F: ???
   n1: 32128 0x4E52856: ???
    n1: 32128 0x4E51BA7: ???
     n2: 32128 0x4E51A51: ???
      n1: 32128 0x4E51A51: ???
       n2: 32128 0x4E51A51: ???
        n2: 32128 0x4E51A51: ???
         n2: 32128 0x4E51A51: ???
          n2: 32128 0x4E51A51: ???
           n2: 32064 0x4E51A51: ???
            n2: 32064 0x4E51A51: ???
             n2: 32000 0x4E51A51: ???
              n2: 31936 0x4E51A51: ???
               n2: 31936 0x4E51A51: ???
                n2: 31936 0x4E51A51: ???
                 n2: 31872 0x4E51A51: ???
                  n2: 31744 0x4E51A51: ???
                   n2: 31680 0x4E51A51: ???
                    n2: 31616 0x4E51A51: ???
                     n2: 31552 0x4E51A51: ???
                      n2: 31488 0x4E51A51: ???
                       n2: 31488 0x4E51A51: ???
                        n2: 31424 0x4E51A51: ???
                         n2: 31424 0x4E51A51: ???
                          n2: 31296 0x4E51A51: ???
                           n2: 31168 0x4E51A51: ???
                            n2: 31168 0x4E51A51: ???
                             n2: 31104 0x4E51A51: ???
                              n0: 31104 0x4E51A51: ???
                              n0: 0 in 1 place, below massif's threshold (1.00%)
                             n0: 64 in 1 place, below massif's threshold (1.00%)
                            n0: 0 in 1 place, below massif's threshold (1.00%)
                           n0: 128 in 1 place, below massif's threshold (1.00%)
                          n0: 128 in 1 place, below massif's threshold (1.00%)
                         n0: 0 in 1 place, below massif's threshold (1.00%)
                        n0: 64 in 1 place, below massif's threshold (1.00%)
                       n0: 0 in 1 place, below massif's threshold (1.00%)
                      n0: 64 in 1 place, below massif's threshold (1.00%)
                     n0: 64 in 1 place, below massif's threshold (1.00%)
                    n0: 64 in 1 place, below massif's threshold (1.00%)
                   n0: 64 in 1 place, below massif's threshold (1.00%)
                  n0: 128 in 1 place, below massif's threshold (1.00%)
                 n0: 64 in 1 place, below massif's threshold (1.00%)
                n0: 0 in 1 place, below massif's threshold (1.00%)
               n0: 0 in 1 place, below massif's threshold (1.00%)
              n0: 64 in 1 place, below massif's threshold (1.00%)
             n0: 64 in 1 place, below massif's threshold (1.00%)
            n0: 0 in 1 place, below massif's threshold (1.00%)
           n0: 64 in 1 place, below massif's threshold (1.00%)
          n0: 0 in 1 place, below massif's threshold (1.00%)
         n0: 0 in 1 place, below massif's threshold (1.00%)
        n0: 0 in 1 place, below massif's threshold (1.00%)
      n0: 0 in 1 place, below massif's threshold (1.00%)
  n0: 0 in 1 place, below massif's threshold (1.00%)
 n2: 18574 0x4864946: keySetRaw (in /home/jenkins/workspace/build/linux/lib/libelektra-core.so.0.8.26)
  n2: 18574 0x48649DC: keySetString (in /home/jenkins/workspace/build/linux/lib/libelektra-core.so.0.8.26)
   n1: 18574 0x4E52795: ???
    n1: 18574 0x4E51ADF: ???
     n1: 18574 0x4E51A51: ???
      n1: 18574 0x4E51A51: ???
       n1: 18574 0x4E51A51: ???
        n1: 18574 0x4E51A51: ???
         n2: 18574 0x4E51A51: ???
          n2: 18574 0x4E51A51: ???
           n1: 18537 0x4E51A51: ???
            n2: 18537 0x4E51A51: ???
             n2: 18500 0x4E51A51: ???
              n2: 18463 0x4E51A51: ???
               n1: 18463 0x4E51A51: ???
                n2: 18463 0x4E51A51: ???
                 n2: 18426 0x4E51A51: ???
                  n2: 18352 0x4E51A51: ???
                   n2: 18315 0x4E51A51: ???
                    n2: 18278 0x4E51A51: ???
                     n2: 18241 0x4E51A51: ???
                      n1: 18204 0x4E51A51: ???
                       n2: 18204 0x4E51A51: ???
                        n2: 18167 0x4E51A51: ???
                         n2: 18167 0x4E51A51: ???
                          n2: 18093 0x4E51A51: ???
                           n2: 18019 0x4E51A51: ???
                            n2: 18019 0x4E51A51: ???
                             n2: 17982 0x4E51A51: ???
                              n0: 17982 0x4E51A51: ???
                              n0: 0 in 1 place, below massif's threshold (1.00%)
                             n0: 37 in 1 place, below massif's threshold (1.00%)
                            n0: 0 in 1 place, below massif's threshold (1.00%)
                           n0: 74 in 1 place, below massif's threshold (1.00%)
                          n0: 74 in 1 place, below massif's threshold (1.00%)
                         n0: 0 in 1 place, below massif's threshold (1.00%)
                        n0: 37 in 1 place, below massif's threshold (1.00%)
                      n0: 37 in 1 place, below massif's threshold (1.00%)
                     n0: 37 in 1 place, below massif's threshold (1.00%)
                    n0: 37 in 1 place, below massif's threshold (1.00%)
                   n0: 37 in 1 place, below massif's threshold (1.00%)
                  n0: 74 in 1 place, below massif's threshold (1.00%)
                 n0: 37 in 1 place, below massif's threshold (1.00%)
               n0: 0 in 1 place, below massif's threshold (1.00%)
              n0: 37 in 1 place, below massif's threshold (1.00%)
             n0: 37 in 1 place, below massif's threshold (1.00%)
           n0: 37 in 1 place, below massif's threshold (1.00%)
          n0: 0 in 1 place, below massif's threshold (1.00%)
   n0: 0 in 1 place, below massif's threshold (1.00%)
  n0: 0 in 1 place, below massif's threshold (1.00%)
 n0: 10389 in 115 places, all below massif's threshold (1.00%)
#-----------
snapshot=52
#-----------
time=232819249
mem_heap_B=377357
mem_heap_extra_B=22779
mem_stacks_B=0
heap_tree=empty
#-----------
snapshot=53
#-----------
time=232823407
mem_heap_B=366039
mem_heap_extra_B=21793
mem_stacks_B=0
heap_tree=empty
#-----------
snapshot=54
#-----------
time=232827565
mem_heap_B=354055
mem_heap_extra_B=20817
mem_stacks_B=0
heap_tree=empty
#-----------
snapshot=55
#-----------
time=232831723
mem_heap_B=344957
mem_heap_extra_B=19675
mem_stacks_B=0
heap_tree=empty
#-----------
snapshot=56
#-----------
time=232835881
mem_heap_B=332973
mem_heap_extra_B=18635
mem_stacks_B=0
heap_tree=empty
#-----------
snapshot=57
#-----------
time=232840039
mem_heap_B=319953
mem_heap_extra_B=17607
mem_stacks_B=0
heap_tree=empty
#-----------
snapshot=58
#-----------
time=232844197
mem_heap_B=305823
mem_heap_extra_B=16569
mem_stacks_B=0
heap_tree=empty
#-----------
snapshot=59
#-----------
time=232848355
mem_heap_B=293913
mem_heap_extra_B=15519
mem_stacks_B=0
heap_tree=empty
#-----------
snapshot=60
#-----------
time=232852513
mem_heap_B=282447
mem_heap_extra_B=14505
mem_stacks_B=0
heap_tree=empty
#-----------
snapshot=61
#-----------
time=232856671
mem_heap_B=270241
mem_heap_extra_B=13527
mem_stacks_B=0
heap_tree=detailed
n7: 270241 (heap allocation functions) malloc/new/new[], --alloc-fns, etc.
 n3: 158666 0x485EAE2: elektraRealloc (in /home/jenkins/workspace/build/linux/lib/libelektra-core.so.0.8.26)
  n2: 125898 0x4860B6F: keyAddBaseName (in /home/jenkins/workspace/build/linux/lib/libelektra-core.so.0.8.26)
   n1: 125898 0x4E52883: ???
    n1: 125898 0x4E51BA7: ???
     n2: 125898 0x4E51A51: ???
      n1: 125898 0x4E51A51: ???
       n2: 125898 0x4E51A51: ???
        n2: 125898 0x4E51A51: ???
         n2: 125898 0x4E51A51: ???
          n2: 125898 0x4E51A51: ???
           n2: 125720 0x4E51A51: ???
            n2: 125720 0x4E51A51: ???
             n2: 125542 0x4E51A51: ???
              n2: 125364 0x4E51A51: ???
               n2: 125364 0x4E51A51: ???
                n2: 125364 0x4E51A51: ???
                 n2: 125186 0x4E51A51: ???
                  n2: 124164 0x4E51A51: ???
                   n2: 123468 0x4E51A51: ???
                    n2: 123364 0x4E51A51: ???
                     n2: 122742 0x4E51A51: ???
                      n2: 122742 0x4E51A51: ???
                       n2: 122742 0x4E51A51: ???
                        n2: 122564 0x4E51A51: ???
                         n2: 122564 0x4E51A51: ???
                          n2: 122238 0x4E51A51: ???
                           n2: 121734 0x4E51A51: ???
                            n2: 121734 0x4E51A51: ???
                             n2: 121734 0x4E51A51: ???
                              n0: 121734 0x4E51A51: ???
                              n0: 0 in 1 place, below massif's threshold (1.00%)
                             n0: 0 in 1 place, below massif's threshold (1.00%)
                            n0: 0 in 1 place, below massif's threshold (1.00%)
                           n0: 504 in 1 place, below massif's threshold (1.00%)
                          n0: 326 in 1 place, below massif's threshold (1.00%)
                         n0: 0 in 1 place, below massif's threshold (1.00%)
                        n0: 178 in 1 place, below massif's threshold (1.00%)
                       n0: 0 in 1 place, below massif's threshold (1.00%)
                      n0: 0 in 1 place, below massif's threshold (1.00%)
                     n0: 622 in 1 place, below massif's threshold (1.00%)
                    n0: 104 in 1 place, below massif's threshold (1.00%)
                   n0: 696 in 1 place, below massif's threshold (1.00%)
                  n0: 1022 in 1 place, below massif's threshold (1.00%)
                 n0: 178 in 1 place, below massif's threshold (1.00%)
                n0: 0 in 1 place, below massif's threshold (1.00%)
               n0: 0 in 1 place, below massif's threshold (1.00%)
              n0: 178 in 1 place, below massif's threshold (1.00%)
             n0: 178 in 1 place, below massif's threshold (1.00%)
            n0: 0 in 1 place, below massif's threshold (1.00%)
           n0: 178 in 1 place, below massif's threshold (1.00%)
          n0: 0 in 1 place, below massif's threshold (1.00%)
         n0: 0 in 1 place, below massif's threshold (1.00%)
        n0: 0 in 1 place, below massif's threshold (1.00%)
      n0: 0 in 1 place, below massif's threshold (1.00%)
   n0: 0 in 1 place, below massif's threshold (1.00%)
  n2: 32768 0x48622B5: ksResize (in /home/jenkins/workspace/build/linux/lib/libelektra-core.so.0.8.26)
   n1: 32768 0x48632C7: ksAppend (in /home/jenkins/workspace/build/linux/lib/libelektra-core.so.0.8.26)
    n1: 32768 0x4E55E0D: ???
     n1: 32768 0x4E575FA: ???
      n0: 32768 0x1091F8: main (in /home/jenkins/workspace/build/linux/bin/benchmark_plugingetset)
   n0: 0 in 1 place, below massif's threshold (1.00%)
  n0: 0 in 1 place, below massif's threshold (1.00%)
 n1: 72704 0x4F0F454: ??? (in /usr/lib/x86_64-linux-gnu/libstdc++.so.6.0.25)
  n1: 72704 0x400F378: call_init.part.0 (dl-init.c:72)
   n1: 72704 0x400F474: _dl_init (dl-init.c:118)
    n1: 72704 0x40132D1: dl_open_worker (dl-open.c:517)
     n1: 72704 0x49B5B2D: _dl_catch_exception (dl-error-skeleton.c:196)
      n1: 72704 0x4012BB8: _dl_open (dl-open.c:599)
       n1: 72704 0x487D254: dlopen_doit (dlopen.c:66)
        n1: 72704 0x49B5B2D: _dl_catch_exception (dl-error-skeleton.c:196)
         n1: 72704 0x49B5BBD: _dl_catch_error (dl-error-skeleton.c:215)
          n1: 72704 0x487D973: _dlerror_run (dlerror.c:163)
           n1: 72704 0x487D2E4: dlopen@@GLIBC_2.2.5 (dlopen.c:87)
            n1: 72704 0x48666EB: elektraModulesLoad (in /home/jenkins/workspace/build/linux/lib/libelektra-core.so.0.8.26)
             n1: 72704 0x484FD71: elektraPluginOpen (in /home/jenkins/workspace/build/linux/lib/libelektra-kdb.so.0.8.26)
              n0: 72704 0x1091E1: main (in /home/jenkins/workspace/build/linux/bin/benchmark_plugingetset)
 n2: 18048 0x485F3A2: keyVNew (in /home/jenkins/workspace/build/linux/lib/libelektra-core.so.0.8.26)
  n1: 18048 0x4E5415F: ???
   n1: 18048 0x4E52856: ???
    n1: 18048 0x4E51BA7: ???
     n2: 18048 0x4E51A51: ???
      n1: 18048 0x4E51A51: ???
       n2: 18048 0x4E51A51: ???
        n2: 18048 0x4E51A51: ???
         n2: 18048 0x4E51A51: ???
          n2: 18048 0x4E51A51: ???
           n2: 17984 0x4E51A51: ???
            n2: 17984 0x4E51A51: ???
             n2: 17920 0x4E51A51: ???
              n2: 17856 0x4E51A51: ???
               n2: 17856 0x4E51A51: ???
                n2: 17856 0x4E51A51: ???
                 n2: 17792 0x4E51A51: ???
                  n2: 17664 0x4E51A51: ???
                   n2: 17600 0x4E51A51: ???
                    n2: 17536 0x4E51A51: ???
                     n2: 17472 0x4E51A51: ???
                      n2: 17472 0x4E51A51: ???
                       n2: 17472 0x4E51A51: ???
                        n2: 17408 0x4E51A51: ???
                         n2: 17408 0x4E51A51: ???
                          n2: 17344 0x4E51A51: ???
                           n2: 17216 0x4E51A51: ???
                            n2: 17216 0x4E51A51: ???
                             n2: 17216 0x4E51A51: ???
                              n0: 17216 0x4E51A51: ???
                              n0: 0 in 1 place, below massif's threshold (1.00%)
                             n0: 0 in 1 place, below massif's threshold (1.00%)
                            n0: 0 in 1 place, below massif's threshold (1.00%)
                           n0: 128 in 1 place, below massif's threshold (1.00%)
                          n0: 64 in 1 place, below massif's threshold (1.00%)
                         n0: 0 in 1 place, below massif's threshold (1.00%)
                        n0: 64 in 1 place, below massif's threshold (1.00%)
                       n0: 0 in 1 place, below massif's threshold (1.00%)
                      n0: 0 in 1 place, below massif's threshold (1.00%)
                     n0: 64 in 1 place, below massif's threshold (1.00%)
                    n0: 64 in 1 place, below massif's threshold (1.00%)
                   n0: 64 in 1 place, below massif's threshold (1.00%)
                  n0: 128 in 1 place, below massif's threshold (1.00%)
                 n0: 64 in 1 place, below massif's threshold (1.00%)
                n0: 0 in 1 place, below massif's threshold (1.00%)
               n0: 0 in 1 place, below massif's threshold (1.00%)
              n0: 64 in 1 place, below massif's threshold (1.00%)
             n0: 64 in 1 place, below massif's threshold (1.00%)
            n0: 0 in 1 place, below massif's threshold (1.00%)
           n0: 64 in 1 place, below massif's threshold (1.00%)
          n0: 0 in 1 place, below massif's threshold (1.00%)
         n0: 0 in 1 place, below massif's threshold (1.00%)
        n0: 0 in 1 place, below massif's threshold (1.00%)
      n0: 0 in 1 place, below massif's threshold (1.00%)
  n0: 0 in 1 place, below massif's threshold (1.00%)
 n2: 10434 0x4864946: keySetRaw (in /home/jenkins/workspace/build/linux/lib/libelektra-core.so.0.8.26)
  n2: 10434 0x48649DC: keySetString (in /home/jenkins/workspace/build/linux/lib/libelektra-core.so.0.8.26)
   n1: 10434 0x4E52795: ???
    n1: 10434 0x4E51ADF: ???
     n1: 10434 0x4E51A51: ???
      n1: 10434 0x4E51A51: ???
       n1: 10434 0x4E51A51: ???
        n1: 10434 0x4E51A51: ???
         n2: 10434 0x4E51A51: ???
          n2: 10434 0x4E51A51: ???
           n1: 10397 0x4E51A51: ???
            n2: 10397 0x4E51A51: ???
             n2: 10360 0x4E51A51: ???
              n2: 10323 0x4E51A51: ???
               n1: 10323 0x4E51A51: ???
                n2: 10323 0x4E51A51: ???
                 n2: 10286 0x4E51A51: ???
                  n2: 10212 0x4E51A51: ???
                   n2: 10175 0x4E51A51: ???
                    n2: 10138 0x4E51A51: ???
                     n2: 10101 0x4E51A51: ???
                      n1: 10101 0x4E51A51: ???
                       n2: 10101 0x4E51A51: ???
                        n2: 10064 0x4E51A51: ???
                         n2: 10064 0x4E51A51: ???
                          n2: 10027 0x4E51A51: ???
                           n2: 9953 0x4E51A51: ???
                            n2: 9953 0x4E51A51: ???
                             n2: 9953 0x4E51A51: ???
                              n0: 9953 0x4E51A51: ???
                              n0: 0 in 1 place, below massif's threshold (1.00%)
                             n0: 0 in 1 place, below massif's threshold (1.00%)
                            n0: 0 in 1 place, below massif's threshold (1.00%)
                           n0: 74 in 1 place, below massif's threshold (1.00%)
                          n0: 37 in 1 place, below massif's threshold (1.00%)
                         n0: 0 in 1 place, below massif's threshold (1.00%)
                        n0: 37 in 1 place, below massif's threshold (1.00%)
                      n0: 0 in 1 place, below massif's threshold (1.00%)
                     n0: 37 in 1 place, below massif's threshold (1.00%)
                    n0: 37 in 1 place, below massif's threshold (1.00%)
                   n0: 37 in 1 place, below massif's threshold (1.00%)
                  n0: 74 in 1 place, below massif's threshold (1.00%)
                 n0: 37 in 1 place, below massif's threshold (1.00%)
               n0: 0 in 1 place, below massif's threshold (1.00%)
              n0: 37 in 1 place, below massif's threshold (1.00%)
             n0: 37 in 1 place, below massif's threshold (1.00%)
           n0: 37 in 1 place, below massif's threshold (1.00%)
          n0: 0 in 1 place, below massif's threshold (1.00%)
   n0: 0 in 1 place, below massif's threshold (1.00%)
  n0: 0 in 1 place, below massif's threshold (1.00%)
 n1: 4064 0x400A095: do_lookup_x (dl-lookup.c:253)
  n1: 4064 0x400A38D: _dl_lookup_symbol_x (dl-lookup.c:814)
   n1: 4064 0x400BD5C: _dl_relocate_object (dl-machine.h:308)
    n1: 4064 0x401319C: dl_open_worker (dl-open.c:377)
     n1: 4064 0x49B5B2D: _dl_catch_exception (dl-error-skeleton.c:196)
      n1: 4064 0x4012BB8: _dl_open (dl-open.c:599)
       n1: 4064 0x487D254: dlopen_doit (dlopen.c:66)
        n1: 4064 0x49B5B2D: _dl_catch_exception (dl-error-skeleton.c:196)
         n1: 4064 0x49B5BBD: _dl_catch_error (dl-error-skeleton.c:215)
          n1: 4064 0x487D973: _dlerror_run (dlerror.c:163)
           n1: 4064 0x487D2E4: dlopen@@GLIBC_2.2.5 (dlopen.c:87)
            n1: 4064 0x48666EB: elektraModulesLoad (in /home/jenkins/workspace/build/linux/lib/libelektra-core.so.0.8.26)
             n1: 4064 0x484FD71: elektraPluginOpen (in /home/jenkins/workspace/build/linux/lib/libelektra-kdb.so.0.8.26)
              n0: 4064 0x1091E1: main (in /home/jenkins/workspace/build/linux/bin/benchmark_plugingetset)
 n1: 3567 0x400B2AC: _dl_new_object (dl-object.c:73)
  n1: 3567 0x4005E46: _dl_map_object_from_fd (dl-load.c:1001)
   n2: 3567 0x4008A8B: _dl_map_object (dl-load.c:2466)
    n1: 3567 0x400D290: openaux (dl-deps.c:64)
     n1: 3567 0x49B5B2D: _dl_catch_exception (dl-error-skeleton.c:196)
      n1: 3567 0x400D604: _dl_map_object_deps (dl-deps.c:248)
       n1: 3567 0x401304E: dl_open_worker (dl-open.c:271)
        n1: 3567 0x49B5B2D: _dl_catch_exception (dl-error-skeleton.c:196)
         n1: 3567 0x4012BB8: _dl_open (dl-open.c:599)
          n1: 3567 0x487D254: dlopen_doit (dlopen.c:66)
           n1: 3567 0x49B5B2D: _dl_catch_exception (dl-error-skeleton.c:196)
            n1: 3567 0x49B5BBD: _dl_catch_error (dl-error-skeleton.c:215)
             n1: 3567 0x487D973: _dlerror_run (dlerror.c:163)
              n1: 3567 0x487D2E4: dlopen@@GLIBC_2.2.5 (dlopen.c:87)
               n1: 3567 0x48666EB: elektraModulesLoad (in /home/jenkins/workspace/build/linux/lib/libelektra-core.so.0.8.26)
                n1: 3567 0x484FD71: elektraPluginOpen (in /home/jenkins/workspace/build/linux/lib/libelektra-kdb.so.0.8.26)
                 n0: 3567 0x1091E1: main (in /home/jenkins/workspace/build/linux/bin/benchmark_plugingetset)
    n0: 0 in 1 place, below massif's threshold (1.00%)
 n0: 2758 in 113 places, all below massif's threshold (1.00%)
#-----------
snapshot=62
#-----------
time=232860829
mem_heap_B=257369
mem_heap_extra_B=12415
mem_stacks_B=0
heap_tree=empty
#-----------
snapshot=63
#-----------
time=232864987
mem_heap_B=247309
mem_heap_extra_B=11371
mem_stacks_B=0
heap_tree=empty
#-----------
snapshot=64
#-----------
time=232869145
mem_heap_B=234733
mem_heap_extra_B=10379
mem_stacks_B=0
heap_tree=empty
#-----------
snapshot=65
#-----------
time=232873303
mem_heap_B=224377
mem_heap_extra_B=9343
mem_stacks_B=0
heap_tree=empty
#-----------
snapshot=66
#-----------
time=232877461
mem_heap_B=208027
mem_heap_extra_B=8333
mem_stacks_B=0
heap_tree=empty
#-----------
snapshot=67
#-----------
time=232881619
mem_heap_B=199225
mem_heap_extra_B=7263
mem_stacks_B=0
heap_tree=empty
#-----------
snapshot=68
#-----------
time=232885777
mem_heap_B=183985
mem_heap_extra_B=6295
mem_stacks_B=0
heap_tree=empty
#-----------
snapshot=69
#-----------
time=232889935
mem_heap_B=175405
mem_heap_extra_B=5259
mem_stacks_B=0
heap_tree=empty
#-----------
snapshot=70
#-----------
time=232894093
mem_heap_B=165049
mem_heap_extra_B=4207
mem_stacks_B=0
heap_tree=empty
#-----------
snapshot=71
#-----------
time=232898251
mem_heap_B=146109
mem_heap_extra_B=3163
mem_stacks_B=0
heap_tree=detailed
n8: 146109 (heap allocation functions) malloc/new/new[], --alloc-fns, etc.
 n1: 72704 0x4F0F454: ??? (in /usr/lib/x86_64-linux-gnu/libstdc++.so.6.0.25)
  n1: 72704 0x400F378: call_init.part.0 (dl-init.c:72)
   n1: 72704 0x400F474: _dl_init (dl-init.c:118)
    n1: 72704 0x40132D1: dl_open_worker (dl-open.c:517)
     n1: 72704 0x49B5B2D: _dl_catch_exception (dl-error-skeleton.c:196)
      n1: 72704 0x4012BB8: _dl_open (dl-open.c:599)
       n1: 72704 0x487D254: dlopen_doit (dlopen.c:66)
        n1: 72704 0x49B5B2D: _dl_catch_exception (dl-error-skeleton.c:196)
         n1: 72704 0x49B5BBD: _dl_catch_error (dl-error-skeleton.c:215)
          n1: 72704 0x487D973: _dlerror_run (dlerror.c:163)
           n1: 72704 0x487D2E4: dlopen@@GLIBC_2.2.5 (dlopen.c:87)
            n1: 72704 0x48666EB: elektraModulesLoad (in /home/jenkins/workspace/build/linux/lib/libelektra-core.so.0.8.26)
             n1: 72704 0x484FD71: elektraPluginOpen (in /home/jenkins/workspace/build/linux/lib/libelektra-kdb.so.0.8.26)
              n0: 72704 0x1091E1: main (in /home/jenkins/workspace/build/linux/bin/benchmark_plugingetset)
 n3: 56754 0x485EAE2: elektraRealloc (in /home/jenkins/workspace/build/linux/lib/libelektra-core.so.0.8.26)
  n2: 32768 0x48622B5: ksResize (in /home/jenkins/workspace/build/linux/lib/libelektra-core.so.0.8.26)
   n1: 32768 0x48632C7: ksAppend (in /home/jenkins/workspace/build/linux/lib/libelektra-core.so.0.8.26)
    n1: 32768 0x4E55E0D: ???
     n1: 32768 0x4E575FA: ???
      n0: 32768 0x1091F8: main (in /home/jenkins/workspace/build/linux/bin/benchmark_plugingetset)
   n0: 0 in 1 place, below massif's threshold (1.00%)
  n2: 23986 0x4860B6F: keyAddBaseName (in /home/jenkins/workspace/build/linux/lib/libelektra-core.so.0.8.26)
   n1: 23986 0x4E52883: ???
    n1: 23986 0x4E51BA7: ???
     n2: 23986 0x4E51A51: ???
      n1: 23986 0x4E51A51: ???
       n2: 23986 0x4E51A51: ???
        n2: 23986 0x4E51A51: ???
         n2: 23986 0x4E51A51: ???
          n2: 23986 0x4E51A51: ???
           n2: 23986 0x4E51A51: ???
            n2: 23986 0x4E51A51: ???
             n2: 23986 0x4E51A51: ???
              n2: 23986 0x4E51A51: ???
               n2: 23986 0x4E51A51: ???
                n2: 23986 0x4E51A51: ???
                 n2: 23986 0x4E51A51: ???
                  n2: 23986 0x4E51A51: ???
                   n2: 23986 0x4E51A51: ???
                    n2: 23986 0x4E51A51: ???
                     n2: 23986 0x4E51A51: ???
                      n2: 23986 0x4E51A51: ???
                       n2: 23986 0x4E51A51: ???
                        n2: 23986 0x4E51A51: ???
                         n2: 23986 0x4E51A51: ???
                          n2: 23986 0x4E51A51: ???
                           n2: 23808 0x4E51A51: ???
                            n2: 23808 0x4E51A51: ???
                             n2: 23808 0x4E51A51: ???
                              n0: 23808 0x4E51A51: ???
                              n0: 0 in 1 place, below massif's threshold (1.00%)
                             n0: 0 in 1 place, below massif's threshold (1.00%)
                            n0: 0 in 1 place, below massif's threshold (1.00%)
                           n0: 178 in 1 place, below massif's threshold (1.00%)
                          n0: 0 in 1 place, below massif's threshold (1.00%)
                         n0: 0 in 1 place, below massif's threshold (1.00%)
                        n0: 0 in 1 place, below massif's threshold (1.00%)
                       n0: 0 in 1 place, below massif's threshold (1.00%)
                      n0: 0 in 1 place, below massif's threshold (1.00%)
                     n0: 0 in 1 place, below massif's threshold (1.00%)
                    n0: 0 in 1 place, below massif's threshold (1.00%)
                   n0: 0 in 1 place, below massif's threshold (1.00%)
                  n0: 0 in 1 place, below massif's threshold (1.00%)
                 n0: 0 in 1 place, below massif's threshold (1.00%)
                n0: 0 in 1 place, below massif's threshold (1.00%)
               n0: 0 in 1 place, below massif's threshold (1.00%)
              n0: 0 in 1 place, below massif's threshold (1.00%)
             n0: 0 in 1 place, below massif's threshold (1.00%)
            n0: 0 in 1 place, below massif's threshold (1.00%)
           n0: 0 in 1 place, below massif's threshold (1.00%)
          n0: 0 in 1 place, below massif's threshold (1.00%)
         n0: 0 in 1 place, below massif's threshold (1.00%)
        n0: 0 in 1 place, below massif's threshold (1.00%)
      n0: 0 in 1 place, below massif's threshold (1.00%)
   n0: 0 in 1 place, below massif's threshold (1.00%)
  n0: 0 in 1 place, below massif's threshold (1.00%)
 n1: 4064 0x400A095: do_lookup_x (dl-lookup.c:253)
  n1: 4064 0x400A38D: _dl_lookup_symbol_x (dl-lookup.c:814)
   n1: 4064 0x400BD5C: _dl_relocate_object (dl-machine.h:308)
    n1: 4064 0x401319C: dl_open_worker (dl-open.c:377)
     n1: 4064 0x49B5B2D: _dl_catch_exception (dl-error-skeleton.c:196)
      n1: 4064 0x4012BB8: _dl_open (dl-open.c:599)
       n1: 4064 0x487D254: dlopen_doit (dlopen.c:66)
        n1: 4064 0x49B5B2D: _dl_catch_exception (dl-error-skeleton.c:196)
         n1: 4064 0x49B5BBD: _dl_catch_error (dl-error-skeleton.c:215)
          n1: 4064 0x487D973: _dlerror_run (dlerror.c:163)
           n1: 4064 0x487D2E4: dlopen@@GLIBC_2.2.5 (dlopen.c:87)
            n1: 4064 0x48666EB: elektraModulesLoad (in /home/jenkins/workspace/build/linux/lib/libelektra-core.so.0.8.26)
             n1: 4064 0x484FD71: elektraPluginOpen (in /home/jenkins/workspace/build/linux/lib/libelektra-kdb.so.0.8.26)
              n0: 4064 0x1091E1: main (in /home/jenkins/workspace/build/linux/bin/benchmark_plugingetset)
 n2: 3968 0x485F3A2: keyVNew (in /home/jenkins/workspace/build/linux/lib/libelektra-core.so.0.8.26)
  n1: 3968 0x4E5415F: ???
   n1: 3968 0x4E52856: ???
    n1: 3968 0x4E51BA7: ???
     n2: 3968 0x4E51A51: ???
      n1: 3968 0x4E51A51: ???
       n2: 3968 0x4E51A51: ???
        n2: 3968 0x4E51A51: ???
         n2: 3968 0x4E51A51: ???
          n2: 3968 0x4E51A51: ???
           n2: 3968 0x4E51A51: ???
            n2: 3968 0x4E51A51: ???
             n2: 3968 0x4E51A51: ???
              n2: 3968 0x4E51A51: ???
               n2: 3968 0x4E51A51: ???
                n2: 3968 0x4E51A51: ???
                 n2: 3968 0x4E51A51: ???
                  n2: 3968 0x4E51A51: ???
                   n2: 3968 0x4E51A51: ???
                    n2: 3968 0x4E51A51: ???
                     n2: 3968 0x4E51A51: ???
                      n2: 3968 0x4E51A51: ???
                       n2: 3968 0x4E51A51: ???
                        n2: 3968 0x4E51A51: ???
                         n2: 3968 0x4E51A51: ???
                          n2: 3968 0x4E51A51: ???
                           n2: 3904 0x4E51A51: ???
                            n2: 3904 0x4E51A51: ???
                             n2: 3904 0x4E51A51: ???
                              n0: 3904 0x4E51A51: ???
                              n0: 0 in 1 place, below massif's threshold (1.00%)
                             n0: 0 in 1 place, below massif's threshold (1.00%)
                            n0: 0 in 1 place, below massif's threshold (1.00%)
                           n0: 64 in 1 place, below massif's threshold (1.00%)
                          n0: 0 in 1 place, below massif's threshold (1.00%)
                         n0: 0 in 1 place, below massif's threshold (1.00%)
                        n0: 0 in 1 place, below massif's threshold (1.00%)
                       n0: 0 in 1 place, below massif's threshold (1.00%)
                      n0: 0 in 1 place, below massif's threshold (1.00%)
                     n0: 0 in 1 place, below massif's threshold (1.00%)
                    n0: 0 in 1 place, below massif's threshold (1.00%)
                   n0: 0 in 1 place, below massif's threshold (1.00%)
                  n0: 0 in 1 place, below massif's threshold (1.00%)
                 n0: 0 in 1 place, below massif's threshold (1.00%)
                n0: 0 in 1 place, below massif's threshold (1.00%)
               n0: 0 in 1 place, below massif's threshold (1.00%)
              n0: 0 in 1 place, below massif's threshold (1.00%)
             n0: 0 in 1 place, below massif's threshold (1.00%)
            n0: 0 in 1 place, below massif's threshold (1.00%)
           n0: 0 in 1 place, below massif's threshold (1.00%)
          n0: 0 in 1 place, below massif's threshold (1.00%)
         n0: 0 in 1 place, below massif's threshold (1.00%)
        n0: 0 in 1 place, below massif's threshold (1.00%)
      n0: 0 in 1 place, below massif's threshold (1.00%)
  n0: 0 in 1 place, below massif's threshold (1.00%)
 n1: 3567 0x400B2AC: _dl_new_object (dl-object.c:73)
  n1: 3567 0x4005E46: _dl_map_object_from_fd (dl-load.c:1001)
   n2: 3567 0x4008A8B: _dl_map_object (dl-load.c:2466)
    n1: 3567 0x400D290: openaux (dl-deps.c:64)
     n1: 3567 0x49B5B2D: _dl_catch_exception (dl-error-skeleton.c:196)
      n1: 3567 0x400D604: _dl_map_object_deps (dl-deps.c:248)
       n1: 3567 0x401304E: dl_open_worker (dl-open.c:271)
        n1: 3567 0x49B5B2D: _dl_catch_exception (dl-error-skeleton.c:196)
         n1: 3567 0x4012BB8: _dl_open (dl-open.c:599)
          n1: 3567 0x487D254: dlopen_doit (dlopen.c:66)
           n1: 3567 0x49B5B2D: _dl_catch_exception (dl-error-skeleton.c:196)
            n1: 3567 0x49B5BBD: _dl_catch_error (dl-error-skeleton.c:215)
             n1: 3567 0x487D973: _dlerror_run (dlerror.c:163)
              n1: 3567 0x487D2E4: dlopen@@GLIBC_2.2.5 (dlopen.c:87)
               n1: 3567 0x48666EB: elektraModulesLoad (in /home/jenkins/workspace/build/linux/lib/libelektra-core.so.0.8.26)
                n1: 3567 0x484FD71: elektraPluginOpen (in /home/jenkins/workspace/build/linux/lib/libelektra-kdb.so.0.8.26)
                 n0: 3567 0x1091E1: main (in /home/jenkins/workspace/build/linux/bin/benchmark_plugingetset)
    n0: 0 in 1 place, below massif's threshold (1.00%)
 n2: 2294 0x4864946: keySetRaw (in /home/jenkins/workspace/build/linux/lib/libelektra-core.so.0.8.26)
  n2: 2294 0x48649DC: keySetString (in /home/jenkins/workspace/build/linux/lib/libelektra-core.so.0.8.26)
   n1: 2294 0x4E52795: ???
    n1: 2294 0x4E51ADF: ???
     n1: 2294 0x4E51A51: ???
      n1: 2294 0x4E51A51: ???
       n1: 2294 0x4E51A51: ???
        n1: 2294 0x4E51A51: ???
         n2: 2294 0x4E51A51: ???
          n2: 2294 0x4E51A51: ???
           n1: 2294 0x4E51A51: ???
            n2: 2294 0x4E51A51: ???
             n2: 2294 0x4E51A51: ???
              n2: 2294 0x4E51A51: ???
               n1: 2294 0x4E51A51: ???
                n2: 2294 0x4E51A51: ???
                 n2: 2294 0x4E51A51: ???
                  n2: 2294 0x4E51A51: ???
                   n2: 2294 0x4E51A51: ???
                    n2: 2294 0x4E51A51: ???
                     n2: 2294 0x4E51A51: ???
                      n1: 2294 0x4E51A51: ???
                       n2: 2294 0x4E51A51: ???
                        n2: 2294 0x4E51A51: ???
                         n2: 2294 0x4E51A51: ???
                          n2: 2294 0x4E51A51: ???
                           n2: 2257 0x4E51A51: ???
                            n2: 2257 0x4E51A51: ???
                             n2: 2257 0x4E51A51: ???
                              n0: 2257 0x4E51A51: ???
                              n0: 0 in 1 place, below massif's threshold (1.00%)
                             n0: 0 in 1 place, below massif's threshold (1.00%)
                            n0: 0 in 1 place, below massif's threshold (1.00%)
                           n0: 37 in 1 place, below massif's threshold (1.00%)
                          n0: 0 in 1 place, below massif's threshold (1.00%)
                         n0: 0 in 1 place, below massif's threshold (1.00%)
                        n0: 0 in 1 place, below massif's threshold (1.00%)
                      n0: 0 in 1 place, below massif's threshold (1.00%)
                     n0: 0 in 1 place, below massif's threshold (1.00%)
                    n0: 0 in 1 place, below massif's threshold (1.00%)
                   n0: 0 in 1 place, below massif's threshold (1.00%)
                  n0: 0 in 1 place, below massif's threshold (1.00%)
                 n0: 0 in 1 place, below massif's threshold (1.00%)
               n0: 0 in 1 place, below massif's threshold (1.00%)
              n0: 0 in 1 place, below massif's threshold (1.00%)
             n0: 0 in 1 place, below massif's threshold (1.00%)
           n0: 0 in 1 place, below massif's threshold (1.00%)
          n0: 0 in 1 place, below massif's threshold (1.00%)
   n0: 0 in 1 place, below massif's threshold (1.00%)
  n0: 0 in 1 place, below massif's threshold (1.00%)
 n1: 2064 0x4010A1E: _dl_check_map_versions (dl-version.c:274)
  n1: 2064 0x4013094: dl_open_worker (dl-open.c:277)
   n1: 2064 0x49B5B2D: _dl_catch_exception (dl-error-skeleton.c:196)
    n1: 2064 0x4012BB8: _dl_open (dl-open.c:599)
     n1: 2064 0x487D254: dlopen_doit (dlopen.c:66)
      n1: 2064 0x49B5B2D: _dl_catch_exception (dl-error-skeleton.c:196)
       n1: 2064 0x49B5BBD: _dl_catch_error (dl-error-skeleton.c:215)
        n1: 2064 0x487D973: _dlerror_run (dlerror.c:163)
         n1: 2064 0x487D2E4: dlopen@@GLIBC_2.2.5 (dlopen.c:87)
          n1: 2064 0x48666EB: elektraModulesLoad (in /home/jenkins/workspace/build/linux/lib/libelektra-core.so.0.8.26)
           n1: 2064 0x484FD71: elektraPluginOpen (in /home/jenkins/workspace/build/linux/lib/libelektra-kdb.so.0.8.26)
            n0: 2064 0x1091E1: main (in /home/jenkins/workspace/build/linux/bin/benchmark_plugingetset)
 n0: 694 in 112 places, all below massif's threshold (1.00%)
#-----------
snapshot=72
#-----------
time=232902409
mem_heap_B=133311
mem_heap_extra_B=2185
mem_stacks_B=0
heap_tree=empty
#-----------
snapshot=73
#-----------
time=232906567
mem_heap_B=124065
mem_heap_extra_B=1143
mem_stacks_B=0
heap_tree=empty
#-----------
snapshot=74
#-----------
time=232916828
mem_heap_B=82897
mem_heap_extra_B=255
mem_stacks_B=0
heap_tree=empty
