desc: --massif-out-file=results/generated_10000_yawn_linux_gcc8.3.0.out
cmd: build/linux/bin/benchmark_plugingetset benchmarks/data/generated_10000 user yawn get
time_unit: i
#-----------
snapshot=0
#-----------
time=0
mem_heap_B=0
mem_heap_extra_B=0
mem_stacks_B=0
heap_tree=empty
#-----------
snapshot=1
#-----------
time=3223050
mem_heap_B=17423
mem_heap_extra_B=569
mem_stacks_B=0
heap_tree=empty
#-----------
snapshot=2
#-----------
time=6716680
mem_heap_B=10089144
mem_heap_extra_B=1168
mem_stacks_B=0
heap_tree=empty
#-----------
snapshot=3
#-----------
time=28743670
mem_heap_B=10089144
mem_heap_extra_B=1168
mem_stacks_B=0
heap_tree=detailed
n4: 10089144 (heap allocation functions) malloc/new/new[], --alloc-fns, etc.
 n1: 8990524 0x4E4C1D0: ???
  n1: 8990524 0x4E4B7A8: ???
   n1: 8990524 0x4E4FD58: ???
    n1: 8990524 0x4E55D11: ???
     n1: 8990524 0x4E575FA: ???
      n0: 8990524 0x1091F8: main (in /home/jenkins/workspace/build/linux/bin/benchmark_plugingetset)
 n1: 524289 0x4F9E2AB: std::__cxx11::basic_string<char, std::char_traits<char>, std::allocator<char> >::reserve(unsigned long) (in /usr/lib/x86_64-linux-gnu/libstdc++.so.6.0.25)
  n1: 524289 0x4F92723: std::__cxx11::basic_stringbuf<char, std::char_traits<char>, std::allocator<char> >::overflow(int) (in /usr/lib/x86_64-linux-gnu/libstdc++.so.6.0.25)
   n1: 524289 0x4F9C8A9: std::basic_streambuf<char, std::char_traits<char> >::xsputn(char const*, long) (in /usr/lib/x86_64-linux-gnu/libstdc++.so.6.0.25)
    n1: 524289 0x4F2B8B3: long std::__copy_streambufs_eof<char, std::char_traits<char> >(std::basic_streambuf<char, std::char_traits<char> >*, std::basic_streambuf<char, std::char_traits<char> >*, bool&) (in /usr/lib/x86_64-linux-gnu/libstdc++.so.6.0.25)
     n1: 524289 0x4F8D416: std::ostream::operator<<(std::basic_streambuf<char, std::char_traits<char> >*) (in /usr/lib/x86_64-linux-gnu/libstdc++.so.6.0.25)
      n1: 524289 0x4E4B41D: ???
       n1: 524289 0x4E4FD58: ???
        n1: 524289 0x4E55D11: ???
         n1: 524289 0x4E575FA: ???
          n0: 524289 0x1091F8: main (in /home/jenkins/workspace/build/linux/bin/benchmark_plugingetset)
 n1: 449527 0x4F9DDC9: std::__cxx11::basic_string<char, std::char_traits<char>, std::allocator<char> >::_M_mutate(unsigned long, unsigned long, char const*, unsigned long) (in /usr/lib/x86_64-linux-gnu/libstdc++.so.6.0.25)
  n1: 449527 0x4F9EB79: std::__cxx11::basic_string<char, std::char_traits<char>, std::allocator<char> >::_M_replace(unsigned long, unsigned long, char const*, unsigned long) (in /usr/lib/x86_64-linux-gnu/libstdc++.so.6.0.25)
   n1: 449527 0x4E4B6FD: ???
    n1: 449527 0x4E4FD58: ???
     n1: 449527 0x4E55D11: ???
      n1: 449527 0x4E575FA: ???
       n0: 449527 0x1091F8: main (in /home/jenkins/workspace/build/linux/bin/benchmark_plugingetset)
 n0: 124804 in 48 places, all below massif's threshold (1.00%)
#-----------
snapshot=4
#-----------
time=28747825
mem_heap_B=9117272
mem_heap_extra_B=1224
mem_stacks_B=0
heap_tree=empty
#-----------
snapshot=5
#-----------
time=41334940
mem_heap_B=11364903
mem_heap_extra_B=1233
mem_stacks_B=0
heap_tree=detailed
n3: 11364903 (heap allocation functions) malloc/new/new[], --alloc-fns, etc.
 n1: 8990524 0x4E4C1D0: ???
  n1: 8990524 0x4E4B7A8: ???
   n1: 8990524 0x4E4FD58: ???
    n1: 8990524 0x4E55D11: ???
     n1: 8990524 0x4E575FA: ???
      n0: 8990524 0x1091F8: main (in /home/jenkins/workspace/build/linux/bin/benchmark_plugingetset)
 n2: 2247631 0x4F9DDC9: std::__cxx11::basic_string<char, std::char_traits<char>, std::allocator<char> >::_M_mutate(unsigned long, unsigned long, char const*, unsigned long) (in /usr/lib/x86_64-linux-gnu/libstdc++.so.6.0.25)
  n2: 2247631 0x4F9E7CE: std::__cxx11::basic_string<char, std::char_traits<char>, std::allocator<char> >::_M_replace_aux(unsigned long, unsigned long, unsigned long, char) (in /usr/lib/x86_64-linux-gnu/libstdc++.so.6.0.25)
   n1: 2247631 0x4E4ACA3: ???
    n1: 2247631 0x4E4E707: ???
     n1: 2247631 0x4E55D2A: ???
      n1: 2247631 0x4E575FA: ???
       n0: 2247631 0x1091F8: main (in /home/jenkins/workspace/build/linux/bin/benchmark_plugingetset)
   n0: 0 in 1 place, below massif's threshold (1.00%)
  n0: 0 in 1 place, below massif's threshold (1.00%)
 n0: 126748 in 59 places, all below massif's threshold (1.00%)
#-----------
snapshot=6
#-----------
time=46489414
mem_heap_B=9930346
mem_heap_extra_B=48670
mem_stacks_B=0
heap_tree=empty
#-----------
snapshot=7
#-----------
time=52359823
mem_heap_B=10182065
mem_heap_extra_B=107327
mem_stacks_B=0
heap_tree=empty
#-----------
snapshot=8
#-----------
time=56091560
mem_heap_B=10339510
mem_heap_extra_B=144178
mem_stacks_B=0
heap_tree=empty
#-----------
snapshot=9
#-----------
time=60693164
mem_heap_B=10541332
mem_heap_extra_B=190980
mem_stacks_B=0
heap_tree=empty
#-----------
snapshot=10
#-----------
time=63603130
mem_heap_B=10745947
mem_heap_extra_B=220117
mem_stacks_B=0
heap_tree=empty
#-----------
snapshot=11
#-----------
time=67082134
mem_heap_B=10896114
mem_heap_extra_B=255126
mem_stacks_B=0
heap_tree=empty
#-----------
snapshot=12
#-----------
time=71045519
mem_heap_B=11066246
mem_heap_extra_B=294442
mem_stacks_B=0
heap_tree=empty
#-----------
snapshot=13
#-----------
time=75448959
mem_heap_B=11373285
mem_heap_extra_B=338267
mem_stacks_B=0
heap_tree=empty
#-----------
snapshot=14
#-----------
time=81801670
mem_heap_B=11650596
mem_heap_extra_B=402860
mem_stacks_B=0
heap_tree=detailed
n13: 11650596 (heap allocation functions) malloc/new/new[], --alloc-fns, etc.
 n1: 8990524 0x4E4C1D0: ???
  n1: 8990524 0x4E4B7A8: ???
   n1: 8990524 0x4E4FD58: ???
    n1: 8990524 0x4E55D11: ???
     n1: 8990524 0x4E575FA: ???
      n0: 8990524 0x1091F8: main (in /home/jenkins/workspace/build/linux/bin/benchmark_plugingetset)
 n2: 449572 0x4F9DD1D: std::__cxx11::basic_string<char, std::char_traits<char>, std::allocator<char> >::_M_assign(std::__cxx11::basic_string<char, std::char_traits<char>, std::allocator<char> > const&) (in /usr/lib/x86_64-linux-gnu/libstdc++.so.6.0.25)
  n1: 449527 0x4E4D42E: ???
   n1: 449527 0x4E55D4A: ???
    n1: 449527 0x4E575FA: ???
     n0: 449527 0x1091F8: main (in /home/jenkins/workspace/build/linux/bin/benchmark_plugingetset)
  n0: 45 in 1 place, below massif's threshold (1.00%)
 n1: 360049 0x4E65CB8: ???
  n2: 360049 0x4E6645E: ???
   n1: 360049 0x4E5FC7A: ???
    n1: 360049 0x4E55DAA: ???
     n1: 360049 0x4E575FA: ???
      n0: 360049 0x1091F8: main (in /home/jenkins/workspace/build/linux/bin/benchmark_plugingetset)
   n0: 0 in 1 place, below massif's threshold (1.00%)
 n1: 290736 0x4E4E502: ???
  n0: 290736 in 3 places, all below massif's threshold (1.00%)
 n1: 290664 0x4E4F6F7: ???
  n1: 290664 0x4E5017E: ???
   n1: 290664 0x4E5FC04: ???
    n1: 290664 0x4E55DAA: ???
     n1: 290664 0x4E575FA: ???
      n0: 290664 0x1091F8: main (in /home/jenkins/workspace/build/linux/bin/benchmark_plugingetset)
 n1: 204408 0x4E4F9A7: ???
  n1: 204408 0x4E5017E: ???
   n1: 204408 0x4E5FC04: ???
    n1: 204408 0x4E55DAA: ???
     n1: 204408 0x4E575FA: ???
      n0: 204408 0x1091F8: main (in /home/jenkins/workspace/build/linux/bin/benchmark_plugingetset)
 n1: 203544 0x4E4E82B: ???
  n1: 203544 0x4E4FC65: ???
   n1: 203544 0x4E5017E: ???
    n1: 203544 0x4E5FC04: ???
     n1: 203544 0x4E55DAA: ???
      n1: 203544 0x4E575FA: ???
       n0: 203544 0x1091F8: main (in /home/jenkins/workspace/build/linux/bin/benchmark_plugingetset)
 n1: 200604 0x4E4C7DE: ???
  n0: 200604 in 3 places, all below massif's threshold (1.00%)
 n1: 151552 0x4E50432: ???
  n1: 151552 0x4E5FC04: ???
   n1: 151552 0x4E55DAA: ???
    n1: 151552 0x4E575FA: ???
     n0: 151552 0x1091F8: main (in /home/jenkins/workspace/build/linux/bin/benchmark_plugingetset)
 n0: 132023 in 67 places, all below massif's threshold (1.00%)
 n2: 126864 0x4E4EC31: ???
  n1: 126792 0x4E5017E: ???
   n1: 126792 0x4E5FC04: ???
    n1: 126792 0x4E55DAA: ???
     n1: 126792 0x4E575FA: ???
      n0: 126792 0x1091F8: main (in /home/jenkins/workspace/build/linux/bin/benchmark_plugingetset)
  n0: 72 in 1 place, below massif's threshold (1.00%)
 n1: 125496 0x4E4F0A2: ???
  n1: 125496 0x4E5017E: ???
   n1: 125496 0x4E5FC04: ???
    n1: 125496 0x4E55DAA: ???
     n1: 125496 0x4E575FA: ???
      n0: 125496 0x1091F8: main (in /home/jenkins/workspace/build/linux/bin/benchmark_plugingetset)
 n1: 124560 0x4E4EF1F: ???
  n1: 124560 0x4E5017E: ???
   n1: 124560 0x4E5FC04: ???
    n1: 124560 0x4E55DAA: ???
     n1: 124560 0x4E575FA: ???
      n0: 124560 0x1091F8: main (in /home/jenkins/workspace/build/linux/bin/benchmark_plugingetset)
#-----------
snapshot=15
#-----------
time=86270841
mem_heap_B=11847443
mem_heap_extra_B=448693
mem_stacks_B=0
heap_tree=detailed
n13: 11847443 (heap allocation functions) malloc/new/new[], --alloc-fns, etc.
 n1: 8990524 0x4E4C1D0: ???
  n1: 8990524 0x4E4B7A8: ???
   n1: 8990524 0x4E4FD58: ???
    n1: 8990524 0x4E55D11: ???
     n1: 8990524 0x4E575FA: ???
      n0: 8990524 0x1091F8: main (in /home/jenkins/workspace/build/linux/bin/benchmark_plugingetset)
 n2: 449572 0x4F9DD1D: std::__cxx11::basic_string<char, std::char_traits<char>, std::allocator<char> >::_M_assign(std::__cxx11::basic_string<char, std::char_traits<char>, std::allocator<char> > const&) (in /usr/lib/x86_64-linux-gnu/libstdc++.so.6.0.25)
  n1: 449527 0x4E4D42E: ???
   n1: 449527 0x4E55D4A: ???
    n1: 449527 0x4E575FA: ???
     n0: 449527 0x1091F8: main (in /home/jenkins/workspace/build/linux/bin/benchmark_plugingetset)
  n0: 45 in 1 place, below massif's threshold (1.00%)
 n1: 360049 0x4E65CB8: ???
  n2: 360049 0x4E6645E: ???
   n1: 360049 0x4E5FC7A: ???
    n1: 360049 0x4E55DAA: ???
     n1: 360049 0x4E575FA: ???
      n0: 360049 0x1091F8: main (in /home/jenkins/workspace/build/linux/bin/benchmark_plugingetset)
   n0: 0 in 1 place, below massif's threshold (1.00%)
 n1: 323856 0x4E4E502: ???
  n0: 323856 in 3 places, all below massif's threshold (1.00%)
 n1: 323784 0x4E4F6F7: ???
  n1: 323784 0x4E5017E: ???
   n1: 323784 0x4E5FC04: ???
    n1: 323784 0x4E55DAA: ???
     n1: 323784 0x4E575FA: ???
      n0: 323784 0x1091F8: main (in /home/jenkins/workspace/build/linux/bin/benchmark_plugingetset)
 n1: 228024 0x4E4F9A7: ???
  n1: 228024 0x4E5017E: ???
   n1: 228024 0x4E5FC04: ???
    n1: 228024 0x4E55DAA: ???
     n1: 228024 0x4E575FA: ???
      n0: 228024 0x1091F8: main (in /home/jenkins/workspace/build/linux/bin/benchmark_plugingetset)
 n1: 227664 0x4E4E82B: ???
  n1: 227664 0x4E4FC65: ???
   n1: 227664 0x4E5017E: ???
    n1: 227664 0x4E5FC04: ???
     n1: 227664 0x4E55DAA: ???
      n1: 227664 0x4E575FA: ???
       n0: 227664 0x1091F8: main (in /home/jenkins/workspace/build/linux/bin/benchmark_plugingetset)
 n1: 223371 0x4E4C7DE: ???
  n0: 223371 in 3 places, all below massif's threshold (1.00%)
 n1: 168960 0x4E50432: ???
  n1: 168960 0x4E5FC04: ???
   n1: 168960 0x4E55DAA: ???
    n1: 168960 0x4E575FA: ???
     n0: 168960 0x1091F8: main (in /home/jenkins/workspace/build/linux/bin/benchmark_plugingetset)
 n1: 140688 0x4E4F0A2: ???
  n1: 140688 0x4E5017E: ???
   n1: 140688 0x4E5FC04: ???
    n1: 140688 0x4E55DAA: ???
     n1: 140688 0x4E575FA: ???
      n0: 140688 0x1091F8: main (in /home/jenkins/workspace/build/linux/bin/benchmark_plugingetset)
 n2: 139824 0x4E4EC31: ???
  n1: 139752 0x4E5017E: ???
   n1: 139752 0x4E5FC04: ???
    n1: 139752 0x4E55DAA: ???
     n1: 139752 0x4E575FA: ???
      n0: 139752 0x1091F8: main (in /home/jenkins/workspace/build/linux/bin/benchmark_plugingetset)
  n0: 72 in 1 place, below massif's threshold (1.00%)
 n1: 139104 0x4E4EF1F: ???
  n1: 139104 0x4E5017E: ???
   n1: 139104 0x4E5FC04: ???
    n1: 139104 0x4E55DAA: ???
     n1: 139104 0x4E575FA: ???
      n0: 139104 0x1091F8: main (in /home/jenkins/workspace/build/linux/bin/benchmark_plugingetset)
 n0: 132023 in 67 places, all below massif's threshold (1.00%)
#-----------
snapshot=16
#-----------
time=91560862
mem_heap_B=12252169
mem_heap_extra_B=501199
mem_stacks_B=0
heap_tree=detailed
n13: 12252169 (heap allocation functions) malloc/new/new[], --alloc-fns, etc.
 n1: 8990524 0x4E4C1D0: ???
  n1: 8990524 0x4E4B7A8: ???
   n1: 8990524 0x4E4FD58: ???
    n1: 8990524 0x4E55D11: ???
     n1: 8990524 0x4E575FA: ???
      n0: 8990524 0x1091F8: main (in /home/jenkins/workspace/build/linux/bin/benchmark_plugingetset)
 n1: 540097 0x4E65CB8: ???
  n2: 540097 0x4E6645E: ???
   n1: 540097 0x4E5FC7A: ???
    n1: 540097 0x4E55DAA: ???
     n1: 540097 0x4E575FA: ???
      n0: 540097 0x1091F8: main (in /home/jenkins/workspace/build/linux/bin/benchmark_plugingetset)
   n0: 0 in 1 place, below massif's threshold (1.00%)
 n2: 449572 0x4F9DD1D: std::__cxx11::basic_string<char, std::char_traits<char>, std::allocator<char> >::_M_assign(std::__cxx11::basic_string<char, std::char_traits<char>, std::allocator<char> > const&) (in /usr/lib/x86_64-linux-gnu/libstdc++.so.6.0.25)
  n1: 449527 0x4E4D42E: ???
   n1: 449527 0x4E55D4A: ???
    n1: 449527 0x4E575FA: ???
     n0: 449527 0x1091F8: main (in /home/jenkins/workspace/build/linux/bin/benchmark_plugingetset)
  n0: 45 in 1 place, below massif's threshold (1.00%)
 n1: 361872 0x4E4E502: ???
  n0: 361872 in 3 places, all below massif's threshold (1.00%)
 n1: 361800 0x4E4F6F7: ???
  n1: 361800 0x4E5017E: ???
   n1: 361800 0x4E5FC04: ???
    n1: 361800 0x4E55DAA: ???
     n1: 361800 0x4E575FA: ???
      n0: 361800 0x1091F8: main (in /home/jenkins/workspace/build/linux/bin/benchmark_plugingetset)
 n1: 254160 0x4E4F9A7: ???
  n1: 254160 0x4E5017E: ???
   n1: 254160 0x4E5FC04: ???
    n1: 254160 0x4E55DAA: ???
     n1: 254160 0x4E575FA: ???
      n0: 254160 0x1091F8: main (in /home/jenkins/workspace/build/linux/bin/benchmark_plugingetset)
 n1: 253872 0x4E4E82B: ???
  n1: 253872 0x4E4FC65: ???
   n1: 253872 0x4E5017E: ???
    n1: 253872 0x4E5FC04: ???
     n1: 253872 0x4E55DAA: ???
      n1: 253872 0x4E575FA: ???
       n0: 253872 0x1091F8: main (in /home/jenkins/workspace/build/linux/bin/benchmark_plugingetset)
 n1: 249881 0x4E4C7DE: ???
  n0: 249881 in 3 places, all below massif's threshold (1.00%)
 n1: 188928 0x4E50432: ???
  n1: 188928 0x4E5FC04: ???
   n1: 188928 0x4E55DAA: ???
    n1: 188928 0x4E575FA: ???
     n0: 188928 0x1091F8: main (in /home/jenkins/workspace/build/linux/bin/benchmark_plugingetset)
 n2: 157032 0x4E4EC31: ???
  n1: 156960 0x4E5017E: ???
   n1: 156960 0x4E5FC04: ???
    n1: 156960 0x4E55DAA: ???
     n1: 156960 0x4E575FA: ???
      n0: 156960 0x1091F8: main (in /home/jenkins/workspace/build/linux/bin/benchmark_plugingetset)
  n0: 72 in 1 place, below massif's threshold (1.00%)
 n1: 156528 0x4E4F0A2: ???
  n1: 156528 0x4E5017E: ???
   n1: 156528 0x4E5FC04: ???
    n1: 156528 0x4E55DAA: ???
     n1: 156528 0x4E575FA: ???
      n0: 156528 0x1091F8: main (in /home/jenkins/workspace/build/linux/bin/benchmark_plugingetset)
 n1: 155880 0x4E4EF1F: ???
  n1: 155880 0x4E5017E: ???
   n1: 155880 0x4E5FC04: ???
    n1: 155880 0x4E55DAA: ???
     n1: 155880 0x4E575FA: ???
      n0: 155880 0x1091F8: main (in /home/jenkins/workspace/build/linux/bin/benchmark_plugingetset)
 n0: 132023 in 67 places, all below massif's threshold (1.00%)
#-----------
snapshot=17
#-----------
time=95923712
mem_heap_B=12442266
mem_heap_extra_B=545582
mem_stacks_B=0
heap_tree=empty
#-----------
snapshot=18
#-----------
time=98849855
mem_heap_B=12565945
mem_heap_extra_B=574495
mem_stacks_B=0
heap_tree=detailed
n13: 12565945 (heap allocation functions) malloc/new/new[], --alloc-fns, etc.
 n1: 8990524 0x4E4C1D0: ???
  n1: 8990524 0x4E4B7A8: ???
   n1: 8990524 0x4E4FD58: ???
    n1: 8990524 0x4E55D11: ???
     n1: 8990524 0x4E575FA: ???
      n0: 8990524 0x1091F8: main (in /home/jenkins/workspace/build/linux/bin/benchmark_plugingetset)
 n1: 540097 0x4E65CB8: ???
  n2: 540097 0x4E6645E: ???
   n1: 540097 0x4E5FC7A: ???
    n1: 540097 0x4E55DAA: ???
     n1: 540097 0x4E575FA: ???
      n0: 540097 0x1091F8: main (in /home/jenkins/workspace/build/linux/bin/benchmark_plugingetset)
   n0: 0 in 1 place, below massif's threshold (1.00%)
 n2: 449572 0x4F9DD1D: std::__cxx11::basic_string<char, std::char_traits<char>, std::allocator<char> >::_M_assign(std::__cxx11::basic_string<char, std::char_traits<char>, std::allocator<char> > const&) (in /usr/lib/x86_64-linux-gnu/libstdc++.so.6.0.25)
  n1: 449527 0x4E4D42E: ???
   n1: 449527 0x4E55D4A: ???
    n1: 449527 0x4E575FA: ???
     n0: 449527 0x1091F8: main (in /home/jenkins/workspace/build/linux/bin/benchmark_plugingetset)
  n0: 45 in 1 place, below massif's threshold (1.00%)
 n3: 414864 0x4E4E502: ???
  n1: 139536 0x4E4F03B: ???
   n1: 139536 0x4E5017E: ???
    n1: 139536 0x4E5FC04: ???
     n1: 139536 0x4E55DAA: ???
      n1: 139536 0x4E575FA: ???
       n0: 139536 0x1091F8: main (in /home/jenkins/workspace/build/linux/bin/benchmark_plugingetset)
  n2: 138240 0x4E4EBD2: ???
   n1: 138168 0x4E5017E: ???
    n1: 138168 0x4E5FC04: ???
     n1: 138168 0x4E55DAA: ???
      n1: 138168 0x4E575FA: ???
       n0: 138168 0x1091F8: main (in /home/jenkins/workspace/build/linux/bin/benchmark_plugingetset)
   n0: 72 in 1 place, below massif's threshold (1.00%)
  n1: 137088 0x4E4EECB: ???
   n1: 137088 0x4E5017E: ???
    n1: 137088 0x4E5FC04: ???
     n1: 137088 0x4E55DAA: ???
      n1: 137088 0x4E575FA: ???
       n0: 137088 0x1091F8: main (in /home/jenkins/workspace/build/linux/bin/benchmark_plugingetset)
 n1: 414792 0x4E4F6F7: ???
  n1: 414792 0x4E5017E: ???
   n1: 414792 0x4E5FC04: ???
    n1: 414792 0x4E55DAA: ???
     n1: 414792 0x4E575FA: ???
      n0: 414792 0x1091F8: main (in /home/jenkins/workspace/build/linux/bin/benchmark_plugingetset)
 n1: 291528 0x4E4F9A7: ???
  n1: 291528 0x4E5017E: ???
   n1: 291528 0x4E5FC04: ???
    n1: 291528 0x4E55DAA: ???
     n1: 291528 0x4E575FA: ???
      n0: 291528 0x1091F8: main (in /home/jenkins/workspace/build/linux/bin/benchmark_plugingetset)
 n1: 291384 0x4E4E82B: ???
  n1: 291384 0x4E4FC65: ???
   n1: 291384 0x4E5017E: ???
    n1: 291384 0x4E5FC04: ???
     n1: 291384 0x4E55DAA: ???
      n1: 291384 0x4E575FA: ???
       n0: 291384 0x1091F8: main (in /home/jenkins/workspace/build/linux/bin/benchmark_plugingetset)
 n1: 286475 0x4E4C7DE: ???
  n0: 286475 in 3 places, all below massif's threshold (1.00%)
 n1: 216576 0x4E50432: ???
  n1: 216576 0x4E5FC04: ???
   n1: 216576 0x4E55DAA: ???
    n1: 216576 0x4E575FA: ???
     n0: 216576 0x1091F8: main (in /home/jenkins/workspace/build/linux/bin/benchmark_plugingetset)
 n1: 179856 0x4E4F0A2: ???
  n1: 179856 0x4E5017E: ???
   n1: 179856 0x4E5FC04: ???
    n1: 179856 0x4E55DAA: ???
     n1: 179856 0x4E575FA: ???
      n0: 179856 0x1091F8: main (in /home/jenkins/workspace/build/linux/bin/benchmark_plugingetset)
 n1: 179208 0x4E4EF1F: ???
  n1: 179208 0x4E5017E: ???
   n1: 179208 0x4E5FC04: ???
    n1: 179208 0x4E55DAA: ???
     n1: 179208 0x4E575FA: ???
      n0: 179208 0x1091F8: main (in /home/jenkins/workspace/build/linux/bin/benchmark_plugingetset)
 n2: 179064 0x4E4EC31: ???
  n1: 178992 0x4E5017E: ???
   n1: 178992 0x4E5FC04: ???
    n1: 178992 0x4E55DAA: ???
     n1: 178992 0x4E575FA: ???
      n0: 178992 0x1091F8: main (in /home/jenkins/workspace/build/linux/bin/benchmark_plugingetset)
  n0: 72 in 1 place, below massif's threshold (1.00%)
 n0: 132005 in 67 places, all below massif's threshold (1.00%)
#-----------
snapshot=19
#-----------
time=103779358
mem_heap_B=12781425
mem_heap_extra_B=623655
mem_stacks_B=0
heap_tree=detailed
n13: 12781425 (heap allocation functions) malloc/new/new[], --alloc-fns, etc.
 n1: 8990524 0x4E4C1D0: ???
  n1: 8990524 0x4E4B7A8: ???
   n1: 8990524 0x4E4FD58: ???
    n1: 8990524 0x4E55D11: ???
     n1: 8990524 0x4E575FA: ???
      n0: 8990524 0x1091F8: main (in /home/jenkins/workspace/build/linux/bin/benchmark_plugingetset)
 n1: 540097 0x4E65CB8: ???
  n2: 540097 0x4E6645E: ???
   n1: 540097 0x4E5FC7A: ???
    n1: 540097 0x4E55DAA: ???
     n1: 540097 0x4E575FA: ???
      n0: 540097 0x1091F8: main (in /home/jenkins/workspace/build/linux/bin/benchmark_plugingetset)
   n0: 0 in 1 place, below massif's threshold (1.00%)
 n3: 450504 0x4E4E502: ???
  n1: 151632 0x4E4F03B: ???
   n1: 151632 0x4E5017E: ???
    n1: 151632 0x4E5FC04: ???
     n1: 151632 0x4E55DAA: ???
      n1: 151632 0x4E575FA: ???
       n0: 151632 0x1091F8: main (in /home/jenkins/workspace/build/linux/bin/benchmark_plugingetset)
  n1: 149544 0x4E4EECB: ???
   n1: 149544 0x4E5017E: ???
    n1: 149544 0x4E5FC04: ???
     n1: 149544 0x4E55DAA: ???
      n1: 149544 0x4E575FA: ???
       n0: 149544 0x1091F8: main (in /home/jenkins/workspace/build/linux/bin/benchmark_plugingetset)
  n2: 149328 0x4E4EBD2: ???
   n1: 149256 0x4E5017E: ???
    n1: 149256 0x4E5FC04: ???
     n1: 149256 0x4E55DAA: ???
      n1: 149256 0x4E575FA: ???
       n0: 149256 0x1091F8: main (in /home/jenkins/workspace/build/linux/bin/benchmark_plugingetset)
   n0: 72 in 1 place, below massif's threshold (1.00%)
 n1: 450432 0x4E4F6F7: ???
  n1: 450432 0x4E5017E: ???
   n1: 450432 0x4E5FC04: ???
    n1: 450432 0x4E55DAA: ???
     n1: 450432 0x4E575FA: ???
      n0: 450432 0x1091F8: main (in /home/jenkins/workspace/build/linux/bin/benchmark_plugingetset)
 n2: 449572 0x4F9DD1D: std::__cxx11::basic_string<char, std::char_traits<char>, std::allocator<char> >::_M_assign(std::__cxx11::basic_string<char, std::char_traits<char>, std::allocator<char> > const&) (in /usr/lib/x86_64-linux-gnu/libstdc++.so.6.0.25)
  n1: 449527 0x4E4D42E: ???
   n1: 449527 0x4E55D4A: ???
    n1: 449527 0x4E575FA: ???
     n0: 449527 0x1091F8: main (in /home/jenkins/workspace/build/linux/bin/benchmark_plugingetset)
  n0: 45 in 1 place, below massif's threshold (1.00%)
 n1: 315864 0x4E4F9A7: ???
  n1: 315864 0x4E5017E: ???
   n1: 315864 0x4E5FC04: ???
    n1: 315864 0x4E55DAA: ???
     n1: 315864 0x4E575FA: ???
      n0: 315864 0x1091F8: main (in /home/jenkins/workspace/build/linux/bin/benchmark_plugingetset)
 n1: 315720 0x4E4E82B: ???
  n1: 315720 0x4E4FC65: ???
   n1: 315720 0x4E5017E: ???
    n1: 315720 0x4E5FC04: ???
     n1: 315720 0x4E55DAA: ???
      n1: 315720 0x4E575FA: ???
       n0: 315720 0x1091F8: main (in /home/jenkins/workspace/build/linux/bin/benchmark_plugingetset)
 n1: 311489 0x4E4C7DE: ???
  n0: 311489 in 3 places, all below massif's threshold (1.00%)
 n1: 235008 0x4E50432: ???
  n1: 235008 0x4E5FC04: ???
   n1: 235008 0x4E55DAA: ???
    n1: 235008 0x4E575FA: ???
     n0: 235008 0x1091F8: main (in /home/jenkins/workspace/build/linux/bin/benchmark_plugingetset)
 n1: 196128 0x4E4F0A2: ???
  n1: 196128 0x4E5017E: ???
   n1: 196128 0x4E5FC04: ???
    n1: 196128 0x4E55DAA: ???
     n1: 196128 0x4E575FA: ???
      n0: 196128 0x1091F8: main (in /home/jenkins/workspace/build/linux/bin/benchmark_plugingetset)
 n1: 194976 0x4E4EF1F: ???
  n1: 194976 0x4E5017E: ???
   n1: 194976 0x4E5FC04: ???
    n1: 194976 0x4E55DAA: ???
     n1: 194976 0x4E575FA: ???
      n0: 194976 0x1091F8: main (in /home/jenkins/workspace/build/linux/bin/benchmark_plugingetset)
 n2: 193968 0x4E4EC31: ???
  n1: 193896 0x4E5017E: ???
   n1: 193896 0x4E5FC04: ???
    n1: 193896 0x4E55DAA: ???
     n1: 193896 0x4E575FA: ???
      n0: 193896 0x1091F8: main (in /home/jenkins/workspace/build/linux/bin/benchmark_plugingetset)
  n0: 72 in 1 place, below massif's threshold (1.00%)
 n0: 137143 in 67 places, all below massif's threshold (1.00%)
#-----------
snapshot=20
#-----------
time=108509956
mem_heap_B=12987202
mem_heap_extra_B=671486
mem_stacks_B=0
heap_tree=empty
#-----------
snapshot=21
#-----------
time=112854273
mem_heap_B=13444444
mem_heap_extra_B=715252
mem_stacks_B=0
heap_tree=detailed
n13: 13444444 (heap allocation functions) malloc/new/new[], --alloc-fns, etc.
 n1: 8990524 0x4E4C1D0: ???
  n1: 8990524 0x4E4B7A8: ???
   n1: 8990524 0x4E4FD58: ???
    n1: 8990524 0x4E55D11: ???
     n1: 8990524 0x4E575FA: ???
      n0: 8990524 0x1091F8: main (in /home/jenkins/workspace/build/linux/bin/benchmark_plugingetset)
 n1: 810169 0x4E65CB8: ???
  n2: 810169 0x4E6645E: ???
   n1: 810169 0x4E5FC7A: ???
    n1: 810169 0x4E55DAA: ???
     n1: 810169 0x4E575FA: ???
      n0: 810169 0x1091F8: main (in /home/jenkins/workspace/build/linux/bin/benchmark_plugingetset)
   n0: 0 in 1 place, below massif's threshold (1.00%)
 n3: 516888 0x4E4E502: ???
  n1: 172800 0x4E4EECB: ???
   n1: 172800 0x4E5017E: ???
    n1: 172800 0x4E5FC04: ???
     n1: 172800 0x4E55DAA: ???
      n1: 172800 0x4E575FA: ???
       n0: 172800 0x1091F8: main (in /home/jenkins/workspace/build/linux/bin/benchmark_plugingetset)
  n2: 172152 0x4E4EBD2: ???
   n1: 172080 0x4E5017E: ???
    n1: 172080 0x4E5FC04: ???
     n1: 172080 0x4E55DAA: ???
      n1: 172080 0x4E575FA: ???
       n0: 172080 0x1091F8: main (in /home/jenkins/workspace/build/linux/bin/benchmark_plugingetset)
   n0: 72 in 1 place, below massif's threshold (1.00%)
  n1: 171936 0x4E4F03B: ???
   n1: 171936 0x4E5017E: ???
    n1: 171936 0x4E5FC04: ???
     n1: 171936 0x4E55DAA: ???
      n1: 171936 0x4E575FA: ???
       n0: 171936 0x1091F8: main (in /home/jenkins/workspace/build/linux/bin/benchmark_plugingetset)
 n1: 516816 0x4E4F6F7: ???
  n1: 516816 0x4E5017E: ???
   n1: 516816 0x4E5FC04: ???
    n1: 516816 0x4E55DAA: ???
     n1: 516816 0x4E575FA: ???
      n0: 516816 0x1091F8: main (in /home/jenkins/workspace/build/linux/bin/benchmark_plugingetset)
 n2: 449572 0x4F9DD1D: std::__cxx11::basic_string<char, std::char_traits<char>, std::allocator<char> >::_M_assign(std::__cxx11::basic_string<char, std::char_traits<char>, std::allocator<char> > const&) (in /usr/lib/x86_64-linux-gnu/libstdc++.so.6.0.25)
  n1: 449527 0x4E4D42E: ???
   n1: 449527 0x4E55D4A: ???
    n1: 449527 0x4E575FA: ???
     n0: 449527 0x1091F8: main (in /home/jenkins/workspace/build/linux/bin/benchmark_plugingetset)
  n0: 45 in 1 place, below massif's threshold (1.00%)
 n1: 363528 0x4E4F9A7: ???
  n1: 363528 0x4E5017E: ???
   n1: 363528 0x4E5FC04: ???
    n1: 363528 0x4E55DAA: ???
     n1: 363528 0x4E575FA: ???
      n0: 363528 0x1091F8: main (in /home/jenkins/workspace/build/linux/bin/benchmark_plugingetset)
 n1: 363168 0x4E4E82B: ???
  n1: 363168 0x4E4FC65: ???
   n1: 363168 0x4E5017E: ???
    n1: 363168 0x4E5FC04: ???
     n1: 363168 0x4E55DAA: ???
      n1: 363168 0x4E575FA: ???
       n0: 363168 0x1091F8: main (in /home/jenkins/workspace/build/linux/bin/benchmark_plugingetset)
 n1: 356726 0x4E4C7DE: ???
  n0: 356726 in 3 places, all below massif's threshold (1.00%)
 n1: 269824 0x4E50432: ???
  n1: 269824 0x4E5FC04: ???
   n1: 269824 0x4E55DAA: ???
    n1: 269824 0x4E575FA: ???
     n0: 269824 0x1091F8: main (in /home/jenkins/workspace/build/linux/bin/benchmark_plugingetset)
 n1: 223992 0x4E4EF1F: ???
  n1: 223992 0x4E5017E: ???
   n1: 223992 0x4E5FC04: ???
    n1: 223992 0x4E55DAA: ???
     n1: 223992 0x4E575FA: ???
      n0: 223992 0x1091F8: main (in /home/jenkins/workspace/build/linux/bin/benchmark_plugingetset)
 n2: 223560 0x4E4EC31: ???
  n1: 223488 0x4E5017E: ???
   n1: 223488 0x4E5FC04: ???
    n1: 223488 0x4E55DAA: ???
     n1: 223488 0x4E575FA: ???
      n0: 223488 0x1091F8: main (in /home/jenkins/workspace/build/linux/bin/benchmark_plugingetset)
  n0: 72 in 1 place, below massif's threshold (1.00%)
 n1: 222552 0x4E4F0A2: ???
  n1: 222552 0x4E5017E: ???
   n1: 222552 0x4E5FC04: ???
    n1: 222552 0x4E55DAA: ???
     n1: 222552 0x4E575FA: ???
      n0: 222552 0x1091F8: main (in /home/jenkins/workspace/build/linux/bin/benchmark_plugingetset)
 n0: 137125 in 67 places, all below massif's threshold (1.00%)
#-----------
snapshot=22
#-----------
time=118505149
mem_heap_B=14924785
mem_heap_extra_B=768679
mem_stacks_B=0
heap_tree=detailed
n14: 14924785 (heap allocation functions) malloc/new/new[], --alloc-fns, etc.
 n1: 8990524 0x4E4C1D0: ???
  n1: 8990524 0x4E4B7A8: ???
   n1: 8990524 0x4E4FD58: ???
    n1: 8990524 0x4E55D11: ???
     n1: 8990524 0x4E575FA: ???
      n0: 8990524 0x1091F8: main (in /home/jenkins/workspace/build/linux/bin/benchmark_plugingetset)
 n3: 1278253 0x4E65BA4: ???
  n4: 636680 0x4E65E12: ???
   n1: 240088 0x4E5933D: ???
    n1: 240088 0x4E5FD6B: ???
     n1: 240088 0x4E55DAA: ???
      n1: 240088 0x4E575FA: ???
       n0: 240088 0x1091F8: main (in /home/jenkins/workspace/build/linux/bin/benchmark_plugingetset)
   n1: 160088 0x4E592B9: ???
    n1: 160088 0x4E5FD6B: ???
     n1: 160088 0x4E55DAA: ???
      n1: 160088 0x4E575FA: ???
       n0: 160088 0x1091F8: main (in /home/jenkins/workspace/build/linux/bin/benchmark_plugingetset)
   n1: 160088 0x4E592F4: ???
    n1: 160088 0x4E5FD6B: ???
     n1: 160088 0x4E55DAA: ???
      n1: 160088 0x4E575FA: ???
       n0: 160088 0x1091F8: main (in /home/jenkins/workspace/build/linux/bin/benchmark_plugingetset)
   n0: 76416 in 6 places, all below massif's threshold (1.00%)
  n1: 580256 0x4E5FD8E: ???
   n1: 580256 0x4E55DAA: ???
    n1: 580256 0x4E575FA: ???
     n0: 580256 0x1091F8: main (in /home/jenkins/workspace/build/linux/bin/benchmark_plugingetset)
  n0: 61317 in 21 places, all below massif's threshold (1.00%)
 n1: 810169 0x4E65CB8: ???
  n2: 810169 0x4E6645E: ???
   n1: 810169 0x4E5FC7A: ???
    n1: 810169 0x4E55DAA: ???
     n1: 810169 0x4E575FA: ???
      n0: 810169 0x1091F8: main (in /home/jenkins/workspace/build/linux/bin/benchmark_plugingetset)
   n0: 0 in 1 place, below massif's threshold (1.00%)
 n3: 555192 0x4E4E502: ???
  n1: 185976 0x4E4F03B: ???
   n1: 185976 0x4E5017E: ???
    n1: 185976 0x4E5FC04: ???
     n1: 185976 0x4E55DAA: ???
      n1: 185976 0x4E575FA: ???
       n0: 185976 0x1091F8: main (in /home/jenkins/workspace/build/linux/bin/benchmark_plugingetset)
  n1: 185760 0x4E4EECB: ???
   n1: 185760 0x4E5017E: ???
    n1: 185760 0x4E5FC04: ???
     n1: 185760 0x4E55DAA: ???
      n1: 185760 0x4E575FA: ???
       n0: 185760 0x1091F8: main (in /home/jenkins/workspace/build/linux/bin/benchmark_plugingetset)
  n2: 183456 0x4E4EBD2: ???
   n1: 183384 0x4E5017E: ???
    n1: 183384 0x4E5FC04: ???
     n1: 183384 0x4E55DAA: ???
      n1: 183384 0x4E575FA: ???
       n0: 183384 0x1091F8: main (in /home/jenkins/workspace/build/linux/bin/benchmark_plugingetset)
   n0: 72 in 1 place, below massif's threshold (1.00%)
 n1: 555120 0x4E4F6F7: ???
  n1: 555120 0x4E5017E: ???
   n1: 555120 0x4E5FC04: ???
    n1: 555120 0x4E55DAA: ???
     n1: 555120 0x4E575FA: ???
      n0: 555120 0x1091F8: main (in /home/jenkins/workspace/build/linux/bin/benchmark_plugingetset)
 n2: 449572 0x4F9DD1D: std::__cxx11::basic_string<char, std::char_traits<char>, std::allocator<char> >::_M_assign(std::__cxx11::basic_string<char, std::char_traits<char>, std::allocator<char> > const&) (in /usr/lib/x86_64-linux-gnu/libstdc++.so.6.0.25)
  n1: 449527 0x4E4D42E: ???
   n1: 449527 0x4E55D4A: ???
    n1: 449527 0x4E575FA: ???
     n0: 449527 0x1091F8: main (in /home/jenkins/workspace/build/linux/bin/benchmark_plugingetset)
  n0: 45 in 1 place, below massif's threshold (1.00%)
 n2: 390312 0x4E4E82B: ???
  n1: 390240 0x4E4FC65: ???
   n1: 390240 0x4E5017E: ???
    n1: 390240 0x4E5FC04: ???
     n1: 390240 0x4E55DAA: ???
      n1: 390240 0x4E575FA: ???
       n0: 390240 0x1091F8: main (in /home/jenkins/workspace/build/linux/bin/benchmark_plugingetset)
  n0: 72 in 1 place, below massif's threshold (1.00%)
 n1: 390312 0x4E4F9A7: ???
  n1: 390312 0x4E5017E: ???
   n1: 390312 0x4E5FC04: ???
    n1: 390312 0x4E55DAA: ???
     n1: 390312 0x4E575FA: ???
      n0: 390312 0x1091F8: main (in /home/jenkins/workspace/build/linux/bin/benchmark_plugingetset)
 n1: 383335 0x4E4C7DE: ???
  n0: 383335 in 3 places, all below massif's threshold (1.00%)
 n1: 289792 0x4E50432: ???
  n1: 289792 0x4E5FC04: ???
   n1: 289792 0x4E55DAA: ???
    n1: 289792 0x4E575FA: ???
     n0: 289792 0x1091F8: main (in /home/jenkins/workspace/build/linux/bin/benchmark_plugingetset)
 n1: 240768 0x4E4EF1F: ???
  n1: 240768 0x4E5017E: ???
   n1: 240768 0x4E5FC04: ???
    n1: 240768 0x4E55DAA: ???
     n1: 240768 0x4E575FA: ???
      n0: 240768 0x1091F8: main (in /home/jenkins/workspace/build/linux/bin/benchmark_plugingetset)
 n1: 240624 0x4E4F0A2: ???
  n1: 240624 0x4E5017E: ???
   n1: 240624 0x4E5FC04: ???
    n1: 240624 0x4E55DAA: ???
     n1: 240624 0x4E575FA: ???
      n0: 240624 0x1091F8: main (in /home/jenkins/workspace/build/linux/bin/benchmark_plugingetset)
 n2: 238608 0x4E4EC31: ???
  n1: 238536 0x4E5017E: ???
   n1: 238536 0x4E5FC04: ???
    n1: 238536 0x4E55DAA: ???
     n1: 238536 0x4E575FA: ???
      n0: 238536 0x1091F8: main (in /home/jenkins/workspace/build/linux/bin/benchmark_plugingetset)
  n0: 72 in 1 place, below massif's threshold (1.00%)
 n0: 112204 in 91 places, all below massif's threshold (1.00%)
#-----------
snapshot=23
#-----------
time=121725996
mem_heap_B=15112255
mem_heap_extra_B=771521
mem_stacks_B=0
heap_tree=empty
#-----------
snapshot=24
#-----------
time=125209640
mem_heap_B=15272173
mem_heap_extra_B=772499
mem_stacks_B=0
heap_tree=empty
#-----------
snapshot=25
#-----------
time=129112440
mem_heap_B=15418891
mem_heap_extra_B=773381
mem_stacks_B=0
heap_tree=empty
#-----------
snapshot=26
#-----------
time=132850289
mem_heap_B=15608413
mem_heap_extra_B=774275
mem_stacks_B=0
heap_tree=empty
#-----------
snapshot=27
#-----------
time=136762369
mem_heap_B=15664381
mem_heap_extra_B=775123
mem_stacks_B=0
heap_tree=empty
#-----------
snapshot=28
#-----------
time=142723351
mem_heap_B=18512626
mem_heap_extra_B=776118
mem_stacks_B=0
heap_tree=detailed
n14: 18512626 (heap allocation functions) malloc/new/new[], --alloc-fns, etc.
 n1: 8990524 0x4E4C1D0: ???
  n1: 8990524 0x4E4B7A8: ???
   n1: 8990524 0x4E4FD58: ???
    n1: 8990524 0x4E55D11: ???
     n1: 8990524 0x4E575FA: ???
      n0: 8990524 0x1091F8: main (in /home/jenkins/workspace/build/linux/bin/benchmark_plugingetset)
 n1: 4008634 0x4E65CB8: ???
  n3: 4008634 0x4E6645E: ???
   n2: 3198465 0x4E59CA9: ???
    n1: 2545728 0x4E5D8E5: ???
     n1: 2545728 0x4E608C3: ???
      n1: 2545728 0x4E55DAA: ???
       n1: 2545728 0x4E575FA: ???
        n0: 2545728 0x1091F8: main (in /home/jenkins/workspace/build/linux/bin/benchmark_plugingetset)
    n1: 652737 0x4E5D3F6: ???
     n1: 652737 0x4E608C3: ???
      n1: 652737 0x4E55DAA: ???
       n1: 652737 0x4E575FA: ???
        n0: 652737 0x1091F8: main (in /home/jenkins/workspace/build/linux/bin/benchmark_plugingetset)
   n1: 810169 0x4E5FC7A: ???
    n1: 810169 0x4E55DAA: ???
     n1: 810169 0x4E575FA: ???
      n0: 810169 0x1091F8: main (in /home/jenkins/workspace/build/linux/bin/benchmark_plugingetset)
   n0: 0 in 1 place, below massif's threshold (1.00%)
 n4: 1664589 0x4E65BA4: ???
  n2: 636680 0x4E65E12: ???
   n0: 396592 in 8 places, all below massif's threshold (1.00%)
   n1: 240088 0x4E5933D: ???
    n1: 240088 0x4E5FD6B: ???
     n1: 240088 0x4E55DAA: ???
      n1: 240088 0x4E575FA: ???
       n0: 240088 0x1091F8: main (in /home/jenkins/workspace/build/linux/bin/benchmark_plugingetset)
  n1: 580256 0x4E5FD8E: ???
   n1: 580256 0x4E55DAA: ???
    n1: 580256 0x4E575FA: ???
     n0: 580256 0x1091F8: main (in /home/jenkins/workspace/build/linux/bin/benchmark_plugingetset)
  n2: 388013 0x4E662C2: ???
   n1: 217536 0x4E607B3: ???
    n1: 217536 0x4E55DAA: ???
     n1: 217536 0x4E575FA: ???
      n0: 217536 0x1091F8: main (in /home/jenkins/workspace/build/linux/bin/benchmark_plugingetset)
   n0: 170477 in 17 places, all below massif's threshold (1.00%)
  n0: 59640 in 23 places, all below massif's threshold (1.00%)
 n1: 555192 0x4E4E502: ???
  n0: 555192 in 3 places, all below massif's threshold (1.00%)
 n1: 555120 0x4E4F6F7: ???
  n1: 555120 0x4E5017E: ???
   n1: 555120 0x4E5FC04: ???
    n1: 555120 0x4E55DAA: ???
     n1: 555120 0x4E575FA: ???
      n0: 555120 0x1091F8: main (in /home/jenkins/workspace/build/linux/bin/benchmark_plugingetset)
 n2: 449572 0x4F9DD1D: std::__cxx11::basic_string<char, std::char_traits<char>, std::allocator<char> >::_M_assign(std::__cxx11::basic_string<char, std::char_traits<char>, std::allocator<char> > const&) (in /usr/lib/x86_64-linux-gnu/libstdc++.so.6.0.25)
  n1: 449527 0x4E4D42E: ???
   n1: 449527 0x4E55D4A: ???
    n1: 449527 0x4E575FA: ???
     n0: 449527 0x1091F8: main (in /home/jenkins/workspace/build/linux/bin/benchmark_plugingetset)
  n0: 45 in 1 place, below massif's threshold (1.00%)
 n2: 390312 0x4E4E82B: ???
  n1: 390240 0x4E4FC65: ???
   n1: 390240 0x4E5017E: ???
    n1: 390240 0x4E5FC04: ???
     n1: 390240 0x4E55DAA: ???
      n1: 390240 0x4E575FA: ???
       n0: 390240 0x1091F8: main (in /home/jenkins/workspace/build/linux/bin/benchmark_plugingetset)
  n0: 72 in 1 place, below massif's threshold (1.00%)
 n1: 390312 0x4E4F9A7: ???
  n1: 390312 0x4E5017E: ???
   n1: 390312 0x4E5FC04: ???
    n1: 390312 0x4E55DAA: ???
     n1: 390312 0x4E575FA: ???
      n0: 390312 0x1091F8: main (in /home/jenkins/workspace/build/linux/bin/benchmark_plugingetset)
 n1: 383335 0x4E4C7DE: ???
  n0: 383335 in 3 places, all below massif's threshold (1.00%)
 n1: 289792 0x4E50432: ???
  n1: 289792 0x4E5FC04: ???
   n1: 289792 0x4E55DAA: ???
    n1: 289792 0x4E575FA: ???
     n0: 289792 0x1091F8: main (in /home/jenkins/workspace/build/linux/bin/benchmark_plugingetset)
 n1: 240768 0x4E4EF1F: ???
  n1: 240768 0x4E5017E: ???
   n1: 240768 0x4E5FC04: ???
    n1: 240768 0x4E55DAA: ???
     n1: 240768 0x4E575FA: ???
      n0: 240768 0x1091F8: main (in /home/jenkins/workspace/build/linux/bin/benchmark_plugingetset)
 n1: 240624 0x4E4F0A2: ???
  n1: 240624 0x4E5017E: ???
   n1: 240624 0x4E5FC04: ???
    n1: 240624 0x4E55DAA: ???
     n1: 240624 0x4E575FA: ???
      n0: 240624 0x1091F8: main (in /home/jenkins/workspace/build/linux/bin/benchmark_plugingetset)
 n2: 238608 0x4E4EC31: ???
  n1: 238536 0x4E5017E: ???
   n1: 238536 0x4E5FC04: ???
    n1: 238536 0x4E55DAA: ???
     n1: 238536 0x4E575FA: ???
      n0: 238536 0x1091F8: main (in /home/jenkins/workspace/build/linux/bin/benchmark_plugingetset)
  n0: 72 in 1 place, below massif's threshold (1.00%)
 n0: 115244 in 94 places, all below massif's threshold (1.00%)
#-----------
snapshot=29
#-----------
time=146372004
mem_heap_B=18757039
mem_heap_extra_B=830449
mem_stacks_B=0
heap_tree=empty
#-----------
snapshot=30
#-----------
time=150051787
mem_heap_B=18995983
mem_heap_extra_B=885401
mem_stacks_B=0
heap_tree=empty
#-----------
snapshot=31
#-----------
time=153740423
mem_heap_B=19233687
mem_heap_extra_B=940057
mem_stacks_B=0
heap_tree=empty
#-----------
snapshot=32
#-----------
time=157432852
mem_heap_B=19474343
mem_heap_extra_B=995537
mem_stacks_B=0
heap_tree=empty
#-----------
snapshot=33
#-----------
time=161133856
mem_heap_B=19718903
mem_heap_extra_B=1050849
mem_stacks_B=0
heap_tree=empty
#-----------
snapshot=34
#-----------
time=164310541
mem_heap_B=19917775
mem_heap_extra_B=1096937
mem_stacks_B=0
heap_tree=peak
n15: 19917775 (heap allocation functions) malloc/new/new[], --alloc-fns, etc.
 n1: 8990524 0x4E4C1D0: ???
  n1: 8990524 0x4E4B7A8: ???
   n1: 8990524 0x4E4FD58: ???
    n1: 8990524 0x4E55D11: ???
     n1: 8990524 0x4E575FA: ???
      n0: 8990524 0x1091F8: main (in /home/jenkins/workspace/build/linux/bin/benchmark_plugingetset)
 n1: 4008634 0x4E65CB8: ???
  n3: 4008634 0x4E6645E: ???
   n2: 3198465 0x4E59CA9: ???
    n1: 2545728 0x4E5D8E5: ???
     n1: 2545728 0x4E608C3: ???
      n1: 2545728 0x4E55DAA: ???
       n1: 2545728 0x4E575FA: ???
        n0: 2545728 0x1091F8: main (in /home/jenkins/workspace/build/linux/bin/benchmark_plugingetset)
    n1: 652737 0x4E5D3F6: ???
     n1: 652737 0x4E608C3: ???
      n1: 652737 0x4E55DAA: ???
       n1: 652737 0x4E575FA: ???
        n0: 652737 0x1091F8: main (in /home/jenkins/workspace/build/linux/bin/benchmark_plugingetset)
   n1: 810169 0x4E5FC7A: ???
    n1: 810169 0x4E55DAA: ???
     n1: 810169 0x4E575FA: ???
      n0: 810169 0x1091F8: main (in /home/jenkins/workspace/build/linux/bin/benchmark_plugingetset)
   n0: 0 in 1 place, below massif's threshold (1.00%)
 n4: 1709693 0x4E65BA4: ???
  n2: 636680 0x4E65E12: ???
   n0: 396592 in 8 places, all below massif's threshold (1.00%)
   n1: 240088 0x4E5933D: ???
    n1: 240088 0x4E5FD6B: ???
     n1: 240088 0x4E55DAA: ???
      n1: 240088 0x4E575FA: ???
       n0: 240088 0x1091F8: main (in /home/jenkins/workspace/build/linux/bin/benchmark_plugingetset)
  n1: 580256 0x4E5FD8E: ???
   n1: 580256 0x4E55DAA: ???
    n1: 580256 0x4E575FA: ???
     n0: 580256 0x1091F8: main (in /home/jenkins/workspace/build/linux/bin/benchmark_plugingetset)
  n2: 430781 0x4E662C2: ???
   n1: 217536 0x4E607B3: ???
    n1: 217536 0x4E55DAA: ???
     n1: 217536 0x4E575FA: ???
      n0: 217536 0x1091F8: main (in /home/jenkins/workspace/build/linux/bin/benchmark_plugingetset)
   n0: 213245 in 19 places, all below massif's threshold (1.00%)
  n0: 61976 in 24 places, all below massif's threshold (1.00%)
 n3: 1360029 0x4E5989A: ???
  n1: 1039944 0x4E619CA: ???
   n1: 1039944 0x4E55DAA: ???
    n1: 1039944 0x4E575FA: ???
     n0: 1039944 0x1091F8: main (in /home/jenkins/workspace/build/linux/bin/benchmark_plugingetset)
  n1: 320000 0x4E621D8: ???
   n1: 320000 0x4E55DAA: ???
    n1: 320000 0x4E575FA: ???
     n0: 320000 0x1091F8: main (in /home/jenkins/workspace/build/linux/bin/benchmark_plugingetset)
  n0: 85 in 3 places, all below massif's threshold (1.00%)
 n1: 555192 0x4E4E502: ???
  n0: 555192 in 3 places, all below massif's threshold (1.00%)
 n1: 555120 0x4E4F6F7: ???
  n1: 555120 0x4E5017E: ???
   n1: 555120 0x4E5FC04: ???
    n1: 555120 0x4E55DAA: ???
     n1: 555120 0x4E575FA: ???
      n0: 555120 0x1091F8: main (in /home/jenkins/workspace/build/linux/bin/benchmark_plugingetset)
 n2: 449572 0x4F9DD1D: std::__cxx11::basic_string<char, std::char_traits<char>, std::allocator<char> >::_M_assign(std::__cxx11::basic_string<char, std::char_traits<char>, std::allocator<char> > const&) (in /usr/lib/x86_64-linux-gnu/libstdc++.so.6.0.25)
  n1: 449527 0x4E4D42E: ???
   n1: 449527 0x4E55D4A: ???
    n1: 449527 0x4E575FA: ???
     n0: 449527 0x1091F8: main (in /home/jenkins/workspace/build/linux/bin/benchmark_plugingetset)
  n0: 45 in 1 place, below massif's threshold (1.00%)
 n2: 390312 0x4E4E82B: ???
  n1: 390240 0x4E4FC65: ???
   n1: 390240 0x4E5017E: ???
    n1: 390240 0x4E5FC04: ???
     n1: 390240 0x4E55DAA: ???
      n1: 390240 0x4E575FA: ???
       n0: 390240 0x1091F8: main (in /home/jenkins/workspace/build/linux/bin/benchmark_plugingetset)
  n0: 72 in 1 place, below massif's threshold (1.00%)
 n1: 390312 0x4E4F9A7: ???
  n1: 390312 0x4E5017E: ???
   n1: 390312 0x4E5FC04: ???
    n1: 390312 0x4E55DAA: ???
     n1: 390312 0x4E575FA: ???
      n0: 390312 0x1091F8: main (in /home/jenkins/workspace/build/linux/bin/benchmark_plugingetset)
 n1: 383335 0x4E4C7DE: ???
  n0: 383335 in 3 places, all below massif's threshold (1.00%)
 n1: 289792 0x4E50432: ???
  n1: 289792 0x4E5FC04: ???
   n1: 289792 0x4E55DAA: ???
    n1: 289792 0x4E575FA: ???
     n0: 289792 0x1091F8: main (in /home/jenkins/workspace/build/linux/bin/benchmark_plugingetset)
 n1: 240768 0x4E4EF1F: ???
  n1: 240768 0x4E5017E: ???
   n1: 240768 0x4E5FC04: ???
    n1: 240768 0x4E55DAA: ???
     n1: 240768 0x4E575FA: ???
      n0: 240768 0x1091F8: main (in /home/jenkins/workspace/build/linux/bin/benchmark_plugingetset)
 n1: 240624 0x4E4F0A2: ???
  n1: 240624 0x4E5017E: ???
   n1: 240624 0x4E5FC04: ???
    n1: 240624 0x4E55DAA: ???
     n1: 240624 0x4E575FA: ???
      n0: 240624 0x1091F8: main (in /home/jenkins/workspace/build/linux/bin/benchmark_plugingetset)
 n2: 238608 0x4E4EC31: ???
  n1: 238536 0x4E5017E: ???
   n1: 238536 0x4E5FC04: ???
    n1: 238536 0x4E55DAA: ???
     n1: 238536 0x4E575FA: ???
      n0: 238536 0x1091F8: main (in /home/jenkins/workspace/build/linux/bin/benchmark_plugingetset)
  n0: 72 in 1 place, below massif's threshold (1.00%)
 n0: 115260 in 96 places, all below massif's threshold (1.00%)
#-----------
snapshot=35
#-----------
time=168028364
mem_heap_B=14881437
mem_heap_extra_B=1095179
mem_stacks_B=0
heap_tree=empty
#-----------
snapshot=36
#-----------
time=172249182
mem_heap_B=14966443
mem_heap_extra_B=1101541
mem_stacks_B=0
heap_tree=empty
#-----------
snapshot=37
#-----------
time=176437023
mem_heap_B=15055780
mem_heap_extra_B=1109324
mem_stacks_B=0
heap_tree=empty
#-----------
snapshot=38
#-----------
time=180759858
mem_heap_B=15151507
mem_heap_extra_B=1116853
mem_stacks_B=0
heap_tree=empty
#-----------
snapshot=39
#-----------
time=185158747
mem_heap_B=15241867
mem_heap_extra_B=1124397
mem_stacks_B=0
heap_tree=empty
#-----------
snapshot=40
#-----------
time=189721994
mem_heap_B=15343348
mem_heap_extra_B=1133868
mem_stacks_B=0
heap_tree=empty
#-----------
snapshot=41
#-----------
time=194385639
mem_heap_B=15445932
mem_heap_extra_B=1141748
mem_stacks_B=0
heap_tree=empty
#-----------
snapshot=42
#-----------
time=199283674
mem_heap_B=15544697
mem_heap_extra_B=1149359
mem_stacks_B=0
heap_tree=empty
#-----------
snapshot=43
#-----------
time=204204095
mem_heap_B=15643612
mem_heap_extra_B=1158108
mem_stacks_B=0
heap_tree=empty
#-----------
snapshot=44
#-----------
time=209406730
mem_heap_B=15757471
mem_heap_extra_B=1166657
mem_stacks_B=0
heap_tree=empty
#-----------
snapshot=45
#-----------
time=214894272
mem_heap_B=15869300
mem_heap_extra_B=1176380
mem_stacks_B=0
heap_tree=empty
#-----------
snapshot=46
#-----------
time=220542886
mem_heap_B=15995879
mem_heap_extra_B=1186017
mem_stacks_B=0
heap_tree=empty
#-----------
snapshot=47
#-----------
time=226004992
mem_heap_B=16098914
mem_heap_extra_B=1194878
mem_stacks_B=0
heap_tree=empty
#-----------
snapshot=48
#-----------
time=232217822
mem_heap_B=12401046
mem_heap_extra_B=393826
mem_stacks_B=0
heap_tree=empty
#-----------
snapshot=49
#-----------
time=233264464
mem_heap_B=217841
mem_heap_extra_B=8631
mem_stacks_B=0
heap_tree=empty
#-----------
snapshot=50
#-----------
time=233268622
mem_heap_B=206227
mem_heap_extra_B=7557
mem_stacks_B=0
heap_tree=empty
#-----------
snapshot=51
#-----------
time=233272780
mem_heap_B=193651
mem_heap_extra_B=6517
mem_stacks_B=0
heap_tree=empty
#-----------
snapshot=52
#-----------
time=233276938
mem_heap_B=181815
mem_heap_extra_B=5521
mem_stacks_B=0
heap_tree=empty
#-----------
snapshot=53
#-----------
time=233281096
mem_heap_B=170127
mem_heap_extra_B=4505
mem_stacks_B=0
heap_tree=empty
#-----------
snapshot=54
#-----------
time=233285254
mem_heap_B=155627
mem_heap_extra_B=3517
mem_stacks_B=0
heap_tree=empty
#-----------
snapshot=55
#-----------
time=233289412
mem_heap_B=143791
mem_heap_extra_B=2393
mem_stacks_B=0
heap_tree=empty
#-----------
snapshot=56
#-----------
time=233293570
mem_heap_B=132177
mem_heap_extra_B=1399
mem_stacks_B=0
heap_tree=empty
#-----------
snapshot=57
#-----------
time=233297728
mem_heap_B=118047
mem_heap_extra_B=377
mem_stacks_B=0
heap_tree=detailed
n6: 118047 (heap allocation functions) malloc/new/new[], --alloc-fns, etc.
 n1: 72704 0x4F0F454: ??? (in /usr/lib/x86_64-linux-gnu/libstdc++.so.6.0.25)
  n1: 72704 0x400F378: call_init.part.0 (dl-init.c:72)
   n1: 72704 0x400F474: _dl_init (dl-init.c:118)
    n1: 72704 0x40132D1: dl_open_worker (dl-open.c:517)
     n1: 72704 0x49B5B2D: _dl_catch_exception (dl-error-skeleton.c:196)
      n1: 72704 0x4012BB8: _dl_open (dl-open.c:599)
       n1: 72704 0x487D254: dlopen_doit (dlopen.c:66)
        n1: 72704 0x49B5B2D: _dl_catch_exception (dl-error-skeleton.c:196)
         n1: 72704 0x49B5BBD: _dl_catch_error (dl-error-skeleton.c:215)
          n1: 72704 0x487D973: _dlerror_run (dlerror.c:163)
           n1: 72704 0x487D2E4: dlopen@@GLIBC_2.2.5 (dlopen.c:87)
            n1: 72704 0x48666EB: elektraModulesLoad (in /home/jenkins/workspace/build/linux/lib/libelektra-core.so.0.8.26)
             n1: 72704 0x484FD71: elektraPluginOpen (in /home/jenkins/workspace/build/linux/lib/libelektra-kdb.so.0.8.26)
              n0: 72704 0x1091E1: main (in /home/jenkins/workspace/build/linux/bin/benchmark_plugingetset)
 n3: 34752 0x485EAE2: elektraRealloc (in /home/jenkins/workspace/build/linux/lib/libelektra-core.so.0.8.26)
  n2: 32768 0x48622B5: ksResize (in /home/jenkins/workspace/build/linux/lib/libelektra-core.so.0.8.26)
   n1: 32768 0x48632C7: ksAppend (in /home/jenkins/workspace/build/linux/lib/libelektra-core.so.0.8.26)
    n1: 32768 0x4E55E0D: ???
     n1: 32768 0x4E575FA: ???
      n0: 32768 0x1091F8: main (in /home/jenkins/workspace/build/linux/bin/benchmark_plugingetset)
   n0: 0 in 1 place, below massif's threshold (1.00%)
  n2: 1984 0x4860B6F: keyAddBaseName (in /home/jenkins/workspace/build/linux/lib/libelektra-core.so.0.8.26)
   n1: 1984 0x4E52883: ???
    n1: 1984 0x4E51BA7: ???
     n2: 1984 0x4E51A51: ???
      n1: 1984 0x4E51A51: ???
       n2: 1984 0x4E51A51: ???
        n2: 1984 0x4E51A51: ???
         n2: 1984 0x4E51A51: ???
          n2: 1984 0x4E51A51: ???
           n2: 1984 0x4E51A51: ???
            n2: 1984 0x4E51A51: ???
             n2: 1984 0x4E51A51: ???
              n2: 1984 0x4E51A51: ???
               n2: 1984 0x4E51A51: ???
                n2: 1984 0x4E51A51: ???
                 n2: 1984 0x4E51A51: ???
                  n2: 1984 0x4E51A51: ???
                   n2: 1984 0x4E51A51: ???
                    n2: 1984 0x4E51A51: ???
                     n2: 1984 0x4E51A51: ???
                      n2: 1984 0x4E51A51: ???
                       n2: 1984 0x4E51A51: ???
                        n2: 1984 0x4E51A51: ???
                         n2: 1984 0x4E51A51: ???
                          n2: 1984 0x4E51A51: ???
                           n2: 1984 0x4E51A51: ???
                            n2: 1984 0x4E51A51: ???
                             n2: 1984 0x4E51A51: ???
                              n0: 1984 0x4E51A51: ???
                              n0: 0 in 1 place, below massif's threshold (1.00%)
                             n0: 0 in 1 place, below massif's threshold (1.00%)
                            n0: 0 in 1 place, below massif's threshold (1.00%)
                           n0: 0 in 1 place, below massif's threshold (1.00%)
                          n0: 0 in 1 place, below massif's threshold (1.00%)
                         n0: 0 in 1 place, below massif's threshold (1.00%)
                        n0: 0 in 1 place, below massif's threshold (1.00%)
                       n0: 0 in 1 place, below massif's threshold (1.00%)
                      n0: 0 in 1 place, below massif's threshold (1.00%)
                     n0: 0 in 1 place, below massif's threshold (1.00%)
                    n0: 0 in 1 place, below massif's threshold (1.00%)
                   n0: 0 in 1 place, below massif's threshold (1.00%)
                  n0: 0 in 1 place, below massif's threshold (1.00%)
                 n0: 0 in 1 place, below massif's threshold (1.00%)
                n0: 0 in 1 place, below massif's threshold (1.00%)
               n0: 0 in 1 place, below massif's threshold (1.00%)
              n0: 0 in 1 place, below massif's threshold (1.00%)
             n0: 0 in 1 place, below massif's threshold (1.00%)
            n0: 0 in 1 place, below massif's threshold (1.00%)
           n0: 0 in 1 place, below massif's threshold (1.00%)
          n0: 0 in 1 place, below massif's threshold (1.00%)
         n0: 0 in 1 place, below massif's threshold (1.00%)
        n0: 0 in 1 place, below massif's threshold (1.00%)
      n0: 0 in 1 place, below massif's threshold (1.00%)
   n0: 0 in 1 place, below massif's threshold (1.00%)
  n0: 0 in 1 place, below massif's threshold (1.00%)
 n1: 4064 0x400A095: do_lookup_x (dl-lookup.c:253)
  n1: 4064 0x400A38D: _dl_lookup_symbol_x (dl-lookup.c:814)
   n1: 4064 0x400BD5C: _dl_relocate_object (dl-machine.h:308)
    n1: 4064 0x401319C: dl_open_worker (dl-open.c:377)
     n1: 4064 0x49B5B2D: _dl_catch_exception (dl-error-skeleton.c:196)
      n1: 4064 0x4012BB8: _dl_open (dl-open.c:599)
       n1: 4064 0x487D254: dlopen_doit (dlopen.c:66)
        n1: 4064 0x49B5B2D: _dl_catch_exception (dl-error-skeleton.c:196)
         n1: 4064 0x49B5BBD: _dl_catch_error (dl-error-skeleton.c:215)
          n1: 4064 0x487D973: _dlerror_run (dlerror.c:163)
           n1: 4064 0x487D2E4: dlopen@@GLIBC_2.2.5 (dlopen.c:87)
            n1: 4064 0x48666EB: elektraModulesLoad (in /home/jenkins/workspace/build/linux/lib/libelektra-core.so.0.8.26)
             n1: 4064 0x484FD71: elektraPluginOpen (in /home/jenkins/workspace/build/linux/lib/libelektra-kdb.so.0.8.26)
              n0: 4064 0x1091E1: main (in /home/jenkins/workspace/build/linux/bin/benchmark_plugingetset)
 n1: 3567 0x400B2AC: _dl_new_object (dl-object.c:73)
  n1: 3567 0x4005E46: _dl_map_object_from_fd (dl-load.c:1001)
   n2: 3567 0x4008A8B: _dl_map_object (dl-load.c:2466)
    n1: 3567 0x400D290: openaux (dl-deps.c:64)
     n1: 3567 0x49B5B2D: _dl_catch_exception (dl-error-skeleton.c:196)
      n1: 3567 0x400D604: _dl_map_object_deps (dl-deps.c:248)
       n1: 3567 0x401304E: dl_open_worker (dl-open.c:271)
        n1: 3567 0x49B5B2D: _dl_catch_exception (dl-error-skeleton.c:196)
         n1: 3567 0x4012BB8: _dl_open (dl-open.c:599)
          n1: 3567 0x487D254: dlopen_doit (dlopen.c:66)
           n1: 3567 0x49B5B2D: _dl_catch_exception (dl-error-skeleton.c:196)
            n1: 3567 0x49B5BBD: _dl_catch_error (dl-error-skeleton.c:215)
             n1: 3567 0x487D973: _dlerror_run (dlerror.c:163)
              n1: 3567 0x487D2E4: dlopen@@GLIBC_2.2.5 (dlopen.c:87)
               n1: 3567 0x48666EB: elektraModulesLoad (in /home/jenkins/workspace/build/linux/lib/libelektra-core.so.0.8.26)
                n1: 3567 0x484FD71: elektraPluginOpen (in /home/jenkins/workspace/build/linux/lib/libelektra-kdb.so.0.8.26)
                 n0: 3567 0x1091E1: main (in /home/jenkins/workspace/build/linux/bin/benchmark_plugingetset)
    n0: 0 in 1 place, below massif's threshold (1.00%)
 n1: 2064 0x4010A1E: _dl_check_map_versions (dl-version.c:274)
  n1: 2064 0x4013094: dl_open_worker (dl-open.c:277)
   n1: 2064 0x49B5B2D: _dl_catch_exception (dl-error-skeleton.c:196)
    n1: 2064 0x4012BB8: _dl_open (dl-open.c:599)
     n1: 2064 0x487D254: dlopen_doit (dlopen.c:66)
      n1: 2064 0x49B5B2D: _dl_catch_exception (dl-error-skeleton.c:196)
       n1: 2064 0x49B5BBD: _dl_catch_error (dl-error-skeleton.c:215)
        n1: 2064 0x487D973: _dlerror_run (dlerror.c:163)
         n1: 2064 0x487D2E4: dlopen@@GLIBC_2.2.5 (dlopen.c:87)
          n1: 2064 0x48666EB: elektraModulesLoad (in /home/jenkins/workspace/build/linux/lib/libelektra-core.so.0.8.26)
           n1: 2064 0x484FD71: elektraPluginOpen (in /home/jenkins/workspace/build/linux/lib/libelektra-kdb.so.0.8.26)
            n0: 2064 0x1091E1: main (in /home/jenkins/workspace/build/linux/bin/benchmark_plugingetset)
 n0: 896 in 114 places, all below massif's threshold (1.00%)
#-----------
snapshot=58
#-----------
time=233304965
mem_heap_B=82897
mem_heap_extra_B=255
mem_stacks_B=0
heap_tree=empty
