desc: --massif-out-file=results/generated_50.yambi.out
cmd: build/linux/bin/benchmark_plugingetset benchmarks/data/generated_50 user yambi get
time_unit: i
#-----------
snapshot=0
#-----------
time=0
mem_heap_B=0
mem_heap_extra_B=0
mem_stacks_B=0
heap_tree=empty
#-----------
snapshot=1
#-----------
time=209309
mem_heap_B=64
mem_heap_extra_B=8
mem_stacks_B=0
heap_tree=empty
#-----------
snapshot=2
#-----------
time=237299
mem_heap_B=1397
mem_heap_extra_B=75
mem_stacks_B=0
heap_tree=empty
#-----------
snapshot=3
#-----------
time=269811
mem_heap_B=2097
mem_heap_extra_B=199
mem_stacks_B=0
heap_tree=empty
#-----------
snapshot=4
#-----------
time=291303
mem_heap_B=7366
mem_heap_extra_B=362
mem_stacks_B=0
heap_tree=empty
#-----------
snapshot=5
#-----------
time=315728
mem_heap_B=8788
mem_heap_extra_B=452
mem_stacks_B=0
heap_tree=empty
#-----------
snapshot=6
#-----------
time=341531
mem_heap_B=11412
mem_heap_extra_B=548
mem_stacks_B=0
heap_tree=detailed
n12: 11412 (heap allocation functions) malloc/new/new[], --alloc-fns, etc.
 n1: 5962 0x400B2AC: _dl_new_object (dl-object.c:73)
  n1: 5962 0x4005E46: _dl_map_object_from_fd (dl-load.c:1001)
   n2: 5962 0x4008A8B: _dl_map_object (dl-load.c:2466)
    n1: 4766 0x400D290: openaux (dl-deps.c:64)
     n1: 4766 0x49B5B2D: _dl_catch_exception (dl-error-skeleton.c:196)
      n1: 4766 0x400D604: _dl_map_object_deps (dl-deps.c:248)
       n1: 4766 0x401304E: dl_open_worker (dl-open.c:271)
        n1: 4766 0x49B5B2D: _dl_catch_exception (dl-error-skeleton.c:196)
         n1: 4766 0x4012BB8: _dl_open (dl-open.c:599)
          n1: 4766 0x487D254: dlopen_doit (dlopen.c:66)
           n1: 4766 0x49B5B2D: _dl_catch_exception (dl-error-skeleton.c:196)
            n1: 4766 0x49B5BBD: _dl_catch_error (dl-error-skeleton.c:215)
             n1: 4766 0x487D973: _dlerror_run (dlerror.c:163)
              n1: 4766 0x487D2E4: dlopen@@GLIBC_2.2.5 (dlopen.c:87)
               n1: 4766 0x48666EB: elektraModulesLoad (in /home/jenkins/workspace/build/linux/lib/libelektra-core.so.0.8.26)
                n1: 4766 0x484FD71: elektraPluginOpen (in /home/jenkins/workspace/build/linux/lib/libelektra-kdb.so.0.8.26)
                 n0: 4766 0x1091E1: main (in /home/jenkins/workspace/build/linux/bin/benchmark_plugingetset)
    n1: 1196 0x4012FE9: dl_open_worker (dl-open.c:228)
     n1: 1196 0x49B5B2D: _dl_catch_exception (dl-error-skeleton.c:196)
      n1: 1196 0x4012BB8: _dl_open (dl-open.c:599)
       n1: 1196 0x487D254: dlopen_doit (dlopen.c:66)
        n1: 1196 0x49B5B2D: _dl_catch_exception (dl-error-skeleton.c:196)
         n1: 1196 0x49B5BBD: _dl_catch_error (dl-error-skeleton.c:215)
          n1: 1196 0x487D973: _dlerror_run (dlerror.c:163)
           n1: 1196 0x487D2E4: dlopen@@GLIBC_2.2.5 (dlopen.c:87)
            n1: 1196 0x48666EB: elektraModulesLoad (in /home/jenkins/workspace/build/linux/lib/libelektra-core.so.0.8.26)
             n1: 1196 0x484FD71: elektraPluginOpen (in /home/jenkins/workspace/build/linux/lib/libelektra-kdb.so.0.8.26)
              n0: 1196 0x1091E1: main (in /home/jenkins/workspace/build/linux/bin/benchmark_plugingetset)
 n1: 2376 0x4010A1E: _dl_check_map_versions (dl-version.c:274)
  n1: 2376 0x4013094: dl_open_worker (dl-open.c:277)
   n1: 2376 0x49B5B2D: _dl_catch_exception (dl-error-skeleton.c:196)
    n1: 2376 0x4012BB8: _dl_open (dl-open.c:599)
     n1: 2376 0x487D254: dlopen_doit (dlopen.c:66)
      n1: 2376 0x49B5B2D: _dl_catch_exception (dl-error-skeleton.c:196)
       n1: 2376 0x49B5BBD: _dl_catch_error (dl-error-skeleton.c:215)
        n1: 2376 0x487D973: _dlerror_run (dlerror.c:163)
         n1: 2376 0x487D2E4: dlopen@@GLIBC_2.2.5 (dlopen.c:87)
          n1: 2376 0x48666EB: elektraModulesLoad (in /home/jenkins/workspace/build/linux/lib/libelektra-core.so.0.8.26)
           n1: 2376 0x484FD71: elektraPluginOpen (in /home/jenkins/workspace/build/linux/lib/libelektra-kdb.so.0.8.26)
            n0: 2376 0x1091E1: main (in /home/jenkins/workspace/build/linux/bin/benchmark_plugingetset)
 n1: 1024 0x485EBF6: elektraVFormat (in /home/jenkins/workspace/build/linux/lib/libelektra-core.so.0.8.26)
  n2: 1024 0x485ED2A: elektraFormat (in /home/jenkins/workspace/build/linux/lib/libelektra-core.so.0.8.26)
   n0: 512 0x109162: main (in /home/jenkins/workspace/build/linux/bin/benchmark_plugingetset)
   n0: 512 0x109179: main (in /home/jenkins/workspace/build/linux/bin/benchmark_plugingetset)
 n1: 384 0x4863428: ksVNew (in /home/jenkins/workspace/build/linux/lib/libelektra-core.so.0.8.26)
  n3: 384 0x486356A: ksNew (in /home/jenkins/workspace/build/linux/lib/libelektra-core.so.0.8.26)
   n0: 128 0x10914B: main (in /home/jenkins/workspace/build/linux/bin/benchmark_plugingetset)
   n0: 128 0x1091A0: main (in /home/jenkins/workspace/build/linux/bin/benchmark_plugingetset)
   n0: 128 0x1091AF: main (in /home/jenkins/workspace/build/linux/bin/benchmark_plugingetset)
 n0: 322 in 8 places, all below massif's threshold (1.00%)
 n1: 256 0x400D46A: _dl_map_object_deps (dl-deps.c:438)
  n1: 256 0x401304E: dl_open_worker (dl-open.c:271)
   n1: 256 0x49B5B2D: _dl_catch_exception (dl-error-skeleton.c:196)
    n1: 256 0x4012BB8: _dl_open (dl-open.c:599)
     n1: 256 0x487D254: dlopen_doit (dlopen.c:66)
      n1: 256 0x49B5B2D: _dl_catch_exception (dl-error-skeleton.c:196)
       n1: 256 0x49B5BBD: _dl_catch_error (dl-error-skeleton.c:215)
        n1: 256 0x487D973: _dlerror_run (dlerror.c:163)
         n1: 256 0x487D2E4: dlopen@@GLIBC_2.2.5 (dlopen.c:87)
          n1: 256 0x48666EB: elektraModulesLoad (in /home/jenkins/workspace/build/linux/lib/libelektra-core.so.0.8.26)
           n1: 256 0x484FD71: elektraPluginOpen (in /home/jenkins/workspace/build/linux/lib/libelektra-kdb.so.0.8.26)
            n0: 256 0x1091E1: main (in /home/jenkins/workspace/build/linux/bin/benchmark_plugingetset)
 n1: 256 0x485F3A2: keyVNew (in /home/jenkins/workspace/build/linux/lib/libelektra-core.so.0.8.26)
  n1: 256 0x485F460: keyNew (in /home/jenkins/workspace/build/linux/lib/libelektra-core.so.0.8.26)
   n0: 256 in 4 places, all below massif's threshold (1.00%)
 n1: 232 0x400B58E: _dl_new_object (dl-object.c:163)
  n1: 232 0x4005E46: _dl_map_object_from_fd (dl-load.c:1001)
   n2: 232 0x4008A8B: _dl_map_object (dl-load.c:2466)
    n1: 172 0x400D290: openaux (dl-deps.c:64)
     n1: 172 0x49B5B2D: _dl_catch_exception (dl-error-skeleton.c:196)
      n1: 172 0x400D604: _dl_map_object_deps (dl-deps.c:248)
       n1: 172 0x401304E: dl_open_worker (dl-open.c:271)
        n1: 172 0x49B5B2D: _dl_catch_exception (dl-error-skeleton.c:196)
         n1: 172 0x4012BB8: _dl_open (dl-open.c:599)
          n1: 172 0x487D254: dlopen_doit (dlopen.c:66)
           n1: 172 0x49B5B2D: _dl_catch_exception (dl-error-skeleton.c:196)
            n1: 172 0x49B5BBD: _dl_catch_error (dl-error-skeleton.c:215)
             n1: 172 0x487D973: _dlerror_run (dlerror.c:163)
              n1: 172 0x487D2E4: dlopen@@GLIBC_2.2.5 (dlopen.c:87)
               n1: 172 0x48666EB: elektraModulesLoad (in /home/jenkins/workspace/build/linux/lib/libelektra-core.so.0.8.26)
                n1: 172 0x484FD71: elektraPluginOpen (in /home/jenkins/workspace/build/linux/lib/libelektra-kdb.so.0.8.26)
                 n0: 172 0x1091E1: main (in /home/jenkins/workspace/build/linux/bin/benchmark_plugingetset)
    n0: 60 in 1 place, below massif's threshold (1.00%)
 n1: 192 0x48633F2: ksVNew (in /home/jenkins/workspace/build/linux/lib/libelektra-core.so.0.8.26)
  n1: 192 0x486356A: ksNew (in /home/jenkins/workspace/build/linux/lib/libelektra-core.so.0.8.26)
   n0: 192 in 3 places, all below massif's threshold (1.00%)
 n1: 152 0x400D904: _dl_map_object_deps (dl-deps.c:479)
  n1: 152 0x401304E: dl_open_worker (dl-open.c:271)
   n1: 152 0x49B5B2D: _dl_catch_exception (dl-error-skeleton.c:196)
    n1: 152 0x4012BB8: _dl_open (dl-open.c:599)
     n1: 152 0x487D254: dlopen_doit (dlopen.c:66)
      n1: 152 0x49B5B2D: _dl_catch_exception (dl-error-skeleton.c:196)
       n1: 152 0x49B5BBD: _dl_catch_error (dl-error-skeleton.c:215)
        n1: 152 0x487D973: _dlerror_run (dlerror.c:163)
         n1: 152 0x487D2E4: dlopen@@GLIBC_2.2.5 (dlopen.c:87)
          n1: 152 0x48666EB: elektraModulesLoad (in /home/jenkins/workspace/build/linux/lib/libelektra-core.so.0.8.26)
           n1: 152 0x484FD71: elektraPluginOpen (in /home/jenkins/workspace/build/linux/lib/libelektra-kdb.so.0.8.26)
            n0: 152 0x1091E1: main (in /home/jenkins/workspace/build/linux/bin/benchmark_plugingetset)
 n1: 133 0x40081A8: fillin_rpath (dl-load.c:509)
  n1: 133 0x40083BA: decompose_rpath.isra.10 (dl-load.c:631)
   n1: 133 0x4009105: _dl_map_object (dl-load.c:2297)
    n1: 133 0x400D290: openaux (dl-deps.c:64)
     n1: 133 0x49B5B2D: _dl_catch_exception (dl-error-skeleton.c:196)
      n1: 133 0x400D604: _dl_map_object_deps (dl-deps.c:248)
       n1: 133 0x401304E: dl_open_worker (dl-open.c:271)
        n1: 133 0x49B5B2D: _dl_catch_exception (dl-error-skeleton.c:196)
         n1: 133 0x4012BB8: _dl_open (dl-open.c:599)
          n1: 133 0x487D254: dlopen_doit (dlopen.c:66)
           n1: 133 0x49B5B2D: _dl_catch_exception (dl-error-skeleton.c:196)
            n1: 133 0x49B5BBD: _dl_catch_error (dl-error-skeleton.c:215)
             n1: 133 0x487D973: _dlerror_run (dlerror.c:163)
              n1: 133 0x487D2E4: dlopen@@GLIBC_2.2.5 (dlopen.c:87)
               n1: 133 0x48666EB: elektraModulesLoad (in /home/jenkins/workspace/build/linux/lib/libelektra-core.so.0.8.26)
                n1: 133 0x484FD71: elektraPluginOpen (in /home/jenkins/workspace/build/linux/lib/libelektra-kdb.so.0.8.26)
                 n0: 133 0x1091E1: main (in /home/jenkins/workspace/build/linux/bin/benchmark_plugingetset)
 n1: 123 0x4007798: open_path (dl-load.c:2112)
  n1: 123 0x4008C16: _dl_map_object (dl-load.c:2297)
   n0: 123 in 2 places, all below massif's threshold (1.00%)
#-----------
snapshot=7
#-----------
time=862005
mem_heap_B=12404
mem_heap_extra_B=556
mem_stacks_B=0
heap_tree=empty
#-----------
snapshot=8
#-----------
time=942553
mem_heap_B=14356
mem_heap_extra_B=564
mem_stacks_B=0
heap_tree=empty
#-----------
snapshot=9
#-----------
time=943436
mem_heap_B=13364
mem_heap_extra_B=556
mem_stacks_B=0
heap_tree=empty
#-----------
snapshot=10
#-----------
time=3222087
mem_heap_B=17428
mem_heap_extra_B=564
mem_stacks_B=0
heap_tree=empty
#-----------
snapshot=11
#-----------
time=3223718
mem_heap_B=15476
mem_heap_extra_B=556
mem_stacks_B=0
heap_tree=empty
#-----------
snapshot=12
#-----------
time=5028961
mem_heap_B=88180
mem_heap_extra_B=564
mem_stacks_B=0
heap_tree=empty
#-----------
snapshot=13
#-----------
time=5080900
mem_heap_B=88244
mem_heap_extra_B=572
mem_stacks_B=0
heap_tree=empty
#-----------
snapshot=14
#-----------
time=5098602
mem_heap_B=146984
mem_heap_extra_B=824
mem_stacks_B=0
heap_tree=empty
#-----------
snapshot=15
#-----------
time=5201718
mem_heap_B=146984
mem_heap_extra_B=824
mem_stacks_B=0
heap_tree=detailed
n9: 146984 (heap allocation functions) malloc/new/new[], --alloc-fns, etc.
 n1: 72704 0x4F03454: ??? (in /usr/lib/x86_64-linux-gnu/libstdc++.so.6.0.25)
  n1: 72704 0x400F378: call_init.part.0 (dl-init.c:72)
   n1: 72704 0x400F474: _dl_init (dl-init.c:118)
    n1: 72704 0x40132D1: dl_open_worker (dl-open.c:517)
     n1: 72704 0x49B5B2D: _dl_catch_exception (dl-error-skeleton.c:196)
      n1: 72704 0x4012BB8: _dl_open (dl-open.c:599)
       n1: 72704 0x487D254: dlopen_doit (dlopen.c:66)
        n1: 72704 0x49B5B2D: _dl_catch_exception (dl-error-skeleton.c:196)
         n1: 72704 0x49B5BBD: _dl_catch_error (dl-error-skeleton.c:215)
          n1: 72704 0x487D973: _dlerror_run (dlerror.c:163)
           n1: 72704 0x487D2E4: dlopen@@GLIBC_2.2.5 (dlopen.c:87)
            n1: 72704 0x48666EB: elektraModulesLoad (in /home/jenkins/workspace/build/linux/lib/libelektra-core.so.0.8.26)
             n1: 72704 0x484FD71: elektraPluginOpen (in /home/jenkins/workspace/build/linux/lib/libelektra-kdb.so.0.8.26)
              n0: 72704 0x1091E1: main (in /home/jenkins/workspace/build/linux/bin/benchmark_plugingetset)
 n1: 42004 0x4E583B0: ???
  n1: 42004 0x4E57988: ???
   n1: 42004 0x4E51FF0: ???
    n1: 42004 0x4E4E6DA: ???
     n1: 42004 0x4E4A750: ???
      n1: 42004 0x4E560E2: ???
       n0: 42004 0x1091F8: main (in /home/jenkins/workspace/build/linux/bin/benchmark_plugingetset)
 n1: 8192 0x4F5F8F6: std::basic_filebuf<char, std::char_traits<char> >::_M_allocate_internal_buffer() (in /usr/lib/x86_64-linux-gnu/libstdc++.so.6.0.25)
  n1: 8192 0x4F63790: std::basic_filebuf<char, std::char_traits<char> >::open(char const*, std::_Ios_Openmode) (in /usr/lib/x86_64-linux-gnu/libstdc++.so.6.0.25)
   n1: 8192 0x4E4E699: ???
    n1: 8192 0x4E4A750: ???
     n1: 8192 0x4E560E2: ???
      n0: 8192 0x1091F8: main (in /home/jenkins/workspace/build/linux/bin/benchmark_plugingetset)
 n1: 5962 0x400B2AC: _dl_new_object (dl-object.c:73)
  n1: 5962 0x4005E46: _dl_map_object_from_fd (dl-load.c:1001)
   n2: 5962 0x4008A8B: _dl_map_object (dl-load.c:2466)
    n1: 4766 0x400D290: openaux (dl-deps.c:64)
     n1: 4766 0x49B5B2D: _dl_catch_exception (dl-error-skeleton.c:196)
      n1: 4766 0x400D604: _dl_map_object_deps (dl-deps.c:248)
       n1: 4766 0x401304E: dl_open_worker (dl-open.c:271)
        n1: 4766 0x49B5B2D: _dl_catch_exception (dl-error-skeleton.c:196)
         n1: 4766 0x4012BB8: _dl_open (dl-open.c:599)
          n1: 4766 0x487D254: dlopen_doit (dlopen.c:66)
           n1: 4766 0x49B5B2D: _dl_catch_exception (dl-error-skeleton.c:196)
            n1: 4766 0x49B5BBD: _dl_catch_error (dl-error-skeleton.c:215)
             n1: 4766 0x487D973: _dlerror_run (dlerror.c:163)
              n1: 4766 0x487D2E4: dlopen@@GLIBC_2.2.5 (dlopen.c:87)
               n1: 4766 0x48666EB: elektraModulesLoad (in /home/jenkins/workspace/build/linux/lib/libelektra-core.so.0.8.26)
                n1: 4766 0x484FD71: elektraPluginOpen (in /home/jenkins/workspace/build/linux/lib/libelektra-kdb.so.0.8.26)
                 n0: 4766 0x1091E1: main (in /home/jenkins/workspace/build/linux/bin/benchmark_plugingetset)
    n0: 1196 in 1 place, below massif's threshold (1.00%)
 n0: 5484 in 30 places, all below massif's threshold (1.00%)
 n1: 4097 0x4F922AB: std::__cxx11::basic_string<char, std::char_traits<char>, std::allocator<char> >::reserve(unsigned long) (in /usr/lib/x86_64-linux-gnu/libstdc++.so.6.0.25)
  n1: 4097 0x4F86723: std::__cxx11::basic_stringbuf<char, std::char_traits<char>, std::allocator<char> >::overflow(int) (in /usr/lib/x86_64-linux-gnu/libstdc++.so.6.0.25)
   n1: 4097 0x4F908A9: std::basic_streambuf<char, std::char_traits<char> >::xsputn(char const*, long) (in /usr/lib/x86_64-linux-gnu/libstdc++.so.6.0.25)
    n1: 4097 0x4F1F8B3: long std::__copy_streambufs_eof<char, std::char_traits<char> >(std::basic_streambuf<char, std::char_traits<char> >*, std::basic_streambuf<char, std::char_traits<char> >*, bool&) (in /usr/lib/x86_64-linux-gnu/libstdc++.so.6.0.25)
     n1: 4097 0x4F81416: std::ostream::operator<<(std::basic_streambuf<char, std::char_traits<char> >*) (in /usr/lib/x86_64-linux-gnu/libstdc++.so.6.0.25)
      n1: 4097 0x4E575FD: ???
       n1: 4097 0x4E51FF0: ???
        n1: 4097 0x4E4E6DA: ???
         n1: 4097 0x4E4A750: ???
          n1: 4097 0x4E560E2: ???
           n0: 4097 0x1091F8: main (in /home/jenkins/workspace/build/linux/bin/benchmark_plugingetset)
 n1: 4064 0x400A095: do_lookup_x (dl-lookup.c:253)
  n1: 4064 0x400A38D: _dl_lookup_symbol_x (dl-lookup.c:814)
   n1: 4064 0x400BD5C: _dl_relocate_object (dl-machine.h:308)
    n1: 4064 0x401319C: dl_open_worker (dl-open.c:377)
     n1: 4064 0x49B5B2D: _dl_catch_exception (dl-error-skeleton.c:196)
      n1: 4064 0x4012BB8: _dl_open (dl-open.c:599)
       n1: 4064 0x487D254: dlopen_doit (dlopen.c:66)
        n1: 4064 0x49B5B2D: _dl_catch_exception (dl-error-skeleton.c:196)
         n1: 4064 0x49B5BBD: _dl_catch_error (dl-error-skeleton.c:215)
          n1: 4064 0x487D973: _dlerror_run (dlerror.c:163)
           n1: 4064 0x487D2E4: dlopen@@GLIBC_2.2.5 (dlopen.c:87)
            n1: 4064 0x48666EB: elektraModulesLoad (in /home/jenkins/workspace/build/linux/lib/libelektra-core.so.0.8.26)
             n1: 4064 0x484FD71: elektraPluginOpen (in /home/jenkins/workspace/build/linux/lib/libelektra-kdb.so.0.8.26)
              n0: 4064 0x1091E1: main (in /home/jenkins/workspace/build/linux/bin/benchmark_plugingetset)
 n1: 2376 0x4010A1E: _dl_check_map_versions (dl-version.c:274)
  n1: 2376 0x4013094: dl_open_worker (dl-open.c:277)
   n1: 2376 0x49B5B2D: _dl_catch_exception (dl-error-skeleton.c:196)
    n1: 2376 0x4012BB8: _dl_open (dl-open.c:599)
     n1: 2376 0x487D254: dlopen_doit (dlopen.c:66)
      n1: 2376 0x49B5B2D: _dl_catch_exception (dl-error-skeleton.c:196)
       n1: 2376 0x49B5BBD: _dl_catch_error (dl-error-skeleton.c:215)
        n1: 2376 0x487D973: _dlerror_run (dlerror.c:163)
         n1: 2376 0x487D2E4: dlopen@@GLIBC_2.2.5 (dlopen.c:87)
          n1: 2376 0x48666EB: elektraModulesLoad (in /home/jenkins/workspace/build/linux/lib/libelektra-core.so.0.8.26)
           n1: 2376 0x484FD71: elektraPluginOpen (in /home/jenkins/workspace/build/linux/lib/libelektra-kdb.so.0.8.26)
            n0: 2376 0x1091E1: main (in /home/jenkins/workspace/build/linux/bin/benchmark_plugingetset)
 n1: 2101 0x4F91DC9: std::__cxx11::basic_string<char, std::char_traits<char>, std::allocator<char> >::_M_mutate(unsigned long, unsigned long, char const*, unsigned long) (in /usr/lib/x86_64-linux-gnu/libstdc++.so.6.0.25)
  n1: 2101 0x4F92B79: std::__cxx11::basic_string<char, std::char_traits<char>, std::allocator<char> >::_M_replace(unsigned long, unsigned long, char const*, unsigned long) (in /usr/lib/x86_64-linux-gnu/libstdc++.so.6.0.25)
   n1: 2101 0x4E578DD: ???
    n1: 2101 0x4E51FF0: ???
     n1: 2101 0x4E4E6DA: ???
      n1: 2101 0x4E4A750: ???
       n1: 2101 0x4E560E2: ???
        n0: 2101 0x1091F8: main (in /home/jenkins/workspace/build/linux/bin/benchmark_plugingetset)
#-----------
snapshot=16
#-----------
time=5238044
mem_heap_B=162047
mem_heap_extra_B=929
mem_stacks_B=0
heap_tree=detailed
n8: 162047 (heap allocation functions) malloc/new/new[], --alloc-fns, etc.
 n1: 72704 0x4F03454: ??? (in /usr/lib/x86_64-linux-gnu/libstdc++.so.6.0.25)
  n1: 72704 0x400F378: call_init.part.0 (dl-init.c:72)
   n1: 72704 0x400F474: _dl_init (dl-init.c:118)
    n1: 72704 0x40132D1: dl_open_worker (dl-open.c:517)
     n1: 72704 0x49B5B2D: _dl_catch_exception (dl-error-skeleton.c:196)
      n1: 72704 0x4012BB8: _dl_open (dl-open.c:599)
       n1: 72704 0x487D254: dlopen_doit (dlopen.c:66)
        n1: 72704 0x49B5B2D: _dl_catch_exception (dl-error-skeleton.c:196)
         n1: 72704 0x49B5BBD: _dl_catch_error (dl-error-skeleton.c:215)
          n1: 72704 0x487D973: _dlerror_run (dlerror.c:163)
           n1: 72704 0x487D2E4: dlopen@@GLIBC_2.2.5 (dlopen.c:87)
            n1: 72704 0x48666EB: elektraModulesLoad (in /home/jenkins/workspace/build/linux/lib/libelektra-core.so.0.8.26)
             n1: 72704 0x484FD71: elektraPluginOpen (in /home/jenkins/workspace/build/linux/lib/libelektra-kdb.so.0.8.26)
              n0: 72704 0x1091E1: main (in /home/jenkins/workspace/build/linux/bin/benchmark_plugingetset)
 n1: 42004 0x4E583B0: ???
  n1: 42004 0x4E57988: ???
   n1: 42004 0x4E51FF0: ???
    n1: 42004 0x4E4E6DA: ???
     n1: 42004 0x4E4A750: ???
      n1: 42004 0x4E560E2: ???
       n0: 42004 0x1091F8: main (in /home/jenkins/workspace/build/linux/bin/benchmark_plugingetset)
 n1: 19200 0x4E595F6: ???
  n1: 19200 0x4E4E6ED: ???
   n1: 19200 0x4E4A750: ???
    n1: 19200 0x4E560E2: ???
     n0: 19200 0x1091F8: main (in /home/jenkins/workspace/build/linux/bin/benchmark_plugingetset)
 n1: 8192 0x4F5F8F6: std::basic_filebuf<char, std::char_traits<char> >::_M_allocate_internal_buffer() (in /usr/lib/x86_64-linux-gnu/libstdc++.so.6.0.25)
  n1: 8192 0x4F63790: std::basic_filebuf<char, std::char_traits<char> >::open(char const*, std::_Ios_Openmode) (in /usr/lib/x86_64-linux-gnu/libstdc++.so.6.0.25)
   n1: 8192 0x4E4E699: ???
    n1: 8192 0x4E4A750: ???
     n1: 8192 0x4E560E2: ???
      n0: 8192 0x1091F8: main (in /home/jenkins/workspace/build/linux/bin/benchmark_plugingetset)
 n0: 7545 in 45 places, all below massif's threshold (1.00%)
 n1: 5962 0x400B2AC: _dl_new_object (dl-object.c:73)
  n1: 5962 0x4005E46: _dl_map_object_from_fd (dl-load.c:1001)
   n2: 5962 0x4008A8B: _dl_map_object (dl-load.c:2466)
    n1: 4766 0x400D290: openaux (dl-deps.c:64)
     n1: 4766 0x49B5B2D: _dl_catch_exception (dl-error-skeleton.c:196)
      n1: 4766 0x400D604: _dl_map_object_deps (dl-deps.c:248)
       n1: 4766 0x401304E: dl_open_worker (dl-open.c:271)
        n1: 4766 0x49B5B2D: _dl_catch_exception (dl-error-skeleton.c:196)
         n1: 4766 0x4012BB8: _dl_open (dl-open.c:599)
          n1: 4766 0x487D254: dlopen_doit (dlopen.c:66)
           n1: 4766 0x49B5B2D: _dl_catch_exception (dl-error-skeleton.c:196)
            n1: 4766 0x49B5BBD: _dl_catch_error (dl-error-skeleton.c:215)
             n1: 4766 0x487D973: _dlerror_run (dlerror.c:163)
              n1: 4766 0x487D2E4: dlopen@@GLIBC_2.2.5 (dlopen.c:87)
               n1: 4766 0x48666EB: elektraModulesLoad (in /home/jenkins/workspace/build/linux/lib/libelektra-core.so.0.8.26)
                n1: 4766 0x484FD71: elektraPluginOpen (in /home/jenkins/workspace/build/linux/lib/libelektra-kdb.so.0.8.26)
                 n0: 4766 0x1091E1: main (in /home/jenkins/workspace/build/linux/bin/benchmark_plugingetset)
    n0: 1196 in 1 place, below massif's threshold (1.00%)
 n1: 4064 0x400A095: do_lookup_x (dl-lookup.c:253)
  n1: 4064 0x400A38D: _dl_lookup_symbol_x (dl-lookup.c:814)
   n1: 4064 0x400BD5C: _dl_relocate_object (dl-machine.h:308)
    n1: 4064 0x401319C: dl_open_worker (dl-open.c:377)
     n1: 4064 0x49B5B2D: _dl_catch_exception (dl-error-skeleton.c:196)
      n1: 4064 0x4012BB8: _dl_open (dl-open.c:599)
       n1: 4064 0x487D254: dlopen_doit (dlopen.c:66)
        n1: 4064 0x49B5B2D: _dl_catch_exception (dl-error-skeleton.c:196)
         n1: 4064 0x49B5BBD: _dl_catch_error (dl-error-skeleton.c:215)
          n1: 4064 0x487D973: _dlerror_run (dlerror.c:163)
           n1: 4064 0x487D2E4: dlopen@@GLIBC_2.2.5 (dlopen.c:87)
            n1: 4064 0x48666EB: elektraModulesLoad (in /home/jenkins/workspace/build/linux/lib/libelektra-core.so.0.8.26)
             n1: 4064 0x484FD71: elektraPluginOpen (in /home/jenkins/workspace/build/linux/lib/libelektra-kdb.so.0.8.26)
              n0: 4064 0x1091E1: main (in /home/jenkins/workspace/build/linux/bin/benchmark_plugingetset)
 n1: 2376 0x4010A1E: _dl_check_map_versions (dl-version.c:274)
  n1: 2376 0x4013094: dl_open_worker (dl-open.c:277)
   n1: 2376 0x49B5B2D: _dl_catch_exception (dl-error-skeleton.c:196)
    n1: 2376 0x4012BB8: _dl_open (dl-open.c:599)
     n1: 2376 0x487D254: dlopen_doit (dlopen.c:66)
      n1: 2376 0x49B5B2D: _dl_catch_exception (dl-error-skeleton.c:196)
       n1: 2376 0x49B5BBD: _dl_catch_error (dl-error-skeleton.c:215)
        n1: 2376 0x487D973: _dlerror_run (dlerror.c:163)
         n1: 2376 0x487D2E4: dlopen@@GLIBC_2.2.5 (dlopen.c:87)
          n1: 2376 0x48666EB: elektraModulesLoad (in /home/jenkins/workspace/build/linux/lib/libelektra-core.so.0.8.26)
           n1: 2376 0x484FD71: elektraPluginOpen (in /home/jenkins/workspace/build/linux/lib/libelektra-kdb.so.0.8.26)
            n0: 2376 0x1091E1: main (in /home/jenkins/workspace/build/linux/bin/benchmark_plugingetset)
#-----------
snapshot=17
#-----------
time=5264647
mem_heap_B=161643
mem_heap_extra_B=941
mem_stacks_B=0
heap_tree=empty
#-----------
snapshot=18
#-----------
time=5300911
mem_heap_B=162585
mem_heap_extra_B=999
mem_stacks_B=0
heap_tree=empty
#-----------
snapshot=19
#-----------
time=5316971
mem_heap_B=162654
mem_heap_extra_B=1042
mem_stacks_B=0
heap_tree=empty
#-----------
snapshot=20
#-----------
time=5346220
mem_heap_B=162589
mem_heap_extra_B=1019
mem_stacks_B=0
heap_tree=empty
#-----------
snapshot=21
#-----------
time=5367929
mem_heap_B=163476
mem_heap_extra_B=1076
mem_stacks_B=0
heap_tree=empty
#-----------
snapshot=22
#-----------
time=5391251
mem_heap_B=164393
mem_heap_extra_B=1175
mem_stacks_B=0
heap_tree=detailed
n9: 164393 (heap allocation functions) malloc/new/new[], --alloc-fns, etc.
 n1: 72704 0x4F03454: ??? (in /usr/lib/x86_64-linux-gnu/libstdc++.so.6.0.25)
  n1: 72704 0x400F378: call_init.part.0 (dl-init.c:72)
   n1: 72704 0x400F474: _dl_init (dl-init.c:118)
    n1: 72704 0x40132D1: dl_open_worker (dl-open.c:517)
     n1: 72704 0x49B5B2D: _dl_catch_exception (dl-error-skeleton.c:196)
      n1: 72704 0x4012BB8: _dl_open (dl-open.c:599)
       n1: 72704 0x487D254: dlopen_doit (dlopen.c:66)
        n1: 72704 0x49B5B2D: _dl_catch_exception (dl-error-skeleton.c:196)
         n1: 72704 0x49B5BBD: _dl_catch_error (dl-error-skeleton.c:215)
          n1: 72704 0x487D973: _dlerror_run (dlerror.c:163)
           n1: 72704 0x487D2E4: dlopen@@GLIBC_2.2.5 (dlopen.c:87)
            n1: 72704 0x48666EB: elektraModulesLoad (in /home/jenkins/workspace/build/linux/lib/libelektra-core.so.0.8.26)
             n1: 72704 0x484FD71: elektraPluginOpen (in /home/jenkins/workspace/build/linux/lib/libelektra-kdb.so.0.8.26)
              n0: 72704 0x1091E1: main (in /home/jenkins/workspace/build/linux/bin/benchmark_plugingetset)
 n1: 42004 0x4E583B0: ???
  n1: 42004 0x4E57988: ???
   n1: 42004 0x4E51FF0: ???
    n1: 42004 0x4E4E6DA: ???
     n1: 42004 0x4E4A750: ???
      n1: 42004 0x4E560E2: ???
       n0: 42004 0x1091F8: main (in /home/jenkins/workspace/build/linux/bin/benchmark_plugingetset)
 n1: 19200 0x4E595F6: ???
  n1: 19200 0x4E4E6ED: ???
   n1: 19200 0x4E4A750: ???
    n1: 19200 0x4E560E2: ???
     n0: 19200 0x1091F8: main (in /home/jenkins/workspace/build/linux/bin/benchmark_plugingetset)
 n1: 8192 0x4F5F8F6: std::basic_filebuf<char, std::char_traits<char> >::_M_allocate_internal_buffer() (in /usr/lib/x86_64-linux-gnu/libstdc++.so.6.0.25)
  n1: 8192 0x4F63790: std::basic_filebuf<char, std::char_traits<char> >::open(char const*, std::_Ios_Openmode) (in /usr/lib/x86_64-linux-gnu/libstdc++.so.6.0.25)
   n1: 8192 0x4E4E699: ???
    n1: 8192 0x4E4A750: ???
     n1: 8192 0x4E560E2: ???
      n0: 8192 0x1091F8: main (in /home/jenkins/workspace/build/linux/bin/benchmark_plugingetset)
 n0: 7593 in 50 places, all below massif's threshold (1.00%)
 n1: 5962 0x400B2AC: _dl_new_object (dl-object.c:73)
  n1: 5962 0x4005E46: _dl_map_object_from_fd (dl-load.c:1001)
   n2: 5962 0x4008A8B: _dl_map_object (dl-load.c:2466)
    n1: 4766 0x400D290: openaux (dl-deps.c:64)
     n1: 4766 0x49B5B2D: _dl_catch_exception (dl-error-skeleton.c:196)
      n1: 4766 0x400D604: _dl_map_object_deps (dl-deps.c:248)
       n1: 4766 0x401304E: dl_open_worker (dl-open.c:271)
        n1: 4766 0x49B5B2D: _dl_catch_exception (dl-error-skeleton.c:196)
         n1: 4766 0x4012BB8: _dl_open (dl-open.c:599)
          n1: 4766 0x487D254: dlopen_doit (dlopen.c:66)
           n1: 4766 0x49B5B2D: _dl_catch_exception (dl-error-skeleton.c:196)
            n1: 4766 0x49B5BBD: _dl_catch_error (dl-error-skeleton.c:215)
             n1: 4766 0x487D973: _dlerror_run (dlerror.c:163)
              n1: 4766 0x487D2E4: dlopen@@GLIBC_2.2.5 (dlopen.c:87)
               n1: 4766 0x48666EB: elektraModulesLoad (in /home/jenkins/workspace/build/linux/lib/libelektra-core.so.0.8.26)
                n1: 4766 0x484FD71: elektraPluginOpen (in /home/jenkins/workspace/build/linux/lib/libelektra-kdb.so.0.8.26)
                 n0: 4766 0x1091E1: main (in /home/jenkins/workspace/build/linux/bin/benchmark_plugingetset)
    n0: 1196 in 1 place, below massif's threshold (1.00%)
 n1: 4064 0x400A095: do_lookup_x (dl-lookup.c:253)
  n1: 4064 0x400A38D: _dl_lookup_symbol_x (dl-lookup.c:814)
   n1: 4064 0x400BD5C: _dl_relocate_object (dl-machine.h:308)
    n1: 4064 0x401319C: dl_open_worker (dl-open.c:377)
     n1: 4064 0x49B5B2D: _dl_catch_exception (dl-error-skeleton.c:196)
      n1: 4064 0x4012BB8: _dl_open (dl-open.c:599)
       n1: 4064 0x487D254: dlopen_doit (dlopen.c:66)
        n1: 4064 0x49B5B2D: _dl_catch_exception (dl-error-skeleton.c:196)
         n1: 4064 0x49B5BBD: _dl_catch_error (dl-error-skeleton.c:215)
          n1: 4064 0x487D973: _dlerror_run (dlerror.c:163)
           n1: 4064 0x487D2E4: dlopen@@GLIBC_2.2.5 (dlopen.c:87)
            n1: 4064 0x48666EB: elektraModulesLoad (in /home/jenkins/workspace/build/linux/lib/libelektra-core.so.0.8.26)
             n1: 4064 0x484FD71: elektraPluginOpen (in /home/jenkins/workspace/build/linux/lib/libelektra-kdb.so.0.8.26)
              n0: 4064 0x1091E1: main (in /home/jenkins/workspace/build/linux/bin/benchmark_plugingetset)
 n1: 2376 0x4010A1E: _dl_check_map_versions (dl-version.c:274)
  n1: 2376 0x4013094: dl_open_worker (dl-open.c:277)
   n1: 2376 0x49B5B2D: _dl_catch_exception (dl-error-skeleton.c:196)
    n1: 2376 0x4012BB8: _dl_open (dl-open.c:599)
     n1: 2376 0x487D254: dlopen_doit (dlopen.c:66)
      n1: 2376 0x49B5B2D: _dl_catch_exception (dl-error-skeleton.c:196)
       n1: 2376 0x49B5BBD: _dl_catch_error (dl-error-skeleton.c:215)
        n1: 2376 0x487D973: _dlerror_run (dlerror.c:163)
         n1: 2376 0x487D2E4: dlopen@@GLIBC_2.2.5 (dlopen.c:87)
          n1: 2376 0x48666EB: elektraModulesLoad (in /home/jenkins/workspace/build/linux/lib/libelektra-core.so.0.8.26)
           n1: 2376 0x484FD71: elektraPluginOpen (in /home/jenkins/workspace/build/linux/lib/libelektra-kdb.so.0.8.26)
            n0: 2376 0x1091E1: main (in /home/jenkins/workspace/build/linux/bin/benchmark_plugingetset)
 n2: 2298 0x485EAE2: elektraRealloc (in /home/jenkins/workspace/build/linux/lib/libelektra-core.so.0.8.26)
  n2: 2252 0x4860B6F: keyAddBaseName (in /home/jenkins/workspace/build/linux/lib/libelektra-core.so.0.8.26)
   n1: 2194 0x4E4CE93: ???
    n1: 2194 0x4E5ABAC: ???
     n1: 2194 0x4E4E701: ???
      n1: 2194 0x4E4A750: ???
       n1: 2194 0x4E560E2: ???
        n0: 2194 0x1091F8: main (in /home/jenkins/workspace/build/linux/bin/benchmark_plugingetset)
   n0: 58 in 1 place, below massif's threshold (1.00%)
  n0: 46 in 1 place, below massif's threshold (1.00%)
#-----------
snapshot=23
#-----------
time=5409584
mem_heap_B=163618
mem_heap_extra_B=1110
mem_stacks_B=0
heap_tree=empty
#-----------
snapshot=24
#-----------
time=5439464
mem_heap_B=164055
mem_heap_extra_B=1137
mem_stacks_B=0
heap_tree=empty
#-----------
snapshot=25
#-----------
time=5462839
mem_heap_B=163172
mem_heap_extra_B=1084
mem_stacks_B=0
heap_tree=empty
#-----------
snapshot=26
#-----------
time=5484295
mem_heap_B=163453
mem_heap_extra_B=1115
mem_stacks_B=0
heap_tree=empty
#-----------
snapshot=27
#-----------
time=5504181
mem_heap_B=163419
mem_heap_extra_B=1109
mem_stacks_B=0
heap_tree=empty
#-----------
snapshot=28
#-----------
time=5520645
mem_heap_B=163661
mem_heap_extra_B=1171
mem_stacks_B=0
heap_tree=empty
#-----------
snapshot=29
#-----------
time=5551360
mem_heap_B=164367
mem_heap_extra_B=1201
mem_stacks_B=0
heap_tree=empty
#-----------
snapshot=30
#-----------
time=5570967
mem_heap_B=165374
mem_heap_extra_B=1250
mem_stacks_B=0
heap_tree=detailed
n9: 165374 (heap allocation functions) malloc/new/new[], --alloc-fns, etc.
 n1: 72704 0x4F03454: ??? (in /usr/lib/x86_64-linux-gnu/libstdc++.so.6.0.25)
  n1: 72704 0x400F378: call_init.part.0 (dl-init.c:72)
   n1: 72704 0x400F474: _dl_init (dl-init.c:118)
    n1: 72704 0x40132D1: dl_open_worker (dl-open.c:517)
     n1: 72704 0x49B5B2D: _dl_catch_exception (dl-error-skeleton.c:196)
      n1: 72704 0x4012BB8: _dl_open (dl-open.c:599)
       n1: 72704 0x487D254: dlopen_doit (dlopen.c:66)
        n1: 72704 0x49B5B2D: _dl_catch_exception (dl-error-skeleton.c:196)
         n1: 72704 0x49B5BBD: _dl_catch_error (dl-error-skeleton.c:215)
          n1: 72704 0x487D973: _dlerror_run (dlerror.c:163)
           n1: 72704 0x487D2E4: dlopen@@GLIBC_2.2.5 (dlopen.c:87)
            n1: 72704 0x48666EB: elektraModulesLoad (in /home/jenkins/workspace/build/linux/lib/libelektra-core.so.0.8.26)
             n1: 72704 0x484FD71: elektraPluginOpen (in /home/jenkins/workspace/build/linux/lib/libelektra-kdb.so.0.8.26)
              n0: 72704 0x1091E1: main (in /home/jenkins/workspace/build/linux/bin/benchmark_plugingetset)
 n1: 42004 0x4E583B0: ???
  n1: 42004 0x4E57988: ???
   n1: 42004 0x4E51FF0: ???
    n1: 42004 0x4E4E6DA: ???
     n1: 42004 0x4E4A750: ???
      n1: 42004 0x4E560E2: ???
       n0: 42004 0x1091F8: main (in /home/jenkins/workspace/build/linux/bin/benchmark_plugingetset)
 n1: 19200 0x4E595F6: ???
  n1: 19200 0x4E4E6ED: ???
   n1: 19200 0x4E4A750: ???
    n1: 19200 0x4E560E2: ???
     n0: 19200 0x1091F8: main (in /home/jenkins/workspace/build/linux/bin/benchmark_plugingetset)
 n1: 8192 0x4F5F8F6: std::basic_filebuf<char, std::char_traits<char> >::_M_allocate_internal_buffer() (in /usr/lib/x86_64-linux-gnu/libstdc++.so.6.0.25)
  n1: 8192 0x4F63790: std::basic_filebuf<char, std::char_traits<char> >::open(char const*, std::_Ios_Openmode) (in /usr/lib/x86_64-linux-gnu/libstdc++.so.6.0.25)
   n1: 8192 0x4E4E699: ???
    n1: 8192 0x4E4A750: ???
     n1: 8192 0x4E560E2: ???
      n0: 8192 0x1091F8: main (in /home/jenkins/workspace/build/linux/bin/benchmark_plugingetset)
 n0: 7996 in 50 places, all below massif's threshold (1.00%)
 n1: 5962 0x400B2AC: _dl_new_object (dl-object.c:73)
  n1: 5962 0x4005E46: _dl_map_object_from_fd (dl-load.c:1001)
   n2: 5962 0x4008A8B: _dl_map_object (dl-load.c:2466)
    n1: 4766 0x400D290: openaux (dl-deps.c:64)
     n1: 4766 0x49B5B2D: _dl_catch_exception (dl-error-skeleton.c:196)
      n1: 4766 0x400D604: _dl_map_object_deps (dl-deps.c:248)
       n1: 4766 0x401304E: dl_open_worker (dl-open.c:271)
        n1: 4766 0x49B5B2D: _dl_catch_exception (dl-error-skeleton.c:196)
         n1: 4766 0x4012BB8: _dl_open (dl-open.c:599)
          n1: 4766 0x487D254: dlopen_doit (dlopen.c:66)
           n1: 4766 0x49B5B2D: _dl_catch_exception (dl-error-skeleton.c:196)
            n1: 4766 0x49B5BBD: _dl_catch_error (dl-error-skeleton.c:215)
             n1: 4766 0x487D973: _dlerror_run (dlerror.c:163)
              n1: 4766 0x487D2E4: dlopen@@GLIBC_2.2.5 (dlopen.c:87)
               n1: 4766 0x48666EB: elektraModulesLoad (in /home/jenkins/workspace/build/linux/lib/libelektra-core.so.0.8.26)
                n1: 4766 0x484FD71: elektraPluginOpen (in /home/jenkins/workspace/build/linux/lib/libelektra-kdb.so.0.8.26)
                 n0: 4766 0x1091E1: main (in /home/jenkins/workspace/build/linux/bin/benchmark_plugingetset)
    n0: 1196 in 1 place, below massif's threshold (1.00%)
 n1: 4064 0x400A095: do_lookup_x (dl-lookup.c:253)
  n1: 4064 0x400A38D: _dl_lookup_symbol_x (dl-lookup.c:814)
   n1: 4064 0x400BD5C: _dl_relocate_object (dl-machine.h:308)
    n1: 4064 0x401319C: dl_open_worker (dl-open.c:377)
     n1: 4064 0x49B5B2D: _dl_catch_exception (dl-error-skeleton.c:196)
      n1: 4064 0x4012BB8: _dl_open (dl-open.c:599)
       n1: 4064 0x487D254: dlopen_doit (dlopen.c:66)
        n1: 4064 0x49B5B2D: _dl_catch_exception (dl-error-skeleton.c:196)
         n1: 4064 0x49B5BBD: _dl_catch_error (dl-error-skeleton.c:215)
          n1: 4064 0x487D973: _dlerror_run (dlerror.c:163)
           n1: 4064 0x487D2E4: dlopen@@GLIBC_2.2.5 (dlopen.c:87)
            n1: 4064 0x48666EB: elektraModulesLoad (in /home/jenkins/workspace/build/linux/lib/libelektra-core.so.0.8.26)
             n1: 4064 0x484FD71: elektraPluginOpen (in /home/jenkins/workspace/build/linux/lib/libelektra-kdb.so.0.8.26)
              n0: 4064 0x1091E1: main (in /home/jenkins/workspace/build/linux/bin/benchmark_plugingetset)
 n2: 2876 0x485EAE2: elektraRealloc (in /home/jenkins/workspace/build/linux/lib/libelektra-core.so.0.8.26)
  n2: 2830 0x4860B6F: keyAddBaseName (in /home/jenkins/workspace/build/linux/lib/libelektra-core.so.0.8.26)
   n1: 2772 0x4E4CE93: ???
    n1: 2772 0x4E5ABAC: ???
     n1: 2772 0x4E4E701: ???
      n1: 2772 0x4E4A750: ???
       n1: 2772 0x4E560E2: ???
        n0: 2772 0x1091F8: main (in /home/jenkins/workspace/build/linux/bin/benchmark_plugingetset)
   n0: 58 in 1 place, below massif's threshold (1.00%)
  n0: 46 in 1 place, below massif's threshold (1.00%)
 n1: 2376 0x4010A1E: _dl_check_map_versions (dl-version.c:274)
  n1: 2376 0x4013094: dl_open_worker (dl-open.c:277)
   n1: 2376 0x49B5B2D: _dl_catch_exception (dl-error-skeleton.c:196)
    n1: 2376 0x4012BB8: _dl_open (dl-open.c:599)
     n1: 2376 0x487D254: dlopen_doit (dlopen.c:66)
      n1: 2376 0x49B5B2D: _dl_catch_exception (dl-error-skeleton.c:196)
       n1: 2376 0x49B5BBD: _dl_catch_error (dl-error-skeleton.c:215)
        n1: 2376 0x487D973: _dlerror_run (dlerror.c:163)
         n1: 2376 0x487D2E4: dlopen@@GLIBC_2.2.5 (dlopen.c:87)
          n1: 2376 0x48666EB: elektraModulesLoad (in /home/jenkins/workspace/build/linux/lib/libelektra-core.so.0.8.26)
           n1: 2376 0x484FD71: elektraPluginOpen (in /home/jenkins/workspace/build/linux/lib/libelektra-kdb.so.0.8.26)
            n0: 2376 0x1091E1: main (in /home/jenkins/workspace/build/linux/bin/benchmark_plugingetset)
#-----------
snapshot=31
#-----------
time=5590419
mem_heap_B=165982
mem_heap_extra_B=1306
mem_stacks_B=0
heap_tree=detailed
n9: 165982 (heap allocation functions) malloc/new/new[], --alloc-fns, etc.
 n1: 72704 0x4F03454: ??? (in /usr/lib/x86_64-linux-gnu/libstdc++.so.6.0.25)
  n1: 72704 0x400F378: call_init.part.0 (dl-init.c:72)
   n1: 72704 0x400F474: _dl_init (dl-init.c:118)
    n1: 72704 0x40132D1: dl_open_worker (dl-open.c:517)
     n1: 72704 0x49B5B2D: _dl_catch_exception (dl-error-skeleton.c:196)
      n1: 72704 0x4012BB8: _dl_open (dl-open.c:599)
       n1: 72704 0x487D254: dlopen_doit (dlopen.c:66)
        n1: 72704 0x49B5B2D: _dl_catch_exception (dl-error-skeleton.c:196)
         n1: 72704 0x49B5BBD: _dl_catch_error (dl-error-skeleton.c:215)
          n1: 72704 0x487D973: _dlerror_run (dlerror.c:163)
           n1: 72704 0x487D2E4: dlopen@@GLIBC_2.2.5 (dlopen.c:87)
            n1: 72704 0x48666EB: elektraModulesLoad (in /home/jenkins/workspace/build/linux/lib/libelektra-core.so.0.8.26)
             n1: 72704 0x484FD71: elektraPluginOpen (in /home/jenkins/workspace/build/linux/lib/libelektra-kdb.so.0.8.26)
              n0: 72704 0x1091E1: main (in /home/jenkins/workspace/build/linux/bin/benchmark_plugingetset)
 n1: 42004 0x4E583B0: ???
  n1: 42004 0x4E57988: ???
   n1: 42004 0x4E51FF0: ???
    n1: 42004 0x4E4E6DA: ???
     n1: 42004 0x4E4A750: ???
      n1: 42004 0x4E560E2: ???
       n0: 42004 0x1091F8: main (in /home/jenkins/workspace/build/linux/bin/benchmark_plugingetset)
 n1: 19200 0x4E595F6: ???
  n1: 19200 0x4E4E6ED: ???
   n1: 19200 0x4E4A750: ???
    n1: 19200 0x4E560E2: ???
     n0: 19200 0x1091F8: main (in /home/jenkins/workspace/build/linux/bin/benchmark_plugingetset)
 n1: 8192 0x4F5F8F6: std::basic_filebuf<char, std::char_traits<char> >::_M_allocate_internal_buffer() (in /usr/lib/x86_64-linux-gnu/libstdc++.so.6.0.25)
  n1: 8192 0x4F63790: std::basic_filebuf<char, std::char_traits<char> >::open(char const*, std::_Ios_Openmode) (in /usr/lib/x86_64-linux-gnu/libstdc++.so.6.0.25)
   n1: 8192 0x4E4E699: ???
    n1: 8192 0x4E4A750: ???
     n1: 8192 0x4E560E2: ???
      n0: 8192 0x1091F8: main (in /home/jenkins/workspace/build/linux/bin/benchmark_plugingetset)
 n0: 8130 in 50 places, all below massif's threshold (1.00%)
 n1: 5962 0x400B2AC: _dl_new_object (dl-object.c:73)
  n1: 5962 0x4005E46: _dl_map_object_from_fd (dl-load.c:1001)
   n2: 5962 0x4008A8B: _dl_map_object (dl-load.c:2466)
    n1: 4766 0x400D290: openaux (dl-deps.c:64)
     n1: 4766 0x49B5B2D: _dl_catch_exception (dl-error-skeleton.c:196)
      n1: 4766 0x400D604: _dl_map_object_deps (dl-deps.c:248)
       n1: 4766 0x401304E: dl_open_worker (dl-open.c:271)
        n1: 4766 0x49B5B2D: _dl_catch_exception (dl-error-skeleton.c:196)
         n1: 4766 0x4012BB8: _dl_open (dl-open.c:599)
          n1: 4766 0x487D254: dlopen_doit (dlopen.c:66)
           n1: 4766 0x49B5B2D: _dl_catch_exception (dl-error-skeleton.c:196)
            n1: 4766 0x49B5BBD: _dl_catch_error (dl-error-skeleton.c:215)
             n1: 4766 0x487D973: _dlerror_run (dlerror.c:163)
              n1: 4766 0x487D2E4: dlopen@@GLIBC_2.2.5 (dlopen.c:87)
               n1: 4766 0x48666EB: elektraModulesLoad (in /home/jenkins/workspace/build/linux/lib/libelektra-core.so.0.8.26)
                n1: 4766 0x484FD71: elektraPluginOpen (in /home/jenkins/workspace/build/linux/lib/libelektra-kdb.so.0.8.26)
                 n0: 4766 0x1091E1: main (in /home/jenkins/workspace/build/linux/bin/benchmark_plugingetset)
    n0: 1196 in 1 place, below massif's threshold (1.00%)
 n1: 4064 0x400A095: do_lookup_x (dl-lookup.c:253)
  n1: 4064 0x400A38D: _dl_lookup_symbol_x (dl-lookup.c:814)
   n1: 4064 0x400BD5C: _dl_relocate_object (dl-machine.h:308)
    n1: 4064 0x401319C: dl_open_worker (dl-open.c:377)
     n1: 4064 0x49B5B2D: _dl_catch_exception (dl-error-skeleton.c:196)
      n1: 4064 0x4012BB8: _dl_open (dl-open.c:599)
       n1: 4064 0x487D254: dlopen_doit (dlopen.c:66)
        n1: 4064 0x49B5B2D: _dl_catch_exception (dl-error-skeleton.c:196)
         n1: 4064 0x49B5BBD: _dl_catch_error (dl-error-skeleton.c:215)
          n1: 4064 0x487D973: _dlerror_run (dlerror.c:163)
           n1: 4064 0x487D2E4: dlopen@@GLIBC_2.2.5 (dlopen.c:87)
            n1: 4064 0x48666EB: elektraModulesLoad (in /home/jenkins/workspace/build/linux/lib/libelektra-core.so.0.8.26)
             n1: 4064 0x484FD71: elektraPluginOpen (in /home/jenkins/workspace/build/linux/lib/libelektra-kdb.so.0.8.26)
              n0: 4064 0x1091E1: main (in /home/jenkins/workspace/build/linux/bin/benchmark_plugingetset)
 n2: 3350 0x485EAE2: elektraRealloc (in /home/jenkins/workspace/build/linux/lib/libelektra-core.so.0.8.26)
  n2: 3304 0x4860B6F: keyAddBaseName (in /home/jenkins/workspace/build/linux/lib/libelektra-core.so.0.8.26)
   n1: 3246 0x4E4CE93: ???
    n1: 3246 0x4E5ABAC: ???
     n1: 3246 0x4E4E701: ???
      n1: 3246 0x4E4A750: ???
       n1: 3246 0x4E560E2: ???
        n0: 3246 0x1091F8: main (in /home/jenkins/workspace/build/linux/bin/benchmark_plugingetset)
   n0: 58 in 1 place, below massif's threshold (1.00%)
  n0: 46 in 1 place, below massif's threshold (1.00%)
 n1: 2376 0x4010A1E: _dl_check_map_versions (dl-version.c:274)
  n1: 2376 0x4013094: dl_open_worker (dl-open.c:277)
   n1: 2376 0x49B5B2D: _dl_catch_exception (dl-error-skeleton.c:196)
    n1: 2376 0x4012BB8: _dl_open (dl-open.c:599)
     n1: 2376 0x487D254: dlopen_doit (dlopen.c:66)
      n1: 2376 0x49B5B2D: _dl_catch_exception (dl-error-skeleton.c:196)
       n1: 2376 0x49B5BBD: _dl_catch_error (dl-error-skeleton.c:215)
        n1: 2376 0x487D973: _dlerror_run (dlerror.c:163)
         n1: 2376 0x487D2E4: dlopen@@GLIBC_2.2.5 (dlopen.c:87)
          n1: 2376 0x48666EB: elektraModulesLoad (in /home/jenkins/workspace/build/linux/lib/libelektra-core.so.0.8.26)
           n1: 2376 0x484FD71: elektraPluginOpen (in /home/jenkins/workspace/build/linux/lib/libelektra-kdb.so.0.8.26)
            n0: 2376 0x1091E1: main (in /home/jenkins/workspace/build/linux/bin/benchmark_plugingetset)
#-----------
snapshot=32
#-----------
time=5613678
mem_heap_B=164771
mem_heap_extra_B=1221
mem_stacks_B=0
heap_tree=empty
#-----------
snapshot=33
#-----------
time=5648951
mem_heap_B=164268
mem_heap_extra_B=1220
mem_stacks_B=0
heap_tree=empty
#-----------
snapshot=34
#-----------
time=5675694
mem_heap_B=164974
mem_heap_extra_B=1234
mem_stacks_B=0
heap_tree=empty
#-----------
snapshot=35
#-----------
time=5696428
mem_heap_B=166019
mem_heap_extra_B=1293
mem_stacks_B=0
heap_tree=empty
#-----------
snapshot=36
#-----------
time=5727685
mem_heap_B=165053
mem_heap_extra_B=1251
mem_stacks_B=0
heap_tree=empty
#-----------
snapshot=37
#-----------
time=5761500
mem_heap_B=166016
mem_heap_extra_B=1336
mem_stacks_B=0
heap_tree=empty
#-----------
snapshot=38
#-----------
time=5784383
mem_heap_B=164783
mem_heap_extra_B=1217
mem_stacks_B=0
heap_tree=detailed
n9: 164783 (heap allocation functions) malloc/new/new[], --alloc-fns, etc.
 n1: 72704 0x4F03454: ??? (in /usr/lib/x86_64-linux-gnu/libstdc++.so.6.0.25)
  n1: 72704 0x400F378: call_init.part.0 (dl-init.c:72)
   n1: 72704 0x400F474: _dl_init (dl-init.c:118)
    n1: 72704 0x40132D1: dl_open_worker (dl-open.c:517)
     n1: 72704 0x49B5B2D: _dl_catch_exception (dl-error-skeleton.c:196)
      n1: 72704 0x4012BB8: _dl_open (dl-open.c:599)
       n1: 72704 0x487D254: dlopen_doit (dlopen.c:66)
        n1: 72704 0x49B5B2D: _dl_catch_exception (dl-error-skeleton.c:196)
         n1: 72704 0x49B5BBD: _dl_catch_error (dl-error-skeleton.c:215)
          n1: 72704 0x487D973: _dlerror_run (dlerror.c:163)
           n1: 72704 0x487D2E4: dlopen@@GLIBC_2.2.5 (dlopen.c:87)
            n1: 72704 0x48666EB: elektraModulesLoad (in /home/jenkins/workspace/build/linux/lib/libelektra-core.so.0.8.26)
             n1: 72704 0x484FD71: elektraPluginOpen (in /home/jenkins/workspace/build/linux/lib/libelektra-kdb.so.0.8.26)
              n0: 72704 0x1091E1: main (in /home/jenkins/workspace/build/linux/bin/benchmark_plugingetset)
 n1: 42004 0x4E583B0: ???
  n1: 42004 0x4E57988: ???
   n1: 42004 0x4E51FF0: ???
    n1: 42004 0x4E4E6DA: ???
     n1: 42004 0x4E4A750: ???
      n1: 42004 0x4E560E2: ???
       n0: 42004 0x1091F8: main (in /home/jenkins/workspace/build/linux/bin/benchmark_plugingetset)
 n1: 19200 0x4E595F6: ???
  n1: 19200 0x4E4E6ED: ???
   n1: 19200 0x4E4A750: ???
    n1: 19200 0x4E560E2: ???
     n0: 19200 0x1091F8: main (in /home/jenkins/workspace/build/linux/bin/benchmark_plugingetset)
 n1: 8192 0x4F5F8F6: std::basic_filebuf<char, std::char_traits<char> >::_M_allocate_internal_buffer() (in /usr/lib/x86_64-linux-gnu/libstdc++.so.6.0.25)
  n1: 8192 0x4F63790: std::basic_filebuf<char, std::char_traits<char> >::open(char const*, std::_Ios_Openmode) (in /usr/lib/x86_64-linux-gnu/libstdc++.so.6.0.25)
   n1: 8192 0x4E4E699: ???
    n1: 8192 0x4E4A750: ???
     n1: 8192 0x4E560E2: ???
      n0: 8192 0x1091F8: main (in /home/jenkins/workspace/build/linux/bin/benchmark_plugingetset)
 n0: 7465 in 50 places, all below massif's threshold (1.00%)
 n1: 5962 0x400B2AC: _dl_new_object (dl-object.c:73)
  n1: 5962 0x4005E46: _dl_map_object_from_fd (dl-load.c:1001)
   n2: 5962 0x4008A8B: _dl_map_object (dl-load.c:2466)
    n1: 4766 0x400D290: openaux (dl-deps.c:64)
     n1: 4766 0x49B5B2D: _dl_catch_exception (dl-error-skeleton.c:196)
      n1: 4766 0x400D604: _dl_map_object_deps (dl-deps.c:248)
       n1: 4766 0x401304E: dl_open_worker (dl-open.c:271)
        n1: 4766 0x49B5B2D: _dl_catch_exception (dl-error-skeleton.c:196)
         n1: 4766 0x4012BB8: _dl_open (dl-open.c:599)
          n1: 4766 0x487D254: dlopen_doit (dlopen.c:66)
           n1: 4766 0x49B5B2D: _dl_catch_exception (dl-error-skeleton.c:196)
            n1: 4766 0x49B5BBD: _dl_catch_error (dl-error-skeleton.c:215)
             n1: 4766 0x487D973: _dlerror_run (dlerror.c:163)
              n1: 4766 0x487D2E4: dlopen@@GLIBC_2.2.5 (dlopen.c:87)
               n1: 4766 0x48666EB: elektraModulesLoad (in /home/jenkins/workspace/build/linux/lib/libelektra-core.so.0.8.26)
                n1: 4766 0x484FD71: elektraPluginOpen (in /home/jenkins/workspace/build/linux/lib/libelektra-kdb.so.0.8.26)
                 n0: 4766 0x1091E1: main (in /home/jenkins/workspace/build/linux/bin/benchmark_plugingetset)
    n0: 1196 in 1 place, below massif's threshold (1.00%)
 n1: 4064 0x400A095: do_lookup_x (dl-lookup.c:253)
  n1: 4064 0x400A38D: _dl_lookup_symbol_x (dl-lookup.c:814)
   n1: 4064 0x400BD5C: _dl_relocate_object (dl-machine.h:308)
    n1: 4064 0x401319C: dl_open_worker (dl-open.c:377)
     n1: 4064 0x49B5B2D: _dl_catch_exception (dl-error-skeleton.c:196)
      n1: 4064 0x4012BB8: _dl_open (dl-open.c:599)
       n1: 4064 0x487D254: dlopen_doit (dlopen.c:66)
        n1: 4064 0x49B5B2D: _dl_catch_exception (dl-error-skeleton.c:196)
         n1: 4064 0x49B5BBD: _dl_catch_error (dl-error-skeleton.c:215)
          n1: 4064 0x487D973: _dlerror_run (dlerror.c:163)
           n1: 4064 0x487D2E4: dlopen@@GLIBC_2.2.5 (dlopen.c:87)
            n1: 4064 0x48666EB: elektraModulesLoad (in /home/jenkins/workspace/build/linux/lib/libelektra-core.so.0.8.26)
             n1: 4064 0x484FD71: elektraPluginOpen (in /home/jenkins/workspace/build/linux/lib/libelektra-kdb.so.0.8.26)
              n0: 4064 0x1091E1: main (in /home/jenkins/workspace/build/linux/bin/benchmark_plugingetset)
 n2: 2816 0x485EAE2: elektraRealloc (in /home/jenkins/workspace/build/linux/lib/libelektra-core.so.0.8.26)
  n2: 2770 0x4860B6F: keyAddBaseName (in /home/jenkins/workspace/build/linux/lib/libelektra-core.so.0.8.26)
   n1: 2712 0x4E4CE93: ???
    n1: 2712 0x4E5ABAC: ???
     n1: 2712 0x4E4E701: ???
      n1: 2712 0x4E4A750: ???
       n1: 2712 0x4E560E2: ???
        n0: 2712 0x1091F8: main (in /home/jenkins/workspace/build/linux/bin/benchmark_plugingetset)
   n0: 58 in 1 place, below massif's threshold (1.00%)
  n0: 46 in 1 place, below massif's threshold (1.00%)
 n1: 2376 0x4010A1E: _dl_check_map_versions (dl-version.c:274)
  n1: 2376 0x4013094: dl_open_worker (dl-open.c:277)
   n1: 2376 0x49B5B2D: _dl_catch_exception (dl-error-skeleton.c:196)
    n1: 2376 0x4012BB8: _dl_open (dl-open.c:599)
     n1: 2376 0x487D254: dlopen_doit (dlopen.c:66)
      n1: 2376 0x49B5B2D: _dl_catch_exception (dl-error-skeleton.c:196)
       n1: 2376 0x49B5BBD: _dl_catch_error (dl-error-skeleton.c:215)
        n1: 2376 0x487D973: _dlerror_run (dlerror.c:163)
         n1: 2376 0x487D2E4: dlopen@@GLIBC_2.2.5 (dlopen.c:87)
          n1: 2376 0x48666EB: elektraModulesLoad (in /home/jenkins/workspace/build/linux/lib/libelektra-core.so.0.8.26)
           n1: 2376 0x484FD71: elektraPluginOpen (in /home/jenkins/workspace/build/linux/lib/libelektra-kdb.so.0.8.26)
            n0: 2376 0x1091E1: main (in /home/jenkins/workspace/build/linux/bin/benchmark_plugingetset)
#-----------
snapshot=39
#-----------
time=5819581
mem_heap_B=165159
mem_heap_extra_B=1297
mem_stacks_B=0
heap_tree=empty
#-----------
snapshot=40
#-----------
time=5848887
mem_heap_B=165717
mem_heap_extra_B=1363
mem_stacks_B=0
heap_tree=empty
#-----------
snapshot=41
#-----------
time=5872024
mem_heap_B=166203
mem_heap_extra_B=1373
mem_stacks_B=0
heap_tree=empty
#-----------
snapshot=42
#-----------
time=5895276
mem_heap_B=167673
mem_heap_extra_B=1479
mem_stacks_B=0
heap_tree=detailed
n9: 167673 (heap allocation functions) malloc/new/new[], --alloc-fns, etc.
 n1: 72704 0x4F03454: ??? (in /usr/lib/x86_64-linux-gnu/libstdc++.so.6.0.25)
  n1: 72704 0x400F378: call_init.part.0 (dl-init.c:72)
   n1: 72704 0x400F474: _dl_init (dl-init.c:118)
    n1: 72704 0x40132D1: dl_open_worker (dl-open.c:517)
     n1: 72704 0x49B5B2D: _dl_catch_exception (dl-error-skeleton.c:196)
      n1: 72704 0x4012BB8: _dl_open (dl-open.c:599)
       n1: 72704 0x487D254: dlopen_doit (dlopen.c:66)
        n1: 72704 0x49B5B2D: _dl_catch_exception (dl-error-skeleton.c:196)
         n1: 72704 0x49B5BBD: _dl_catch_error (dl-error-skeleton.c:215)
          n1: 72704 0x487D973: _dlerror_run (dlerror.c:163)
           n1: 72704 0x487D2E4: dlopen@@GLIBC_2.2.5 (dlopen.c:87)
            n1: 72704 0x48666EB: elektraModulesLoad (in /home/jenkins/workspace/build/linux/lib/libelektra-core.so.0.8.26)
             n1: 72704 0x484FD71: elektraPluginOpen (in /home/jenkins/workspace/build/linux/lib/libelektra-kdb.so.0.8.26)
              n0: 72704 0x1091E1: main (in /home/jenkins/workspace/build/linux/bin/benchmark_plugingetset)
 n1: 42004 0x4E583B0: ???
  n1: 42004 0x4E57988: ???
   n1: 42004 0x4E51FF0: ???
    n1: 42004 0x4E4E6DA: ???
     n1: 42004 0x4E4A750: ???
      n1: 42004 0x4E560E2: ???
       n0: 42004 0x1091F8: main (in /home/jenkins/workspace/build/linux/bin/benchmark_plugingetset)
 n1: 19200 0x4E595F6: ???
  n1: 19200 0x4E4E6ED: ???
   n1: 19200 0x4E4A750: ???
    n1: 19200 0x4E560E2: ???
     n0: 19200 0x1091F8: main (in /home/jenkins/workspace/build/linux/bin/benchmark_plugingetset)
 n0: 8991 in 50 places, all below massif's threshold (1.00%)
 n1: 8192 0x4F5F8F6: std::basic_filebuf<char, std::char_traits<char> >::_M_allocate_internal_buffer() (in /usr/lib/x86_64-linux-gnu/libstdc++.so.6.0.25)
  n1: 8192 0x4F63790: std::basic_filebuf<char, std::char_traits<char> >::open(char const*, std::_Ios_Openmode) (in /usr/lib/x86_64-linux-gnu/libstdc++.so.6.0.25)
   n1: 8192 0x4E4E699: ???
    n1: 8192 0x4E4A750: ???
     n1: 8192 0x4E560E2: ???
      n0: 8192 0x1091F8: main (in /home/jenkins/workspace/build/linux/bin/benchmark_plugingetset)
 n1: 5962 0x400B2AC: _dl_new_object (dl-object.c:73)
  n1: 5962 0x4005E46: _dl_map_object_from_fd (dl-load.c:1001)
   n2: 5962 0x4008A8B: _dl_map_object (dl-load.c:2466)
    n1: 4766 0x400D290: openaux (dl-deps.c:64)
     n1: 4766 0x49B5B2D: _dl_catch_exception (dl-error-skeleton.c:196)
      n1: 4766 0x400D604: _dl_map_object_deps (dl-deps.c:248)
       n1: 4766 0x401304E: dl_open_worker (dl-open.c:271)
        n1: 4766 0x49B5B2D: _dl_catch_exception (dl-error-skeleton.c:196)
         n1: 4766 0x4012BB8: _dl_open (dl-open.c:599)
          n1: 4766 0x487D254: dlopen_doit (dlopen.c:66)
           n1: 4766 0x49B5B2D: _dl_catch_exception (dl-error-skeleton.c:196)
            n1: 4766 0x49B5BBD: _dl_catch_error (dl-error-skeleton.c:215)
             n1: 4766 0x487D973: _dlerror_run (dlerror.c:163)
              n1: 4766 0x487D2E4: dlopen@@GLIBC_2.2.5 (dlopen.c:87)
               n1: 4766 0x48666EB: elektraModulesLoad (in /home/jenkins/workspace/build/linux/lib/libelektra-core.so.0.8.26)
                n1: 4766 0x484FD71: elektraPluginOpen (in /home/jenkins/workspace/build/linux/lib/libelektra-kdb.so.0.8.26)
                 n0: 4766 0x1091E1: main (in /home/jenkins/workspace/build/linux/bin/benchmark_plugingetset)
    n0: 1196 in 1 place, below massif's threshold (1.00%)
 n2: 4180 0x485EAE2: elektraRealloc (in /home/jenkins/workspace/build/linux/lib/libelektra-core.so.0.8.26)
  n2: 4134 0x4860B6F: keyAddBaseName (in /home/jenkins/workspace/build/linux/lib/libelektra-core.so.0.8.26)
   n1: 4076 0x4E4CE93: ???
    n1: 4076 0x4E5ABAC: ???
     n1: 4076 0x4E4E701: ???
      n1: 4076 0x4E4A750: ???
       n1: 4076 0x4E560E2: ???
        n0: 4076 0x1091F8: main (in /home/jenkins/workspace/build/linux/bin/benchmark_plugingetset)
   n0: 58 in 1 place, below massif's threshold (1.00%)
  n0: 46 in 1 place, below massif's threshold (1.00%)
 n1: 4064 0x400A095: do_lookup_x (dl-lookup.c:253)
  n1: 4064 0x400A38D: _dl_lookup_symbol_x (dl-lookup.c:814)
   n1: 4064 0x400BD5C: _dl_relocate_object (dl-machine.h:308)
    n1: 4064 0x401319C: dl_open_worker (dl-open.c:377)
     n1: 4064 0x49B5B2D: _dl_catch_exception (dl-error-skeleton.c:196)
      n1: 4064 0x4012BB8: _dl_open (dl-open.c:599)
       n1: 4064 0x487D254: dlopen_doit (dlopen.c:66)
        n1: 4064 0x49B5B2D: _dl_catch_exception (dl-error-skeleton.c:196)
         n1: 4064 0x49B5BBD: _dl_catch_error (dl-error-skeleton.c:215)
          n1: 4064 0x487D973: _dlerror_run (dlerror.c:163)
           n1: 4064 0x487D2E4: dlopen@@GLIBC_2.2.5 (dlopen.c:87)
            n1: 4064 0x48666EB: elektraModulesLoad (in /home/jenkins/workspace/build/linux/lib/libelektra-core.so.0.8.26)
             n1: 4064 0x484FD71: elektraPluginOpen (in /home/jenkins/workspace/build/linux/lib/libelektra-kdb.so.0.8.26)
              n0: 4064 0x1091E1: main (in /home/jenkins/workspace/build/linux/bin/benchmark_plugingetset)
 n1: 2376 0x4010A1E: _dl_check_map_versions (dl-version.c:274)
  n1: 2376 0x4013094: dl_open_worker (dl-open.c:277)
   n1: 2376 0x49B5B2D: _dl_catch_exception (dl-error-skeleton.c:196)
    n1: 2376 0x4012BB8: _dl_open (dl-open.c:599)
     n1: 2376 0x487D254: dlopen_doit (dlopen.c:66)
      n1: 2376 0x49B5B2D: _dl_catch_exception (dl-error-skeleton.c:196)
       n1: 2376 0x49B5BBD: _dl_catch_error (dl-error-skeleton.c:215)
        n1: 2376 0x487D973: _dlerror_run (dlerror.c:163)
         n1: 2376 0x487D2E4: dlopen@@GLIBC_2.2.5 (dlopen.c:87)
          n1: 2376 0x48666EB: elektraModulesLoad (in /home/jenkins/workspace/build/linux/lib/libelektra-core.so.0.8.26)
           n1: 2376 0x484FD71: elektraPluginOpen (in /home/jenkins/workspace/build/linux/lib/libelektra-kdb.so.0.8.26)
            n0: 2376 0x1091E1: main (in /home/jenkins/workspace/build/linux/bin/benchmark_plugingetset)
#-----------
snapshot=43
#-----------
time=5912488
mem_heap_B=165491
mem_heap_extra_B=1293
mem_stacks_B=0
heap_tree=empty
#-----------
snapshot=44
#-----------
time=5933359
mem_heap_B=166413
mem_heap_extra_B=1371
mem_stacks_B=0
heap_tree=empty
#-----------
snapshot=45
#-----------
time=5967276
mem_heap_B=166706
mem_heap_extra_B=1422
mem_stacks_B=0
heap_tree=empty
#-----------
snapshot=46
#-----------
time=5985483
mem_heap_B=167975
mem_heap_extra_B=1433
mem_stacks_B=0
heap_tree=empty
#-----------
snapshot=47
#-----------
time=6011440
mem_heap_B=168222
mem_heap_extra_B=1458
mem_stacks_B=0
heap_tree=detailed
n9: 168222 (heap allocation functions) malloc/new/new[], --alloc-fns, etc.
 n1: 72704 0x4F03454: ??? (in /usr/lib/x86_64-linux-gnu/libstdc++.so.6.0.25)
  n1: 72704 0x400F378: call_init.part.0 (dl-init.c:72)
   n1: 72704 0x400F474: _dl_init (dl-init.c:118)
    n1: 72704 0x40132D1: dl_open_worker (dl-open.c:517)
     n1: 72704 0x49B5B2D: _dl_catch_exception (dl-error-skeleton.c:196)
      n1: 72704 0x4012BB8: _dl_open (dl-open.c:599)
       n1: 72704 0x487D254: dlopen_doit (dlopen.c:66)
        n1: 72704 0x49B5B2D: _dl_catch_exception (dl-error-skeleton.c:196)
         n1: 72704 0x49B5BBD: _dl_catch_error (dl-error-skeleton.c:215)
          n1: 72704 0x487D973: _dlerror_run (dlerror.c:163)
           n1: 72704 0x487D2E4: dlopen@@GLIBC_2.2.5 (dlopen.c:87)
            n1: 72704 0x48666EB: elektraModulesLoad (in /home/jenkins/workspace/build/linux/lib/libelektra-core.so.0.8.26)
             n1: 72704 0x484FD71: elektraPluginOpen (in /home/jenkins/workspace/build/linux/lib/libelektra-kdb.so.0.8.26)
              n0: 72704 0x1091E1: main (in /home/jenkins/workspace/build/linux/bin/benchmark_plugingetset)
 n1: 42004 0x4E583B0: ???
  n1: 42004 0x4E57988: ???
   n1: 42004 0x4E51FF0: ???
    n1: 42004 0x4E4E6DA: ???
     n1: 42004 0x4E4A750: ???
      n1: 42004 0x4E560E2: ???
       n0: 42004 0x1091F8: main (in /home/jenkins/workspace/build/linux/bin/benchmark_plugingetset)
 n1: 19200 0x4E595F6: ???
  n1: 19200 0x4E4E6ED: ???
   n1: 19200 0x4E4A750: ???
    n1: 19200 0x4E560E2: ???
     n0: 19200 0x1091F8: main (in /home/jenkins/workspace/build/linux/bin/benchmark_plugingetset)
 n1: 8192 0x4F5F8F6: std::basic_filebuf<char, std::char_traits<char> >::_M_allocate_internal_buffer() (in /usr/lib/x86_64-linux-gnu/libstdc++.so.6.0.25)
  n1: 8192 0x4F63790: std::basic_filebuf<char, std::char_traits<char> >::open(char const*, std::_Ios_Openmode) (in /usr/lib/x86_64-linux-gnu/libstdc++.so.6.0.25)
   n1: 8192 0x4E4E699: ???
    n1: 8192 0x4E4A750: ???
     n1: 8192 0x4E560E2: ???
      n0: 8192 0x1091F8: main (in /home/jenkins/workspace/build/linux/bin/benchmark_plugingetset)
 n0: 8118 in 50 places, all below massif's threshold (1.00%)
 n1: 5962 0x400B2AC: _dl_new_object (dl-object.c:73)
  n1: 5962 0x4005E46: _dl_map_object_from_fd (dl-load.c:1001)
   n2: 5962 0x4008A8B: _dl_map_object (dl-load.c:2466)
    n1: 4766 0x400D290: openaux (dl-deps.c:64)
     n1: 4766 0x49B5B2D: _dl_catch_exception (dl-error-skeleton.c:196)
      n1: 4766 0x400D604: _dl_map_object_deps (dl-deps.c:248)
       n1: 4766 0x401304E: dl_open_worker (dl-open.c:271)
        n1: 4766 0x49B5B2D: _dl_catch_exception (dl-error-skeleton.c:196)
         n1: 4766 0x4012BB8: _dl_open (dl-open.c:599)
          n1: 4766 0x487D254: dlopen_doit (dlopen.c:66)
           n1: 4766 0x49B5B2D: _dl_catch_exception (dl-error-skeleton.c:196)
            n1: 4766 0x49B5BBD: _dl_catch_error (dl-error-skeleton.c:215)
             n1: 4766 0x487D973: _dlerror_run (dlerror.c:163)
              n1: 4766 0x487D2E4: dlopen@@GLIBC_2.2.5 (dlopen.c:87)
               n1: 4766 0x48666EB: elektraModulesLoad (in /home/jenkins/workspace/build/linux/lib/libelektra-core.so.0.8.26)
                n1: 4766 0x484FD71: elektraPluginOpen (in /home/jenkins/workspace/build/linux/lib/libelektra-kdb.so.0.8.26)
                 n0: 4766 0x1091E1: main (in /home/jenkins/workspace/build/linux/bin/benchmark_plugingetset)
    n0: 1196 in 1 place, below massif's threshold (1.00%)
 n2: 5602 0x485EAE2: elektraRealloc (in /home/jenkins/workspace/build/linux/lib/libelektra-core.so.0.8.26)
  n2: 5556 0x4860B6F: keyAddBaseName (in /home/jenkins/workspace/build/linux/lib/libelektra-core.so.0.8.26)
   n1: 5498 0x4E4CE93: ???
    n1: 5498 0x4E5ABAC: ???
     n1: 5498 0x4E4E701: ???
      n1: 5498 0x4E4A750: ???
       n1: 5498 0x4E560E2: ???
        n0: 5498 0x1091F8: main (in /home/jenkins/workspace/build/linux/bin/benchmark_plugingetset)
   n0: 58 in 1 place, below massif's threshold (1.00%)
  n0: 46 in 1 place, below massif's threshold (1.00%)
 n1: 4064 0x400A095: do_lookup_x (dl-lookup.c:253)
  n1: 4064 0x400A38D: _dl_lookup_symbol_x (dl-lookup.c:814)
   n1: 4064 0x400BD5C: _dl_relocate_object (dl-machine.h:308)
    n1: 4064 0x401319C: dl_open_worker (dl-open.c:377)
     n1: 4064 0x49B5B2D: _dl_catch_exception (dl-error-skeleton.c:196)
      n1: 4064 0x4012BB8: _dl_open (dl-open.c:599)
       n1: 4064 0x487D254: dlopen_doit (dlopen.c:66)
        n1: 4064 0x49B5B2D: _dl_catch_exception (dl-error-skeleton.c:196)
         n1: 4064 0x49B5BBD: _dl_catch_error (dl-error-skeleton.c:215)
          n1: 4064 0x487D973: _dlerror_run (dlerror.c:163)
           n1: 4064 0x487D2E4: dlopen@@GLIBC_2.2.5 (dlopen.c:87)
            n1: 4064 0x48666EB: elektraModulesLoad (in /home/jenkins/workspace/build/linux/lib/libelektra-core.so.0.8.26)
             n1: 4064 0x484FD71: elektraPluginOpen (in /home/jenkins/workspace/build/linux/lib/libelektra-kdb.so.0.8.26)
              n0: 4064 0x1091E1: main (in /home/jenkins/workspace/build/linux/bin/benchmark_plugingetset)
 n1: 2376 0x4010A1E: _dl_check_map_versions (dl-version.c:274)
  n1: 2376 0x4013094: dl_open_worker (dl-open.c:277)
   n1: 2376 0x49B5B2D: _dl_catch_exception (dl-error-skeleton.c:196)
    n1: 2376 0x4012BB8: _dl_open (dl-open.c:599)
     n1: 2376 0x487D254: dlopen_doit (dlopen.c:66)
      n1: 2376 0x49B5B2D: _dl_catch_exception (dl-error-skeleton.c:196)
       n1: 2376 0x49B5BBD: _dl_catch_error (dl-error-skeleton.c:215)
        n1: 2376 0x487D973: _dlerror_run (dlerror.c:163)
         n1: 2376 0x487D2E4: dlopen@@GLIBC_2.2.5 (dlopen.c:87)
          n1: 2376 0x48666EB: elektraModulesLoad (in /home/jenkins/workspace/build/linux/lib/libelektra-core.so.0.8.26)
           n1: 2376 0x484FD71: elektraPluginOpen (in /home/jenkins/workspace/build/linux/lib/libelektra-kdb.so.0.8.26)
            n0: 2376 0x1091E1: main (in /home/jenkins/workspace/build/linux/bin/benchmark_plugingetset)
#-----------
snapshot=48
#-----------
time=6028252
mem_heap_B=170161
mem_heap_extra_B=1575
mem_stacks_B=0
heap_tree=peak
n9: 170161 (heap allocation functions) malloc/new/new[], --alloc-fns, etc.
 n1: 72704 0x4F03454: ??? (in /usr/lib/x86_64-linux-gnu/libstdc++.so.6.0.25)
  n1: 72704 0x400F378: call_init.part.0 (dl-init.c:72)
   n1: 72704 0x400F474: _dl_init (dl-init.c:118)
    n1: 72704 0x40132D1: dl_open_worker (dl-open.c:517)
     n1: 72704 0x49B5B2D: _dl_catch_exception (dl-error-skeleton.c:196)
      n1: 72704 0x4012BB8: _dl_open (dl-open.c:599)
       n1: 72704 0x487D254: dlopen_doit (dlopen.c:66)
        n1: 72704 0x49B5B2D: _dl_catch_exception (dl-error-skeleton.c:196)
         n1: 72704 0x49B5BBD: _dl_catch_error (dl-error-skeleton.c:215)
          n1: 72704 0x487D973: _dlerror_run (dlerror.c:163)
           n1: 72704 0x487D2E4: dlopen@@GLIBC_2.2.5 (dlopen.c:87)
            n1: 72704 0x48666EB: elektraModulesLoad (in /home/jenkins/workspace/build/linux/lib/libelektra-core.so.0.8.26)
             n1: 72704 0x484FD71: elektraPluginOpen (in /home/jenkins/workspace/build/linux/lib/libelektra-kdb.so.0.8.26)
              n0: 72704 0x1091E1: main (in /home/jenkins/workspace/build/linux/bin/benchmark_plugingetset)
 n1: 42004 0x4E583B0: ???
  n1: 42004 0x4E57988: ???
   n1: 42004 0x4E51FF0: ???
    n1: 42004 0x4E4E6DA: ???
     n1: 42004 0x4E4A750: ???
      n1: 42004 0x4E560E2: ???
       n0: 42004 0x1091F8: main (in /home/jenkins/workspace/build/linux/bin/benchmark_plugingetset)
 n1: 19200 0x4E595F6: ???
  n1: 19200 0x4E4E6ED: ???
   n1: 19200 0x4E4A750: ???
    n1: 19200 0x4E560E2: ???
     n0: 19200 0x1091F8: main (in /home/jenkins/workspace/build/linux/bin/benchmark_plugingetset)
 n0: 9435 in 50 places, all below massif's threshold (1.00%)
 n1: 8192 0x4F5F8F6: std::basic_filebuf<char, std::char_traits<char> >::_M_allocate_internal_buffer() (in /usr/lib/x86_64-linux-gnu/libstdc++.so.6.0.25)
  n1: 8192 0x4F63790: std::basic_filebuf<char, std::char_traits<char> >::open(char const*, std::_Ios_Openmode) (in /usr/lib/x86_64-linux-gnu/libstdc++.so.6.0.25)
   n1: 8192 0x4E4E699: ???
    n1: 8192 0x4E4A750: ???
     n1: 8192 0x4E560E2: ???
      n0: 8192 0x1091F8: main (in /home/jenkins/workspace/build/linux/bin/benchmark_plugingetset)
 n2: 6224 0x485EAE2: elektraRealloc (in /home/jenkins/workspace/build/linux/lib/libelektra-core.so.0.8.26)
  n2: 6178 0x4860B6F: keyAddBaseName (in /home/jenkins/workspace/build/linux/lib/libelektra-core.so.0.8.26)
   n1: 6120 0x4E4CE93: ???
    n1: 6120 0x4E5ABAC: ???
     n1: 6120 0x4E4E701: ???
      n1: 6120 0x4E4A750: ???
       n1: 6120 0x4E560E2: ???
        n0: 6120 0x1091F8: main (in /home/jenkins/workspace/build/linux/bin/benchmark_plugingetset)
   n0: 58 in 1 place, below massif's threshold (1.00%)
  n0: 46 in 1 place, below massif's threshold (1.00%)
 n1: 5962 0x400B2AC: _dl_new_object (dl-object.c:73)
  n1: 5962 0x4005E46: _dl_map_object_from_fd (dl-load.c:1001)
   n2: 5962 0x4008A8B: _dl_map_object (dl-load.c:2466)
    n1: 4766 0x400D290: openaux (dl-deps.c:64)
     n1: 4766 0x49B5B2D: _dl_catch_exception (dl-error-skeleton.c:196)
      n1: 4766 0x400D604: _dl_map_object_deps (dl-deps.c:248)
       n1: 4766 0x401304E: dl_open_worker (dl-open.c:271)
        n1: 4766 0x49B5B2D: _dl_catch_exception (dl-error-skeleton.c:196)
         n1: 4766 0x4012BB8: _dl_open (dl-open.c:599)
          n1: 4766 0x487D254: dlopen_doit (dlopen.c:66)
           n1: 4766 0x49B5B2D: _dl_catch_exception (dl-error-skeleton.c:196)
            n1: 4766 0x49B5BBD: _dl_catch_error (dl-error-skeleton.c:215)
             n1: 4766 0x487D973: _dlerror_run (dlerror.c:163)
              n1: 4766 0x487D2E4: dlopen@@GLIBC_2.2.5 (dlopen.c:87)
               n1: 4766 0x48666EB: elektraModulesLoad (in /home/jenkins/workspace/build/linux/lib/libelektra-core.so.0.8.26)
                n1: 4766 0x484FD71: elektraPluginOpen (in /home/jenkins/workspace/build/linux/lib/libelektra-kdb.so.0.8.26)
                 n0: 4766 0x1091E1: main (in /home/jenkins/workspace/build/linux/bin/benchmark_plugingetset)
    n0: 1196 in 1 place, below massif's threshold (1.00%)
 n1: 4064 0x400A095: do_lookup_x (dl-lookup.c:253)
  n1: 4064 0x400A38D: _dl_lookup_symbol_x (dl-lookup.c:814)
   n1: 4064 0x400BD5C: _dl_relocate_object (dl-machine.h:308)
    n1: 4064 0x401319C: dl_open_worker (dl-open.c:377)
     n1: 4064 0x49B5B2D: _dl_catch_exception (dl-error-skeleton.c:196)
      n1: 4064 0x4012BB8: _dl_open (dl-open.c:599)
       n1: 4064 0x487D254: dlopen_doit (dlopen.c:66)
        n1: 4064 0x49B5B2D: _dl_catch_exception (dl-error-skeleton.c:196)
         n1: 4064 0x49B5BBD: _dl_catch_error (dl-error-skeleton.c:215)
          n1: 4064 0x487D973: _dlerror_run (dlerror.c:163)
           n1: 4064 0x487D2E4: dlopen@@GLIBC_2.2.5 (dlopen.c:87)
            n1: 4064 0x48666EB: elektraModulesLoad (in /home/jenkins/workspace/build/linux/lib/libelektra-core.so.0.8.26)
             n1: 4064 0x484FD71: elektraPluginOpen (in /home/jenkins/workspace/build/linux/lib/libelektra-kdb.so.0.8.26)
              n0: 4064 0x1091E1: main (in /home/jenkins/workspace/build/linux/bin/benchmark_plugingetset)
 n1: 2376 0x4010A1E: _dl_check_map_versions (dl-version.c:274)
  n1: 2376 0x4013094: dl_open_worker (dl-open.c:277)
   n1: 2376 0x49B5B2D: _dl_catch_exception (dl-error-skeleton.c:196)
    n1: 2376 0x4012BB8: _dl_open (dl-open.c:599)
     n1: 2376 0x487D254: dlopen_doit (dlopen.c:66)
      n1: 2376 0x49B5B2D: _dl_catch_exception (dl-error-skeleton.c:196)
       n1: 2376 0x49B5BBD: _dl_catch_error (dl-error-skeleton.c:215)
        n1: 2376 0x487D973: _dlerror_run (dlerror.c:163)
         n1: 2376 0x487D2E4: dlopen@@GLIBC_2.2.5 (dlopen.c:87)
          n1: 2376 0x48666EB: elektraModulesLoad (in /home/jenkins/workspace/build/linux/lib/libelektra-core.so.0.8.26)
           n1: 2376 0x484FD71: elektraPluginOpen (in /home/jenkins/workspace/build/linux/lib/libelektra-kdb.so.0.8.26)
            n0: 2376 0x1091E1: main (in /home/jenkins/workspace/build/linux/bin/benchmark_plugingetset)
#-----------
snapshot=49
#-----------
time=6031699
mem_heap_B=169535
mem_heap_extra_B=1537
mem_stacks_B=0
heap_tree=empty
#-----------
snapshot=50
#-----------
time=6033477
mem_heap_B=168967
mem_heap_extra_B=1513
mem_stacks_B=0
heap_tree=empty
#-----------
snapshot=51
#-----------
time=6034835
mem_heap_B=168493
mem_heap_extra_B=1499
mem_stacks_B=0
heap_tree=empty
#-----------
snapshot=52
#-----------
time=6037930
mem_heap_B=168029
mem_heap_extra_B=1483
mem_stacks_B=0
heap_tree=empty
#-----------
snapshot=53
#-----------
time=6041025
mem_heap_B=167639
mem_heap_extra_B=1457
mem_stacks_B=0
heap_tree=empty
#-----------
snapshot=54
#-----------
time=6044120
mem_heap_B=167323
mem_heap_extra_B=1437
mem_stacks_B=0
heap_tree=empty
#-----------
snapshot=55
#-----------
time=6047215
mem_heap_B=167081
mem_heap_extra_B=1407
mem_stacks_B=0
heap_tree=empty
#-----------
snapshot=56
#-----------
time=6050310
mem_heap_B=166913
mem_heap_extra_B=1383
mem_stacks_B=0
heap_tree=empty
#-----------
snapshot=57
#-----------
time=6053427
mem_heap_B=166819
mem_heap_extra_B=1365
mem_stacks_B=0
heap_tree=empty
#-----------
snapshot=58
#-----------
time=6055193
mem_heap_B=166251
mem_heap_extra_B=1341
mem_stacks_B=0
heap_tree=detailed
n9: 166251 (heap allocation functions) malloc/new/new[], --alloc-fns, etc.
 n1: 72704 0x4F03454: ??? (in /usr/lib/x86_64-linux-gnu/libstdc++.so.6.0.25)
  n1: 72704 0x400F378: call_init.part.0 (dl-init.c:72)
   n1: 72704 0x400F474: _dl_init (dl-init.c:118)
    n1: 72704 0x40132D1: dl_open_worker (dl-open.c:517)
     n1: 72704 0x49B5B2D: _dl_catch_exception (dl-error-skeleton.c:196)
      n1: 72704 0x4012BB8: _dl_open (dl-open.c:599)
       n1: 72704 0x487D254: dlopen_doit (dlopen.c:66)
        n1: 72704 0x49B5B2D: _dl_catch_exception (dl-error-skeleton.c:196)
         n1: 72704 0x49B5BBD: _dl_catch_error (dl-error-skeleton.c:215)
          n1: 72704 0x487D973: _dlerror_run (dlerror.c:163)
           n1: 72704 0x487D2E4: dlopen@@GLIBC_2.2.5 (dlopen.c:87)
            n1: 72704 0x48666EB: elektraModulesLoad (in /home/jenkins/workspace/build/linux/lib/libelektra-core.so.0.8.26)
             n1: 72704 0x484FD71: elektraPluginOpen (in /home/jenkins/workspace/build/linux/lib/libelektra-kdb.so.0.8.26)
              n0: 72704 0x1091E1: main (in /home/jenkins/workspace/build/linux/bin/benchmark_plugingetset)
 n1: 42004 0x4E583B0: ???
  n1: 42004 0x4E57988: ???
   n1: 42004 0x4E51FF0: ???
    n1: 42004 0x4E4E6DA: ???
     n1: 42004 0x4E4A750: ???
      n1: 42004 0x4E560E2: ???
       n0: 42004 0x1091F8: main (in /home/jenkins/workspace/build/linux/bin/benchmark_plugingetset)
 n1: 19200 0x4E595F6: ???
  n1: 19200 0x4E4E6ED: ???
   n1: 19200 0x4E4A750: ???
    n1: 19200 0x4E560E2: ???
     n0: 19200 0x1091F8: main (in /home/jenkins/workspace/build/linux/bin/benchmark_plugingetset)
 n1: 8192 0x4F5F8F6: std::basic_filebuf<char, std::char_traits<char> >::_M_allocate_internal_buffer() (in /usr/lib/x86_64-linux-gnu/libstdc++.so.6.0.25)
  n1: 8192 0x4F63790: std::basic_filebuf<char, std::char_traits<char> >::open(char const*, std::_Ios_Openmode) (in /usr/lib/x86_64-linux-gnu/libstdc++.so.6.0.25)
   n1: 8192 0x4E4E699: ???
    n1: 8192 0x4E4A750: ???
     n1: 8192 0x4E560E2: ???
      n0: 8192 0x1091F8: main (in /home/jenkins/workspace/build/linux/bin/benchmark_plugingetset)
 n0: 7837 in 50 places, all below massif's threshold (1.00%)
 n1: 5962 0x400B2AC: _dl_new_object (dl-object.c:73)
  n1: 5962 0x4005E46: _dl_map_object_from_fd (dl-load.c:1001)
   n2: 5962 0x4008A8B: _dl_map_object (dl-load.c:2466)
    n1: 4766 0x400D290: openaux (dl-deps.c:64)
     n1: 4766 0x49B5B2D: _dl_catch_exception (dl-error-skeleton.c:196)
      n1: 4766 0x400D604: _dl_map_object_deps (dl-deps.c:248)
       n1: 4766 0x401304E: dl_open_worker (dl-open.c:271)
        n1: 4766 0x49B5B2D: _dl_catch_exception (dl-error-skeleton.c:196)
         n1: 4766 0x4012BB8: _dl_open (dl-open.c:599)
          n1: 4766 0x487D254: dlopen_doit (dlopen.c:66)
           n1: 4766 0x49B5B2D: _dl_catch_exception (dl-error-skeleton.c:196)
            n1: 4766 0x49B5BBD: _dl_catch_error (dl-error-skeleton.c:215)
             n1: 4766 0x487D973: _dlerror_run (dlerror.c:163)
              n1: 4766 0x487D2E4: dlopen@@GLIBC_2.2.5 (dlopen.c:87)
               n1: 4766 0x48666EB: elektraModulesLoad (in /home/jenkins/workspace/build/linux/lib/libelektra-core.so.0.8.26)
                n1: 4766 0x484FD71: elektraPluginOpen (in /home/jenkins/workspace/build/linux/lib/libelektra-kdb.so.0.8.26)
                 n0: 4766 0x1091E1: main (in /home/jenkins/workspace/build/linux/bin/benchmark_plugingetset)
    n0: 1196 in 1 place, below massif's threshold (1.00%)
 n1: 4064 0x400A095: do_lookup_x (dl-lookup.c:253)
  n1: 4064 0x400A38D: _dl_lookup_symbol_x (dl-lookup.c:814)
   n1: 4064 0x400BD5C: _dl_relocate_object (dl-machine.h:308)
    n1: 4064 0x401319C: dl_open_worker (dl-open.c:377)
     n1: 4064 0x49B5B2D: _dl_catch_exception (dl-error-skeleton.c:196)
      n1: 4064 0x4012BB8: _dl_open (dl-open.c:599)
       n1: 4064 0x487D254: dlopen_doit (dlopen.c:66)
        n1: 4064 0x49B5B2D: _dl_catch_exception (dl-error-skeleton.c:196)
         n1: 4064 0x49B5BBD: _dl_catch_error (dl-error-skeleton.c:215)
          n1: 4064 0x487D973: _dlerror_run (dlerror.c:163)
           n1: 4064 0x487D2E4: dlopen@@GLIBC_2.2.5 (dlopen.c:87)
            n1: 4064 0x48666EB: elektraModulesLoad (in /home/jenkins/workspace/build/linux/lib/libelektra-core.so.0.8.26)
             n1: 4064 0x484FD71: elektraPluginOpen (in /home/jenkins/workspace/build/linux/lib/libelektra-kdb.so.0.8.26)
              n0: 4064 0x1091E1: main (in /home/jenkins/workspace/build/linux/bin/benchmark_plugingetset)
 n2: 3912 0x485EAE2: elektraRealloc (in /home/jenkins/workspace/build/linux/lib/libelektra-core.so.0.8.26)
  n2: 3866 0x4860B6F: keyAddBaseName (in /home/jenkins/workspace/build/linux/lib/libelektra-core.so.0.8.26)
   n1: 3808 0x4E4CE93: ???
    n1: 3808 0x4E5ABAC: ???
     n1: 3808 0x4E4E701: ???
      n1: 3808 0x4E4A750: ???
       n1: 3808 0x4E560E2: ???
        n0: 3808 0x1091F8: main (in /home/jenkins/workspace/build/linux/bin/benchmark_plugingetset)
   n0: 58 in 1 place, below massif's threshold (1.00%)
  n0: 46 in 1 place, below massif's threshold (1.00%)
 n1: 2376 0x4010A1E: _dl_check_map_versions (dl-version.c:274)
  n1: 2376 0x4013094: dl_open_worker (dl-open.c:277)
   n1: 2376 0x49B5B2D: _dl_catch_exception (dl-error-skeleton.c:196)
    n1: 2376 0x4012BB8: _dl_open (dl-open.c:599)
     n1: 2376 0x487D254: dlopen_doit (dlopen.c:66)
      n1: 2376 0x49B5B2D: _dl_catch_exception (dl-error-skeleton.c:196)
       n1: 2376 0x49B5BBD: _dl_catch_error (dl-error-skeleton.c:215)
        n1: 2376 0x487D973: _dlerror_run (dlerror.c:163)
         n1: 2376 0x487D2E4: dlopen@@GLIBC_2.2.5 (dlopen.c:87)
          n1: 2376 0x48666EB: elektraModulesLoad (in /home/jenkins/workspace/build/linux/lib/libelektra-core.so.0.8.26)
           n1: 2376 0x484FD71: elektraPluginOpen (in /home/jenkins/workspace/build/linux/lib/libelektra-kdb.so.0.8.26)
            n0: 2376 0x1091E1: main (in /home/jenkins/workspace/build/linux/bin/benchmark_plugingetset)
#-----------
snapshot=59
#-----------
time=6057615
mem_heap_B=147051
mem_heap_extra_B=1333
mem_stacks_B=0
heap_tree=empty
#-----------
snapshot=60
#-----------
time=6058503
mem_heap_B=95359
mem_heap_extra_B=1257
mem_stacks_B=0
heap_tree=empty
#-----------
snapshot=61
#-----------
time=6066119
mem_heap_B=95223
mem_heap_extra_B=1241
mem_stacks_B=0
heap_tree=empty
#-----------
snapshot=62
#-----------
time=6067088
mem_heap_B=93719
mem_heap_extra_B=1145
mem_stacks_B=0
heap_tree=empty
#-----------
snapshot=63
#-----------
time=6069173
mem_heap_B=93367
mem_heap_extra_B=1065
mem_stacks_B=0
heap_tree=empty
#-----------
snapshot=64
#-----------
time=6071882
mem_heap_B=93237
mem_heap_extra_B=1059
mem_stacks_B=0
heap_tree=empty
#-----------
snapshot=65
#-----------
time=6074429
mem_heap_B=93223
mem_heap_extra_B=1049
mem_stacks_B=0
heap_tree=empty
#-----------
snapshot=66
#-----------
time=6079744
mem_heap_B=93255
mem_heap_extra_B=1057
mem_stacks_B=0
heap_tree=empty
#-----------
snapshot=67
#-----------
time=6080662
mem_heap_B=91309
mem_heap_extra_B=971
mem_stacks_B=0
heap_tree=empty
#-----------
snapshot=68
#-----------
time=6082794
mem_heap_B=89655
mem_heap_extra_B=865
mem_stacks_B=0
heap_tree=detailed
n7: 89655 (heap allocation functions) malloc/new/new[], --alloc-fns, etc.
 n1: 72704 0x4F03454: ??? (in /usr/lib/x86_64-linux-gnu/libstdc++.so.6.0.25)
  n1: 72704 0x400F378: call_init.part.0 (dl-init.c:72)
   n1: 72704 0x400F474: _dl_init (dl-init.c:118)
    n1: 72704 0x40132D1: dl_open_worker (dl-open.c:517)
     n1: 72704 0x49B5B2D: _dl_catch_exception (dl-error-skeleton.c:196)
      n1: 72704 0x4012BB8: _dl_open (dl-open.c:599)
       n1: 72704 0x487D254: dlopen_doit (dlopen.c:66)
        n1: 72704 0x49B5B2D: _dl_catch_exception (dl-error-skeleton.c:196)
         n1: 72704 0x49B5BBD: _dl_catch_error (dl-error-skeleton.c:215)
          n1: 72704 0x487D973: _dlerror_run (dlerror.c:163)
           n1: 72704 0x487D2E4: dlopen@@GLIBC_2.2.5 (dlopen.c:87)
            n1: 72704 0x48666EB: elektraModulesLoad (in /home/jenkins/workspace/build/linux/lib/libelektra-core.so.0.8.26)
             n1: 72704 0x484FD71: elektraPluginOpen (in /home/jenkins/workspace/build/linux/lib/libelektra-kdb.so.0.8.26)
              n0: 72704 0x1091E1: main (in /home/jenkins/workspace/build/linux/bin/benchmark_plugingetset)
 n1: 4064 0x400A095: do_lookup_x (dl-lookup.c:253)
  n1: 4064 0x400A38D: _dl_lookup_symbol_x (dl-lookup.c:814)
   n1: 4064 0x400BD5C: _dl_relocate_object (dl-machine.h:308)
    n1: 4064 0x401319C: dl_open_worker (dl-open.c:377)
     n1: 4064 0x49B5B2D: _dl_catch_exception (dl-error-skeleton.c:196)
      n1: 4064 0x4012BB8: _dl_open (dl-open.c:599)
       n1: 4064 0x487D254: dlopen_doit (dlopen.c:66)
        n1: 4064 0x49B5B2D: _dl_catch_exception (dl-error-skeleton.c:196)
         n1: 4064 0x49B5BBD: _dl_catch_error (dl-error-skeleton.c:215)
          n1: 4064 0x487D973: _dlerror_run (dlerror.c:163)
           n1: 4064 0x487D2E4: dlopen@@GLIBC_2.2.5 (dlopen.c:87)
            n1: 4064 0x48666EB: elektraModulesLoad (in /home/jenkins/workspace/build/linux/lib/libelektra-core.so.0.8.26)
             n1: 4064 0x484FD71: elektraPluginOpen (in /home/jenkins/workspace/build/linux/lib/libelektra-kdb.so.0.8.26)
              n0: 4064 0x1091E1: main (in /home/jenkins/workspace/build/linux/bin/benchmark_plugingetset)
 n2: 3808 0x485EAE2: elektraRealloc (in /home/jenkins/workspace/build/linux/lib/libelektra-core.so.0.8.26)
  n2: 3808 0x4860B6F: keyAddBaseName (in /home/jenkins/workspace/build/linux/lib/libelektra-core.so.0.8.26)
   n1: 3808 0x4E4CE93: ???
    n1: 3808 0x4E5ABAC: ???
     n1: 3808 0x4E4E701: ???
      n1: 3808 0x4E4A750: ???
       n1: 3808 0x4E560E2: ???
        n0: 3808 0x1091F8: main (in /home/jenkins/workspace/build/linux/bin/benchmark_plugingetset)
   n0: 0 in 1 place, below massif's threshold (1.00%)
  n0: 0 in 1 place, below massif's threshold (1.00%)
 n1: 3567 0x400B2AC: _dl_new_object (dl-object.c:73)
  n1: 3567 0x4005E46: _dl_map_object_from_fd (dl-load.c:1001)
   n2: 3567 0x4008A8B: _dl_map_object (dl-load.c:2466)
    n1: 3567 0x400D290: openaux (dl-deps.c:64)
     n1: 3567 0x49B5B2D: _dl_catch_exception (dl-error-skeleton.c:196)
      n1: 3567 0x400D604: _dl_map_object_deps (dl-deps.c:248)
       n1: 3567 0x401304E: dl_open_worker (dl-open.c:271)
        n1: 3567 0x49B5B2D: _dl_catch_exception (dl-error-skeleton.c:196)
         n1: 3567 0x4012BB8: _dl_open (dl-open.c:599)
          n1: 3567 0x487D254: dlopen_doit (dlopen.c:66)
           n1: 3567 0x49B5B2D: _dl_catch_exception (dl-error-skeleton.c:196)
            n1: 3567 0x49B5BBD: _dl_catch_error (dl-error-skeleton.c:215)
             n1: 3567 0x487D973: _dlerror_run (dlerror.c:163)
              n1: 3567 0x487D2E4: dlopen@@GLIBC_2.2.5 (dlopen.c:87)
               n1: 3567 0x48666EB: elektraModulesLoad (in /home/jenkins/workspace/build/linux/lib/libelektra-core.so.0.8.26)
                n1: 3567 0x484FD71: elektraPluginOpen (in /home/jenkins/workspace/build/linux/lib/libelektra-kdb.so.0.8.26)
                 n0: 3567 0x1091E1: main (in /home/jenkins/workspace/build/linux/bin/benchmark_plugingetset)
    n0: 0 in 1 place, below massif's threshold (1.00%)
 n0: 2424 in 53 places, all below massif's threshold (1.00%)
 n1: 2064 0x4010A1E: _dl_check_map_versions (dl-version.c:274)
  n1: 2064 0x4013094: dl_open_worker (dl-open.c:277)
   n1: 2064 0x49B5B2D: _dl_catch_exception (dl-error-skeleton.c:196)
    n1: 2064 0x4012BB8: _dl_open (dl-open.c:599)
     n1: 2064 0x487D254: dlopen_doit (dlopen.c:66)
      n1: 2064 0x49B5B2D: _dl_catch_exception (dl-error-skeleton.c:196)
       n1: 2064 0x49B5BBD: _dl_catch_error (dl-error-skeleton.c:215)
        n1: 2064 0x487D973: _dlerror_run (dlerror.c:163)
         n1: 2064 0x487D2E4: dlopen@@GLIBC_2.2.5 (dlopen.c:87)
          n1: 2064 0x48666EB: elektraModulesLoad (in /home/jenkins/workspace/build/linux/lib/libelektra-core.so.0.8.26)
           n1: 2064 0x484FD71: elektraPluginOpen (in /home/jenkins/workspace/build/linux/lib/libelektra-kdb.so.0.8.26)
            n0: 2064 0x1091E1: main (in /home/jenkins/workspace/build/linux/bin/benchmark_plugingetset)
 n1: 1024 0x485EBF6: elektraVFormat (in /home/jenkins/workspace/build/linux/lib/libelektra-core.so.0.8.26)
  n1: 1024 0x485ED2A: elektraFormat (in /home/jenkins/workspace/build/linux/lib/libelektra-core.so.0.8.26)
   n0: 1024 in 2 places, all below massif's threshold (1.00%)
#-----------
snapshot=69
#-----------
time=6085125
mem_heap_B=88887
mem_heap_extra_B=833
mem_stacks_B=0
heap_tree=empty
#-----------
snapshot=70
#-----------
time=6086034
mem_heap_B=86490
mem_heap_extra_B=654
mem_stacks_B=0
heap_tree=empty
#-----------
snapshot=71
#-----------
time=6086924
mem_heap_B=84419
mem_heap_extra_B=453
mem_stacks_B=0
heap_tree=empty
#-----------
snapshot=72
#-----------
time=6094461
mem_heap_B=82897
mem_heap_extra_B=271
mem_stacks_B=0
heap_tree=empty
