desc: --massif-out-file=results/generated_10_yawn_linux_clang6.0.1.out
cmd: build/linux/bin/benchmark_plugingetset benchmarks/data/generated_10 user yawn get
time_unit: i
#-----------
snapshot=0
#-----------
time=0
mem_heap_B=0
mem_heap_extra_B=0
mem_stacks_B=0
heap_tree=empty
#-----------
snapshot=1
#-----------
time=204426
mem_heap_B=64
mem_heap_extra_B=8
mem_stacks_B=0
heap_tree=empty
#-----------
snapshot=2
#-----------
time=217902
mem_heap_B=1322
mem_heap_extra_B=54
mem_stacks_B=0
heap_tree=empty
#-----------
snapshot=3
#-----------
time=232306
mem_heap_B=1396
mem_heap_extra_B=76
mem_stacks_B=0
heap_tree=empty
#-----------
snapshot=4
#-----------
time=251110
mem_heap_B=2022
mem_heap_extra_B=186
mem_stacks_B=0
heap_tree=empty
#-----------
snapshot=5
#-----------
time=272573
mem_heap_B=4713
mem_heap_extra_B=271
mem_stacks_B=0
heap_tree=empty
#-----------
snapshot=6
#-----------
time=285000
mem_heap_B=7358
mem_heap_extra_B=370
mem_stacks_B=0
heap_tree=empty
#-----------
snapshot=7
#-----------
time=298975
mem_heap_B=8692
mem_heap_extra_B=444
mem_stacks_B=0
heap_tree=empty
#-----------
snapshot=8
#-----------
time=323624
mem_heap_B=9268
mem_heap_extra_B=516
mem_stacks_B=0
heap_tree=empty
#-----------
snapshot=9
#-----------
time=336860
mem_heap_B=11404
mem_heap_extra_B=556
mem_stacks_B=0
heap_tree=detailed
n12: 11404 (heap allocation functions) malloc/new/new[], --alloc-fns, etc.
 n1: 5961 0x400B2AC: _dl_new_object (dl-object.c:73)
  n1: 5961 0x4005E46: _dl_map_object_from_fd (dl-load.c:1001)
   n2: 5961 0x4008A8B: _dl_map_object (dl-load.c:2466)
    n1: 4766 0x400D290: openaux (dl-deps.c:64)
     n1: 4766 0x49AEB2D: _dl_catch_exception (dl-error-skeleton.c:196)
      n1: 4766 0x400D604: _dl_map_object_deps (dl-deps.c:248)
       n1: 4766 0x401304E: dl_open_worker (dl-open.c:271)
        n1: 4766 0x49AEB2D: _dl_catch_exception (dl-error-skeleton.c:196)
         n1: 4766 0x4012BB8: _dl_open (dl-open.c:599)
          n1: 4766 0x4876254: dlopen_doit (dlopen.c:66)
           n1: 4766 0x49AEB2D: _dl_catch_exception (dl-error-skeleton.c:196)
            n1: 4766 0x49AEBBD: _dl_catch_error (dl-error-skeleton.c:215)
             n1: 4766 0x4876973: _dlerror_run (dlerror.c:163)
              n1: 4766 0x48762E4: dlopen@@GLIBC_2.2.5 (dlopen.c:87)
               n1: 4766 0x4860341: elektraModulesLoad (in /home/jenkins/workspace/build/linux/lib/libelektra-core.so.0.8.26)
                n1: 4766 0x4849B7D: elektraPluginOpen (in /home/jenkins/workspace/build/linux/lib/libelektra-kdb.so.0.8.26)
                 n0: 4766 0x4012D3: main (in /home/jenkins/workspace/build/linux/bin/benchmark_plugingetset)
    n1: 1195 0x4012FE9: dl_open_worker (dl-open.c:228)
     n1: 1195 0x49AEB2D: _dl_catch_exception (dl-error-skeleton.c:196)
      n1: 1195 0x4012BB8: _dl_open (dl-open.c:599)
       n1: 1195 0x4876254: dlopen_doit (dlopen.c:66)
        n1: 1195 0x49AEB2D: _dl_catch_exception (dl-error-skeleton.c:196)
         n1: 1195 0x49AEBBD: _dl_catch_error (dl-error-skeleton.c:215)
          n1: 1195 0x4876973: _dlerror_run (dlerror.c:163)
           n1: 1195 0x48762E4: dlopen@@GLIBC_2.2.5 (dlopen.c:87)
            n1: 1195 0x4860341: elektraModulesLoad (in /home/jenkins/workspace/build/linux/lib/libelektra-core.so.0.8.26)
             n1: 1195 0x4849B7D: elektraPluginOpen (in /home/jenkins/workspace/build/linux/lib/libelektra-kdb.so.0.8.26)
              n0: 1195 0x4012D3: main (in /home/jenkins/workspace/build/linux/bin/benchmark_plugingetset)
 n1: 2376 0x4010A1E: _dl_check_map_versions (dl-version.c:274)
  n1: 2376 0x4013094: dl_open_worker (dl-open.c:277)
   n1: 2376 0x49AEB2D: _dl_catch_exception (dl-error-skeleton.c:196)
    n1: 2376 0x4012BB8: _dl_open (dl-open.c:599)
     n1: 2376 0x4876254: dlopen_doit (dlopen.c:66)
      n1: 2376 0x49AEB2D: _dl_catch_exception (dl-error-skeleton.c:196)
       n1: 2376 0x49AEBBD: _dl_catch_error (dl-error-skeleton.c:215)
        n1: 2376 0x4876973: _dlerror_run (dlerror.c:163)
         n1: 2376 0x48762E4: dlopen@@GLIBC_2.2.5 (dlopen.c:87)
          n1: 2376 0x4860341: elektraModulesLoad (in /home/jenkins/workspace/build/linux/lib/libelektra-core.so.0.8.26)
           n1: 2376 0x4849B7D: elektraPluginOpen (in /home/jenkins/workspace/build/linux/lib/libelektra-kdb.so.0.8.26)
            n0: 2376 0x4012D3: main (in /home/jenkins/workspace/build/linux/bin/benchmark_plugingetset)
 n1: 1024 0x4858B77: elektraVFormat (in /home/jenkins/workspace/build/linux/lib/libelektra-core.so.0.8.26)
  n2: 1024 0x4858B56: elektraFormat (in /home/jenkins/workspace/build/linux/lib/libelektra-core.so.0.8.26)
   n0: 512 0x401256: main (in /home/jenkins/workspace/build/linux/bin/benchmark_plugingetset)
   n0: 512 0x40126B: main (in /home/jenkins/workspace/build/linux/bin/benchmark_plugingetset)
 n3: 384 0x485B4E7: ksNew (in /home/jenkins/workspace/build/linux/lib/libelektra-core.so.0.8.26)
  n0: 128 0x40123F: main (in /home/jenkins/workspace/build/linux/bin/benchmark_plugingetset)
  n0: 128 0x401296: main (in /home/jenkins/workspace/build/linux/bin/benchmark_plugingetset)
  n0: 128 0x4012A4: main (in /home/jenkins/workspace/build/linux/bin/benchmark_plugingetset)
 n0: 318 in 8 places, all below massif's threshold (1.00%)
 n1: 256 0x400D46A: _dl_map_object_deps (dl-deps.c:438)
  n1: 256 0x401304E: dl_open_worker (dl-open.c:271)
   n1: 256 0x49AEB2D: _dl_catch_exception (dl-error-skeleton.c:196)
    n1: 256 0x4012BB8: _dl_open (dl-open.c:599)
     n1: 256 0x4876254: dlopen_doit (dlopen.c:66)
      n1: 256 0x49AEB2D: _dl_catch_exception (dl-error-skeleton.c:196)
       n1: 256 0x49AEBBD: _dl_catch_error (dl-error-skeleton.c:215)
        n1: 256 0x4876973: _dlerror_run (dlerror.c:163)
         n1: 256 0x48762E4: dlopen@@GLIBC_2.2.5 (dlopen.c:87)
          n1: 256 0x4860341: elektraModulesLoad (in /home/jenkins/workspace/build/linux/lib/libelektra-core.so.0.8.26)
           n1: 256 0x4849B7D: elektraPluginOpen (in /home/jenkins/workspace/build/linux/lib/libelektra-kdb.so.0.8.26)
            n0: 256 0x4012D3: main (in /home/jenkins/workspace/build/linux/bin/benchmark_plugingetset)
 n1: 256 0x48593C3: keyNew (in /home/jenkins/workspace/build/linux/lib/libelektra-core.so.0.8.26)
  n0: 256 in 4 places, all below massif's threshold (1.00%)
 n1: 231 0x400B58E: _dl_new_object (dl-object.c:163)
  n1: 231 0x4005E46: _dl_map_object_from_fd (dl-load.c:1001)
   n2: 231 0x4008A8B: _dl_map_object (dl-load.c:2466)
    n1: 172 0x400D290: openaux (dl-deps.c:64)
     n1: 172 0x49AEB2D: _dl_catch_exception (dl-error-skeleton.c:196)
      n1: 172 0x400D604: _dl_map_object_deps (dl-deps.c:248)
       n1: 172 0x401304E: dl_open_worker (dl-open.c:271)
        n1: 172 0x49AEB2D: _dl_catch_exception (dl-error-skeleton.c:196)
         n1: 172 0x4012BB8: _dl_open (dl-open.c:599)
          n1: 172 0x4876254: dlopen_doit (dlopen.c:66)
           n1: 172 0x49AEB2D: _dl_catch_exception (dl-error-skeleton.c:196)
            n1: 172 0x49AEBBD: _dl_catch_error (dl-error-skeleton.c:215)
             n1: 172 0x4876973: _dlerror_run (dlerror.c:163)
              n1: 172 0x48762E4: dlopen@@GLIBC_2.2.5 (dlopen.c:87)
               n1: 172 0x4860341: elektraModulesLoad (in /home/jenkins/workspace/build/linux/lib/libelektra-core.so.0.8.26)
                n1: 172 0x4849B7D: elektraPluginOpen (in /home/jenkins/workspace/build/linux/lib/libelektra-kdb.so.0.8.26)
                 n0: 172 0x4012D3: main (in /home/jenkins/workspace/build/linux/bin/benchmark_plugingetset)
    n0: 59 in 1 place, below massif's threshold (1.00%)
 n1: 192 0x485B4A0: ksNew (in /home/jenkins/workspace/build/linux/lib/libelektra-core.so.0.8.26)
  n0: 192 in 3 places, all below massif's threshold (1.00%)
 n1: 152 0x400D904: _dl_map_object_deps (dl-deps.c:479)
  n1: 152 0x401304E: dl_open_worker (dl-open.c:271)
   n1: 152 0x49AEB2D: _dl_catch_exception (dl-error-skeleton.c:196)
    n1: 152 0x4012BB8: _dl_open (dl-open.c:599)
     n1: 152 0x4876254: dlopen_doit (dlopen.c:66)
      n1: 152 0x49AEB2D: _dl_catch_exception (dl-error-skeleton.c:196)
       n1: 152 0x49AEBBD: _dl_catch_error (dl-error-skeleton.c:215)
        n1: 152 0x4876973: _dlerror_run (dlerror.c:163)
         n1: 152 0x48762E4: dlopen@@GLIBC_2.2.5 (dlopen.c:87)
          n1: 152 0x4860341: elektraModulesLoad (in /home/jenkins/workspace/build/linux/lib/libelektra-core.so.0.8.26)
           n1: 152 0x4849B7D: elektraPluginOpen (in /home/jenkins/workspace/build/linux/lib/libelektra-kdb.so.0.8.26)
            n0: 152 0x4012D3: main (in /home/jenkins/workspace/build/linux/bin/benchmark_plugingetset)
 n1: 132 0x40081A8: fillin_rpath (dl-load.c:509)
  n1: 132 0x40083BA: decompose_rpath.isra.10 (dl-load.c:631)
   n1: 132 0x4009105: _dl_map_object (dl-load.c:2297)
    n1: 132 0x400D290: openaux (dl-deps.c:64)
     n1: 132 0x49AEB2D: _dl_catch_exception (dl-error-skeleton.c:196)
      n1: 132 0x400D604: _dl_map_object_deps (dl-deps.c:248)
       n1: 132 0x401304E: dl_open_worker (dl-open.c:271)
        n1: 132 0x49AEB2D: _dl_catch_exception (dl-error-skeleton.c:196)
         n1: 132 0x4012BB8: _dl_open (dl-open.c:599)
          n1: 132 0x4876254: dlopen_doit (dlopen.c:66)
           n1: 132 0x49AEB2D: _dl_catch_exception (dl-error-skeleton.c:196)
            n1: 132 0x49AEBBD: _dl_catch_error (dl-error-skeleton.c:215)
             n1: 132 0x4876973: _dlerror_run (dlerror.c:163)
              n1: 132 0x48762E4: dlopen@@GLIBC_2.2.5 (dlopen.c:87)
               n1: 132 0x4860341: elektraModulesLoad (in /home/jenkins/workspace/build/linux/lib/libelektra-core.so.0.8.26)
                n1: 132 0x4849B7D: elektraPluginOpen (in /home/jenkins/workspace/build/linux/lib/libelektra-kdb.so.0.8.26)
                 n0: 132 0x4012D3: main (in /home/jenkins/workspace/build/linux/bin/benchmark_plugingetset)
 n1: 122 0x4007798: open_path (dl-load.c:2112)
  n1: 122 0x4008C16: _dl_map_object (dl-load.c:2297)
   n0: 122 in 2 places, all below massif's threshold (1.00%)
#-----------
snapshot=10
#-----------
time=858663
mem_heap_B=12396
mem_heap_extra_B=564
mem_stacks_B=0
heap_tree=empty
#-----------
snapshot=11
#-----------
time=939616
mem_heap_B=14348
mem_heap_extra_B=572
mem_stacks_B=0
heap_tree=empty
#-----------
snapshot=12
#-----------
time=940499
mem_heap_B=13356
mem_heap_extra_B=564
mem_stacks_B=0
heap_tree=empty
#-----------
snapshot=13
#-----------
time=3223303
mem_heap_B=17420
mem_heap_extra_B=572
mem_stacks_B=0
heap_tree=empty
#-----------
snapshot=14
#-----------
time=3224934
mem_heap_B=15468
mem_heap_extra_B=564
mem_stacks_B=0
heap_tree=empty
#-----------
snapshot=15
#-----------
time=5003765
mem_heap_B=88172
mem_heap_extra_B=572
mem_stacks_B=0
heap_tree=empty
#-----------
snapshot=16
#-----------
time=5055374
mem_heap_B=88236
mem_heap_extra_B=580
mem_stacks_B=0
heap_tree=empty
#-----------
snapshot=17
#-----------
time=5074033
mem_heap_B=113430
mem_heap_extra_B=954
mem_stacks_B=0
heap_tree=empty
#-----------
snapshot=18
#-----------
time=5106918
mem_heap_B=113699
mem_heap_extra_B=957
mem_stacks_B=0
heap_tree=empty
#-----------
snapshot=19
#-----------
time=5119078
mem_heap_B=114647
mem_heap_extra_B=977
mem_stacks_B=0
heap_tree=empty
#-----------
snapshot=20
#-----------
time=5135294
mem_heap_B=115175
mem_heap_extra_B=985
mem_stacks_B=0
heap_tree=empty
#-----------
snapshot=21
#-----------
time=5154351
mem_heap_B=115703
mem_heap_extra_B=993
mem_stacks_B=0
heap_tree=empty
#-----------
snapshot=22
#-----------
time=5168569
mem_heap_B=118343
mem_heap_extra_B=1033
mem_stacks_B=0
heap_tree=empty
#-----------
snapshot=23
#-----------
time=5181082
mem_heap_B=120455
mem_heap_extra_B=1065
mem_stacks_B=0
heap_tree=empty
#-----------
snapshot=24
#-----------
time=5217319
mem_heap_B=120583
mem_heap_extra_B=1073
mem_stacks_B=0
heap_tree=empty
#-----------
snapshot=25
#-----------
time=5224891
mem_heap_B=133464
mem_heap_extra_B=1056
mem_stacks_B=0
heap_tree=empty
#-----------
snapshot=26
#-----------
time=5244119
mem_heap_B=133464
mem_heap_extra_B=1056
mem_stacks_B=0
heap_tree=detailed
n8: 133464 (heap allocation functions) malloc/new/new[], --alloc-fns, etc.
 n1: 72704 0x4F06454: ??? (in /usr/lib/x86_64-linux-gnu/libstdc++.so.6.0.25)
  n1: 72704 0x400F378: call_init.part.0 (dl-init.c:72)
   n1: 72704 0x400F474: _dl_init (dl-init.c:118)
    n1: 72704 0x40132D1: dl_open_worker (dl-open.c:517)
     n1: 72704 0x49AEB2D: _dl_catch_exception (dl-error-skeleton.c:196)
      n1: 72704 0x4012BB8: _dl_open (dl-open.c:599)
       n1: 72704 0x4876254: dlopen_doit (dlopen.c:66)
        n1: 72704 0x49AEB2D: _dl_catch_exception (dl-error-skeleton.c:196)
         n1: 72704 0x49AEBBD: _dl_catch_error (dl-error-skeleton.c:215)
          n1: 72704 0x4876973: _dlerror_run (dlerror.c:163)
           n1: 72704 0x48762E4: dlopen@@GLIBC_2.2.5 (dlopen.c:87)
            n1: 72704 0x4860341: elektraModulesLoad (in /home/jenkins/workspace/build/linux/lib/libelektra-core.so.0.8.26)
             n1: 72704 0x4849B7D: elektraPluginOpen (in /home/jenkins/workspace/build/linux/lib/libelektra-kdb.so.0.8.26)
              n0: 72704 0x4012D3: main (in /home/jenkins/workspace/build/linux/bin/benchmark_plugingetset)
 n5: 25792 0x4E5C684: ???
  n3: 12216 0x4E5C8F2: ???
   n1: 8072 0x4E4FA28: ???
    n1: 8072 0x4E5C267: ???
     n1: 8072 0x4E4C3C2: ???
      n1: 8072 0x4E4D817: ???
       n0: 8072 0x4012EF: main (in /home/jenkins/workspace/build/linux/bin/benchmark_plugingetset)
   n1: 2456 0x4E4F954: ???
    n1: 2456 0x4E5C267: ???
     n1: 2456 0x4E4C3C2: ???
      n1: 2456 0x4E4D817: ???
       n0: 2456 0x4012EF: main (in /home/jenkins/workspace/build/linux/bin/benchmark_plugingetset)
   n1: 1688 0x4E4F98E: ???
    n1: 1688 0x4E5C267: ???
     n1: 1688 0x4E4C3C2: ???
      n1: 1688 0x4E4D817: ???
       n0: 1688 0x4012EF: main (in /home/jenkins/workspace/build/linux/bin/benchmark_plugingetset)
  n2: 5280 0x4E5CDA2: ???
   n1: 3168 0x4E50A33: ???
    n1: 3168 0x4E599DE: ???
     n1: 3168 0x4E5C2E4: ???
      n1: 3168 0x4E4C448: ???
       n1: 3168 0x4E4D817: ???
        n0: 3168 0x4012EF: main (in /home/jenkins/workspace/build/linux/bin/benchmark_plugingetset)
   n0: 2112 in 6 places, all below massif's threshold (1.00%)
  n1: 4096 0x4E4FA55: ???
   n1: 4096 0x4E5C267: ???
    n1: 4096 0x4E4C3C2: ???
     n1: 4096 0x4E4D817: ???
      n0: 4096 0x4012EF: main (in /home/jenkins/workspace/build/linux/bin/benchmark_plugingetset)
  n0: 2616 in 10 places, all below massif's threshold (1.00%)
  n1: 1584 0x4E5CC4F: ???
   n0: 1584 in 6 places, all below massif's threshold (1.00%)
 n1: 8192 0x4F628F6: std::basic_filebuf<char, std::char_traits<char> >::_M_allocate_internal_buffer() (in /usr/lib/x86_64-linux-gnu/libstdc++.so.6.0.25)
  n1: 8192 0x4F66790: std::basic_filebuf<char, std::char_traits<char> >::open(char const*, std::_Ios_Openmode) (in /usr/lib/x86_64-linux-gnu/libstdc++.so.6.0.25)
   n1: 8192 0x4F6776C: std::basic_ifstream<char, std::char_traits<char> >::basic_ifstream(std::__cxx11::basic_string<char, std::char_traits<char>, std::allocator<char> > const&, std::_Ios_Openmode) (in /usr/lib/x86_64-linux-gnu/libstdc++.so.6.0.25)
    n1: 8192 0x4E4C4CC: ???
     n1: 8192 0x4E4D817: ???
      n0: 8192 0x4012EF: main (in /home/jenkins/workspace/build/linux/bin/benchmark_plugingetset)
 n1: 7764 0x4E429AD: ???
  n1: 7764 0x4E425EA: ???
   n1: 7764 0x4E42371: ???
    n1: 7764 0x4E41B54: ???
     n1: 7764 0x4E47364: ???
      n1: 7764 0x4E4C528: ???
       n1: 7764 0x4E4D817: ???
        n0: 7764 0x4012EF: main (in /home/jenkins/workspace/build/linux/bin/benchmark_plugingetset)
 n0: 6611 in 44 places, all below massif's threshold (1.00%)
 n1: 5961 0x400B2AC: _dl_new_object (dl-object.c:73)
  n1: 5961 0x4005E46: _dl_map_object_from_fd (dl-load.c:1001)
   n2: 5961 0x4008A8B: _dl_map_object (dl-load.c:2466)
    n1: 4766 0x400D290: openaux (dl-deps.c:64)
     n1: 4766 0x49AEB2D: _dl_catch_exception (dl-error-skeleton.c:196)
      n1: 4766 0x400D604: _dl_map_object_deps (dl-deps.c:248)
       n1: 4766 0x401304E: dl_open_worker (dl-open.c:271)
        n1: 4766 0x49AEB2D: _dl_catch_exception (dl-error-skeleton.c:196)
         n1: 4766 0x4012BB8: _dl_open (dl-open.c:599)
          n1: 4766 0x4876254: dlopen_doit (dlopen.c:66)
           n1: 4766 0x49AEB2D: _dl_catch_exception (dl-error-skeleton.c:196)
            n1: 4766 0x49AEBBD: _dl_catch_error (dl-error-skeleton.c:215)
             n1: 4766 0x4876973: _dlerror_run (dlerror.c:163)
              n1: 4766 0x48762E4: dlopen@@GLIBC_2.2.5 (dlopen.c:87)
               n1: 4766 0x4860341: elektraModulesLoad (in /home/jenkins/workspace/build/linux/lib/libelektra-core.so.0.8.26)
                n1: 4766 0x4849B7D: elektraPluginOpen (in /home/jenkins/workspace/build/linux/lib/libelektra-kdb.so.0.8.26)
                 n0: 4766 0x4012D3: main (in /home/jenkins/workspace/build/linux/bin/benchmark_plugingetset)
    n0: 1195 in 1 place, below massif's threshold (1.00%)
 n1: 4064 0x400A095: do_lookup_x (dl-lookup.c:253)
  n1: 4064 0x400A38D: _dl_lookup_symbol_x (dl-lookup.c:814)
   n1: 4064 0x400BD5C: _dl_relocate_object (dl-machine.h:308)
    n1: 4064 0x401319C: dl_open_worker (dl-open.c:377)
     n1: 4064 0x49AEB2D: _dl_catch_exception (dl-error-skeleton.c:196)
      n1: 4064 0x4012BB8: _dl_open (dl-open.c:599)
       n1: 4064 0x4876254: dlopen_doit (dlopen.c:66)
        n1: 4064 0x49AEB2D: _dl_catch_exception (dl-error-skeleton.c:196)
         n1: 4064 0x49AEBBD: _dl_catch_error (dl-error-skeleton.c:215)
          n1: 4064 0x4876973: _dlerror_run (dlerror.c:163)
           n1: 4064 0x48762E4: dlopen@@GLIBC_2.2.5 (dlopen.c:87)
            n1: 4064 0x4860341: elektraModulesLoad (in /home/jenkins/workspace/build/linux/lib/libelektra-core.so.0.8.26)
             n1: 4064 0x4849B7D: elektraPluginOpen (in /home/jenkins/workspace/build/linux/lib/libelektra-kdb.so.0.8.26)
              n0: 4064 0x4012D3: main (in /home/jenkins/workspace/build/linux/bin/benchmark_plugingetset)
 n1: 2376 0x4010A1E: _dl_check_map_versions (dl-version.c:274)
  n1: 2376 0x4013094: dl_open_worker (dl-open.c:277)
   n1: 2376 0x49AEB2D: _dl_catch_exception (dl-error-skeleton.c:196)
    n1: 2376 0x4012BB8: _dl_open (dl-open.c:599)
     n1: 2376 0x4876254: dlopen_doit (dlopen.c:66)
      n1: 2376 0x49AEB2D: _dl_catch_exception (dl-error-skeleton.c:196)
       n1: 2376 0x49AEBBD: _dl_catch_error (dl-error-skeleton.c:215)
        n1: 2376 0x4876973: _dlerror_run (dlerror.c:163)
         n1: 2376 0x48762E4: dlopen@@GLIBC_2.2.5 (dlopen.c:87)
          n1: 2376 0x4860341: elektraModulesLoad (in /home/jenkins/workspace/build/linux/lib/libelektra-core.so.0.8.26)
           n1: 2376 0x4849B7D: elektraPluginOpen (in /home/jenkins/workspace/build/linux/lib/libelektra-kdb.so.0.8.26)
            n0: 2376 0x4012D3: main (in /home/jenkins/workspace/build/linux/bin/benchmark_plugingetset)
#-----------
snapshot=27
#-----------
time=5257387
mem_heap_B=136447
mem_heap_extra_B=1129
mem_stacks_B=0
heap_tree=detailed
n9: 136447 (heap allocation functions) malloc/new/new[], --alloc-fns, etc.
 n1: 72704 0x4F06454: ??? (in /usr/lib/x86_64-linux-gnu/libstdc++.so.6.0.25)
  n1: 72704 0x400F378: call_init.part.0 (dl-init.c:72)
   n1: 72704 0x400F474: _dl_init (dl-init.c:118)
    n1: 72704 0x40132D1: dl_open_worker (dl-open.c:517)
     n1: 72704 0x49AEB2D: _dl_catch_exception (dl-error-skeleton.c:196)
      n1: 72704 0x4012BB8: _dl_open (dl-open.c:599)
       n1: 72704 0x4876254: dlopen_doit (dlopen.c:66)
        n1: 72704 0x49AEB2D: _dl_catch_exception (dl-error-skeleton.c:196)
         n1: 72704 0x49AEBBD: _dl_catch_error (dl-error-skeleton.c:215)
          n1: 72704 0x4876973: _dlerror_run (dlerror.c:163)
           n1: 72704 0x48762E4: dlopen@@GLIBC_2.2.5 (dlopen.c:87)
            n1: 72704 0x4860341: elektraModulesLoad (in /home/jenkins/workspace/build/linux/lib/libelektra-core.so.0.8.26)
             n1: 72704 0x4849B7D: elektraPluginOpen (in /home/jenkins/workspace/build/linux/lib/libelektra-kdb.so.0.8.26)
              n0: 72704 0x4012D3: main (in /home/jenkins/workspace/build/linux/bin/benchmark_plugingetset)
 n5: 25792 0x4E5C684: ???
  n3: 12216 0x4E5C8F2: ???
   n1: 8072 0x4E4FA28: ???
    n1: 8072 0x4E5C267: ???
     n1: 8072 0x4E4C3C2: ???
      n1: 8072 0x4E4D817: ???
       n0: 8072 0x4012EF: main (in /home/jenkins/workspace/build/linux/bin/benchmark_plugingetset)
   n1: 2456 0x4E4F954: ???
    n1: 2456 0x4E5C267: ???
     n1: 2456 0x4E4C3C2: ???
      n1: 2456 0x4E4D817: ???
       n0: 2456 0x4012EF: main (in /home/jenkins/workspace/build/linux/bin/benchmark_plugingetset)
   n1: 1688 0x4E4F98E: ???
    n1: 1688 0x4E5C267: ???
     n1: 1688 0x4E4C3C2: ???
      n1: 1688 0x4E4D817: ???
       n0: 1688 0x4012EF: main (in /home/jenkins/workspace/build/linux/bin/benchmark_plugingetset)
  n2: 5280 0x4E5CDA2: ???
   n1: 3168 0x4E50A33: ???
    n1: 3168 0x4E599DE: ???
     n1: 3168 0x4E5C2E4: ???
      n1: 3168 0x4E4C448: ???
       n1: 3168 0x4E4D817: ???
        n0: 3168 0x4012EF: main (in /home/jenkins/workspace/build/linux/bin/benchmark_plugingetset)
   n0: 2112 in 6 places, all below massif's threshold (1.00%)
  n1: 4096 0x4E4FA55: ???
   n1: 4096 0x4E5C267: ???
    n1: 4096 0x4E4C3C2: ???
     n1: 4096 0x4E4D817: ???
      n0: 4096 0x4012EF: main (in /home/jenkins/workspace/build/linux/bin/benchmark_plugingetset)
  n0: 2616 in 10 places, all below massif's threshold (1.00%)
  n1: 1584 0x4E5CC4F: ???
   n0: 1584 in 6 places, all below massif's threshold (1.00%)
 n1: 8192 0x4F628F6: std::basic_filebuf<char, std::char_traits<char> >::_M_allocate_internal_buffer() (in /usr/lib/x86_64-linux-gnu/libstdc++.so.6.0.25)
  n1: 8192 0x4F66790: std::basic_filebuf<char, std::char_traits<char> >::open(char const*, std::_Ios_Openmode) (in /usr/lib/x86_64-linux-gnu/libstdc++.so.6.0.25)
   n1: 8192 0x4F6776C: std::basic_ifstream<char, std::char_traits<char> >::basic_ifstream(std::__cxx11::basic_string<char, std::char_traits<char>, std::allocator<char> > const&, std::_Ios_Openmode) (in /usr/lib/x86_64-linux-gnu/libstdc++.so.6.0.25)
    n1: 8192 0x4E4C4CC: ???
     n1: 8192 0x4E4D817: ???
      n0: 8192 0x4012EF: main (in /home/jenkins/workspace/build/linux/bin/benchmark_plugingetset)
 n1: 7764 0x4E429AD: ???
  n1: 7764 0x4E425EA: ???
   n1: 7764 0x4E42371: ???
    n1: 7764 0x4E41B54: ???
     n1: 7764 0x4E47364: ???
      n1: 7764 0x4E4C528: ???
       n1: 7764 0x4E4D817: ???
        n0: 7764 0x4012EF: main (in /home/jenkins/workspace/build/linux/bin/benchmark_plugingetset)
 n0: 7653 in 53 places, all below massif's threshold (1.00%)
 n1: 5961 0x400B2AC: _dl_new_object (dl-object.c:73)
  n1: 5961 0x4005E46: _dl_map_object_from_fd (dl-load.c:1001)
   n2: 5961 0x4008A8B: _dl_map_object (dl-load.c:2466)
    n1: 4766 0x400D290: openaux (dl-deps.c:64)
     n1: 4766 0x49AEB2D: _dl_catch_exception (dl-error-skeleton.c:196)
      n1: 4766 0x400D604: _dl_map_object_deps (dl-deps.c:248)
       n1: 4766 0x401304E: dl_open_worker (dl-open.c:271)
        n1: 4766 0x49AEB2D: _dl_catch_exception (dl-error-skeleton.c:196)
         n1: 4766 0x4012BB8: _dl_open (dl-open.c:599)
          n1: 4766 0x4876254: dlopen_doit (dlopen.c:66)
           n1: 4766 0x49AEB2D: _dl_catch_exception (dl-error-skeleton.c:196)
            n1: 4766 0x49AEBBD: _dl_catch_error (dl-error-skeleton.c:215)
             n1: 4766 0x4876973: _dlerror_run (dlerror.c:163)
              n1: 4766 0x48762E4: dlopen@@GLIBC_2.2.5 (dlopen.c:87)
               n1: 4766 0x4860341: elektraModulesLoad (in /home/jenkins/workspace/build/linux/lib/libelektra-core.so.0.8.26)
                n1: 4766 0x4849B7D: elektraPluginOpen (in /home/jenkins/workspace/build/linux/lib/libelektra-kdb.so.0.8.26)
                 n0: 4766 0x4012D3: main (in /home/jenkins/workspace/build/linux/bin/benchmark_plugingetset)
    n0: 1195 in 1 place, below massif's threshold (1.00%)
 n1: 4064 0x400A095: do_lookup_x (dl-lookup.c:253)
  n1: 4064 0x400A38D: _dl_lookup_symbol_x (dl-lookup.c:814)
   n1: 4064 0x400BD5C: _dl_relocate_object (dl-machine.h:308)
    n1: 4064 0x401319C: dl_open_worker (dl-open.c:377)
     n1: 4064 0x49AEB2D: _dl_catch_exception (dl-error-skeleton.c:196)
      n1: 4064 0x4012BB8: _dl_open (dl-open.c:599)
       n1: 4064 0x4876254: dlopen_doit (dlopen.c:66)
        n1: 4064 0x49AEB2D: _dl_catch_exception (dl-error-skeleton.c:196)
         n1: 4064 0x49AEBBD: _dl_catch_error (dl-error-skeleton.c:215)
          n1: 4064 0x4876973: _dlerror_run (dlerror.c:163)
           n1: 4064 0x48762E4: dlopen@@GLIBC_2.2.5 (dlopen.c:87)
            n1: 4064 0x4860341: elektraModulesLoad (in /home/jenkins/workspace/build/linux/lib/libelektra-core.so.0.8.26)
             n1: 4064 0x4849B7D: elektraPluginOpen (in /home/jenkins/workspace/build/linux/lib/libelektra-kdb.so.0.8.26)
              n0: 4064 0x4012D3: main (in /home/jenkins/workspace/build/linux/bin/benchmark_plugingetset)
 n1: 2376 0x4010A1E: _dl_check_map_versions (dl-version.c:274)
  n1: 2376 0x4013094: dl_open_worker (dl-open.c:277)
   n1: 2376 0x49AEB2D: _dl_catch_exception (dl-error-skeleton.c:196)
    n1: 2376 0x4012BB8: _dl_open (dl-open.c:599)
     n1: 2376 0x4876254: dlopen_doit (dlopen.c:66)
      n1: 2376 0x49AEB2D: _dl_catch_exception (dl-error-skeleton.c:196)
       n1: 2376 0x49AEBBD: _dl_catch_error (dl-error-skeleton.c:215)
        n1: 2376 0x4876973: _dlerror_run (dlerror.c:163)
         n1: 2376 0x48762E4: dlopen@@GLIBC_2.2.5 (dlopen.c:87)
          n1: 2376 0x4860341: elektraModulesLoad (in /home/jenkins/workspace/build/linux/lib/libelektra-core.so.0.8.26)
           n1: 2376 0x4849B7D: elektraPluginOpen (in /home/jenkins/workspace/build/linux/lib/libelektra-kdb.so.0.8.26)
            n0: 2376 0x4012D3: main (in /home/jenkins/workspace/build/linux/bin/benchmark_plugingetset)
 n2: 1941 0x4F94DC9: std::__cxx11::basic_string<char, std::char_traits<char>, std::allocator<char> >::_M_mutate(unsigned long, unsigned long, char const*, unsigned long) (in /usr/lib/x86_64-linux-gnu/libstdc++.so.6.0.25)
  n1: 1941 0x4F957CE: std::__cxx11::basic_string<char, std::char_traits<char>, std::allocator<char> >::_M_replace_aux(unsigned long, unsigned long, unsigned long, char) (in /usr/lib/x86_64-linux-gnu/libstdc++.so.6.0.25)
   n1: 1941 0x4E431A9: ???
    n2: 1941 0x4E42FCD: ???
     n1: 1941 0x4E4224C: ???
      n1: 1941 0x4E47C77: ???
       n1: 1941 0x4E4C53C: ???
        n1: 1941 0x4E4D817: ???
         n0: 1941 0x4012EF: main (in /home/jenkins/workspace/build/linux/bin/benchmark_plugingetset)
     n0: 0 in 1 place, below massif's threshold (1.00%)
  n0: 0 in 1 place, below massif's threshold (1.00%)
#-----------
snapshot=28
#-----------
time=5269479
mem_heap_B=295703
mem_heap_extra_B=1297
mem_stacks_B=0
heap_tree=empty
#-----------
snapshot=29
#-----------
time=5287239
mem_heap_B=296500
mem_heap_extra_B=1556
mem_stacks_B=0
heap_tree=detailed
n7: 296500 (heap allocation functions) malloc/new/new[], --alloc-fns, etc.
 n5: 185792 0x4E5C684: ???
  n1: 160000 0x4E56675: ???
   n1: 160000 0x4E4C5A6: ???
    n1: 160000 0x4E4D817: ???
     n0: 160000 0x4012EF: main (in /home/jenkins/workspace/build/linux/bin/benchmark_plugingetset)
  n2: 12216 0x4E5C8F2: ???
   n1: 8072 0x4E4FA28: ???
    n1: 8072 0x4E5C267: ???
     n1: 8072 0x4E4C3C2: ???
      n1: 8072 0x4E4D817: ???
       n0: 8072 0x4012EF: main (in /home/jenkins/workspace/build/linux/bin/benchmark_plugingetset)
   n0: 4144 in 2 places, all below massif's threshold (1.00%)
  n2: 5280 0x4E5CDA2: ???
   n1: 3168 0x4E50A33: ???
    n1: 3168 0x4E599DE: ???
     n1: 3168 0x4E5C2E4: ???
      n1: 3168 0x4E4C448: ???
       n1: 3168 0x4E4D817: ???
        n0: 3168 0x4012EF: main (in /home/jenkins/workspace/build/linux/bin/benchmark_plugingetset)
   n0: 2112 in 6 places, all below massif's threshold (1.00%)
  n0: 4200 in 11 places, all below massif's threshold (1.00%)
  n1: 4096 0x4E4FA55: ???
   n1: 4096 0x4E5C267: ???
    n1: 4096 0x4E4C3C2: ???
     n1: 4096 0x4E4D817: ???
      n0: 4096 0x4012EF: main (in /home/jenkins/workspace/build/linux/bin/benchmark_plugingetset)
 n1: 72704 0x4F06454: ??? (in /usr/lib/x86_64-linux-gnu/libstdc++.so.6.0.25)
  n1: 72704 0x400F378: call_init.part.0 (dl-init.c:72)
   n1: 72704 0x400F474: _dl_init (dl-init.c:118)
    n1: 72704 0x40132D1: dl_open_worker (dl-open.c:517)
     n1: 72704 0x49AEB2D: _dl_catch_exception (dl-error-skeleton.c:196)
      n1: 72704 0x4012BB8: _dl_open (dl-open.c:599)
       n1: 72704 0x4876254: dlopen_doit (dlopen.c:66)
        n1: 72704 0x49AEB2D: _dl_catch_exception (dl-error-skeleton.c:196)
         n1: 72704 0x49AEBBD: _dl_catch_error (dl-error-skeleton.c:215)
          n1: 72704 0x4876973: _dlerror_run (dlerror.c:163)
           n1: 72704 0x48762E4: dlopen@@GLIBC_2.2.5 (dlopen.c:87)
            n1: 72704 0x4860341: elektraModulesLoad (in /home/jenkins/workspace/build/linux/lib/libelektra-core.so.0.8.26)
             n1: 72704 0x4849B7D: elektraPluginOpen (in /home/jenkins/workspace/build/linux/lib/libelektra-kdb.so.0.8.26)
              n0: 72704 0x4012D3: main (in /home/jenkins/workspace/build/linux/bin/benchmark_plugingetset)
 n0: 12023 in 63 places, all below massif's threshold (1.00%)
 n1: 8192 0x4F628F6: std::basic_filebuf<char, std::char_traits<char> >::_M_allocate_internal_buffer() (in /usr/lib/x86_64-linux-gnu/libstdc++.so.6.0.25)
  n1: 8192 0x4F66790: std::basic_filebuf<char, std::char_traits<char> >::open(char const*, std::_Ios_Openmode) (in /usr/lib/x86_64-linux-gnu/libstdc++.so.6.0.25)
   n1: 8192 0x4F6776C: std::basic_ifstream<char, std::char_traits<char> >::basic_ifstream(std::__cxx11::basic_string<char, std::char_traits<char>, std::allocator<char> > const&, std::_Ios_Openmode) (in /usr/lib/x86_64-linux-gnu/libstdc++.so.6.0.25)
    n1: 8192 0x4E4C4CC: ???
     n1: 8192 0x4E4D817: ???
      n0: 8192 0x4012EF: main (in /home/jenkins/workspace/build/linux/bin/benchmark_plugingetset)
 n1: 7764 0x4E429AD: ???
  n1: 7764 0x4E425EA: ???
   n1: 7764 0x4E42371: ???
    n1: 7764 0x4E41B54: ???
     n1: 7764 0x4E47364: ???
      n1: 7764 0x4E4C528: ???
       n1: 7764 0x4E4D817: ???
        n0: 7764 0x4012EF: main (in /home/jenkins/workspace/build/linux/bin/benchmark_plugingetset)
 n1: 5961 0x400B2AC: _dl_new_object (dl-object.c:73)
  n1: 5961 0x4005E46: _dl_map_object_from_fd (dl-load.c:1001)
   n2: 5961 0x4008A8B: _dl_map_object (dl-load.c:2466)
    n1: 4766 0x400D290: openaux (dl-deps.c:64)
     n1: 4766 0x49AEB2D: _dl_catch_exception (dl-error-skeleton.c:196)
      n1: 4766 0x400D604: _dl_map_object_deps (dl-deps.c:248)
       n1: 4766 0x401304E: dl_open_worker (dl-open.c:271)
        n1: 4766 0x49AEB2D: _dl_catch_exception (dl-error-skeleton.c:196)
         n1: 4766 0x4012BB8: _dl_open (dl-open.c:599)
          n1: 4766 0x4876254: dlopen_doit (dlopen.c:66)
           n1: 4766 0x49AEB2D: _dl_catch_exception (dl-error-skeleton.c:196)
            n1: 4766 0x49AEBBD: _dl_catch_error (dl-error-skeleton.c:215)
             n1: 4766 0x4876973: _dlerror_run (dlerror.c:163)
              n1: 4766 0x48762E4: dlopen@@GLIBC_2.2.5 (dlopen.c:87)
               n1: 4766 0x4860341: elektraModulesLoad (in /home/jenkins/workspace/build/linux/lib/libelektra-core.so.0.8.26)
                n1: 4766 0x4849B7D: elektraPluginOpen (in /home/jenkins/workspace/build/linux/lib/libelektra-kdb.so.0.8.26)
                 n0: 4766 0x4012D3: main (in /home/jenkins/workspace/build/linux/bin/benchmark_plugingetset)
    n0: 1195 in 1 place, below massif's threshold (1.00%)
 n1: 4064 0x400A095: do_lookup_x (dl-lookup.c:253)
  n1: 4064 0x400A38D: _dl_lookup_symbol_x (dl-lookup.c:814)
   n1: 4064 0x400BD5C: _dl_relocate_object (dl-machine.h:308)
    n1: 4064 0x401319C: dl_open_worker (dl-open.c:377)
     n1: 4064 0x49AEB2D: _dl_catch_exception (dl-error-skeleton.c:196)
      n1: 4064 0x4012BB8: _dl_open (dl-open.c:599)
       n1: 4064 0x4876254: dlopen_doit (dlopen.c:66)
        n1: 4064 0x49AEB2D: _dl_catch_exception (dl-error-skeleton.c:196)
         n1: 4064 0x49AEBBD: _dl_catch_error (dl-error-skeleton.c:215)
          n1: 4064 0x4876973: _dlerror_run (dlerror.c:163)
           n1: 4064 0x48762E4: dlopen@@GLIBC_2.2.5 (dlopen.c:87)
            n1: 4064 0x4860341: elektraModulesLoad (in /home/jenkins/workspace/build/linux/lib/libelektra-core.so.0.8.26)
             n1: 4064 0x4849B7D: elektraPluginOpen (in /home/jenkins/workspace/build/linux/lib/libelektra-kdb.so.0.8.26)
              n0: 4064 0x4012D3: main (in /home/jenkins/workspace/build/linux/bin/benchmark_plugingetset)
#-----------
snapshot=30
#-----------
time=5311646
mem_heap_B=297367
mem_heap_extra_B=1737
mem_stacks_B=0
heap_tree=detailed
n7: 297367 (heap allocation functions) malloc/new/new[], --alloc-fns, etc.
 n5: 185792 0x4E5C684: ???
  n1: 160000 0x4E56675: ???
   n1: 160000 0x4E4C5A6: ???
    n1: 160000 0x4E4D817: ???
     n0: 160000 0x4012EF: main (in /home/jenkins/workspace/build/linux/bin/benchmark_plugingetset)
  n2: 12216 0x4E5C8F2: ???
   n1: 8072 0x4E4FA28: ???
    n1: 8072 0x4E5C267: ???
     n1: 8072 0x4E4C3C2: ???
      n1: 8072 0x4E4D817: ???
       n0: 8072 0x4012EF: main (in /home/jenkins/workspace/build/linux/bin/benchmark_plugingetset)
   n0: 4144 in 2 places, all below massif's threshold (1.00%)
  n2: 5280 0x4E5CDA2: ???
   n1: 3168 0x4E50A33: ???
    n1: 3168 0x4E599DE: ???
     n1: 3168 0x4E5C2E4: ???
      n1: 3168 0x4E4C448: ???
       n1: 3168 0x4E4D817: ???
        n0: 3168 0x4012EF: main (in /home/jenkins/workspace/build/linux/bin/benchmark_plugingetset)
   n0: 2112 in 6 places, all below massif's threshold (1.00%)
  n0: 4200 in 11 places, all below massif's threshold (1.00%)
  n1: 4096 0x4E4FA55: ???
   n1: 4096 0x4E5C267: ???
    n1: 4096 0x4E4C3C2: ???
     n1: 4096 0x4E4D817: ???
      n0: 4096 0x4012EF: main (in /home/jenkins/workspace/build/linux/bin/benchmark_plugingetset)
 n1: 72704 0x4F06454: ??? (in /usr/lib/x86_64-linux-gnu/libstdc++.so.6.0.25)
  n1: 72704 0x400F378: call_init.part.0 (dl-init.c:72)
   n1: 72704 0x400F474: _dl_init (dl-init.c:118)
    n1: 72704 0x40132D1: dl_open_worker (dl-open.c:517)
     n1: 72704 0x49AEB2D: _dl_catch_exception (dl-error-skeleton.c:196)
      n1: 72704 0x4012BB8: _dl_open (dl-open.c:599)
       n1: 72704 0x4876254: dlopen_doit (dlopen.c:66)
        n1: 72704 0x49AEB2D: _dl_catch_exception (dl-error-skeleton.c:196)
         n1: 72704 0x49AEBBD: _dl_catch_error (dl-error-skeleton.c:215)
          n1: 72704 0x4876973: _dlerror_run (dlerror.c:163)
           n1: 72704 0x48762E4: dlopen@@GLIBC_2.2.5 (dlopen.c:87)
            n1: 72704 0x4860341: elektraModulesLoad (in /home/jenkins/workspace/build/linux/lib/libelektra-core.so.0.8.26)
             n1: 72704 0x4849B7D: elektraPluginOpen (in /home/jenkins/workspace/build/linux/lib/libelektra-kdb.so.0.8.26)
              n0: 72704 0x4012D3: main (in /home/jenkins/workspace/build/linux/bin/benchmark_plugingetset)
 n0: 12890 in 64 places, all below massif's threshold (1.00%)
 n1: 8192 0x4F628F6: std::basic_filebuf<char, std::char_traits<char> >::_M_allocate_internal_buffer() (in /usr/lib/x86_64-linux-gnu/libstdc++.so.6.0.25)
  n1: 8192 0x4F66790: std::basic_filebuf<char, std::char_traits<char> >::open(char const*, std::_Ios_Openmode) (in /usr/lib/x86_64-linux-gnu/libstdc++.so.6.0.25)
   n1: 8192 0x4F6776C: std::basic_ifstream<char, std::char_traits<char> >::basic_ifstream(std::__cxx11::basic_string<char, std::char_traits<char>, std::allocator<char> > const&, std::_Ios_Openmode) (in /usr/lib/x86_64-linux-gnu/libstdc++.so.6.0.25)
    n1: 8192 0x4E4C4CC: ???
     n1: 8192 0x4E4D817: ???
      n0: 8192 0x4012EF: main (in /home/jenkins/workspace/build/linux/bin/benchmark_plugingetset)
 n1: 7764 0x4E429AD: ???
  n1: 7764 0x4E425EA: ???
   n1: 7764 0x4E42371: ???
    n1: 7764 0x4E41B54: ???
     n1: 7764 0x4E47364: ???
      n1: 7764 0x4E4C528: ???
       n1: 7764 0x4E4D817: ???
        n0: 7764 0x4012EF: main (in /home/jenkins/workspace/build/linux/bin/benchmark_plugingetset)
 n1: 5961 0x400B2AC: _dl_new_object (dl-object.c:73)
  n1: 5961 0x4005E46: _dl_map_object_from_fd (dl-load.c:1001)
   n2: 5961 0x4008A8B: _dl_map_object (dl-load.c:2466)
    n1: 4766 0x400D290: openaux (dl-deps.c:64)
     n1: 4766 0x49AEB2D: _dl_catch_exception (dl-error-skeleton.c:196)
      n1: 4766 0x400D604: _dl_map_object_deps (dl-deps.c:248)
       n1: 4766 0x401304E: dl_open_worker (dl-open.c:271)
        n1: 4766 0x49AEB2D: _dl_catch_exception (dl-error-skeleton.c:196)
         n1: 4766 0x4012BB8: _dl_open (dl-open.c:599)
          n1: 4766 0x4876254: dlopen_doit (dlopen.c:66)
           n1: 4766 0x49AEB2D: _dl_catch_exception (dl-error-skeleton.c:196)
            n1: 4766 0x49AEBBD: _dl_catch_error (dl-error-skeleton.c:215)
             n1: 4766 0x4876973: _dlerror_run (dlerror.c:163)
              n1: 4766 0x48762E4: dlopen@@GLIBC_2.2.5 (dlopen.c:87)
               n1: 4766 0x4860341: elektraModulesLoad (in /home/jenkins/workspace/build/linux/lib/libelektra-core.so.0.8.26)
                n1: 4766 0x4849B7D: elektraPluginOpen (in /home/jenkins/workspace/build/linux/lib/libelektra-kdb.so.0.8.26)
                 n0: 4766 0x4012D3: main (in /home/jenkins/workspace/build/linux/bin/benchmark_plugingetset)
    n0: 1195 in 1 place, below massif's threshold (1.00%)
 n1: 4064 0x400A095: do_lookup_x (dl-lookup.c:253)
  n1: 4064 0x400A38D: _dl_lookup_symbol_x (dl-lookup.c:814)
   n1: 4064 0x400BD5C: _dl_relocate_object (dl-machine.h:308)
    n1: 4064 0x401319C: dl_open_worker (dl-open.c:377)
     n1: 4064 0x49AEB2D: _dl_catch_exception (dl-error-skeleton.c:196)
      n1: 4064 0x4012BB8: _dl_open (dl-open.c:599)
       n1: 4064 0x4876254: dlopen_doit (dlopen.c:66)
        n1: 4064 0x49AEB2D: _dl_catch_exception (dl-error-skeleton.c:196)
         n1: 4064 0x49AEBBD: _dl_catch_error (dl-error-skeleton.c:215)
          n1: 4064 0x4876973: _dlerror_run (dlerror.c:163)
           n1: 4064 0x48762E4: dlopen@@GLIBC_2.2.5 (dlopen.c:87)
            n1: 4064 0x4860341: elektraModulesLoad (in /home/jenkins/workspace/build/linux/lib/libelektra-core.so.0.8.26)
             n1: 4064 0x4849B7D: elektraPluginOpen (in /home/jenkins/workspace/build/linux/lib/libelektra-kdb.so.0.8.26)
              n0: 4064 0x4012D3: main (in /home/jenkins/workspace/build/linux/bin/benchmark_plugingetset)
#-----------
snapshot=31
#-----------
time=5335435
mem_heap_B=487026
mem_heap_extra_B=2110
mem_stacks_B=0
heap_tree=detailed
n6: 487026 (heap allocation functions) malloc/new/new[], --alloc-fns, etc.
 n5: 374304 0x4E5C684: ???
  n4: 188328 0x4E5C8F2: ???
   n1: 160088 0x4E4FD99: ???
    n1: 160088 0x4E5684B: ???
     n1: 160088 0x4E4C5A6: ???
      n1: 160088 0x4E4D817: ???
       n0: 160088 0x4012EF: main (in /home/jenkins/workspace/build/linux/bin/benchmark_plugingetset)
   n1: 16024 0x4E4FD4D: ???
    n1: 16024 0x4E5684B: ???
     n1: 16024 0x4E4C5A6: ???
      n1: 16024 0x4E4D817: ???
       n0: 16024 0x4012EF: main (in /home/jenkins/workspace/build/linux/bin/benchmark_plugingetset)
   n1: 8072 0x4E4FA28: ???
    n1: 8072 0x4E5C267: ???
     n1: 8072 0x4E4C3C2: ???
      n1: 8072 0x4E4D817: ???
       n0: 8072 0x4012EF: main (in /home/jenkins/workspace/build/linux/bin/benchmark_plugingetset)
   n0: 4144 in 2 places, all below massif's threshold (1.00%)
  n1: 160000 0x4E56675: ???
   n1: 160000 0x4E4C5A6: ???
    n1: 160000 0x4E4D817: ???
     n0: 160000 0x4012EF: main (in /home/jenkins/workspace/build/linux/bin/benchmark_plugingetset)
  n0: 10808 in 12 places, all below massif's threshold (1.00%)
  n1: 9888 0x4E5CC4F: ???
   n0: 9888 in 13 places, all below massif's threshold (1.00%)
  n1: 5280 0x4E5CDA2: ???
   n0: 5280 in 7 places, all below massif's threshold (1.00%)
 n1: 72704 0x4F06454: ??? (in /usr/lib/x86_64-linux-gnu/libstdc++.so.6.0.25)
  n1: 72704 0x400F378: call_init.part.0 (dl-init.c:72)
   n1: 72704 0x400F474: _dl_init (dl-init.c:118)
    n1: 72704 0x40132D1: dl_open_worker (dl-open.c:517)
     n1: 72704 0x49AEB2D: _dl_catch_exception (dl-error-skeleton.c:196)
      n1: 72704 0x4012BB8: _dl_open (dl-open.c:599)
       n1: 72704 0x4876254: dlopen_doit (dlopen.c:66)
        n1: 72704 0x49AEB2D: _dl_catch_exception (dl-error-skeleton.c:196)
         n1: 72704 0x49AEBBD: _dl_catch_error (dl-error-skeleton.c:215)
          n1: 72704 0x4876973: _dlerror_run (dlerror.c:163)
           n1: 72704 0x48762E4: dlopen@@GLIBC_2.2.5 (dlopen.c:87)
            n1: 72704 0x4860341: elektraModulesLoad (in /home/jenkins/workspace/build/linux/lib/libelektra-core.so.0.8.26)
             n1: 72704 0x4849B7D: elektraPluginOpen (in /home/jenkins/workspace/build/linux/lib/libelektra-kdb.so.0.8.26)
              n0: 72704 0x4012D3: main (in /home/jenkins/workspace/build/linux/bin/benchmark_plugingetset)
 n0: 18101 in 77 places, all below massif's threshold (1.00%)
 n1: 8192 0x4F628F6: std::basic_filebuf<char, std::char_traits<char> >::_M_allocate_internal_buffer() (in /usr/lib/x86_64-linux-gnu/libstdc++.so.6.0.25)
  n1: 8192 0x4F66790: std::basic_filebuf<char, std::char_traits<char> >::open(char const*, std::_Ios_Openmode) (in /usr/lib/x86_64-linux-gnu/libstdc++.so.6.0.25)
   n1: 8192 0x4F6776C: std::basic_ifstream<char, std::char_traits<char> >::basic_ifstream(std::__cxx11::basic_string<char, std::char_traits<char>, std::allocator<char> > const&, std::_Ios_Openmode) (in /usr/lib/x86_64-linux-gnu/libstdc++.so.6.0.25)
    n1: 8192 0x4E4C4CC: ???
     n1: 8192 0x4E4D817: ???
      n0: 8192 0x4012EF: main (in /home/jenkins/workspace/build/linux/bin/benchmark_plugingetset)
 n1: 7764 0x4E429AD: ???
  n1: 7764 0x4E425EA: ???
   n1: 7764 0x4E42371: ???
    n1: 7764 0x4E41B54: ???
     n1: 7764 0x4E47364: ???
      n1: 7764 0x4E4C528: ???
       n1: 7764 0x4E4D817: ???
        n0: 7764 0x4012EF: main (in /home/jenkins/workspace/build/linux/bin/benchmark_plugingetset)
 n1: 5961 0x400B2AC: _dl_new_object (dl-object.c:73)
  n1: 5961 0x4005E46: _dl_map_object_from_fd (dl-load.c:1001)
   n1: 5961 0x4008A8B: _dl_map_object (dl-load.c:2466)
    n0: 5961 in 2 places, all below massif's threshold (1.00%)
#-----------
snapshot=32
#-----------
time=5455555
mem_heap_B=487090
mem_heap_extra_B=2118
mem_stacks_B=0
heap_tree=empty
#-----------
snapshot=33
#-----------
time=5456818
mem_heap_B=647178
mem_heap_extra_B=2134
mem_stacks_B=0
heap_tree=empty
#-----------
snapshot=34
#-----------
time=5576938
mem_heap_B=647242
mem_heap_extra_B=2142
mem_stacks_B=0
heap_tree=empty
#-----------
snapshot=35
#-----------
time=5578092
mem_heap_B=887330
mem_heap_extra_B=2158
mem_stacks_B=0
heap_tree=empty
#-----------
snapshot=36
#-----------
time=5758220
mem_heap_B=887362
mem_heap_extra_B=2166
mem_stacks_B=0
heap_tree=empty
#-----------
snapshot=37
#-----------
time=5777546
mem_heap_B=937978
mem_heap_extra_B=2302
mem_stacks_B=0
heap_tree=empty
#-----------
snapshot=38
#-----------
time=5796729
mem_heap_B=971983
mem_heap_extra_B=2369
mem_stacks_B=0
heap_tree=detailed
n3: 971983 (heap allocation functions) malloc/new/new[], --alloc-fns, etc.
 n4: 858669 0x4E5C684: ???
  n7: 636680 0x4E5C8F2: ???
   n1: 240088 0x4E4FE1D: ???
    n1: 240088 0x4E5684B: ???
     n1: 240088 0x4E4C5A6: ???
      n1: 240088 0x4E4D817: ???
       n0: 240088 0x4012EF: main (in /home/jenkins/workspace/build/linux/bin/benchmark_plugingetset)
   n1: 160088 0x4E4FD99: ???
    n1: 160088 0x4E5684B: ???
     n1: 160088 0x4E4C5A6: ???
      n1: 160088 0x4E4D817: ???
       n0: 160088 0x4012EF: main (in /home/jenkins/workspace/build/linux/bin/benchmark_plugingetset)
   n1: 160088 0x4E4FDD4: ???
    n1: 160088 0x4E5684B: ???
     n1: 160088 0x4E4C5A6: ???
      n1: 160088 0x4E4D817: ???
       n0: 160088 0x4012EF: main (in /home/jenkins/workspace/build/linux/bin/benchmark_plugingetset)
   n1: 24088 0x4E50080: ???
    n1: 24088 0x4E5684B: ???
     n1: 24088 0x4E4C5A6: ???
      n1: 24088 0x4E4D817: ???
       n0: 24088 0x4012EF: main (in /home/jenkins/workspace/build/linux/bin/benchmark_plugingetset)
   n1: 24088 0x4E500BD: ???
    n1: 24088 0x4E5684B: ???
     n1: 24088 0x4E4C5A6: ???
      n1: 24088 0x4E4D817: ???
       n0: 24088 0x4012EF: main (in /home/jenkins/workspace/build/linux/bin/benchmark_plugingetset)
   n1: 16024 0x4E4FD4D: ???
    n1: 16024 0x4E5684B: ???
     n1: 16024 0x4E4C5A6: ???
      n1: 16024 0x4E4D817: ???
       n0: 16024 0x4012EF: main (in /home/jenkins/workspace/build/linux/bin/benchmark_plugingetset)
   n0: 12216 in 3 places, all below massif's threshold (1.00%)
  n1: 160000 0x4E56675: ???
   n1: 160000 0x4E4C5A6: ???
    n1: 160000 0x4E4D817: ???
     n0: 160000 0x4012EF: main (in /home/jenkins/workspace/build/linux/bin/benchmark_plugingetset)
  n0: 42837 in 20 places, all below massif's threshold (1.00%)
  n1: 19152 0x4E5CC4F: ???
   n0: 19152 in 16 places, all below massif's threshold (1.00%)
 n1: 72704 0x4F06454: ??? (in /usr/lib/x86_64-linux-gnu/libstdc++.so.6.0.25)
  n1: 72704 0x400F378: call_init.part.0 (dl-init.c:72)
   n1: 72704 0x400F474: _dl_init (dl-init.c:118)
    n1: 72704 0x40132D1: dl_open_worker (dl-open.c:517)
     n1: 72704 0x49AEB2D: _dl_catch_exception (dl-error-skeleton.c:196)
      n1: 72704 0x4012BB8: _dl_open (dl-open.c:599)
       n1: 72704 0x4876254: dlopen_doit (dlopen.c:66)
        n1: 72704 0x49AEB2D: _dl_catch_exception (dl-error-skeleton.c:196)
         n1: 72704 0x49AEBBD: _dl_catch_error (dl-error-skeleton.c:215)
          n1: 72704 0x4876973: _dlerror_run (dlerror.c:163)
           n1: 72704 0x48762E4: dlopen@@GLIBC_2.2.5 (dlopen.c:87)
            n1: 72704 0x4860341: elektraModulesLoad (in /home/jenkins/workspace/build/linux/lib/libelektra-core.so.0.8.26)
             n1: 72704 0x4849B7D: elektraPluginOpen (in /home/jenkins/workspace/build/linux/lib/libelektra-kdb.so.0.8.26)
              n0: 72704 0x4012D3: main (in /home/jenkins/workspace/build/linux/bin/benchmark_plugingetset)
 n0: 40610 in 93 places, all below massif's threshold (1.00%)
#-----------
snapshot=39
#-----------
time=5811143
mem_heap_B=975711
mem_heap_extra_B=2929
mem_stacks_B=0
heap_tree=empty
#-----------
snapshot=40
#-----------
time=5835389
mem_heap_B=982815
mem_heap_extra_B=3633
mem_stacks_B=0
heap_tree=empty
#-----------
snapshot=41
#-----------
time=5854493
mem_heap_B=985551
mem_heap_extra_B=3849
mem_stacks_B=0
heap_tree=empty
#-----------
snapshot=42
#-----------
time=5876850
mem_heap_B=988447
mem_heap_extra_B=3929
mem_stacks_B=0
heap_tree=empty
#-----------
snapshot=43
#-----------
time=5893386
mem_heap_B=989695
mem_heap_extra_B=3977
mem_stacks_B=0
heap_tree=detailed
n3: 989695 (heap allocation functions) malloc/new/new[], --alloc-fns, etc.
 n5: 873469 0x4E5C684: ???
  n7: 636680 0x4E5C8F2: ???
   n1: 240088 0x4E4FE1D: ???
    n1: 240088 0x4E5684B: ???
     n1: 240088 0x4E4C5A6: ???
      n1: 240088 0x4E4D817: ???
       n0: 240088 0x4012EF: main (in /home/jenkins/workspace/build/linux/bin/benchmark_plugingetset)
   n1: 160088 0x4E4FD99: ???
    n1: 160088 0x4E5684B: ???
     n1: 160088 0x4E4C5A6: ???
      n1: 160088 0x4E4D817: ???
       n0: 160088 0x4012EF: main (in /home/jenkins/workspace/build/linux/bin/benchmark_plugingetset)
   n1: 160088 0x4E4FDD4: ???
    n1: 160088 0x4E5684B: ???
     n1: 160088 0x4E4C5A6: ???
      n1: 160088 0x4E4D817: ???
       n0: 160088 0x4012EF: main (in /home/jenkins/workspace/build/linux/bin/benchmark_plugingetset)
   n1: 24088 0x4E50080: ???
    n1: 24088 0x4E5684B: ???
     n1: 24088 0x4E4C5A6: ???
      n1: 24088 0x4E4D817: ???
       n0: 24088 0x4012EF: main (in /home/jenkins/workspace/build/linux/bin/benchmark_plugingetset)
   n1: 24088 0x4E500BD: ???
    n1: 24088 0x4E5684B: ???
     n1: 24088 0x4E4C5A6: ???
      n1: 24088 0x4E4D817: ???
       n0: 24088 0x4012EF: main (in /home/jenkins/workspace/build/linux/bin/benchmark_plugingetset)
   n1: 16024 0x4E4FD4D: ???
    n1: 16024 0x4E5684B: ???
     n1: 16024 0x4E4C5A6: ???
      n1: 16024 0x4E4D817: ???
       n0: 16024 0x4012EF: main (in /home/jenkins/workspace/build/linux/bin/benchmark_plugingetset)
   n0: 12216 in 3 places, all below massif's threshold (1.00%)
  n1: 160000 0x4E56675: ???
   n1: 160000 0x4E4C5A6: ???
    n1: 160000 0x4E4D817: ???
     n0: 160000 0x4012EF: main (in /home/jenkins/workspace/build/linux/bin/benchmark_plugingetset)
  n0: 42392 in 22 places, all below massif's threshold (1.00%)
  n1: 18624 0x4E5CC4F: ???
   n0: 18624 in 16 places, all below massif's threshold (1.00%)
  n1: 15773 0x4E5CDA2: ???
   n0: 15773 in 13 places, all below massif's threshold (1.00%)
 n1: 72704 0x4F06454: ??? (in /usr/lib/x86_64-linux-gnu/libstdc++.so.6.0.25)
  n1: 72704 0x400F378: call_init.part.0 (dl-init.c:72)
   n1: 72704 0x400F474: _dl_init (dl-init.c:118)
    n1: 72704 0x40132D1: dl_open_worker (dl-open.c:517)
     n1: 72704 0x49AEB2D: _dl_catch_exception (dl-error-skeleton.c:196)
      n1: 72704 0x4012BB8: _dl_open (dl-open.c:599)
       n1: 72704 0x4876254: dlopen_doit (dlopen.c:66)
        n1: 72704 0x49AEB2D: _dl_catch_exception (dl-error-skeleton.c:196)
         n1: 72704 0x49AEBBD: _dl_catch_error (dl-error-skeleton.c:215)
          n1: 72704 0x4876973: _dlerror_run (dlerror.c:163)
           n1: 72704 0x48762E4: dlopen@@GLIBC_2.2.5 (dlopen.c:87)
            n1: 72704 0x4860341: elektraModulesLoad (in /home/jenkins/workspace/build/linux/lib/libelektra-core.so.0.8.26)
             n1: 72704 0x4849B7D: elektraPluginOpen (in /home/jenkins/workspace/build/linux/lib/libelektra-kdb.so.0.8.26)
              n0: 72704 0x4012D3: main (in /home/jenkins/workspace/build/linux/bin/benchmark_plugingetset)
 n0: 43522 in 96 places, all below massif's threshold (1.00%)
#-----------
snapshot=44
#-----------
time=5916473
mem_heap_B=992074
mem_heap_extra_B=4102
mem_stacks_B=0
heap_tree=empty
#-----------
snapshot=45
#-----------
time=5929541
mem_heap_B=995089
mem_heap_extra_B=4207
mem_stacks_B=0
heap_tree=peak
n3: 995089 (heap allocation functions) malloc/new/new[], --alloc-fns, etc.
 n5: 875597 0x4E5C684: ???
  n7: 636680 0x4E5C8F2: ???
   n1: 240088 0x4E4FE1D: ???
    n1: 240088 0x4E5684B: ???
     n1: 240088 0x4E4C5A6: ???
      n1: 240088 0x4E4D817: ???
       n0: 240088 0x4012EF: main (in /home/jenkins/workspace/build/linux/bin/benchmark_plugingetset)
   n1: 160088 0x4E4FD99: ???
    n1: 160088 0x4E5684B: ???
     n1: 160088 0x4E4C5A6: ???
      n1: 160088 0x4E4D817: ???
       n0: 160088 0x4012EF: main (in /home/jenkins/workspace/build/linux/bin/benchmark_plugingetset)
   n1: 160088 0x4E4FDD4: ???
    n1: 160088 0x4E5684B: ???
     n1: 160088 0x4E4C5A6: ???
      n1: 160088 0x4E4D817: ???
       n0: 160088 0x4012EF: main (in /home/jenkins/workspace/build/linux/bin/benchmark_plugingetset)
   n1: 24088 0x4E50080: ???
    n1: 24088 0x4E5684B: ???
     n1: 24088 0x4E4C5A6: ???
      n1: 24088 0x4E4D817: ???
       n0: 24088 0x4012EF: main (in /home/jenkins/workspace/build/linux/bin/benchmark_plugingetset)
   n1: 24088 0x4E500BD: ???
    n1: 24088 0x4E5684B: ???
     n1: 24088 0x4E4C5A6: ???
      n1: 24088 0x4E4D817: ???
       n0: 24088 0x4012EF: main (in /home/jenkins/workspace/build/linux/bin/benchmark_plugingetset)
   n1: 16024 0x4E4FD4D: ???
    n1: 16024 0x4E5684B: ???
     n1: 16024 0x4E4C5A6: ???
      n1: 16024 0x4E4D817: ???
       n0: 16024 0x4012EF: main (in /home/jenkins/workspace/build/linux/bin/benchmark_plugingetset)
   n0: 12216 in 3 places, all below massif's threshold (1.00%)
  n1: 160000 0x4E56675: ???
   n1: 160000 0x4E4C5A6: ???
    n1: 160000 0x4E4D817: ???
     n0: 160000 0x4012EF: main (in /home/jenkins/workspace/build/linux/bin/benchmark_plugingetset)
  n0: 41880 in 22 places, all below massif's threshold (1.00%)
  n1: 18624 0x4E5CC4F: ???
   n0: 18624 in 16 places, all below massif's threshold (1.00%)
  n1: 18413 0x4E5CDA2: ???
   n0: 18413 in 13 places, all below massif's threshold (1.00%)
 n1: 72704 0x4F06454: ??? (in /usr/lib/x86_64-linux-gnu/libstdc++.so.6.0.25)
  n1: 72704 0x400F378: call_init.part.0 (dl-init.c:72)
   n1: 72704 0x400F474: _dl_init (dl-init.c:118)
    n1: 72704 0x40132D1: dl_open_worker (dl-open.c:517)
     n1: 72704 0x49AEB2D: _dl_catch_exception (dl-error-skeleton.c:196)
      n1: 72704 0x4012BB8: _dl_open (dl-open.c:599)
       n1: 72704 0x4876254: dlopen_doit (dlopen.c:66)
        n1: 72704 0x49AEB2D: _dl_catch_exception (dl-error-skeleton.c:196)
         n1: 72704 0x49AEBBD: _dl_catch_error (dl-error-skeleton.c:215)
          n1: 72704 0x4876973: _dlerror_run (dlerror.c:163)
           n1: 72704 0x48762E4: dlopen@@GLIBC_2.2.5 (dlopen.c:87)
            n1: 72704 0x4860341: elektraModulesLoad (in /home/jenkins/workspace/build/linux/lib/libelektra-core.so.0.8.26)
             n1: 72704 0x4849B7D: elektraPluginOpen (in /home/jenkins/workspace/build/linux/lib/libelektra-kdb.so.0.8.26)
              n0: 72704 0x4012D3: main (in /home/jenkins/workspace/build/linux/bin/benchmark_plugingetset)
 n0: 46788 in 96 places, all below massif's threshold (1.00%)
#-----------
snapshot=46
#-----------
time=5940338
mem_heap_B=999624
mem_heap_extra_B=4488
mem_stacks_B=0
heap_tree=empty
#-----------
snapshot=47
#-----------
time=5955721
mem_heap_B=925862
mem_heap_extra_B=4234
mem_stacks_B=0
heap_tree=empty
#-----------
snapshot=48
#-----------
time=5969853
mem_heap_B=142192
mem_heap_extra_B=2504
mem_stacks_B=0
heap_tree=empty
#-----------
snapshot=49
#-----------
time=5981905
mem_heap_B=142733
mem_heap_extra_B=2595
mem_stacks_B=0
heap_tree=empty
#-----------
snapshot=50
#-----------
time=5982794
mem_heap_B=142918
mem_heap_extra_B=2634
mem_stacks_B=0
heap_tree=empty
#-----------
snapshot=51
#-----------
time=5984971
mem_heap_B=142807
mem_heap_extra_B=2601
mem_stacks_B=0
heap_tree=empty
#-----------
snapshot=52
#-----------
time=5985983
mem_heap_B=143138
mem_heap_extra_B=2678
mem_stacks_B=0
heap_tree=empty
#-----------
snapshot=53
#-----------
time=5987933
mem_heap_B=143049
mem_heap_extra_B=2647
mem_stacks_B=0
heap_tree=empty
#-----------
snapshot=54
#-----------
time=5988912
mem_heap_B=143160
mem_heap_extra_B=2656
mem_stacks_B=0
heap_tree=empty
#-----------
snapshot=55
#-----------
time=5990644
mem_heap_B=143121
mem_heap_extra_B=2639
mem_stacks_B=0
heap_tree=empty
#-----------
snapshot=56
#-----------
time=5991680
mem_heap_B=143563
mem_heap_extra_B=2669
mem_stacks_B=0
heap_tree=detailed
n8: 143563 (heap allocation functions) malloc/new/new[], --alloc-fns, etc.
 n1: 72704 0x4F06454: ??? (in /usr/lib/x86_64-linux-gnu/libstdc++.so.6.0.25)
  n1: 72704 0x400F378: call_init.part.0 (dl-init.c:72)
   n1: 72704 0x400F474: _dl_init (dl-init.c:118)
    n1: 72704 0x40132D1: dl_open_worker (dl-open.c:517)
     n1: 72704 0x49AEB2D: _dl_catch_exception (dl-error-skeleton.c:196)
      n1: 72704 0x4012BB8: _dl_open (dl-open.c:599)
       n1: 72704 0x4876254: dlopen_doit (dlopen.c:66)
        n1: 72704 0x49AEB2D: _dl_catch_exception (dl-error-skeleton.c:196)
         n1: 72704 0x49AEBBD: _dl_catch_error (dl-error-skeleton.c:215)
          n1: 72704 0x4876973: _dlerror_run (dlerror.c:163)
           n1: 72704 0x48762E4: dlopen@@GLIBC_2.2.5 (dlopen.c:87)
            n1: 72704 0x4860341: elektraModulesLoad (in /home/jenkins/workspace/build/linux/lib/libelektra-core.so.0.8.26)
             n1: 72704 0x4849B7D: elektraPluginOpen (in /home/jenkins/workspace/build/linux/lib/libelektra-kdb.so.0.8.26)
              n0: 72704 0x4012D3: main (in /home/jenkins/workspace/build/linux/bin/benchmark_plugingetset)
 n5: 26992 0x4E5C684: ???
  n4: 12216 0x4E5C8F2: ???
   n1: 8072 0x4E4FA28: ???
    n1: 8072 0x4E5C267: ???
     n1: 8072 0x4E4C3C2: ???
      n1: 8072 0x4E4D817: ???
       n0: 8072 0x4012EF: main (in /home/jenkins/workspace/build/linux/bin/benchmark_plugingetset)
   n1: 2456 0x4E4F954: ???
    n1: 2456 0x4E5C267: ???
     n1: 2456 0x4E4C3C2: ???
      n1: 2456 0x4E4D817: ???
       n0: 2456 0x4012EF: main (in /home/jenkins/workspace/build/linux/bin/benchmark_plugingetset)
   n1: 1688 0x4E4F98E: ???
    n1: 1688 0x4E5C267: ???
     n1: 1688 0x4E4C3C2: ???
      n1: 1688 0x4E4D817: ???
       n0: 1688 0x4012EF: main (in /home/jenkins/workspace/build/linux/bin/benchmark_plugingetset)
   n0: 0 in 6 places, all below massif's threshold (1.00%)
  n2: 5808 0x4E5CDA2: ???
   n1: 3168 0x4E50A33: ???
    n1: 3168 0x4E599DE: ???
     n1: 3168 0x4E5C2E4: ???
      n1: 3168 0x4E4C448: ???
       n1: 3168 0x4E4D817: ???
        n0: 3168 0x4012EF: main (in /home/jenkins/workspace/build/linux/bin/benchmark_plugingetset)
   n0: 2640 in 13 places, all below massif's threshold (1.00%)
  n1: 4096 0x4E4FA55: ???
   n1: 4096 0x4E5C267: ???
    n1: 4096 0x4E4C3C2: ???
     n1: 4096 0x4E4D817: ???
      n0: 4096 0x4012EF: main (in /home/jenkins/workspace/build/linux/bin/benchmark_plugingetset)
  n0: 3288 in 23 places, all below massif's threshold (1.00%)
  n1: 1584 0x4E5CC4F: ???
   n0: 1584 in 17 places, all below massif's threshold (1.00%)
 n0: 15510 in 103 places, all below massif's threshold (1.00%)
 n1: 8192 0x4F628F6: std::basic_filebuf<char, std::char_traits<char> >::_M_allocate_internal_buffer() (in /usr/lib/x86_64-linux-gnu/libstdc++.so.6.0.25)
  n1: 8192 0x4F66790: std::basic_filebuf<char, std::char_traits<char> >::open(char const*, std::_Ios_Openmode) (in /usr/lib/x86_64-linux-gnu/libstdc++.so.6.0.25)
   n1: 8192 0x4F6776C: std::basic_ifstream<char, std::char_traits<char> >::basic_ifstream(std::__cxx11::basic_string<char, std::char_traits<char>, std::allocator<char> > const&, std::_Ios_Openmode) (in /usr/lib/x86_64-linux-gnu/libstdc++.so.6.0.25)
    n1: 8192 0x4E4C4CC: ???
     n1: 8192 0x4E4D817: ???
      n0: 8192 0x4012EF: main (in /home/jenkins/workspace/build/linux/bin/benchmark_plugingetset)
 n1: 7764 0x4E429AD: ???
  n1: 7764 0x4E425EA: ???
   n1: 7764 0x4E42371: ???
    n1: 7764 0x4E41B54: ???
     n1: 7764 0x4E47364: ???
      n1: 7764 0x4E4C528: ???
       n1: 7764 0x4E4D817: ???
        n0: 7764 0x4012EF: main (in /home/jenkins/workspace/build/linux/bin/benchmark_plugingetset)
 n1: 5961 0x400B2AC: _dl_new_object (dl-object.c:73)
  n1: 5961 0x4005E46: _dl_map_object_from_fd (dl-load.c:1001)
   n2: 5961 0x4008A8B: _dl_map_object (dl-load.c:2466)
    n1: 4766 0x400D290: openaux (dl-deps.c:64)
     n1: 4766 0x49AEB2D: _dl_catch_exception (dl-error-skeleton.c:196)
      n1: 4766 0x400D604: _dl_map_object_deps (dl-deps.c:248)
       n1: 4766 0x401304E: dl_open_worker (dl-open.c:271)
        n1: 4766 0x49AEB2D: _dl_catch_exception (dl-error-skeleton.c:196)
         n1: 4766 0x4012BB8: _dl_open (dl-open.c:599)
          n1: 4766 0x4876254: dlopen_doit (dlopen.c:66)
           n1: 4766 0x49AEB2D: _dl_catch_exception (dl-error-skeleton.c:196)
            n1: 4766 0x49AEBBD: _dl_catch_error (dl-error-skeleton.c:215)
             n1: 4766 0x4876973: _dlerror_run (dlerror.c:163)
              n1: 4766 0x48762E4: dlopen@@GLIBC_2.2.5 (dlopen.c:87)
               n1: 4766 0x4860341: elektraModulesLoad (in /home/jenkins/workspace/build/linux/lib/libelektra-core.so.0.8.26)
                n1: 4766 0x4849B7D: elektraPluginOpen (in /home/jenkins/workspace/build/linux/lib/libelektra-kdb.so.0.8.26)
                 n0: 4766 0x4012D3: main (in /home/jenkins/workspace/build/linux/bin/benchmark_plugingetset)
    n0: 1195 in 1 place, below massif's threshold (1.00%)
 n1: 4064 0x400A095: do_lookup_x (dl-lookup.c:253)
  n1: 4064 0x400A38D: _dl_lookup_symbol_x (dl-lookup.c:814)
   n1: 4064 0x400BD5C: _dl_relocate_object (dl-machine.h:308)
    n1: 4064 0x401319C: dl_open_worker (dl-open.c:377)
     n1: 4064 0x49AEB2D: _dl_catch_exception (dl-error-skeleton.c:196)
      n1: 4064 0x4012BB8: _dl_open (dl-open.c:599)
       n1: 4064 0x4876254: dlopen_doit (dlopen.c:66)
        n1: 4064 0x49AEB2D: _dl_catch_exception (dl-error-skeleton.c:196)
         n1: 4064 0x49AEBBD: _dl_catch_error (dl-error-skeleton.c:215)
          n1: 4064 0x4876973: _dlerror_run (dlerror.c:163)
           n1: 4064 0x48762E4: dlopen@@GLIBC_2.2.5 (dlopen.c:87)
            n1: 4064 0x4860341: elektraModulesLoad (in /home/jenkins/workspace/build/linux/lib/libelektra-core.so.0.8.26)
             n1: 4064 0x4849B7D: elektraPluginOpen (in /home/jenkins/workspace/build/linux/lib/libelektra-kdb.so.0.8.26)
              n0: 4064 0x4012D3: main (in /home/jenkins/workspace/build/linux/bin/benchmark_plugingetset)
 n1: 2376 0x4010A1E: _dl_check_map_versions (dl-version.c:274)
  n1: 2376 0x4013094: dl_open_worker (dl-open.c:277)
   n1: 2376 0x49AEB2D: _dl_catch_exception (dl-error-skeleton.c:196)
    n1: 2376 0x4012BB8: _dl_open (dl-open.c:599)
     n1: 2376 0x4876254: dlopen_doit (dlopen.c:66)
      n1: 2376 0x49AEB2D: _dl_catch_exception (dl-error-skeleton.c:196)
       n1: 2376 0x49AEBBD: _dl_catch_error (dl-error-skeleton.c:215)
        n1: 2376 0x4876973: _dlerror_run (dlerror.c:163)
         n1: 2376 0x48762E4: dlopen@@GLIBC_2.2.5 (dlopen.c:87)
          n1: 2376 0x4860341: elektraModulesLoad (in /home/jenkins/workspace/build/linux/lib/libelektra-core.so.0.8.26)
           n1: 2376 0x4849B7D: elektraPluginOpen (in /home/jenkins/workspace/build/linux/lib/libelektra-kdb.so.0.8.26)
            n0: 2376 0x4012D3: main (in /home/jenkins/workspace/build/linux/bin/benchmark_plugingetset)
#-----------
snapshot=57
#-----------
time=5994304
mem_heap_B=143437
mem_heap_extra_B=2659
mem_stacks_B=0
heap_tree=empty
#-----------
snapshot=58
#-----------
time=5995286
mem_heap_B=143548
mem_heap_extra_B=2684
mem_stacks_B=0
heap_tree=empty
#-----------
snapshot=59
#-----------
time=5996594
mem_heap_B=143511
mem_heap_extra_B=2665
mem_stacks_B=0
heap_tree=empty
#-----------
snapshot=60
#-----------
time=5999236
mem_heap_B=143511
mem_heap_extra_B=2665
mem_stacks_B=0
heap_tree=empty
#-----------
snapshot=61
#-----------
time=6000205
mem_heap_B=143259
mem_heap_extra_B=2653
mem_stacks_B=0
heap_tree=empty
#-----------
snapshot=62
#-----------
time=6001432
mem_heap_B=143232
mem_heap_extra_B=2648
mem_stacks_B=0
heap_tree=empty
#-----------
snapshot=63
#-----------
time=6002456
mem_heap_B=143563
mem_heap_extra_B=2709
mem_stacks_B=0
heap_tree=empty
#-----------
snapshot=64
#-----------
time=6004386
mem_heap_B=143474
mem_heap_extra_B=2694
mem_stacks_B=0
heap_tree=empty
#-----------
snapshot=65
#-----------
time=6005368
mem_heap_B=143585
mem_heap_extra_B=2703
mem_stacks_B=0
heap_tree=empty
#-----------
snapshot=66
#-----------
time=6007096
mem_heap_B=143550
mem_heap_extra_B=2682
mem_stacks_B=0
heap_tree=detailed
n8: 143550 (heap allocation functions) malloc/new/new[], --alloc-fns, etc.
 n1: 72704 0x4F06454: ??? (in /usr/lib/x86_64-linux-gnu/libstdc++.so.6.0.25)
  n1: 72704 0x400F378: call_init.part.0 (dl-init.c:72)
   n1: 72704 0x400F474: _dl_init (dl-init.c:118)
    n1: 72704 0x40132D1: dl_open_worker (dl-open.c:517)
     n1: 72704 0x49AEB2D: _dl_catch_exception (dl-error-skeleton.c:196)
      n1: 72704 0x4012BB8: _dl_open (dl-open.c:599)
       n1: 72704 0x4876254: dlopen_doit (dlopen.c:66)
        n1: 72704 0x49AEB2D: _dl_catch_exception (dl-error-skeleton.c:196)
         n1: 72704 0x49AEBBD: _dl_catch_error (dl-error-skeleton.c:215)
          n1: 72704 0x4876973: _dlerror_run (dlerror.c:163)
           n1: 72704 0x48762E4: dlopen@@GLIBC_2.2.5 (dlopen.c:87)
            n1: 72704 0x4860341: elektraModulesLoad (in /home/jenkins/workspace/build/linux/lib/libelektra-core.so.0.8.26)
             n1: 72704 0x4849B7D: elektraPluginOpen (in /home/jenkins/workspace/build/linux/lib/libelektra-kdb.so.0.8.26)
              n0: 72704 0x4012D3: main (in /home/jenkins/workspace/build/linux/bin/benchmark_plugingetset)
 n5: 26992 0x4E5C684: ???
  n4: 12216 0x4E5C8F2: ???
   n1: 8072 0x4E4FA28: ???
    n1: 8072 0x4E5C267: ???
     n1: 8072 0x4E4C3C2: ???
      n1: 8072 0x4E4D817: ???
       n0: 8072 0x4012EF: main (in /home/jenkins/workspace/build/linux/bin/benchmark_plugingetset)
   n1: 2456 0x4E4F954: ???
    n1: 2456 0x4E5C267: ???
     n1: 2456 0x4E4C3C2: ???
      n1: 2456 0x4E4D817: ???
       n0: 2456 0x4012EF: main (in /home/jenkins/workspace/build/linux/bin/benchmark_plugingetset)
   n1: 1688 0x4E4F98E: ???
    n1: 1688 0x4E5C267: ???
     n1: 1688 0x4E4C3C2: ???
      n1: 1688 0x4E4D817: ???
       n0: 1688 0x4012EF: main (in /home/jenkins/workspace/build/linux/bin/benchmark_plugingetset)
   n0: 0 in 6 places, all below massif's threshold (1.00%)
  n2: 5808 0x4E5CDA2: ???
   n1: 3168 0x4E50A33: ???
    n1: 3168 0x4E599DE: ???
     n1: 3168 0x4E5C2E4: ???
      n1: 3168 0x4E4C448: ???
       n1: 3168 0x4E4D817: ???
        n0: 3168 0x4012EF: main (in /home/jenkins/workspace/build/linux/bin/benchmark_plugingetset)
   n0: 2640 in 13 places, all below massif's threshold (1.00%)
  n1: 4096 0x4E4FA55: ???
   n1: 4096 0x4E5C267: ???
    n1: 4096 0x4E4C3C2: ???
     n1: 4096 0x4E4D817: ???
      n0: 4096 0x4012EF: main (in /home/jenkins/workspace/build/linux/bin/benchmark_plugingetset)
  n0: 3288 in 23 places, all below massif's threshold (1.00%)
  n1: 1584 0x4E5CC4F: ???
   n0: 1584 in 17 places, all below massif's threshold (1.00%)
 n0: 15497 in 104 places, all below massif's threshold (1.00%)
 n1: 8192 0x4F628F6: std::basic_filebuf<char, std::char_traits<char> >::_M_allocate_internal_buffer() (in /usr/lib/x86_64-linux-gnu/libstdc++.so.6.0.25)
  n1: 8192 0x4F66790: std::basic_filebuf<char, std::char_traits<char> >::open(char const*, std::_Ios_Openmode) (in /usr/lib/x86_64-linux-gnu/libstdc++.so.6.0.25)
   n1: 8192 0x4F6776C: std::basic_ifstream<char, std::char_traits<char> >::basic_ifstream(std::__cxx11::basic_string<char, std::char_traits<char>, std::allocator<char> > const&, std::_Ios_Openmode) (in /usr/lib/x86_64-linux-gnu/libstdc++.so.6.0.25)
    n1: 8192 0x4E4C4CC: ???
     n1: 8192 0x4E4D817: ???
      n0: 8192 0x4012EF: main (in /home/jenkins/workspace/build/linux/bin/benchmark_plugingetset)
 n1: 7764 0x4E429AD: ???
  n1: 7764 0x4E425EA: ???
   n1: 7764 0x4E42371: ???
    n1: 7764 0x4E41B54: ???
     n1: 7764 0x4E47364: ???
      n1: 7764 0x4E4C528: ???
       n1: 7764 0x4E4D817: ???
        n0: 7764 0x4012EF: main (in /home/jenkins/workspace/build/linux/bin/benchmark_plugingetset)
 n1: 5961 0x400B2AC: _dl_new_object (dl-object.c:73)
  n1: 5961 0x4005E46: _dl_map_object_from_fd (dl-load.c:1001)
   n2: 5961 0x4008A8B: _dl_map_object (dl-load.c:2466)
    n1: 4766 0x400D290: openaux (dl-deps.c:64)
     n1: 4766 0x49AEB2D: _dl_catch_exception (dl-error-skeleton.c:196)
      n1: 4766 0x400D604: _dl_map_object_deps (dl-deps.c:248)
       n1: 4766 0x401304E: dl_open_worker (dl-open.c:271)
        n1: 4766 0x49AEB2D: _dl_catch_exception (dl-error-skeleton.c:196)
         n1: 4766 0x4012BB8: _dl_open (dl-open.c:599)
          n1: 4766 0x4876254: dlopen_doit (dlopen.c:66)
           n1: 4766 0x49AEB2D: _dl_catch_exception (dl-error-skeleton.c:196)
            n1: 4766 0x49AEBBD: _dl_catch_error (dl-error-skeleton.c:215)
             n1: 4766 0x4876973: _dlerror_run (dlerror.c:163)
              n1: 4766 0x48762E4: dlopen@@GLIBC_2.2.5 (dlopen.c:87)
               n1: 4766 0x4860341: elektraModulesLoad (in /home/jenkins/workspace/build/linux/lib/libelektra-core.so.0.8.26)
                n1: 4766 0x4849B7D: elektraPluginOpen (in /home/jenkins/workspace/build/linux/lib/libelektra-kdb.so.0.8.26)
                 n0: 4766 0x4012D3: main (in /home/jenkins/workspace/build/linux/bin/benchmark_plugingetset)
    n0: 1195 in 1 place, below massif's threshold (1.00%)
 n1: 4064 0x400A095: do_lookup_x (dl-lookup.c:253)
  n1: 4064 0x400A38D: _dl_lookup_symbol_x (dl-lookup.c:814)
   n1: 4064 0x400BD5C: _dl_relocate_object (dl-machine.h:308)
    n1: 4064 0x401319C: dl_open_worker (dl-open.c:377)
     n1: 4064 0x49AEB2D: _dl_catch_exception (dl-error-skeleton.c:196)
      n1: 4064 0x4012BB8: _dl_open (dl-open.c:599)
       n1: 4064 0x4876254: dlopen_doit (dlopen.c:66)
        n1: 4064 0x49AEB2D: _dl_catch_exception (dl-error-skeleton.c:196)
         n1: 4064 0x49AEBBD: _dl_catch_error (dl-error-skeleton.c:215)
          n1: 4064 0x4876973: _dlerror_run (dlerror.c:163)
           n1: 4064 0x48762E4: dlopen@@GLIBC_2.2.5 (dlopen.c:87)
            n1: 4064 0x4860341: elektraModulesLoad (in /home/jenkins/workspace/build/linux/lib/libelektra-core.so.0.8.26)
             n1: 4064 0x4849B7D: elektraPluginOpen (in /home/jenkins/workspace/build/linux/lib/libelektra-kdb.so.0.8.26)
              n0: 4064 0x4012D3: main (in /home/jenkins/workspace/build/linux/bin/benchmark_plugingetset)
 n1: 2376 0x4010A1E: _dl_check_map_versions (dl-version.c:274)
  n1: 2376 0x4013094: dl_open_worker (dl-open.c:277)
   n1: 2376 0x49AEB2D: _dl_catch_exception (dl-error-skeleton.c:196)
    n1: 2376 0x4012BB8: _dl_open (dl-open.c:599)
     n1: 2376 0x4876254: dlopen_doit (dlopen.c:66)
      n1: 2376 0x49AEB2D: _dl_catch_exception (dl-error-skeleton.c:196)
       n1: 2376 0x49AEBBD: _dl_catch_error (dl-error-skeleton.c:215)
        n1: 2376 0x4876973: _dlerror_run (dlerror.c:163)
         n1: 2376 0x48762E4: dlopen@@GLIBC_2.2.5 (dlopen.c:87)
          n1: 2376 0x4860341: elektraModulesLoad (in /home/jenkins/workspace/build/linux/lib/libelektra-core.so.0.8.26)
           n1: 2376 0x4849B7D: elektraPluginOpen (in /home/jenkins/workspace/build/linux/lib/libelektra-kdb.so.0.8.26)
            n0: 2376 0x4012D3: main (in /home/jenkins/workspace/build/linux/bin/benchmark_plugingetset)
#-----------
snapshot=67
#-----------
time=6008136
mem_heap_B=143992
mem_heap_extra_B=2712
mem_stacks_B=0
heap_tree=empty
#-----------
snapshot=68
#-----------
time=6010773
mem_heap_B=143866
mem_heap_extra_B=2702
mem_stacks_B=0
heap_tree=empty
#-----------
snapshot=69
#-----------
time=6011660
mem_heap_B=144051
mem_heap_extra_B=2741
mem_stacks_B=0
heap_tree=empty
#-----------
snapshot=70
#-----------
time=6013043
mem_heap_B=143965
mem_heap_extra_B=2699
mem_stacks_B=0
heap_tree=empty
#-----------
snapshot=71
#-----------
time=6013991
mem_heap_B=144044
mem_heap_extra_B=2756
mem_stacks_B=0
heap_tree=empty
#-----------
snapshot=72
#-----------
time=6014891
mem_heap_B=144250
mem_heap_extra_B=2782
mem_stacks_B=0
heap_tree=empty
#-----------
snapshot=73
#-----------
time=6016039
mem_heap_B=144236
mem_heap_extra_B=2772
mem_stacks_B=0
heap_tree=empty
#-----------
snapshot=74
#-----------
time=6016972
mem_heap_B=143920
mem_heap_extra_B=2752
mem_stacks_B=0
heap_tree=empty
#-----------
snapshot=75
#-----------
time=6018204
mem_heap_B=143678
mem_heap_extra_B=2706
mem_stacks_B=0
heap_tree=empty
#-----------
snapshot=76
#-----------
time=6019994
mem_heap_B=143416
mem_heap_extra_B=2664
mem_stacks_B=0
heap_tree=detailed
n8: 143416 (heap allocation functions) malloc/new/new[], --alloc-fns, etc.
 n1: 72704 0x4F06454: ??? (in /usr/lib/x86_64-linux-gnu/libstdc++.so.6.0.25)
  n1: 72704 0x400F378: call_init.part.0 (dl-init.c:72)
   n1: 72704 0x400F474: _dl_init (dl-init.c:118)
    n1: 72704 0x40132D1: dl_open_worker (dl-open.c:517)
     n1: 72704 0x49AEB2D: _dl_catch_exception (dl-error-skeleton.c:196)
      n1: 72704 0x4012BB8: _dl_open (dl-open.c:599)
       n1: 72704 0x4876254: dlopen_doit (dlopen.c:66)
        n1: 72704 0x49AEB2D: _dl_catch_exception (dl-error-skeleton.c:196)
         n1: 72704 0x49AEBBD: _dl_catch_error (dl-error-skeleton.c:215)
          n1: 72704 0x4876973: _dlerror_run (dlerror.c:163)
           n1: 72704 0x48762E4: dlopen@@GLIBC_2.2.5 (dlopen.c:87)
            n1: 72704 0x4860341: elektraModulesLoad (in /home/jenkins/workspace/build/linux/lib/libelektra-core.so.0.8.26)
             n1: 72704 0x4849B7D: elektraPluginOpen (in /home/jenkins/workspace/build/linux/lib/libelektra-kdb.so.0.8.26)
              n0: 72704 0x4012D3: main (in /home/jenkins/workspace/build/linux/bin/benchmark_plugingetset)
 n5: 26992 0x4E5C684: ???
  n4: 12216 0x4E5C8F2: ???
   n1: 8072 0x4E4FA28: ???
    n1: 8072 0x4E5C267: ???
     n1: 8072 0x4E4C3C2: ???
      n1: 8072 0x4E4D817: ???
       n0: 8072 0x4012EF: main (in /home/jenkins/workspace/build/linux/bin/benchmark_plugingetset)
   n1: 2456 0x4E4F954: ???
    n1: 2456 0x4E5C267: ???
     n1: 2456 0x4E4C3C2: ???
      n1: 2456 0x4E4D817: ???
       n0: 2456 0x4012EF: main (in /home/jenkins/workspace/build/linux/bin/benchmark_plugingetset)
   n1: 1688 0x4E4F98E: ???
    n1: 1688 0x4E5C267: ???
     n1: 1688 0x4E4C3C2: ???
      n1: 1688 0x4E4D817: ???
       n0: 1688 0x4012EF: main (in /home/jenkins/workspace/build/linux/bin/benchmark_plugingetset)
   n0: 0 in 6 places, all below massif's threshold (1.00%)
  n2: 5808 0x4E5CDA2: ???
   n1: 3168 0x4E50A33: ???
    n1: 3168 0x4E599DE: ???
     n1: 3168 0x4E5C2E4: ???
      n1: 3168 0x4E4C448: ???
       n1: 3168 0x4E4D817: ???
        n0: 3168 0x4012EF: main (in /home/jenkins/workspace/build/linux/bin/benchmark_plugingetset)
   n0: 2640 in 13 places, all below massif's threshold (1.00%)
  n1: 4096 0x4E4FA55: ???
   n1: 4096 0x4E5C267: ???
    n1: 4096 0x4E4C3C2: ???
     n1: 4096 0x4E4D817: ???
      n0: 4096 0x4012EF: main (in /home/jenkins/workspace/build/linux/bin/benchmark_plugingetset)
  n0: 3288 in 23 places, all below massif's threshold (1.00%)
  n1: 1584 0x4E5CC4F: ???
   n0: 1584 in 17 places, all below massif's threshold (1.00%)
 n0: 15363 in 104 places, all below massif's threshold (1.00%)
 n1: 8192 0x4F628F6: std::basic_filebuf<char, std::char_traits<char> >::_M_allocate_internal_buffer() (in /usr/lib/x86_64-linux-gnu/libstdc++.so.6.0.25)
  n1: 8192 0x4F66790: std::basic_filebuf<char, std::char_traits<char> >::open(char const*, std::_Ios_Openmode) (in /usr/lib/x86_64-linux-gnu/libstdc++.so.6.0.25)
   n1: 8192 0x4F6776C: std::basic_ifstream<char, std::char_traits<char> >::basic_ifstream(std::__cxx11::basic_string<char, std::char_traits<char>, std::allocator<char> > const&, std::_Ios_Openmode) (in /usr/lib/x86_64-linux-gnu/libstdc++.so.6.0.25)
    n1: 8192 0x4E4C4CC: ???
     n1: 8192 0x4E4D817: ???
      n0: 8192 0x4012EF: main (in /home/jenkins/workspace/build/linux/bin/benchmark_plugingetset)
 n1: 7764 0x4E429AD: ???
  n1: 7764 0x4E425EA: ???
   n1: 7764 0x4E42371: ???
    n1: 7764 0x4E41B54: ???
     n1: 7764 0x4E47364: ???
      n1: 7764 0x4E4C528: ???
       n1: 7764 0x4E4D817: ???
        n0: 7764 0x4012EF: main (in /home/jenkins/workspace/build/linux/bin/benchmark_plugingetset)
 n1: 5961 0x400B2AC: _dl_new_object (dl-object.c:73)
  n1: 5961 0x4005E46: _dl_map_object_from_fd (dl-load.c:1001)
   n2: 5961 0x4008A8B: _dl_map_object (dl-load.c:2466)
    n1: 4766 0x400D290: openaux (dl-deps.c:64)
     n1: 4766 0x49AEB2D: _dl_catch_exception (dl-error-skeleton.c:196)
      n1: 4766 0x400D604: _dl_map_object_deps (dl-deps.c:248)
       n1: 4766 0x401304E: dl_open_worker (dl-open.c:271)
        n1: 4766 0x49AEB2D: _dl_catch_exception (dl-error-skeleton.c:196)
         n1: 4766 0x4012BB8: _dl_open (dl-open.c:599)
          n1: 4766 0x4876254: dlopen_doit (dlopen.c:66)
           n1: 4766 0x49AEB2D: _dl_catch_exception (dl-error-skeleton.c:196)
            n1: 4766 0x49AEBBD: _dl_catch_error (dl-error-skeleton.c:215)
             n1: 4766 0x4876973: _dlerror_run (dlerror.c:163)
              n1: 4766 0x48762E4: dlopen@@GLIBC_2.2.5 (dlopen.c:87)
               n1: 4766 0x4860341: elektraModulesLoad (in /home/jenkins/workspace/build/linux/lib/libelektra-core.so.0.8.26)
                n1: 4766 0x4849B7D: elektraPluginOpen (in /home/jenkins/workspace/build/linux/lib/libelektra-kdb.so.0.8.26)
                 n0: 4766 0x4012D3: main (in /home/jenkins/workspace/build/linux/bin/benchmark_plugingetset)
    n0: 1195 in 1 place, below massif's threshold (1.00%)
 n1: 4064 0x400A095: do_lookup_x (dl-lookup.c:253)
  n1: 4064 0x400A38D: _dl_lookup_symbol_x (dl-lookup.c:814)
   n1: 4064 0x400BD5C: _dl_relocate_object (dl-machine.h:308)
    n1: 4064 0x401319C: dl_open_worker (dl-open.c:377)
     n1: 4064 0x49AEB2D: _dl_catch_exception (dl-error-skeleton.c:196)
      n1: 4064 0x4012BB8: _dl_open (dl-open.c:599)
       n1: 4064 0x4876254: dlopen_doit (dlopen.c:66)
        n1: 4064 0x49AEB2D: _dl_catch_exception (dl-error-skeleton.c:196)
         n1: 4064 0x49AEBBD: _dl_catch_error (dl-error-skeleton.c:215)
          n1: 4064 0x4876973: _dlerror_run (dlerror.c:163)
           n1: 4064 0x48762E4: dlopen@@GLIBC_2.2.5 (dlopen.c:87)
            n1: 4064 0x4860341: elektraModulesLoad (in /home/jenkins/workspace/build/linux/lib/libelektra-core.so.0.8.26)
             n1: 4064 0x4849B7D: elektraPluginOpen (in /home/jenkins/workspace/build/linux/lib/libelektra-kdb.so.0.8.26)
              n0: 4064 0x4012D3: main (in /home/jenkins/workspace/build/linux/bin/benchmark_plugingetset)
 n1: 2376 0x4010A1E: _dl_check_map_versions (dl-version.c:274)
  n1: 2376 0x4013094: dl_open_worker (dl-open.c:277)
   n1: 2376 0x49AEB2D: _dl_catch_exception (dl-error-skeleton.c:196)
    n1: 2376 0x4012BB8: _dl_open (dl-open.c:599)
     n1: 2376 0x4876254: dlopen_doit (dlopen.c:66)
      n1: 2376 0x49AEB2D: _dl_catch_exception (dl-error-skeleton.c:196)
       n1: 2376 0x49AEBBD: _dl_catch_error (dl-error-skeleton.c:215)
        n1: 2376 0x4876973: _dlerror_run (dlerror.c:163)
         n1: 2376 0x48762E4: dlopen@@GLIBC_2.2.5 (dlopen.c:87)
          n1: 2376 0x4860341: elektraModulesLoad (in /home/jenkins/workspace/build/linux/lib/libelektra-core.so.0.8.26)
           n1: 2376 0x4849B7D: elektraPluginOpen (in /home/jenkins/workspace/build/linux/lib/libelektra-kdb.so.0.8.26)
            n0: 2376 0x4012D3: main (in /home/jenkins/workspace/build/linux/bin/benchmark_plugingetset)
#-----------
snapshot=77
#-----------
time=6023402
mem_heap_B=143416
mem_heap_extra_B=2664
mem_stacks_B=0
heap_tree=empty
#-----------
snapshot=78
#-----------
time=6024814
mem_heap_B=143347
mem_heap_extra_B=2637
mem_stacks_B=0
heap_tree=empty
#-----------
snapshot=79
#-----------
time=6025707
mem_heap_B=142923
mem_heap_extra_B=2477
mem_stacks_B=0
heap_tree=empty
#-----------
snapshot=80
#-----------
time=6026680
mem_heap_B=142411
mem_heap_extra_B=2365
mem_stacks_B=0
heap_tree=empty
#-----------
snapshot=81
#-----------
time=6027879
mem_heap_B=142003
mem_heap_extra_B=2229
mem_stacks_B=0
heap_tree=empty
#-----------
snapshot=82
#-----------
time=6028782
mem_heap_B=139328
mem_heap_extra_B=2040
mem_stacks_B=0
heap_tree=empty
#-----------
snapshot=83
#-----------
time=6029697
mem_heap_B=137693
mem_heap_extra_B=1619
mem_stacks_B=0
heap_tree=empty
#-----------
snapshot=84
#-----------
time=6030597
mem_heap_B=135663
mem_heap_extra_B=1233
mem_stacks_B=0
heap_tree=empty
#-----------
snapshot=85
#-----------
time=6031505
mem_heap_B=115563
mem_heap_extra_B=1125
mem_stacks_B=0
heap_tree=empty
#-----------
snapshot=86
#-----------
time=6032416
mem_heap_B=92403
mem_heap_extra_B=893
mem_stacks_B=0
heap_tree=detailed
n7: 92403 (heap allocation functions) malloc/new/new[], --alloc-fns, etc.
 n1: 72704 0x4F06454: ??? (in /usr/lib/x86_64-linux-gnu/libstdc++.so.6.0.25)
  n1: 72704 0x400F378: call_init.part.0 (dl-init.c:72)
   n1: 72704 0x400F474: _dl_init (dl-init.c:118)
    n1: 72704 0x40132D1: dl_open_worker (dl-open.c:517)
     n1: 72704 0x49AEB2D: _dl_catch_exception (dl-error-skeleton.c:196)
      n1: 72704 0x4012BB8: _dl_open (dl-open.c:599)
       n1: 72704 0x4876254: dlopen_doit (dlopen.c:66)
        n1: 72704 0x49AEB2D: _dl_catch_exception (dl-error-skeleton.c:196)
         n1: 72704 0x49AEBBD: _dl_catch_error (dl-error-skeleton.c:215)
          n1: 72704 0x4876973: _dlerror_run (dlerror.c:163)
           n1: 72704 0x48762E4: dlopen@@GLIBC_2.2.5 (dlopen.c:87)
            n1: 72704 0x4860341: elektraModulesLoad (in /home/jenkins/workspace/build/linux/lib/libelektra-core.so.0.8.26)
             n1: 72704 0x4849B7D: elektraPluginOpen (in /home/jenkins/workspace/build/linux/lib/libelektra-kdb.so.0.8.26)
              n0: 72704 0x4012D3: main (in /home/jenkins/workspace/build/linux/bin/benchmark_plugingetset)
 n1: 5961 0x400B2AC: _dl_new_object (dl-object.c:73)
  n1: 5961 0x4005E46: _dl_map_object_from_fd (dl-load.c:1001)
   n2: 5961 0x4008A8B: _dl_map_object (dl-load.c:2466)
    n1: 4766 0x400D290: openaux (dl-deps.c:64)
     n1: 4766 0x49AEB2D: _dl_catch_exception (dl-error-skeleton.c:196)
      n1: 4766 0x400D604: _dl_map_object_deps (dl-deps.c:248)
       n1: 4766 0x401304E: dl_open_worker (dl-open.c:271)
        n1: 4766 0x49AEB2D: _dl_catch_exception (dl-error-skeleton.c:196)
         n1: 4766 0x4012BB8: _dl_open (dl-open.c:599)
          n1: 4766 0x4876254: dlopen_doit (dlopen.c:66)
           n1: 4766 0x49AEB2D: _dl_catch_exception (dl-error-skeleton.c:196)
            n1: 4766 0x49AEBBD: _dl_catch_error (dl-error-skeleton.c:215)
             n1: 4766 0x4876973: _dlerror_run (dlerror.c:163)
              n1: 4766 0x48762E4: dlopen@@GLIBC_2.2.5 (dlopen.c:87)
               n1: 4766 0x4860341: elektraModulesLoad (in /home/jenkins/workspace/build/linux/lib/libelektra-core.so.0.8.26)
                n1: 4766 0x4849B7D: elektraPluginOpen (in /home/jenkins/workspace/build/linux/lib/libelektra-kdb.so.0.8.26)
                 n0: 4766 0x4012D3: main (in /home/jenkins/workspace/build/linux/bin/benchmark_plugingetset)
    n1: 1195 0x4012FE9: dl_open_worker (dl-open.c:228)
     n1: 1195 0x49AEB2D: _dl_catch_exception (dl-error-skeleton.c:196)
      n1: 1195 0x4012BB8: _dl_open (dl-open.c:599)
       n1: 1195 0x4876254: dlopen_doit (dlopen.c:66)
        n1: 1195 0x49AEB2D: _dl_catch_exception (dl-error-skeleton.c:196)
         n1: 1195 0x49AEBBD: _dl_catch_error (dl-error-skeleton.c:215)
          n1: 1195 0x4876973: _dlerror_run (dlerror.c:163)
           n1: 1195 0x48762E4: dlopen@@GLIBC_2.2.5 (dlopen.c:87)
            n1: 1195 0x4860341: elektraModulesLoad (in /home/jenkins/workspace/build/linux/lib/libelektra-core.so.0.8.26)
             n1: 1195 0x4849B7D: elektraPluginOpen (in /home/jenkins/workspace/build/linux/lib/libelektra-kdb.so.0.8.26)
              n0: 1195 0x4012D3: main (in /home/jenkins/workspace/build/linux/bin/benchmark_plugingetset)
 n1: 4064 0x400A095: do_lookup_x (dl-lookup.c:253)
  n1: 4064 0x400A38D: _dl_lookup_symbol_x (dl-lookup.c:814)
   n1: 4064 0x400BD5C: _dl_relocate_object (dl-machine.h:308)
    n1: 4064 0x401319C: dl_open_worker (dl-open.c:377)
     n1: 4064 0x49AEB2D: _dl_catch_exception (dl-error-skeleton.c:196)
      n1: 4064 0x4012BB8: _dl_open (dl-open.c:599)
       n1: 4064 0x4876254: dlopen_doit (dlopen.c:66)
        n1: 4064 0x49AEB2D: _dl_catch_exception (dl-error-skeleton.c:196)
         n1: 4064 0x49AEBBD: _dl_catch_error (dl-error-skeleton.c:215)
          n1: 4064 0x4876973: _dlerror_run (dlerror.c:163)
           n1: 4064 0x48762E4: dlopen@@GLIBC_2.2.5 (dlopen.c:87)
            n1: 4064 0x4860341: elektraModulesLoad (in /home/jenkins/workspace/build/linux/lib/libelektra-core.so.0.8.26)
             n1: 4064 0x4849B7D: elektraPluginOpen (in /home/jenkins/workspace/build/linux/lib/libelektra-kdb.so.0.8.26)
              n0: 4064 0x4012D3: main (in /home/jenkins/workspace/build/linux/bin/benchmark_plugingetset)
 n0: 3786 in 105 places, all below massif's threshold (1.00%)
 n2: 2488 0x4E5C684: ???
  n1: 1584 0x4E5CDA2: ???
   n0: 1584 in 14 places, all below massif's threshold (1.00%)
  n0: 904 in 26 places, all below massif's threshold (1.00%)
 n1: 2376 0x4010A1E: _dl_check_map_versions (dl-version.c:274)
  n1: 2376 0x4013094: dl_open_worker (dl-open.c:277)
   n1: 2376 0x49AEB2D: _dl_catch_exception (dl-error-skeleton.c:196)
    n1: 2376 0x4012BB8: _dl_open (dl-open.c:599)
     n1: 2376 0x4876254: dlopen_doit (dlopen.c:66)
      n1: 2376 0x49AEB2D: _dl_catch_exception (dl-error-skeleton.c:196)
       n1: 2376 0x49AEBBD: _dl_catch_error (dl-error-skeleton.c:215)
        n1: 2376 0x4876973: _dlerror_run (dlerror.c:163)
         n1: 2376 0x48762E4: dlopen@@GLIBC_2.2.5 (dlopen.c:87)
          n1: 2376 0x4860341: elektraModulesLoad (in /home/jenkins/workspace/build/linux/lib/libelektra-core.so.0.8.26)
           n1: 2376 0x4849B7D: elektraPluginOpen (in /home/jenkins/workspace/build/linux/lib/libelektra-kdb.so.0.8.26)
            n0: 2376 0x4012D3: main (in /home/jenkins/workspace/build/linux/bin/benchmark_plugingetset)
 n1: 1024 0x4858B77: elektraVFormat (in /home/jenkins/workspace/build/linux/lib/libelektra-core.so.0.8.26)
  n1: 1024 0x4858B56: elektraFormat (in /home/jenkins/workspace/build/linux/lib/libelektra-core.so.0.8.26)
   n0: 1024 in 2 places, all below massif's threshold (1.00%)
#-----------
snapshot=87
#-----------
time=6034748
mem_heap_B=89501
mem_heap_extra_B=739
mem_stacks_B=0
heap_tree=empty
#-----------
snapshot=88
#-----------
time=6037771
mem_heap_B=89371
mem_heap_extra_B=733
mem_stacks_B=0
heap_tree=empty
#-----------
snapshot=89
#-----------
time=6041126
mem_heap_B=89357
mem_heap_extra_B=723
mem_stacks_B=0
heap_tree=empty
#-----------
snapshot=90
#-----------
time=6046189
mem_heap_B=89389
mem_heap_extra_B=731
mem_stacks_B=0
heap_tree=empty
#-----------
snapshot=91
#-----------
time=6047107
mem_heap_B=87446
mem_heap_extra_B=642
mem_stacks_B=0
heap_tree=empty
#-----------
snapshot=92
#-----------
time=6049020
mem_heap_B=85794
mem_heap_extra_B=534
mem_stacks_B=0
heap_tree=empty
#-----------
snapshot=93
#-----------
time=6049914
mem_heap_B=85538
mem_heap_extra_B=510
mem_stacks_B=0
heap_tree=empty
#-----------
snapshot=94
#-----------
time=6051418
mem_heap_B=85026
mem_heap_extra_B=502
mem_stacks_B=0
heap_tree=empty
#-----------
snapshot=95
#-----------
time=6052306
mem_heap_B=83029
mem_heap_extra_B=291
mem_stacks_B=0
heap_tree=empty
#-----------
snapshot=96
#-----------
time=6058970
mem_heap_B=82897
mem_heap_extra_B=271
mem_stacks_B=0
heap_tree=detailed
n5: 82897 (heap allocation functions) malloc/new/new[], --alloc-fns, etc.
 n1: 72704 0x4F06454: ??? (in /usr/lib/x86_64-linux-gnu/libstdc++.so.6.0.25)
  n1: 72704 0x400F378: call_init.part.0 (dl-init.c:72)
   n1: 72704 0x400F474: _dl_init (dl-init.c:118)
    n1: 72704 0x40132D1: dl_open_worker (dl-open.c:517)
     n1: 72704 0x49AEB2D: _dl_catch_exception (dl-error-skeleton.c:196)
      n1: 72704 0x4012BB8: _dl_open (dl-open.c:599)
       n1: 72704 0x4876254: dlopen_doit (dlopen.c:66)
        n1: 72704 0x49AEB2D: _dl_catch_exception (dl-error-skeleton.c:196)
         n1: 72704 0x49AEBBD: _dl_catch_error (dl-error-skeleton.c:215)
          n1: 72704 0x4876973: _dlerror_run (dlerror.c:163)
           n1: 72704 0x48762E4: dlopen@@GLIBC_2.2.5 (dlopen.c:87)
            n1: 72704 0x4860341: elektraModulesLoad (in /home/jenkins/workspace/build/linux/lib/libelektra-core.so.0.8.26)
             n1: 72704 0x4849B7D: elektraPluginOpen (in /home/jenkins/workspace/build/linux/lib/libelektra-kdb.so.0.8.26)
              n0: 72704 0x4012D3: main (in /home/jenkins/workspace/build/linux/bin/benchmark_plugingetset)
 n1: 4064 0x400A095: do_lookup_x (dl-lookup.c:253)
  n1: 4064 0x400A38D: _dl_lookup_symbol_x (dl-lookup.c:814)
   n1: 4064 0x400BD5C: _dl_relocate_object (dl-machine.h:308)
    n1: 4064 0x401319C: dl_open_worker (dl-open.c:377)
     n1: 4064 0x49AEB2D: _dl_catch_exception (dl-error-skeleton.c:196)
      n1: 4064 0x4012BB8: _dl_open (dl-open.c:599)
       n1: 4064 0x4876254: dlopen_doit (dlopen.c:66)
        n1: 4064 0x49AEB2D: _dl_catch_exception (dl-error-skeleton.c:196)
         n1: 4064 0x49AEBBD: _dl_catch_error (dl-error-skeleton.c:215)
          n1: 4064 0x4876973: _dlerror_run (dlerror.c:163)
           n1: 4064 0x48762E4: dlopen@@GLIBC_2.2.5 (dlopen.c:87)
            n1: 4064 0x4860341: elektraModulesLoad (in /home/jenkins/workspace/build/linux/lib/libelektra-core.so.0.8.26)
             n1: 4064 0x4849B7D: elektraPluginOpen (in /home/jenkins/workspace/build/linux/lib/libelektra-kdb.so.0.8.26)
              n0: 4064 0x4012D3: main (in /home/jenkins/workspace/build/linux/bin/benchmark_plugingetset)
 n1: 3567 0x400B2AC: _dl_new_object (dl-object.c:73)
  n1: 3567 0x4005E46: _dl_map_object_from_fd (dl-load.c:1001)
   n2: 3567 0x4008A8B: _dl_map_object (dl-load.c:2466)
    n1: 3567 0x400D290: openaux (dl-deps.c:64)
     n1: 3567 0x49AEB2D: _dl_catch_exception (dl-error-skeleton.c:196)
      n1: 3567 0x400D604: _dl_map_object_deps (dl-deps.c:248)
       n1: 3567 0x401304E: dl_open_worker (dl-open.c:271)
        n1: 3567 0x49AEB2D: _dl_catch_exception (dl-error-skeleton.c:196)
         n1: 3567 0x4012BB8: _dl_open (dl-open.c:599)
          n1: 3567 0x4876254: dlopen_doit (dlopen.c:66)
           n1: 3567 0x49AEB2D: _dl_catch_exception (dl-error-skeleton.c:196)
            n1: 3567 0x49AEBBD: _dl_catch_error (dl-error-skeleton.c:215)
             n1: 3567 0x4876973: _dlerror_run (dlerror.c:163)
              n1: 3567 0x48762E4: dlopen@@GLIBC_2.2.5 (dlopen.c:87)
               n1: 3567 0x4860341: elektraModulesLoad (in /home/jenkins/workspace/build/linux/lib/libelektra-core.so.0.8.26)
                n1: 3567 0x4849B7D: elektraPluginOpen (in /home/jenkins/workspace/build/linux/lib/libelektra-kdb.so.0.8.26)
                 n0: 3567 0x4012D3: main (in /home/jenkins/workspace/build/linux/bin/benchmark_plugingetset)
    n0: 0 in 1 place, below massif's threshold (1.00%)
 n1: 2064 0x4010A1E: _dl_check_map_versions (dl-version.c:274)
  n1: 2064 0x4013094: dl_open_worker (dl-open.c:277)
   n1: 2064 0x49AEB2D: _dl_catch_exception (dl-error-skeleton.c:196)
    n1: 2064 0x4012BB8: _dl_open (dl-open.c:599)
     n1: 2064 0x4876254: dlopen_doit (dlopen.c:66)
      n1: 2064 0x49AEB2D: _dl_catch_exception (dl-error-skeleton.c:196)
       n1: 2064 0x49AEBBD: _dl_catch_error (dl-error-skeleton.c:215)
        n1: 2064 0x4876973: _dlerror_run (dlerror.c:163)
         n1: 2064 0x48762E4: dlopen@@GLIBC_2.2.5 (dlopen.c:87)
          n1: 2064 0x4860341: elektraModulesLoad (in /home/jenkins/workspace/build/linux/lib/libelektra-core.so.0.8.26)
           n1: 2064 0x4849B7D: elektraPluginOpen (in /home/jenkins/workspace/build/linux/lib/libelektra-kdb.so.0.8.26)
            n0: 2064 0x4012D3: main (in /home/jenkins/workspace/build/linux/bin/benchmark_plugingetset)
 n0: 498 in 108 places, all below massif's threshold (1.00%)
