desc: --massif-out-file=results/generated_5_yawn_linux_clang6.0.1.out
cmd: build/linux/bin/benchmark_plugingetset benchmarks/data/generated_5 user yawn get
time_unit: i
#-----------
snapshot=0
#-----------
time=0
mem_heap_B=0
mem_heap_extra_B=0
mem_stacks_B=0
heap_tree=empty
#-----------
snapshot=1
#-----------
time=204400
mem_heap_B=64
mem_heap_extra_B=8
mem_stacks_B=0
heap_tree=empty
#-----------
snapshot=2
#-----------
time=217876
mem_heap_B=1321
mem_heap_extra_B=55
mem_stacks_B=0
heap_tree=empty
#-----------
snapshot=3
#-----------
time=232280
mem_heap_B=1395
mem_heap_extra_B=77
mem_stacks_B=0
heap_tree=empty
#-----------
snapshot=4
#-----------
time=251084
mem_heap_B=2021
mem_heap_extra_B=187
mem_stacks_B=0
heap_tree=empty
#-----------
snapshot=5
#-----------
time=272547
mem_heap_B=4712
mem_heap_extra_B=272
mem_stacks_B=0
heap_tree=empty
#-----------
snapshot=6
#-----------
time=284974
mem_heap_B=7357
mem_heap_extra_B=371
mem_stacks_B=0
heap_tree=empty
#-----------
snapshot=7
#-----------
time=298949
mem_heap_B=8691
mem_heap_extra_B=445
mem_stacks_B=0
heap_tree=empty
#-----------
snapshot=8
#-----------
time=310271
mem_heap_B=8779
mem_heap_extra_B=461
mem_stacks_B=0
heap_tree=empty
#-----------
snapshot=9
#-----------
time=323598
mem_heap_B=9267
mem_heap_extra_B=517
mem_stacks_B=0
heap_tree=empty
#-----------
snapshot=10
#-----------
time=336834
mem_heap_B=11403
mem_heap_extra_B=557
mem_stacks_B=0
heap_tree=detailed
n12: 11403 (heap allocation functions) malloc/new/new[], --alloc-fns, etc.
 n1: 5961 0x400B2AC: _dl_new_object (dl-object.c:73)
  n1: 5961 0x4005E46: _dl_map_object_from_fd (dl-load.c:1001)
   n2: 5961 0x4008A8B: _dl_map_object (dl-load.c:2466)
    n1: 4766 0x400D290: openaux (dl-deps.c:64)
     n1: 4766 0x49AEB2D: _dl_catch_exception (dl-error-skeleton.c:196)
      n1: 4766 0x400D604: _dl_map_object_deps (dl-deps.c:248)
       n1: 4766 0x401304E: dl_open_worker (dl-open.c:271)
        n1: 4766 0x49AEB2D: _dl_catch_exception (dl-error-skeleton.c:196)
         n1: 4766 0x4012BB8: _dl_open (dl-open.c:599)
          n1: 4766 0x4876254: dlopen_doit (dlopen.c:66)
           n1: 4766 0x49AEB2D: _dl_catch_exception (dl-error-skeleton.c:196)
            n1: 4766 0x49AEBBD: _dl_catch_error (dl-error-skeleton.c:215)
             n1: 4766 0x4876973: _dlerror_run (dlerror.c:163)
              n1: 4766 0x48762E4: dlopen@@GLIBC_2.2.5 (dlopen.c:87)
               n1: 4766 0x4860341: elektraModulesLoad (in /home/jenkins/workspace/build/linux/lib/libelektra-core.so.0.8.26)
                n1: 4766 0x4849B7D: elektraPluginOpen (in /home/jenkins/workspace/build/linux/lib/libelektra-kdb.so.0.8.26)
                 n0: 4766 0x4012D3: main (in /home/jenkins/workspace/build/linux/bin/benchmark_plugingetset)
    n1: 1195 0x4012FE9: dl_open_worker (dl-open.c:228)
     n1: 1195 0x49AEB2D: _dl_catch_exception (dl-error-skeleton.c:196)
      n1: 1195 0x4012BB8: _dl_open (dl-open.c:599)
       n1: 1195 0x4876254: dlopen_doit (dlopen.c:66)
        n1: 1195 0x49AEB2D: _dl_catch_exception (dl-error-skeleton.c:196)
         n1: 1195 0x49AEBBD: _dl_catch_error (dl-error-skeleton.c:215)
          n1: 1195 0x4876973: _dlerror_run (dlerror.c:163)
           n1: 1195 0x48762E4: dlopen@@GLIBC_2.2.5 (dlopen.c:87)
            n1: 1195 0x4860341: elektraModulesLoad (in /home/jenkins/workspace/build/linux/lib/libelektra-core.so.0.8.26)
             n1: 1195 0x4849B7D: elektraPluginOpen (in /home/jenkins/workspace/build/linux/lib/libelektra-kdb.so.0.8.26)
              n0: 1195 0x4012D3: main (in /home/jenkins/workspace/build/linux/bin/benchmark_plugingetset)
 n1: 2376 0x4010A1E: _dl_check_map_versions (dl-version.c:274)
  n1: 2376 0x4013094: dl_open_worker (dl-open.c:277)
   n1: 2376 0x49AEB2D: _dl_catch_exception (dl-error-skeleton.c:196)
    n1: 2376 0x4012BB8: _dl_open (dl-open.c:599)
     n1: 2376 0x4876254: dlopen_doit (dlopen.c:66)
      n1: 2376 0x49AEB2D: _dl_catch_exception (dl-error-skeleton.c:196)
       n1: 2376 0x49AEBBD: _dl_catch_error (dl-error-skeleton.c:215)
        n1: 2376 0x4876973: _dlerror_run (dlerror.c:163)
         n1: 2376 0x48762E4: dlopen@@GLIBC_2.2.5 (dlopen.c:87)
          n1: 2376 0x4860341: elektraModulesLoad (in /home/jenkins/workspace/build/linux/lib/libelektra-core.so.0.8.26)
           n1: 2376 0x4849B7D: elektraPluginOpen (in /home/jenkins/workspace/build/linux/lib/libelektra-kdb.so.0.8.26)
            n0: 2376 0x4012D3: main (in /home/jenkins/workspace/build/linux/bin/benchmark_plugingetset)
 n1: 1024 0x4858B77: elektraVFormat (in /home/jenkins/workspace/build/linux/lib/libelektra-core.so.0.8.26)
  n2: 1024 0x4858B56: elektraFormat (in /home/jenkins/workspace/build/linux/lib/libelektra-core.so.0.8.26)
   n0: 512 0x401256: main (in /home/jenkins/workspace/build/linux/bin/benchmark_plugingetset)
   n0: 512 0x40126B: main (in /home/jenkins/workspace/build/linux/bin/benchmark_plugingetset)
 n3: 384 0x485B4E7: ksNew (in /home/jenkins/workspace/build/linux/lib/libelektra-core.so.0.8.26)
  n0: 128 0x40123F: main (in /home/jenkins/workspace/build/linux/bin/benchmark_plugingetset)
  n0: 128 0x401296: main (in /home/jenkins/workspace/build/linux/bin/benchmark_plugingetset)
  n0: 128 0x4012A4: main (in /home/jenkins/workspace/build/linux/bin/benchmark_plugingetset)
 n0: 317 in 8 places, all below massif's threshold (1.00%)
 n1: 256 0x400D46A: _dl_map_object_deps (dl-deps.c:438)
  n1: 256 0x401304E: dl_open_worker (dl-open.c:271)
   n1: 256 0x49AEB2D: _dl_catch_exception (dl-error-skeleton.c:196)
    n1: 256 0x4012BB8: _dl_open (dl-open.c:599)
     n1: 256 0x4876254: dlopen_doit (dlopen.c:66)
      n1: 256 0x49AEB2D: _dl_catch_exception (dl-error-skeleton.c:196)
       n1: 256 0x49AEBBD: _dl_catch_error (dl-error-skeleton.c:215)
        n1: 256 0x4876973: _dlerror_run (dlerror.c:163)
         n1: 256 0x48762E4: dlopen@@GLIBC_2.2.5 (dlopen.c:87)
          n1: 256 0x4860341: elektraModulesLoad (in /home/jenkins/workspace/build/linux/lib/libelektra-core.so.0.8.26)
           n1: 256 0x4849B7D: elektraPluginOpen (in /home/jenkins/workspace/build/linux/lib/libelektra-kdb.so.0.8.26)
            n0: 256 0x4012D3: main (in /home/jenkins/workspace/build/linux/bin/benchmark_plugingetset)
 n1: 256 0x48593C3: keyNew (in /home/jenkins/workspace/build/linux/lib/libelektra-core.so.0.8.26)
  n0: 256 in 4 places, all below massif's threshold (1.00%)
 n1: 231 0x400B58E: _dl_new_object (dl-object.c:163)
  n1: 231 0x4005E46: _dl_map_object_from_fd (dl-load.c:1001)
   n2: 231 0x4008A8B: _dl_map_object (dl-load.c:2466)
    n1: 172 0x400D290: openaux (dl-deps.c:64)
     n1: 172 0x49AEB2D: _dl_catch_exception (dl-error-skeleton.c:196)
      n1: 172 0x400D604: _dl_map_object_deps (dl-deps.c:248)
       n1: 172 0x401304E: dl_open_worker (dl-open.c:271)
        n1: 172 0x49AEB2D: _dl_catch_exception (dl-error-skeleton.c:196)
         n1: 172 0x4012BB8: _dl_open (dl-open.c:599)
          n1: 172 0x4876254: dlopen_doit (dlopen.c:66)
           n1: 172 0x49AEB2D: _dl_catch_exception (dl-error-skeleton.c:196)
            n1: 172 0x49AEBBD: _dl_catch_error (dl-error-skeleton.c:215)
             n1: 172 0x4876973: _dlerror_run (dlerror.c:163)
              n1: 172 0x48762E4: dlopen@@GLIBC_2.2.5 (dlopen.c:87)
               n1: 172 0x4860341: elektraModulesLoad (in /home/jenkins/workspace/build/linux/lib/libelektra-core.so.0.8.26)
                n1: 172 0x4849B7D: elektraPluginOpen (in /home/jenkins/workspace/build/linux/lib/libelektra-kdb.so.0.8.26)
                 n0: 172 0x4012D3: main (in /home/jenkins/workspace/build/linux/bin/benchmark_plugingetset)
    n0: 59 in 1 place, below massif's threshold (1.00%)
 n1: 192 0x485B4A0: ksNew (in /home/jenkins/workspace/build/linux/lib/libelektra-core.so.0.8.26)
  n0: 192 in 3 places, all below massif's threshold (1.00%)
 n1: 152 0x400D904: _dl_map_object_deps (dl-deps.c:479)
  n1: 152 0x401304E: dl_open_worker (dl-open.c:271)
   n1: 152 0x49AEB2D: _dl_catch_exception (dl-error-skeleton.c:196)
    n1: 152 0x4012BB8: _dl_open (dl-open.c:599)
     n1: 152 0x4876254: dlopen_doit (dlopen.c:66)
      n1: 152 0x49AEB2D: _dl_catch_exception (dl-error-skeleton.c:196)
       n1: 152 0x49AEBBD: _dl_catch_error (dl-error-skeleton.c:215)
        n1: 152 0x4876973: _dlerror_run (dlerror.c:163)
         n1: 152 0x48762E4: dlopen@@GLIBC_2.2.5 (dlopen.c:87)
          n1: 152 0x4860341: elektraModulesLoad (in /home/jenkins/workspace/build/linux/lib/libelektra-core.so.0.8.26)
           n1: 152 0x4849B7D: elektraPluginOpen (in /home/jenkins/workspace/build/linux/lib/libelektra-kdb.so.0.8.26)
            n0: 152 0x4012D3: main (in /home/jenkins/workspace/build/linux/bin/benchmark_plugingetset)
 n1: 132 0x40081A8: fillin_rpath (dl-load.c:509)
  n1: 132 0x40083BA: decompose_rpath.isra.10 (dl-load.c:631)
   n1: 132 0x4009105: _dl_map_object (dl-load.c:2297)
    n1: 132 0x400D290: openaux (dl-deps.c:64)
     n1: 132 0x49AEB2D: _dl_catch_exception (dl-error-skeleton.c:196)
      n1: 132 0x400D604: _dl_map_object_deps (dl-deps.c:248)
       n1: 132 0x401304E: dl_open_worker (dl-open.c:271)
        n1: 132 0x49AEB2D: _dl_catch_exception (dl-error-skeleton.c:196)
         n1: 132 0x4012BB8: _dl_open (dl-open.c:599)
          n1: 132 0x4876254: dlopen_doit (dlopen.c:66)
           n1: 132 0x49AEB2D: _dl_catch_exception (dl-error-skeleton.c:196)
            n1: 132 0x49AEBBD: _dl_catch_error (dl-error-skeleton.c:215)
             n1: 132 0x4876973: _dlerror_run (dlerror.c:163)
              n1: 132 0x48762E4: dlopen@@GLIBC_2.2.5 (dlopen.c:87)
               n1: 132 0x4860341: elektraModulesLoad (in /home/jenkins/workspace/build/linux/lib/libelektra-core.so.0.8.26)
                n1: 132 0x4849B7D: elektraPluginOpen (in /home/jenkins/workspace/build/linux/lib/libelektra-kdb.so.0.8.26)
                 n0: 132 0x4012D3: main (in /home/jenkins/workspace/build/linux/bin/benchmark_plugingetset)
 n1: 122 0x4007798: open_path (dl-load.c:2112)
  n1: 122 0x4008C16: _dl_map_object (dl-load.c:2297)
   n0: 122 in 2 places, all below massif's threshold (1.00%)
#-----------
snapshot=11
#-----------
time=858637
mem_heap_B=12395
mem_heap_extra_B=565
mem_stacks_B=0
heap_tree=empty
#-----------
snapshot=12
#-----------
time=939590
mem_heap_B=14347
mem_heap_extra_B=573
mem_stacks_B=0
heap_tree=empty
#-----------
snapshot=13
#-----------
time=940473
mem_heap_B=13355
mem_heap_extra_B=565
mem_stacks_B=0
heap_tree=empty
#-----------
snapshot=14
#-----------
time=3223277
mem_heap_B=17419
mem_heap_extra_B=573
mem_stacks_B=0
heap_tree=empty
#-----------
snapshot=15
#-----------
time=3224908
mem_heap_B=15467
mem_heap_extra_B=565
mem_stacks_B=0
heap_tree=empty
#-----------
snapshot=16
#-----------
time=5003739
mem_heap_B=88171
mem_heap_extra_B=573
mem_stacks_B=0
heap_tree=empty
#-----------
snapshot=17
#-----------
time=5055348
mem_heap_B=88235
mem_heap_extra_B=581
mem_stacks_B=0
heap_tree=empty
#-----------
snapshot=18
#-----------
time=5074006
mem_heap_B=113428
mem_heap_extra_B=956
mem_stacks_B=0
heap_tree=empty
#-----------
snapshot=19
#-----------
time=5106891
mem_heap_B=113697
mem_heap_extra_B=959
mem_stacks_B=0
heap_tree=empty
#-----------
snapshot=20
#-----------
time=5119051
mem_heap_B=114645
mem_heap_extra_B=979
mem_stacks_B=0
heap_tree=empty
#-----------
snapshot=21
#-----------
time=5135267
mem_heap_B=115173
mem_heap_extra_B=987
mem_stacks_B=0
heap_tree=empty
#-----------
snapshot=22
#-----------
time=5154324
mem_heap_B=115701
mem_heap_extra_B=995
mem_stacks_B=0
heap_tree=empty
#-----------
snapshot=23
#-----------
time=5168542
mem_heap_B=118341
mem_heap_extra_B=1035
mem_stacks_B=0
heap_tree=empty
#-----------
snapshot=24
#-----------
time=5181055
mem_heap_B=120453
mem_heap_extra_B=1067
mem_stacks_B=0
heap_tree=empty
#-----------
snapshot=25
#-----------
time=5217292
mem_heap_B=120581
mem_heap_extra_B=1075
mem_stacks_B=0
heap_tree=empty
#-----------
snapshot=26
#-----------
time=5233643
mem_heap_B=129010
mem_heap_extra_B=1062
mem_stacks_B=0
heap_tree=detailed
n8: 129010 (heap allocation functions) malloc/new/new[], --alloc-fns, etc.
 n1: 72704 0x4F06454: ??? (in /usr/lib/x86_64-linux-gnu/libstdc++.so.6.0.25)
  n1: 72704 0x400F378: call_init.part.0 (dl-init.c:72)
   n1: 72704 0x400F474: _dl_init (dl-init.c:118)
    n1: 72704 0x40132D1: dl_open_worker (dl-open.c:517)
     n1: 72704 0x49AEB2D: _dl_catch_exception (dl-error-skeleton.c:196)
      n1: 72704 0x4012BB8: _dl_open (dl-open.c:599)
       n1: 72704 0x4876254: dlopen_doit (dlopen.c:66)
        n1: 72704 0x49AEB2D: _dl_catch_exception (dl-error-skeleton.c:196)
         n1: 72704 0x49AEBBD: _dl_catch_error (dl-error-skeleton.c:215)
          n1: 72704 0x4876973: _dlerror_run (dlerror.c:163)
           n1: 72704 0x48762E4: dlopen@@GLIBC_2.2.5 (dlopen.c:87)
            n1: 72704 0x4860341: elektraModulesLoad (in /home/jenkins/workspace/build/linux/lib/libelektra-core.so.0.8.26)
             n1: 72704 0x4849B7D: elektraPluginOpen (in /home/jenkins/workspace/build/linux/lib/libelektra-kdb.so.0.8.26)
              n0: 72704 0x4012D3: main (in /home/jenkins/workspace/build/linux/bin/benchmark_plugingetset)
 n5: 25792 0x4E5C684: ???
  n3: 12216 0x4E5C8F2: ???
   n1: 8072 0x4E4FA28: ???
    n1: 8072 0x4E5C267: ???
     n1: 8072 0x4E4C3C2: ???
      n1: 8072 0x4E4D817: ???
       n0: 8072 0x4012EF: main (in /home/jenkins/workspace/build/linux/bin/benchmark_plugingetset)
   n1: 2456 0x4E4F954: ???
    n1: 2456 0x4E5C267: ???
     n1: 2456 0x4E4C3C2: ???
      n1: 2456 0x4E4D817: ???
       n0: 2456 0x4012EF: main (in /home/jenkins/workspace/build/linux/bin/benchmark_plugingetset)
   n1: 1688 0x4E4F98E: ???
    n1: 1688 0x4E5C267: ???
     n1: 1688 0x4E4C3C2: ???
      n1: 1688 0x4E4D817: ???
       n0: 1688 0x4012EF: main (in /home/jenkins/workspace/build/linux/bin/benchmark_plugingetset)
  n2: 5280 0x4E5CDA2: ???
   n1: 3168 0x4E50A33: ???
    n1: 3168 0x4E599DE: ???
     n1: 3168 0x4E5C2E4: ???
      n1: 3168 0x4E4C448: ???
       n1: 3168 0x4E4D817: ???
        n0: 3168 0x4012EF: main (in /home/jenkins/workspace/build/linux/bin/benchmark_plugingetset)
   n0: 2112 in 6 places, all below massif's threshold (1.00%)
  n1: 4096 0x4E4FA55: ???
   n1: 4096 0x4E5C267: ???
    n1: 4096 0x4E4C3C2: ???
     n1: 4096 0x4E4D817: ???
      n0: 4096 0x4012EF: main (in /home/jenkins/workspace/build/linux/bin/benchmark_plugingetset)
  n0: 2616 in 10 places, all below massif's threshold (1.00%)
  n1: 1584 0x4E5CC4F: ???
   n0: 1584 in 6 places, all below massif's threshold (1.00%)
 n1: 8192 0x4F628F6: std::basic_filebuf<char, std::char_traits<char> >::_M_allocate_internal_buffer() (in /usr/lib/x86_64-linux-gnu/libstdc++.so.6.0.25)
  n1: 8192 0x4F66790: std::basic_filebuf<char, std::char_traits<char> >::open(char const*, std::_Ios_Openmode) (in /usr/lib/x86_64-linux-gnu/libstdc++.so.6.0.25)
   n1: 8192 0x4F6776C: std::basic_ifstream<char, std::char_traits<char> >::basic_ifstream(std::__cxx11::basic_string<char, std::char_traits<char>, std::allocator<char> > const&, std::_Ios_Openmode) (in /usr/lib/x86_64-linux-gnu/libstdc++.so.6.0.25)
    n1: 8192 0x4E4C4CC: ???
     n1: 8192 0x4E4D817: ???
      n0: 8192 0x4012EF: main (in /home/jenkins/workspace/build/linux/bin/benchmark_plugingetset)
 n0: 6397 in 44 places, all below massif's threshold (1.00%)
 n1: 5961 0x400B2AC: _dl_new_object (dl-object.c:73)
  n1: 5961 0x4005E46: _dl_map_object_from_fd (dl-load.c:1001)
   n2: 5961 0x4008A8B: _dl_map_object (dl-load.c:2466)
    n1: 4766 0x400D290: openaux (dl-deps.c:64)
     n1: 4766 0x49AEB2D: _dl_catch_exception (dl-error-skeleton.c:196)
      n1: 4766 0x400D604: _dl_map_object_deps (dl-deps.c:248)
       n1: 4766 0x401304E: dl_open_worker (dl-open.c:271)
        n1: 4766 0x49AEB2D: _dl_catch_exception (dl-error-skeleton.c:196)
         n1: 4766 0x4012BB8: _dl_open (dl-open.c:599)
          n1: 4766 0x4876254: dlopen_doit (dlopen.c:66)
           n1: 4766 0x49AEB2D: _dl_catch_exception (dl-error-skeleton.c:196)
            n1: 4766 0x49AEBBD: _dl_catch_error (dl-error-skeleton.c:215)
             n1: 4766 0x4876973: _dlerror_run (dlerror.c:163)
              n1: 4766 0x48762E4: dlopen@@GLIBC_2.2.5 (dlopen.c:87)
               n1: 4766 0x4860341: elektraModulesLoad (in /home/jenkins/workspace/build/linux/lib/libelektra-core.so.0.8.26)
                n1: 4766 0x4849B7D: elektraPluginOpen (in /home/jenkins/workspace/build/linux/lib/libelektra-kdb.so.0.8.26)
                 n0: 4766 0x4012D3: main (in /home/jenkins/workspace/build/linux/bin/benchmark_plugingetset)
    n0: 1195 in 1 place, below massif's threshold (1.00%)
 n1: 4064 0x400A095: do_lookup_x (dl-lookup.c:253)
  n1: 4064 0x400A38D: _dl_lookup_symbol_x (dl-lookup.c:814)
   n1: 4064 0x400BD5C: _dl_relocate_object (dl-machine.h:308)
    n1: 4064 0x401319C: dl_open_worker (dl-open.c:377)
     n1: 4064 0x49AEB2D: _dl_catch_exception (dl-error-skeleton.c:196)
      n1: 4064 0x4012BB8: _dl_open (dl-open.c:599)
       n1: 4064 0x4876254: dlopen_doit (dlopen.c:66)
        n1: 4064 0x49AEB2D: _dl_catch_exception (dl-error-skeleton.c:196)
         n1: 4064 0x49AEBBD: _dl_catch_error (dl-error-skeleton.c:215)
          n1: 4064 0x4876973: _dlerror_run (dlerror.c:163)
           n1: 4064 0x48762E4: dlopen@@GLIBC_2.2.5 (dlopen.c:87)
            n1: 4064 0x4860341: elektraModulesLoad (in /home/jenkins/workspace/build/linux/lib/libelektra-core.so.0.8.26)
             n1: 4064 0x4849B7D: elektraPluginOpen (in /home/jenkins/workspace/build/linux/lib/libelektra-kdb.so.0.8.26)
              n0: 4064 0x4012D3: main (in /home/jenkins/workspace/build/linux/bin/benchmark_plugingetset)
 n1: 3524 0x4E429AD: ???
  n1: 3524 0x4E425EA: ???
   n1: 3524 0x4E42371: ???
    n1: 3524 0x4E41B54: ???
     n1: 3524 0x4E47364: ???
      n1: 3524 0x4E4C528: ???
       n1: 3524 0x4E4D817: ???
        n0: 3524 0x4012EF: main (in /home/jenkins/workspace/build/linux/bin/benchmark_plugingetset)
 n1: 2376 0x4010A1E: _dl_check_map_versions (dl-version.c:274)
  n1: 2376 0x4013094: dl_open_worker (dl-open.c:277)
   n1: 2376 0x49AEB2D: _dl_catch_exception (dl-error-skeleton.c:196)
    n1: 2376 0x4012BB8: _dl_open (dl-open.c:599)
     n1: 2376 0x4876254: dlopen_doit (dlopen.c:66)
      n1: 2376 0x49AEB2D: _dl_catch_exception (dl-error-skeleton.c:196)
       n1: 2376 0x49AEBBD: _dl_catch_error (dl-error-skeleton.c:215)
        n1: 2376 0x4876973: _dlerror_run (dlerror.c:163)
         n1: 2376 0x48762E4: dlopen@@GLIBC_2.2.5 (dlopen.c:87)
          n1: 2376 0x4860341: elektraModulesLoad (in /home/jenkins/workspace/build/linux/lib/libelektra-core.so.0.8.26)
           n1: 2376 0x4849B7D: elektraPluginOpen (in /home/jenkins/workspace/build/linux/lib/libelektra-kdb.so.0.8.26)
            n0: 2376 0x4012D3: main (in /home/jenkins/workspace/build/linux/bin/benchmark_plugingetset)
#-----------
snapshot=27
#-----------
time=5241972
mem_heap_B=131113
mem_heap_extra_B=1127
mem_stacks_B=0
heap_tree=empty
#-----------
snapshot=28
#-----------
time=5256817
mem_heap_B=291168
mem_heap_extra_B=1328
mem_stacks_B=0
heap_tree=empty
#-----------
snapshot=29
#-----------
time=5267632
mem_heap_B=304246
mem_heap_extra_B=1650
mem_stacks_B=0
heap_tree=empty
#-----------
snapshot=30
#-----------
time=5281361
mem_heap_B=481014
mem_heap_extra_B=1706
mem_stacks_B=0
heap_tree=detailed
n5: 481014 (heap allocation functions) malloc/new/new[], --alloc-fns, etc.
 n5: 374304 0x4E5C684: ???
  n4: 188328 0x4E5C8F2: ???
   n1: 160088 0x4E4FD99: ???
    n1: 160088 0x4E5684B: ???
     n1: 160088 0x4E4C5A6: ???
      n1: 160088 0x4E4D817: ???
       n0: 160088 0x4012EF: main (in /home/jenkins/workspace/build/linux/bin/benchmark_plugingetset)
   n1: 16024 0x4E4FD4D: ???
    n1: 16024 0x4E5684B: ???
     n1: 16024 0x4E4C5A6: ???
      n1: 16024 0x4E4D817: ???
       n0: 16024 0x4012EF: main (in /home/jenkins/workspace/build/linux/bin/benchmark_plugingetset)
   n1: 8072 0x4E4FA28: ???
    n1: 8072 0x4E5C267: ???
     n1: 8072 0x4E4C3C2: ???
      n1: 8072 0x4E4D817: ???
       n0: 8072 0x4012EF: main (in /home/jenkins/workspace/build/linux/bin/benchmark_plugingetset)
   n0: 4144 in 2 places, all below massif's threshold (1.00%)
  n1: 160000 0x4E56675: ???
   n1: 160000 0x4E4C5A6: ???
    n1: 160000 0x4E4D817: ???
     n0: 160000 0x4012EF: main (in /home/jenkins/workspace/build/linux/bin/benchmark_plugingetset)
  n0: 10808 in 12 places, all below massif's threshold (1.00%)
  n1: 9888 0x4E5CC4F: ???
   n0: 9888 in 13 places, all below massif's threshold (1.00%)
  n1: 5280 0x4E5CDA2: ???
   n0: 5280 in 7 places, all below massif's threshold (1.00%)
 n1: 72704 0x4F06454: ??? (in /usr/lib/x86_64-linux-gnu/libstdc++.so.6.0.25)
  n1: 72704 0x400F378: call_init.part.0 (dl-init.c:72)
   n1: 72704 0x400F474: _dl_init (dl-init.c:118)
    n1: 72704 0x40132D1: dl_open_worker (dl-open.c:517)
     n1: 72704 0x49AEB2D: _dl_catch_exception (dl-error-skeleton.c:196)
      n1: 72704 0x4012BB8: _dl_open (dl-open.c:599)
       n1: 72704 0x4876254: dlopen_doit (dlopen.c:66)
        n1: 72704 0x49AEB2D: _dl_catch_exception (dl-error-skeleton.c:196)
         n1: 72704 0x49AEBBD: _dl_catch_error (dl-error-skeleton.c:215)
          n1: 72704 0x4876973: _dlerror_run (dlerror.c:163)
           n1: 72704 0x48762E4: dlopen@@GLIBC_2.2.5 (dlopen.c:87)
            n1: 72704 0x4860341: elektraModulesLoad (in /home/jenkins/workspace/build/linux/lib/libelektra-core.so.0.8.26)
             n1: 72704 0x4849B7D: elektraPluginOpen (in /home/jenkins/workspace/build/linux/lib/libelektra-kdb.so.0.8.26)
              n0: 72704 0x4012D3: main (in /home/jenkins/workspace/build/linux/bin/benchmark_plugingetset)
 n0: 19853 in 78 places, all below massif's threshold (1.00%)
 n1: 8192 0x4F628F6: std::basic_filebuf<char, std::char_traits<char> >::_M_allocate_internal_buffer() (in /usr/lib/x86_64-linux-gnu/libstdc++.so.6.0.25)
  n1: 8192 0x4F66790: std::basic_filebuf<char, std::char_traits<char> >::open(char const*, std::_Ios_Openmode) (in /usr/lib/x86_64-linux-gnu/libstdc++.so.6.0.25)
   n1: 8192 0x4F6776C: std::basic_ifstream<char, std::char_traits<char> >::basic_ifstream(std::__cxx11::basic_string<char, std::char_traits<char>, std::allocator<char> > const&, std::_Ios_Openmode) (in /usr/lib/x86_64-linux-gnu/libstdc++.so.6.0.25)
    n1: 8192 0x4E4C4CC: ???
     n1: 8192 0x4E4D817: ???
      n0: 8192 0x4012EF: main (in /home/jenkins/workspace/build/linux/bin/benchmark_plugingetset)
 n1: 5961 0x400B2AC: _dl_new_object (dl-object.c:73)
  n1: 5961 0x4005E46: _dl_map_object_from_fd (dl-load.c:1001)
   n1: 5961 0x4008A8B: _dl_map_object (dl-load.c:2466)
    n0: 5961 in 2 places, all below massif's threshold (1.00%)
#-----------
snapshot=31
#-----------
time=5401481
mem_heap_B=481078
mem_heap_extra_B=1714
mem_stacks_B=0
heap_tree=empty
#-----------
snapshot=32
#-----------
time=5402744
mem_heap_B=641166
mem_heap_extra_B=1730
mem_stacks_B=0
heap_tree=empty
#-----------
snapshot=33
#-----------
time=5522864
mem_heap_B=641230
mem_heap_extra_B=1738
mem_stacks_B=0
heap_tree=empty
#-----------
snapshot=34
#-----------
time=5524018
mem_heap_B=881318
mem_heap_extra_B=1754
mem_stacks_B=0
heap_tree=empty
#-----------
snapshot=35
#-----------
time=5704146
mem_heap_B=881350
mem_heap_extra_B=1762
mem_stacks_B=0
heap_tree=empty
#-----------
snapshot=36
#-----------
time=5723472
mem_heap_B=931966
mem_heap_extra_B=1898
mem_stacks_B=0
heap_tree=empty
#-----------
snapshot=37
#-----------
time=5742270
mem_heap_B=956422
mem_heap_extra_B=1922
mem_stacks_B=0
heap_tree=empty
#-----------
snapshot=38
#-----------
time=5757874
mem_heap_B=969875
mem_heap_extra_B=2605
mem_stacks_B=0
heap_tree=empty
#-----------
snapshot=39
#-----------
time=5772809
mem_heap_B=975027
mem_heap_extra_B=3141
mem_stacks_B=0
heap_tree=empty
#-----------
snapshot=40
#-----------
time=5792752
mem_heap_B=978611
mem_heap_extra_B=3421
mem_stacks_B=0
heap_tree=empty
#-----------
snapshot=41
#-----------
time=5807934
mem_heap_B=980547
mem_heap_extra_B=3501
mem_stacks_B=0
heap_tree=empty
#-----------
snapshot=42
#-----------
time=5825600
mem_heap_B=982851
mem_heap_extra_B=3565
mem_stacks_B=0
heap_tree=empty
#-----------
snapshot=43
#-----------
time=5839850
mem_heap_B=984342
mem_heap_extra_B=3642
mem_stacks_B=0
heap_tree=empty
#-----------
snapshot=44
#-----------
time=5848882
mem_heap_B=985701
mem_heap_extra_B=3763
mem_stacks_B=0
heap_tree=peak
n3: 985701 (heap allocation functions) malloc/new/new[], --alloc-fns, etc.
 n5: 873837 0x4E5C684: ???
  n7: 636680 0x4E5C8F2: ???
   n1: 240088 0x4E4FE1D: ???
    n1: 240088 0x4E5684B: ???
     n1: 240088 0x4E4C5A6: ???
      n1: 240088 0x4E4D817: ???
       n0: 240088 0x4012EF: main (in /home/jenkins/workspace/build/linux/bin/benchmark_plugingetset)
   n1: 160088 0x4E4FD99: ???
    n1: 160088 0x4E5684B: ???
     n1: 160088 0x4E4C5A6: ???
      n1: 160088 0x4E4D817: ???
       n0: 160088 0x4012EF: main (in /home/jenkins/workspace/build/linux/bin/benchmark_plugingetset)
   n1: 160088 0x4E4FDD4: ???
    n1: 160088 0x4E5684B: ???
     n1: 160088 0x4E4C5A6: ???
      n1: 160088 0x4E4D817: ???
       n0: 160088 0x4012EF: main (in /home/jenkins/workspace/build/linux/bin/benchmark_plugingetset)
   n1: 24088 0x4E50080: ???
    n1: 24088 0x4E5684B: ???
     n1: 24088 0x4E4C5A6: ???
      n1: 24088 0x4E4D817: ???
       n0: 24088 0x4012EF: main (in /home/jenkins/workspace/build/linux/bin/benchmark_plugingetset)
   n1: 24088 0x4E500BD: ???
    n1: 24088 0x4E5684B: ???
     n1: 24088 0x4E4C5A6: ???
      n1: 24088 0x4E4D817: ???
       n0: 24088 0x4012EF: main (in /home/jenkins/workspace/build/linux/bin/benchmark_plugingetset)
   n1: 16024 0x4E4FD4D: ???
    n1: 16024 0x4E5684B: ???
     n1: 16024 0x4E4C5A6: ???
      n1: 16024 0x4E4D817: ???
       n0: 16024 0x4012EF: main (in /home/jenkins/workspace/build/linux/bin/benchmark_plugingetset)
   n0: 12216 in 3 places, all below massif's threshold (1.00%)
  n1: 160000 0x4E56675: ???
   n1: 160000 0x4E4C5A6: ???
    n1: 160000 0x4E4D817: ???
     n0: 160000 0x4012EF: main (in /home/jenkins/workspace/build/linux/bin/benchmark_plugingetset)
  n0: 41704 in 22 places, all below massif's threshold (1.00%)
  n1: 18624 0x4E5CC4F: ???
   n0: 18624 in 16 places, all below massif's threshold (1.00%)
  n1: 16829 0x4E5CDA2: ???
   n0: 16829 in 13 places, all below massif's threshold (1.00%)
 n1: 72704 0x4F06454: ??? (in /usr/lib/x86_64-linux-gnu/libstdc++.so.6.0.25)
  n1: 72704 0x400F378: call_init.part.0 (dl-init.c:72)
   n1: 72704 0x400F474: _dl_init (dl-init.c:118)
    n1: 72704 0x40132D1: dl_open_worker (dl-open.c:517)
     n1: 72704 0x49AEB2D: _dl_catch_exception (dl-error-skeleton.c:196)
      n1: 72704 0x4012BB8: _dl_open (dl-open.c:599)
       n1: 72704 0x4876254: dlopen_doit (dlopen.c:66)
        n1: 72704 0x49AEB2D: _dl_catch_exception (dl-error-skeleton.c:196)
         n1: 72704 0x49AEBBD: _dl_catch_error (dl-error-skeleton.c:215)
          n1: 72704 0x4876973: _dlerror_run (dlerror.c:163)
           n1: 72704 0x48762E4: dlopen@@GLIBC_2.2.5 (dlopen.c:87)
            n1: 72704 0x4860341: elektraModulesLoad (in /home/jenkins/workspace/build/linux/lib/libelektra-core.so.0.8.26)
             n1: 72704 0x4849B7D: elektraPluginOpen (in /home/jenkins/workspace/build/linux/lib/libelektra-kdb.so.0.8.26)
              n0: 72704 0x4012D3: main (in /home/jenkins/workspace/build/linux/bin/benchmark_plugingetset)
 n0: 39160 in 96 places, all below massif's threshold (1.00%)
#-----------
snapshot=45
#-----------
time=5864586
mem_heap_B=914450
mem_heap_extra_B=3374
mem_stacks_B=0
heap_tree=empty
#-----------
snapshot=46
#-----------
time=5877648
mem_heap_B=135195
mem_heap_extra_B=1957
mem_stacks_B=0
heap_tree=empty
#-----------
snapshot=47
#-----------
time=5889718
mem_heap_B=135736
mem_heap_extra_B=2048
mem_stacks_B=0
heap_tree=empty
#-----------
snapshot=48
#-----------
time=5905274
mem_heap_B=132179
mem_heap_extra_B=1461
mem_stacks_B=0
heap_tree=empty
#-----------
snapshot=49
#-----------
time=5924361
mem_heap_B=85219
mem_heap_extra_B=461
mem_stacks_B=0
heap_tree=empty
#-----------
snapshot=50
#-----------
time=5925255
mem_heap_B=84963
mem_heap_extra_B=437
mem_stacks_B=0
heap_tree=empty
#-----------
snapshot=51
#-----------
time=5926759
mem_heap_B=84451
mem_heap_extra_B=429
mem_stacks_B=0
heap_tree=empty
#-----------
snapshot=52
#-----------
time=5934151
mem_heap_B=82897
mem_heap_extra_B=255
mem_stacks_B=0
heap_tree=empty
