desc: --massif-out-file=results/generated_500_yawn_linux_clang6.0.1.out
cmd: build/linux/bin/benchmark_plugingetset benchmarks/data/generated_500 user yawn get
time_unit: i
#-----------
snapshot=0
#-----------
time=0
mem_heap_B=0
mem_heap_extra_B=0
mem_stacks_B=0
heap_tree=empty
#-----------
snapshot=1
#-----------
time=336852
mem_heap_B=11405
mem_heap_extra_B=555
mem_stacks_B=0
heap_tree=detailed
n12: 11405 (heap allocation functions) malloc/new/new[], --alloc-fns, etc.
 n1: 5961 0x400B2AC: _dl_new_object (dl-object.c:73)
  n1: 5961 0x4005E46: _dl_map_object_from_fd (dl-load.c:1001)
   n2: 5961 0x4008A8B: _dl_map_object (dl-load.c:2466)
    n1: 4766 0x400D290: openaux (dl-deps.c:64)
     n1: 4766 0x49AEB2D: _dl_catch_exception (dl-error-skeleton.c:196)
      n1: 4766 0x400D604: _dl_map_object_deps (dl-deps.c:248)
       n1: 4766 0x401304E: dl_open_worker (dl-open.c:271)
        n1: 4766 0x49AEB2D: _dl_catch_exception (dl-error-skeleton.c:196)
         n1: 4766 0x4012BB8: _dl_open (dl-open.c:599)
          n1: 4766 0x4876254: dlopen_doit (dlopen.c:66)
           n1: 4766 0x49AEB2D: _dl_catch_exception (dl-error-skeleton.c:196)
            n1: 4766 0x49AEBBD: _dl_catch_error (dl-error-skeleton.c:215)
             n1: 4766 0x4876973: _dlerror_run (dlerror.c:163)
              n1: 4766 0x48762E4: dlopen@@GLIBC_2.2.5 (dlopen.c:87)
               n1: 4766 0x4860341: elektraModulesLoad (in /home/jenkins/workspace/build/linux/lib/libelektra-core.so.0.8.26)
                n1: 4766 0x4849B7D: elektraPluginOpen (in /home/jenkins/workspace/build/linux/lib/libelektra-kdb.so.0.8.26)
                 n0: 4766 0x4012D3: main (in /home/jenkins/workspace/build/linux/bin/benchmark_plugingetset)
    n1: 1195 0x4012FE9: dl_open_worker (dl-open.c:228)
     n1: 1195 0x49AEB2D: _dl_catch_exception (dl-error-skeleton.c:196)
      n1: 1195 0x4012BB8: _dl_open (dl-open.c:599)
       n1: 1195 0x4876254: dlopen_doit (dlopen.c:66)
        n1: 1195 0x49AEB2D: _dl_catch_exception (dl-error-skeleton.c:196)
         n1: 1195 0x49AEBBD: _dl_catch_error (dl-error-skeleton.c:215)
          n1: 1195 0x4876973: _dlerror_run (dlerror.c:163)
           n1: 1195 0x48762E4: dlopen@@GLIBC_2.2.5 (dlopen.c:87)
            n1: 1195 0x4860341: elektraModulesLoad (in /home/jenkins/workspace/build/linux/lib/libelektra-core.so.0.8.26)
             n1: 1195 0x4849B7D: elektraPluginOpen (in /home/jenkins/workspace/build/linux/lib/libelektra-kdb.so.0.8.26)
              n0: 1195 0x4012D3: main (in /home/jenkins/workspace/build/linux/bin/benchmark_plugingetset)
 n1: 2376 0x4010A1E: _dl_check_map_versions (dl-version.c:274)
  n1: 2376 0x4013094: dl_open_worker (dl-open.c:277)
   n1: 2376 0x49AEB2D: _dl_catch_exception (dl-error-skeleton.c:196)
    n1: 2376 0x4012BB8: _dl_open (dl-open.c:599)
     n1: 2376 0x4876254: dlopen_doit (dlopen.c:66)
      n1: 2376 0x49AEB2D: _dl_catch_exception (dl-error-skeleton.c:196)
       n1: 2376 0x49AEBBD: _dl_catch_error (dl-error-skeleton.c:215)
        n1: 2376 0x4876973: _dlerror_run (dlerror.c:163)
         n1: 2376 0x48762E4: dlopen@@GLIBC_2.2.5 (dlopen.c:87)
          n1: 2376 0x4860341: elektraModulesLoad (in /home/jenkins/workspace/build/linux/lib/libelektra-core.so.0.8.26)
           n1: 2376 0x4849B7D: elektraPluginOpen (in /home/jenkins/workspace/build/linux/lib/libelektra-kdb.so.0.8.26)
            n0: 2376 0x4012D3: main (in /home/jenkins/workspace/build/linux/bin/benchmark_plugingetset)
 n1: 1024 0x4858B77: elektraVFormat (in /home/jenkins/workspace/build/linux/lib/libelektra-core.so.0.8.26)
  n2: 1024 0x4858B56: elektraFormat (in /home/jenkins/workspace/build/linux/lib/libelektra-core.so.0.8.26)
   n0: 512 0x401256: main (in /home/jenkins/workspace/build/linux/bin/benchmark_plugingetset)
   n0: 512 0x40126B: main (in /home/jenkins/workspace/build/linux/bin/benchmark_plugingetset)
 n3: 384 0x485B4E7: ksNew (in /home/jenkins/workspace/build/linux/lib/libelektra-core.so.0.8.26)
  n0: 128 0x40123F: main (in /home/jenkins/workspace/build/linux/bin/benchmark_plugingetset)
  n0: 128 0x401296: main (in /home/jenkins/workspace/build/linux/bin/benchmark_plugingetset)
  n0: 128 0x4012A4: main (in /home/jenkins/workspace/build/linux/bin/benchmark_plugingetset)
 n0: 319 in 8 places, all below massif's threshold (1.00%)
 n1: 256 0x400D46A: _dl_map_object_deps (dl-deps.c:438)
  n1: 256 0x401304E: dl_open_worker (dl-open.c:271)
   n1: 256 0x49AEB2D: _dl_catch_exception (dl-error-skeleton.c:196)
    n1: 256 0x4012BB8: _dl_open (dl-open.c:599)
     n1: 256 0x4876254: dlopen_doit (dlopen.c:66)
      n1: 256 0x49AEB2D: _dl_catch_exception (dl-error-skeleton.c:196)
       n1: 256 0x49AEBBD: _dl_catch_error (dl-error-skeleton.c:215)
        n1: 256 0x4876973: _dlerror_run (dlerror.c:163)
         n1: 256 0x48762E4: dlopen@@GLIBC_2.2.5 (dlopen.c:87)
          n1: 256 0x4860341: elektraModulesLoad (in /home/jenkins/workspace/build/linux/lib/libelektra-core.so.0.8.26)
           n1: 256 0x4849B7D: elektraPluginOpen (in /home/jenkins/workspace/build/linux/lib/libelektra-kdb.so.0.8.26)
            n0: 256 0x4012D3: main (in /home/jenkins/workspace/build/linux/bin/benchmark_plugingetset)
 n1: 256 0x48593C3: keyNew (in /home/jenkins/workspace/build/linux/lib/libelektra-core.so.0.8.26)
  n0: 256 in 4 places, all below massif's threshold (1.00%)
 n1: 231 0x400B58E: _dl_new_object (dl-object.c:163)
  n1: 231 0x4005E46: _dl_map_object_from_fd (dl-load.c:1001)
   n2: 231 0x4008A8B: _dl_map_object (dl-load.c:2466)
    n1: 172 0x400D290: openaux (dl-deps.c:64)
     n1: 172 0x49AEB2D: _dl_catch_exception (dl-error-skeleton.c:196)
      n1: 172 0x400D604: _dl_map_object_deps (dl-deps.c:248)
       n1: 172 0x401304E: dl_open_worker (dl-open.c:271)
        n1: 172 0x49AEB2D: _dl_catch_exception (dl-error-skeleton.c:196)
         n1: 172 0x4012BB8: _dl_open (dl-open.c:599)
          n1: 172 0x4876254: dlopen_doit (dlopen.c:66)
           n1: 172 0x49AEB2D: _dl_catch_exception (dl-error-skeleton.c:196)
            n1: 172 0x49AEBBD: _dl_catch_error (dl-error-skeleton.c:215)
             n1: 172 0x4876973: _dlerror_run (dlerror.c:163)
              n1: 172 0x48762E4: dlopen@@GLIBC_2.2.5 (dlopen.c:87)
               n1: 172 0x4860341: elektraModulesLoad (in /home/jenkins/workspace/build/linux/lib/libelektra-core.so.0.8.26)
                n1: 172 0x4849B7D: elektraPluginOpen (in /home/jenkins/workspace/build/linux/lib/libelektra-kdb.so.0.8.26)
                 n0: 172 0x4012D3: main (in /home/jenkins/workspace/build/linux/bin/benchmark_plugingetset)
    n0: 59 in 1 place, below massif's threshold (1.00%)
 n1: 192 0x485B4A0: ksNew (in /home/jenkins/workspace/build/linux/lib/libelektra-core.so.0.8.26)
  n0: 192 in 3 places, all below massif's threshold (1.00%)
 n1: 152 0x400D904: _dl_map_object_deps (dl-deps.c:479)
  n1: 152 0x401304E: dl_open_worker (dl-open.c:271)
   n1: 152 0x49AEB2D: _dl_catch_exception (dl-error-skeleton.c:196)
    n1: 152 0x4012BB8: _dl_open (dl-open.c:599)
     n1: 152 0x4876254: dlopen_doit (dlopen.c:66)
      n1: 152 0x49AEB2D: _dl_catch_exception (dl-error-skeleton.c:196)
       n1: 152 0x49AEBBD: _dl_catch_error (dl-error-skeleton.c:215)
        n1: 152 0x4876973: _dlerror_run (dlerror.c:163)
         n1: 152 0x48762E4: dlopen@@GLIBC_2.2.5 (dlopen.c:87)
          n1: 152 0x4860341: elektraModulesLoad (in /home/jenkins/workspace/build/linux/lib/libelektra-core.so.0.8.26)
           n1: 152 0x4849B7D: elektraPluginOpen (in /home/jenkins/workspace/build/linux/lib/libelektra-kdb.so.0.8.26)
            n0: 152 0x4012D3: main (in /home/jenkins/workspace/build/linux/bin/benchmark_plugingetset)
 n1: 132 0x40081A8: fillin_rpath (dl-load.c:509)
  n1: 132 0x40083BA: decompose_rpath.isra.10 (dl-load.c:631)
   n1: 132 0x4009105: _dl_map_object (dl-load.c:2297)
    n1: 132 0x400D290: openaux (dl-deps.c:64)
     n1: 132 0x49AEB2D: _dl_catch_exception (dl-error-skeleton.c:196)
      n1: 132 0x400D604: _dl_map_object_deps (dl-deps.c:248)
       n1: 132 0x401304E: dl_open_worker (dl-open.c:271)
        n1: 132 0x49AEB2D: _dl_catch_exception (dl-error-skeleton.c:196)
         n1: 132 0x4012BB8: _dl_open (dl-open.c:599)
          n1: 132 0x4876254: dlopen_doit (dlopen.c:66)
           n1: 132 0x49AEB2D: _dl_catch_exception (dl-error-skeleton.c:196)
            n1: 132 0x49AEBBD: _dl_catch_error (dl-error-skeleton.c:215)
             n1: 132 0x4876973: _dlerror_run (dlerror.c:163)
              n1: 132 0x48762E4: dlopen@@GLIBC_2.2.5 (dlopen.c:87)
               n1: 132 0x4860341: elektraModulesLoad (in /home/jenkins/workspace/build/linux/lib/libelektra-core.so.0.8.26)
                n1: 132 0x4849B7D: elektraPluginOpen (in /home/jenkins/workspace/build/linux/lib/libelektra-kdb.so.0.8.26)
                 n0: 132 0x4012D3: main (in /home/jenkins/workspace/build/linux/bin/benchmark_plugingetset)
 n1: 122 0x4007798: open_path (dl-load.c:2112)
  n1: 122 0x4008C16: _dl_map_object (dl-load.c:2297)
   n0: 122 in 2 places, all below massif's threshold (1.00%)
#-----------
snapshot=2
#-----------
time=858655
mem_heap_B=12397
mem_heap_extra_B=563
mem_stacks_B=0
heap_tree=empty
#-----------
snapshot=3
#-----------
time=940491
mem_heap_B=13357
mem_heap_extra_B=563
mem_stacks_B=0
heap_tree=empty
#-----------
snapshot=4
#-----------
time=3223295
mem_heap_B=17421
mem_heap_extra_B=571
mem_stacks_B=0
heap_tree=empty
#-----------
snapshot=5
#-----------
time=3224926
mem_heap_B=15469
mem_heap_extra_B=563
mem_stacks_B=0
heap_tree=empty
#-----------
snapshot=6
#-----------
time=5003757
mem_heap_B=88173
mem_heap_extra_B=571
mem_stacks_B=0
heap_tree=empty
#-----------
snapshot=7
#-----------
time=5290008
mem_heap_B=624887
mem_heap_extra_B=1041
mem_stacks_B=0
heap_tree=empty
#-----------
snapshot=8
#-----------
time=6380621
mem_heap_B=624887
mem_heap_extra_B=1041
mem_stacks_B=0
heap_tree=detailed
n7: 624887 (heap allocation functions) malloc/new/new[], --alloc-fns, etc.
 n1: 445064 0x4E429AD: ???
  n1: 445064 0x4E425EA: ???
   n1: 445064 0x4E42371: ???
    n1: 445064 0x4E41B54: ???
     n1: 445064 0x4E47364: ???
      n1: 445064 0x4E4C528: ???
       n1: 445064 0x4E4D817: ???
        n0: 445064 0x4012EF: main (in /home/jenkins/workspace/build/linux/bin/benchmark_plugingetset)
 n1: 72704 0x4F06454: ??? (in /usr/lib/x86_64-linux-gnu/libstdc++.so.6.0.25)
  n1: 72704 0x400F378: call_init.part.0 (dl-init.c:72)
   n1: 72704 0x400F474: _dl_init (dl-init.c:118)
    n1: 72704 0x40132D1: dl_open_worker (dl-open.c:517)
     n1: 72704 0x49AEB2D: _dl_catch_exception (dl-error-skeleton.c:196)
      n1: 72704 0x4012BB8: _dl_open (dl-open.c:599)
       n1: 72704 0x4876254: dlopen_doit (dlopen.c:66)
        n1: 72704 0x49AEB2D: _dl_catch_exception (dl-error-skeleton.c:196)
         n1: 72704 0x49AEBBD: _dl_catch_error (dl-error-skeleton.c:215)
          n1: 72704 0x4876973: _dlerror_run (dlerror.c:163)
           n1: 72704 0x48762E4: dlopen@@GLIBC_2.2.5 (dlopen.c:87)
            n1: 72704 0x4860341: elektraModulesLoad (in /home/jenkins/workspace/build/linux/lib/libelektra-core.so.0.8.26)
             n1: 72704 0x4849B7D: elektraPluginOpen (in /home/jenkins/workspace/build/linux/lib/libelektra-kdb.so.0.8.26)
              n0: 72704 0x4012D3: main (in /home/jenkins/workspace/build/linux/bin/benchmark_plugingetset)
 n1: 32769 0x4F952AB: std::__cxx11::basic_string<char, std::char_traits<char>, std::allocator<char> >::reserve(unsigned long) (in /usr/lib/x86_64-linux-gnu/libstdc++.so.6.0.25)
  n1: 32769 0x4F89723: std::__cxx11::basic_stringbuf<char, std::char_traits<char>, std::allocator<char> >::overflow(int) (in /usr/lib/x86_64-linux-gnu/libstdc++.so.6.0.25)
   n1: 32769 0x4F938A9: std::basic_streambuf<char, std::char_traits<char> >::xsputn(char const*, long) (in /usr/lib/x86_64-linux-gnu/libstdc++.so.6.0.25)
    n1: 32769 0x4F228B3: long std::__copy_streambufs_eof<char, std::char_traits<char> >(std::basic_streambuf<char, std::char_traits<char> >*, std::basic_streambuf<char, std::char_traits<char> >*, bool&) (in /usr/lib/x86_64-linux-gnu/libstdc++.so.6.0.25)
     n1: 32769 0x4F84416: std::ostream::operator<<(std::basic_streambuf<char, std::char_traits<char> >*) (in /usr/lib/x86_64-linux-gnu/libstdc++.so.6.0.25)
      n1: 32769 0x4E41A4A: ???
       n1: 32769 0x4E47364: ???
        n1: 32769 0x4E4C528: ???
         n1: 32769 0x4E4D817: ???
          n0: 32769 0x4012EF: main (in /home/jenkins/workspace/build/linux/bin/benchmark_plugingetset)
 n2: 25792 0x4E5C684: ???
  n0: 13576 in 13 places, all below massif's threshold (1.00%)
  n2: 12216 0x4E5C8F2: ???
   n1: 8072 0x4E4FA28: ???
    n1: 8072 0x4E5C267: ???
     n1: 8072 0x4E4C3C2: ???
      n1: 8072 0x4E4D817: ???
       n0: 8072 0x4012EF: main (in /home/jenkins/workspace/build/linux/bin/benchmark_plugingetset)
   n0: 4144 in 2 places, all below massif's threshold (1.00%)
 n1: 22254 0x4F94DC9: std::__cxx11::basic_string<char, std::char_traits<char>, std::allocator<char> >::_M_mutate(unsigned long, unsigned long, char const*, unsigned long) (in /usr/lib/x86_64-linux-gnu/libstdc++.so.6.0.25)
  n1: 22254 0x4F95B79: std::__cxx11::basic_string<char, std::char_traits<char>, std::allocator<char> >::_M_replace(unsigned long, unsigned long, char const*, unsigned long) (in /usr/lib/x86_64-linux-gnu/libstdc++.so.6.0.25)
   n1: 22254 0x4E41B10: ???
    n1: 22254 0x4E47364: ???
     n1: 22254 0x4E4C528: ???
      n1: 22254 0x4E4D817: ???
       n0: 22254 0x4012EF: main (in /home/jenkins/workspace/build/linux/bin/benchmark_plugingetset)
 n0: 18112 in 45 places, all below massif's threshold (1.00%)
 n1: 8192 0x4F628F6: std::basic_filebuf<char, std::char_traits<char> >::_M_allocate_internal_buffer() (in /usr/lib/x86_64-linux-gnu/libstdc++.so.6.0.25)
  n1: 8192 0x4F66790: std::basic_filebuf<char, std::char_traits<char> >::open(char const*, std::_Ios_Openmode) (in /usr/lib/x86_64-linux-gnu/libstdc++.so.6.0.25)
   n1: 8192 0x4F6776C: std::basic_ifstream<char, std::char_traits<char> >::basic_ifstream(std::__cxx11::basic_string<char, std::char_traits<char>, std::allocator<char> > const&, std::_Ios_Openmode) (in /usr/lib/x86_64-linux-gnu/libstdc++.so.6.0.25)
    n1: 8192 0x4E4C4CC: ???
     n1: 8192 0x4E4D817: ???
      n0: 8192 0x4012EF: main (in /home/jenkins/workspace/build/linux/bin/benchmark_plugingetset)
#-----------
snapshot=9
#-----------
time=6384350
mem_heap_B=571776
mem_heap_extra_B=1096
mem_stacks_B=0
heap_tree=empty
#-----------
snapshot=10
#-----------
time=7007933
mem_heap_B=683074
mem_heap_extra_B=1126
mem_stacks_B=0
heap_tree=detailed
n6: 683074 (heap allocation functions) malloc/new/new[], --alloc-fns, etc.
 n1: 445064 0x4E429AD: ???
  n1: 445064 0x4E425EA: ???
   n1: 445064 0x4E42371: ???
    n1: 445064 0x4E41B54: ???
     n1: 445064 0x4E47364: ???
      n1: 445064 0x4E4C528: ???
       n1: 445064 0x4E4D817: ???
        n0: 445064 0x4012EF: main (in /home/jenkins/workspace/build/linux/bin/benchmark_plugingetset)
 n2: 111266 0x4F94DC9: std::__cxx11::basic_string<char, std::char_traits<char>, std::allocator<char> >::_M_mutate(unsigned long, unsigned long, char const*, unsigned long) (in /usr/lib/x86_64-linux-gnu/libstdc++.so.6.0.25)
  n1: 111266 0x4F957CE: std::__cxx11::basic_string<char, std::char_traits<char>, std::allocator<char> >::_M_replace_aux(unsigned long, unsigned long, unsigned long, char) (in /usr/lib/x86_64-linux-gnu/libstdc++.so.6.0.25)
   n1: 111266 0x4E431A9: ???
    n2: 111266 0x4E42FCD: ???
     n1: 111266 0x4E4224C: ???
      n1: 111266 0x4E47C77: ???
       n1: 111266 0x4E4C53C: ???
        n1: 111266 0x4E4D817: ???
         n0: 111266 0x4012EF: main (in /home/jenkins/workspace/build/linux/bin/benchmark_plugingetset)
     n0: 0 in 1 place, below massif's threshold (1.00%)
  n0: 0 in 1 place, below massif's threshold (1.00%)
 n1: 72704 0x4F06454: ??? (in /usr/lib/x86_64-linux-gnu/libstdc++.so.6.0.25)
  n1: 72704 0x400F378: call_init.part.0 (dl-init.c:72)
   n1: 72704 0x400F474: _dl_init (dl-init.c:118)
    n1: 72704 0x40132D1: dl_open_worker (dl-open.c:517)
     n1: 72704 0x49AEB2D: _dl_catch_exception (dl-error-skeleton.c:196)
      n1: 72704 0x4012BB8: _dl_open (dl-open.c:599)
       n1: 72704 0x4876254: dlopen_doit (dlopen.c:66)
        n1: 72704 0x49AEB2D: _dl_catch_exception (dl-error-skeleton.c:196)
         n1: 72704 0x49AEBBD: _dl_catch_error (dl-error-skeleton.c:215)
          n1: 72704 0x4876973: _dlerror_run (dlerror.c:163)
           n1: 72704 0x48762E4: dlopen@@GLIBC_2.2.5 (dlopen.c:87)
            n1: 72704 0x4860341: elektraModulesLoad (in /home/jenkins/workspace/build/linux/lib/libelektra-core.so.0.8.26)
             n1: 72704 0x4849B7D: elektraPluginOpen (in /home/jenkins/workspace/build/linux/lib/libelektra-kdb.so.0.8.26)
              n0: 72704 0x4012D3: main (in /home/jenkins/workspace/build/linux/bin/benchmark_plugingetset)
 n2: 25792 0x4E5C684: ???
  n0: 13576 in 13 places, all below massif's threshold (1.00%)
  n2: 12216 0x4E5C8F2: ???
   n1: 8072 0x4E4FA28: ???
    n1: 8072 0x4E5C267: ???
     n1: 8072 0x4E4C3C2: ???
      n1: 8072 0x4E4D817: ???
       n0: 8072 0x4012EF: main (in /home/jenkins/workspace/build/linux/bin/benchmark_plugingetset)
   n0: 4144 in 2 places, all below massif's threshold (1.00%)
 n0: 20056 in 56 places, all below massif's threshold (1.00%)
 n1: 8192 0x4F628F6: std::basic_filebuf<char, std::char_traits<char> >::_M_allocate_internal_buffer() (in /usr/lib/x86_64-linux-gnu/libstdc++.so.6.0.25)
  n1: 8192 0x4F66790: std::basic_filebuf<char, std::char_traits<char> >::open(char const*, std::_Ios_Openmode) (in /usr/lib/x86_64-linux-gnu/libstdc++.so.6.0.25)
   n1: 8192 0x4F6776C: std::basic_ifstream<char, std::char_traits<char> >::basic_ifstream(std::__cxx11::basic_string<char, std::char_traits<char>, std::allocator<char> > const&, std::_Ios_Openmode) (in /usr/lib/x86_64-linux-gnu/libstdc++.so.6.0.25)
    n1: 8192 0x4E4C4CC: ???
     n1: 8192 0x4E4D817: ???
      n0: 8192 0x4012EF: main (in /home/jenkins/workspace/build/linux/bin/benchmark_plugingetset)
#-----------
snapshot=11
#-----------
time=7218005
mem_heap_B=762483
mem_heap_extra_B=3165
mem_stacks_B=0
heap_tree=empty
#-----------
snapshot=12
#-----------
time=7555161
mem_heap_B=778443
mem_heap_extra_B=6829
mem_stacks_B=0
heap_tree=detailed
n6: 778443 (heap allocation functions) malloc/new/new[], --alloc-fns, etc.
 n1: 445064 0x4E429AD: ???
  n1: 445064 0x4E425EA: ???
   n1: 445064 0x4E42371: ???
    n1: 445064 0x4E41B54: ???
     n1: 445064 0x4E47364: ???
      n1: 445064 0x4E4C528: ???
       n1: 445064 0x4E4D817: ???
        n0: 445064 0x4012EF: main (in /home/jenkins/workspace/build/linux/bin/benchmark_plugingetset)
 n3: 185792 0x4E5C684: ???
  n1: 160000 0x4E56675: ???
   n1: 160000 0x4E4C5A6: ???
    n1: 160000 0x4E4D817: ???
     n0: 160000 0x4012EF: main (in /home/jenkins/workspace/build/linux/bin/benchmark_plugingetset)
  n0: 13576 in 13 places, all below massif's threshold (1.00%)
  n2: 12216 0x4E5C8F2: ???
   n1: 8072 0x4E4FA28: ???
    n1: 8072 0x4E5C267: ???
     n1: 8072 0x4E4C3C2: ???
      n1: 8072 0x4E4D817: ???
       n0: 8072 0x4012EF: main (in /home/jenkins/workspace/build/linux/bin/benchmark_plugingetset)
   n0: 4144 in 2 places, all below massif's threshold (1.00%)
 n1: 72704 0x4F06454: ??? (in /usr/lib/x86_64-linux-gnu/libstdc++.so.6.0.25)
  n1: 72704 0x400F378: call_init.part.0 (dl-init.c:72)
   n1: 72704 0x400F474: _dl_init (dl-init.c:118)
    n1: 72704 0x40132D1: dl_open_worker (dl-open.c:517)
     n1: 72704 0x49AEB2D: _dl_catch_exception (dl-error-skeleton.c:196)
      n1: 72704 0x4012BB8: _dl_open (dl-open.c:599)
       n1: 72704 0x4876254: dlopen_doit (dlopen.c:66)
        n1: 72704 0x49AEB2D: _dl_catch_exception (dl-error-skeleton.c:196)
         n1: 72704 0x49AEBBD: _dl_catch_error (dl-error-skeleton.c:215)
          n1: 72704 0x4876973: _dlerror_run (dlerror.c:163)
           n1: 72704 0x48762E4: dlopen@@GLIBC_2.2.5 (dlopen.c:87)
            n1: 72704 0x4860341: elektraModulesLoad (in /home/jenkins/workspace/build/linux/lib/libelektra-core.so.0.8.26)
             n1: 72704 0x4849B7D: elektraPluginOpen (in /home/jenkins/workspace/build/linux/lib/libelektra-kdb.so.0.8.26)
              n0: 72704 0x4012D3: main (in /home/jenkins/workspace/build/linux/bin/benchmark_plugingetset)
 n0: 44394 in 69 places, all below massif's threshold (1.00%)
 n2: 22297 0x4F94D1D: std::__cxx11::basic_string<char, std::char_traits<char>, std::allocator<char> >::_M_assign(std::__cxx11::basic_string<char, std::char_traits<char>, std::allocator<char> > const&) (in /usr/lib/x86_64-linux-gnu/libstdc++.so.6.0.25)
  n1: 22254 0x4E44241: ???
   n1: 22254 0x4E4C554: ???
    n1: 22254 0x4E4D817: ???
     n0: 22254 0x4012EF: main (in /home/jenkins/workspace/build/linux/bin/benchmark_plugingetset)
  n0: 43 in 1 place, below massif's threshold (1.00%)
 n1: 8192 0x4F628F6: std::basic_filebuf<char, std::char_traits<char> >::_M_allocate_internal_buffer() (in /usr/lib/x86_64-linux-gnu/libstdc++.so.6.0.25)
  n1: 8192 0x4F66790: std::basic_filebuf<char, std::char_traits<char> >::open(char const*, std::_Ios_Openmode) (in /usr/lib/x86_64-linux-gnu/libstdc++.so.6.0.25)
   n1: 8192 0x4F6776C: std::basic_ifstream<char, std::char_traits<char> >::basic_ifstream(std::__cxx11::basic_string<char, std::char_traits<char>, std::allocator<char> > const&, std::_Ios_Openmode) (in /usr/lib/x86_64-linux-gnu/libstdc++.so.6.0.25)
    n1: 8192 0x4E4C4CC: ???
     n1: 8192 0x4E4D817: ???
      n0: 8192 0x4012EF: main (in /home/jenkins/workspace/build/linux/bin/benchmark_plugingetset)
#-----------
snapshot=13
#-----------
time=7767424
mem_heap_B=789346
mem_heap_extra_B=9318
mem_stacks_B=0
heap_tree=empty
#-----------
snapshot=14
#-----------
time=8045156
mem_heap_B=802592
mem_heap_extra_B=12432
mem_stacks_B=0
heap_tree=empty
#-----------
snapshot=15
#-----------
time=8227680
mem_heap_B=811026
mem_heap_extra_B=14430
mem_stacks_B=0
heap_tree=empty
#-----------
snapshot=16
#-----------
time=8441702
mem_heap_B=821693
mem_heap_extra_B=16947
mem_stacks_B=0
heap_tree=empty
#-----------
snapshot=17
#-----------
time=8698416
mem_heap_B=832938
mem_heap_extra_B=19558
mem_stacks_B=0
heap_tree=empty
#-----------
snapshot=18
#-----------
time=9014590
mem_heap_B=849032
mem_heap_extra_B=23232
mem_stacks_B=0
heap_tree=detailed
n10: 849032 (heap allocation functions) malloc/new/new[], --alloc-fns, etc.
 n1: 445064 0x4E429AD: ???
  n1: 445064 0x4E425EA: ???
   n1: 445064 0x4E42371: ???
    n1: 445064 0x4E41B54: ???
     n1: 445064 0x4E47364: ???
      n1: 445064 0x4E4C528: ???
       n1: 445064 0x4E4D817: ???
        n0: 445064 0x4012EF: main (in /home/jenkins/workspace/build/linux/bin/benchmark_plugingetset)
 n3: 185792 0x4E5C684: ???
  n1: 160000 0x4E56675: ???
   n1: 160000 0x4E4C5A6: ???
    n1: 160000 0x4E4D817: ???
     n0: 160000 0x4012EF: main (in /home/jenkins/workspace/build/linux/bin/benchmark_plugingetset)
  n0: 13576 in 13 places, all below massif's threshold (1.00%)
  n1: 12216 0x4E5C8F2: ???
   n0: 12216 in 3 places, all below massif's threshold (1.00%)
 n1: 72704 0x4F06454: ??? (in /usr/lib/x86_64-linux-gnu/libstdc++.so.6.0.25)
  n1: 72704 0x400F378: call_init.part.0 (dl-init.c:72)
   n1: 72704 0x400F474: _dl_init (dl-init.c:118)
    n1: 72704 0x40132D1: dl_open_worker (dl-open.c:517)
     n1: 72704 0x49AEB2D: _dl_catch_exception (dl-error-skeleton.c:196)
      n1: 72704 0x4012BB8: _dl_open (dl-open.c:599)
       n1: 72704 0x4876254: dlopen_doit (dlopen.c:66)
        n1: 72704 0x49AEB2D: _dl_catch_exception (dl-error-skeleton.c:196)
         n1: 72704 0x49AEBBD: _dl_catch_error (dl-error-skeleton.c:215)
          n1: 72704 0x4876973: _dlerror_run (dlerror.c:163)
           n1: 72704 0x48762E4: dlopen@@GLIBC_2.2.5 (dlopen.c:87)
            n1: 72704 0x4860341: elektraModulesLoad (in /home/jenkins/workspace/build/linux/lib/libelektra-core.so.0.8.26)
             n1: 72704 0x4849B7D: elektraPluginOpen (in /home/jenkins/workspace/build/linux/lib/libelektra-kdb.so.0.8.26)
              n0: 72704 0x4012D3: main (in /home/jenkins/workspace/build/linux/bin/benchmark_plugingetset)
 n0: 57705 in 68 places, all below massif's threshold (1.00%)
 n2: 22297 0x4F94D1D: std::__cxx11::basic_string<char, std::char_traits<char>, std::allocator<char> >::_M_assign(std::__cxx11::basic_string<char, std::char_traits<char>, std::allocator<char> > const&) (in /usr/lib/x86_64-linux-gnu/libstdc++.so.6.0.25)
  n1: 22254 0x4E44241: ???
   n1: 22254 0x4E4C554: ???
    n1: 22254 0x4E4D817: ???
     n0: 22254 0x4012EF: main (in /home/jenkins/workspace/build/linux/bin/benchmark_plugingetset)
  n0: 43 in 1 place, below massif's threshold (1.00%)
 n1: 16200 0x4E45908: ???
  n0: 16200 in 3 places, all below massif's threshold (1.00%)
 n1: 16128 0x4E45EBD: ???
  n1: 16128 0x4E479C6: ???
   n1: 16128 0x4E566E4: ???
    n1: 16128 0x4E4C5A6: ???
     n1: 16128 0x4E4D817: ???
      n0: 16128 0x4012EF: main (in /home/jenkins/workspace/build/linux/bin/benchmark_plugingetset)
 n1: 11448 0x4E462C8: ???
  n1: 11448 0x4E479C6: ???
   n1: 11448 0x4E566E4: ???
    n1: 11448 0x4E4C5A6: ???
     n1: 11448 0x4E4D817: ???
      n0: 11448 0x4012EF: main (in /home/jenkins/workspace/build/linux/bin/benchmark_plugingetset)
 n1: 11038 0x4E436AF: ???
  n0: 11038 in 3 places, all below massif's threshold (1.00%)
 n1: 10656 0x4E45569: ???
  n1: 10656 0x4E45AD4: ???
   n1: 10656 0x4E479C6: ???
    n1: 10656 0x4E566E4: ???
     n1: 10656 0x4E4C5A6: ???
      n1: 10656 0x4E4D817: ???
       n0: 10656 0x4012EF: main (in /home/jenkins/workspace/build/linux/bin/benchmark_plugingetset)
#-----------
snapshot=19
#-----------
time=9237259
mem_heap_B=859916
mem_heap_extra_B=25796
mem_stacks_B=0
heap_tree=empty
#-----------
snapshot=20
#-----------
time=9522769
mem_heap_B=873102
mem_heap_extra_B=28914
mem_stacks_B=0
heap_tree=empty
#-----------
snapshot=21
#-----------
time=9852247
mem_heap_B=889252
mem_heap_extra_B=32644
mem_stacks_B=0
heap_tree=empty
#-----------
snapshot=22
#-----------
time=10239134
mem_heap_B=908653
mem_heap_extra_B=37035
mem_stacks_B=0
heap_tree=detailed
n14: 908653 (heap allocation functions) malloc/new/new[], --alloc-fns, etc.
 n1: 445064 0x4E429AD: ???
  n1: 445064 0x4E425EA: ???
   n1: 445064 0x4E42371: ???
    n1: 445064 0x4E41B54: ???
     n1: 445064 0x4E47364: ???
      n1: 445064 0x4E4C528: ???
       n1: 445064 0x4E4D817: ???
        n0: 445064 0x4012EF: main (in /home/jenkins/workspace/build/linux/bin/benchmark_plugingetset)
 n3: 185792 0x4E5C684: ???
  n1: 160000 0x4E56675: ???
   n1: 160000 0x4E4C5A6: ???
    n1: 160000 0x4E4D817: ???
     n0: 160000 0x4012EF: main (in /home/jenkins/workspace/build/linux/bin/benchmark_plugingetset)
  n0: 13576 in 13 places, all below massif's threshold (1.00%)
  n1: 12216 0x4E5C8F2: ???
   n0: 12216 in 3 places, all below massif's threshold (1.00%)
 n1: 72704 0x4F06454: ??? (in /usr/lib/x86_64-linux-gnu/libstdc++.so.6.0.25)
  n1: 72704 0x400F378: call_init.part.0 (dl-init.c:72)
   n1: 72704 0x400F474: _dl_init (dl-init.c:118)
    n1: 72704 0x40132D1: dl_open_worker (dl-open.c:517)
     n1: 72704 0x49AEB2D: _dl_catch_exception (dl-error-skeleton.c:196)
      n1: 72704 0x4012BB8: _dl_open (dl-open.c:599)
       n1: 72704 0x4876254: dlopen_doit (dlopen.c:66)
        n1: 72704 0x49AEB2D: _dl_catch_exception (dl-error-skeleton.c:196)
         n1: 72704 0x49AEBBD: _dl_catch_error (dl-error-skeleton.c:215)
          n1: 72704 0x4876973: _dlerror_run (dlerror.c:163)
           n1: 72704 0x48762E4: dlopen@@GLIBC_2.2.5 (dlopen.c:87)
            n1: 72704 0x4860341: elektraModulesLoad (in /home/jenkins/workspace/build/linux/lib/libelektra-core.so.0.8.26)
             n1: 72704 0x4849B7D: elektraPluginOpen (in /home/jenkins/workspace/build/linux/lib/libelektra-kdb.so.0.8.26)
              n0: 72704 0x4012D3: main (in /home/jenkins/workspace/build/linux/bin/benchmark_plugingetset)
 n0: 29043 in 65 places, all below massif's threshold (1.00%)
 n1: 26208 0x4E45908: ???
  n0: 26208 in 3 places, all below massif's threshold (1.00%)
 n1: 26136 0x4E45EBD: ???
  n1: 26136 0x4E479C6: ???
   n1: 26136 0x4E566E4: ???
    n1: 26136 0x4E4C5A6: ???
     n1: 26136 0x4E4D817: ???
      n0: 26136 0x4012EF: main (in /home/jenkins/workspace/build/linux/bin/benchmark_plugingetset)
 n2: 22297 0x4F94D1D: std::__cxx11::basic_string<char, std::char_traits<char>, std::allocator<char> >::_M_assign(std::__cxx11::basic_string<char, std::char_traits<char>, std::allocator<char> > const&) (in /usr/lib/x86_64-linux-gnu/libstdc++.so.6.0.25)
  n1: 22254 0x4E44241: ???
   n1: 22254 0x4E4C554: ???
    n1: 22254 0x4E4D817: ???
     n0: 22254 0x4012EF: main (in /home/jenkins/workspace/build/linux/bin/benchmark_plugingetset)
  n0: 43 in 1 place, below massif's threshold (1.00%)
 n1: 18576 0x4E462C8: ???
  n1: 18576 0x4E479C6: ???
   n1: 18576 0x4E566E4: ???
    n1: 18576 0x4E4C5A6: ???
     n1: 18576 0x4E4D817: ???
      n0: 18576 0x4012EF: main (in /home/jenkins/workspace/build/linux/bin/benchmark_plugingetset)
 n1: 17928 0x4E45569: ???
  n1: 17928 0x4E45AD4: ???
   n1: 17928 0x4E479C6: ???
    n1: 17928 0x4E566E4: ???
     n1: 17928 0x4E4C5A6: ???
      n1: 17928 0x4E4D817: ???
       n0: 17928 0x4012EF: main (in /home/jenkins/workspace/build/linux/bin/benchmark_plugingetset)
 n1: 17897 0x4E436AF: ???
  n0: 17897 in 3 places, all below massif's threshold (1.00%)
 n1: 13312 0x4E47AEE: ???
  n1: 13312 0x4E566E4: ???
   n1: 13312 0x4E4C5A6: ???
    n1: 13312 0x4E4D817: ???
     n0: 13312 0x4012EF: main (in /home/jenkins/workspace/build/linux/bin/benchmark_plugingetset)
 n2: 11448 0x4E46F65: ???
  n1: 11376 0x4E479C6: ???
   n1: 11376 0x4E566E4: ???
    n1: 11376 0x4E4C5A6: ???
     n1: 11376 0x4E4D817: ???
      n0: 11376 0x4012EF: main (in /home/jenkins/workspace/build/linux/bin/benchmark_plugingetset)
  n0: 72 in 1 place, below massif's threshold (1.00%)
 n1: 11160 0x4E46B9F: ???
  n1: 11160 0x4E479C6: ???
   n1: 11160 0x4E566E4: ???
    n1: 11160 0x4E4C5A6: ???
     n1: 11160 0x4E4D817: ???
      n0: 11160 0x4012EF: main (in /home/jenkins/workspace/build/linux/bin/benchmark_plugingetset)
 n1: 11088 0x4E469A4: ???
  n1: 11088 0x4E479C6: ???
   n1: 11088 0x4E566E4: ???
    n1: 11088 0x4E4C5A6: ???
     n1: 11088 0x4E4D817: ???
      n0: 11088 0x4012EF: main (in /home/jenkins/workspace/build/linux/bin/benchmark_plugingetset)
#-----------
snapshot=23
#-----------
time=10477226
mem_heap_B=948656
mem_heap_extra_B=39816
mem_stacks_B=0
heap_tree=empty
#-----------
snapshot=24
#-----------
time=10719995
mem_heap_B=1268960
mem_heap_extra_B=39864
mem_stacks_B=0
heap_tree=empty
#-----------
snapshot=25
#-----------
time=11089718
mem_heap_B=1646029
mem_heap_extra_B=41867
mem_stacks_B=0
heap_tree=empty
#-----------
snapshot=26
#-----------
time=11288595
mem_heap_B=1659229
mem_heap_extra_B=41971
mem_stacks_B=0
heap_tree=empty
#-----------
snapshot=27
#-----------
time=11579060
mem_heap_B=1683373
mem_heap_extra_B=42075
mem_stacks_B=0
heap_tree=empty
#-----------
snapshot=28
#-----------
time=11891774
mem_heap_B=1699909
mem_heap_extra_B=42235
mem_stacks_B=0
heap_tree=empty
#-----------
snapshot=29
#-----------
time=12156120
mem_heap_B=1706773
mem_heap_extra_B=42339
mem_stacks_B=0
heap_tree=empty
#-----------
snapshot=30
#-----------
time=12376692
mem_heap_B=1844332
mem_heap_extra_B=42588
mem_stacks_B=0
heap_tree=detailed
n11: 1844332 (heap allocation functions) malloc/new/new[], --alloc-fns, etc.
 n5: 943773 0x4E5C684: ???
  n6: 636680 0x4E5C8F2: ???
   n1: 240088 0x4E4FE1D: ???
    n1: 240088 0x4E5684B: ???
     n1: 240088 0x4E4C5A6: ???
      n1: 240088 0x4E4D817: ???
       n0: 240088 0x4012EF: main (in /home/jenkins/workspace/build/linux/bin/benchmark_plugingetset)
   n1: 160088 0x4E4FD99: ???
    n1: 160088 0x4E5684B: ???
     n1: 160088 0x4E4C5A6: ???
      n1: 160088 0x4E4D817: ???
       n0: 160088 0x4012EF: main (in /home/jenkins/workspace/build/linux/bin/benchmark_plugingetset)
   n1: 160088 0x4E4FDD4: ???
    n1: 160088 0x4E5684B: ???
     n1: 160088 0x4E4C5A6: ???
      n1: 160088 0x4E4D817: ???
       n0: 160088 0x4012EF: main (in /home/jenkins/workspace/build/linux/bin/benchmark_plugingetset)
   n0: 28240 in 4 places, all below massif's threshold (1.00%)
   n1: 24088 0x4E50080: ???
    n1: 24088 0x4E5684B: ???
     n1: 24088 0x4E4C5A6: ???
      n1: 24088 0x4E4D817: ???
       n0: 24088 0x4012EF: main (in /home/jenkins/workspace/build/linux/bin/benchmark_plugingetset)
   n1: 24088 0x4E500BD: ???
    n1: 24088 0x4E5684B: ???
     n1: 24088 0x4E4C5A6: ???
      n1: 24088 0x4E4D817: ???
       n0: 24088 0x4012EF: main (in /home/jenkins/workspace/build/linux/bin/benchmark_plugingetset)
  n1: 160000 0x4E56675: ???
   n1: 160000 0x4E4C5A6: ???
    n1: 160000 0x4E4D817: ???
     n0: 160000 0x4012EF: main (in /home/jenkins/workspace/build/linux/bin/benchmark_plugingetset)
  n0: 59768 in 22 places, all below massif's threshold (1.00%)
  n2: 58013 0x4E5CDA2: ???
   n0: 37421 in 17 places, all below massif's threshold (1.00%)
   n1: 20592 0x4E57293: ???
    n1: 20592 0x4E4C5A6: ???
     n1: 20592 0x4E4D817: ???
      n0: 20592 0x4012EF: main (in /home/jenkins/workspace/build/linux/bin/benchmark_plugingetset)
  n1: 29312 0x4E5686E: ???
   n1: 29312 0x4E4C5A6: ???
    n1: 29312 0x4E4D817: ???
     n0: 29312 0x4012EF: main (in /home/jenkins/workspace/build/linux/bin/benchmark_plugingetset)
 n1: 445064 0x4E429AD: ???
  n1: 445064 0x4E425EA: ???
   n1: 445064 0x4E42371: ???
    n1: 445064 0x4E41B54: ???
     n1: 445064 0x4E47364: ???
      n1: 445064 0x4E4C528: ???
       n1: 445064 0x4E4D817: ???
        n0: 445064 0x4012EF: main (in /home/jenkins/workspace/build/linux/bin/benchmark_plugingetset)
 n1: 162423 0x4E5C798: ???
  n2: 162423 0x4E5CF3E: ???
   n2: 162423 0x4E50789: ???
    n1: 129498 0x4E543C5: ???
     n1: 129498 0x4E573A3: ???
      n1: 129498 0x4E4C5A6: ???
       n1: 129498 0x4E4D817: ???
        n0: 129498 0x4012EF: main (in /home/jenkins/workspace/build/linux/bin/benchmark_plugingetset)
    n1: 32925 0x4E53ED6: ???
     n1: 32925 0x4E573A3: ???
      n1: 32925 0x4E4C5A6: ???
       n1: 32925 0x4E4D817: ???
        n0: 32925 0x4012EF: main (in /home/jenkins/workspace/build/linux/bin/benchmark_plugingetset)
   n0: 0 in 1 place, below massif's threshold (1.00%)
 n0: 83336 in 97 places, all below massif's threshold (1.00%)
 n1: 72704 0x4F06454: ??? (in /usr/lib/x86_64-linux-gnu/libstdc++.so.6.0.25)
  n1: 72704 0x400F378: call_init.part.0 (dl-init.c:72)
   n1: 72704 0x400F474: _dl_init (dl-init.c:118)
    n1: 72704 0x40132D1: dl_open_worker (dl-open.c:517)
     n1: 72704 0x49AEB2D: _dl_catch_exception (dl-error-skeleton.c:196)
      n1: 72704 0x4012BB8: _dl_open (dl-open.c:599)
       n1: 72704 0x4876254: dlopen_doit (dlopen.c:66)
        n1: 72704 0x49AEB2D: _dl_catch_exception (dl-error-skeleton.c:196)
         n1: 72704 0x49AEBBD: _dl_catch_error (dl-error-skeleton.c:215)
          n1: 72704 0x4876973: _dlerror_run (dlerror.c:163)
           n1: 72704 0x48762E4: dlopen@@GLIBC_2.2.5 (dlopen.c:87)
            n1: 72704 0x4860341: elektraModulesLoad (in /home/jenkins/workspace/build/linux/lib/libelektra-core.so.0.8.26)
             n1: 72704 0x4849B7D: elektraPluginOpen (in /home/jenkins/workspace/build/linux/lib/libelektra-kdb.so.0.8.26)
              n0: 72704 0x4012D3: main (in /home/jenkins/workspace/build/linux/bin/benchmark_plugingetset)
 n1: 27936 0x4E45908: ???
  n0: 27936 in 3 places, all below massif's threshold (1.00%)
 n1: 27936 0x4E45EBD: ???
  n1: 27936 0x4E479C6: ???
   n1: 27936 0x4E566E4: ???
    n1: 27936 0x4E4C5A6: ???
     n1: 27936 0x4E4D817: ???
      n0: 27936 0x4012EF: main (in /home/jenkins/workspace/build/linux/bin/benchmark_plugingetset)
 n2: 22297 0x4F94D1D: std::__cxx11::basic_string<char, std::char_traits<char>, std::allocator<char> >::_M_assign(std::__cxx11::basic_string<char, std::char_traits<char>, std::allocator<char> > const&) (in /usr/lib/x86_64-linux-gnu/libstdc++.so.6.0.25)
  n1: 22254 0x4E44241: ???
   n1: 22254 0x4E4C554: ???
    n1: 22254 0x4E4D817: ???
     n0: 22254 0x4012EF: main (in /home/jenkins/workspace/build/linux/bin/benchmark_plugingetset)
  n0: 43 in 1 place, below massif's threshold (1.00%)
 n2: 19872 0x4E45569: ???
  n1: 19800 0x4E45AD4: ???
   n1: 19800 0x4E479C6: ???
    n1: 19800 0x4E566E4: ???
     n1: 19800 0x4E4C5A6: ???
      n1: 19800 0x4E4D817: ???
       n0: 19800 0x4012EF: main (in /home/jenkins/workspace/build/linux/bin/benchmark_plugingetset)
  n0: 72 in 1 place, below massif's threshold (1.00%)
 n1: 19872 0x4E462C8: ???
  n1: 19872 0x4E479C6: ???
   n1: 19872 0x4E566E4: ???
    n1: 19872 0x4E4C5A6: ???
     n1: 19872 0x4E4D817: ???
      n0: 19872 0x4012EF: main (in /home/jenkins/workspace/build/linux/bin/benchmark_plugingetset)
 n1: 19119 0x4E436AF: ???
  n0: 19119 in 3 places, all below massif's threshold (1.00%)
#-----------
snapshot=31
#-----------
time=12618348
mem_heap_B=1867201
mem_heap_extra_B=46311
mem_stacks_B=0
heap_tree=empty
#-----------
snapshot=32
#-----------
time=12846023
mem_heap_B=1881753
mem_heap_extra_B=49727
mem_stacks_B=0
heap_tree=empty
#-----------
snapshot=33
#-----------
time=13076273
mem_heap_B=1897129
mem_heap_extra_B=53223
mem_stacks_B=0
heap_tree=empty
#-----------
snapshot=34
#-----------
time=13309816
mem_heap_B=1913721
mem_heap_extra_B=56687
mem_stacks_B=0
heap_tree=empty
#-----------
snapshot=35
#-----------
time=13465641
mem_heap_B=1923217
mem_heap_extra_B=58871
mem_stacks_B=0
heap_tree=peak
n11: 1923217 (heap allocation functions) malloc/new/new[], --alloc-fns, etc.
 n5: 954557 0x4E5C684: ???
  n6: 636680 0x4E5C8F2: ???
   n1: 240088 0x4E4FE1D: ???
    n1: 240088 0x4E5684B: ???
     n1: 240088 0x4E4C5A6: ???
      n1: 240088 0x4E4D817: ???
       n0: 240088 0x4012EF: main (in /home/jenkins/workspace/build/linux/bin/benchmark_plugingetset)
   n1: 160088 0x4E4FD99: ???
    n1: 160088 0x4E5684B: ???
     n1: 160088 0x4E4C5A6: ???
      n1: 160088 0x4E4D817: ???
       n0: 160088 0x4012EF: main (in /home/jenkins/workspace/build/linux/bin/benchmark_plugingetset)
   n1: 160088 0x4E4FDD4: ???
    n1: 160088 0x4E5684B: ???
     n1: 160088 0x4E4C5A6: ???
      n1: 160088 0x4E4D817: ???
       n0: 160088 0x4012EF: main (in /home/jenkins/workspace/build/linux/bin/benchmark_plugingetset)
   n0: 28240 in 4 places, all below massif's threshold (1.00%)
   n1: 24088 0x4E50080: ???
    n1: 24088 0x4E5684B: ???
     n1: 24088 0x4E4C5A6: ???
      n1: 24088 0x4E4D817: ???
       n0: 24088 0x4012EF: main (in /home/jenkins/workspace/build/linux/bin/benchmark_plugingetset)
   n1: 24088 0x4E500BD: ???
    n1: 24088 0x4E5684B: ???
     n1: 24088 0x4E4C5A6: ???
      n1: 24088 0x4E4D817: ???
       n0: 24088 0x4012EF: main (in /home/jenkins/workspace/build/linux/bin/benchmark_plugingetset)
  n1: 160000 0x4E56675: ???
   n1: 160000 0x4E4C5A6: ???
    n1: 160000 0x4E4D817: ???
     n0: 160000 0x4012EF: main (in /home/jenkins/workspace/build/linux/bin/benchmark_plugingetset)
  n2: 66461 0x4E5CDA2: ???
   n0: 45869 in 19 places, all below massif's threshold (1.00%)
   n1: 20592 0x4E57293: ???
    n1: 20592 0x4E4C5A6: ???
     n1: 20592 0x4E4D817: ???
      n0: 20592 0x4012EF: main (in /home/jenkins/workspace/build/linux/bin/benchmark_plugingetset)
  n0: 62104 in 23 places, all below massif's threshold (1.00%)
  n1: 29312 0x4E5686E: ???
   n1: 29312 0x4E4C5A6: ???
    n1: 29312 0x4E4D817: ???
     n0: 29312 0x4012EF: main (in /home/jenkins/workspace/build/linux/bin/benchmark_plugingetset)
 n1: 445064 0x4E429AD: ???
  n1: 445064 0x4E425EA: ???
   n1: 445064 0x4E42371: ???
    n1: 445064 0x4E41B54: ???
     n1: 445064 0x4E47364: ???
      n1: 445064 0x4E4C528: ???
       n1: 445064 0x4E4D817: ???
        n0: 445064 0x4012EF: main (in /home/jenkins/workspace/build/linux/bin/benchmark_plugingetset)
 n1: 162423 0x4E5C798: ???
  n2: 162423 0x4E5CF3E: ???
   n2: 162423 0x4E50789: ???
    n1: 129498 0x4E543C5: ???
     n1: 129498 0x4E573A3: ???
      n1: 129498 0x4E4C5A6: ???
       n1: 129498 0x4E4D817: ???
        n0: 129498 0x4012EF: main (in /home/jenkins/workspace/build/linux/bin/benchmark_plugingetset)
    n1: 32925 0x4E53ED6: ???
     n1: 32925 0x4E573A3: ???
      n1: 32925 0x4E4C5A6: ???
       n1: 32925 0x4E4D817: ???
        n0: 32925 0x4012EF: main (in /home/jenkins/workspace/build/linux/bin/benchmark_plugingetset)
   n0: 0 in 1 place, below massif's threshold (1.00%)
 n0: 102471 in 100 places, all below massif's threshold (1.00%)
 n1: 72704 0x4F06454: ??? (in /usr/lib/x86_64-linux-gnu/libstdc++.so.6.0.25)
  n1: 72704 0x400F378: call_init.part.0 (dl-init.c:72)
   n1: 72704 0x400F474: _dl_init (dl-init.c:118)
    n1: 72704 0x40132D1: dl_open_worker (dl-open.c:517)
     n1: 72704 0x49AEB2D: _dl_catch_exception (dl-error-skeleton.c:196)
      n1: 72704 0x4012BB8: _dl_open (dl-open.c:599)
       n1: 72704 0x4876254: dlopen_doit (dlopen.c:66)
        n1: 72704 0x49AEB2D: _dl_catch_exception (dl-error-skeleton.c:196)
         n1: 72704 0x49AEBBD: _dl_catch_error (dl-error-skeleton.c:215)
          n1: 72704 0x4876973: _dlerror_run (dlerror.c:163)
           n1: 72704 0x48762E4: dlopen@@GLIBC_2.2.5 (dlopen.c:87)
            n1: 72704 0x4860341: elektraModulesLoad (in /home/jenkins/workspace/build/linux/lib/libelektra-core.so.0.8.26)
             n1: 72704 0x4849B7D: elektraPluginOpen (in /home/jenkins/workspace/build/linux/lib/libelektra-kdb.so.0.8.26)
              n0: 72704 0x4012D3: main (in /home/jenkins/workspace/build/linux/bin/benchmark_plugingetset)
 n2: 68085 0x4E5037A: ???
  n1: 52000 0x4E584AA: ???
   n1: 52000 0x4E4C5A6: ???
    n1: 52000 0x4E4D817: ???
     n0: 52000 0x4012EF: main (in /home/jenkins/workspace/build/linux/bin/benchmark_plugingetset)
  n0: 16085 in 4 places, all below massif's threshold (1.00%)
 n1: 27936 0x4E45908: ???
  n0: 27936 in 3 places, all below massif's threshold (1.00%)
 n1: 27936 0x4E45EBD: ???
  n1: 27936 0x4E479C6: ???
   n1: 27936 0x4E566E4: ???
    n1: 27936 0x4E4C5A6: ???
     n1: 27936 0x4E4D817: ???
      n0: 27936 0x4012EF: main (in /home/jenkins/workspace/build/linux/bin/benchmark_plugingetset)
 n2: 22297 0x4F94D1D: std::__cxx11::basic_string<char, std::char_traits<char>, std::allocator<char> >::_M_assign(std::__cxx11::basic_string<char, std::char_traits<char>, std::allocator<char> > const&) (in /usr/lib/x86_64-linux-gnu/libstdc++.so.6.0.25)
  n1: 22254 0x4E44241: ???
   n1: 22254 0x4E4C554: ???
    n1: 22254 0x4E4D817: ???
     n0: 22254 0x4012EF: main (in /home/jenkins/workspace/build/linux/bin/benchmark_plugingetset)
  n0: 43 in 1 place, below massif's threshold (1.00%)
 n1: 19872 0x4E45569: ???
  n0: 19872 in 2 places, all below massif's threshold (1.00%)
 n1: 19872 0x4E462C8: ???
  n1: 19872 0x4E479C6: ???
   n1: 19872 0x4E566E4: ???
    n1: 19872 0x4E4C5A6: ???
     n1: 19872 0x4E4D817: ???
      n0: 19872 0x4012EF: main (in /home/jenkins/workspace/build/linux/bin/benchmark_plugingetset)
#-----------
snapshot=36
#-----------
time=13683350
mem_heap_B=862679
mem_heap_extra_B=56321
mem_stacks_B=0
heap_tree=empty
#-----------
snapshot=37
#-----------
time=13986544
mem_heap_B=874220
mem_heap_extra_B=56868
mem_stacks_B=0
heap_tree=empty
#-----------
snapshot=38
#-----------
time=14181137
mem_heap_B=872117
mem_heap_extra_B=56883
mem_stacks_B=0
heap_tree=empty
#-----------
snapshot=39
#-----------
time=14447759
mem_heap_B=879533
mem_heap_extra_B=57411
mem_stacks_B=0
heap_tree=empty
#-----------
snapshot=40
#-----------
time=14736627
mem_heap_B=883039
mem_heap_extra_B=57785
mem_stacks_B=0
heap_tree=empty
#-----------
snapshot=41
#-----------
time=14974456
mem_heap_B=886796
mem_heap_extra_B=58252
mem_stacks_B=0
heap_tree=empty
#-----------
snapshot=42
#-----------
time=15242001
mem_heap_B=894215
mem_heap_extra_B=58897
mem_stacks_B=0
heap_tree=empty
#-----------
snapshot=43
#-----------
time=15549646
mem_heap_B=899102
mem_heap_extra_B=59202
mem_stacks_B=0
heap_tree=empty
#-----------
snapshot=44
#-----------
time=15820161
mem_heap_B=904581
mem_heap_extra_B=59691
mem_stacks_B=0
heap_tree=empty
#-----------
snapshot=45
#-----------
time=16070259
mem_heap_B=908417
mem_heap_extra_B=60199
mem_stacks_B=0
heap_tree=empty
#-----------
snapshot=46
#-----------
time=16358858
mem_heap_B=910758
mem_heap_extra_B=60306
mem_stacks_B=0
heap_tree=empty
#-----------
snapshot=47
#-----------
time=16661285
mem_heap_B=917136
mem_heap_extra_B=60864
mem_stacks_B=0
heap_tree=empty
#-----------
snapshot=48
#-----------
time=16942619
mem_heap_B=922197
mem_heap_extra_B=61219
mem_stacks_B=0
heap_tree=empty
#-----------
snapshot=49
#-----------
time=17222683
mem_heap_B=732801
mem_heap_extra_B=20743
mem_stacks_B=0
heap_tree=empty
#-----------
snapshot=50
#-----------
time=17224349
mem_heap_B=729788
mem_heap_extra_B=19996
mem_stacks_B=0
heap_tree=empty
#-----------
snapshot=51
#-----------
time=17225983
mem_heap_B=726847
mem_heap_extra_B=19241
mem_stacks_B=0
heap_tree=empty
#-----------
snapshot=52
#-----------
time=17227649
mem_heap_B=723805
mem_heap_extra_B=18451
mem_stacks_B=0
heap_tree=empty
#-----------
snapshot=53
#-----------
time=17229294
mem_heap_B=720829
mem_heap_extra_B=17699
mem_stacks_B=0
heap_tree=empty
#-----------
snapshot=54
#-----------
time=17230959
mem_heap_B=717818
mem_heap_extra_B=16926
mem_stacks_B=0
heap_tree=empty
#-----------
snapshot=55
#-----------
time=17232615
mem_heap_B=714807
mem_heap_extra_B=16177
mem_stacks_B=0
heap_tree=detailed
n7: 714807 (heap allocation functions) malloc/new/new[], --alloc-fns, etc.
 n1: 445064 0x4E429AD: ???
  n1: 445064 0x4E425EA: ???
   n1: 445064 0x4E42371: ???
    n1: 445064 0x4E41B54: ???
     n1: 445064 0x4E47364: ???
      n1: 445064 0x4E4C528: ???
       n1: 445064 0x4E4D817: ???
        n0: 445064 0x4012EF: main (in /home/jenkins/workspace/build/linux/bin/benchmark_plugingetset)
 n1: 72704 0x4F06454: ??? (in /usr/lib/x86_64-linux-gnu/libstdc++.so.6.0.25)
  n1: 72704 0x400F378: call_init.part.0 (dl-init.c:72)
   n1: 72704 0x400F474: _dl_init (dl-init.c:118)
    n1: 72704 0x40132D1: dl_open_worker (dl-open.c:517)
     n1: 72704 0x49AEB2D: _dl_catch_exception (dl-error-skeleton.c:196)
      n1: 72704 0x4012BB8: _dl_open (dl-open.c:599)
       n1: 72704 0x4876254: dlopen_doit (dlopen.c:66)
        n1: 72704 0x49AEB2D: _dl_catch_exception (dl-error-skeleton.c:196)
         n1: 72704 0x49AEBBD: _dl_catch_error (dl-error-skeleton.c:215)
          n1: 72704 0x4876973: _dlerror_run (dlerror.c:163)
           n1: 72704 0x48762E4: dlopen@@GLIBC_2.2.5 (dlopen.c:87)
            n1: 72704 0x4860341: elektraModulesLoad (in /home/jenkins/workspace/build/linux/lib/libelektra-core.so.0.8.26)
             n1: 72704 0x4849B7D: elektraPluginOpen (in /home/jenkins/workspace/build/linux/lib/libelektra-kdb.so.0.8.26)
              n0: 72704 0x4012D3: main (in /home/jenkins/workspace/build/linux/bin/benchmark_plugingetset)
 n0: 69149 in 114 places, all below massif's threshold (1.00%)
 n3: 55632 0x4E5C684: ???
  n1: 29312 0x4E5686E: ???
   n1: 29312 0x4E4C5A6: ???
    n1: 29312 0x4E4D817: ???
     n0: 29312 0x4012EF: main (in /home/jenkins/workspace/build/linux/bin/benchmark_plugingetset)
  n0: 14104 in 25 places, all below massif's threshold (1.00%)
  n2: 12216 0x4E5C8F2: ???
   n1: 8072 0x4E4FA28: ???
    n1: 8072 0x4E5C267: ???
     n1: 8072 0x4E4C3C2: ???
      n1: 8072 0x4E4D817: ???
       n0: 8072 0x4012EF: main (in /home/jenkins/workspace/build/linux/bin/benchmark_plugingetset)
   n0: 4144 in 8 places, all below massif's threshold (1.00%)
 n2: 49730 0x48589D0: elektraRealloc (in /home/jenkins/workspace/build/linux/lib/libelektra-core.so.0.8.26)
  n2: 48660 0x485B06A: keyAddBaseName (in /home/jenkins/workspace/build/linux/lib/libelektra-core.so.0.8.26)
   n1: 48604 0x4E49D76: ???
    n1: 48604 0x4E49676: ???
     n2: 48604 0x4E49496: ???
      n1: 48604 0x4E49496: ???
       n2: 48604 0x4E49496: ???
        n2: 48500 0x4E49496: ???
         n2: 48500 0x4E49496: ???
          n2: 48500 0x4E49496: ???
           n2: 48500 0x4E49496: ???
            n2: 48396 0x4E49496: ???
             n2: 47966 0x4E49496: ???
              n2: 47210 0x4E49496: ???
               n2: 47032 0x4E49496: ???
                n2: 46854 0x4E49496: ???
                 n2: 46498 0x4E49496: ???
                  n2: 44528 0x4E49496: ???
                   n2: 43550 0x4E49496: ???
                    n2: 43298 0x4E49496: ???
                     n2: 42498 0x4E49496: ???
                      n2: 41594 0x4E49496: ???
                       n2: 40838 0x4E49496: ???
                        n2: 40142 0x4E49496: ???
                         n2: 38898 0x4E49496: ???
                          n2: 37920 0x4E49496: ???
                           n2: 34290 0x4E49496: ???
                            n2: 34186 0x4E49496: ???
                             n2: 33386 0x4E49496: ???
                              n0: 31964 0x4E49496: ???
                              n0: 1422 in 1 place, below massif's threshold (1.00%)
                             n0: 800 in 1 place, below massif's threshold (1.00%)
                            n0: 104 in 1 place, below massif's threshold (1.00%)
                           n0: 3630 in 1 place, below massif's threshold (1.00%)
                          n0: 978 in 1 place, below massif's threshold (1.00%)
                         n0: 1244 in 1 place, below massif's threshold (1.00%)
                        n0: 696 in 1 place, below massif's threshold (1.00%)
                       n0: 756 in 1 place, below massif's threshold (1.00%)
                      n0: 904 in 1 place, below massif's threshold (1.00%)
                     n0: 800 in 1 place, below massif's threshold (1.00%)
                    n0: 252 in 1 place, below massif's threshold (1.00%)
                   n0: 978 in 1 place, below massif's threshold (1.00%)
                  n0: 1970 in 1 place, below massif's threshold (1.00%)
                 n0: 356 in 1 place, below massif's threshold (1.00%)
                n0: 178 in 1 place, below massif's threshold (1.00%)
               n0: 178 in 1 place, below massif's threshold (1.00%)
              n0: 756 in 1 place, below massif's threshold (1.00%)
             n0: 430 in 1 place, below massif's threshold (1.00%)
            n0: 104 in 1 place, below massif's threshold (1.00%)
           n0: 0 in 1 place, below massif's threshold (1.00%)
          n0: 0 in 1 place, below massif's threshold (1.00%)
         n0: 0 in 1 place, below massif's threshold (1.00%)
        n0: 104 in 1 place, below massif's threshold (1.00%)
      n0: 0 in 1 place, below massif's threshold (1.00%)
   n0: 56 in 1 place, below massif's threshold (1.00%)
  n0: 1070 in 2 places, all below massif's threshold (1.00%)
 n1: 14336 0x4E47AEE: ???
  n1: 14336 0x4E566E4: ???
   n1: 14336 0x4E4C5A6: ???
    n1: 14336 0x4E4D817: ???
     n0: 14336 0x4012EF: main (in /home/jenkins/workspace/build/linux/bin/benchmark_plugingetset)
 n1: 8192 0x4F628F6: std::basic_filebuf<char, std::char_traits<char> >::_M_allocate_internal_buffer() (in /usr/lib/x86_64-linux-gnu/libstdc++.so.6.0.25)
  n1: 8192 0x4F66790: std::basic_filebuf<char, std::char_traits<char> >::open(char const*, std::_Ios_Openmode) (in /usr/lib/x86_64-linux-gnu/libstdc++.so.6.0.25)
   n1: 8192 0x4F6776C: std::basic_ifstream<char, std::char_traits<char> >::basic_ifstream(std::__cxx11::basic_string<char, std::char_traits<char>, std::allocator<char> > const&, std::_Ios_Openmode) (in /usr/lib/x86_64-linux-gnu/libstdc++.so.6.0.25)
    n1: 8192 0x4E4C4CC: ???
     n1: 8192 0x4E4D817: ???
      n0: 8192 0x4012EF: main (in /home/jenkins/workspace/build/linux/bin/benchmark_plugingetset)
#-----------
snapshot=56
#-----------
time=17234274
mem_heap_B=711798
mem_heap_extra_B=15410
mem_stacks_B=0
heap_tree=empty
#-----------
snapshot=57
#-----------
time=17235919
mem_heap_B=708822
mem_heap_extra_B=14658
mem_stacks_B=0
heap_tree=empty
#-----------
snapshot=58
#-----------
time=17237576
mem_heap_B=705778
mem_heap_extra_B=13910
mem_stacks_B=0
heap_tree=empty
#-----------
snapshot=59
#-----------
time=17239241
mem_heap_B=702761
mem_heap_extra_B=13143
mem_stacks_B=0
heap_tree=empty
#-----------
snapshot=60
#-----------
time=17240897
mem_heap_B=699752
mem_heap_extra_B=12392
mem_stacks_B=0
heap_tree=empty
#-----------
snapshot=61
#-----------
time=17242556
mem_heap_B=696743
mem_heap_extra_B=11641
mem_stacks_B=0
heap_tree=empty
#-----------
snapshot=62
#-----------
time=17244206
mem_heap_B=693796
mem_heap_extra_B=10852
mem_stacks_B=0
heap_tree=empty
#-----------
snapshot=63
#-----------
time=17245845
mem_heap_B=690791
mem_heap_extra_B=10097
mem_stacks_B=0
heap_tree=empty
#-----------
snapshot=64
#-----------
time=17247501
mem_heap_B=687780
mem_heap_extra_B=9332
mem_stacks_B=0
heap_tree=empty
#-----------
snapshot=65
#-----------
time=17249168
mem_heap_B=684773
mem_heap_extra_B=8579
mem_stacks_B=0
heap_tree=detailed
n8: 684773 (heap allocation functions) malloc/new/new[], --alloc-fns, etc.
 n1: 445064 0x4E429AD: ???
  n1: 445064 0x4E425EA: ???
   n1: 445064 0x4E42371: ???
    n1: 445064 0x4E41B54: ???
     n1: 445064 0x4E47364: ???
      n1: 445064 0x4E4C528: ???
       n1: 445064 0x4E4D817: ???
        n0: 445064 0x4012EF: main (in /home/jenkins/workspace/build/linux/bin/benchmark_plugingetset)
 n1: 72704 0x4F06454: ??? (in /usr/lib/x86_64-linux-gnu/libstdc++.so.6.0.25)
  n1: 72704 0x400F378: call_init.part.0 (dl-init.c:72)
   n1: 72704 0x400F474: _dl_init (dl-init.c:118)
    n1: 72704 0x40132D1: dl_open_worker (dl-open.c:517)
     n1: 72704 0x49AEB2D: _dl_catch_exception (dl-error-skeleton.c:196)
      n1: 72704 0x4012BB8: _dl_open (dl-open.c:599)
       n1: 72704 0x4876254: dlopen_doit (dlopen.c:66)
        n1: 72704 0x49AEB2D: _dl_catch_exception (dl-error-skeleton.c:196)
         n1: 72704 0x49AEBBD: _dl_catch_error (dl-error-skeleton.c:215)
          n1: 72704 0x4876973: _dlerror_run (dlerror.c:163)
           n1: 72704 0x48762E4: dlopen@@GLIBC_2.2.5 (dlopen.c:87)
            n1: 72704 0x4860341: elektraModulesLoad (in /home/jenkins/workspace/build/linux/lib/libelektra-core.so.0.8.26)
             n1: 72704 0x4849B7D: elektraPluginOpen (in /home/jenkins/workspace/build/linux/lib/libelektra-kdb.so.0.8.26)
              n0: 72704 0x4012D3: main (in /home/jenkins/workspace/build/linux/bin/benchmark_plugingetset)
 n3: 55632 0x4E5C684: ???
  n1: 29312 0x4E5686E: ???
   n1: 29312 0x4E4C5A6: ???
    n1: 29312 0x4E4D817: ???
     n0: 29312 0x4012EF: main (in /home/jenkins/workspace/build/linux/bin/benchmark_plugingetset)
  n0: 14104 in 25 places, all below massif's threshold (1.00%)
  n2: 12216 0x4E5C8F2: ???
   n1: 8072 0x4E4FA28: ???
    n1: 8072 0x4E5C267: ???
     n1: 8072 0x4E4C3C2: ???
      n1: 8072 0x4E4D817: ???
       n0: 8072 0x4012EF: main (in /home/jenkins/workspace/build/linux/bin/benchmark_plugingetset)
   n0: 4144 in 8 places, all below massif's threshold (1.00%)
 n2: 49730 0x48589D0: elektraRealloc (in /home/jenkins/workspace/build/linux/lib/libelektra-core.so.0.8.26)
  n2: 48660 0x485B06A: keyAddBaseName (in /home/jenkins/workspace/build/linux/lib/libelektra-core.so.0.8.26)
   n1: 48604 0x4E49D76: ???
    n1: 48604 0x4E49676: ???
     n2: 48604 0x4E49496: ???
      n1: 48604 0x4E49496: ???
       n2: 48604 0x4E49496: ???
        n2: 48500 0x4E49496: ???
         n2: 48500 0x4E49496: ???
          n2: 48500 0x4E49496: ???
           n2: 48500 0x4E49496: ???
            n2: 48396 0x4E49496: ???
             n2: 47966 0x4E49496: ???
              n2: 47210 0x4E49496: ???
               n2: 47032 0x4E49496: ???
                n2: 46854 0x4E49496: ???
                 n2: 46498 0x4E49496: ???
                  n2: 44528 0x4E49496: ???
                   n2: 43550 0x4E49496: ???
                    n2: 43298 0x4E49496: ???
                     n2: 42498 0x4E49496: ???
                      n2: 41594 0x4E49496: ???
                       n2: 40838 0x4E49496: ???
                        n2: 40142 0x4E49496: ???
                         n2: 38898 0x4E49496: ???
                          n2: 37920 0x4E49496: ???
                           n2: 34290 0x4E49496: ???
                            n2: 34186 0x4E49496: ???
                             n2: 33386 0x4E49496: ???
                              n0: 31964 0x4E49496: ???
                              n0: 1422 in 1 place, below massif's threshold (1.00%)
                             n0: 800 in 1 place, below massif's threshold (1.00%)
                            n0: 104 in 1 place, below massif's threshold (1.00%)
                           n0: 3630 in 1 place, below massif's threshold (1.00%)
                          n0: 978 in 1 place, below massif's threshold (1.00%)
                         n0: 1244 in 1 place, below massif's threshold (1.00%)
                        n0: 696 in 1 place, below massif's threshold (1.00%)
                       n0: 756 in 1 place, below massif's threshold (1.00%)
                      n0: 904 in 1 place, below massif's threshold (1.00%)
                     n0: 800 in 1 place, below massif's threshold (1.00%)
                    n0: 252 in 1 place, below massif's threshold (1.00%)
                   n0: 978 in 1 place, below massif's threshold (1.00%)
                  n0: 1970 in 1 place, below massif's threshold (1.00%)
                 n0: 356 in 1 place, below massif's threshold (1.00%)
                n0: 178 in 1 place, below massif's threshold (1.00%)
               n0: 178 in 1 place, below massif's threshold (1.00%)
              n0: 756 in 1 place, below massif's threshold (1.00%)
             n0: 430 in 1 place, below massif's threshold (1.00%)
            n0: 104 in 1 place, below massif's threshold (1.00%)
           n0: 0 in 1 place, below massif's threshold (1.00%)
          n0: 0 in 1 place, below massif's threshold (1.00%)
         n0: 0 in 1 place, below massif's threshold (1.00%)
        n0: 104 in 1 place, below massif's threshold (1.00%)
      n0: 0 in 1 place, below massif's threshold (1.00%)
   n0: 56 in 1 place, below massif's threshold (1.00%)
  n0: 1070 in 2 places, all below massif's threshold (1.00%)
 n0: 31883 in 113 places, all below massif's threshold (1.00%)
 n1: 14336 0x4E47AEE: ???
  n1: 14336 0x4E566E4: ???
   n1: 14336 0x4E4C5A6: ???
    n1: 14336 0x4E4D817: ???
     n0: 14336 0x4012EF: main (in /home/jenkins/workspace/build/linux/bin/benchmark_plugingetset)
 n1: 8192 0x4F628F6: std::basic_filebuf<char, std::char_traits<char> >::_M_allocate_internal_buffer() (in /usr/lib/x86_64-linux-gnu/libstdc++.so.6.0.25)
  n1: 8192 0x4F66790: std::basic_filebuf<char, std::char_traits<char> >::open(char const*, std::_Ios_Openmode) (in /usr/lib/x86_64-linux-gnu/libstdc++.so.6.0.25)
   n1: 8192 0x4F6776C: std::basic_ifstream<char, std::char_traits<char> >::basic_ifstream(std::__cxx11::basic_string<char, std::char_traits<char>, std::allocator<char> > const&, std::_Ios_Openmode) (in /usr/lib/x86_64-linux-gnu/libstdc++.so.6.0.25)
    n1: 8192 0x4E4C4CC: ???
     n1: 8192 0x4E4D817: ???
      n0: 8192 0x4012EF: main (in /home/jenkins/workspace/build/linux/bin/benchmark_plugingetset)
 n1: 7232 0x4859433: keyVNew (in /home/jenkins/workspace/build/linux/lib/libelektra-core.so.0.8.26)
  n1: 7232 0x4E4AFE8: ???
   n1: 7232 0x4E49D47: ???
    n1: 7232 0x4E49676: ???
     n2: 7232 0x4E49496: ???
      n1: 7232 0x4E49496: ???
       n2: 7232 0x4E49496: ???
        n2: 7168 0x4E49496: ???
         n2: 7168 0x4E49496: ???
          n2: 7168 0x4E49496: ???
           n2: 7168 0x4E49496: ???
            n2: 7104 0x4E49496: ???
             n1: 6976 0x4E49496: ???
              n0: 6976 in 2 places, all below massif's threshold (1.00%)
             n0: 128 in 1 place, below massif's threshold (1.00%)
            n0: 64 in 1 place, below massif's threshold (1.00%)
           n0: 0 in 1 place, below massif's threshold (1.00%)
          n0: 0 in 1 place, below massif's threshold (1.00%)
         n0: 0 in 1 place, below massif's threshold (1.00%)
        n0: 64 in 1 place, below massif's threshold (1.00%)
      n0: 0 in 1 place, below massif's threshold (1.00%)
#-----------
snapshot=66
#-----------
time=17250830
mem_heap_B=681832
mem_heap_extra_B=7808
mem_stacks_B=0
heap_tree=empty
#-----------
snapshot=67
#-----------
time=17252470
mem_heap_B=678930
mem_heap_extra_B=7070
mem_stacks_B=0
heap_tree=empty
#-----------
snapshot=68
#-----------
time=17254105
mem_heap_B=669187
mem_heap_extra_B=6445
mem_stacks_B=0
heap_tree=empty
#-----------
snapshot=69
#-----------
time=17255771
mem_heap_B=168075
mem_heap_extra_B=6157
mem_stacks_B=0
heap_tree=empty
#-----------
snapshot=70
#-----------
time=17258690
mem_heap_B=149355
mem_heap_extra_B=5845
mem_stacks_B=0
heap_tree=empty
#-----------
snapshot=71
#-----------
time=17261713
mem_heap_B=149225
mem_heap_extra_B=5839
mem_stacks_B=0
heap_tree=empty
#-----------
snapshot=72
#-----------
time=17265067
mem_heap_B=149211
mem_heap_extra_B=5829
mem_stacks_B=0
heap_tree=empty
#-----------
snapshot=73
#-----------
time=17270130
mem_heap_B=149243
mem_heap_extra_B=5837
mem_stacks_B=0
heap_tree=empty
#-----------
snapshot=74
#-----------
time=17272961
mem_heap_B=145648
mem_heap_extra_B=5624
mem_stacks_B=0
heap_tree=empty
#-----------
snapshot=75
#-----------
time=17275359
mem_heap_B=144880
mem_heap_extra_B=5592
mem_stacks_B=0
heap_tree=detailed
n8: 144880 (heap allocation functions) malloc/new/new[], --alloc-fns, etc.
 n1: 72704 0x4F06454: ??? (in /usr/lib/x86_64-linux-gnu/libstdc++.so.6.0.25)
  n1: 72704 0x400F378: call_init.part.0 (dl-init.c:72)
   n1: 72704 0x400F474: _dl_init (dl-init.c:118)
    n1: 72704 0x40132D1: dl_open_worker (dl-open.c:517)
     n1: 72704 0x49AEB2D: _dl_catch_exception (dl-error-skeleton.c:196)
      n1: 72704 0x4012BB8: _dl_open (dl-open.c:599)
       n1: 72704 0x4876254: dlopen_doit (dlopen.c:66)
        n1: 72704 0x49AEB2D: _dl_catch_exception (dl-error-skeleton.c:196)
         n1: 72704 0x49AEBBD: _dl_catch_error (dl-error-skeleton.c:215)
          n1: 72704 0x4876973: _dlerror_run (dlerror.c:163)
           n1: 72704 0x48762E4: dlopen@@GLIBC_2.2.5 (dlopen.c:87)
            n1: 72704 0x4860341: elektraModulesLoad (in /home/jenkins/workspace/build/linux/lib/libelektra-core.so.0.8.26)
             n1: 72704 0x4849B7D: elektraPluginOpen (in /home/jenkins/workspace/build/linux/lib/libelektra-kdb.so.0.8.26)
              n0: 72704 0x4012D3: main (in /home/jenkins/workspace/build/linux/bin/benchmark_plugingetset)
 n2: 49628 0x48589D0: elektraRealloc (in /home/jenkins/workspace/build/linux/lib/libelektra-core.so.0.8.26)
  n2: 48604 0x485B06A: keyAddBaseName (in /home/jenkins/workspace/build/linux/lib/libelektra-core.so.0.8.26)
   n1: 48604 0x4E49D76: ???
    n1: 48604 0x4E49676: ???
     n2: 48604 0x4E49496: ???
      n1: 48604 0x4E49496: ???
       n2: 48604 0x4E49496: ???
        n2: 48500 0x4E49496: ???
         n2: 48500 0x4E49496: ???
          n2: 48500 0x4E49496: ???
           n2: 48500 0x4E49496: ???
            n2: 48396 0x4E49496: ???
             n2: 47966 0x4E49496: ???
              n2: 47210 0x4E49496: ???
               n2: 47032 0x4E49496: ???
                n2: 46854 0x4E49496: ???
                 n2: 46498 0x4E49496: ???
                  n2: 44528 0x4E49496: ???
                   n2: 43550 0x4E49496: ???
                    n2: 43298 0x4E49496: ???
                     n2: 42498 0x4E49496: ???
                      n2: 41594 0x4E49496: ???
                       n2: 40838 0x4E49496: ???
                        n2: 40142 0x4E49496: ???
                         n2: 38898 0x4E49496: ???
                          n2: 37920 0x4E49496: ???
                           n2: 34290 0x4E49496: ???
                            n2: 34186 0x4E49496: ???
                             n2: 33386 0x4E49496: ???
                              n0: 31964 0x4E49496: ???
                              n0: 1422 in 1 place, below massif's threshold (1.00%)
                             n0: 800 in 1 place, below massif's threshold (1.00%)
                            n0: 104 in 1 place, below massif's threshold (1.00%)
                           n1: 3630 0x4E4C8A3: ???
                            n1: 3630 0x4E4D817: ???
                             n0: 3630 0x4012EF: main (in /home/jenkins/workspace/build/linux/bin/benchmark_plugingetset)
                          n0: 978 in 1 place, below massif's threshold (1.00%)
                         n0: 1244 in 1 place, below massif's threshold (1.00%)
                        n0: 696 in 1 place, below massif's threshold (1.00%)
                       n0: 756 in 1 place, below massif's threshold (1.00%)
                      n0: 904 in 1 place, below massif's threshold (1.00%)
                     n0: 800 in 1 place, below massif's threshold (1.00%)
                    n0: 252 in 1 place, below massif's threshold (1.00%)
                   n0: 978 in 1 place, below massif's threshold (1.00%)
                  n1: 1970 0x4E4C8A3: ???
                   n1: 1970 0x4E4D817: ???
                    n0: 1970 0x4012EF: main (in /home/jenkins/workspace/build/linux/bin/benchmark_plugingetset)
                 n0: 356 in 1 place, below massif's threshold (1.00%)
                n0: 178 in 1 place, below massif's threshold (1.00%)
               n0: 178 in 1 place, below massif's threshold (1.00%)
              n0: 756 in 1 place, below massif's threshold (1.00%)
             n0: 430 in 1 place, below massif's threshold (1.00%)
            n0: 104 in 1 place, below massif's threshold (1.00%)
           n0: 0 in 1 place, below massif's threshold (1.00%)
          n0: 0 in 1 place, below massif's threshold (1.00%)
         n0: 0 in 1 place, below massif's threshold (1.00%)
        n0: 104 in 1 place, below massif's threshold (1.00%)
      n0: 0 in 1 place, below massif's threshold (1.00%)
   n0: 0 in 1 place, below massif's threshold (1.00%)
  n0: 1024 in 2 places, all below massif's threshold (1.00%)
 n1: 7232 0x4859433: keyVNew (in /home/jenkins/workspace/build/linux/lib/libelektra-core.so.0.8.26)
  n1: 7232 0x4E4AFE8: ???
   n1: 7232 0x4E49D47: ???
    n1: 7232 0x4E49676: ???
     n2: 7232 0x4E49496: ???
      n1: 7232 0x4E49496: ???
       n2: 7232 0x4E49496: ???
        n2: 7168 0x4E49496: ???
         n2: 7168 0x4E49496: ???
          n2: 7168 0x4E49496: ???
           n2: 7168 0x4E49496: ???
            n2: 7104 0x4E49496: ???
             n2: 6976 0x4E49496: ???
              n2: 6784 0x4E49496: ???
               n2: 6720 0x4E49496: ???
                n2: 6656 0x4E49496: ???
                 n2: 6528 0x4E49496: ???
                  n2: 6272 0x4E49496: ???
                   n2: 6080 0x4E49496: ???
                    n2: 6016 0x4E49496: ???
                     n2: 5888 0x4E49496: ???
                      n2: 5696 0x4E49496: ???
                       n2: 5504 0x4E49496: ???
                        n2: 5440 0x4E49496: ???
                         n2: 5312 0x4E49496: ???
                          n2: 5120 0x4E49496: ???
                           n2: 4480 0x4E49496: ???
                            n2: 4416 0x4E49496: ???
                             n2: 4288 0x4E49496: ???
                              n0: 4096 0x4E49496: ???
                              n0: 192 in 1 place, below massif's threshold (1.00%)
                             n0: 128 in 1 place, below massif's threshold (1.00%)
                            n0: 64 in 1 place, below massif's threshold (1.00%)
                           n0: 640 in 1 place, below massif's threshold (1.00%)
                          n0: 192 in 1 place, below massif's threshold (1.00%)
                         n0: 128 in 1 place, below massif's threshold (1.00%)
                        n0: 64 in 1 place, below massif's threshold (1.00%)
                       n0: 192 in 1 place, below massif's threshold (1.00%)
                      n0: 192 in 1 place, below massif's threshold (1.00%)
                     n0: 128 in 1 place, below massif's threshold (1.00%)
                    n0: 64 in 1 place, below massif's threshold (1.00%)
                   n0: 192 in 1 place, below massif's threshold (1.00%)
                  n0: 256 in 1 place, below massif's threshold (1.00%)
                 n0: 128 in 1 place, below massif's threshold (1.00%)
                n0: 64 in 1 place, below massif's threshold (1.00%)
               n0: 64 in 1 place, below massif's threshold (1.00%)
              n0: 192 in 1 place, below massif's threshold (1.00%)
             n0: 128 in 1 place, below massif's threshold (1.00%)
            n0: 64 in 1 place, below massif's threshold (1.00%)
           n0: 0 in 1 place, below massif's threshold (1.00%)
          n0: 0 in 1 place, below massif's threshold (1.00%)
         n0: 0 in 1 place, below massif's threshold (1.00%)
        n0: 64 in 1 place, below massif's threshold (1.00%)
      n0: 0 in 1 place, below massif's threshold (1.00%)
 n2: 4144 0x485EE00: keySetRaw (in /home/jenkins/workspace/build/linux/lib/libelektra-core.so.0.8.26)
  n2: 4144 0x485ECE2: keySetString (in /home/jenkins/workspace/build/linux/lib/libelektra-core.so.0.8.26)
   n1: 4144 0x4E49AB4: ???
    n1: 4144 0x4E495B0: ???
     n1: 4144 0x4E49496: ???
      n1: 4144 0x4E49496: ???
       n1: 4144 0x4E49496: ???
        n1: 4144 0x4E49496: ???
         n1: 4144 0x4E49496: ???
          n1: 4144 0x4E49496: ???
           n2: 4144 0x4E49496: ???
            n2: 4107 0x4E49496: ???
             n2: 4033 0x4E49496: ???
              n2: 3922 0x4E49496: ???
               n2: 3885 0x4E49496: ???
                n2: 3848 0x4E49496: ???
                 n2: 3774 0x4E49496: ???
                  n2: 3626 0x4E49496: ???
                   n2: 3515 0x4E49496: ???
                    n2: 3478 0x4E49496: ???
                     n2: 3404 0x4E49496: ???
                      n2: 3293 0x4E49496: ???
                       n2: 3182 0x4E49496: ???
                        n2: 3145 0x4E49496: ???
                         n2: 3071 0x4E49496: ???
                          n2: 2960 0x4E49496: ???
                           n2: 2590 0x4E49496: ???
                            n2: 2553 0x4E49496: ???
                             n2: 2479 0x4E49496: ???
                              n0: 2368 0x4E49496: ???
                              n0: 111 in 1 place, below massif's threshold (1.00%)
                             n0: 74 in 1 place, below massif's threshold (1.00%)
                            n0: 37 in 1 place, below massif's threshold (1.00%)
                           n0: 370 in 1 place, below massif's threshold (1.00%)
                          n0: 111 in 1 place, below massif's threshold (1.00%)
                         n0: 74 in 1 place, below massif's threshold (1.00%)
                        n0: 37 in 1 place, below massif's threshold (1.00%)
                       n0: 111 in 1 place, below massif's threshold (1.00%)
                      n0: 111 in 1 place, below massif's threshold (1.00%)
                     n0: 74 in 1 place, below massif's threshold (1.00%)
                    n0: 37 in 1 place, below massif's threshold (1.00%)
                   n0: 111 in 1 place, below massif's threshold (1.00%)
                  n0: 148 in 1 place, below massif's threshold (1.00%)
                 n0: 74 in 1 place, below massif's threshold (1.00%)
                n0: 37 in 1 place, below massif's threshold (1.00%)
               n0: 37 in 1 place, below massif's threshold (1.00%)
              n0: 111 in 1 place, below massif's threshold (1.00%)
             n0: 74 in 1 place, below massif's threshold (1.00%)
            n0: 37 in 1 place, below massif's threshold (1.00%)
   n0: 0 in 1 place, below massif's threshold (1.00%)
  n0: 0 in 1 place, below massif's threshold (1.00%)
 n1: 4064 0x400A095: do_lookup_x (dl-lookup.c:253)
  n1: 4064 0x400A38D: _dl_lookup_symbol_x (dl-lookup.c:814)
   n1: 4064 0x400BD5C: _dl_relocate_object (dl-machine.h:308)
    n1: 4064 0x401319C: dl_open_worker (dl-open.c:377)
     n1: 4064 0x49AEB2D: _dl_catch_exception (dl-error-skeleton.c:196)
      n1: 4064 0x4012BB8: _dl_open (dl-open.c:599)
       n1: 4064 0x4876254: dlopen_doit (dlopen.c:66)
        n1: 4064 0x49AEB2D: _dl_catch_exception (dl-error-skeleton.c:196)
         n1: 4064 0x49AEBBD: _dl_catch_error (dl-error-skeleton.c:215)
          n1: 4064 0x4876973: _dlerror_run (dlerror.c:163)
           n1: 4064 0x48762E4: dlopen@@GLIBC_2.2.5 (dlopen.c:87)
            n1: 4064 0x4860341: elektraModulesLoad (in /home/jenkins/workspace/build/linux/lib/libelektra-core.so.0.8.26)
             n1: 4064 0x4849B7D: elektraPluginOpen (in /home/jenkins/workspace/build/linux/lib/libelektra-kdb.so.0.8.26)
              n0: 4064 0x4012D3: main (in /home/jenkins/workspace/build/linux/bin/benchmark_plugingetset)
 n1: 3567 0x400B2AC: _dl_new_object (dl-object.c:73)
  n1: 3567 0x4005E46: _dl_map_object_from_fd (dl-load.c:1001)
   n2: 3567 0x4008A8B: _dl_map_object (dl-load.c:2466)
    n1: 3567 0x400D290: openaux (dl-deps.c:64)
     n1: 3567 0x49AEB2D: _dl_catch_exception (dl-error-skeleton.c:196)
      n1: 3567 0x400D604: _dl_map_object_deps (dl-deps.c:248)
       n1: 3567 0x401304E: dl_open_worker (dl-open.c:271)
        n1: 3567 0x49AEB2D: _dl_catch_exception (dl-error-skeleton.c:196)
         n1: 3567 0x4012BB8: _dl_open (dl-open.c:599)
          n1: 3567 0x4876254: dlopen_doit (dlopen.c:66)
           n1: 3567 0x49AEB2D: _dl_catch_exception (dl-error-skeleton.c:196)
            n1: 3567 0x49AEBBD: _dl_catch_error (dl-error-skeleton.c:215)
             n1: 3567 0x4876973: _dlerror_run (dlerror.c:163)
              n1: 3567 0x48762E4: dlopen@@GLIBC_2.2.5 (dlopen.c:87)
               n1: 3567 0x4860341: elektraModulesLoad (in /home/jenkins/workspace/build/linux/lib/libelektra-core.so.0.8.26)
                n1: 3567 0x4849B7D: elektraPluginOpen (in /home/jenkins/workspace/build/linux/lib/libelektra-kdb.so.0.8.26)
                 n0: 3567 0x4012D3: main (in /home/jenkins/workspace/build/linux/bin/benchmark_plugingetset)
    n0: 0 in 1 place, below massif's threshold (1.00%)
 n1: 2064 0x4010A1E: _dl_check_map_versions (dl-version.c:274)
  n1: 2064 0x4013094: dl_open_worker (dl-open.c:277)
   n1: 2064 0x49AEB2D: _dl_catch_exception (dl-error-skeleton.c:196)
    n1: 2064 0x4012BB8: _dl_open (dl-open.c:599)
     n1: 2064 0x4876254: dlopen_doit (dlopen.c:66)
      n1: 2064 0x49AEB2D: _dl_catch_exception (dl-error-skeleton.c:196)
       n1: 2064 0x49AEBBD: _dl_catch_error (dl-error-skeleton.c:215)
        n1: 2064 0x4876973: _dlerror_run (dlerror.c:163)
         n1: 2064 0x48762E4: dlopen@@GLIBC_2.2.5 (dlopen.c:87)
          n1: 2064 0x4860341: elektraModulesLoad (in /home/jenkins/workspace/build/linux/lib/libelektra-core.so.0.8.26)
           n1: 2064 0x4849B7D: elektraPluginOpen (in /home/jenkins/workspace/build/linux/lib/libelektra-kdb.so.0.8.26)
            n0: 2064 0x4012D3: main (in /home/jenkins/workspace/build/linux/bin/benchmark_plugingetset)
 n0: 1477 in 114 places, all below massif's threshold (1.00%)
#-----------
snapshot=76
#-----------
time=17277002
mem_heap_B=137952
mem_heap_extra_B=5120
mem_stacks_B=0
heap_tree=empty
#-----------
snapshot=77
#-----------
time=17278682
mem_heap_B=131062
mem_heap_extra_B=4642
mem_stacks_B=0
heap_tree=empty
#-----------
snapshot=78
#-----------
time=17280316
mem_heap_B=122907
mem_heap_extra_B=4133
mem_stacks_B=0
heap_tree=empty
#-----------
snapshot=79
#-----------
time=17281962
mem_heap_B=118351
mem_heap_extra_B=3673
mem_stacks_B=0
heap_tree=empty
#-----------
snapshot=80
#-----------
time=17283642
mem_heap_B=111387
mem_heap_extra_B=3205
mem_stacks_B=0
heap_tree=empty
#-----------
snapshot=81
#-----------
time=17285276
mem_heap_B=106414
mem_heap_extra_B=2698
mem_stacks_B=0
heap_tree=empty
#-----------
snapshot=82
#-----------
time=17286922
mem_heap_B=103412
mem_heap_extra_B=2236
mem_stacks_B=0
heap_tree=empty
#-----------
snapshot=83
#-----------
time=17288602
mem_heap_B=98816
mem_heap_extra_B=1752
mem_stacks_B=0
heap_tree=empty
#-----------
snapshot=84
#-----------
time=17290298
mem_heap_B=95109
mem_heap_extra_B=1307
mem_stacks_B=0
heap_tree=empty
#-----------
snapshot=85
#-----------
time=17291932
mem_heap_B=89988
mem_heap_extra_B=836
mem_stacks_B=0
heap_tree=detailed
n6: 89988 (heap allocation functions) malloc/new/new[], --alloc-fns, etc.
 n1: 72704 0x4F06454: ??? (in /usr/lib/x86_64-linux-gnu/libstdc++.so.6.0.25)
  n1: 72704 0x400F378: call_init.part.0 (dl-init.c:72)
   n1: 72704 0x400F474: _dl_init (dl-init.c:118)
    n1: 72704 0x40132D1: dl_open_worker (dl-open.c:517)
     n1: 72704 0x49AEB2D: _dl_catch_exception (dl-error-skeleton.c:196)
      n1: 72704 0x4012BB8: _dl_open (dl-open.c:599)
       n1: 72704 0x4876254: dlopen_doit (dlopen.c:66)
        n1: 72704 0x49AEB2D: _dl_catch_exception (dl-error-skeleton.c:196)
         n1: 72704 0x49AEBBD: _dl_catch_error (dl-error-skeleton.c:215)
          n1: 72704 0x4876973: _dlerror_run (dlerror.c:163)
           n1: 72704 0x48762E4: dlopen@@GLIBC_2.2.5 (dlopen.c:87)
            n1: 72704 0x4860341: elektraModulesLoad (in /home/jenkins/workspace/build/linux/lib/libelektra-core.so.0.8.26)
             n1: 72704 0x4849B7D: elektraPluginOpen (in /home/jenkins/workspace/build/linux/lib/libelektra-kdb.so.0.8.26)
              n0: 72704 0x4012D3: main (in /home/jenkins/workspace/build/linux/bin/benchmark_plugingetset)
 n3: 5720 0x48589D0: elektraRealloc (in /home/jenkins/workspace/build/linux/lib/libelektra-core.so.0.8.26)
  n2: 4696 0x485B06A: keyAddBaseName (in /home/jenkins/workspace/build/linux/lib/libelektra-core.so.0.8.26)
   n1: 4696 0x4E49D76: ???
    n1: 4696 0x4E49676: ???
     n2: 4696 0x4E49496: ???
      n1: 4696 0x4E49496: ???
       n2: 4696 0x4E49496: ???
        n2: 4696 0x4E49496: ???
         n2: 4696 0x4E49496: ???
          n2: 4696 0x4E49496: ???
           n2: 4696 0x4E49496: ???
            n2: 4696 0x4E49496: ???
             n2: 4696 0x4E49496: ???
              n2: 4696 0x4E49496: ???
               n2: 4696 0x4E49496: ???
                n2: 4696 0x4E49496: ???
                 n2: 4696 0x4E49496: ???
                  n2: 4370 0x4E49496: ???
                   n2: 4118 0x4E49496: ???
                    n2: 4118 0x4E49496: ???
                     n2: 3718 0x4E49496: ???
                      n2: 3244 0x4E49496: ???
                       n2: 2844 0x4E49496: ???
                        n2: 2844 0x4E49496: ???
                         n2: 2844 0x4E49496: ???
                          n2: 2844 0x4E49496: ???
                           n1: 1466 0x4E4C8A3: ???
                            n1: 1466 0x4E4D817: ???
                             n0: 1466 0x4012EF: main (in /home/jenkins/workspace/build/linux/bin/benchmark_plugingetset)
                           n2: 1378 0x4E49496: ???
                            n2: 1378 0x4E49496: ???
                             n2: 1378 0x4E49496: ???
                              n0: 1378 0x4E49496: ???
                              n0: 0 in 1 place, below massif's threshold (1.00%)
                             n0: 0 in 1 place, below massif's threshold (1.00%)
                            n0: 0 in 1 place, below massif's threshold (1.00%)
                          n0: 0 in 1 place, below massif's threshold (1.00%)
                         n0: 0 in 1 place, below massif's threshold (1.00%)
                        n0: 0 in 1 place, below massif's threshold (1.00%)
                       n0: 400 in 1 place, below massif's threshold (1.00%)
                      n0: 474 in 1 place, below massif's threshold (1.00%)
                     n0: 400 in 1 place, below massif's threshold (1.00%)
                    n0: 0 in 1 place, below massif's threshold (1.00%)
                   n0: 252 in 1 place, below massif's threshold (1.00%)
                  n0: 326 in 1 place, below massif's threshold (1.00%)
                 n0: 0 in 1 place, below massif's threshold (1.00%)
                n0: 0 in 1 place, below massif's threshold (1.00%)
               n0: 0 in 1 place, below massif's threshold (1.00%)
              n0: 0 in 1 place, below massif's threshold (1.00%)
             n0: 0 in 1 place, below massif's threshold (1.00%)
            n0: 0 in 1 place, below massif's threshold (1.00%)
           n0: 0 in 1 place, below massif's threshold (1.00%)
          n0: 0 in 1 place, below massif's threshold (1.00%)
         n0: 0 in 1 place, below massif's threshold (1.00%)
        n0: 0 in 1 place, below massif's threshold (1.00%)
      n0: 0 in 1 place, below massif's threshold (1.00%)
   n0: 0 in 1 place, below massif's threshold (1.00%)
  n2: 1024 0x485C254: ksResize (in /home/jenkins/workspace/build/linux/lib/libelektra-core.so.0.8.26)
   n1: 1024 0x485BA76: ksAppend (in /home/jenkins/workspace/build/linux/lib/libelektra-core.so.0.8.26)
    n1: 1024 0x4E4C8BF: ???
     n1: 1024 0x4E4D817: ???
      n0: 1024 0x4012EF: main (in /home/jenkins/workspace/build/linux/bin/benchmark_plugingetset)
   n0: 0 in 1 place, below massif's threshold (1.00%)
  n0: 0 in 1 place, below massif's threshold (1.00%)
 n1: 4064 0x400A095: do_lookup_x (dl-lookup.c:253)
  n1: 4064 0x400A38D: _dl_lookup_symbol_x (dl-lookup.c:814)
   n1: 4064 0x400BD5C: _dl_relocate_object (dl-machine.h:308)
    n1: 4064 0x401319C: dl_open_worker (dl-open.c:377)
     n1: 4064 0x49AEB2D: _dl_catch_exception (dl-error-skeleton.c:196)
      n1: 4064 0x4012BB8: _dl_open (dl-open.c:599)
       n1: 4064 0x4876254: dlopen_doit (dlopen.c:66)
        n1: 4064 0x49AEB2D: _dl_catch_exception (dl-error-skeleton.c:196)
         n1: 4064 0x49AEBBD: _dl_catch_error (dl-error-skeleton.c:215)
          n1: 4064 0x4876973: _dlerror_run (dlerror.c:163)
           n1: 4064 0x48762E4: dlopen@@GLIBC_2.2.5 (dlopen.c:87)
            n1: 4064 0x4860341: elektraModulesLoad (in /home/jenkins/workspace/build/linux/lib/libelektra-core.so.0.8.26)
             n1: 4064 0x4849B7D: elektraPluginOpen (in /home/jenkins/workspace/build/linux/lib/libelektra-kdb.so.0.8.26)
              n0: 4064 0x4012D3: main (in /home/jenkins/workspace/build/linux/bin/benchmark_plugingetset)
 n1: 3567 0x400B2AC: _dl_new_object (dl-object.c:73)
  n1: 3567 0x4005E46: _dl_map_object_from_fd (dl-load.c:1001)
   n2: 3567 0x4008A8B: _dl_map_object (dl-load.c:2466)
    n1: 3567 0x400D290: openaux (dl-deps.c:64)
     n1: 3567 0x49AEB2D: _dl_catch_exception (dl-error-skeleton.c:196)
      n1: 3567 0x400D604: _dl_map_object_deps (dl-deps.c:248)
       n1: 3567 0x401304E: dl_open_worker (dl-open.c:271)
        n1: 3567 0x49AEB2D: _dl_catch_exception (dl-error-skeleton.c:196)
         n1: 3567 0x4012BB8: _dl_open (dl-open.c:599)
          n1: 3567 0x4876254: dlopen_doit (dlopen.c:66)
           n1: 3567 0x49AEB2D: _dl_catch_exception (dl-error-skeleton.c:196)
            n1: 3567 0x49AEBBD: _dl_catch_error (dl-error-skeleton.c:215)
             n1: 3567 0x4876973: _dlerror_run (dlerror.c:163)
              n1: 3567 0x48762E4: dlopen@@GLIBC_2.2.5 (dlopen.c:87)
               n1: 3567 0x4860341: elektraModulesLoad (in /home/jenkins/workspace/build/linux/lib/libelektra-core.so.0.8.26)
                n1: 3567 0x4849B7D: elektraPluginOpen (in /home/jenkins/workspace/build/linux/lib/libelektra-kdb.so.0.8.26)
                 n0: 3567 0x4012D3: main (in /home/jenkins/workspace/build/linux/bin/benchmark_plugingetset)
    n0: 0 in 1 place, below massif's threshold (1.00%)
 n1: 2064 0x4010A1E: _dl_check_map_versions (dl-version.c:274)
  n1: 2064 0x4013094: dl_open_worker (dl-open.c:277)
   n1: 2064 0x49AEB2D: _dl_catch_exception (dl-error-skeleton.c:196)
    n1: 2064 0x4012BB8: _dl_open (dl-open.c:599)
     n1: 2064 0x4876254: dlopen_doit (dlopen.c:66)
      n1: 2064 0x49AEB2D: _dl_catch_exception (dl-error-skeleton.c:196)
       n1: 2064 0x49AEBBD: _dl_catch_error (dl-error-skeleton.c:215)
        n1: 2064 0x4876973: _dlerror_run (dlerror.c:163)
         n1: 2064 0x48762E4: dlopen@@GLIBC_2.2.5 (dlopen.c:87)
          n1: 2064 0x4860341: elektraModulesLoad (in /home/jenkins/workspace/build/linux/lib/libelektra-core.so.0.8.26)
           n1: 2064 0x4849B7D: elektraPluginOpen (in /home/jenkins/workspace/build/linux/lib/libelektra-kdb.so.0.8.26)
            n0: 2064 0x4012D3: main (in /home/jenkins/workspace/build/linux/bin/benchmark_plugingetset)
 n0: 1869 in 116 places, all below massif's threshold (1.00%)
#-----------
snapshot=86
#-----------
time=17293578
mem_heap_B=84470
mem_heap_extra_B=346
mem_stacks_B=0
heap_tree=empty
#-----------
snapshot=87
#-----------
time=17300511
mem_heap_B=82897
mem_heap_extra_B=255
mem_stacks_B=0
heap_tree=empty
