desc: --massif-out-file=results/generated_0_yamlcpp_linux_gcc8.3.0.out
cmd: build/linux/bin/benchmark_plugingetset benchmarks/data/generated_0 user yamlcpp get
time_unit: i
#-----------
snapshot=0
#-----------
time=0
mem_heap_B=0
mem_heap_extra_B=0
mem_stacks_B=0
heap_tree=empty
#-----------
snapshot=1
#-----------
time=209265
mem_heap_B=64
mem_heap_extra_B=8
mem_stacks_B=0
heap_tree=empty
#-----------
snapshot=2
#-----------
time=212311
mem_heap_B=704
mem_heap_extra_B=24
mem_stacks_B=0
heap_tree=empty
#-----------
snapshot=3
#-----------
time=217067
mem_heap_B=1280
mem_heap_extra_B=40
mem_stacks_B=0
heap_tree=empty
#-----------
snapshot=4
#-----------
time=224396
mem_heap_B=1324
mem_heap_extra_B=52
mem_stacks_B=0
heap_tree=empty
#-----------
snapshot=5
#-----------
time=231211
mem_heap_B=1334
mem_heap_extra_B=66
mem_stacks_B=0
heap_tree=empty
#-----------
snapshot=6
#-----------
time=237279
mem_heap_B=1398
mem_heap_extra_B=74
mem_stacks_B=0
heap_tree=empty
#-----------
snapshot=7
#-----------
time=240179
mem_heap_B=1796
mem_heap_extra_B=116
mem_stacks_B=0
heap_tree=empty
#-----------
snapshot=8
#-----------
time=244041
mem_heap_B=1828
mem_heap_extra_B=116
mem_stacks_B=0
heap_tree=empty
#-----------
snapshot=9
#-----------
time=249117
mem_heap_B=1892
mem_heap_extra_B=124
mem_stacks_B=0
heap_tree=empty
#-----------
snapshot=10
#-----------
time=252279
mem_heap_B=1894
mem_heap_extra_B=146
mem_stacks_B=0
heap_tree=empty
#-----------
snapshot=11
#-----------
time=255978
mem_heap_B=2020
mem_heap_extra_B=172
mem_stacks_B=0
heap_tree=empty
#-----------
snapshot=12
#-----------
time=260020
mem_heap_B=2020
mem_heap_extra_B=164
mem_stacks_B=0
heap_tree=empty
#-----------
snapshot=13
#-----------
time=263341
mem_heap_B=2044
mem_heap_extra_B=180
mem_stacks_B=0
heap_tree=empty
#-----------
snapshot=14
#-----------
time=269838
mem_heap_B=2106
mem_heap_extra_B=190
mem_stacks_B=0
heap_tree=empty
#-----------
snapshot=15
#-----------
time=274201
mem_heap_B=3429
mem_heap_extra_B=219
mem_stacks_B=0
heap_tree=empty
#-----------
snapshot=16
#-----------
time=278124
mem_heap_B=4752
mem_heap_extra_B=248
mem_stacks_B=0
heap_tree=empty
#-----------
snapshot=17
#-----------
time=282213
mem_heap_B=6052
mem_heap_extra_B=284
mem_stacks_B=0
heap_tree=empty
#-----------
snapshot=18
#-----------
time=287515
mem_heap_B=7462
mem_heap_extra_B=330
mem_stacks_B=0
heap_tree=empty
#-----------
snapshot=19
#-----------
time=295757
mem_heap_B=7503
mem_heap_extra_B=345
mem_stacks_B=0
heap_tree=empty
#-----------
snapshot=20
#-----------
time=296522
mem_heap_B=8735
mem_heap_extra_B=377
mem_stacks_B=0
heap_tree=empty
#-----------
snapshot=21
#-----------
time=302848
mem_heap_B=8767
mem_heap_extra_B=385
mem_stacks_B=0
heap_tree=empty
#-----------
snapshot=22
#-----------
time=303598
mem_heap_B=9985
mem_heap_extra_B=415
mem_stacks_B=0
heap_tree=detailed
n11: 9985 (heap allocation functions) malloc/new/new[], --alloc-fns, etc.
 n1: 7166 0x400B2AC: _dl_new_object (dl-object.c:73)
  n1: 7166 0x4005E46: _dl_map_object_from_fd (dl-load.c:1001)
   n2: 7166 0x4008A8B: _dl_map_object (dl-load.c:2466)
    n1: 5968 0x400D290: openaux (dl-deps.c:64)
     n1: 5968 0x49B5B2D: _dl_catch_exception (dl-error-skeleton.c:196)
      n1: 5968 0x400D604: _dl_map_object_deps (dl-deps.c:248)
       n1: 5968 0x401304E: dl_open_worker (dl-open.c:271)
        n1: 5968 0x49B5B2D: _dl_catch_exception (dl-error-skeleton.c:196)
         n1: 5968 0x4012BB8: _dl_open (dl-open.c:599)
          n1: 5968 0x487D254: dlopen_doit (dlopen.c:66)
           n1: 5968 0x49B5B2D: _dl_catch_exception (dl-error-skeleton.c:196)
            n1: 5968 0x49B5BBD: _dl_catch_error (dl-error-skeleton.c:215)
             n1: 5968 0x487D973: _dlerror_run (dlerror.c:163)
              n1: 5968 0x487D2E4: dlopen@@GLIBC_2.2.5 (dlopen.c:87)
               n1: 5968 0x48666EB: elektraModulesLoad (in /home/jenkins/workspace/build/linux/lib/libelektra-core.so.0.8.26)
                n1: 5968 0x484FD71: elektraPluginOpen (in /home/jenkins/workspace/build/linux/lib/libelektra-kdb.so.0.8.26)
                 n0: 5968 0x1091E1: main (in /home/jenkins/workspace/build/linux/bin/benchmark_plugingetset)
    n1: 1198 0x4012FE9: dl_open_worker (dl-open.c:228)
     n1: 1198 0x49B5B2D: _dl_catch_exception (dl-error-skeleton.c:196)
      n1: 1198 0x4012BB8: _dl_open (dl-open.c:599)
       n1: 1198 0x487D254: dlopen_doit (dlopen.c:66)
        n1: 1198 0x49B5B2D: _dl_catch_exception (dl-error-skeleton.c:196)
         n1: 1198 0x49B5BBD: _dl_catch_error (dl-error-skeleton.c:215)
          n1: 1198 0x487D973: _dlerror_run (dlerror.c:163)
           n1: 1198 0x487D2E4: dlopen@@GLIBC_2.2.5 (dlopen.c:87)
            n1: 1198 0x48666EB: elektraModulesLoad (in /home/jenkins/workspace/build/linux/lib/libelektra-core.so.0.8.26)
             n1: 1198 0x484FD71: elektraPluginOpen (in /home/jenkins/workspace/build/linux/lib/libelektra-kdb.so.0.8.26)
              n0: 1198 0x1091E1: main (in /home/jenkins/workspace/build/linux/bin/benchmark_plugingetset)
 n1: 1024 0x485EBF6: elektraVFormat (in /home/jenkins/workspace/build/linux/lib/libelektra-core.so.0.8.26)
  n2: 1024 0x485ED2A: elektraFormat (in /home/jenkins/workspace/build/linux/lib/libelektra-core.so.0.8.26)
   n0: 512 0x109162: main (in /home/jenkins/workspace/build/linux/bin/benchmark_plugingetset)
   n0: 512 0x109179: main (in /home/jenkins/workspace/build/linux/bin/benchmark_plugingetset)
 n1: 384 0x4863428: ksVNew (in /home/jenkins/workspace/build/linux/lib/libelektra-core.so.0.8.26)
  n3: 384 0x486356A: ksNew (in /home/jenkins/workspace/build/linux/lib/libelektra-core.so.0.8.26)
   n0: 128 0x10914B: main (in /home/jenkins/workspace/build/linux/bin/benchmark_plugingetset)
   n0: 128 0x1091A0: main (in /home/jenkins/workspace/build/linux/bin/benchmark_plugingetset)
   n0: 128 0x1091AF: main (in /home/jenkins/workspace/build/linux/bin/benchmark_plugingetset)
 n1: 304 0x400B58E: _dl_new_object (dl-object.c:163)
  n1: 304 0x4005E46: _dl_map_object_from_fd (dl-load.c:1001)
   n2: 304 0x4008A8B: _dl_map_object (dl-load.c:2466)
    n1: 242 0x400D290: openaux (dl-deps.c:64)
     n1: 242 0x49B5B2D: _dl_catch_exception (dl-error-skeleton.c:196)
      n1: 242 0x400D604: _dl_map_object_deps (dl-deps.c:248)
       n1: 242 0x401304E: dl_open_worker (dl-open.c:271)
        n1: 242 0x49B5B2D: _dl_catch_exception (dl-error-skeleton.c:196)
         n1: 242 0x4012BB8: _dl_open (dl-open.c:599)
          n1: 242 0x487D254: dlopen_doit (dlopen.c:66)
           n1: 242 0x49B5B2D: _dl_catch_exception (dl-error-skeleton.c:196)
            n1: 242 0x49B5BBD: _dl_catch_error (dl-error-skeleton.c:215)
             n1: 242 0x487D973: _dlerror_run (dlerror.c:163)
              n1: 242 0x487D2E4: dlopen@@GLIBC_2.2.5 (dlopen.c:87)
               n1: 242 0x48666EB: elektraModulesLoad (in /home/jenkins/workspace/build/linux/lib/libelektra-core.so.0.8.26)
                n1: 242 0x484FD71: elektraPluginOpen (in /home/jenkins/workspace/build/linux/lib/libelektra-kdb.so.0.8.26)
                 n0: 242 0x1091E1: main (in /home/jenkins/workspace/build/linux/bin/benchmark_plugingetset)
    n0: 62 in 1 place, below massif's threshold (1.00%)
 n1: 256 0x485F3A2: keyVNew (in /home/jenkins/workspace/build/linux/lib/libelektra-core.so.0.8.26)
  n1: 256 0x485F460: keyNew (in /home/jenkins/workspace/build/linux/lib/libelektra-core.so.0.8.26)
   n0: 256 in 4 places, all below massif's threshold (1.00%)
 n1: 192 0x48633F2: ksVNew (in /home/jenkins/workspace/build/linux/lib/libelektra-core.so.0.8.26)
  n1: 192 0x486356A: ksNew (in /home/jenkins/workspace/build/linux/lib/libelektra-core.so.0.8.26)
   n0: 192 in 3 places, all below massif's threshold (1.00%)
 n1: 186 0x4007798: open_path (dl-load.c:2112)
  n2: 186 0x4008C16: _dl_map_object (dl-load.c:2297)
   n1: 124 0x400D290: openaux (dl-deps.c:64)
    n1: 124 0x49B5B2D: _dl_catch_exception (dl-error-skeleton.c:196)
     n1: 124 0x400D604: _dl_map_object_deps (dl-deps.c:248)
      n1: 124 0x401304E: dl_open_worker (dl-open.c:271)
       n1: 124 0x49B5B2D: _dl_catch_exception (dl-error-skeleton.c:196)
        n1: 124 0x4012BB8: _dl_open (dl-open.c:599)
         n1: 124 0x487D254: dlopen_doit (dlopen.c:66)
          n1: 124 0x49B5B2D: _dl_catch_exception (dl-error-skeleton.c:196)
           n1: 124 0x49B5BBD: _dl_catch_error (dl-error-skeleton.c:215)
            n1: 124 0x487D973: _dlerror_run (dlerror.c:163)
             n1: 124 0x487D2E4: dlopen@@GLIBC_2.2.5 (dlopen.c:87)
              n1: 124 0x48666EB: elektraModulesLoad (in /home/jenkins/workspace/build/linux/lib/libelektra-core.so.0.8.26)
               n1: 124 0x484FD71: elektraPluginOpen (in /home/jenkins/workspace/build/linux/lib/libelektra-kdb.so.0.8.26)
                n0: 124 0x1091E1: main (in /home/jenkins/workspace/build/linux/bin/benchmark_plugingetset)
   n0: 62 in 1 place, below massif's threshold (1.00%)
 n1: 135 0x40081A8: fillin_rpath (dl-load.c:509)
  n1: 135 0x40083BA: decompose_rpath.isra.10 (dl-load.c:631)
   n1: 135 0x4009105: _dl_map_object (dl-load.c:2297)
    n1: 135 0x400D290: openaux (dl-deps.c:64)
     n1: 135 0x49B5B2D: _dl_catch_exception (dl-error-skeleton.c:196)
      n1: 135 0x400D604: _dl_map_object_deps (dl-deps.c:248)
       n1: 135 0x401304E: dl_open_worker (dl-open.c:271)
        n1: 135 0x49B5B2D: _dl_catch_exception (dl-error-skeleton.c:196)
         n1: 135 0x4012BB8: _dl_open (dl-open.c:599)
          n1: 135 0x487D254: dlopen_doit (dlopen.c:66)
           n1: 135 0x49B5B2D: _dl_catch_exception (dl-error-skeleton.c:196)
            n1: 135 0x49B5BBD: _dl_catch_error (dl-error-skeleton.c:215)
             n1: 135 0x487D973: _dlerror_run (dlerror.c:163)
              n1: 135 0x487D2E4: dlopen@@GLIBC_2.2.5 (dlopen.c:87)
               n1: 135 0x48666EB: elektraModulesLoad (in /home/jenkins/workspace/build/linux/lib/libelektra-core.so.0.8.26)
                n1: 135 0x484FD71: elektraPluginOpen (in /home/jenkins/workspace/build/linux/lib/libelektra-kdb.so.0.8.26)
                 n0: 135 0x1091E1: main (in /home/jenkins/workspace/build/linux/bin/benchmark_plugingetset)
 n2: 118 0x401AAD8: strdup (strdup.c:42)
  n1: 118 0x4016065: _dl_load_cache_lookup (dl-cache.c:317)
   n1: 118 0x4008D09: _dl_map_object (dl-load.c:2332)
    n1: 118 0x400D290: openaux (dl-deps.c:64)
     n1: 118 0x49B5B2D: _dl_catch_exception (dl-error-skeleton.c:196)
      n1: 118 0x400D604: _dl_map_object_deps (dl-deps.c:248)
       n1: 118 0x401304E: dl_open_worker (dl-open.c:271)
        n1: 118 0x49B5B2D: _dl_catch_exception (dl-error-skeleton.c:196)
         n1: 118 0x4012BB8: _dl_open (dl-open.c:599)
          n1: 118 0x487D254: dlopen_doit (dlopen.c:66)
           n1: 118 0x49B5B2D: _dl_catch_exception (dl-error-skeleton.c:196)
            n1: 118 0x49B5BBD: _dl_catch_error (dl-error-skeleton.c:215)
             n1: 118 0x487D973: _dlerror_run (dlerror.c:163)
              n1: 118 0x487D2E4: dlopen@@GLIBC_2.2.5 (dlopen.c:87)
               n1: 118 0x48666EB: elektraModulesLoad (in /home/jenkins/workspace/build/linux/lib/libelektra-core.so.0.8.26)
                n1: 118 0x484FD71: elektraPluginOpen (in /home/jenkins/workspace/build/linux/lib/libelektra-kdb.so.0.8.26)
                 n0: 118 0x1091E1: main (in /home/jenkins/workspace/build/linux/bin/benchmark_plugingetset)
  n0: 0 in 2 places, all below massif's threshold (1.00%)
 n0: 112 in 6 places, all below massif's threshold (1.00%)
 n1: 108 0x485EAE2: elektraRealloc (in /home/jenkins/workspace/build/linux/lib/libelektra-core.so.0.8.26)
  n0: 108 in 2 places, all below massif's threshold (1.00%)
#-----------
snapshot=23
#-----------
time=310144
mem_heap_B=10021
mem_heap_extra_B=435
mem_stacks_B=0
heap_tree=empty
#-----------
snapshot=24
#-----------
time=310917
mem_heap_B=11247
mem_heap_extra_B=473
mem_stacks_B=0
heap_tree=empty
#-----------
snapshot=25
#-----------
time=317216
mem_heap_B=11319
mem_heap_extra_B=489
mem_stacks_B=0
heap_tree=empty
#-----------
snapshot=26
#-----------
time=320539
mem_heap_B=11391
mem_heap_extra_B=505
mem_stacks_B=0
heap_tree=empty
#-----------
snapshot=27
#-----------
time=328509
mem_heap_B=11479
mem_heap_extra_B=521
mem_stacks_B=0
heap_tree=empty
#-----------
snapshot=28
#-----------
time=340120
mem_heap_B=11567
mem_heap_extra_B=537
mem_stacks_B=0
heap_tree=empty
#-----------
snapshot=29
#-----------
time=343245
mem_heap_B=11623
mem_heap_extra_B=553
mem_stacks_B=0
heap_tree=empty
#-----------
snapshot=30
#-----------
time=346787
mem_heap_B=11847
mem_heap_extra_B=585
mem_stacks_B=0
heap_tree=detailed
n12: 11847 (heap allocation functions) malloc/new/new[], --alloc-fns, etc.
 n1: 8356 0x400B2AC: _dl_new_object (dl-object.c:73)
  n1: 8356 0x4005E46: _dl_map_object_from_fd (dl-load.c:1001)
   n2: 8356 0x4008A8B: _dl_map_object (dl-load.c:2466)
    n1: 7158 0x400D290: openaux (dl-deps.c:64)
     n1: 7158 0x49B5B2D: _dl_catch_exception (dl-error-skeleton.c:196)
      n1: 7158 0x400D604: _dl_map_object_deps (dl-deps.c:248)
       n1: 7158 0x401304E: dl_open_worker (dl-open.c:271)
        n1: 7158 0x49B5B2D: _dl_catch_exception (dl-error-skeleton.c:196)
         n1: 7158 0x4012BB8: _dl_open (dl-open.c:599)
          n1: 7158 0x487D254: dlopen_doit (dlopen.c:66)
           n1: 7158 0x49B5B2D: _dl_catch_exception (dl-error-skeleton.c:196)
            n1: 7158 0x49B5BBD: _dl_catch_error (dl-error-skeleton.c:215)
             n1: 7158 0x487D973: _dlerror_run (dlerror.c:163)
              n1: 7158 0x487D2E4: dlopen@@GLIBC_2.2.5 (dlopen.c:87)
               n1: 7158 0x48666EB: elektraModulesLoad (in /home/jenkins/workspace/build/linux/lib/libelektra-core.so.0.8.26)
                n1: 7158 0x484FD71: elektraPluginOpen (in /home/jenkins/workspace/build/linux/lib/libelektra-kdb.so.0.8.26)
                 n0: 7158 0x1091E1: main (in /home/jenkins/workspace/build/linux/bin/benchmark_plugingetset)
    n1: 1198 0x4012FE9: dl_open_worker (dl-open.c:228)
     n1: 1198 0x49B5B2D: _dl_catch_exception (dl-error-skeleton.c:196)
      n1: 1198 0x4012BB8: _dl_open (dl-open.c:599)
       n1: 1198 0x487D254: dlopen_doit (dlopen.c:66)
        n1: 1198 0x49B5B2D: _dl_catch_exception (dl-error-skeleton.c:196)
         n1: 1198 0x49B5BBD: _dl_catch_error (dl-error-skeleton.c:215)
          n1: 1198 0x487D973: _dlerror_run (dlerror.c:163)
           n1: 1198 0x487D2E4: dlopen@@GLIBC_2.2.5 (dlopen.c:87)
            n1: 1198 0x48666EB: elektraModulesLoad (in /home/jenkins/workspace/build/linux/lib/libelektra-core.so.0.8.26)
             n1: 1198 0x484FD71: elektraPluginOpen (in /home/jenkins/workspace/build/linux/lib/libelektra-kdb.so.0.8.26)
              n0: 1198 0x1091E1: main (in /home/jenkins/workspace/build/linux/bin/benchmark_plugingetset)
 n1: 1024 0x485EBF6: elektraVFormat (in /home/jenkins/workspace/build/linux/lib/libelektra-core.so.0.8.26)
  n2: 1024 0x485ED2A: elektraFormat (in /home/jenkins/workspace/build/linux/lib/libelektra-core.so.0.8.26)
   n0: 512 0x109162: main (in /home/jenkins/workspace/build/linux/bin/benchmark_plugingetset)
   n0: 512 0x109179: main (in /home/jenkins/workspace/build/linux/bin/benchmark_plugingetset)
 n1: 416 0x400D46A: _dl_map_object_deps (dl-deps.c:438)
  n1: 416 0x401304E: dl_open_worker (dl-open.c:271)
   n1: 416 0x49B5B2D: _dl_catch_exception (dl-error-skeleton.c:196)
    n1: 416 0x4012BB8: _dl_open (dl-open.c:599)
     n1: 416 0x487D254: dlopen_doit (dlopen.c:66)
      n1: 416 0x49B5B2D: _dl_catch_exception (dl-error-skeleton.c:196)
       n1: 416 0x49B5BBD: _dl_catch_error (dl-error-skeleton.c:215)
        n1: 416 0x487D973: _dlerror_run (dlerror.c:163)
         n1: 416 0x487D2E4: dlopen@@GLIBC_2.2.5 (dlopen.c:87)
          n1: 416 0x48666EB: elektraModulesLoad (in /home/jenkins/workspace/build/linux/lib/libelektra-core.so.0.8.26)
           n1: 416 0x484FD71: elektraPluginOpen (in /home/jenkins/workspace/build/linux/lib/libelektra-kdb.so.0.8.26)
            n0: 416 0x1091E1: main (in /home/jenkins/workspace/build/linux/bin/benchmark_plugingetset)
 n1: 384 0x4863428: ksVNew (in /home/jenkins/workspace/build/linux/lib/libelektra-core.so.0.8.26)
  n3: 384 0x486356A: ksNew (in /home/jenkins/workspace/build/linux/lib/libelektra-core.so.0.8.26)
   n0: 128 0x10914B: main (in /home/jenkins/workspace/build/linux/bin/benchmark_plugingetset)
   n0: 128 0x1091A0: main (in /home/jenkins/workspace/build/linux/bin/benchmark_plugingetset)
   n0: 128 0x1091AF: main (in /home/jenkins/workspace/build/linux/bin/benchmark_plugingetset)
 n1: 340 0x400B58E: _dl_new_object (dl-object.c:163)
  n1: 340 0x4005E46: _dl_map_object_from_fd (dl-load.c:1001)
   n2: 340 0x4008A8B: _dl_map_object (dl-load.c:2466)
    n1: 278 0x400D290: openaux (dl-deps.c:64)
     n1: 278 0x49B5B2D: _dl_catch_exception (dl-error-skeleton.c:196)
      n1: 278 0x400D604: _dl_map_object_deps (dl-deps.c:248)
       n1: 278 0x401304E: dl_open_worker (dl-open.c:271)
        n1: 278 0x49B5B2D: _dl_catch_exception (dl-error-skeleton.c:196)
         n1: 278 0x4012BB8: _dl_open (dl-open.c:599)
          n1: 278 0x487D254: dlopen_doit (dlopen.c:66)
           n1: 278 0x49B5B2D: _dl_catch_exception (dl-error-skeleton.c:196)
            n1: 278 0x49B5BBD: _dl_catch_error (dl-error-skeleton.c:215)
             n1: 278 0x487D973: _dlerror_run (dlerror.c:163)
              n1: 278 0x487D2E4: dlopen@@GLIBC_2.2.5 (dlopen.c:87)
               n1: 278 0x48666EB: elektraModulesLoad (in /home/jenkins/workspace/build/linux/lib/libelektra-core.so.0.8.26)
                n1: 278 0x484FD71: elektraPluginOpen (in /home/jenkins/workspace/build/linux/lib/libelektra-kdb.so.0.8.26)
                 n0: 278 0x1091E1: main (in /home/jenkins/workspace/build/linux/bin/benchmark_plugingetset)
    n0: 62 in 1 place, below massif's threshold (1.00%)
 n1: 256 0x485F3A2: keyVNew (in /home/jenkins/workspace/build/linux/lib/libelektra-core.so.0.8.26)
  n1: 256 0x485F460: keyNew (in /home/jenkins/workspace/build/linux/lib/libelektra-core.so.0.8.26)
   n0: 256 in 4 places, all below massif's threshold (1.00%)
 n0: 220 in 7 places, all below massif's threshold (1.00%)
 n1: 192 0x48633F2: ksVNew (in /home/jenkins/workspace/build/linux/lib/libelektra-core.so.0.8.26)
  n1: 192 0x486356A: ksNew (in /home/jenkins/workspace/build/linux/lib/libelektra-core.so.0.8.26)
   n0: 192 in 3 places, all below massif's threshold (1.00%)
 n1: 186 0x4007798: open_path (dl-load.c:2112)
  n2: 186 0x4008C16: _dl_map_object (dl-load.c:2297)
   n1: 124 0x400D290: openaux (dl-deps.c:64)
    n1: 124 0x49B5B2D: _dl_catch_exception (dl-error-skeleton.c:196)
     n1: 124 0x400D604: _dl_map_object_deps (dl-deps.c:248)
      n1: 124 0x401304E: dl_open_worker (dl-open.c:271)
       n1: 124 0x49B5B2D: _dl_catch_exception (dl-error-skeleton.c:196)
        n1: 124 0x4012BB8: _dl_open (dl-open.c:599)
         n1: 124 0x487D254: dlopen_doit (dlopen.c:66)
          n1: 124 0x49B5B2D: _dl_catch_exception (dl-error-skeleton.c:196)
           n1: 124 0x49B5BBD: _dl_catch_error (dl-error-skeleton.c:215)
            n1: 124 0x487D973: _dlerror_run (dlerror.c:163)
             n1: 124 0x487D2E4: dlopen@@GLIBC_2.2.5 (dlopen.c:87)
              n1: 124 0x48666EB: elektraModulesLoad (in /home/jenkins/workspace/build/linux/lib/libelektra-core.so.0.8.26)
               n1: 124 0x484FD71: elektraPluginOpen (in /home/jenkins/workspace/build/linux/lib/libelektra-kdb.so.0.8.26)
                n0: 124 0x1091E1: main (in /home/jenkins/workspace/build/linux/bin/benchmark_plugingetset)
   n0: 62 in 1 place, below massif's threshold (1.00%)
 n1: 184 0x400D904: _dl_map_object_deps (dl-deps.c:479)
  n1: 184 0x401304E: dl_open_worker (dl-open.c:271)
   n1: 184 0x49B5B2D: _dl_catch_exception (dl-error-skeleton.c:196)
    n1: 184 0x4012BB8: _dl_open (dl-open.c:599)
     n1: 184 0x487D254: dlopen_doit (dlopen.c:66)
      n1: 184 0x49B5B2D: _dl_catch_exception (dl-error-skeleton.c:196)
       n1: 184 0x49B5BBD: _dl_catch_error (dl-error-skeleton.c:215)
        n1: 184 0x487D973: _dlerror_run (dlerror.c:163)
         n1: 184 0x487D2E4: dlopen@@GLIBC_2.2.5 (dlopen.c:87)
          n1: 184 0x48666EB: elektraModulesLoad (in /home/jenkins/workspace/build/linux/lib/libelektra-core.so.0.8.26)
           n1: 184 0x484FD71: elektraPluginOpen (in /home/jenkins/workspace/build/linux/lib/libelektra-kdb.so.0.8.26)
            n0: 184 0x1091E1: main (in /home/jenkins/workspace/build/linux/bin/benchmark_plugingetset)
 n2: 154 0x401AAD8: strdup (strdup.c:42)
  n1: 154 0x4016065: _dl_load_cache_lookup (dl-cache.c:317)
   n1: 154 0x4008D09: _dl_map_object (dl-load.c:2332)
    n1: 154 0x400D290: openaux (dl-deps.c:64)
     n1: 154 0x49B5B2D: _dl_catch_exception (dl-error-skeleton.c:196)
      n1: 154 0x400D604: _dl_map_object_deps (dl-deps.c:248)
       n1: 154 0x401304E: dl_open_worker (dl-open.c:271)
        n1: 154 0x49B5B2D: _dl_catch_exception (dl-error-skeleton.c:196)
         n1: 154 0x4012BB8: _dl_open (dl-open.c:599)
          n1: 154 0x487D254: dlopen_doit (dlopen.c:66)
           n1: 154 0x49B5B2D: _dl_catch_exception (dl-error-skeleton.c:196)
            n1: 154 0x49B5BBD: _dl_catch_error (dl-error-skeleton.c:215)
             n1: 154 0x487D973: _dlerror_run (dlerror.c:163)
              n1: 154 0x487D2E4: dlopen@@GLIBC_2.2.5 (dlopen.c:87)
               n1: 154 0x48666EB: elektraModulesLoad (in /home/jenkins/workspace/build/linux/lib/libelektra-core.so.0.8.26)
                n1: 154 0x484FD71: elektraPluginOpen (in /home/jenkins/workspace/build/linux/lib/libelektra-kdb.so.0.8.26)
                 n0: 154 0x1091E1: main (in /home/jenkins/workspace/build/linux/bin/benchmark_plugingetset)
  n0: 0 in 2 places, all below massif's threshold (1.00%)
 n1: 135 0x40081A8: fillin_rpath (dl-load.c:509)
  n1: 135 0x40083BA: decompose_rpath.isra.10 (dl-load.c:631)
   n1: 135 0x4009105: _dl_map_object (dl-load.c:2297)
    n1: 135 0x400D290: openaux (dl-deps.c:64)
     n1: 135 0x49B5B2D: _dl_catch_exception (dl-error-skeleton.c:196)
      n1: 135 0x400D604: _dl_map_object_deps (dl-deps.c:248)
       n1: 135 0x401304E: dl_open_worker (dl-open.c:271)
        n1: 135 0x49B5B2D: _dl_catch_exception (dl-error-skeleton.c:196)
         n1: 135 0x4012BB8: _dl_open (dl-open.c:599)
          n1: 135 0x487D254: dlopen_doit (dlopen.c:66)
           n1: 135 0x49B5B2D: _dl_catch_exception (dl-error-skeleton.c:196)
            n1: 135 0x49B5BBD: _dl_catch_error (dl-error-skeleton.c:215)
             n1: 135 0x487D973: _dlerror_run (dlerror.c:163)
              n1: 135 0x487D2E4: dlopen@@GLIBC_2.2.5 (dlopen.c:87)
               n1: 135 0x48666EB: elektraModulesLoad (in /home/jenkins/workspace/build/linux/lib/libelektra-core.so.0.8.26)
                n1: 135 0x484FD71: elektraPluginOpen (in /home/jenkins/workspace/build/linux/lib/libelektra-kdb.so.0.8.26)
                 n0: 135 0x1091E1: main (in /home/jenkins/workspace/build/linux/bin/benchmark_plugingetset)
#-----------
snapshot=31
#-----------
time=353866
mem_heap_B=12087
mem_heap_extra_B=593
mem_stacks_B=0
heap_tree=empty
#-----------
snapshot=32
#-----------
time=356216
mem_heap_B=12279
mem_heap_extra_B=625
mem_stacks_B=0
heap_tree=empty
#-----------
snapshot=33
#-----------
time=362118
mem_heap_B=12567
mem_heap_extra_B=633
mem_stacks_B=0
heap_tree=empty
#-----------
snapshot=34
#-----------
time=368837
mem_heap_B=13863
mem_heap_extra_B=641
mem_stacks_B=0
heap_tree=empty
#-----------
snapshot=35
#-----------
time=372634
mem_heap_B=14247
mem_heap_extra_B=649
mem_stacks_B=0
heap_tree=empty
#-----------
snapshot=36
#-----------
time=374527
mem_heap_B=14631
mem_heap_extra_B=657
mem_stacks_B=0
heap_tree=empty
#-----------
snapshot=37
#-----------
time=930359
mem_heap_B=15623
mem_heap_extra_B=665
mem_stacks_B=0
heap_tree=empty
#-----------
snapshot=38
#-----------
time=1016199
mem_heap_B=17575
mem_heap_extra_B=673
mem_stacks_B=0
heap_tree=empty
#-----------
snapshot=39
#-----------
time=1017082
mem_heap_B=16583
mem_heap_extra_B=665
mem_stacks_B=0
heap_tree=empty
#-----------
snapshot=40
#-----------
time=3457363
mem_heap_B=20647
mem_heap_extra_B=673
mem_stacks_B=0
heap_tree=empty
#-----------
snapshot=41
#-----------
time=3458994
mem_heap_B=18695
mem_heap_extra_B=665
mem_stacks_B=0
heap_tree=empty
#-----------
snapshot=42
#-----------
time=6064748
mem_heap_B=91399
mem_heap_extra_B=673
mem_stacks_B=0
heap_tree=empty
#-----------
snapshot=43
#-----------
time=6111664
mem_heap_B=91416
mem_heap_extra_B=696
mem_stacks_B=0
heap_tree=empty
#-----------
snapshot=44
#-----------
time=6115743
mem_heap_B=91450
mem_heap_extra_B=742
mem_stacks_B=0
heap_tree=empty
#-----------
snapshot=45
#-----------
time=6121228
mem_heap_B=91501
mem_heap_extra_B=811
mem_stacks_B=0
heap_tree=empty
#-----------
snapshot=46
#-----------
time=6128512
mem_heap_B=91565
mem_heap_extra_B=819
mem_stacks_B=0
heap_tree=empty
#-----------
snapshot=47
#-----------
time=6131056
mem_heap_B=91788
mem_heap_extra_B=876
mem_stacks_B=0
heap_tree=detailed
n6: 91788 (heap allocation functions) malloc/new/new[], --alloc-fns, etc.
 n1: 72704 0x4F75454: ??? (in /usr/lib/x86_64-linux-gnu/libstdc++.so.6.0.25)
  n1: 72704 0x400F378: call_init.part.0 (dl-init.c:72)
   n1: 72704 0x400F474: _dl_init (dl-init.c:118)
    n1: 72704 0x40132D1: dl_open_worker (dl-open.c:517)
     n1: 72704 0x49B5B2D: _dl_catch_exception (dl-error-skeleton.c:196)
      n1: 72704 0x4012BB8: _dl_open (dl-open.c:599)
       n1: 72704 0x487D254: dlopen_doit (dlopen.c:66)
        n1: 72704 0x49B5B2D: _dl_catch_exception (dl-error-skeleton.c:196)
         n1: 72704 0x49B5BBD: _dl_catch_error (dl-error-skeleton.c:215)
          n1: 72704 0x487D973: _dlerror_run (dlerror.c:163)
           n1: 72704 0x487D2E4: dlopen@@GLIBC_2.2.5 (dlopen.c:87)
            n1: 72704 0x48666EB: elektraModulesLoad (in /home/jenkins/workspace/build/linux/lib/libelektra-core.so.0.8.26)
             n1: 72704 0x484FD71: elektraPluginOpen (in /home/jenkins/workspace/build/linux/lib/libelektra-kdb.so.0.8.26)
              n0: 72704 0x1091E1: main (in /home/jenkins/workspace/build/linux/bin/benchmark_plugingetset)
 n1: 8356 0x400B2AC: _dl_new_object (dl-object.c:73)
  n1: 8356 0x4005E46: _dl_map_object_from_fd (dl-load.c:1001)
   n2: 8356 0x4008A8B: _dl_map_object (dl-load.c:2466)
    n1: 7158 0x400D290: openaux (dl-deps.c:64)
     n1: 7158 0x49B5B2D: _dl_catch_exception (dl-error-skeleton.c:196)
      n1: 7158 0x400D604: _dl_map_object_deps (dl-deps.c:248)
       n1: 7158 0x401304E: dl_open_worker (dl-open.c:271)
        n1: 7158 0x49B5B2D: _dl_catch_exception (dl-error-skeleton.c:196)
         n1: 7158 0x4012BB8: _dl_open (dl-open.c:599)
          n1: 7158 0x487D254: dlopen_doit (dlopen.c:66)
           n1: 7158 0x49B5B2D: _dl_catch_exception (dl-error-skeleton.c:196)
            n1: 7158 0x49B5BBD: _dl_catch_error (dl-error-skeleton.c:215)
             n1: 7158 0x487D973: _dlerror_run (dlerror.c:163)
              n1: 7158 0x487D2E4: dlopen@@GLIBC_2.2.5 (dlopen.c:87)
               n1: 7158 0x48666EB: elektraModulesLoad (in /home/jenkins/workspace/build/linux/lib/libelektra-core.so.0.8.26)
                n1: 7158 0x484FD71: elektraPluginOpen (in /home/jenkins/workspace/build/linux/lib/libelektra-kdb.so.0.8.26)
                 n0: 7158 0x1091E1: main (in /home/jenkins/workspace/build/linux/bin/benchmark_plugingetset)
    n1: 1198 0x4012FE9: dl_open_worker (dl-open.c:228)
     n1: 1198 0x49B5B2D: _dl_catch_exception (dl-error-skeleton.c:196)
      n1: 1198 0x4012BB8: _dl_open (dl-open.c:599)
       n1: 1198 0x487D254: dlopen_doit (dlopen.c:66)
        n1: 1198 0x49B5B2D: _dl_catch_exception (dl-error-skeleton.c:196)
         n1: 1198 0x49B5BBD: _dl_catch_error (dl-error-skeleton.c:215)
          n1: 1198 0x487D973: _dlerror_run (dlerror.c:163)
           n1: 1198 0x487D2E4: dlopen@@GLIBC_2.2.5 (dlopen.c:87)
            n1: 1198 0x48666EB: elektraModulesLoad (in /home/jenkins/workspace/build/linux/lib/libelektra-core.so.0.8.26)
             n1: 1198 0x484FD71: elektraPluginOpen (in /home/jenkins/workspace/build/linux/lib/libelektra-kdb.so.0.8.26)
              n0: 1198 0x1091E1: main (in /home/jenkins/workspace/build/linux/bin/benchmark_plugingetset)
 n1: 4064 0x400A095: do_lookup_x (dl-lookup.c:253)
  n1: 4064 0x400A38D: _dl_lookup_symbol_x (dl-lookup.c:814)
   n1: 4064 0x400BD5C: _dl_relocate_object (dl-machine.h:308)
    n1: 4064 0x401319C: dl_open_worker (dl-open.c:377)
     n1: 4064 0x49B5B2D: _dl_catch_exception (dl-error-skeleton.c:196)
      n1: 4064 0x4012BB8: _dl_open (dl-open.c:599)
       n1: 4064 0x487D254: dlopen_doit (dlopen.c:66)
        n1: 4064 0x49B5B2D: _dl_catch_exception (dl-error-skeleton.c:196)
         n1: 4064 0x49B5BBD: _dl_catch_error (dl-error-skeleton.c:215)
          n1: 4064 0x487D973: _dlerror_run (dlerror.c:163)
           n1: 4064 0x487D2E4: dlopen@@GLIBC_2.2.5 (dlopen.c:87)
            n1: 4064 0x48666EB: elektraModulesLoad (in /home/jenkins/workspace/build/linux/lib/libelektra-core.so.0.8.26)
             n1: 4064 0x484FD71: elektraPluginOpen (in /home/jenkins/workspace/build/linux/lib/libelektra-kdb.so.0.8.26)
              n0: 4064 0x1091E1: main (in /home/jenkins/workspace/build/linux/bin/benchmark_plugingetset)
 n0: 2856 in 25 places, all below massif's threshold (1.00%)
 n1: 2784 0x4010A1E: _dl_check_map_versions (dl-version.c:274)
  n1: 2784 0x4013094: dl_open_worker (dl-open.c:277)
   n1: 2784 0x49B5B2D: _dl_catch_exception (dl-error-skeleton.c:196)
    n1: 2784 0x4012BB8: _dl_open (dl-open.c:599)
     n1: 2784 0x487D254: dlopen_doit (dlopen.c:66)
      n1: 2784 0x49B5B2D: _dl_catch_exception (dl-error-skeleton.c:196)
       n1: 2784 0x49B5BBD: _dl_catch_error (dl-error-skeleton.c:215)
        n1: 2784 0x487D973: _dlerror_run (dlerror.c:163)
         n1: 2784 0x487D2E4: dlopen@@GLIBC_2.2.5 (dlopen.c:87)
          n1: 2784 0x48666EB: elektraModulesLoad (in /home/jenkins/workspace/build/linux/lib/libelektra-core.so.0.8.26)
           n1: 2784 0x484FD71: elektraPluginOpen (in /home/jenkins/workspace/build/linux/lib/libelektra-kdb.so.0.8.26)
            n0: 2784 0x1091E1: main (in /home/jenkins/workspace/build/linux/bin/benchmark_plugingetset)
 n1: 1024 0x485EBF6: elektraVFormat (in /home/jenkins/workspace/build/linux/lib/libelektra-core.so.0.8.26)
  n1: 1024 0x485ED2A: elektraFormat (in /home/jenkins/workspace/build/linux/lib/libelektra-core.so.0.8.26)
   n0: 1024 in 2 places, all below massif's threshold (1.00%)
#-----------
snapshot=48
#-----------
time=6132961
mem_heap_B=91822
mem_heap_extra_B=866
mem_stacks_B=0
heap_tree=empty
#-----------
snapshot=49
#-----------
time=6138270
mem_heap_B=103670
mem_heap_extra_B=922
mem_stacks_B=0
heap_tree=empty
#-----------
snapshot=50
#-----------
time=6139023
mem_heap_B=104718
mem_heap_extra_B=962
mem_stacks_B=0
heap_tree=empty
#-----------
snapshot=51
#-----------
time=6140211
mem_heap_B=106118
mem_heap_extra_B=1106
mem_stacks_B=0
heap_tree=empty
#-----------
snapshot=52
#-----------
time=6140498
mem_heap_B=106182
mem_heap_extra_B=1114
mem_stacks_B=0
heap_tree=peak
n7: 106182 (heap allocation functions) malloc/new/new[], --alloc-fns, etc.
 n1: 72704 0x4F75454: ??? (in /usr/lib/x86_64-linux-gnu/libstdc++.so.6.0.25)
  n1: 72704 0x400F378: call_init.part.0 (dl-init.c:72)
   n1: 72704 0x400F474: _dl_init (dl-init.c:118)
    n1: 72704 0x40132D1: dl_open_worker (dl-open.c:517)
     n1: 72704 0x49B5B2D: _dl_catch_exception (dl-error-skeleton.c:196)
      n1: 72704 0x4012BB8: _dl_open (dl-open.c:599)
       n1: 72704 0x487D254: dlopen_doit (dlopen.c:66)
        n1: 72704 0x49B5B2D: _dl_catch_exception (dl-error-skeleton.c:196)
         n1: 72704 0x49B5BBD: _dl_catch_error (dl-error-skeleton.c:215)
          n1: 72704 0x487D973: _dlerror_run (dlerror.c:163)
           n1: 72704 0x487D2E4: dlopen@@GLIBC_2.2.5 (dlopen.c:87)
            n1: 72704 0x48666EB: elektraModulesLoad (in /home/jenkins/workspace/build/linux/lib/libelektra-core.so.0.8.26)
             n1: 72704 0x484FD71: elektraPluginOpen (in /home/jenkins/workspace/build/linux/lib/libelektra-kdb.so.0.8.26)
              n0: 72704 0x1091E1: main (in /home/jenkins/workspace/build/linux/bin/benchmark_plugingetset)
 n1: 8356 0x400B2AC: _dl_new_object (dl-object.c:73)
  n1: 8356 0x4005E46: _dl_map_object_from_fd (dl-load.c:1001)
   n2: 8356 0x4008A8B: _dl_map_object (dl-load.c:2466)
    n1: 7158 0x400D290: openaux (dl-deps.c:64)
     n1: 7158 0x49B5B2D: _dl_catch_exception (dl-error-skeleton.c:196)
      n1: 7158 0x400D604: _dl_map_object_deps (dl-deps.c:248)
       n1: 7158 0x401304E: dl_open_worker (dl-open.c:271)
        n1: 7158 0x49B5B2D: _dl_catch_exception (dl-error-skeleton.c:196)
         n1: 7158 0x4012BB8: _dl_open (dl-open.c:599)
          n1: 7158 0x487D254: dlopen_doit (dlopen.c:66)
           n1: 7158 0x49B5B2D: _dl_catch_exception (dl-error-skeleton.c:196)
            n1: 7158 0x49B5BBD: _dl_catch_error (dl-error-skeleton.c:215)
             n1: 7158 0x487D973: _dlerror_run (dlerror.c:163)
              n1: 7158 0x487D2E4: dlopen@@GLIBC_2.2.5 (dlopen.c:87)
               n1: 7158 0x48666EB: elektraModulesLoad (in /home/jenkins/workspace/build/linux/lib/libelektra-core.so.0.8.26)
                n1: 7158 0x484FD71: elektraPluginOpen (in /home/jenkins/workspace/build/linux/lib/libelektra-kdb.so.0.8.26)
                 n0: 7158 0x1091E1: main (in /home/jenkins/workspace/build/linux/bin/benchmark_plugingetset)
    n1: 1198 0x4012FE9: dl_open_worker (dl-open.c:228)
     n1: 1198 0x49B5B2D: _dl_catch_exception (dl-error-skeleton.c:196)
      n1: 1198 0x4012BB8: _dl_open (dl-open.c:599)
       n1: 1198 0x487D254: dlopen_doit (dlopen.c:66)
        n1: 1198 0x49B5B2D: _dl_catch_exception (dl-error-skeleton.c:196)
         n1: 1198 0x49B5BBD: _dl_catch_error (dl-error-skeleton.c:215)
          n1: 1198 0x487D973: _dlerror_run (dlerror.c:163)
           n1: 1198 0x487D2E4: dlopen@@GLIBC_2.2.5 (dlopen.c:87)
            n1: 1198 0x48666EB: elektraModulesLoad (in /home/jenkins/workspace/build/linux/lib/libelektra-core.so.0.8.26)
             n1: 1198 0x484FD71: elektraPluginOpen (in /home/jenkins/workspace/build/linux/lib/libelektra-kdb.so.0.8.26)
              n0: 1198 0x1091E1: main (in /home/jenkins/workspace/build/linux/bin/benchmark_plugingetset)
 n1: 8192 0x4FD18F6: std::basic_filebuf<char, std::char_traits<char> >::_M_allocate_internal_buffer() (in /usr/lib/x86_64-linux-gnu/libstdc++.so.6.0.25)
  n1: 8192 0x4FD5790: std::basic_filebuf<char, std::char_traits<char> >::open(char const*, std::_Ios_Openmode) (in /usr/lib/x86_64-linux-gnu/libstdc++.so.6.0.25)
   n1: 8192 0x4EA6039: YAML::LoadFile(std::__cxx11::basic_string<char, std::char_traits<char>, std::allocator<char> > const&) (in /usr/lib/x86_64-linux-gnu/libyaml-cpp.so.0.6.2)
    n1: 8192 0x4E50D13: ???
     n1: 8192 0x4E4C4BE: ???
      n0: 8192 0x1091F8: main (in /home/jenkins/workspace/build/linux/bin/benchmark_plugingetset)
 n0: 8034 in 49 places, all below massif's threshold (1.00%)
 n1: 4064 0x400A095: do_lookup_x (dl-lookup.c:253)
  n1: 4064 0x400A38D: _dl_lookup_symbol_x (dl-lookup.c:814)
   n1: 4064 0x400BD5C: _dl_relocate_object (dl-machine.h:308)
    n1: 4064 0x401319C: dl_open_worker (dl-open.c:377)
     n1: 4064 0x49B5B2D: _dl_catch_exception (dl-error-skeleton.c:196)
      n1: 4064 0x4012BB8: _dl_open (dl-open.c:599)
       n1: 4064 0x487D254: dlopen_doit (dlopen.c:66)
        n1: 4064 0x49B5B2D: _dl_catch_exception (dl-error-skeleton.c:196)
         n1: 4064 0x49B5BBD: _dl_catch_error (dl-error-skeleton.c:215)
          n1: 4064 0x487D973: _dlerror_run (dlerror.c:163)
           n1: 4064 0x487D2E4: dlopen@@GLIBC_2.2.5 (dlopen.c:87)
            n1: 4064 0x48666EB: elektraModulesLoad (in /home/jenkins/workspace/build/linux/lib/libelektra-core.so.0.8.26)
             n1: 4064 0x484FD71: elektraPluginOpen (in /home/jenkins/workspace/build/linux/lib/libelektra-kdb.so.0.8.26)
              n0: 4064 0x1091E1: main (in /home/jenkins/workspace/build/linux/bin/benchmark_plugingetset)
 n1: 2784 0x4010A1E: _dl_check_map_versions (dl-version.c:274)
  n1: 2784 0x4013094: dl_open_worker (dl-open.c:277)
   n1: 2784 0x49B5B2D: _dl_catch_exception (dl-error-skeleton.c:196)
    n1: 2784 0x4012BB8: _dl_open (dl-open.c:599)
     n1: 2784 0x487D254: dlopen_doit (dlopen.c:66)
      n1: 2784 0x49B5B2D: _dl_catch_exception (dl-error-skeleton.c:196)
       n1: 2784 0x49B5BBD: _dl_catch_error (dl-error-skeleton.c:215)
        n1: 2784 0x487D973: _dlerror_run (dlerror.c:163)
         n1: 2784 0x487D2E4: dlopen@@GLIBC_2.2.5 (dlopen.c:87)
          n1: 2784 0x48666EB: elektraModulesLoad (in /home/jenkins/workspace/build/linux/lib/libelektra-core.so.0.8.26)
           n1: 2784 0x484FD71: elektraPluginOpen (in /home/jenkins/workspace/build/linux/lib/libelektra-kdb.so.0.8.26)
            n0: 2784 0x1091E1: main (in /home/jenkins/workspace/build/linux/bin/benchmark_plugingetset)
 n1: 2048 0x4ED1A3A: ??? (in /usr/lib/x86_64-linux-gnu/libyaml-cpp.so.0.6.2)
  n1: 2048 0x4EAC4D0: ??? (in /usr/lib/x86_64-linux-gnu/libyaml-cpp.so.0.6.2)
   n1: 2048 0x4EA7A90: YAML::Parser::Load(std::istream&) (in /usr/lib/x86_64-linux-gnu/libyaml-cpp.so.0.6.2)
    n1: 2048 0x4EA7B29: YAML::Parser::Parser(std::istream&) (in /usr/lib/x86_64-linux-gnu/libyaml-cpp.so.0.6.2)
     n1: 2048 0x4EA582F: YAML::Load(std::istream&) (in /usr/lib/x86_64-linux-gnu/libyaml-cpp.so.0.6.2)
      n1: 2048 0x4EA606D: YAML::LoadFile(std::__cxx11::basic_string<char, std::char_traits<char>, std::allocator<char> > const&) (in /usr/lib/x86_64-linux-gnu/libyaml-cpp.so.0.6.2)
       n1: 2048 0x4E50D13: ???
        n1: 2048 0x4E4C4BE: ???
         n0: 2048 0x1091F8: main (in /home/jenkins/workspace/build/linux/bin/benchmark_plugingetset)
#-----------
snapshot=53
#-----------
time=6141695
mem_heap_B=106206
mem_heap_extra_B=1098
mem_stacks_B=0
heap_tree=empty
#-----------
snapshot=54
#-----------
time=6142468
mem_heap_B=100694
mem_heap_extra_B=906
mem_stacks_B=0
heap_tree=empty
#-----------
snapshot=55
#-----------
time=6145073
mem_heap_B=91970
mem_heap_extra_B=862
mem_stacks_B=0
heap_tree=empty
#-----------
snapshot=56
#-----------
time=6145837
mem_heap_B=92049
mem_heap_extra_B=919
mem_stacks_B=0
heap_tree=empty
#-----------
snapshot=57
#-----------
time=6146659
mem_heap_B=92317
mem_heap_extra_B=955
mem_stacks_B=0
heap_tree=empty
#-----------
snapshot=58
#-----------
time=6147770
mem_heap_B=92305
mem_heap_extra_B=943
mem_stacks_B=0
heap_tree=empty
#-----------
snapshot=59
#-----------
time=6148548
mem_heap_B=92315
mem_heap_extra_B=957
mem_stacks_B=0
heap_tree=empty
#-----------
snapshot=60
#-----------
time=6150023
mem_heap_B=92315
mem_heap_extra_B=957
mem_stacks_B=0
heap_tree=empty
#-----------
snapshot=61
#-----------
time=6151769
mem_heap_B=92005
mem_heap_extra_B=907
mem_stacks_B=0
heap_tree=empty
#-----------
snapshot=62
#-----------
time=6152576
mem_heap_B=91861
mem_heap_extra_B=891
mem_stacks_B=0
heap_tree=detailed
n6: 91861 (heap allocation functions) malloc/new/new[], --alloc-fns, etc.
 n1: 72704 0x4F75454: ??? (in /usr/lib/x86_64-linux-gnu/libstdc++.so.6.0.25)
  n1: 72704 0x400F378: call_init.part.0 (dl-init.c:72)
   n1: 72704 0x400F474: _dl_init (dl-init.c:118)
    n1: 72704 0x40132D1: dl_open_worker (dl-open.c:517)
     n1: 72704 0x49B5B2D: _dl_catch_exception (dl-error-skeleton.c:196)
      n1: 72704 0x4012BB8: _dl_open (dl-open.c:599)
       n1: 72704 0x487D254: dlopen_doit (dlopen.c:66)
        n1: 72704 0x49B5B2D: _dl_catch_exception (dl-error-skeleton.c:196)
         n1: 72704 0x49B5BBD: _dl_catch_error (dl-error-skeleton.c:215)
          n1: 72704 0x487D973: _dlerror_run (dlerror.c:163)
           n1: 72704 0x487D2E4: dlopen@@GLIBC_2.2.5 (dlopen.c:87)
            n1: 72704 0x48666EB: elektraModulesLoad (in /home/jenkins/workspace/build/linux/lib/libelektra-core.so.0.8.26)
             n1: 72704 0x484FD71: elektraPluginOpen (in /home/jenkins/workspace/build/linux/lib/libelektra-kdb.so.0.8.26)
              n0: 72704 0x1091E1: main (in /home/jenkins/workspace/build/linux/bin/benchmark_plugingetset)
 n1: 8356 0x400B2AC: _dl_new_object (dl-object.c:73)
  n1: 8356 0x4005E46: _dl_map_object_from_fd (dl-load.c:1001)
   n2: 8356 0x4008A8B: _dl_map_object (dl-load.c:2466)
    n1: 7158 0x400D290: openaux (dl-deps.c:64)
     n1: 7158 0x49B5B2D: _dl_catch_exception (dl-error-skeleton.c:196)
      n1: 7158 0x400D604: _dl_map_object_deps (dl-deps.c:248)
       n1: 7158 0x401304E: dl_open_worker (dl-open.c:271)
        n1: 7158 0x49B5B2D: _dl_catch_exception (dl-error-skeleton.c:196)
         n1: 7158 0x4012BB8: _dl_open (dl-open.c:599)
          n1: 7158 0x487D254: dlopen_doit (dlopen.c:66)
           n1: 7158 0x49B5B2D: _dl_catch_exception (dl-error-skeleton.c:196)
            n1: 7158 0x49B5BBD: _dl_catch_error (dl-error-skeleton.c:215)
             n1: 7158 0x487D973: _dlerror_run (dlerror.c:163)
              n1: 7158 0x487D2E4: dlopen@@GLIBC_2.2.5 (dlopen.c:87)
               n1: 7158 0x48666EB: elektraModulesLoad (in /home/jenkins/workspace/build/linux/lib/libelektra-core.so.0.8.26)
                n1: 7158 0x484FD71: elektraPluginOpen (in /home/jenkins/workspace/build/linux/lib/libelektra-kdb.so.0.8.26)
                 n0: 7158 0x1091E1: main (in /home/jenkins/workspace/build/linux/bin/benchmark_plugingetset)
    n1: 1198 0x4012FE9: dl_open_worker (dl-open.c:228)
     n1: 1198 0x49B5B2D: _dl_catch_exception (dl-error-skeleton.c:196)
      n1: 1198 0x4012BB8: _dl_open (dl-open.c:599)
       n1: 1198 0x487D254: dlopen_doit (dlopen.c:66)
        n1: 1198 0x49B5B2D: _dl_catch_exception (dl-error-skeleton.c:196)
         n1: 1198 0x49B5BBD: _dl_catch_error (dl-error-skeleton.c:215)
          n1: 1198 0x487D973: _dlerror_run (dlerror.c:163)
           n1: 1198 0x487D2E4: dlopen@@GLIBC_2.2.5 (dlopen.c:87)
            n1: 1198 0x48666EB: elektraModulesLoad (in /home/jenkins/workspace/build/linux/lib/libelektra-core.so.0.8.26)
             n1: 1198 0x484FD71: elektraPluginOpen (in /home/jenkins/workspace/build/linux/lib/libelektra-kdb.so.0.8.26)
              n0: 1198 0x1091E1: main (in /home/jenkins/workspace/build/linux/bin/benchmark_plugingetset)
 n1: 4064 0x400A095: do_lookup_x (dl-lookup.c:253)
  n1: 4064 0x400A38D: _dl_lookup_symbol_x (dl-lookup.c:814)
   n1: 4064 0x400BD5C: _dl_relocate_object (dl-machine.h:308)
    n1: 4064 0x401319C: dl_open_worker (dl-open.c:377)
     n1: 4064 0x49B5B2D: _dl_catch_exception (dl-error-skeleton.c:196)
      n1: 4064 0x4012BB8: _dl_open (dl-open.c:599)
       n1: 4064 0x487D254: dlopen_doit (dlopen.c:66)
        n1: 4064 0x49B5B2D: _dl_catch_exception (dl-error-skeleton.c:196)
         n1: 4064 0x49B5BBD: _dl_catch_error (dl-error-skeleton.c:215)
          n1: 4064 0x487D973: _dlerror_run (dlerror.c:163)
           n1: 4064 0x487D2E4: dlopen@@GLIBC_2.2.5 (dlopen.c:87)
            n1: 4064 0x48666EB: elektraModulesLoad (in /home/jenkins/workspace/build/linux/lib/libelektra-core.so.0.8.26)
             n1: 4064 0x484FD71: elektraPluginOpen (in /home/jenkins/workspace/build/linux/lib/libelektra-kdb.so.0.8.26)
              n0: 4064 0x1091E1: main (in /home/jenkins/workspace/build/linux/bin/benchmark_plugingetset)
 n0: 2929 in 52 places, all below massif's threshold (1.00%)
 n1: 2784 0x4010A1E: _dl_check_map_versions (dl-version.c:274)
  n1: 2784 0x4013094: dl_open_worker (dl-open.c:277)
   n1: 2784 0x49B5B2D: _dl_catch_exception (dl-error-skeleton.c:196)
    n1: 2784 0x4012BB8: _dl_open (dl-open.c:599)
     n1: 2784 0x487D254: dlopen_doit (dlopen.c:66)
      n1: 2784 0x49B5B2D: _dl_catch_exception (dl-error-skeleton.c:196)
       n1: 2784 0x49B5BBD: _dl_catch_error (dl-error-skeleton.c:215)
        n1: 2784 0x487D973: _dlerror_run (dlerror.c:163)
         n1: 2784 0x487D2E4: dlopen@@GLIBC_2.2.5 (dlopen.c:87)
          n1: 2784 0x48666EB: elektraModulesLoad (in /home/jenkins/workspace/build/linux/lib/libelektra-core.so.0.8.26)
           n1: 2784 0x484FD71: elektraPluginOpen (in /home/jenkins/workspace/build/linux/lib/libelektra-kdb.so.0.8.26)
            n0: 2784 0x1091E1: main (in /home/jenkins/workspace/build/linux/bin/benchmark_plugingetset)
 n1: 1024 0x485EBF6: elektraVFormat (in /home/jenkins/workspace/build/linux/lib/libelektra-core.so.0.8.26)
  n1: 1024 0x485ED2A: elektraFormat (in /home/jenkins/workspace/build/linux/lib/libelektra-core.so.0.8.26)
   n0: 1024 in 2 places, all below massif's threshold (1.00%)
#-----------
snapshot=63
#-----------
time=6154478
mem_heap_B=91875
mem_heap_extra_B=901
mem_stacks_B=0
heap_tree=empty
#-----------
snapshot=64
#-----------
time=6159775
mem_heap_B=91861
mem_heap_extra_B=891
mem_stacks_B=0
heap_tree=empty
#-----------
snapshot=65
#-----------
time=6166241
mem_heap_B=91893
mem_heap_extra_B=899
mem_stacks_B=0
heap_tree=empty
#-----------
snapshot=66
#-----------
time=6166991
mem_heap_B=91687
mem_heap_extra_B=905
mem_stacks_B=0
heap_tree=empty
#-----------
snapshot=67
#-----------
time=6167845
mem_heap_B=87169
mem_heap_extra_B=727
mem_stacks_B=0
heap_tree=empty
#-----------
snapshot=68
#-----------
time=6169742
mem_heap_B=86772
mem_heap_extra_B=644
mem_stacks_B=0
heap_tree=empty
#-----------
snapshot=69
#-----------
time=6170555
mem_heap_B=86580
mem_heap_extra_B=628
mem_stacks_B=0
heap_tree=empty
#-----------
snapshot=70
#-----------
time=6172073
mem_heap_B=86004
mem_heap_extra_B=612
mem_stacks_B=0
heap_tree=empty
#-----------
snapshot=71
#-----------
time=6172918
mem_heap_B=84891
mem_heap_extra_B=485
mem_stacks_B=0
heap_tree=empty
#-----------
snapshot=72
#-----------
time=6173717
mem_heap_B=84776
mem_heap_extra_B=408
mem_stacks_B=0
heap_tree=detailed
n5: 84776 (heap allocation functions) malloc/new/new[], --alloc-fns, etc.
 n1: 72704 0x4F75454: ??? (in /usr/lib/x86_64-linux-gnu/libstdc++.so.6.0.25)
  n1: 72704 0x400F378: call_init.part.0 (dl-init.c:72)
   n1: 72704 0x400F474: _dl_init (dl-init.c:118)
    n1: 72704 0x40132D1: dl_open_worker (dl-open.c:517)
     n1: 72704 0x49B5B2D: _dl_catch_exception (dl-error-skeleton.c:196)
      n1: 72704 0x4012BB8: _dl_open (dl-open.c:599)
       n1: 72704 0x487D254: dlopen_doit (dlopen.c:66)
        n1: 72704 0x49B5B2D: _dl_catch_exception (dl-error-skeleton.c:196)
         n1: 72704 0x49B5BBD: _dl_catch_error (dl-error-skeleton.c:215)
          n1: 72704 0x487D973: _dlerror_run (dlerror.c:163)
           n1: 72704 0x487D2E4: dlopen@@GLIBC_2.2.5 (dlopen.c:87)
            n1: 72704 0x48666EB: elektraModulesLoad (in /home/jenkins/workspace/build/linux/lib/libelektra-core.so.0.8.26)
             n1: 72704 0x484FD71: elektraPluginOpen (in /home/jenkins/workspace/build/linux/lib/libelektra-kdb.so.0.8.26)
              n0: 72704 0x1091E1: main (in /home/jenkins/workspace/build/linux/bin/benchmark_plugingetset)
 n1: 4762 0x400B2AC: _dl_new_object (dl-object.c:73)
  n1: 4762 0x4005E46: _dl_map_object_from_fd (dl-load.c:1001)
   n2: 4762 0x4008A8B: _dl_map_object (dl-load.c:2466)
    n1: 4762 0x400D290: openaux (dl-deps.c:64)
     n1: 4762 0x49B5B2D: _dl_catch_exception (dl-error-skeleton.c:196)
      n1: 4762 0x400D604: _dl_map_object_deps (dl-deps.c:248)
       n1: 4762 0x401304E: dl_open_worker (dl-open.c:271)
        n1: 4762 0x49B5B2D: _dl_catch_exception (dl-error-skeleton.c:196)
         n1: 4762 0x4012BB8: _dl_open (dl-open.c:599)
          n1: 4762 0x487D254: dlopen_doit (dlopen.c:66)
           n1: 4762 0x49B5B2D: _dl_catch_exception (dl-error-skeleton.c:196)
            n1: 4762 0x49B5BBD: _dl_catch_error (dl-error-skeleton.c:215)
             n1: 4762 0x487D973: _dlerror_run (dlerror.c:163)
              n1: 4762 0x487D2E4: dlopen@@GLIBC_2.2.5 (dlopen.c:87)
               n1: 4762 0x48666EB: elektraModulesLoad (in /home/jenkins/workspace/build/linux/lib/libelektra-core.so.0.8.26)
                n1: 4762 0x484FD71: elektraPluginOpen (in /home/jenkins/workspace/build/linux/lib/libelektra-kdb.so.0.8.26)
                 n0: 4762 0x1091E1: main (in /home/jenkins/workspace/build/linux/bin/benchmark_plugingetset)
    n0: 0 in 1 place, below massif's threshold (1.00%)
 n1: 4064 0x400A095: do_lookup_x (dl-lookup.c:253)
  n1: 4064 0x400A38D: _dl_lookup_symbol_x (dl-lookup.c:814)
   n1: 4064 0x400BD5C: _dl_relocate_object (dl-machine.h:308)
    n1: 4064 0x401319C: dl_open_worker (dl-open.c:377)
     n1: 4064 0x49B5B2D: _dl_catch_exception (dl-error-skeleton.c:196)
      n1: 4064 0x4012BB8: _dl_open (dl-open.c:599)
       n1: 4064 0x487D254: dlopen_doit (dlopen.c:66)
        n1: 4064 0x49B5B2D: _dl_catch_exception (dl-error-skeleton.c:196)
         n1: 4064 0x49B5BBD: _dl_catch_error (dl-error-skeleton.c:215)
          n1: 4064 0x487D973: _dlerror_run (dlerror.c:163)
           n1: 4064 0x487D2E4: dlopen@@GLIBC_2.2.5 (dlopen.c:87)
            n1: 4064 0x48666EB: elektraModulesLoad (in /home/jenkins/workspace/build/linux/lib/libelektra-core.so.0.8.26)
             n1: 4064 0x484FD71: elektraPluginOpen (in /home/jenkins/workspace/build/linux/lib/libelektra-kdb.so.0.8.26)
              n0: 4064 0x1091E1: main (in /home/jenkins/workspace/build/linux/bin/benchmark_plugingetset)
 n1: 2352 0x4010A1E: _dl_check_map_versions (dl-version.c:274)
  n1: 2352 0x4013094: dl_open_worker (dl-open.c:277)
   n1: 2352 0x49B5B2D: _dl_catch_exception (dl-error-skeleton.c:196)
    n1: 2352 0x4012BB8: _dl_open (dl-open.c:599)
     n1: 2352 0x487D254: dlopen_doit (dlopen.c:66)
      n1: 2352 0x49B5B2D: _dl_catch_exception (dl-error-skeleton.c:196)
       n1: 2352 0x49B5BBD: _dl_catch_error (dl-error-skeleton.c:215)
        n1: 2352 0x487D973: _dlerror_run (dlerror.c:163)
         n1: 2352 0x487D2E4: dlopen@@GLIBC_2.2.5 (dlopen.c:87)
          n1: 2352 0x48666EB: elektraModulesLoad (in /home/jenkins/workspace/build/linux/lib/libelektra-core.so.0.8.26)
           n1: 2352 0x484FD71: elektraPluginOpen (in /home/jenkins/workspace/build/linux/lib/libelektra-kdb.so.0.8.26)
            n0: 2352 0x1091E1: main (in /home/jenkins/workspace/build/linux/bin/benchmark_plugingetset)
 n0: 894 in 54 places, all below massif's threshold (1.00%)
#-----------
snapshot=73
#-----------
time=6174665
mem_heap_B=84725
mem_heap_extra_B=339
mem_stacks_B=0
heap_tree=empty
#-----------
snapshot=74
#-----------
time=6182782
mem_heap_B=84590
mem_heap_extra_B=322
mem_stacks_B=0
heap_tree=empty
