desc: --massif-out-file=results/generated_yambi_linux_gcc8.3.0.out
cmd: build/linux/bin/benchmark_plugingetset benchmarks/data/generated user yambi get
time_unit: i
#-----------
snapshot=0
#-----------
time=0
mem_heap_B=0
mem_heap_extra_B=0
mem_stacks_B=0
heap_tree=empty
#-----------
snapshot=1
#-----------
time=3222061
mem_heap_B=17425
mem_heap_extra_B=567
mem_stacks_B=0
heap_tree=empty
#-----------
snapshot=2
#-----------
time=6516231
mem_heap_B=10038771
mem_heap_extra_B=3645
mem_stacks_B=0
heap_tree=empty
#-----------
snapshot=3
#-----------
time=28486430
mem_heap_B=10038771
mem_heap_extra_B=3645
mem_stacks_B=0
heap_tree=detailed
n4: 10038771 (heap allocation functions) malloc/new/new[], --alloc-fns, etc.
 n1: 8967344 0x4E583B0: ???
  n1: 8967344 0x4E57988: ???
   n1: 8967344 0x4E51FF0: ???
    n1: 8967344 0x4E4E6DA: ???
     n1: 8967344 0x4E4A750: ???
      n1: 8967344 0x4E560E2: ???
       n0: 8967344 0x1091F8: main (in /home/jenkins/workspace/build/linux/bin/benchmark_plugingetset)
 n1: 524289 0x4F922AB: std::__cxx11::basic_string<char, std::char_traits<char>, std::allocator<char> >::reserve(unsigned long) (in /usr/lib/x86_64-linux-gnu/libstdc++.so.6.0.25)
  n1: 524289 0x4F86723: std::__cxx11::basic_stringbuf<char, std::char_traits<char>, std::allocator<char> >::overflow(int) (in /usr/lib/x86_64-linux-gnu/libstdc++.so.6.0.25)
   n1: 524289 0x4F908A9: std::basic_streambuf<char, std::char_traits<char> >::xsputn(char const*, long) (in /usr/lib/x86_64-linux-gnu/libstdc++.so.6.0.25)
    n1: 524289 0x4F1F8B3: long std::__copy_streambufs_eof<char, std::char_traits<char> >(std::basic_streambuf<char, std::char_traits<char> >*, std::basic_streambuf<char, std::char_traits<char> >*, bool&) (in /usr/lib/x86_64-linux-gnu/libstdc++.so.6.0.25)
     n1: 524289 0x4F81416: std::ostream::operator<<(std::basic_streambuf<char, std::char_traits<char> >*) (in /usr/lib/x86_64-linux-gnu/libstdc++.so.6.0.25)
      n1: 524289 0x4E575FD: ???
       n1: 524289 0x4E51FF0: ???
        n1: 524289 0x4E4E6DA: ???
         n1: 524289 0x4E4A750: ???
          n1: 524289 0x4E560E2: ???
           n0: 524289 0x1091F8: main (in /home/jenkins/workspace/build/linux/bin/benchmark_plugingetset)
 n1: 448368 0x4F91DC9: std::__cxx11::basic_string<char, std::char_traits<char>, std::allocator<char> >::_M_mutate(unsigned long, unsigned long, char const*, unsigned long) (in /usr/lib/x86_64-linux-gnu/libstdc++.so.6.0.25)
  n1: 448368 0x4F92B79: std::__cxx11::basic_string<char, std::char_traits<char>, std::allocator<char> >::_M_replace(unsigned long, unsigned long, char const*, unsigned long) (in /usr/lib/x86_64-linux-gnu/libstdc++.so.6.0.25)
   n1: 448368 0x4E578DD: ???
    n1: 448368 0x4E51FF0: ???
     n1: 448368 0x4E4E6DA: ???
      n1: 448368 0x4E4A750: ???
       n1: 448368 0x4E560E2: ???
        n0: 448368 0x1091F8: main (in /home/jenkins/workspace/build/linux/bin/benchmark_plugingetset)
 n0: 98770 in 35 places, all below massif's threshold (1.00%)
#-----------
snapshot=4
#-----------
time=32364755
mem_heap_B=9119857
mem_heap_extra_B=5871
mem_stacks_B=0
heap_tree=empty
#-----------
snapshot=5
#-----------
time=35333682
mem_heap_B=9141752
mem_heap_extra_B=8240
mem_stacks_B=0
heap_tree=empty
#-----------
snapshot=6
#-----------
time=38041383
mem_heap_B=9165009
mem_heap_extra_B=9767
mem_stacks_B=0
heap_tree=empty
#-----------
snapshot=7
#-----------
time=41948715
mem_heap_B=9194102
mem_heap_extra_B=12434
mem_stacks_B=0
heap_tree=empty
#-----------
snapshot=8
#-----------
time=44351142
mem_heap_B=9208193
mem_heap_extra_B=13751
mem_stacks_B=0
heap_tree=empty
#-----------
snapshot=9
#-----------
time=47382514
mem_heap_B=9227666
mem_heap_extra_B=15566
mem_stacks_B=0
heap_tree=empty
#-----------
snapshot=10
#-----------
time=50783107
mem_heap_B=9254123
mem_heap_extra_B=17485
mem_stacks_B=0
heap_tree=empty
#-----------
snapshot=11
#-----------
time=53863413
mem_heap_B=9282014
mem_heap_extra_B=19818
mem_stacks_B=0
heap_tree=empty
#-----------
snapshot=12
#-----------
time=56365701
mem_heap_B=9294547
mem_heap_extra_B=21237
mem_stacks_B=0
heap_tree=empty
#-----------
snapshot=13
#-----------
time=60371793
mem_heap_B=9324177
mem_heap_extra_B=23703
mem_stacks_B=0
heap_tree=empty
#-----------
snapshot=14
#-----------
time=62717827
mem_heap_B=9340587
mem_heap_extra_B=24989
mem_stacks_B=0
heap_tree=empty
#-----------
snapshot=15
#-----------
time=65174290
mem_heap_B=9355900
mem_heap_extra_B=26468
mem_stacks_B=0
heap_tree=empty
#-----------
snapshot=16
#-----------
time=67648797
mem_heap_B=9377875
mem_heap_extra_B=28469
mem_stacks_B=0
heap_tree=empty
#-----------
snapshot=17
#-----------
time=70146615
mem_heap_B=9403271
mem_heap_extra_B=30009
mem_stacks_B=0
heap_tree=empty
#-----------
snapshot=18
#-----------
time=72942617
mem_heap_B=9415945
mem_heap_extra_B=31647
mem_stacks_B=0
heap_tree=empty
#-----------
snapshot=19
#-----------
time=75892126
mem_heap_B=9440161
mem_heap_extra_B=33863
mem_stacks_B=0
heap_tree=empty
#-----------
snapshot=20
#-----------
time=79169551
mem_heap_B=9464146
mem_heap_extra_B=36326
mem_stacks_B=0
heap_tree=empty
#-----------
snapshot=21
#-----------
time=82378943
mem_heap_B=9483248
mem_heap_extra_B=37904
mem_stacks_B=0
heap_tree=empty
#-----------
snapshot=22
#-----------
time=85640324
mem_heap_B=9511020
mem_heap_extra_B=39860
mem_stacks_B=0
heap_tree=empty
#-----------
snapshot=23
#-----------
time=89985322
mem_heap_B=9539995
mem_heap_extra_B=42349
mem_stacks_B=0
heap_tree=empty
#-----------
snapshot=24
#-----------
time=93169560
mem_heap_B=9563425
mem_heap_extra_B=44263
mem_stacks_B=0
heap_tree=empty
#-----------
snapshot=25
#-----------
time=97151785
mem_heap_B=9588360
mem_heap_extra_B=46584
mem_stacks_B=0
heap_tree=empty
#-----------
snapshot=26
#-----------
time=100335649
mem_heap_B=9608812
mem_heap_extra_B=48436
mem_stacks_B=0
heap_tree=empty
#-----------
snapshot=27
#-----------
time=102726341
mem_heap_B=9624706
mem_heap_extra_B=49934
mem_stacks_B=0
heap_tree=empty
#-----------
snapshot=28
#-----------
time=105907873
mem_heap_B=9645681
mem_heap_extra_B=51967
mem_stacks_B=0
heap_tree=empty
#-----------
snapshot=29
#-----------
time=108296150
mem_heap_B=9671022
mem_heap_extra_B=53394
mem_stacks_B=0
heap_tree=empty
#-----------
snapshot=30
#-----------
time=112269875
mem_heap_B=9700396
mem_heap_extra_B=56100
mem_stacks_B=0
heap_tree=empty
#-----------
snapshot=31
#-----------
time=115449954
mem_heap_B=9725024
mem_heap_extra_B=58040
mem_stacks_B=0
heap_tree=empty
#-----------
snapshot=32
#-----------
time=119426759
mem_heap_B=9751498
mem_heap_extra_B=59886
mem_stacks_B=0
heap_tree=detailed
n3: 9751498 (heap allocation functions) malloc/new/new[], --alloc-fns, etc.
 n1: 8967344 0x4E583B0: ???
  n1: 8967344 0x4E57988: ???
   n1: 8967344 0x4E51FF0: ???
    n1: 8967344 0x4E4E6DA: ???
     n1: 8967344 0x4E4A750: ???
      n1: 8967344 0x4E560E2: ???
       n0: 8967344 0x1091F8: main (in /home/jenkins/workspace/build/linux/bin/benchmark_plugingetset)
 n2: 545382 0x485EAE2: elektraRealloc (in /home/jenkins/workspace/build/linux/lib/libelektra-core.so.0.8.26)
  n2: 528952 0x4860B6F: keyAddBaseName (in /home/jenkins/workspace/build/linux/lib/libelektra-core.so.0.8.26)
   n1: 528894 0x4E4CE93: ???
    n1: 528894 0x4E5ABAC: ???
     n1: 528894 0x4E4E701: ???
      n1: 528894 0x4E4A750: ???
       n1: 528894 0x4E560E2: ???
        n0: 528894 0x1091F8: main (in /home/jenkins/workspace/build/linux/bin/benchmark_plugingetset)
   n0: 58 in 1 place, below massif's threshold (1.00%)
  n0: 16430 in 2 places, all below massif's threshold (1.00%)
 n0: 238772 in 57 places, all below massif's threshold (1.00%)
#-----------
snapshot=33
#-----------
time=122605824
mem_heap_B=9774791
mem_heap_extra_B=62297
mem_stacks_B=0
heap_tree=empty
#-----------
snapshot=34
#-----------
time=125790629
mem_heap_B=9802949
mem_heap_extra_B=64811
mem_stacks_B=0
heap_tree=empty
#-----------
snapshot=35
#-----------
time=128179634
mem_heap_B=9816415
mem_heap_extra_B=66249
mem_stacks_B=0
heap_tree=empty
#-----------
snapshot=36
#-----------
time=132456457
mem_heap_B=9845846
mem_heap_extra_B=68602
mem_stacks_B=0
heap_tree=empty
#-----------
snapshot=37
#-----------
time=137179926
mem_heap_B=9877706
mem_heap_extra_B=72198
mem_stacks_B=0
heap_tree=empty
#-----------
snapshot=38
#-----------
time=140013673
mem_heap_B=9896181
mem_heap_extra_B=74435
mem_stacks_B=0
heap_tree=empty
#-----------
snapshot=39
#-----------
time=144736845
mem_heap_B=9926205
mem_heap_extra_B=77067
mem_stacks_B=0
heap_tree=empty
#-----------
snapshot=40
#-----------
time=148515607
mem_heap_B=9950937
mem_heap_extra_B=79527
mem_stacks_B=0
heap_tree=empty
#-----------
snapshot=41
#-----------
time=151349297
mem_heap_B=9977203
mem_heap_extra_B=81381
mem_stacks_B=0
heap_tree=empty
#-----------
snapshot=42
#-----------
time=156072532
mem_heap_B=10004968
mem_heap_extra_B=83832
mem_stacks_B=0
heap_tree=empty
#-----------
snapshot=43
#-----------
time=159848943
mem_heap_B=10034023
mem_heap_extra_B=86561
mem_stacks_B=0
heap_tree=empty
#-----------
snapshot=44
#-----------
time=162188997
mem_heap_B=10054548
mem_heap_extra_B=88340
mem_stacks_B=0
heap_tree=detailed
n4: 10054548 (heap allocation functions) malloc/new/new[], --alloc-fns, etc.
 n1: 8967344 0x4E583B0: ???
  n1: 8967344 0x4E57988: ???
   n1: 8967344 0x4E51FF0: ???
    n1: 8967344 0x4E4E6DA: ???
     n1: 8967344 0x4E4A750: ???
      n1: 8967344 0x4E560E2: ???
       n0: 8967344 0x1091F8: main (in /home/jenkins/workspace/build/linux/bin/benchmark_plugingetset)
 n2: 787706 0x485EAE2: elektraRealloc (in /home/jenkins/workspace/build/linux/lib/libelektra-core.so.0.8.26)
  n2: 770580 0x4860B6F: keyAddBaseName (in /home/jenkins/workspace/build/linux/lib/libelektra-core.so.0.8.26)
   n1: 770522 0x4E4CE93: ???
    n1: 770522 0x4E5ABAC: ???
     n1: 770522 0x4E4E701: ???
      n1: 770522 0x4E4A750: ???
       n1: 770522 0x4E560E2: ???
        n0: 770522 0x1091F8: main (in /home/jenkins/workspace/build/linux/bin/benchmark_plugingetset)
   n0: 58 in 1 place, below massif's threshold (1.00%)
  n0: 17126 in 2 places, all below massif's threshold (1.00%)
 n0: 184874 in 56 places, all below massif's threshold (1.00%)
 n2: 114624 0x485F3A2: keyVNew (in /home/jenkins/workspace/build/linux/lib/libelektra-core.so.0.8.26)
  n1: 114432 0x4E4ECCF: ???
   n1: 114432 0x4E4CE66: ???
    n1: 114432 0x4E5ABAC: ???
     n1: 114432 0x4E4E701: ???
      n1: 114432 0x4E4A750: ???
       n1: 114432 0x4E560E2: ???
        n0: 114432 0x1091F8: main (in /home/jenkins/workspace/build/linux/bin/benchmark_plugingetset)
  n0: 192 in 1 place, below massif's threshold (1.00%)
#-----------
snapshot=45
#-----------
time=165022471
mem_heap_B=10070842
mem_heap_extra_B=89454
mem_stacks_B=0
heap_tree=empty
#-----------
snapshot=46
#-----------
time=168806132
mem_heap_B=10096103
mem_heap_extra_B=91761
mem_stacks_B=0
heap_tree=empty
#-----------
snapshot=47
#-----------
time=172583568
mem_heap_B=10124301
mem_heap_extra_B=94139
mem_stacks_B=0
heap_tree=empty
#-----------
snapshot=48
#-----------
time=175979926
mem_heap_B=10147733
mem_heap_extra_B=96723
mem_stacks_B=0
heap_tree=detailed
n4: 10147733 (heap allocation functions) malloc/new/new[], --alloc-fns, etc.
 n1: 8967344 0x4E583B0: ???
  n1: 8967344 0x4E57988: ???
   n1: 8967344 0x4E51FF0: ???
    n1: 8967344 0x4E4E6DA: ???
     n1: 8967344 0x4E4A750: ???
      n1: 8967344 0x4E560E2: ???
       n0: 8967344 0x1091F8: main (in /home/jenkins/workspace/build/linux/bin/benchmark_plugingetset)
 n2: 863418 0x485EAE2: elektraRealloc (in /home/jenkins/workspace/build/linux/lib/libelektra-core.so.0.8.26)
  n2: 846514 0x4860B6F: keyAddBaseName (in /home/jenkins/workspace/build/linux/lib/libelektra-core.so.0.8.26)
   n1: 846456 0x4E4CE93: ???
    n1: 846456 0x4E5ABAC: ???
     n1: 846456 0x4E4E701: ???
      n1: 846456 0x4E4A750: ???
       n1: 846456 0x4E560E2: ???
        n0: 846456 0x1091F8: main (in /home/jenkins/workspace/build/linux/bin/benchmark_plugingetset)
   n0: 58 in 1 place, below massif's threshold (1.00%)
  n0: 16904 in 2 places, all below massif's threshold (1.00%)
 n0: 191275 in 56 places, all below massif's threshold (1.00%)
 n2: 125696 0x485F3A2: keyVNew (in /home/jenkins/workspace/build/linux/lib/libelektra-core.so.0.8.26)
  n1: 125504 0x4E4ECCF: ???
   n1: 125504 0x4E4CE66: ???
    n1: 125504 0x4E5ABAC: ???
     n1: 125504 0x4E4E701: ???
      n1: 125504 0x4E4A750: ???
       n1: 125504 0x4E560E2: ???
        n0: 125504 0x1091F8: main (in /home/jenkins/workspace/build/linux/bin/benchmark_plugingetset)
  n0: 192 in 1 place, below massif's threshold (1.00%)
#-----------
snapshot=49
#-----------
time=176925273
mem_heap_B=10156180
mem_heap_extra_B=97284
mem_stacks_B=0
heap_tree=empty
#-----------
snapshot=50
#-----------
time=179267657
mem_heap_B=10170850
mem_heap_extra_B=98734
mem_stacks_B=0
heap_tree=empty
#-----------
snapshot=51
#-----------
time=181609224
mem_heap_B=10183801
mem_heap_extra_B=99871
mem_stacks_B=0
heap_tree=empty
#-----------
snapshot=52
#-----------
time=183949580
mem_heap_B=10198782
mem_heap_extra_B=100994
mem_stacks_B=0
heap_tree=empty
#-----------
snapshot=53
#-----------
time=186289645
mem_heap_B=10232335
mem_heap_extra_B=102321
mem_stacks_B=0
heap_tree=empty
#-----------
snapshot=54
#-----------
time=186768860
mem_heap_B=10244292
mem_heap_extra_B=102796
mem_stacks_B=0
heap_tree=detailed
n4: 10244292 (heap allocation functions) malloc/new/new[], --alloc-fns, etc.
 n1: 8967344 0x4E583B0: ???
  n1: 8967344 0x4E57988: ???
   n1: 8967344 0x4E51FF0: ???
    n1: 8967344 0x4E4E6DA: ???
     n1: 8967344 0x4E4A750: ???
      n1: 8967344 0x4E560E2: ???
       n0: 8967344 0x1091F8: main (in /home/jenkins/workspace/build/linux/bin/benchmark_plugingetset)
 n2: 946544 0x485EAE2: elektraRealloc (in /home/jenkins/workspace/build/linux/lib/libelektra-core.so.0.8.26)
  n2: 912664 0x4860B6F: keyAddBaseName (in /home/jenkins/workspace/build/linux/lib/libelektra-core.so.0.8.26)
   n1: 912606 0x4E4CE93: ???
    n1: 912606 0x4E5ABAC: ???
     n1: 912606 0x4E4E701: ???
      n1: 912606 0x4E4A750: ???
       n1: 912606 0x4E560E2: ???
        n0: 912606 0x1091F8: main (in /home/jenkins/workspace/build/linux/bin/benchmark_plugingetset)
   n0: 58 in 1 place, below massif's threshold (1.00%)
  n0: 33880 in 2 places, all below massif's threshold (1.00%)
 n0: 196196 in 56 places, all below massif's threshold (1.00%)
 n2: 134208 0x485F3A2: keyVNew (in /home/jenkins/workspace/build/linux/lib/libelektra-core.so.0.8.26)
  n1: 134016 0x4E4ECCF: ???
   n1: 134016 0x4E4CE66: ???
    n1: 134016 0x4E5ABAC: ???
     n1: 134016 0x4E4E701: ???
      n1: 134016 0x4E4A750: ???
       n1: 134016 0x4E560E2: ???
        n0: 134016 0x1091F8: main (in /home/jenkins/workspace/build/linux/bin/benchmark_plugingetset)
  n0: 192 in 1 place, below massif's threshold (1.00%)
#-----------
snapshot=55
#-----------
time=189115241
mem_heap_B=10252893
mem_heap_extra_B=103771
mem_stacks_B=0
heap_tree=empty
#-----------
snapshot=56
#-----------
time=191455338
mem_heap_B=10269501
mem_heap_extra_B=105475
mem_stacks_B=0
heap_tree=empty
#-----------
snapshot=57
#-----------
time=193795450
mem_heap_B=10286220
mem_heap_extra_B=107044
mem_stacks_B=0
heap_tree=empty
#-----------
snapshot=58
#-----------
time=196138505
mem_heap_B=10302013
mem_heap_extra_B=108683
mem_stacks_B=0
heap_tree=empty
#-----------
snapshot=59
#-----------
time=198479669
mem_heap_B=10318568
mem_heap_extra_B=109984
mem_stacks_B=0
heap_tree=empty
#-----------
snapshot=60
#-----------
time=200752606
mem_heap_B=10339305
mem_heap_extra_B=111327
mem_stacks_B=0
heap_tree=peak
n4: 10339305 (heap allocation functions) malloc/new/new[], --alloc-fns, etc.
 n1: 8967344 0x4E583B0: ???
  n1: 8967344 0x4E57988: ???
   n1: 8967344 0x4E51FF0: ???
    n1: 8967344 0x4E4E6DA: ???
     n1: 8967344 0x4E4A750: ???
      n1: 8967344 0x4E560E2: ???
       n0: 8967344 0x1091F8: main (in /home/jenkins/workspace/build/linux/bin/benchmark_plugingetset)
 n2: 1023574 0x485EAE2: elektraRealloc (in /home/jenkins/workspace/build/linux/lib/libelektra-core.so.0.8.26)
  n2: 990760 0x4860B6F: keyAddBaseName (in /home/jenkins/workspace/build/linux/lib/libelektra-core.so.0.8.26)
   n1: 990702 0x4E4CE93: ???
    n1: 990702 0x4E5ABAC: ???
     n1: 990702 0x4E4E701: ???
      n1: 990702 0x4E4A750: ???
       n1: 990702 0x4E560E2: ???
        n0: 990702 0x1091F8: main (in /home/jenkins/workspace/build/linux/bin/benchmark_plugingetset)
   n0: 58 in 1 place, below massif's threshold (1.00%)
  n0: 32814 in 2 places, all below massif's threshold (1.00%)
 n0: 202979 in 56 places, all below massif's threshold (1.00%)
 n2: 145408 0x485F3A2: keyVNew (in /home/jenkins/workspace/build/linux/lib/libelektra-core.so.0.8.26)
  n1: 145216 0x4E4ECCF: ???
   n1: 145216 0x4E4CE66: ???
    n1: 145216 0x4E5ABAC: ???
     n1: 145216 0x4E4E701: ???
      n1: 145216 0x4E4A750: ???
       n1: 145216 0x4E560E2: ???
        n0: 145216 0x1091F8: main (in /home/jenkins/workspace/build/linux/bin/benchmark_plugingetset)
  n0: 192 in 1 place, below massif's threshold (1.00%)
#-----------
snapshot=61
#-----------
time=203094218
mem_heap_B=10351199
mem_heap_extra_B=112537
mem_stacks_B=0
heap_tree=empty
#-----------
snapshot=62
#-----------
time=205852055
mem_heap_B=1397816
mem_heap_extra_B=110416
mem_stacks_B=0
heap_tree=empty
