desc: --massif-out-file=results/generated_0_yaypeg_linux_clang6.0.1.out
cmd: build/linux/bin/benchmark_plugingetset benchmarks/data/generated_0 user yaypeg get
time_unit: i
#-----------
snapshot=0
#-----------
time=0
mem_heap_B=0
mem_heap_extra_B=0
mem_stacks_B=0
heap_tree=empty
#-----------
snapshot=1
#-----------
time=204426
mem_heap_B=64
mem_heap_extra_B=8
mem_stacks_B=0
heap_tree=empty
#-----------
snapshot=2
#-----------
time=208686
mem_heap_B=1216
mem_heap_extra_B=32
mem_stacks_B=0
heap_tree=empty
#-----------
snapshot=3
#-----------
time=210350
mem_heap_B=1280
mem_heap_extra_B=40
mem_stacks_B=0
heap_tree=empty
#-----------
snapshot=4
#-----------
time=217922
mem_heap_B=1323
mem_heap_extra_B=53
mem_stacks_B=0
heap_tree=empty
#-----------
snapshot=5
#-----------
time=226247
mem_heap_B=1333
mem_heap_extra_B=67
mem_stacks_B=0
heap_tree=empty
#-----------
snapshot=6
#-----------
time=232326
mem_heap_B=1397
mem_heap_extra_B=75
mem_stacks_B=0
heap_tree=empty
#-----------
snapshot=7
#-----------
time=235416
mem_heap_B=1795
mem_heap_extra_B=117
mem_stacks_B=0
heap_tree=empty
#-----------
snapshot=8
#-----------
time=239554
mem_heap_B=1827
mem_heap_extra_B=117
mem_stacks_B=0
heap_tree=empty
#-----------
snapshot=9
#-----------
time=243253
mem_heap_B=1891
mem_heap_extra_B=125
mem_stacks_B=0
heap_tree=empty
#-----------
snapshot=10
#-----------
time=247731
mem_heap_B=1957
mem_heap_extra_B=155
mem_stacks_B=0
heap_tree=empty
#-----------
snapshot=11
#-----------
time=251156
mem_heap_B=2031
mem_heap_extra_B=177
mem_stacks_B=0
heap_tree=empty
#-----------
snapshot=12
#-----------
time=256558
mem_heap_B=2040
mem_heap_extra_B=184
mem_stacks_B=0
heap_tree=empty
#-----------
snapshot=13
#-----------
time=263121
mem_heap_B=2101
mem_heap_extra_B=195
mem_stacks_B=0
heap_tree=empty
#-----------
snapshot=14
#-----------
time=267338
mem_heap_B=4684
mem_heap_extra_B=244
mem_stacks_B=0
heap_tree=empty
#-----------
snapshot=15
#-----------
time=272457
mem_heap_B=4726
mem_heap_extra_B=258
mem_stacks_B=0
heap_tree=empty
#-----------
snapshot=16
#-----------
time=277517
mem_heap_B=6123
mem_heap_extra_B=317
mem_stacks_B=0
heap_tree=empty
#-----------
snapshot=17
#-----------
time=283639
mem_heap_B=6155
mem_heap_extra_B=325
mem_stacks_B=0
heap_tree=empty
#-----------
snapshot=18
#-----------
time=284373
mem_heap_B=7373
mem_heap_extra_B=355
mem_stacks_B=0
heap_tree=empty
#-----------
snapshot=19
#-----------
time=290588
mem_heap_B=7409
mem_heap_extra_B=375
mem_stacks_B=0
heap_tree=empty
#-----------
snapshot=20
#-----------
time=291345
mem_heap_B=8635
mem_heap_extra_B=413
mem_stacks_B=0
heap_tree=detailed
n11: 8635 (heap allocation functions) malloc/new/new[], --alloc-fns, etc.
 n1: 5963 0x400B2AC: _dl_new_object (dl-object.c:73)
  n1: 5963 0x4005E46: _dl_map_object_from_fd (dl-load.c:1001)
   n2: 5963 0x4008A8B: _dl_map_object (dl-load.c:2466)
    n1: 4766 0x400D290: openaux (dl-deps.c:64)
     n1: 4766 0x49AEB2D: _dl_catch_exception (dl-error-skeleton.c:196)
      n1: 4766 0x400D604: _dl_map_object_deps (dl-deps.c:248)
       n1: 4766 0x401304E: dl_open_worker (dl-open.c:271)
        n1: 4766 0x49AEB2D: _dl_catch_exception (dl-error-skeleton.c:196)
         n1: 4766 0x4012BB8: _dl_open (dl-open.c:599)
          n1: 4766 0x4876254: dlopen_doit (dlopen.c:66)
           n1: 4766 0x49AEB2D: _dl_catch_exception (dl-error-skeleton.c:196)
            n1: 4766 0x49AEBBD: _dl_catch_error (dl-error-skeleton.c:215)
             n1: 4766 0x4876973: _dlerror_run (dlerror.c:163)
              n1: 4766 0x48762E4: dlopen@@GLIBC_2.2.5 (dlopen.c:87)
               n1: 4766 0x4860341: elektraModulesLoad (in /home/jenkins/workspace/build/linux/lib/libelektra-core.so.0.8.26)
                n1: 4766 0x4849B7D: elektraPluginOpen (in /home/jenkins/workspace/build/linux/lib/libelektra-kdb.so.0.8.26)
                 n0: 4766 0x4012D3: main (in /home/jenkins/workspace/build/linux/bin/benchmark_plugingetset)
    n1: 1197 0x4012FE9: dl_open_worker (dl-open.c:228)
     n1: 1197 0x49AEB2D: _dl_catch_exception (dl-error-skeleton.c:196)
      n1: 1197 0x4012BB8: _dl_open (dl-open.c:599)
       n1: 1197 0x4876254: dlopen_doit (dlopen.c:66)
        n1: 1197 0x49AEB2D: _dl_catch_exception (dl-error-skeleton.c:196)
         n1: 1197 0x49AEBBD: _dl_catch_error (dl-error-skeleton.c:215)
          n1: 1197 0x4876973: _dlerror_run (dlerror.c:163)
           n1: 1197 0x48762E4: dlopen@@GLIBC_2.2.5 (dlopen.c:87)
            n1: 1197 0x4860341: elektraModulesLoad (in /home/jenkins/workspace/build/linux/lib/libelektra-core.so.0.8.26)
             n1: 1197 0x4849B7D: elektraPluginOpen (in /home/jenkins/workspace/build/linux/lib/libelektra-kdb.so.0.8.26)
              n0: 1197 0x4012D3: main (in /home/jenkins/workspace/build/linux/bin/benchmark_plugingetset)
 n1: 1024 0x4858B77: elektraVFormat (in /home/jenkins/workspace/build/linux/lib/libelektra-core.so.0.8.26)
  n2: 1024 0x4858B56: elektraFormat (in /home/jenkins/workspace/build/linux/lib/libelektra-core.so.0.8.26)
   n0: 512 0x401256: main (in /home/jenkins/workspace/build/linux/bin/benchmark_plugingetset)
   n0: 512 0x40126B: main (in /home/jenkins/workspace/build/linux/bin/benchmark_plugingetset)
 n3: 384 0x485B4E7: ksNew (in /home/jenkins/workspace/build/linux/lib/libelektra-core.so.0.8.26)
  n0: 128 0x40123F: main (in /home/jenkins/workspace/build/linux/bin/benchmark_plugingetset)
  n0: 128 0x401296: main (in /home/jenkins/workspace/build/linux/bin/benchmark_plugingetset)
  n0: 128 0x4012A4: main (in /home/jenkins/workspace/build/linux/bin/benchmark_plugingetset)
 n1: 256 0x48593C3: keyNew (in /home/jenkins/workspace/build/linux/lib/libelektra-core.so.0.8.26)
  n0: 256 in 4 places, all below massif's threshold (1.00%)
 n1: 233 0x400B58E: _dl_new_object (dl-object.c:163)
  n1: 233 0x4005E46: _dl_map_object_from_fd (dl-load.c:1001)
   n2: 233 0x4008A8B: _dl_map_object (dl-load.c:2466)
    n1: 172 0x400D290: openaux (dl-deps.c:64)
     n1: 172 0x49AEB2D: _dl_catch_exception (dl-error-skeleton.c:196)
      n1: 172 0x400D604: _dl_map_object_deps (dl-deps.c:248)
       n1: 172 0x401304E: dl_open_worker (dl-open.c:271)
        n1: 172 0x49AEB2D: _dl_catch_exception (dl-error-skeleton.c:196)
         n1: 172 0x4012BB8: _dl_open (dl-open.c:599)
          n1: 172 0x4876254: dlopen_doit (dlopen.c:66)
           n1: 172 0x49AEB2D: _dl_catch_exception (dl-error-skeleton.c:196)
            n1: 172 0x49AEBBD: _dl_catch_error (dl-error-skeleton.c:215)
             n1: 172 0x4876973: _dlerror_run (dlerror.c:163)
              n1: 172 0x48762E4: dlopen@@GLIBC_2.2.5 (dlopen.c:87)
               n1: 172 0x4860341: elektraModulesLoad (in /home/jenkins/workspace/build/linux/lib/libelektra-core.so.0.8.26)
                n1: 172 0x4849B7D: elektraPluginOpen (in /home/jenkins/workspace/build/linux/lib/libelektra-kdb.so.0.8.26)
                 n0: 172 0x4012D3: main (in /home/jenkins/workspace/build/linux/bin/benchmark_plugingetset)
    n0: 61 in 1 place, below massif's threshold (1.00%)
 n1: 192 0x485B4A0: ksNew (in /home/jenkins/workspace/build/linux/lib/libelektra-core.so.0.8.26)
  n0: 192 in 3 places, all below massif's threshold (1.00%)
 n1: 134 0x40081A8: fillin_rpath (dl-load.c:509)
  n1: 134 0x40083BA: decompose_rpath.isra.10 (dl-load.c:631)
   n1: 134 0x4009105: _dl_map_object (dl-load.c:2297)
    n1: 134 0x400D290: openaux (dl-deps.c:64)
     n1: 134 0x49AEB2D: _dl_catch_exception (dl-error-skeleton.c:196)
      n1: 134 0x400D604: _dl_map_object_deps (dl-deps.c:248)
       n1: 134 0x401304E: dl_open_worker (dl-open.c:271)
        n1: 134 0x49AEB2D: _dl_catch_exception (dl-error-skeleton.c:196)
         n1: 134 0x4012BB8: _dl_open (dl-open.c:599)
          n1: 134 0x4876254: dlopen_doit (dlopen.c:66)
           n1: 134 0x49AEB2D: _dl_catch_exception (dl-error-skeleton.c:196)
            n1: 134 0x49AEBBD: _dl_catch_error (dl-error-skeleton.c:215)
             n1: 134 0x4876973: _dlerror_run (dlerror.c:163)
              n1: 134 0x48762E4: dlopen@@GLIBC_2.2.5 (dlopen.c:87)
               n1: 134 0x4860341: elektraModulesLoad (in /home/jenkins/workspace/build/linux/lib/libelektra-core.so.0.8.26)
                n1: 134 0x4849B7D: elektraPluginOpen (in /home/jenkins/workspace/build/linux/lib/libelektra-kdb.so.0.8.26)
                 n0: 134 0x4012D3: main (in /home/jenkins/workspace/build/linux/bin/benchmark_plugingetset)
 n1: 124 0x4007798: open_path (dl-load.c:2112)
  n1: 124 0x4008C16: _dl_map_object (dl-load.c:2297)
   n0: 124 in 2 places, all below massif's threshold (1.00%)
 n0: 110 in 6 places, all below massif's threshold (1.00%)
 n2: 109 0x401AAD8: strdup (strdup.c:42)
  n1: 109 0x4016065: _dl_load_cache_lookup (dl-cache.c:317)
   n1: 109 0x4008D09: _dl_map_object (dl-load.c:2332)
    n1: 109 0x400D290: openaux (dl-deps.c:64)
     n1: 109 0x49AEB2D: _dl_catch_exception (dl-error-skeleton.c:196)
      n1: 109 0x400D604: _dl_map_object_deps (dl-deps.c:248)
       n1: 109 0x401304E: dl_open_worker (dl-open.c:271)
        n1: 109 0x49AEB2D: _dl_catch_exception (dl-error-skeleton.c:196)
         n1: 109 0x4012BB8: _dl_open (dl-open.c:599)
          n1: 109 0x4876254: dlopen_doit (dlopen.c:66)
           n1: 109 0x49AEB2D: _dl_catch_exception (dl-error-skeleton.c:196)
            n1: 109 0x49AEBBD: _dl_catch_error (dl-error-skeleton.c:215)
             n1: 109 0x4876973: _dlerror_run (dlerror.c:163)
              n1: 109 0x48762E4: dlopen@@GLIBC_2.2.5 (dlopen.c:87)
               n1: 109 0x4860341: elektraModulesLoad (in /home/jenkins/workspace/build/linux/lib/libelektra-core.so.0.8.26)
                n1: 109 0x4849B7D: elektraPluginOpen (in /home/jenkins/workspace/build/linux/lib/libelektra-kdb.so.0.8.26)
                 n0: 109 0x4012D3: main (in /home/jenkins/workspace/build/linux/bin/benchmark_plugingetset)
  n0: 0 in 2 places, all below massif's threshold (1.00%)
 n1: 106 0x48589D0: elektraRealloc (in /home/jenkins/workspace/build/linux/lib/libelektra-core.so.0.8.26)
  n0: 106 in 2 places, all below massif's threshold (1.00%)
#-----------
snapshot=21
#-----------
time=297617
mem_heap_B=8707
mem_heap_extra_B=429
mem_stacks_B=0
heap_tree=empty
#-----------
snapshot=22
#-----------
time=308939
mem_heap_B=8795
mem_heap_extra_B=445
mem_stacks_B=0
heap_tree=empty
#-----------
snapshot=23
#-----------
time=312088
mem_heap_B=8851
mem_heap_extra_B=461
mem_stacks_B=0
heap_tree=empty
#-----------
snapshot=24
#-----------
time=315630
mem_heap_B=9043
mem_heap_extra_B=493
mem_stacks_B=0
heap_tree=empty
#-----------
snapshot=25
#-----------
time=321752
mem_heap_B=9283
mem_heap_extra_B=501
mem_stacks_B=0
heap_tree=empty
#-----------
snapshot=26
#-----------
time=323141
mem_heap_B=9355
mem_heap_extra_B=517
mem_stacks_B=0
heap_tree=empty
#-----------
snapshot=27
#-----------
time=329298
mem_heap_B=10651
mem_heap_extra_B=525
mem_stacks_B=0
heap_tree=empty
#-----------
snapshot=28
#-----------
time=333095
mem_heap_B=11035
mem_heap_extra_B=533
mem_stacks_B=0
heap_tree=empty
#-----------
snapshot=29
#-----------
time=334988
mem_heap_B=11419
mem_heap_extra_B=541
mem_stacks_B=0
heap_tree=detailed
n12: 11419 (heap allocation functions) malloc/new/new[], --alloc-fns, etc.
 n1: 5963 0x400B2AC: _dl_new_object (dl-object.c:73)
  n1: 5963 0x4005E46: _dl_map_object_from_fd (dl-load.c:1001)
   n2: 5963 0x4008A8B: _dl_map_object (dl-load.c:2466)
    n1: 4766 0x400D290: openaux (dl-deps.c:64)
     n1: 4766 0x49AEB2D: _dl_catch_exception (dl-error-skeleton.c:196)
      n1: 4766 0x400D604: _dl_map_object_deps (dl-deps.c:248)
       n1: 4766 0x401304E: dl_open_worker (dl-open.c:271)
        n1: 4766 0x49AEB2D: _dl_catch_exception (dl-error-skeleton.c:196)
         n1: 4766 0x4012BB8: _dl_open (dl-open.c:599)
          n1: 4766 0x4876254: dlopen_doit (dlopen.c:66)
           n1: 4766 0x49AEB2D: _dl_catch_exception (dl-error-skeleton.c:196)
            n1: 4766 0x49AEBBD: _dl_catch_error (dl-error-skeleton.c:215)
             n1: 4766 0x4876973: _dlerror_run (dlerror.c:163)
              n1: 4766 0x48762E4: dlopen@@GLIBC_2.2.5 (dlopen.c:87)
               n1: 4766 0x4860341: elektraModulesLoad (in /home/jenkins/workspace/build/linux/lib/libelektra-core.so.0.8.26)
                n1: 4766 0x4849B7D: elektraPluginOpen (in /home/jenkins/workspace/build/linux/lib/libelektra-kdb.so.0.8.26)
                 n0: 4766 0x4012D3: main (in /home/jenkins/workspace/build/linux/bin/benchmark_plugingetset)
    n1: 1197 0x4012FE9: dl_open_worker (dl-open.c:228)
     n1: 1197 0x49AEB2D: _dl_catch_exception (dl-error-skeleton.c:196)
      n1: 1197 0x4012BB8: _dl_open (dl-open.c:599)
       n1: 1197 0x4876254: dlopen_doit (dlopen.c:66)
        n1: 1197 0x49AEB2D: _dl_catch_exception (dl-error-skeleton.c:196)
         n1: 1197 0x49AEBBD: _dl_catch_error (dl-error-skeleton.c:215)
          n1: 1197 0x4876973: _dlerror_run (dlerror.c:163)
           n1: 1197 0x48762E4: dlopen@@GLIBC_2.2.5 (dlopen.c:87)
            n1: 1197 0x4860341: elektraModulesLoad (in /home/jenkins/workspace/build/linux/lib/libelektra-core.so.0.8.26)
             n1: 1197 0x4849B7D: elektraPluginOpen (in /home/jenkins/workspace/build/linux/lib/libelektra-kdb.so.0.8.26)
              n0: 1197 0x4012D3: main (in /home/jenkins/workspace/build/linux/bin/benchmark_plugingetset)
 n1: 2376 0x4010A1E: _dl_check_map_versions (dl-version.c:274)
  n1: 2376 0x4013094: dl_open_worker (dl-open.c:277)
   n1: 2376 0x49AEB2D: _dl_catch_exception (dl-error-skeleton.c:196)
    n1: 2376 0x4012BB8: _dl_open (dl-open.c:599)
     n1: 2376 0x4876254: dlopen_doit (dlopen.c:66)
      n1: 2376 0x49AEB2D: _dl_catch_exception (dl-error-skeleton.c:196)
       n1: 2376 0x49AEBBD: _dl_catch_error (dl-error-skeleton.c:215)
        n1: 2376 0x4876973: _dlerror_run (dlerror.c:163)
         n1: 2376 0x48762E4: dlopen@@GLIBC_2.2.5 (dlopen.c:87)
          n1: 2376 0x4860341: elektraModulesLoad (in /home/jenkins/workspace/build/linux/lib/libelektra-core.so.0.8.26)
           n1: 2376 0x4849B7D: elektraPluginOpen (in /home/jenkins/workspace/build/linux/lib/libelektra-kdb.so.0.8.26)
            n0: 2376 0x4012D3: main (in /home/jenkins/workspace/build/linux/bin/benchmark_plugingetset)
 n1: 1024 0x4858B77: elektraVFormat (in /home/jenkins/workspace/build/linux/lib/libelektra-core.so.0.8.26)
  n2: 1024 0x4858B56: elektraFormat (in /home/jenkins/workspace/build/linux/lib/libelektra-core.so.0.8.26)
   n0: 512 0x401256: main (in /home/jenkins/workspace/build/linux/bin/benchmark_plugingetset)
   n0: 512 0x40126B: main (in /home/jenkins/workspace/build/linux/bin/benchmark_plugingetset)
 n3: 384 0x485B4E7: ksNew (in /home/jenkins/workspace/build/linux/lib/libelektra-core.so.0.8.26)
  n0: 128 0x40123F: main (in /home/jenkins/workspace/build/linux/bin/benchmark_plugingetset)
  n0: 128 0x401296: main (in /home/jenkins/workspace/build/linux/bin/benchmark_plugingetset)
  n0: 128 0x4012A4: main (in /home/jenkins/workspace/build/linux/bin/benchmark_plugingetset)
 n0: 325 in 8 places, all below massif's threshold (1.00%)
 n1: 256 0x400D46A: _dl_map_object_deps (dl-deps.c:438)
  n1: 256 0x401304E: dl_open_worker (dl-open.c:271)
   n1: 256 0x49AEB2D: _dl_catch_exception (dl-error-skeleton.c:196)
    n1: 256 0x4012BB8: _dl_open (dl-open.c:599)
     n1: 256 0x4876254: dlopen_doit (dlopen.c:66)
      n1: 256 0x49AEB2D: _dl_catch_exception (dl-error-skeleton.c:196)
       n1: 256 0x49AEBBD: _dl_catch_error (dl-error-skeleton.c:215)
        n1: 256 0x4876973: _dlerror_run (dlerror.c:163)
         n1: 256 0x48762E4: dlopen@@GLIBC_2.2.5 (dlopen.c:87)
          n1: 256 0x4860341: elektraModulesLoad (in /home/jenkins/workspace/build/linux/lib/libelektra-core.so.0.8.26)
           n1: 256 0x4849B7D: elektraPluginOpen (in /home/jenkins/workspace/build/linux/lib/libelektra-kdb.so.0.8.26)
            n0: 256 0x4012D3: main (in /home/jenkins/workspace/build/linux/bin/benchmark_plugingetset)
 n1: 256 0x48593C3: keyNew (in /home/jenkins/workspace/build/linux/lib/libelektra-core.so.0.8.26)
  n0: 256 in 4 places, all below massif's threshold (1.00%)
 n1: 233 0x400B58E: _dl_new_object (dl-object.c:163)
  n1: 233 0x4005E46: _dl_map_object_from_fd (dl-load.c:1001)
   n2: 233 0x4008A8B: _dl_map_object (dl-load.c:2466)
    n1: 172 0x400D290: openaux (dl-deps.c:64)
     n1: 172 0x49AEB2D: _dl_catch_exception (dl-error-skeleton.c:196)
      n1: 172 0x400D604: _dl_map_object_deps (dl-deps.c:248)
       n1: 172 0x401304E: dl_open_worker (dl-open.c:271)
        n1: 172 0x49AEB2D: _dl_catch_exception (dl-error-skeleton.c:196)
         n1: 172 0x4012BB8: _dl_open (dl-open.c:599)
          n1: 172 0x4876254: dlopen_doit (dlopen.c:66)
           n1: 172 0x49AEB2D: _dl_catch_exception (dl-error-skeleton.c:196)
            n1: 172 0x49AEBBD: _dl_catch_error (dl-error-skeleton.c:215)
             n1: 172 0x4876973: _dlerror_run (dlerror.c:163)
              n1: 172 0x48762E4: dlopen@@GLIBC_2.2.5 (dlopen.c:87)
               n1: 172 0x4860341: elektraModulesLoad (in /home/jenkins/workspace/build/linux/lib/libelektra-core.so.0.8.26)
                n1: 172 0x4849B7D: elektraPluginOpen (in /home/jenkins/workspace/build/linux/lib/libelektra-kdb.so.0.8.26)
                 n0: 172 0x4012D3: main (in /home/jenkins/workspace/build/linux/bin/benchmark_plugingetset)
    n0: 61 in 1 place, below massif's threshold (1.00%)
 n1: 192 0x485B4A0: ksNew (in /home/jenkins/workspace/build/linux/lib/libelektra-core.so.0.8.26)
  n0: 192 in 3 places, all below massif's threshold (1.00%)
 n1: 152 0x400D904: _dl_map_object_deps (dl-deps.c:479)
  n1: 152 0x401304E: dl_open_worker (dl-open.c:271)
   n1: 152 0x49AEB2D: _dl_catch_exception (dl-error-skeleton.c:196)
    n1: 152 0x4012BB8: _dl_open (dl-open.c:599)
     n1: 152 0x4876254: dlopen_doit (dlopen.c:66)
      n1: 152 0x49AEB2D: _dl_catch_exception (dl-error-skeleton.c:196)
       n1: 152 0x49AEBBD: _dl_catch_error (dl-error-skeleton.c:215)
        n1: 152 0x4876973: _dlerror_run (dlerror.c:163)
         n1: 152 0x48762E4: dlopen@@GLIBC_2.2.5 (dlopen.c:87)
          n1: 152 0x4860341: elektraModulesLoad (in /home/jenkins/workspace/build/linux/lib/libelektra-core.so.0.8.26)
           n1: 152 0x4849B7D: elektraPluginOpen (in /home/jenkins/workspace/build/linux/lib/libelektra-kdb.so.0.8.26)
            n0: 152 0x4012D3: main (in /home/jenkins/workspace/build/linux/bin/benchmark_plugingetset)
 n1: 134 0x40081A8: fillin_rpath (dl-load.c:509)
  n1: 134 0x40083BA: decompose_rpath.isra.10 (dl-load.c:631)
   n1: 134 0x4009105: _dl_map_object (dl-load.c:2297)
    n1: 134 0x400D290: openaux (dl-deps.c:64)
     n1: 134 0x49AEB2D: _dl_catch_exception (dl-error-skeleton.c:196)
      n1: 134 0x400D604: _dl_map_object_deps (dl-deps.c:248)
       n1: 134 0x401304E: dl_open_worker (dl-open.c:271)
        n1: 134 0x49AEB2D: _dl_catch_exception (dl-error-skeleton.c:196)
         n1: 134 0x4012BB8: _dl_open (dl-open.c:599)
          n1: 134 0x4876254: dlopen_doit (dlopen.c:66)
           n1: 134 0x49AEB2D: _dl_catch_exception (dl-error-skeleton.c:196)
            n1: 134 0x49AEBBD: _dl_catch_error (dl-error-skeleton.c:215)
             n1: 134 0x4876973: _dlerror_run (dlerror.c:163)
              n1: 134 0x48762E4: dlopen@@GLIBC_2.2.5 (dlopen.c:87)
               n1: 134 0x4860341: elektraModulesLoad (in /home/jenkins/workspace/build/linux/lib/libelektra-core.so.0.8.26)
                n1: 134 0x4849B7D: elektraPluginOpen (in /home/jenkins/workspace/build/linux/lib/libelektra-kdb.so.0.8.26)
                 n0: 134 0x4012D3: main (in /home/jenkins/workspace/build/linux/bin/benchmark_plugingetset)
 n1: 124 0x4007798: open_path (dl-load.c:2112)
  n1: 124 0x4008C16: _dl_map_object (dl-load.c:2297)
   n0: 124 in 2 places, all below massif's threshold (1.00%)
#-----------
snapshot=30
#-----------
time=856791
mem_heap_B=12411
mem_heap_extra_B=549
mem_stacks_B=0
heap_tree=empty
#-----------
snapshot=31
#-----------
time=937744
mem_heap_B=14363
mem_heap_extra_B=557
mem_stacks_B=0
heap_tree=empty
#-----------
snapshot=32
#-----------
time=938627
mem_heap_B=13371
mem_heap_extra_B=549
mem_stacks_B=0
heap_tree=empty
#-----------
snapshot=33
#-----------
time=3221431
mem_heap_B=17435
mem_heap_extra_B=557
mem_stacks_B=0
heap_tree=empty
#-----------
snapshot=34
#-----------
time=3223062
mem_heap_B=15483
mem_heap_extra_B=549
mem_stacks_B=0
heap_tree=empty
#-----------
snapshot=35
#-----------
time=4956904
mem_heap_B=88187
mem_heap_extra_B=557
mem_stacks_B=0
heap_tree=empty
#-----------
snapshot=36
#-----------
time=5008513
mem_heap_B=88251
mem_heap_extra_B=565
mem_stacks_B=0
heap_tree=empty
#-----------
snapshot=37
#-----------
time=5012614
mem_heap_B=88508
mem_heap_extra_B=612
mem_stacks_B=0
heap_tree=empty
#-----------
snapshot=38
#-----------
time=5015301
mem_heap_B=88572
mem_heap_extra_B=620
mem_stacks_B=0
heap_tree=empty
#-----------
snapshot=39
#-----------
time=5019416
mem_heap_B=91623
mem_heap_extra_B=777
mem_stacks_B=0
heap_tree=empty
#-----------
snapshot=40
#-----------
time=5023087
mem_heap_B=92562
mem_heap_extra_B=838
mem_stacks_B=0
heap_tree=empty
#-----------
snapshot=41
#-----------
time=5025488
mem_heap_B=93288
mem_heap_extra_B=904
mem_stacks_B=0
heap_tree=peak
n7: 93288 (heap allocation functions) malloc/new/new[], --alloc-fns, etc.
 n1: 72704 0x4F09454: ??? (in /usr/lib/x86_64-linux-gnu/libstdc++.so.6.0.25)
  n1: 72704 0x400F378: call_init.part.0 (dl-init.c:72)
   n1: 72704 0x400F474: _dl_init (dl-init.c:118)
    n1: 72704 0x40132D1: dl_open_worker (dl-open.c:517)
     n1: 72704 0x49AEB2D: _dl_catch_exception (dl-error-skeleton.c:196)
      n1: 72704 0x4012BB8: _dl_open (dl-open.c:599)
       n1: 72704 0x4876254: dlopen_doit (dlopen.c:66)
        n1: 72704 0x49AEB2D: _dl_catch_exception (dl-error-skeleton.c:196)
         n1: 72704 0x49AEBBD: _dl_catch_error (dl-error-skeleton.c:215)
          n1: 72704 0x4876973: _dlerror_run (dlerror.c:163)
           n1: 72704 0x48762E4: dlopen@@GLIBC_2.2.5 (dlopen.c:87)
            n1: 72704 0x4860341: elektraModulesLoad (in /home/jenkins/workspace/build/linux/lib/libelektra-core.so.0.8.26)
             n1: 72704 0x4849B7D: elektraPluginOpen (in /home/jenkins/workspace/build/linux/lib/libelektra-kdb.so.0.8.26)
              n0: 72704 0x4012D3: main (in /home/jenkins/workspace/build/linux/bin/benchmark_plugingetset)
 n1: 5963 0x400B2AC: _dl_new_object (dl-object.c:73)
  n1: 5963 0x4005E46: _dl_map_object_from_fd (dl-load.c:1001)
   n2: 5963 0x4008A8B: _dl_map_object (dl-load.c:2466)
    n1: 4766 0x400D290: openaux (dl-deps.c:64)
     n1: 4766 0x49AEB2D: _dl_catch_exception (dl-error-skeleton.c:196)
      n1: 4766 0x400D604: _dl_map_object_deps (dl-deps.c:248)
       n1: 4766 0x401304E: dl_open_worker (dl-open.c:271)
        n1: 4766 0x49AEB2D: _dl_catch_exception (dl-error-skeleton.c:196)
         n1: 4766 0x4012BB8: _dl_open (dl-open.c:599)
          n1: 4766 0x4876254: dlopen_doit (dlopen.c:66)
           n1: 4766 0x49AEB2D: _dl_catch_exception (dl-error-skeleton.c:196)
            n1: 4766 0x49AEBBD: _dl_catch_error (dl-error-skeleton.c:215)
             n1: 4766 0x4876973: _dlerror_run (dlerror.c:163)
              n1: 4766 0x48762E4: dlopen@@GLIBC_2.2.5 (dlopen.c:87)
               n1: 4766 0x4860341: elektraModulesLoad (in /home/jenkins/workspace/build/linux/lib/libelektra-core.so.0.8.26)
                n1: 4766 0x4849B7D: elektraPluginOpen (in /home/jenkins/workspace/build/linux/lib/libelektra-kdb.so.0.8.26)
                 n0: 4766 0x4012D3: main (in /home/jenkins/workspace/build/linux/bin/benchmark_plugingetset)
    n1: 1197 0x4012FE9: dl_open_worker (dl-open.c:228)
     n1: 1197 0x49AEB2D: _dl_catch_exception (dl-error-skeleton.c:196)
      n1: 1197 0x4012BB8: _dl_open (dl-open.c:599)
       n1: 1197 0x4876254: dlopen_doit (dlopen.c:66)
        n1: 1197 0x49AEB2D: _dl_catch_exception (dl-error-skeleton.c:196)
         n1: 1197 0x49AEBBD: _dl_catch_error (dl-error-skeleton.c:215)
          n1: 1197 0x4876973: _dlerror_run (dlerror.c:163)
           n1: 1197 0x48762E4: dlopen@@GLIBC_2.2.5 (dlopen.c:87)
            n1: 1197 0x4860341: elektraModulesLoad (in /home/jenkins/workspace/build/linux/lib/libelektra-core.so.0.8.26)
             n1: 1197 0x4849B7D: elektraPluginOpen (in /home/jenkins/workspace/build/linux/lib/libelektra-kdb.so.0.8.26)
              n0: 1197 0x4012D3: main (in /home/jenkins/workspace/build/linux/bin/benchmark_plugingetset)
 n1: 4064 0x400A095: do_lookup_x (dl-lookup.c:253)
  n1: 4064 0x400A38D: _dl_lookup_symbol_x (dl-lookup.c:814)
   n1: 4064 0x400BD5C: _dl_relocate_object (dl-machine.h:308)
    n1: 4064 0x401319C: dl_open_worker (dl-open.c:377)
     n1: 4064 0x49AEB2D: _dl_catch_exception (dl-error-skeleton.c:196)
      n1: 4064 0x4012BB8: _dl_open (dl-open.c:599)
       n1: 4064 0x4876254: dlopen_doit (dlopen.c:66)
        n1: 4064 0x49AEB2D: _dl_catch_exception (dl-error-skeleton.c:196)
         n1: 4064 0x49AEBBD: _dl_catch_error (dl-error-skeleton.c:215)
          n1: 4064 0x4876973: _dlerror_run (dlerror.c:163)
           n1: 4064 0x48762E4: dlopen@@GLIBC_2.2.5 (dlopen.c:87)
            n1: 4064 0x4860341: elektraModulesLoad (in /home/jenkins/workspace/build/linux/lib/libelektra-core.so.0.8.26)
             n1: 4064 0x4849B7D: elektraPluginOpen (in /home/jenkins/workspace/build/linux/lib/libelektra-kdb.so.0.8.26)
              n0: 4064 0x4012D3: main (in /home/jenkins/workspace/build/linux/bin/benchmark_plugingetset)
 n0: 3957 in 28 places, all below massif's threshold (1.00%)
 n1: 3200 0x4E477FF: ???
  n0: 3200 in 49 places, all below massif's threshold (1.00%)
 n1: 2376 0x4010A1E: _dl_check_map_versions (dl-version.c:274)
  n1: 2376 0x4013094: dl_open_worker (dl-open.c:277)
   n1: 2376 0x49AEB2D: _dl_catch_exception (dl-error-skeleton.c:196)
    n1: 2376 0x4012BB8: _dl_open (dl-open.c:599)
     n1: 2376 0x4876254: dlopen_doit (dlopen.c:66)
      n1: 2376 0x49AEB2D: _dl_catch_exception (dl-error-skeleton.c:196)
       n1: 2376 0x49AEBBD: _dl_catch_error (dl-error-skeleton.c:215)
        n1: 2376 0x4876973: _dlerror_run (dlerror.c:163)
         n1: 2376 0x48762E4: dlopen@@GLIBC_2.2.5 (dlopen.c:87)
          n1: 2376 0x4860341: elektraModulesLoad (in /home/jenkins/workspace/build/linux/lib/libelektra-core.so.0.8.26)
           n1: 2376 0x4849B7D: elektraPluginOpen (in /home/jenkins/workspace/build/linux/lib/libelektra-kdb.so.0.8.26)
            n0: 2376 0x4012D3: main (in /home/jenkins/workspace/build/linux/bin/benchmark_plugingetset)
 n1: 1024 0x4858B77: elektraVFormat (in /home/jenkins/workspace/build/linux/lib/libelektra-core.so.0.8.26)
  n1: 1024 0x4858B56: elektraFormat (in /home/jenkins/workspace/build/linux/lib/libelektra-core.so.0.8.26)
   n0: 1024 in 2 places, all below massif's threshold (1.00%)
#-----------
snapshot=42
#-----------
time=5030284
mem_heap_B=92519
mem_heap_extra_B=825
mem_stacks_B=0
heap_tree=empty
#-----------
snapshot=43
#-----------
time=5035330
mem_heap_B=91249
mem_heap_extra_B=735
mem_stacks_B=0
heap_tree=empty
#-----------
snapshot=44
#-----------
time=5040562
mem_heap_B=91701
mem_heap_extra_B=867
mem_stacks_B=0
heap_tree=empty
#-----------
snapshot=45
#-----------
time=5044162
mem_heap_B=88874
mem_heap_extra_B=702
mem_stacks_B=0
heap_tree=empty
#-----------
snapshot=46
#-----------
time=5048952
mem_heap_B=88435
mem_heap_extra_B=645
mem_stacks_B=0
heap_tree=detailed
n6: 88435 (heap allocation functions) malloc/new/new[], --alloc-fns, etc.
 n1: 72704 0x4F09454: ??? (in /usr/lib/x86_64-linux-gnu/libstdc++.so.6.0.25)
  n1: 72704 0x400F378: call_init.part.0 (dl-init.c:72)
   n1: 72704 0x400F474: _dl_init (dl-init.c:118)
    n1: 72704 0x40132D1: dl_open_worker (dl-open.c:517)
     n1: 72704 0x49AEB2D: _dl_catch_exception (dl-error-skeleton.c:196)
      n1: 72704 0x4012BB8: _dl_open (dl-open.c:599)
       n1: 72704 0x4876254: dlopen_doit (dlopen.c:66)
        n1: 72704 0x49AEB2D: _dl_catch_exception (dl-error-skeleton.c:196)
         n1: 72704 0x49AEBBD: _dl_catch_error (dl-error-skeleton.c:215)
          n1: 72704 0x4876973: _dlerror_run (dlerror.c:163)
           n1: 72704 0x48762E4: dlopen@@GLIBC_2.2.5 (dlopen.c:87)
            n1: 72704 0x4860341: elektraModulesLoad (in /home/jenkins/workspace/build/linux/lib/libelektra-core.so.0.8.26)
             n1: 72704 0x4849B7D: elektraPluginOpen (in /home/jenkins/workspace/build/linux/lib/libelektra-kdb.so.0.8.26)
              n0: 72704 0x4012D3: main (in /home/jenkins/workspace/build/linux/bin/benchmark_plugingetset)
 n1: 5963 0x400B2AC: _dl_new_object (dl-object.c:73)
  n1: 5963 0x4005E46: _dl_map_object_from_fd (dl-load.c:1001)
   n2: 5963 0x4008A8B: _dl_map_object (dl-load.c:2466)
    n1: 4766 0x400D290: openaux (dl-deps.c:64)
     n1: 4766 0x49AEB2D: _dl_catch_exception (dl-error-skeleton.c:196)
      n1: 4766 0x400D604: _dl_map_object_deps (dl-deps.c:248)
       n1: 4766 0x401304E: dl_open_worker (dl-open.c:271)
        n1: 4766 0x49AEB2D: _dl_catch_exception (dl-error-skeleton.c:196)
         n1: 4766 0x4012BB8: _dl_open (dl-open.c:599)
          n1: 4766 0x4876254: dlopen_doit (dlopen.c:66)
           n1: 4766 0x49AEB2D: _dl_catch_exception (dl-error-skeleton.c:196)
            n1: 4766 0x49AEBBD: _dl_catch_error (dl-error-skeleton.c:215)
             n1: 4766 0x4876973: _dlerror_run (dlerror.c:163)
              n1: 4766 0x48762E4: dlopen@@GLIBC_2.2.5 (dlopen.c:87)
               n1: 4766 0x4860341: elektraModulesLoad (in /home/jenkins/workspace/build/linux/lib/libelektra-core.so.0.8.26)
                n1: 4766 0x4849B7D: elektraPluginOpen (in /home/jenkins/workspace/build/linux/lib/libelektra-kdb.so.0.8.26)
                 n0: 4766 0x4012D3: main (in /home/jenkins/workspace/build/linux/bin/benchmark_plugingetset)
    n1: 1197 0x4012FE9: dl_open_worker (dl-open.c:228)
     n1: 1197 0x49AEB2D: _dl_catch_exception (dl-error-skeleton.c:196)
      n1: 1197 0x4012BB8: _dl_open (dl-open.c:599)
       n1: 1197 0x4876254: dlopen_doit (dlopen.c:66)
        n1: 1197 0x49AEB2D: _dl_catch_exception (dl-error-skeleton.c:196)
         n1: 1197 0x49AEBBD: _dl_catch_error (dl-error-skeleton.c:215)
          n1: 1197 0x4876973: _dlerror_run (dlerror.c:163)
           n1: 1197 0x48762E4: dlopen@@GLIBC_2.2.5 (dlopen.c:87)
            n1: 1197 0x4860341: elektraModulesLoad (in /home/jenkins/workspace/build/linux/lib/libelektra-core.so.0.8.26)
             n1: 1197 0x4849B7D: elektraPluginOpen (in /home/jenkins/workspace/build/linux/lib/libelektra-kdb.so.0.8.26)
              n0: 1197 0x4012D3: main (in /home/jenkins/workspace/build/linux/bin/benchmark_plugingetset)
 n1: 4064 0x400A095: do_lookup_x (dl-lookup.c:253)
  n1: 4064 0x400A38D: _dl_lookup_symbol_x (dl-lookup.c:814)
   n1: 4064 0x400BD5C: _dl_relocate_object (dl-machine.h:308)
    n1: 4064 0x401319C: dl_open_worker (dl-open.c:377)
     n1: 4064 0x49AEB2D: _dl_catch_exception (dl-error-skeleton.c:196)
      n1: 4064 0x4012BB8: _dl_open (dl-open.c:599)
       n1: 4064 0x4876254: dlopen_doit (dlopen.c:66)
        n1: 4064 0x49AEB2D: _dl_catch_exception (dl-error-skeleton.c:196)
         n1: 4064 0x49AEBBD: _dl_catch_error (dl-error-skeleton.c:215)
          n1: 4064 0x4876973: _dlerror_run (dlerror.c:163)
           n1: 4064 0x48762E4: dlopen@@GLIBC_2.2.5 (dlopen.c:87)
            n1: 4064 0x4860341: elektraModulesLoad (in /home/jenkins/workspace/build/linux/lib/libelektra-core.so.0.8.26)
             n1: 4064 0x4849B7D: elektraPluginOpen (in /home/jenkins/workspace/build/linux/lib/libelektra-kdb.so.0.8.26)
              n0: 4064 0x4012D3: main (in /home/jenkins/workspace/build/linux/bin/benchmark_plugingetset)
 n1: 2376 0x4010A1E: _dl_check_map_versions (dl-version.c:274)
  n1: 2376 0x4013094: dl_open_worker (dl-open.c:277)
   n1: 2376 0x49AEB2D: _dl_catch_exception (dl-error-skeleton.c:196)
    n1: 2376 0x4012BB8: _dl_open (dl-open.c:599)
     n1: 2376 0x4876254: dlopen_doit (dlopen.c:66)
      n1: 2376 0x49AEB2D: _dl_catch_exception (dl-error-skeleton.c:196)
       n1: 2376 0x49AEBBD: _dl_catch_error (dl-error-skeleton.c:215)
        n1: 2376 0x4876973: _dlerror_run (dlerror.c:163)
         n1: 2376 0x48762E4: dlopen@@GLIBC_2.2.5 (dlopen.c:87)
          n1: 2376 0x4860341: elektraModulesLoad (in /home/jenkins/workspace/build/linux/lib/libelektra-core.so.0.8.26)
           n1: 2376 0x4849B7D: elektraPluginOpen (in /home/jenkins/workspace/build/linux/lib/libelektra-kdb.so.0.8.26)
            n0: 2376 0x4012D3: main (in /home/jenkins/workspace/build/linux/bin/benchmark_plugingetset)
 n0: 2304 in 35 places, all below massif's threshold (1.00%)
 n1: 1024 0x4858B77: elektraVFormat (in /home/jenkins/workspace/build/linux/lib/libelektra-core.so.0.8.26)
  n1: 1024 0x4858B56: elektraFormat (in /home/jenkins/workspace/build/linux/lib/libelektra-core.so.0.8.26)
   n0: 1024 in 2 places, all below massif's threshold (1.00%)
#-----------
snapshot=47
#-----------
time=5054022
mem_heap_B=88421
mem_heap_extra_B=635
mem_stacks_B=0
heap_tree=empty
#-----------
snapshot=48
#-----------
time=5059085
mem_heap_B=88453
mem_heap_extra_B=643
mem_stacks_B=0
heap_tree=empty
#-----------
snapshot=49
#-----------
time=5059619
mem_heap_B=88277
mem_heap_extra_B=651
mem_stacks_B=0
heap_tree=empty
#-----------
snapshot=50
#-----------
time=5060226
mem_heap_B=85245
mem_heap_extra_B=523
mem_stacks_B=0
heap_tree=empty
#-----------
snapshot=51
#-----------
time=5061916
mem_heap_B=84848
mem_heap_extra_B=440
mem_stacks_B=0
heap_tree=empty
#-----------
snapshot=52
#-----------
time=5062755
mem_heap_B=84656
mem_heap_extra_B=424
mem_stacks_B=0
heap_tree=empty
#-----------
snapshot=53
#-----------
time=5064314
mem_heap_B=84080
mem_heap_extra_B=408
mem_stacks_B=0
heap_tree=empty
#-----------
snapshot=54
#-----------
time=5064882
mem_heap_B=83031
mem_heap_extra_B=273
mem_stacks_B=0
heap_tree=empty
#-----------
snapshot=55
#-----------
time=5071546
mem_heap_B=82897
mem_heap_extra_B=255
mem_stacks_B=0
heap_tree=empty
