desc: --massif-out-file=results/generated_0_yanlr_linux_clang6.0.1.out
cmd: build/linux/bin/benchmark_plugingetset benchmarks/data/generated_0 user yanlr get
time_unit: i
#-----------
snapshot=0
#-----------
time=0
mem_heap_B=0
mem_heap_extra_B=0
mem_stacks_B=0
heap_tree=empty
#-----------
snapshot=1
#-----------
time=204426
mem_heap_B=64
mem_heap_extra_B=8
mem_stacks_B=0
heap_tree=empty
#-----------
snapshot=2
#-----------
time=217912
mem_heap_B=1322
mem_heap_extra_B=54
mem_stacks_B=0
heap_tree=empty
#-----------
snapshot=3
#-----------
time=232316
mem_heap_B=1396
mem_heap_extra_B=76
mem_stacks_B=0
heap_tree=empty
#-----------
snapshot=4
#-----------
time=256535
mem_heap_B=2036
mem_heap_extra_B=188
mem_stacks_B=0
heap_tree=empty
#-----------
snapshot=5
#-----------
time=280710
mem_heap_B=7470
mem_heap_extra_B=370
mem_stacks_B=0
heap_tree=empty
#-----------
snapshot=6
#-----------
time=297328
mem_heap_B=9993
mem_heap_extra_B=455
mem_stacks_B=0
heap_tree=detailed
n11: 9993 (heap allocation functions) malloc/new/new[], --alloc-fns, etc.
 n1: 7172 0x400B2AC: _dl_new_object (dl-object.c:73)
  n1: 7172 0x4005E46: _dl_map_object_from_fd (dl-load.c:1001)
   n2: 7172 0x4008A8B: _dl_map_object (dl-load.c:2466)
    n1: 5976 0x400D290: openaux (dl-deps.c:64)
     n1: 5976 0x49AEB2D: _dl_catch_exception (dl-error-skeleton.c:196)
      n1: 5976 0x400D604: _dl_map_object_deps (dl-deps.c:248)
       n1: 5976 0x401304E: dl_open_worker (dl-open.c:271)
        n1: 5976 0x49AEB2D: _dl_catch_exception (dl-error-skeleton.c:196)
         n1: 5976 0x4012BB8: _dl_open (dl-open.c:599)
          n1: 5976 0x4876254: dlopen_doit (dlopen.c:66)
           n1: 5976 0x49AEB2D: _dl_catch_exception (dl-error-skeleton.c:196)
            n1: 5976 0x49AEBBD: _dl_catch_error (dl-error-skeleton.c:215)
             n1: 5976 0x4876973: _dlerror_run (dlerror.c:163)
              n1: 5976 0x48762E4: dlopen@@GLIBC_2.2.5 (dlopen.c:87)
               n1: 5976 0x4860341: elektraModulesLoad (in /home/jenkins/workspace/build/linux/lib/libelektra-core.so.0.8.26)
                n1: 5976 0x4849B7D: elektraPluginOpen (in /home/jenkins/workspace/build/linux/lib/libelektra-kdb.so.0.8.26)
                 n0: 5976 0x4012D3: main (in /home/jenkins/workspace/build/linux/bin/benchmark_plugingetset)
    n1: 1196 0x4012FE9: dl_open_worker (dl-open.c:228)
     n1: 1196 0x49AEB2D: _dl_catch_exception (dl-error-skeleton.c:196)
      n1: 1196 0x4012BB8: _dl_open (dl-open.c:599)
       n1: 1196 0x4876254: dlopen_doit (dlopen.c:66)
        n1: 1196 0x49AEB2D: _dl_catch_exception (dl-error-skeleton.c:196)
         n1: 1196 0x49AEBBD: _dl_catch_error (dl-error-skeleton.c:215)
          n1: 1196 0x4876973: _dlerror_run (dlerror.c:163)
           n1: 1196 0x48762E4: dlopen@@GLIBC_2.2.5 (dlopen.c:87)
            n1: 1196 0x4860341: elektraModulesLoad (in /home/jenkins/workspace/build/linux/lib/libelektra-core.so.0.8.26)
             n1: 1196 0x4849B7D: elektraPluginOpen (in /home/jenkins/workspace/build/linux/lib/libelektra-kdb.so.0.8.26)
              n0: 1196 0x4012D3: main (in /home/jenkins/workspace/build/linux/bin/benchmark_plugingetset)
 n1: 1024 0x4858B77: elektraVFormat (in /home/jenkins/workspace/build/linux/lib/libelektra-core.so.0.8.26)
  n2: 1024 0x4858B56: elektraFormat (in /home/jenkins/workspace/build/linux/lib/libelektra-core.so.0.8.26)
   n0: 512 0x401256: main (in /home/jenkins/workspace/build/linux/bin/benchmark_plugingetset)
   n0: 512 0x40126B: main (in /home/jenkins/workspace/build/linux/bin/benchmark_plugingetset)
 n3: 384 0x485B4E7: ksNew (in /home/jenkins/workspace/build/linux/lib/libelektra-core.so.0.8.26)
  n0: 128 0x40123F: main (in /home/jenkins/workspace/build/linux/bin/benchmark_plugingetset)
  n0: 128 0x401296: main (in /home/jenkins/workspace/build/linux/bin/benchmark_plugingetset)
  n0: 128 0x4012A4: main (in /home/jenkins/workspace/build/linux/bin/benchmark_plugingetset)
 n1: 310 0x400B58E: _dl_new_object (dl-object.c:163)
  n1: 310 0x4005E46: _dl_map_object_from_fd (dl-load.c:1001)
   n2: 310 0x4008A8B: _dl_map_object (dl-load.c:2466)
    n1: 250 0x400D290: openaux (dl-deps.c:64)
     n1: 250 0x49AEB2D: _dl_catch_exception (dl-error-skeleton.c:196)
      n1: 250 0x400D604: _dl_map_object_deps (dl-deps.c:248)
       n1: 250 0x401304E: dl_open_worker (dl-open.c:271)
        n1: 250 0x49AEB2D: _dl_catch_exception (dl-error-skeleton.c:196)
         n1: 250 0x4012BB8: _dl_open (dl-open.c:599)
          n1: 250 0x4876254: dlopen_doit (dlopen.c:66)
           n1: 250 0x49AEB2D: _dl_catch_exception (dl-error-skeleton.c:196)
            n1: 250 0x49AEBBD: _dl_catch_error (dl-error-skeleton.c:215)
             n1: 250 0x4876973: _dlerror_run (dlerror.c:163)
              n1: 250 0x48762E4: dlopen@@GLIBC_2.2.5 (dlopen.c:87)
               n1: 250 0x4860341: elektraModulesLoad (in /home/jenkins/workspace/build/linux/lib/libelektra-core.so.0.8.26)
                n1: 250 0x4849B7D: elektraPluginOpen (in /home/jenkins/workspace/build/linux/lib/libelektra-kdb.so.0.8.26)
                 n0: 250 0x4012D3: main (in /home/jenkins/workspace/build/linux/bin/benchmark_plugingetset)
    n0: 60 in 1 place, below massif's threshold (1.00%)
 n1: 256 0x48593C3: keyNew (in /home/jenkins/workspace/build/linux/lib/libelektra-core.so.0.8.26)
  n0: 256 in 4 places, all below massif's threshold (1.00%)
 n1: 192 0x485B4A0: ksNew (in /home/jenkins/workspace/build/linux/lib/libelektra-core.so.0.8.26)
  n0: 192 in 3 places, all below massif's threshold (1.00%)
 n1: 184 0x4007798: open_path (dl-load.c:2112)
  n2: 184 0x4008C16: _dl_map_object (dl-load.c:2297)
   n1: 124 0x400D290: openaux (dl-deps.c:64)
    n1: 124 0x49AEB2D: _dl_catch_exception (dl-error-skeleton.c:196)
     n1: 124 0x400D604: _dl_map_object_deps (dl-deps.c:248)
      n1: 124 0x401304E: dl_open_worker (dl-open.c:271)
       n1: 124 0x49AEB2D: _dl_catch_exception (dl-error-skeleton.c:196)
        n1: 124 0x4012BB8: _dl_open (dl-open.c:599)
         n1: 124 0x4876254: dlopen_doit (dlopen.c:66)
          n1: 124 0x49AEB2D: _dl_catch_exception (dl-error-skeleton.c:196)
           n1: 124 0x49AEBBD: _dl_catch_error (dl-error-skeleton.c:215)
            n1: 124 0x4876973: _dlerror_run (dlerror.c:163)
             n1: 124 0x48762E4: dlopen@@GLIBC_2.2.5 (dlopen.c:87)
              n1: 124 0x4860341: elektraModulesLoad (in /home/jenkins/workspace/build/linux/lib/libelektra-core.so.0.8.26)
               n1: 124 0x4849B7D: elektraPluginOpen (in /home/jenkins/workspace/build/linux/lib/libelektra-kdb.so.0.8.26)
                n0: 124 0x4012D3: main (in /home/jenkins/workspace/build/linux/bin/benchmark_plugingetset)
   n0: 60 in 1 place, below massif's threshold (1.00%)
 n1: 133 0x40081A8: fillin_rpath (dl-load.c:509)
  n1: 133 0x40083BA: decompose_rpath.isra.10 (dl-load.c:631)
   n1: 133 0x4009105: _dl_map_object (dl-load.c:2297)
    n1: 133 0x400D290: openaux (dl-deps.c:64)
     n1: 133 0x49AEB2D: _dl_catch_exception (dl-error-skeleton.c:196)
      n1: 133 0x400D604: _dl_map_object_deps (dl-deps.c:248)
       n1: 133 0x401304E: dl_open_worker (dl-open.c:271)
        n1: 133 0x49AEB2D: _dl_catch_exception (dl-error-skeleton.c:196)
         n1: 133 0x4012BB8: _dl_open (dl-open.c:599)
          n1: 133 0x4876254: dlopen_doit (dlopen.c:66)
           n1: 133 0x49AEB2D: _dl_catch_exception (dl-error-skeleton.c:196)
            n1: 133 0x49AEBBD: _dl_catch_error (dl-error-skeleton.c:215)
             n1: 133 0x4876973: _dlerror_run (dlerror.c:163)
              n1: 133 0x48762E4: dlopen@@GLIBC_2.2.5 (dlopen.c:87)
               n1: 133 0x4860341: elektraModulesLoad (in /home/jenkins/workspace/build/linux/lib/libelektra-core.so.0.8.26)
                n1: 133 0x4849B7D: elektraPluginOpen (in /home/jenkins/workspace/build/linux/lib/libelektra-kdb.so.0.8.26)
                 n0: 133 0x4012D3: main (in /home/jenkins/workspace/build/linux/bin/benchmark_plugingetset)
 n2: 126 0x401AAD8: strdup (strdup.c:42)
  n1: 126 0x4016065: _dl_load_cache_lookup (dl-cache.c:317)
   n1: 126 0x4008D09: _dl_map_object (dl-load.c:2332)
    n1: 126 0x400D290: openaux (dl-deps.c:64)
     n1: 126 0x49AEB2D: _dl_catch_exception (dl-error-skeleton.c:196)
      n1: 126 0x400D604: _dl_map_object_deps (dl-deps.c:248)
       n1: 126 0x401304E: dl_open_worker (dl-open.c:271)
        n1: 126 0x49AEB2D: _dl_catch_exception (dl-error-skeleton.c:196)
         n1: 126 0x4012BB8: _dl_open (dl-open.c:599)
          n1: 126 0x4876254: dlopen_doit (dlopen.c:66)
           n1: 126 0x49AEB2D: _dl_catch_exception (dl-error-skeleton.c:196)
            n1: 126 0x49AEBBD: _dl_catch_error (dl-error-skeleton.c:215)
             n1: 126 0x4876973: _dlerror_run (dlerror.c:163)
              n1: 126 0x48762E4: dlopen@@GLIBC_2.2.5 (dlopen.c:87)
               n1: 126 0x4860341: elektraModulesLoad (in /home/jenkins/workspace/build/linux/lib/libelektra-core.so.0.8.26)
                n1: 126 0x4849B7D: elektraPluginOpen (in /home/jenkins/workspace/build/linux/lib/libelektra-kdb.so.0.8.26)
                 n0: 126 0x4012D3: main (in /home/jenkins/workspace/build/linux/bin/benchmark_plugingetset)
  n0: 0 in 2 places, all below massif's threshold (1.00%)
 n0: 108 in 6 places, all below massif's threshold (1.00%)
 n1: 104 0x48589D0: elektraRealloc (in /home/jenkins/workspace/build/linux/lib/libelektra-core.so.0.8.26)
  n0: 104 in 2 places, all below massif's threshold (1.00%)
#-----------
snapshot=7
#-----------
time=311310
mem_heap_B=11327
mem_heap_extra_B=529
mem_stacks_B=0
heap_tree=empty
#-----------
snapshot=8
#-----------
time=329098
mem_heap_B=12762
mem_heap_extra_B=622
mem_stacks_B=0
heap_tree=empty
#-----------
snapshot=9
#-----------
time=341260
mem_heap_B=12850
mem_heap_extra_B=638
mem_stacks_B=0
heap_tree=detailed
n10: 12850 (heap allocation functions) malloc/new/new[], --alloc-fns, etc.
 n1: 9551 0x400B2AC: _dl_new_object (dl-object.c:73)
  n1: 9551 0x4005E46: _dl_map_object_from_fd (dl-load.c:1001)
   n2: 9551 0x4008A8B: _dl_map_object (dl-load.c:2466)
    n1: 8355 0x400D290: openaux (dl-deps.c:64)
     n1: 8355 0x49AEB2D: _dl_catch_exception (dl-error-skeleton.c:196)
      n1: 8355 0x400D604: _dl_map_object_deps (dl-deps.c:248)
       n1: 8355 0x401304E: dl_open_worker (dl-open.c:271)
        n1: 8355 0x49AEB2D: _dl_catch_exception (dl-error-skeleton.c:196)
         n1: 8355 0x4012BB8: _dl_open (dl-open.c:599)
          n1: 8355 0x4876254: dlopen_doit (dlopen.c:66)
           n1: 8355 0x49AEB2D: _dl_catch_exception (dl-error-skeleton.c:196)
            n1: 8355 0x49AEBBD: _dl_catch_error (dl-error-skeleton.c:215)
             n1: 8355 0x4876973: _dlerror_run (dlerror.c:163)
              n1: 8355 0x48762E4: dlopen@@GLIBC_2.2.5 (dlopen.c:87)
               n1: 8355 0x4860341: elektraModulesLoad (in /home/jenkins/workspace/build/linux/lib/libelektra-core.so.0.8.26)
                n1: 8355 0x4849B7D: elektraPluginOpen (in /home/jenkins/workspace/build/linux/lib/libelektra-kdb.so.0.8.26)
                 n0: 8355 0x4012D3: main (in /home/jenkins/workspace/build/linux/bin/benchmark_plugingetset)
    n1: 1196 0x4012FE9: dl_open_worker (dl-open.c:228)
     n1: 1196 0x49AEB2D: _dl_catch_exception (dl-error-skeleton.c:196)
      n1: 1196 0x4012BB8: _dl_open (dl-open.c:599)
       n1: 1196 0x4876254: dlopen_doit (dlopen.c:66)
        n1: 1196 0x49AEB2D: _dl_catch_exception (dl-error-skeleton.c:196)
         n1: 1196 0x49AEBBD: _dl_catch_error (dl-error-skeleton.c:215)
          n1: 1196 0x4876973: _dlerror_run (dlerror.c:163)
           n1: 1196 0x48762E4: dlopen@@GLIBC_2.2.5 (dlopen.c:87)
            n1: 1196 0x4860341: elektraModulesLoad (in /home/jenkins/workspace/build/linux/lib/libelektra-core.so.0.8.26)
             n1: 1196 0x4849B7D: elektraPluginOpen (in /home/jenkins/workspace/build/linux/lib/libelektra-kdb.so.0.8.26)
              n0: 1196 0x4012D3: main (in /home/jenkins/workspace/build/linux/bin/benchmark_plugingetset)
 n1: 1024 0x4858B77: elektraVFormat (in /home/jenkins/workspace/build/linux/lib/libelektra-core.so.0.8.26)
  n2: 1024 0x4858B56: elektraFormat (in /home/jenkins/workspace/build/linux/lib/libelektra-core.so.0.8.26)
   n0: 512 0x401256: main (in /home/jenkins/workspace/build/linux/bin/benchmark_plugingetset)
   n0: 512 0x40126B: main (in /home/jenkins/workspace/build/linux/bin/benchmark_plugingetset)
 n1: 384 0x485B4E7: ksNew (in /home/jenkins/workspace/build/linux/lib/libelektra-core.so.0.8.26)
  n0: 384 in 3 places, all below massif's threshold (1.00%)
 n1: 381 0x400B58E: _dl_new_object (dl-object.c:163)
  n1: 381 0x4005E46: _dl_map_object_from_fd (dl-load.c:1001)
   n2: 381 0x4008A8B: _dl_map_object (dl-load.c:2466)
    n1: 321 0x400D290: openaux (dl-deps.c:64)
     n1: 321 0x49AEB2D: _dl_catch_exception (dl-error-skeleton.c:196)
      n1: 321 0x400D604: _dl_map_object_deps (dl-deps.c:248)
       n1: 321 0x401304E: dl_open_worker (dl-open.c:271)
        n1: 321 0x49AEB2D: _dl_catch_exception (dl-error-skeleton.c:196)
         n1: 321 0x4012BB8: _dl_open (dl-open.c:599)
          n1: 321 0x4876254: dlopen_doit (dlopen.c:66)
           n1: 321 0x49AEB2D: _dl_catch_exception (dl-error-skeleton.c:196)
            n1: 321 0x49AEBBD: _dl_catch_error (dl-error-skeleton.c:215)
             n1: 321 0x4876973: _dlerror_run (dlerror.c:163)
              n1: 321 0x48762E4: dlopen@@GLIBC_2.2.5 (dlopen.c:87)
               n1: 321 0x4860341: elektraModulesLoad (in /home/jenkins/workspace/build/linux/lib/libelektra-core.so.0.8.26)
                n1: 321 0x4849B7D: elektraPluginOpen (in /home/jenkins/workspace/build/linux/lib/libelektra-kdb.so.0.8.26)
                 n0: 321 0x4012D3: main (in /home/jenkins/workspace/build/linux/bin/benchmark_plugingetset)
    n0: 60 in 1 place, below massif's threshold (1.00%)
 n0: 345 in 8 places, all below massif's threshold (1.00%)
 n1: 336 0x400D46A: _dl_map_object_deps (dl-deps.c:438)
  n1: 336 0x401304E: dl_open_worker (dl-open.c:271)
   n1: 336 0x49AEB2D: _dl_catch_exception (dl-error-skeleton.c:196)
    n1: 336 0x4012BB8: _dl_open (dl-open.c:599)
     n1: 336 0x4876254: dlopen_doit (dlopen.c:66)
      n1: 336 0x49AEB2D: _dl_catch_exception (dl-error-skeleton.c:196)
       n1: 336 0x49AEBBD: _dl_catch_error (dl-error-skeleton.c:215)
        n1: 336 0x4876973: _dlerror_run (dlerror.c:163)
         n1: 336 0x48762E4: dlopen@@GLIBC_2.2.5 (dlopen.c:87)
          n1: 336 0x4860341: elektraModulesLoad (in /home/jenkins/workspace/build/linux/lib/libelektra-core.so.0.8.26)
           n1: 336 0x4849B7D: elektraPluginOpen (in /home/jenkins/workspace/build/linux/lib/libelektra-kdb.so.0.8.26)
            n0: 336 0x4012D3: main (in /home/jenkins/workspace/build/linux/bin/benchmark_plugingetset)
 n1: 256 0x48593C3: keyNew (in /home/jenkins/workspace/build/linux/lib/libelektra-core.so.0.8.26)
  n0: 256 in 4 places, all below massif's threshold (1.00%)
 n2: 197 0x401AAD8: strdup (strdup.c:42)
  n1: 197 0x4016065: _dl_load_cache_lookup (dl-cache.c:317)
   n1: 197 0x4008D09: _dl_map_object (dl-load.c:2332)
    n1: 197 0x400D290: openaux (dl-deps.c:64)
     n1: 197 0x49AEB2D: _dl_catch_exception (dl-error-skeleton.c:196)
      n1: 197 0x400D604: _dl_map_object_deps (dl-deps.c:248)
       n1: 197 0x401304E: dl_open_worker (dl-open.c:271)
        n1: 197 0x49AEB2D: _dl_catch_exception (dl-error-skeleton.c:196)
         n1: 197 0x4012BB8: _dl_open (dl-open.c:599)
          n1: 197 0x4876254: dlopen_doit (dlopen.c:66)
           n1: 197 0x49AEB2D: _dl_catch_exception (dl-error-skeleton.c:196)
            n1: 197 0x49AEBBD: _dl_catch_error (dl-error-skeleton.c:215)
             n1: 197 0x4876973: _dlerror_run (dlerror.c:163)
              n1: 197 0x48762E4: dlopen@@GLIBC_2.2.5 (dlopen.c:87)
               n1: 197 0x4860341: elektraModulesLoad (in /home/jenkins/workspace/build/linux/lib/libelektra-core.so.0.8.26)
                n1: 197 0x4849B7D: elektraPluginOpen (in /home/jenkins/workspace/build/linux/lib/libelektra-kdb.so.0.8.26)
                 n0: 197 0x4012D3: main (in /home/jenkins/workspace/build/linux/bin/benchmark_plugingetset)
  n0: 0 in 2 places, all below massif's threshold (1.00%)
 n1: 192 0x485B4A0: ksNew (in /home/jenkins/workspace/build/linux/lib/libelektra-core.so.0.8.26)
  n0: 192 in 3 places, all below massif's threshold (1.00%)
 n1: 184 0x4007798: open_path (dl-load.c:2112)
  n1: 184 0x4008C16: _dl_map_object (dl-load.c:2297)
   n0: 184 in 2 places, all below massif's threshold (1.00%)
#-----------
snapshot=10
#-----------
time=359149
mem_heap_B=13490
mem_heap_extra_B=710
mem_stacks_B=0
heap_tree=empty
#-----------
snapshot=11
#-----------
time=369418
mem_heap_B=14162
mem_heap_extra_B=750
mem_stacks_B=0
heap_tree=empty
#-----------
snapshot=12
#-----------
time=385216
mem_heap_B=16538
mem_heap_extra_B=790
mem_stacks_B=0
heap_tree=empty
#-----------
snapshot=13
#-----------
time=1016656
mem_heap_B=17530
mem_heap_extra_B=798
mem_stacks_B=0
heap_tree=empty
#-----------
snapshot=14
#-----------
time=1102915
mem_heap_B=19482
mem_heap_extra_B=806
mem_stacks_B=0
heap_tree=empty
#-----------
snapshot=15
#-----------
time=1103798
mem_heap_B=18490
mem_heap_extra_B=798
mem_stacks_B=0
heap_tree=empty
#-----------
snapshot=16
#-----------
time=3549496
mem_heap_B=22554
mem_heap_extra_B=806
mem_stacks_B=0
heap_tree=empty
#-----------
snapshot=17
#-----------
time=3551127
mem_heap_B=20602
mem_heap_extra_B=798
mem_stacks_B=0
heap_tree=empty
#-----------
snapshot=18
#-----------
time=10231639
mem_heap_B=93306
mem_heap_extra_B=806
mem_stacks_B=0
heap_tree=empty
#-----------
snapshot=19
#-----------
time=10277845
mem_heap_B=93338
mem_heap_extra_B=814
mem_stacks_B=0
heap_tree=empty
#-----------
snapshot=20
#-----------
time=10295392
mem_heap_B=98588
mem_heap_extra_B=932
mem_stacks_B=0
heap_tree=empty
#-----------
snapshot=21
#-----------
time=10321182
mem_heap_B=103623
mem_heap_extra_B=1137
mem_stacks_B=0
heap_tree=empty
#-----------
snapshot=22
#-----------
time=10336861
mem_heap_B=106370
mem_heap_extra_B=1550
mem_stacks_B=0
heap_tree=empty
#-----------
snapshot=23
#-----------
time=10352635
mem_heap_B=109018
mem_heap_extra_B=1926
mem_stacks_B=0
heap_tree=empty
#-----------
snapshot=24
#-----------
time=10372625
mem_heap_B=109154
mem_heap_extra_B=1966
mem_stacks_B=0
heap_tree=empty
#-----------
snapshot=25
#-----------
time=10388634
mem_heap_B=109954
mem_heap_extra_B=2350
mem_stacks_B=0
heap_tree=empty
#-----------
snapshot=26
#-----------
time=10405834
mem_heap_B=111570
mem_heap_extra_B=3518
mem_stacks_B=0
heap_tree=empty
#-----------
snapshot=27
#-----------
time=10439608
mem_heap_B=111586
mem_heap_extra_B=3526
mem_stacks_B=0
heap_tree=empty
#-----------
snapshot=28
#-----------
time=10440785
mem_heap_B=111626
mem_heap_extra_B=3526
mem_stacks_B=0
heap_tree=empty
#-----------
snapshot=29
#-----------
time=10538979
mem_heap_B=111586
mem_heap_extra_B=3534
mem_stacks_B=0
heap_tree=empty
#-----------
snapshot=30
#-----------
time=10560778
mem_heap_B=117265
mem_heap_extra_B=3831
mem_stacks_B=0
heap_tree=empty
#-----------
snapshot=31
#-----------
time=10585041
mem_heap_B=123048
mem_heap_extra_B=4648
mem_stacks_B=0
heap_tree=empty
#-----------
snapshot=32
#-----------
time=10603722
mem_heap_B=128568
mem_heap_extra_B=5408
mem_stacks_B=0
heap_tree=detailed
n13: 128568 (heap allocation functions) malloc/new/new[], --alloc-fns, etc.
 n1: 72704 0x5027454: ??? (in /usr/lib/x86_64-linux-gnu/libstdc++.so.6.0.25)
  n1: 72704 0x400F378: call_init.part.0 (dl-init.c:72)
   n1: 72704 0x400F474: _dl_init (dl-init.c:118)
    n1: 72704 0x40132D1: dl_open_worker (dl-open.c:517)
     n1: 72704 0x49AEB2D: _dl_catch_exception (dl-error-skeleton.c:196)
      n1: 72704 0x4012BB8: _dl_open (dl-open.c:599)
       n1: 72704 0x4876254: dlopen_doit (dlopen.c:66)
        n1: 72704 0x49AEB2D: _dl_catch_exception (dl-error-skeleton.c:196)
         n1: 72704 0x49AEBBD: _dl_catch_error (dl-error-skeleton.c:215)
          n1: 72704 0x4876973: _dlerror_run (dlerror.c:163)
           n1: 72704 0x48762E4: dlopen@@GLIBC_2.2.5 (dlopen.c:87)
            n1: 72704 0x4860341: elektraModulesLoad (in /home/jenkins/workspace/build/linux/lib/libelektra-core.so.0.8.26)
             n1: 72704 0x4849B7D: elektraPluginOpen (in /home/jenkins/workspace/build/linux/lib/libelektra-kdb.so.0.8.26)
              n0: 72704 0x4012D3: main (in /home/jenkins/workspace/build/linux/bin/benchmark_plugingetset)
 n0: 16561 in 76 places, all below massif's threshold (1.00%)
 n1: 9551 0x400B2AC: _dl_new_object (dl-object.c:73)
  n1: 9551 0x4005E46: _dl_map_object_from_fd (dl-load.c:1001)
   n2: 9551 0x4008A8B: _dl_map_object (dl-load.c:2466)
    n1: 8355 0x400D290: openaux (dl-deps.c:64)
     n1: 8355 0x49AEB2D: _dl_catch_exception (dl-error-skeleton.c:196)
      n1: 8355 0x400D604: _dl_map_object_deps (dl-deps.c:248)
       n1: 8355 0x401304E: dl_open_worker (dl-open.c:271)
        n1: 8355 0x49AEB2D: _dl_catch_exception (dl-error-skeleton.c:196)
         n1: 8355 0x4012BB8: _dl_open (dl-open.c:599)
          n1: 8355 0x4876254: dlopen_doit (dlopen.c:66)
           n1: 8355 0x49AEB2D: _dl_catch_exception (dl-error-skeleton.c:196)
            n1: 8355 0x49AEBBD: _dl_catch_error (dl-error-skeleton.c:215)
             n1: 8355 0x4876973: _dlerror_run (dlerror.c:163)
              n1: 8355 0x48762E4: dlopen@@GLIBC_2.2.5 (dlopen.c:87)
               n1: 8355 0x4860341: elektraModulesLoad (in /home/jenkins/workspace/build/linux/lib/libelektra-core.so.0.8.26)
                n1: 8355 0x4849B7D: elektraPluginOpen (in /home/jenkins/workspace/build/linux/lib/libelektra-kdb.so.0.8.26)
                 n0: 8355 0x4012D3: main (in /home/jenkins/workspace/build/linux/bin/benchmark_plugingetset)
    n0: 1196 in 1 place, below massif's threshold (1.00%)
 n1: 6240 0x48B4075: __new_exitfn (cxa_atexit.c:110)
  n2: 6240 0x48B4116: __internal_atexit (cxa_atexit.c:40)
   n1: 4160 0x400F378: call_init.part.0 (dl-init.c:72)
    n1: 4160 0x400F474: _dl_init (dl-init.c:118)
     n1: 4160 0x40132D1: dl_open_worker (dl-open.c:517)
      n1: 4160 0x49AEB2D: _dl_catch_exception (dl-error-skeleton.c:196)
       n1: 4160 0x4012BB8: _dl_open (dl-open.c:599)
        n1: 4160 0x4876254: dlopen_doit (dlopen.c:66)
         n1: 4160 0x49AEB2D: _dl_catch_exception (dl-error-skeleton.c:196)
          n1: 4160 0x49AEBBD: _dl_catch_error (dl-error-skeleton.c:215)
           n1: 4160 0x4876973: _dlerror_run (dlerror.c:163)
            n1: 4160 0x48762E4: dlopen@@GLIBC_2.2.5 (dlopen.c:87)
             n1: 4160 0x4860341: elektraModulesLoad (in /home/jenkins/workspace/build/linux/lib/libelektra-core.so.0.8.26)
              n1: 4160 0x4849B7D: elektraPluginOpen (in /home/jenkins/workspace/build/linux/lib/libelektra-kdb.so.0.8.26)
               n0: 4160 0x4012D3: main (in /home/jenkins/workspace/build/linux/bin/benchmark_plugingetset)
   n0: 2080 in 2 places, all below massif's threshold (1.00%)
 n1: 5368 0x4F13458: antlr4::atn::ATNDeserializer::stateFactory(unsigned long, unsigned long) (in /usr/lib/x86_64-linux-gnu/libantlr4-runtime.so.4.7.2)
  n2: 5368 0x4F14BA0: antlr4::atn::ATNDeserializer::deserialize(std::vector<unsigned short, std::allocator<unsigned short> > const&) (in /usr/lib/x86_64-linux-gnu/libantlr4-runtime.so.4.7.2)
   n1: 3520 0x4E4CD59: ???
    n1: 3520 0x4E4713D: ???
     n1: 3520 0x400F378: call_init.part.0 (dl-init.c:72)
      n1: 3520 0x400F474: _dl_init (dl-init.c:118)
       n1: 3520 0x40132D1: dl_open_worker (dl-open.c:517)
        n1: 3520 0x49AEB2D: _dl_catch_exception (dl-error-skeleton.c:196)
         n1: 3520 0x4012BB8: _dl_open (dl-open.c:599)
          n1: 3520 0x4876254: dlopen_doit (dlopen.c:66)
           n1: 3520 0x49AEB2D: _dl_catch_exception (dl-error-skeleton.c:196)
            n1: 3520 0x49AEBBD: _dl_catch_error (dl-error-skeleton.c:215)
             n1: 3520 0x4876973: _dlerror_run (dlerror.c:163)
              n1: 3520 0x48762E4: dlopen@@GLIBC_2.2.5 (dlopen.c:87)
               n1: 3520 0x4860341: elektraModulesLoad (in /home/jenkins/workspace/build/linux/lib/libelektra-core.so.0.8.26)
                n1: 3520 0x4849B7D: elektraPluginOpen (in /home/jenkins/workspace/build/linux/lib/libelektra-kdb.so.0.8.26)
                 n0: 3520 0x4012D3: main (in /home/jenkins/workspace/build/linux/bin/benchmark_plugingetset)
   n1: 1848 0x4F620F6: XPathLexer::Initializer::Initializer() (in /usr/lib/x86_64-linux-gnu/libantlr4-runtime.so.4.7.2)
    n1: 1848 0x4EE808D: ??? (in /usr/lib/x86_64-linux-gnu/libantlr4-runtime.so.4.7.2)
     n1: 1848 0x400F378: call_init.part.0 (dl-init.c:72)
      n1: 1848 0x400F474: _dl_init (dl-init.c:118)
       n1: 1848 0x40132D1: dl_open_worker (dl-open.c:517)
        n1: 1848 0x49AEB2D: _dl_catch_exception (dl-error-skeleton.c:196)
         n1: 1848 0x4012BB8: _dl_open (dl-open.c:599)
          n1: 1848 0x4876254: dlopen_doit (dlopen.c:66)
           n1: 1848 0x49AEB2D: _dl_catch_exception (dl-error-skeleton.c:196)
            n1: 1848 0x49AEBBD: _dl_catch_error (dl-error-skeleton.c:215)
             n1: 1848 0x4876973: _dlerror_run (dlerror.c:163)
              n1: 1848 0x48762E4: dlopen@@GLIBC_2.2.5 (dlopen.c:87)
               n1: 1848 0x4860341: elektraModulesLoad (in /home/jenkins/workspace/build/linux/lib/libelektra-core.so.0.8.26)
                n1: 1848 0x4849B7D: elektraPluginOpen (in /home/jenkins/workspace/build/linux/lib/libelektra-kdb.so.0.8.26)
                 n0: 1848 0x4012D3: main (in /home/jenkins/workspace/build/linux/bin/benchmark_plugingetset)
 n1: 4064 0x400A095: do_lookup_x (dl-lookup.c:253)
  n1: 4064 0x400A38D: _dl_lookup_symbol_x (dl-lookup.c:814)
   n1: 4064 0x400BD5C: _dl_relocate_object (dl-machine.h:308)
    n1: 4064 0x401319C: dl_open_worker (dl-open.c:377)
     n1: 4064 0x49AEB2D: _dl_catch_exception (dl-error-skeleton.c:196)
      n1: 4064 0x4012BB8: _dl_open (dl-open.c:599)
       n1: 4064 0x4876254: dlopen_doit (dlopen.c:66)
        n1: 4064 0x49AEB2D: _dl_catch_exception (dl-error-skeleton.c:196)
         n1: 4064 0x49AEBBD: _dl_catch_error (dl-error-skeleton.c:215)
          n1: 4064 0x4876973: _dlerror_run (dlerror.c:163)
           n1: 4064 0x48762E4: dlopen@@GLIBC_2.2.5 (dlopen.c:87)
            n1: 4064 0x4860341: elektraModulesLoad (in /home/jenkins/workspace/build/linux/lib/libelektra-core.so.0.8.26)
             n1: 4064 0x4849B7D: elektraPluginOpen (in /home/jenkins/workspace/build/linux/lib/libelektra-kdb.so.0.8.26)
              n0: 4064 0x4012D3: main (in /home/jenkins/workspace/build/linux/bin/benchmark_plugingetset)
 n1: 3336 0x4010A1E: _dl_check_map_versions (dl-version.c:274)
  n1: 3336 0x4013094: dl_open_worker (dl-open.c:277)
   n1: 3336 0x49AEB2D: _dl_catch_exception (dl-error-skeleton.c:196)
    n1: 3336 0x4012BB8: _dl_open (dl-open.c:599)
     n1: 3336 0x4876254: dlopen_doit (dlopen.c:66)
      n1: 3336 0x49AEB2D: _dl_catch_exception (dl-error-skeleton.c:196)
       n1: 3336 0x49AEBBD: _dl_catch_error (dl-error-skeleton.c:215)
        n1: 3336 0x4876973: _dlerror_run (dlerror.c:163)
         n1: 3336 0x48762E4: dlopen@@GLIBC_2.2.5 (dlopen.c:87)
          n1: 3336 0x4860341: elektraModulesLoad (in /home/jenkins/workspace/build/linux/lib/libelektra-core.so.0.8.26)
           n1: 3336 0x4849B7D: elektraPluginOpen (in /home/jenkins/workspace/build/linux/lib/libelektra-kdb.so.0.8.26)
            n0: 3336 0x4012D3: main (in /home/jenkins/workspace/build/linux/bin/benchmark_plugingetset)
 n1: 2184 0x4F13490: antlr4::atn::ATNDeserializer::stateFactory(unsigned long, unsigned long) (in /usr/lib/x86_64-linux-gnu/libantlr4-runtime.so.4.7.2)
  n2: 2184 0x4F14BA0: antlr4::atn::ATNDeserializer::deserialize(std::vector<unsigned short, std::allocator<unsigned short> > const&) (in /usr/lib/x86_64-linux-gnu/libantlr4-runtime.so.4.7.2)
   n1: 1352 0x4E4CD59: ???
    n1: 1352 0x4E4713D: ???
     n1: 1352 0x400F378: call_init.part.0 (dl-init.c:72)
      n1: 1352 0x400F474: _dl_init (dl-init.c:118)
       n1: 1352 0x40132D1: dl_open_worker (dl-open.c:517)
        n1: 1352 0x49AEB2D: _dl_catch_exception (dl-error-skeleton.c:196)
         n1: 1352 0x4012BB8: _dl_open (dl-open.c:599)
          n1: 1352 0x4876254: dlopen_doit (dlopen.c:66)
           n1: 1352 0x49AEB2D: _dl_catch_exception (dl-error-skeleton.c:196)
            n1: 1352 0x49AEBBD: _dl_catch_error (dl-error-skeleton.c:215)
             n1: 1352 0x4876973: _dlerror_run (dlerror.c:163)
              n1: 1352 0x48762E4: dlopen@@GLIBC_2.2.5 (dlopen.c:87)
               n1: 1352 0x4860341: elektraModulesLoad (in /home/jenkins/workspace/build/linux/lib/libelektra-core.so.0.8.26)
                n1: 1352 0x4849B7D: elektraPluginOpen (in /home/jenkins/workspace/build/linux/lib/libelektra-kdb.so.0.8.26)
                 n0: 1352 0x4012D3: main (in /home/jenkins/workspace/build/linux/bin/benchmark_plugingetset)
   n0: 832 in 1 place, below massif's threshold (1.00%)
 n1: 1848 0x4F13610: antlr4::atn::ATNDeserializer::stateFactory(unsigned long, unsigned long) (in /usr/lib/x86_64-linux-gnu/libantlr4-runtime.so.4.7.2)
  n1: 1848 0x4F14BA0: antlr4::atn::ATNDeserializer::deserialize(std::vector<unsigned short, std::allocator<unsigned short> > const&) (in /usr/lib/x86_64-linux-gnu/libantlr4-runtime.so.4.7.2)
   n0: 1848 in 2 places, all below massif's threshold (1.00%)
 n1: 1772 0x4E4CC7E: ???
  n1: 1772 0x4E4713D: ???
   n1: 1772 0x400F378: call_init.part.0 (dl-init.c:72)
    n1: 1772 0x400F474: _dl_init (dl-init.c:118)
     n1: 1772 0x40132D1: dl_open_worker (dl-open.c:517)
      n1: 1772 0x49AEB2D: _dl_catch_exception (dl-error-skeleton.c:196)
       n1: 1772 0x4012BB8: _dl_open (dl-open.c:599)
        n1: 1772 0x4876254: dlopen_doit (dlopen.c:66)
         n1: 1772 0x49AEB2D: _dl_catch_exception (dl-error-skeleton.c:196)
          n1: 1772 0x49AEBBD: _dl_catch_error (dl-error-skeleton.c:215)
           n1: 1772 0x4876973: _dlerror_run (dlerror.c:163)
            n1: 1772 0x48762E4: dlopen@@GLIBC_2.2.5 (dlopen.c:87)
             n1: 1772 0x4860341: elektraModulesLoad (in /home/jenkins/workspace/build/linux/lib/libelektra-core.so.0.8.26)
              n1: 1772 0x4849B7D: elektraPluginOpen (in /home/jenkins/workspace/build/linux/lib/libelektra-kdb.so.0.8.26)
               n0: 1772 0x4012D3: main (in /home/jenkins/workspace/build/linux/bin/benchmark_plugingetset)
 n2: 1772 0x4F14949: antlr4::atn::ATNDeserializer::deserialize(std::vector<unsigned short, std::allocator<unsigned short> > const&) (in /usr/lib/x86_64-linux-gnu/libantlr4-runtime.so.4.7.2)
  n1: 1772 0x4E4CD59: ???
   n1: 1772 0x4E4713D: ???
    n1: 1772 0x400F378: call_init.part.0 (dl-init.c:72)
     n1: 1772 0x400F474: _dl_init (dl-init.c:118)
      n1: 1772 0x40132D1: dl_open_worker (dl-open.c:517)
       n1: 1772 0x49AEB2D: _dl_catch_exception (dl-error-skeleton.c:196)
        n1: 1772 0x4012BB8: _dl_open (dl-open.c:599)
         n1: 1772 0x4876254: dlopen_doit (dlopen.c:66)
          n1: 1772 0x49AEB2D: _dl_catch_exception (dl-error-skeleton.c:196)
           n1: 1772 0x49AEBBD: _dl_catch_error (dl-error-skeleton.c:215)
            n1: 1772 0x4876973: _dlerror_run (dlerror.c:163)
             n1: 1772 0x48762E4: dlopen@@GLIBC_2.2.5 (dlopen.c:87)
              n1: 1772 0x4860341: elektraModulesLoad (in /home/jenkins/workspace/build/linux/lib/libelektra-core.so.0.8.26)
               n1: 1772 0x4849B7D: elektraPluginOpen (in /home/jenkins/workspace/build/linux/lib/libelektra-kdb.so.0.8.26)
                n0: 1772 0x4012D3: main (in /home/jenkins/workspace/build/linux/bin/benchmark_plugingetset)
  n0: 0 in 1 place, below massif's threshold (1.00%)
 n1: 1632 0x4F1D437: std::vector<std::__cxx11::basic_string<char, std::char_traits<char>, std::allocator<char> >, std::allocator<std::__cxx11::basic_string<char, std::char_traits<char>, std::allocator<char> > > >::vector(std::initializer_list<std::__cxx11::basic_string<char, std::char_traits<char>, std::allocator<char> > >, std::allocator<std::__cxx11::basic_string<char, std::char_traits<char>, std::allocator<char> > > const&) (in /usr/lib/x86_64-linux-gnu/libantlr4-runtime.so.4.7.2)
  n0: 1632 in 7 places, all below massif's threshold (1.00%)
 n1: 1536 0x4F10048: void std::vector<antlr4::atn::ATNState*, std::allocator<antlr4::atn::ATNState*> >::_M_realloc_insert<antlr4::atn::ATNState* const&>(__gnu_cxx::__normal_iterator<antlr4::atn::ATNState**, std::vector<antlr4::atn::ATNState*, std::allocator<antlr4::atn::ATNState*> > >, antlr4::atn::ATNState* const&) (in /usr/lib/x86_64-linux-gnu/libantlr4-runtime.so.4.7.2)
  n1: 1536 0x4F0F27C: antlr4::atn::ATN::addState(antlr4::atn::ATNState*) (in /usr/lib/x86_64-linux-gnu/libantlr4-runtime.so.4.7.2)
   n1: 1536 0x4F14C2C: antlr4::atn::ATNDeserializer::deserialize(std::vector<unsigned short, std::allocator<unsigned short> > const&) (in /usr/lib/x86_64-linux-gnu/libantlr4-runtime.so.4.7.2)
    n0: 1536 in 2 places, all below massif's threshold (1.00%)
#-----------
snapshot=33
#-----------
time=10626467
mem_heap_B=128792
mem_heap_extra_B=5400
mem_stacks_B=0
heap_tree=empty
#-----------
snapshot=34
#-----------
time=10645903
mem_heap_B=131056
mem_heap_extra_B=7312
mem_stacks_B=0
heap_tree=detailed
n14: 131056 (heap allocation functions) malloc/new/new[], --alloc-fns, etc.
 n1: 72704 0x5027454: ??? (in /usr/lib/x86_64-linux-gnu/libstdc++.so.6.0.25)
  n1: 72704 0x400F378: call_init.part.0 (dl-init.c:72)
   n1: 72704 0x400F474: _dl_init (dl-init.c:118)
    n1: 72704 0x40132D1: dl_open_worker (dl-open.c:517)
     n1: 72704 0x49AEB2D: _dl_catch_exception (dl-error-skeleton.c:196)
      n1: 72704 0x4012BB8: _dl_open (dl-open.c:599)
       n1: 72704 0x4876254: dlopen_doit (dlopen.c:66)
        n1: 72704 0x49AEB2D: _dl_catch_exception (dl-error-skeleton.c:196)
         n1: 72704 0x49AEBBD: _dl_catch_error (dl-error-skeleton.c:215)
          n1: 72704 0x4876973: _dlerror_run (dlerror.c:163)
           n1: 72704 0x48762E4: dlopen@@GLIBC_2.2.5 (dlopen.c:87)
            n1: 72704 0x4860341: elektraModulesLoad (in /home/jenkins/workspace/build/linux/lib/libelektra-core.so.0.8.26)
             n1: 72704 0x4849B7D: elektraPluginOpen (in /home/jenkins/workspace/build/linux/lib/libelektra-kdb.so.0.8.26)
              n0: 72704 0x4012D3: main (in /home/jenkins/workspace/build/linux/bin/benchmark_plugingetset)
 n0: 17081 in 76 places, all below massif's threshold (1.00%)
 n1: 9551 0x400B2AC: _dl_new_object (dl-object.c:73)
  n1: 9551 0x4005E46: _dl_map_object_from_fd (dl-load.c:1001)
   n2: 9551 0x4008A8B: _dl_map_object (dl-load.c:2466)
    n1: 8355 0x400D290: openaux (dl-deps.c:64)
     n1: 8355 0x49AEB2D: _dl_catch_exception (dl-error-skeleton.c:196)
      n1: 8355 0x400D604: _dl_map_object_deps (dl-deps.c:248)
       n1: 8355 0x401304E: dl_open_worker (dl-open.c:271)
        n1: 8355 0x49AEB2D: _dl_catch_exception (dl-error-skeleton.c:196)
         n1: 8355 0x4012BB8: _dl_open (dl-open.c:599)
          n1: 8355 0x4876254: dlopen_doit (dlopen.c:66)
           n1: 8355 0x49AEB2D: _dl_catch_exception (dl-error-skeleton.c:196)
            n1: 8355 0x49AEBBD: _dl_catch_error (dl-error-skeleton.c:215)
             n1: 8355 0x4876973: _dlerror_run (dlerror.c:163)
              n1: 8355 0x48762E4: dlopen@@GLIBC_2.2.5 (dlopen.c:87)
               n1: 8355 0x4860341: elektraModulesLoad (in /home/jenkins/workspace/build/linux/lib/libelektra-core.so.0.8.26)
                n1: 8355 0x4849B7D: elektraPluginOpen (in /home/jenkins/workspace/build/linux/lib/libelektra-kdb.so.0.8.26)
                 n0: 8355 0x4012D3: main (in /home/jenkins/workspace/build/linux/bin/benchmark_plugingetset)
    n0: 1196 in 1 place, below massif's threshold (1.00%)
 n1: 6240 0x48B4075: __new_exitfn (cxa_atexit.c:110)
  n2: 6240 0x48B4116: __internal_atexit (cxa_atexit.c:40)
   n1: 4160 0x400F378: call_init.part.0 (dl-init.c:72)
    n1: 4160 0x400F474: _dl_init (dl-init.c:118)
     n1: 4160 0x40132D1: dl_open_worker (dl-open.c:517)
      n1: 4160 0x49AEB2D: _dl_catch_exception (dl-error-skeleton.c:196)
       n1: 4160 0x4012BB8: _dl_open (dl-open.c:599)
        n1: 4160 0x4876254: dlopen_doit (dlopen.c:66)
         n1: 4160 0x49AEB2D: _dl_catch_exception (dl-error-skeleton.c:196)
          n1: 4160 0x49AEBBD: _dl_catch_error (dl-error-skeleton.c:215)
           n1: 4160 0x4876973: _dlerror_run (dlerror.c:163)
            n1: 4160 0x48762E4: dlopen@@GLIBC_2.2.5 (dlopen.c:87)
             n1: 4160 0x4860341: elektraModulesLoad (in /home/jenkins/workspace/build/linux/lib/libelektra-core.so.0.8.26)
              n1: 4160 0x4849B7D: elektraPluginOpen (in /home/jenkins/workspace/build/linux/lib/libelektra-kdb.so.0.8.26)
               n0: 4160 0x4012D3: main (in /home/jenkins/workspace/build/linux/bin/benchmark_plugingetset)
   n0: 2080 in 2 places, all below massif's threshold (1.00%)
 n1: 5368 0x4F13458: antlr4::atn::ATNDeserializer::stateFactory(unsigned long, unsigned long) (in /usr/lib/x86_64-linux-gnu/libantlr4-runtime.so.4.7.2)
  n2: 5368 0x4F14BA0: antlr4::atn::ATNDeserializer::deserialize(std::vector<unsigned short, std::allocator<unsigned short> > const&) (in /usr/lib/x86_64-linux-gnu/libantlr4-runtime.so.4.7.2)
   n1: 3520 0x4E4CD59: ???
    n1: 3520 0x4E4713D: ???
     n1: 3520 0x400F378: call_init.part.0 (dl-init.c:72)
      n1: 3520 0x400F474: _dl_init (dl-init.c:118)
       n1: 3520 0x40132D1: dl_open_worker (dl-open.c:517)
        n1: 3520 0x49AEB2D: _dl_catch_exception (dl-error-skeleton.c:196)
         n1: 3520 0x4012BB8: _dl_open (dl-open.c:599)
          n1: 3520 0x4876254: dlopen_doit (dlopen.c:66)
           n1: 3520 0x49AEB2D: _dl_catch_exception (dl-error-skeleton.c:196)
            n1: 3520 0x49AEBBD: _dl_catch_error (dl-error-skeleton.c:215)
             n1: 3520 0x4876973: _dlerror_run (dlerror.c:163)
              n1: 3520 0x48762E4: dlopen@@GLIBC_2.2.5 (dlopen.c:87)
               n1: 3520 0x4860341: elektraModulesLoad (in /home/jenkins/workspace/build/linux/lib/libelektra-core.so.0.8.26)
                n1: 3520 0x4849B7D: elektraPluginOpen (in /home/jenkins/workspace/build/linux/lib/libelektra-kdb.so.0.8.26)
                 n0: 3520 0x4012D3: main (in /home/jenkins/workspace/build/linux/bin/benchmark_plugingetset)
   n1: 1848 0x4F620F6: XPathLexer::Initializer::Initializer() (in /usr/lib/x86_64-linux-gnu/libantlr4-runtime.so.4.7.2)
    n1: 1848 0x4EE808D: ??? (in /usr/lib/x86_64-linux-gnu/libantlr4-runtime.so.4.7.2)
     n1: 1848 0x400F378: call_init.part.0 (dl-init.c:72)
      n1: 1848 0x400F474: _dl_init (dl-init.c:118)
       n1: 1848 0x40132D1: dl_open_worker (dl-open.c:517)
        n1: 1848 0x49AEB2D: _dl_catch_exception (dl-error-skeleton.c:196)
         n1: 1848 0x4012BB8: _dl_open (dl-open.c:599)
          n1: 1848 0x4876254: dlopen_doit (dlopen.c:66)
           n1: 1848 0x49AEB2D: _dl_catch_exception (dl-error-skeleton.c:196)
            n1: 1848 0x49AEBBD: _dl_catch_error (dl-error-skeleton.c:215)
             n1: 1848 0x4876973: _dlerror_run (dlerror.c:163)
              n1: 1848 0x48762E4: dlopen@@GLIBC_2.2.5 (dlopen.c:87)
               n1: 1848 0x4860341: elektraModulesLoad (in /home/jenkins/workspace/build/linux/lib/libelektra-core.so.0.8.26)
                n1: 1848 0x4849B7D: elektraPluginOpen (in /home/jenkins/workspace/build/linux/lib/libelektra-kdb.so.0.8.26)
                 n0: 1848 0x4012D3: main (in /home/jenkins/workspace/build/linux/bin/benchmark_plugingetset)
 n1: 4064 0x400A095: do_lookup_x (dl-lookup.c:253)
  n1: 4064 0x400A38D: _dl_lookup_symbol_x (dl-lookup.c:814)
   n1: 4064 0x400BD5C: _dl_relocate_object (dl-machine.h:308)
    n1: 4064 0x401319C: dl_open_worker (dl-open.c:377)
     n1: 4064 0x49AEB2D: _dl_catch_exception (dl-error-skeleton.c:196)
      n1: 4064 0x4012BB8: _dl_open (dl-open.c:599)
       n1: 4064 0x4876254: dlopen_doit (dlopen.c:66)
        n1: 4064 0x49AEB2D: _dl_catch_exception (dl-error-skeleton.c:196)
         n1: 4064 0x49AEBBD: _dl_catch_error (dl-error-skeleton.c:215)
          n1: 4064 0x4876973: _dlerror_run (dlerror.c:163)
           n1: 4064 0x48762E4: dlopen@@GLIBC_2.2.5 (dlopen.c:87)
            n1: 4064 0x4860341: elektraModulesLoad (in /home/jenkins/workspace/build/linux/lib/libelektra-core.so.0.8.26)
             n1: 4064 0x4849B7D: elektraPluginOpen (in /home/jenkins/workspace/build/linux/lib/libelektra-kdb.so.0.8.26)
              n0: 4064 0x4012D3: main (in /home/jenkins/workspace/build/linux/bin/benchmark_plugingetset)
 n1: 3336 0x4010A1E: _dl_check_map_versions (dl-version.c:274)
  n1: 3336 0x4013094: dl_open_worker (dl-open.c:277)
   n1: 3336 0x49AEB2D: _dl_catch_exception (dl-error-skeleton.c:196)
    n1: 3336 0x4012BB8: _dl_open (dl-open.c:599)
     n1: 3336 0x4876254: dlopen_doit (dlopen.c:66)
      n1: 3336 0x49AEB2D: _dl_catch_exception (dl-error-skeleton.c:196)
       n1: 3336 0x49AEBBD: _dl_catch_error (dl-error-skeleton.c:215)
        n1: 3336 0x4876973: _dlerror_run (dlerror.c:163)
         n1: 3336 0x48762E4: dlopen@@GLIBC_2.2.5 (dlopen.c:87)
          n1: 3336 0x4860341: elektraModulesLoad (in /home/jenkins/workspace/build/linux/lib/libelektra-core.so.0.8.26)
           n1: 3336 0x4849B7D: elektraPluginOpen (in /home/jenkins/workspace/build/linux/lib/libelektra-kdb.so.0.8.26)
            n0: 3336 0x4012D3: main (in /home/jenkins/workspace/build/linux/bin/benchmark_plugingetset)
 n1: 2184 0x4F13490: antlr4::atn::ATNDeserializer::stateFactory(unsigned long, unsigned long) (in /usr/lib/x86_64-linux-gnu/libantlr4-runtime.so.4.7.2)
  n1: 2184 0x4F14BA0: antlr4::atn::ATNDeserializer::deserialize(std::vector<unsigned short, std::allocator<unsigned short> > const&) (in /usr/lib/x86_64-linux-gnu/libantlr4-runtime.so.4.7.2)
   n0: 2184 in 2 places, all below massif's threshold (1.00%)
 n1: 1968 0x4F13DD0: antlr4::atn::ATNDeserializer::edgeFactory(antlr4::atn::ATN const&, unsigned long, unsigned long, unsigned long, unsigned long, unsigned long, unsigned long, std::vector<antlr4::misc::IntervalSet, std::allocator<antlr4::misc::IntervalSet> > const&) (in /usr/lib/x86_64-linux-gnu/libantlr4-runtime.so.4.7.2)
  n1: 1968 0x4F15180: antlr4::atn::ATNDeserializer::deserialize(std::vector<unsigned short, std::allocator<unsigned short> > const&) (in /usr/lib/x86_64-linux-gnu/libantlr4-runtime.so.4.7.2)
   n0: 1968 in 2 places, all below massif's threshold (1.00%)
 n1: 1848 0x4F13610: antlr4::atn::ATNDeserializer::stateFactory(unsigned long, unsigned long) (in /usr/lib/x86_64-linux-gnu/libantlr4-runtime.so.4.7.2)
  n1: 1848 0x4F14BA0: antlr4::atn::ATNDeserializer::deserialize(std::vector<unsigned short, std::allocator<unsigned short> > const&) (in /usr/lib/x86_64-linux-gnu/libantlr4-runtime.so.4.7.2)
   n0: 1848 in 2 places, all below massif's threshold (1.00%)
 n1: 1772 0x4E4CC7E: ???
  n1: 1772 0x4E4713D: ???
   n1: 1772 0x400F378: call_init.part.0 (dl-init.c:72)
    n1: 1772 0x400F474: _dl_init (dl-init.c:118)
     n1: 1772 0x40132D1: dl_open_worker (dl-open.c:517)
      n1: 1772 0x49AEB2D: _dl_catch_exception (dl-error-skeleton.c:196)
       n1: 1772 0x4012BB8: _dl_open (dl-open.c:599)
        n1: 1772 0x4876254: dlopen_doit (dlopen.c:66)
         n1: 1772 0x49AEB2D: _dl_catch_exception (dl-error-skeleton.c:196)
          n1: 1772 0x49AEBBD: _dl_catch_error (dl-error-skeleton.c:215)
           n1: 1772 0x4876973: _dlerror_run (dlerror.c:163)
            n1: 1772 0x48762E4: dlopen@@GLIBC_2.2.5 (dlopen.c:87)
             n1: 1772 0x4860341: elektraModulesLoad (in /home/jenkins/workspace/build/linux/lib/libelektra-core.so.0.8.26)
              n1: 1772 0x4849B7D: elektraPluginOpen (in /home/jenkins/workspace/build/linux/lib/libelektra-kdb.so.0.8.26)
               n0: 1772 0x4012D3: main (in /home/jenkins/workspace/build/linux/bin/benchmark_plugingetset)
 n2: 1772 0x4F14949: antlr4::atn::ATNDeserializer::deserialize(std::vector<unsigned short, std::allocator<unsigned short> > const&) (in /usr/lib/x86_64-linux-gnu/libantlr4-runtime.so.4.7.2)
  n1: 1772 0x4E4CD59: ???
   n1: 1772 0x4E4713D: ???
    n1: 1772 0x400F378: call_init.part.0 (dl-init.c:72)
     n1: 1772 0x400F474: _dl_init (dl-init.c:118)
      n1: 1772 0x40132D1: dl_open_worker (dl-open.c:517)
       n1: 1772 0x49AEB2D: _dl_catch_exception (dl-error-skeleton.c:196)
        n1: 1772 0x4012BB8: _dl_open (dl-open.c:599)
         n1: 1772 0x4876254: dlopen_doit (dlopen.c:66)
          n1: 1772 0x49AEB2D: _dl_catch_exception (dl-error-skeleton.c:196)
           n1: 1772 0x49AEBBD: _dl_catch_error (dl-error-skeleton.c:215)
            n1: 1772 0x4876973: _dlerror_run (dlerror.c:163)
             n1: 1772 0x48762E4: dlopen@@GLIBC_2.2.5 (dlopen.c:87)
              n1: 1772 0x4860341: elektraModulesLoad (in /home/jenkins/workspace/build/linux/lib/libelektra-core.so.0.8.26)
               n1: 1772 0x4849B7D: elektraPluginOpen (in /home/jenkins/workspace/build/linux/lib/libelektra-kdb.so.0.8.26)
                n0: 1772 0x4012D3: main (in /home/jenkins/workspace/build/linux/bin/benchmark_plugingetset)
  n0: 0 in 1 place, below massif's threshold (1.00%)
 n1: 1632 0x4F1D437: std::vector<std::__cxx11::basic_string<char, std::char_traits<char>, std::allocator<char> >, std::allocator<std::__cxx11::basic_string<char, std::char_traits<char>, std::allocator<char> > > >::vector(std::initializer_list<std::__cxx11::basic_string<char, std::char_traits<char>, std::allocator<char> > >, std::allocator<std::__cxx11::basic_string<char, std::char_traits<char>, std::allocator<char> > > const&) (in /usr/lib/x86_64-linux-gnu/libantlr4-runtime.so.4.7.2)
  n0: 1632 in 7 places, all below massif's threshold (1.00%)
 n1: 1536 0x4F10048: void std::vector<antlr4::atn::ATNState*, std::allocator<antlr4::atn::ATNState*> >::_M_realloc_insert<antlr4::atn::ATNState* const&>(__gnu_cxx::__normal_iterator<antlr4::atn::ATNState**, std::vector<antlr4::atn::ATNState*, std::allocator<antlr4::atn::ATNState*> > >, antlr4::atn::ATNState* const&) (in /usr/lib/x86_64-linux-gnu/libantlr4-runtime.so.4.7.2)
  n1: 1536 0x4F0F27C: antlr4::atn::ATN::addState(antlr4::atn::ATNState*) (in /usr/lib/x86_64-linux-gnu/libantlr4-runtime.so.4.7.2)
   n1: 1536 0x4F14C2C: antlr4::atn::ATNDeserializer::deserialize(std::vector<unsigned short, std::allocator<unsigned short> > const&) (in /usr/lib/x86_64-linux-gnu/libantlr4-runtime.so.4.7.2)
    n0: 1536 in 2 places, all below massif's threshold (1.00%)
#-----------
snapshot=35
#-----------
time=10662993
mem_heap_B=132544
mem_heap_extra_B=8560
mem_stacks_B=0
heap_tree=empty
#-----------
snapshot=36
#-----------
time=10679096
mem_heap_B=133048
mem_heap_extra_B=8920
mem_stacks_B=0
heap_tree=empty
#-----------
snapshot=37
#-----------
time=10744879
mem_heap_B=133072
mem_heap_extra_B=8936
mem_stacks_B=0
heap_tree=empty
#-----------
snapshot=38
#-----------
time=10747489
mem_heap_B=133256
mem_heap_extra_B=8936
mem_stacks_B=0
heap_tree=empty
#-----------
snapshot=39
#-----------
time=10959886
mem_heap_B=133176
mem_heap_extra_B=8904
mem_stacks_B=0
heap_tree=empty
#-----------
snapshot=40
#-----------
time=10978614
mem_heap_B=132813
mem_heap_extra_B=8947
mem_stacks_B=0
heap_tree=empty
#-----------
snapshot=41
#-----------
time=10991108
mem_heap_B=144916
mem_heap_extra_B=9308
mem_stacks_B=0
heap_tree=empty
#-----------
snapshot=42
#-----------
time=11008466
mem_heap_B=147084
mem_heap_extra_B=9580
mem_stacks_B=0
heap_tree=detailed
n13: 147084 (heap allocation functions) malloc/new/new[], --alloc-fns, etc.
 n1: 72704 0x5027454: ??? (in /usr/lib/x86_64-linux-gnu/libstdc++.so.6.0.25)
  n1: 72704 0x400F378: call_init.part.0 (dl-init.c:72)
   n1: 72704 0x400F474: _dl_init (dl-init.c:118)
    n1: 72704 0x40132D1: dl_open_worker (dl-open.c:517)
     n1: 72704 0x49AEB2D: _dl_catch_exception (dl-error-skeleton.c:196)
      n1: 72704 0x4012BB8: _dl_open (dl-open.c:599)
       n1: 72704 0x4876254: dlopen_doit (dlopen.c:66)
        n1: 72704 0x49AEB2D: _dl_catch_exception (dl-error-skeleton.c:196)
         n1: 72704 0x49AEBBD: _dl_catch_error (dl-error-skeleton.c:215)
          n1: 72704 0x4876973: _dlerror_run (dlerror.c:163)
           n1: 72704 0x48762E4: dlopen@@GLIBC_2.2.5 (dlopen.c:87)
            n1: 72704 0x4860341: elektraModulesLoad (in /home/jenkins/workspace/build/linux/lib/libelektra-core.so.0.8.26)
             n1: 72704 0x4849B7D: elektraPluginOpen (in /home/jenkins/workspace/build/linux/lib/libelektra-kdb.so.0.8.26)
              n0: 72704 0x4012D3: main (in /home/jenkins/workspace/build/linux/bin/benchmark_plugingetset)
 n0: 27625 in 111 places, all below massif's threshold (1.00%)
 n1: 9551 0x400B2AC: _dl_new_object (dl-object.c:73)
  n1: 9551 0x4005E46: _dl_map_object_from_fd (dl-load.c:1001)
   n2: 9551 0x4008A8B: _dl_map_object (dl-load.c:2466)
    n1: 8355 0x400D290: openaux (dl-deps.c:64)
     n1: 8355 0x49AEB2D: _dl_catch_exception (dl-error-skeleton.c:196)
      n1: 8355 0x400D604: _dl_map_object_deps (dl-deps.c:248)
       n1: 8355 0x401304E: dl_open_worker (dl-open.c:271)
        n1: 8355 0x49AEB2D: _dl_catch_exception (dl-error-skeleton.c:196)
         n1: 8355 0x4012BB8: _dl_open (dl-open.c:599)
          n1: 8355 0x4876254: dlopen_doit (dlopen.c:66)
           n1: 8355 0x49AEB2D: _dl_catch_exception (dl-error-skeleton.c:196)
            n1: 8355 0x49AEBBD: _dl_catch_error (dl-error-skeleton.c:215)
             n1: 8355 0x4876973: _dlerror_run (dlerror.c:163)
              n1: 8355 0x48762E4: dlopen@@GLIBC_2.2.5 (dlopen.c:87)
               n1: 8355 0x4860341: elektraModulesLoad (in /home/jenkins/workspace/build/linux/lib/libelektra-core.so.0.8.26)
                n1: 8355 0x4849B7D: elektraPluginOpen (in /home/jenkins/workspace/build/linux/lib/libelektra-kdb.so.0.8.26)
                 n0: 8355 0x4012D3: main (in /home/jenkins/workspace/build/linux/bin/benchmark_plugingetset)
    n0: 1196 in 1 place, below massif's threshold (1.00%)
 n1: 8192 0x50838F6: std::basic_filebuf<char, std::char_traits<char> >::_M_allocate_internal_buffer() (in /usr/lib/x86_64-linux-gnu/libstdc++.so.6.0.25)
  n1: 8192 0x5087790: std::basic_filebuf<char, std::char_traits<char> >::open(char const*, std::_Ios_Openmode) (in /usr/lib/x86_64-linux-gnu/libstdc++.so.6.0.25)
   n1: 8192 0x508876C: std::basic_ifstream<char, std::char_traits<char> >::basic_ifstream(std::__cxx11::basic_string<char, std::char_traits<char>, std::allocator<char> > const&, std::_Ios_Openmode) (in /usr/lib/x86_64-linux-gnu/libstdc++.so.6.0.25)
    n1: 8192 0x4E56D2A: ???
     n0: 8192 0x4012EF: main (in /home/jenkins/workspace/build/linux/bin/benchmark_plugingetset)
 n1: 6240 0x48B4075: __new_exitfn (cxa_atexit.c:110)
  n2: 6240 0x48B4116: __internal_atexit (cxa_atexit.c:40)
   n1: 4160 0x400F378: call_init.part.0 (dl-init.c:72)
    n1: 4160 0x400F474: _dl_init (dl-init.c:118)
     n1: 4160 0x40132D1: dl_open_worker (dl-open.c:517)
      n1: 4160 0x49AEB2D: _dl_catch_exception (dl-error-skeleton.c:196)
       n1: 4160 0x4012BB8: _dl_open (dl-open.c:599)
        n1: 4160 0x4876254: dlopen_doit (dlopen.c:66)
         n1: 4160 0x49AEB2D: _dl_catch_exception (dl-error-skeleton.c:196)
          n1: 4160 0x49AEBBD: _dl_catch_error (dl-error-skeleton.c:215)
           n1: 4160 0x4876973: _dlerror_run (dlerror.c:163)
            n1: 4160 0x48762E4: dlopen@@GLIBC_2.2.5 (dlopen.c:87)
             n1: 4160 0x4860341: elektraModulesLoad (in /home/jenkins/workspace/build/linux/lib/libelektra-core.so.0.8.26)
              n1: 4160 0x4849B7D: elektraPluginOpen (in /home/jenkins/workspace/build/linux/lib/libelektra-kdb.so.0.8.26)
               n0: 4160 0x4012D3: main (in /home/jenkins/workspace/build/linux/bin/benchmark_plugingetset)
   n0: 2080 in 2 places, all below massif's threshold (1.00%)
 n1: 5368 0x4F13458: antlr4::atn::ATNDeserializer::stateFactory(unsigned long, unsigned long) (in /usr/lib/x86_64-linux-gnu/libantlr4-runtime.so.4.7.2)
  n2: 5368 0x4F14BA0: antlr4::atn::ATNDeserializer::deserialize(std::vector<unsigned short, std::allocator<unsigned short> > const&) (in /usr/lib/x86_64-linux-gnu/libantlr4-runtime.so.4.7.2)
   n1: 3520 0x4E4CD59: ???
    n1: 3520 0x4E4713D: ???
     n1: 3520 0x400F378: call_init.part.0 (dl-init.c:72)
      n1: 3520 0x400F474: _dl_init (dl-init.c:118)
       n1: 3520 0x40132D1: dl_open_worker (dl-open.c:517)
        n1: 3520 0x49AEB2D: _dl_catch_exception (dl-error-skeleton.c:196)
         n1: 3520 0x4012BB8: _dl_open (dl-open.c:599)
          n1: 3520 0x4876254: dlopen_doit (dlopen.c:66)
           n1: 3520 0x49AEB2D: _dl_catch_exception (dl-error-skeleton.c:196)
            n1: 3520 0x49AEBBD: _dl_catch_error (dl-error-skeleton.c:215)
             n1: 3520 0x4876973: _dlerror_run (dlerror.c:163)
              n1: 3520 0x48762E4: dlopen@@GLIBC_2.2.5 (dlopen.c:87)
               n1: 3520 0x4860341: elektraModulesLoad (in /home/jenkins/workspace/build/linux/lib/libelektra-core.so.0.8.26)
                n1: 3520 0x4849B7D: elektraPluginOpen (in /home/jenkins/workspace/build/linux/lib/libelektra-kdb.so.0.8.26)
                 n0: 3520 0x4012D3: main (in /home/jenkins/workspace/build/linux/bin/benchmark_plugingetset)
   n1: 1848 0x4F620F6: XPathLexer::Initializer::Initializer() (in /usr/lib/x86_64-linux-gnu/libantlr4-runtime.so.4.7.2)
    n1: 1848 0x4EE808D: ??? (in /usr/lib/x86_64-linux-gnu/libantlr4-runtime.so.4.7.2)
     n1: 1848 0x400F378: call_init.part.0 (dl-init.c:72)
      n1: 1848 0x400F474: _dl_init (dl-init.c:118)
       n1: 1848 0x40132D1: dl_open_worker (dl-open.c:517)
        n1: 1848 0x49AEB2D: _dl_catch_exception (dl-error-skeleton.c:196)
         n1: 1848 0x4012BB8: _dl_open (dl-open.c:599)
          n1: 1848 0x4876254: dlopen_doit (dlopen.c:66)
           n1: 1848 0x49AEB2D: _dl_catch_exception (dl-error-skeleton.c:196)
            n1: 1848 0x49AEBBD: _dl_catch_error (dl-error-skeleton.c:215)
             n1: 1848 0x4876973: _dlerror_run (dlerror.c:163)
              n1: 1848 0x48762E4: dlopen@@GLIBC_2.2.5 (dlopen.c:87)
               n1: 1848 0x4860341: elektraModulesLoad (in /home/jenkins/workspace/build/linux/lib/libelektra-core.so.0.8.26)
                n1: 1848 0x4849B7D: elektraPluginOpen (in /home/jenkins/workspace/build/linux/lib/libelektra-kdb.so.0.8.26)
                 n0: 1848 0x4012D3: main (in /home/jenkins/workspace/build/linux/bin/benchmark_plugingetset)
 n1: 4064 0x400A095: do_lookup_x (dl-lookup.c:253)
  n1: 4064 0x400A38D: _dl_lookup_symbol_x (dl-lookup.c:814)
   n1: 4064 0x400BD5C: _dl_relocate_object (dl-machine.h:308)
    n1: 4064 0x401319C: dl_open_worker (dl-open.c:377)
     n1: 4064 0x49AEB2D: _dl_catch_exception (dl-error-skeleton.c:196)
      n1: 4064 0x4012BB8: _dl_open (dl-open.c:599)
       n1: 4064 0x4876254: dlopen_doit (dlopen.c:66)
        n1: 4064 0x49AEB2D: _dl_catch_exception (dl-error-skeleton.c:196)
         n1: 4064 0x49AEBBD: _dl_catch_error (dl-error-skeleton.c:215)
          n1: 4064 0x4876973: _dlerror_run (dlerror.c:163)
           n1: 4064 0x48762E4: dlopen@@GLIBC_2.2.5 (dlopen.c:87)
            n1: 4064 0x4860341: elektraModulesLoad (in /home/jenkins/workspace/build/linux/lib/libelektra-core.so.0.8.26)
             n1: 4064 0x4849B7D: elektraPluginOpen (in /home/jenkins/workspace/build/linux/lib/libelektra-kdb.so.0.8.26)
              n0: 4064 0x4012D3: main (in /home/jenkins/workspace/build/linux/bin/benchmark_plugingetset)
 n1: 3336 0x4010A1E: _dl_check_map_versions (dl-version.c:274)
  n1: 3336 0x4013094: dl_open_worker (dl-open.c:277)
   n1: 3336 0x49AEB2D: _dl_catch_exception (dl-error-skeleton.c:196)
    n1: 3336 0x4012BB8: _dl_open (dl-open.c:599)
     n1: 3336 0x4876254: dlopen_doit (dlopen.c:66)
      n1: 3336 0x49AEB2D: _dl_catch_exception (dl-error-skeleton.c:196)
       n1: 3336 0x49AEBBD: _dl_catch_error (dl-error-skeleton.c:215)
        n1: 3336 0x4876973: _dlerror_run (dlerror.c:163)
         n1: 3336 0x48762E4: dlopen@@GLIBC_2.2.5 (dlopen.c:87)
          n1: 3336 0x4860341: elektraModulesLoad (in /home/jenkins/workspace/build/linux/lib/libelektra-core.so.0.8.26)
           n1: 3336 0x4849B7D: elektraPluginOpen (in /home/jenkins/workspace/build/linux/lib/libelektra-kdb.so.0.8.26)
            n0: 3336 0x4012D3: main (in /home/jenkins/workspace/build/linux/bin/benchmark_plugingetset)
 n1: 2568 0x4F13DD0: antlr4::atn::ATNDeserializer::edgeFactory(antlr4::atn::ATN const&, unsigned long, unsigned long, unsigned long, unsigned long, unsigned long, unsigned long, std::vector<antlr4::misc::IntervalSet, std::allocator<antlr4::misc::IntervalSet> > const&) (in /usr/lib/x86_64-linux-gnu/libantlr4-runtime.so.4.7.2)
  n2: 2568 0x4F15180: antlr4::atn::ATNDeserializer::deserialize(std::vector<unsigned short, std::allocator<unsigned short> > const&) (in /usr/lib/x86_64-linux-gnu/libantlr4-runtime.so.4.7.2)
   n1: 1704 0x4E4CD59: ???
    n1: 1704 0x4E4713D: ???
     n1: 1704 0x400F378: call_init.part.0 (dl-init.c:72)
      n1: 1704 0x400F474: _dl_init (dl-init.c:118)
       n1: 1704 0x40132D1: dl_open_worker (dl-open.c:517)
        n1: 1704 0x49AEB2D: _dl_catch_exception (dl-error-skeleton.c:196)
         n1: 1704 0x4012BB8: _dl_open (dl-open.c:599)
          n1: 1704 0x4876254: dlopen_doit (dlopen.c:66)
           n1: 1704 0x49AEB2D: _dl_catch_exception (dl-error-skeleton.c:196)
            n1: 1704 0x49AEBBD: _dl_catch_error (dl-error-skeleton.c:215)
             n1: 1704 0x4876973: _dlerror_run (dlerror.c:163)
              n1: 1704 0x48762E4: dlopen@@GLIBC_2.2.5 (dlopen.c:87)
               n1: 1704 0x4860341: elektraModulesLoad (in /home/jenkins/workspace/build/linux/lib/libelektra-core.so.0.8.26)
                n1: 1704 0x4849B7D: elektraPluginOpen (in /home/jenkins/workspace/build/linux/lib/libelektra-kdb.so.0.8.26)
                 n0: 1704 0x4012D3: main (in /home/jenkins/workspace/build/linux/bin/benchmark_plugingetset)
   n0: 864 in 1 place, below massif's threshold (1.00%)
 n1: 2184 0x4F13490: antlr4::atn::ATNDeserializer::stateFactory(unsigned long, unsigned long) (in /usr/lib/x86_64-linux-gnu/libantlr4-runtime.so.4.7.2)
  n1: 2184 0x4F14BA0: antlr4::atn::ATNDeserializer::deserialize(std::vector<unsigned short, std::allocator<unsigned short> > const&) (in /usr/lib/x86_64-linux-gnu/libantlr4-runtime.so.4.7.2)
   n0: 2184 in 2 places, all below massif's threshold (1.00%)
 n1: 1848 0x4F13610: antlr4::atn::ATNDeserializer::stateFactory(unsigned long, unsigned long) (in /usr/lib/x86_64-linux-gnu/libantlr4-runtime.so.4.7.2)
  n1: 1848 0x4F14BA0: antlr4::atn::ATNDeserializer::deserialize(std::vector<unsigned short, std::allocator<unsigned short> > const&) (in /usr/lib/x86_64-linux-gnu/libantlr4-runtime.so.4.7.2)
   n0: 1848 in 2 places, all below massif's threshold (1.00%)
 n1: 1772 0x4E4CC7E: ???
  n1: 1772 0x4E4713D: ???
   n1: 1772 0x400F378: call_init.part.0 (dl-init.c:72)
    n1: 1772 0x400F474: _dl_init (dl-init.c:118)
     n1: 1772 0x40132D1: dl_open_worker (dl-open.c:517)
      n1: 1772 0x49AEB2D: _dl_catch_exception (dl-error-skeleton.c:196)
       n1: 1772 0x4012BB8: _dl_open (dl-open.c:599)
        n1: 1772 0x4876254: dlopen_doit (dlopen.c:66)
         n1: 1772 0x49AEB2D: _dl_catch_exception (dl-error-skeleton.c:196)
          n1: 1772 0x49AEBBD: _dl_catch_error (dl-error-skeleton.c:215)
           n1: 1772 0x4876973: _dlerror_run (dlerror.c:163)
            n1: 1772 0x48762E4: dlopen@@GLIBC_2.2.5 (dlopen.c:87)
             n1: 1772 0x4860341: elektraModulesLoad (in /home/jenkins/workspace/build/linux/lib/libelektra-core.so.0.8.26)
              n1: 1772 0x4849B7D: elektraPluginOpen (in /home/jenkins/workspace/build/linux/lib/libelektra-kdb.so.0.8.26)
               n0: 1772 0x4012D3: main (in /home/jenkins/workspace/build/linux/bin/benchmark_plugingetset)
 n1: 1632 0x4F1D437: std::vector<std::__cxx11::basic_string<char, std::char_traits<char>, std::allocator<char> >, std::allocator<std::__cxx11::basic_string<char, std::char_traits<char>, std::allocator<char> > > >::vector(std::initializer_list<std::__cxx11::basic_string<char, std::char_traits<char>, std::allocator<char> > >, std::allocator<std::__cxx11::basic_string<char, std::char_traits<char>, std::allocator<char> > > const&) (in /usr/lib/x86_64-linux-gnu/libantlr4-runtime.so.4.7.2)
  n0: 1632 in 7 places, all below massif's threshold (1.00%)
#-----------
snapshot=43
#-----------
time=11025898
mem_heap_B=148684
mem_heap_extra_B=9844
mem_stacks_B=0
heap_tree=peak
n14: 148684 (heap allocation functions) malloc/new/new[], --alloc-fns, etc.
 n1: 72704 0x5027454: ??? (in /usr/lib/x86_64-linux-gnu/libstdc++.so.6.0.25)
  n1: 72704 0x400F378: call_init.part.0 (dl-init.c:72)
   n1: 72704 0x400F474: _dl_init (dl-init.c:118)
    n1: 72704 0x40132D1: dl_open_worker (dl-open.c:517)
     n1: 72704 0x49AEB2D: _dl_catch_exception (dl-error-skeleton.c:196)
      n1: 72704 0x4012BB8: _dl_open (dl-open.c:599)
       n1: 72704 0x4876254: dlopen_doit (dlopen.c:66)
        n1: 72704 0x49AEB2D: _dl_catch_exception (dl-error-skeleton.c:196)
         n1: 72704 0x49AEBBD: _dl_catch_error (dl-error-skeleton.c:215)
          n1: 72704 0x4876973: _dlerror_run (dlerror.c:163)
           n1: 72704 0x48762E4: dlopen@@GLIBC_2.2.5 (dlopen.c:87)
            n1: 72704 0x4860341: elektraModulesLoad (in /home/jenkins/workspace/build/linux/lib/libelektra-core.so.0.8.26)
             n1: 72704 0x4849B7D: elektraPluginOpen (in /home/jenkins/workspace/build/linux/lib/libelektra-kdb.so.0.8.26)
              n0: 72704 0x4012D3: main (in /home/jenkins/workspace/build/linux/bin/benchmark_plugingetset)
 n0: 26825 in 112 places, all below massif's threshold (1.00%)
 n1: 9551 0x400B2AC: _dl_new_object (dl-object.c:73)
  n1: 9551 0x4005E46: _dl_map_object_from_fd (dl-load.c:1001)
   n2: 9551 0x4008A8B: _dl_map_object (dl-load.c:2466)
    n1: 8355 0x400D290: openaux (dl-deps.c:64)
     n1: 8355 0x49AEB2D: _dl_catch_exception (dl-error-skeleton.c:196)
      n1: 8355 0x400D604: _dl_map_object_deps (dl-deps.c:248)
       n1: 8355 0x401304E: dl_open_worker (dl-open.c:271)
        n1: 8355 0x49AEB2D: _dl_catch_exception (dl-error-skeleton.c:196)
         n1: 8355 0x4012BB8: _dl_open (dl-open.c:599)
          n1: 8355 0x4876254: dlopen_doit (dlopen.c:66)
           n1: 8355 0x49AEB2D: _dl_catch_exception (dl-error-skeleton.c:196)
            n1: 8355 0x49AEBBD: _dl_catch_error (dl-error-skeleton.c:215)
             n1: 8355 0x4876973: _dlerror_run (dlerror.c:163)
              n1: 8355 0x48762E4: dlopen@@GLIBC_2.2.5 (dlopen.c:87)
               n1: 8355 0x4860341: elektraModulesLoad (in /home/jenkins/workspace/build/linux/lib/libelektra-core.so.0.8.26)
                n1: 8355 0x4849B7D: elektraPluginOpen (in /home/jenkins/workspace/build/linux/lib/libelektra-kdb.so.0.8.26)
                 n0: 8355 0x4012D3: main (in /home/jenkins/workspace/build/linux/bin/benchmark_plugingetset)
    n0: 1196 in 1 place, below massif's threshold (1.00%)
 n1: 8192 0x50838F6: std::basic_filebuf<char, std::char_traits<char> >::_M_allocate_internal_buffer() (in /usr/lib/x86_64-linux-gnu/libstdc++.so.6.0.25)
  n1: 8192 0x5087790: std::basic_filebuf<char, std::char_traits<char> >::open(char const*, std::_Ios_Openmode) (in /usr/lib/x86_64-linux-gnu/libstdc++.so.6.0.25)
   n1: 8192 0x508876C: std::basic_ifstream<char, std::char_traits<char> >::basic_ifstream(std::__cxx11::basic_string<char, std::char_traits<char>, std::allocator<char> > const&, std::_Ios_Openmode) (in /usr/lib/x86_64-linux-gnu/libstdc++.so.6.0.25)
    n1: 8192 0x4E56D2A: ???
     n0: 8192 0x4012EF: main (in /home/jenkins/workspace/build/linux/bin/benchmark_plugingetset)
 n1: 6240 0x48B4075: __new_exitfn (cxa_atexit.c:110)
  n2: 6240 0x48B4116: __internal_atexit (cxa_atexit.c:40)
   n1: 4160 0x400F378: call_init.part.0 (dl-init.c:72)
    n1: 4160 0x400F474: _dl_init (dl-init.c:118)
     n1: 4160 0x40132D1: dl_open_worker (dl-open.c:517)
      n1: 4160 0x49AEB2D: _dl_catch_exception (dl-error-skeleton.c:196)
       n1: 4160 0x4012BB8: _dl_open (dl-open.c:599)
        n1: 4160 0x4876254: dlopen_doit (dlopen.c:66)
         n1: 4160 0x49AEB2D: _dl_catch_exception (dl-error-skeleton.c:196)
          n1: 4160 0x49AEBBD: _dl_catch_error (dl-error-skeleton.c:215)
           n1: 4160 0x4876973: _dlerror_run (dlerror.c:163)
            n1: 4160 0x48762E4: dlopen@@GLIBC_2.2.5 (dlopen.c:87)
             n1: 4160 0x4860341: elektraModulesLoad (in /home/jenkins/workspace/build/linux/lib/libelektra-core.so.0.8.26)
              n1: 4160 0x4849B7D: elektraPluginOpen (in /home/jenkins/workspace/build/linux/lib/libelektra-kdb.so.0.8.26)
               n0: 4160 0x4012D3: main (in /home/jenkins/workspace/build/linux/bin/benchmark_plugingetset)
   n0: 2080 in 2 places, all below massif's threshold (1.00%)
 n1: 5368 0x4F13458: antlr4::atn::ATNDeserializer::stateFactory(unsigned long, unsigned long) (in /usr/lib/x86_64-linux-gnu/libantlr4-runtime.so.4.7.2)
  n2: 5368 0x4F14BA0: antlr4::atn::ATNDeserializer::deserialize(std::vector<unsigned short, std::allocator<unsigned short> > const&) (in /usr/lib/x86_64-linux-gnu/libantlr4-runtime.so.4.7.2)
   n1: 3520 0x4E4CD59: ???
    n1: 3520 0x4E4713D: ???
     n1: 3520 0x400F378: call_init.part.0 (dl-init.c:72)
      n1: 3520 0x400F474: _dl_init (dl-init.c:118)
       n1: 3520 0x40132D1: dl_open_worker (dl-open.c:517)
        n1: 3520 0x49AEB2D: _dl_catch_exception (dl-error-skeleton.c:196)
         n1: 3520 0x4012BB8: _dl_open (dl-open.c:599)
          n1: 3520 0x4876254: dlopen_doit (dlopen.c:66)
           n1: 3520 0x49AEB2D: _dl_catch_exception (dl-error-skeleton.c:196)
            n1: 3520 0x49AEBBD: _dl_catch_error (dl-error-skeleton.c:215)
             n1: 3520 0x4876973: _dlerror_run (dlerror.c:163)
              n1: 3520 0x48762E4: dlopen@@GLIBC_2.2.5 (dlopen.c:87)
               n1: 3520 0x4860341: elektraModulesLoad (in /home/jenkins/workspace/build/linux/lib/libelektra-core.so.0.8.26)
                n1: 3520 0x4849B7D: elektraPluginOpen (in /home/jenkins/workspace/build/linux/lib/libelektra-kdb.so.0.8.26)
                 n0: 3520 0x4012D3: main (in /home/jenkins/workspace/build/linux/bin/benchmark_plugingetset)
   n1: 1848 0x4F620F6: XPathLexer::Initializer::Initializer() (in /usr/lib/x86_64-linux-gnu/libantlr4-runtime.so.4.7.2)
    n1: 1848 0x4EE808D: ??? (in /usr/lib/x86_64-linux-gnu/libantlr4-runtime.so.4.7.2)
     n1: 1848 0x400F378: call_init.part.0 (dl-init.c:72)
      n1: 1848 0x400F474: _dl_init (dl-init.c:118)
       n1: 1848 0x40132D1: dl_open_worker (dl-open.c:517)
        n1: 1848 0x49AEB2D: _dl_catch_exception (dl-error-skeleton.c:196)
         n1: 1848 0x4012BB8: _dl_open (dl-open.c:599)
          n1: 1848 0x4876254: dlopen_doit (dlopen.c:66)
           n1: 1848 0x49AEB2D: _dl_catch_exception (dl-error-skeleton.c:196)
            n1: 1848 0x49AEBBD: _dl_catch_error (dl-error-skeleton.c:215)
             n1: 1848 0x4876973: _dlerror_run (dlerror.c:163)
              n1: 1848 0x48762E4: dlopen@@GLIBC_2.2.5 (dlopen.c:87)
               n1: 1848 0x4860341: elektraModulesLoad (in /home/jenkins/workspace/build/linux/lib/libelektra-core.so.0.8.26)
                n1: 1848 0x4849B7D: elektraPluginOpen (in /home/jenkins/workspace/build/linux/lib/libelektra-kdb.so.0.8.26)
                 n0: 1848 0x4012D3: main (in /home/jenkins/workspace/build/linux/bin/benchmark_plugingetset)
 n1: 4064 0x400A095: do_lookup_x (dl-lookup.c:253)
  n1: 4064 0x400A38D: _dl_lookup_symbol_x (dl-lookup.c:814)
   n1: 4064 0x400BD5C: _dl_relocate_object (dl-machine.h:308)
    n1: 4064 0x401319C: dl_open_worker (dl-open.c:377)
     n1: 4064 0x49AEB2D: _dl_catch_exception (dl-error-skeleton.c:196)
      n1: 4064 0x4012BB8: _dl_open (dl-open.c:599)
       n1: 4064 0x4876254: dlopen_doit (dlopen.c:66)
        n1: 4064 0x49AEB2D: _dl_catch_exception (dl-error-skeleton.c:196)
         n1: 4064 0x49AEBBD: _dl_catch_error (dl-error-skeleton.c:215)
          n1: 4064 0x4876973: _dlerror_run (dlerror.c:163)
           n1: 4064 0x48762E4: dlopen@@GLIBC_2.2.5 (dlopen.c:87)
            n1: 4064 0x4860341: elektraModulesLoad (in /home/jenkins/workspace/build/linux/lib/libelektra-core.so.0.8.26)
             n1: 4064 0x4849B7D: elektraPluginOpen (in /home/jenkins/workspace/build/linux/lib/libelektra-kdb.so.0.8.26)
              n0: 4064 0x4012D3: main (in /home/jenkins/workspace/build/linux/bin/benchmark_plugingetset)
 n1: 3336 0x4010A1E: _dl_check_map_versions (dl-version.c:274)
  n1: 3336 0x4013094: dl_open_worker (dl-open.c:277)
   n1: 3336 0x49AEB2D: _dl_catch_exception (dl-error-skeleton.c:196)
    n1: 3336 0x4012BB8: _dl_open (dl-open.c:599)
     n1: 3336 0x4876254: dlopen_doit (dlopen.c:66)
      n1: 3336 0x49AEB2D: _dl_catch_exception (dl-error-skeleton.c:196)
       n1: 3336 0x49AEBBD: _dl_catch_error (dl-error-skeleton.c:215)
        n1: 3336 0x4876973: _dlerror_run (dlerror.c:163)
         n1: 3336 0x48762E4: dlopen@@GLIBC_2.2.5 (dlopen.c:87)
          n1: 3336 0x4860341: elektraModulesLoad (in /home/jenkins/workspace/build/linux/lib/libelektra-core.so.0.8.26)
           n1: 3336 0x4849B7D: elektraPluginOpen (in /home/jenkins/workspace/build/linux/lib/libelektra-kdb.so.0.8.26)
            n0: 3336 0x4012D3: main (in /home/jenkins/workspace/build/linux/bin/benchmark_plugingetset)
 n1: 2568 0x4F13DD0: antlr4::atn::ATNDeserializer::edgeFactory(antlr4::atn::ATN const&, unsigned long, unsigned long, unsigned long, unsigned long, unsigned long, unsigned long, std::vector<antlr4::misc::IntervalSet, std::allocator<antlr4::misc::IntervalSet> > const&) (in /usr/lib/x86_64-linux-gnu/libantlr4-runtime.so.4.7.2)
  n2: 2568 0x4F15180: antlr4::atn::ATNDeserializer::deserialize(std::vector<unsigned short, std::allocator<unsigned short> > const&) (in /usr/lib/x86_64-linux-gnu/libantlr4-runtime.so.4.7.2)
   n1: 1704 0x4E4CD59: ???
    n1: 1704 0x4E4713D: ???
     n1: 1704 0x400F378: call_init.part.0 (dl-init.c:72)
      n1: 1704 0x400F474: _dl_init (dl-init.c:118)
       n1: 1704 0x40132D1: dl_open_worker (dl-open.c:517)
        n1: 1704 0x49AEB2D: _dl_catch_exception (dl-error-skeleton.c:196)
         n1: 1704 0x4012BB8: _dl_open (dl-open.c:599)
          n1: 1704 0x4876254: dlopen_doit (dlopen.c:66)
           n1: 1704 0x49AEB2D: _dl_catch_exception (dl-error-skeleton.c:196)
            n1: 1704 0x49AEBBD: _dl_catch_error (dl-error-skeleton.c:215)
             n1: 1704 0x4876973: _dlerror_run (dlerror.c:163)
              n1: 1704 0x48762E4: dlopen@@GLIBC_2.2.5 (dlopen.c:87)
               n1: 1704 0x4860341: elektraModulesLoad (in /home/jenkins/workspace/build/linux/lib/libelektra-core.so.0.8.26)
                n1: 1704 0x4849B7D: elektraPluginOpen (in /home/jenkins/workspace/build/linux/lib/libelektra-kdb.so.0.8.26)
                 n0: 1704 0x4012D3: main (in /home/jenkins/workspace/build/linux/bin/benchmark_plugingetset)
   n0: 864 in 1 place, below massif's threshold (1.00%)
 n2: 2400 0x4F20423: antlr4::atn::LL1Analyzer::_LOOK(antlr4::atn::ATNState*, antlr4::atn::ATNState*, std::shared_ptr<antlr4::atn::PredictionContext> const&, antlr4::misc::IntervalSet&, std::unordered_set<std::shared_ptr<antlr4::atn::ATNConfig>, antlr4::atn::ATNConfig::Hasher, antlr4::atn::ATNConfig::Comparer, std::allocator<std::shared_ptr<antlr4::atn::ATNConfig> > >&, antlrcpp::BitSet&, bool, bool) const (in /usr/lib/x86_64-linux-gnu/libantlr4-runtime.so.4.7.2)
  n1: 1680 0x4F20642: antlr4::atn::LL1Analyzer::_LOOK(antlr4::atn::ATNState*, antlr4::atn::ATNState*, std::shared_ptr<antlr4::atn::PredictionContext> const&, antlr4::misc::IntervalSet&, std::unordered_set<std::shared_ptr<antlr4::atn::ATNConfig>, antlr4::atn::ATNConfig::Hasher, antlr4::atn::ATNConfig::Comparer, std::allocator<std::shared_ptr<antlr4::atn::ATNConfig> > >&, antlrcpp::BitSet&, bool, bool) const (in /usr/lib/x86_64-linux-gnu/libantlr4-runtime.so.4.7.2)
   n0: 1680 in 3 places, all below massif's threshold (1.00%)
  n0: 720 in 2 places, all below massif's threshold (1.00%)
 n1: 2184 0x4F13490: antlr4::atn::ATNDeserializer::stateFactory(unsigned long, unsigned long) (in /usr/lib/x86_64-linux-gnu/libantlr4-runtime.so.4.7.2)
  n1: 2184 0x4F14BA0: antlr4::atn::ATNDeserializer::deserialize(std::vector<unsigned short, std::allocator<unsigned short> > const&) (in /usr/lib/x86_64-linux-gnu/libantlr4-runtime.so.4.7.2)
   n0: 2184 in 2 places, all below massif's threshold (1.00%)
 n1: 1848 0x4F13610: antlr4::atn::ATNDeserializer::stateFactory(unsigned long, unsigned long) (in /usr/lib/x86_64-linux-gnu/libantlr4-runtime.so.4.7.2)
  n1: 1848 0x4F14BA0: antlr4::atn::ATNDeserializer::deserialize(std::vector<unsigned short, std::allocator<unsigned short> > const&) (in /usr/lib/x86_64-linux-gnu/libantlr4-runtime.so.4.7.2)
   n0: 1848 in 2 places, all below massif's threshold (1.00%)
 n1: 1772 0x4E4CC7E: ???
  n1: 1772 0x4E4713D: ???
   n1: 1772 0x400F378: call_init.part.0 (dl-init.c:72)
    n1: 1772 0x400F474: _dl_init (dl-init.c:118)
     n1: 1772 0x40132D1: dl_open_worker (dl-open.c:517)
      n1: 1772 0x49AEB2D: _dl_catch_exception (dl-error-skeleton.c:196)
       n1: 1772 0x4012BB8: _dl_open (dl-open.c:599)
        n1: 1772 0x4876254: dlopen_doit (dlopen.c:66)
         n1: 1772 0x49AEB2D: _dl_catch_exception (dl-error-skeleton.c:196)
          n1: 1772 0x49AEBBD: _dl_catch_error (dl-error-skeleton.c:215)
           n1: 1772 0x4876973: _dlerror_run (dlerror.c:163)
            n1: 1772 0x48762E4: dlopen@@GLIBC_2.2.5 (dlopen.c:87)
             n1: 1772 0x4860341: elektraModulesLoad (in /home/jenkins/workspace/build/linux/lib/libelektra-core.so.0.8.26)
              n1: 1772 0x4849B7D: elektraPluginOpen (in /home/jenkins/workspace/build/linux/lib/libelektra-kdb.so.0.8.26)
               n0: 1772 0x4012D3: main (in /home/jenkins/workspace/build/linux/bin/benchmark_plugingetset)
 n1: 1632 0x4F1D437: std::vector<std::__cxx11::basic_string<char, std::char_traits<char>, std::allocator<char> >, std::allocator<std::__cxx11::basic_string<char, std::char_traits<char>, std::allocator<char> > > >::vector(std::initializer_list<std::__cxx11::basic_string<char, std::char_traits<char>, std::allocator<char> > >, std::allocator<std::__cxx11::basic_string<char, std::char_traits<char>, std::allocator<char> > > const&) (in /usr/lib/x86_64-linux-gnu/libantlr4-runtime.so.4.7.2)
  n0: 1632 in 7 places, all below massif's threshold (1.00%)
#-----------
snapshot=44
#-----------
time=11042375
mem_heap_B=145164
mem_heap_extra_B=9348
mem_stacks_B=0
heap_tree=empty
#-----------
snapshot=45
#-----------
time=11067025
mem_heap_B=146100
mem_heap_extra_B=9564
mem_stacks_B=0
heap_tree=empty
#-----------
snapshot=46
#-----------
time=11088582
mem_heap_B=146612
mem_heap_extra_B=9540
mem_stacks_B=0
heap_tree=empty
#-----------
snapshot=47
#-----------
time=11101824
mem_heap_B=146812
mem_heap_extra_B=9604
mem_stacks_B=0
heap_tree=empty
#-----------
snapshot=48
#-----------
time=11122487
mem_heap_B=134462
mem_heap_extra_B=9290
mem_stacks_B=0
heap_tree=empty
#-----------
snapshot=49
#-----------
time=11148063
mem_heap_B=117154
mem_heap_extra_B=4198
mem_stacks_B=0
heap_tree=empty
#-----------
snapshot=50
#-----------
time=11148954
mem_heap_B=115066
mem_heap_extra_B=3902
mem_stacks_B=0
heap_tree=empty
#-----------
snapshot=51
#-----------
time=11149867
mem_heap_B=114298
mem_heap_extra_B=3766
mem_stacks_B=0
heap_tree=empty
#-----------
snapshot=52
#-----------
time=11150771
mem_heap_B=113522
mem_heap_extra_B=3638
mem_stacks_B=0
heap_tree=empty
#-----------
snapshot=53
#-----------
time=11151677
mem_heap_B=111898
mem_heap_extra_B=3550
mem_stacks_B=0
heap_tree=empty
#-----------
snapshot=54
#-----------
time=11156631
mem_heap_B=111930
mem_heap_extra_B=3558
mem_stacks_B=0
heap_tree=detailed
n8: 111930 (heap allocation functions) malloc/new/new[], --alloc-fns, etc.
 n1: 72704 0x5027454: ??? (in /usr/lib/x86_64-linux-gnu/libstdc++.so.6.0.25)
  n1: 72704 0x400F378: call_init.part.0 (dl-init.c:72)
   n1: 72704 0x400F474: _dl_init (dl-init.c:118)
    n1: 72704 0x40132D1: dl_open_worker (dl-open.c:517)
     n1: 72704 0x49AEB2D: _dl_catch_exception (dl-error-skeleton.c:196)
      n1: 72704 0x4012BB8: _dl_open (dl-open.c:599)
       n1: 72704 0x4876254: dlopen_doit (dlopen.c:66)
        n1: 72704 0x49AEB2D: _dl_catch_exception (dl-error-skeleton.c:196)
         n1: 72704 0x49AEBBD: _dl_catch_error (dl-error-skeleton.c:215)
          n1: 72704 0x4876973: _dlerror_run (dlerror.c:163)
           n1: 72704 0x48762E4: dlopen@@GLIBC_2.2.5 (dlopen.c:87)
            n1: 72704 0x4860341: elektraModulesLoad (in /home/jenkins/workspace/build/linux/lib/libelektra-core.so.0.8.26)
             n1: 72704 0x4849B7D: elektraPluginOpen (in /home/jenkins/workspace/build/linux/lib/libelektra-kdb.so.0.8.26)
              n0: 72704 0x4012D3: main (in /home/jenkins/workspace/build/linux/bin/benchmark_plugingetset)
 n0: 12555 in 146 places, all below massif's threshold (1.00%)
 n1: 9551 0x400B2AC: _dl_new_object (dl-object.c:73)
  n1: 9551 0x4005E46: _dl_map_object_from_fd (dl-load.c:1001)
   n2: 9551 0x4008A8B: _dl_map_object (dl-load.c:2466)
    n1: 8355 0x400D290: openaux (dl-deps.c:64)
     n1: 8355 0x49AEB2D: _dl_catch_exception (dl-error-skeleton.c:196)
      n1: 8355 0x400D604: _dl_map_object_deps (dl-deps.c:248)
       n1: 8355 0x401304E: dl_open_worker (dl-open.c:271)
        n1: 8355 0x49AEB2D: _dl_catch_exception (dl-error-skeleton.c:196)
         n1: 8355 0x4012BB8: _dl_open (dl-open.c:599)
          n1: 8355 0x4876254: dlopen_doit (dlopen.c:66)
           n1: 8355 0x49AEB2D: _dl_catch_exception (dl-error-skeleton.c:196)
            n1: 8355 0x49AEBBD: _dl_catch_error (dl-error-skeleton.c:215)
             n1: 8355 0x4876973: _dlerror_run (dlerror.c:163)
              n1: 8355 0x48762E4: dlopen@@GLIBC_2.2.5 (dlopen.c:87)
               n1: 8355 0x4860341: elektraModulesLoad (in /home/jenkins/workspace/build/linux/lib/libelektra-core.so.0.8.26)
                n1: 8355 0x4849B7D: elektraPluginOpen (in /home/jenkins/workspace/build/linux/lib/libelektra-kdb.so.0.8.26)
                 n0: 8355 0x4012D3: main (in /home/jenkins/workspace/build/linux/bin/benchmark_plugingetset)
    n1: 1196 0x4012FE9: dl_open_worker (dl-open.c:228)
     n1: 1196 0x49AEB2D: _dl_catch_exception (dl-error-skeleton.c:196)
      n1: 1196 0x4012BB8: _dl_open (dl-open.c:599)
       n1: 1196 0x4876254: dlopen_doit (dlopen.c:66)
        n1: 1196 0x49AEB2D: _dl_catch_exception (dl-error-skeleton.c:196)
         n1: 1196 0x49AEBBD: _dl_catch_error (dl-error-skeleton.c:215)
          n1: 1196 0x4876973: _dlerror_run (dlerror.c:163)
           n1: 1196 0x48762E4: dlopen@@GLIBC_2.2.5 (dlopen.c:87)
            n1: 1196 0x4860341: elektraModulesLoad (in /home/jenkins/workspace/build/linux/lib/libelektra-core.so.0.8.26)
             n1: 1196 0x4849B7D: elektraPluginOpen (in /home/jenkins/workspace/build/linux/lib/libelektra-kdb.so.0.8.26)
              n0: 1196 0x4012D3: main (in /home/jenkins/workspace/build/linux/bin/benchmark_plugingetset)
 n1: 6240 0x48B4075: __new_exitfn (cxa_atexit.c:110)
  n2: 6240 0x48B4116: __internal_atexit (cxa_atexit.c:40)
   n1: 4160 0x400F378: call_init.part.0 (dl-init.c:72)
    n1: 4160 0x400F474: _dl_init (dl-init.c:118)
     n1: 4160 0x40132D1: dl_open_worker (dl-open.c:517)
      n1: 4160 0x49AEB2D: _dl_catch_exception (dl-error-skeleton.c:196)
       n1: 4160 0x4012BB8: _dl_open (dl-open.c:599)
        n1: 4160 0x4876254: dlopen_doit (dlopen.c:66)
         n1: 4160 0x49AEB2D: _dl_catch_exception (dl-error-skeleton.c:196)
          n1: 4160 0x49AEBBD: _dl_catch_error (dl-error-skeleton.c:215)
           n1: 4160 0x4876973: _dlerror_run (dlerror.c:163)
            n1: 4160 0x48762E4: dlopen@@GLIBC_2.2.5 (dlopen.c:87)
             n1: 4160 0x4860341: elektraModulesLoad (in /home/jenkins/workspace/build/linux/lib/libelektra-core.so.0.8.26)
              n1: 4160 0x4849B7D: elektraPluginOpen (in /home/jenkins/workspace/build/linux/lib/libelektra-kdb.so.0.8.26)
               n0: 4160 0x4012D3: main (in /home/jenkins/workspace/build/linux/bin/benchmark_plugingetset)
   n0: 2080 in 2 places, all below massif's threshold (1.00%)
 n1: 4064 0x400A095: do_lookup_x (dl-lookup.c:253)
  n1: 4064 0x400A38D: _dl_lookup_symbol_x (dl-lookup.c:814)
   n1: 4064 0x400BD5C: _dl_relocate_object (dl-machine.h:308)
    n1: 4064 0x401319C: dl_open_worker (dl-open.c:377)
     n1: 4064 0x49AEB2D: _dl_catch_exception (dl-error-skeleton.c:196)
      n1: 4064 0x4012BB8: _dl_open (dl-open.c:599)
       n1: 4064 0x4876254: dlopen_doit (dlopen.c:66)
        n1: 4064 0x49AEB2D: _dl_catch_exception (dl-error-skeleton.c:196)
         n1: 4064 0x49AEBBD: _dl_catch_error (dl-error-skeleton.c:215)
          n1: 4064 0x4876973: _dlerror_run (dlerror.c:163)
           n1: 4064 0x48762E4: dlopen@@GLIBC_2.2.5 (dlopen.c:87)
            n1: 4064 0x4860341: elektraModulesLoad (in /home/jenkins/workspace/build/linux/lib/libelektra-core.so.0.8.26)
             n1: 4064 0x4849B7D: elektraPluginOpen (in /home/jenkins/workspace/build/linux/lib/libelektra-kdb.so.0.8.26)
              n0: 4064 0x4012D3: main (in /home/jenkins/workspace/build/linux/bin/benchmark_plugingetset)
 n1: 3336 0x4010A1E: _dl_check_map_versions (dl-version.c:274)
  n1: 3336 0x4013094: dl_open_worker (dl-open.c:277)
   n1: 3336 0x49AEB2D: _dl_catch_exception (dl-error-skeleton.c:196)
    n1: 3336 0x4012BB8: _dl_open (dl-open.c:599)
     n1: 3336 0x4876254: dlopen_doit (dlopen.c:66)
      n1: 3336 0x49AEB2D: _dl_catch_exception (dl-error-skeleton.c:196)
       n1: 3336 0x49AEBBD: _dl_catch_error (dl-error-skeleton.c:215)
        n1: 3336 0x4876973: _dlerror_run (dlerror.c:163)
         n1: 3336 0x48762E4: dlopen@@GLIBC_2.2.5 (dlopen.c:87)
          n1: 3336 0x4860341: elektraModulesLoad (in /home/jenkins/workspace/build/linux/lib/libelektra-core.so.0.8.26)
           n1: 3336 0x4849B7D: elektraPluginOpen (in /home/jenkins/workspace/build/linux/lib/libelektra-kdb.so.0.8.26)
            n0: 3336 0x4012D3: main (in /home/jenkins/workspace/build/linux/bin/benchmark_plugingetset)
 n1: 1848 0x4F13458: antlr4::atn::ATNDeserializer::stateFactory(unsigned long, unsigned long) (in /usr/lib/x86_64-linux-gnu/libantlr4-runtime.so.4.7.2)
  n2: 1848 0x4F14BA0: antlr4::atn::ATNDeserializer::deserialize(std::vector<unsigned short, std::allocator<unsigned short> > const&) (in /usr/lib/x86_64-linux-gnu/libantlr4-runtime.so.4.7.2)
   n1: 1848 0x4F620F6: XPathLexer::Initializer::Initializer() (in /usr/lib/x86_64-linux-gnu/libantlr4-runtime.so.4.7.2)
    n1: 1848 0x4EE808D: ??? (in /usr/lib/x86_64-linux-gnu/libantlr4-runtime.so.4.7.2)
     n1: 1848 0x400F378: call_init.part.0 (dl-init.c:72)
      n1: 1848 0x400F474: _dl_init (dl-init.c:118)
       n1: 1848 0x40132D1: dl_open_worker (dl-open.c:517)
        n1: 1848 0x49AEB2D: _dl_catch_exception (dl-error-skeleton.c:196)
         n1: 1848 0x4012BB8: _dl_open (dl-open.c:599)
          n1: 1848 0x4876254: dlopen_doit (dlopen.c:66)
           n1: 1848 0x49AEB2D: _dl_catch_exception (dl-error-skeleton.c:196)
            n1: 1848 0x49AEBBD: _dl_catch_error (dl-error-skeleton.c:215)
             n1: 1848 0x4876973: _dlerror_run (dlerror.c:163)
              n1: 1848 0x48762E4: dlopen@@GLIBC_2.2.5 (dlopen.c:87)
               n1: 1848 0x4860341: elektraModulesLoad (in /home/jenkins/workspace/build/linux/lib/libelektra-core.so.0.8.26)
                n1: 1848 0x4849B7D: elektraPluginOpen (in /home/jenkins/workspace/build/linux/lib/libelektra-kdb.so.0.8.26)
                 n0: 1848 0x4012D3: main (in /home/jenkins/workspace/build/linux/bin/benchmark_plugingetset)
   n0: 0 in 1 place, below massif's threshold (1.00%)
 n1: 1632 0x4F1D437: std::vector<std::__cxx11::basic_string<char, std::char_traits<char>, std::allocator<char> >, std::allocator<std::__cxx11::basic_string<char, std::char_traits<char>, std::allocator<char> > > >::vector(std::initializer_list<std::__cxx11::basic_string<char, std::char_traits<char>, std::allocator<char> > >, std::allocator<std::__cxx11::basic_string<char, std::char_traits<char>, std::allocator<char> > > const&) (in /usr/lib/x86_64-linux-gnu/libantlr4-runtime.so.4.7.2)
  n0: 1632 in 7 places, all below massif's threshold (1.00%)
#-----------
snapshot=55
#-----------
time=11157526
mem_heap_B=111770
mem_heap_extra_B=3582
mem_stacks_B=0
heap_tree=empty
#-----------
snapshot=56
#-----------
time=11158423
mem_heap_B=107168
mem_heap_extra_B=3360
mem_stacks_B=0
heap_tree=empty
#-----------
snapshot=57
#-----------
time=11160079
mem_heap_B=106787
mem_heap_extra_B=3285
mem_stacks_B=0
heap_tree=empty
#-----------
snapshot=58
#-----------
time=11160973
mem_heap_B=106531
mem_heap_extra_B=3261
mem_stacks_B=0
heap_tree=empty
#-----------
snapshot=59
#-----------
time=11162477
mem_heap_B=106019
mem_heap_extra_B=3253
mem_stacks_B=0
heap_tree=empty
#-----------
snapshot=60
#-----------
time=11163504
mem_heap_B=103930
mem_heap_extra_B=3142
mem_stacks_B=0
heap_tree=empty
#-----------
snapshot=61
#-----------
time=11164421
mem_heap_B=102746
mem_heap_extra_B=3062
mem_stacks_B=0
heap_tree=empty
#-----------
snapshot=62
#-----------
time=11165335
mem_heap_B=100784
mem_heap_extra_B=2920
mem_stacks_B=0
heap_tree=empty
#-----------
snapshot=63
#-----------
time=11166236
mem_heap_B=99768
mem_heap_extra_B=2632
mem_stacks_B=0
heap_tree=empty
#-----------
snapshot=64
#-----------
time=11167165
mem_heap_B=98888
mem_heap_extra_B=2336
mem_stacks_B=0
heap_tree=detailed
n7: 98888 (heap allocation functions) malloc/new/new[], --alloc-fns, etc.
 n1: 72704 0x5027454: ??? (in /usr/lib/x86_64-linux-gnu/libstdc++.so.6.0.25)
  n1: 72704 0x400F378: call_init.part.0 (dl-init.c:72)
   n1: 72704 0x400F474: _dl_init (dl-init.c:118)
    n1: 72704 0x40132D1: dl_open_worker (dl-open.c:517)
     n1: 72704 0x49AEB2D: _dl_catch_exception (dl-error-skeleton.c:196)
      n1: 72704 0x4012BB8: _dl_open (dl-open.c:599)
       n1: 72704 0x4876254: dlopen_doit (dlopen.c:66)
        n1: 72704 0x49AEB2D: _dl_catch_exception (dl-error-skeleton.c:196)
         n1: 72704 0x49AEBBD: _dl_catch_error (dl-error-skeleton.c:215)
          n1: 72704 0x4876973: _dlerror_run (dlerror.c:163)
           n1: 72704 0x48762E4: dlopen@@GLIBC_2.2.5 (dlopen.c:87)
            n1: 72704 0x4860341: elektraModulesLoad (in /home/jenkins/workspace/build/linux/lib/libelektra-core.so.0.8.26)
             n1: 72704 0x4849B7D: elektraPluginOpen (in /home/jenkins/workspace/build/linux/lib/libelektra-kdb.so.0.8.26)
              n0: 72704 0x4012D3: main (in /home/jenkins/workspace/build/linux/bin/benchmark_plugingetset)
 n0: 6257 in 147 places, all below massif's threshold (1.00%)
 n1: 5959 0x400B2AC: _dl_new_object (dl-object.c:73)
  n1: 5959 0x4005E46: _dl_map_object_from_fd (dl-load.c:1001)
   n2: 5959 0x4008A8B: _dl_map_object (dl-load.c:2466)
    n1: 5959 0x400D290: openaux (dl-deps.c:64)
     n1: 5959 0x49AEB2D: _dl_catch_exception (dl-error-skeleton.c:196)
      n1: 5959 0x400D604: _dl_map_object_deps (dl-deps.c:248)
       n1: 5959 0x401304E: dl_open_worker (dl-open.c:271)
        n1: 5959 0x49AEB2D: _dl_catch_exception (dl-error-skeleton.c:196)
         n1: 5959 0x4012BB8: _dl_open (dl-open.c:599)
          n1: 5959 0x4876254: dlopen_doit (dlopen.c:66)
           n1: 5959 0x49AEB2D: _dl_catch_exception (dl-error-skeleton.c:196)
            n1: 5959 0x49AEBBD: _dl_catch_error (dl-error-skeleton.c:215)
             n1: 5959 0x4876973: _dlerror_run (dlerror.c:163)
              n1: 5959 0x48762E4: dlopen@@GLIBC_2.2.5 (dlopen.c:87)
               n1: 5959 0x4860341: elektraModulesLoad (in /home/jenkins/workspace/build/linux/lib/libelektra-core.so.0.8.26)
                n1: 5959 0x4849B7D: elektraPluginOpen (in /home/jenkins/workspace/build/linux/lib/libelektra-kdb.so.0.8.26)
                 n0: 5959 0x4012D3: main (in /home/jenkins/workspace/build/linux/bin/benchmark_plugingetset)
    n0: 0 in 1 place, below massif's threshold (1.00%)
 n1: 5200 0x48B4075: __new_exitfn (cxa_atexit.c:110)
  n3: 5200 0x48B4116: __internal_atexit (cxa_atexit.c:40)
   n1: 4160 0x400F378: call_init.part.0 (dl-init.c:72)
    n1: 4160 0x400F474: _dl_init (dl-init.c:118)
     n1: 4160 0x40132D1: dl_open_worker (dl-open.c:517)
      n1: 4160 0x49AEB2D: _dl_catch_exception (dl-error-skeleton.c:196)
       n1: 4160 0x4012BB8: _dl_open (dl-open.c:599)
        n1: 4160 0x4876254: dlopen_doit (dlopen.c:66)
         n1: 4160 0x49AEB2D: _dl_catch_exception (dl-error-skeleton.c:196)
          n1: 4160 0x49AEBBD: _dl_catch_error (dl-error-skeleton.c:215)
           n1: 4160 0x4876973: _dlerror_run (dlerror.c:163)
            n1: 4160 0x48762E4: dlopen@@GLIBC_2.2.5 (dlopen.c:87)
             n1: 4160 0x4860341: elektraModulesLoad (in /home/jenkins/workspace/build/linux/lib/libelektra-core.so.0.8.26)
              n1: 4160 0x4849B7D: elektraPluginOpen (in /home/jenkins/workspace/build/linux/lib/libelektra-kdb.so.0.8.26)
               n0: 4160 0x4012D3: main (in /home/jenkins/workspace/build/linux/bin/benchmark_plugingetset)
   n1: 1040 0x4EE7237: ??? (in /usr/lib/x86_64-linux-gnu/libantlr4-runtime.so.4.7.2)
    n1: 1040 0x400F378: call_init.part.0 (dl-init.c:72)
     n1: 1040 0x400F474: _dl_init (dl-init.c:118)
      n1: 1040 0x40132D1: dl_open_worker (dl-open.c:517)
       n1: 1040 0x49AEB2D: _dl_catch_exception (dl-error-skeleton.c:196)
        n1: 1040 0x4012BB8: _dl_open (dl-open.c:599)
         n1: 1040 0x4876254: dlopen_doit (dlopen.c:66)
          n1: 1040 0x49AEB2D: _dl_catch_exception (dl-error-skeleton.c:196)
           n1: 1040 0x49AEBBD: _dl_catch_error (dl-error-skeleton.c:215)
            n1: 1040 0x4876973: _dlerror_run (dlerror.c:163)
             n1: 1040 0x48762E4: dlopen@@GLIBC_2.2.5 (dlopen.c:87)
              n1: 1040 0x4860341: elektraModulesLoad (in /home/jenkins/workspace/build/linux/lib/libelektra-core.so.0.8.26)
               n1: 1040 0x4849B7D: elektraPluginOpen (in /home/jenkins/workspace/build/linux/lib/libelektra-kdb.so.0.8.26)
                n0: 1040 0x4012D3: main (in /home/jenkins/workspace/build/linux/bin/benchmark_plugingetset)
   n0: 0 in 1 place, below massif's threshold (1.00%)
 n1: 4064 0x400A095: do_lookup_x (dl-lookup.c:253)
  n1: 4064 0x400A38D: _dl_lookup_symbol_x (dl-lookup.c:814)
   n1: 4064 0x400BD5C: _dl_relocate_object (dl-machine.h:308)
    n1: 4064 0x401319C: dl_open_worker (dl-open.c:377)
     n1: 4064 0x49AEB2D: _dl_catch_exception (dl-error-skeleton.c:196)
      n1: 4064 0x4012BB8: _dl_open (dl-open.c:599)
       n1: 4064 0x4876254: dlopen_doit (dlopen.c:66)
        n1: 4064 0x49AEB2D: _dl_catch_exception (dl-error-skeleton.c:196)
         n1: 4064 0x49AEBBD: _dl_catch_error (dl-error-skeleton.c:215)
          n1: 4064 0x4876973: _dlerror_run (dlerror.c:163)
           n1: 4064 0x48762E4: dlopen@@GLIBC_2.2.5 (dlopen.c:87)
            n1: 4064 0x4860341: elektraModulesLoad (in /home/jenkins/workspace/build/linux/lib/libelektra-core.so.0.8.26)
             n1: 4064 0x4849B7D: elektraPluginOpen (in /home/jenkins/workspace/build/linux/lib/libelektra-kdb.so.0.8.26)
              n0: 4064 0x4012D3: main (in /home/jenkins/workspace/build/linux/bin/benchmark_plugingetset)
 n1: 2856 0x4010A1E: _dl_check_map_versions (dl-version.c:274)
  n1: 2856 0x4013094: dl_open_worker (dl-open.c:277)
   n1: 2856 0x49AEB2D: _dl_catch_exception (dl-error-skeleton.c:196)
    n1: 2856 0x4012BB8: _dl_open (dl-open.c:599)
     n1: 2856 0x4876254: dlopen_doit (dlopen.c:66)
      n1: 2856 0x49AEB2D: _dl_catch_exception (dl-error-skeleton.c:196)
       n1: 2856 0x49AEBBD: _dl_catch_error (dl-error-skeleton.c:215)
        n1: 2856 0x4876973: _dlerror_run (dlerror.c:163)
         n1: 2856 0x48762E4: dlopen@@GLIBC_2.2.5 (dlopen.c:87)
          n1: 2856 0x4860341: elektraModulesLoad (in /home/jenkins/workspace/build/linux/lib/libelektra-core.so.0.8.26)
           n1: 2856 0x4849B7D: elektraPluginOpen (in /home/jenkins/workspace/build/linux/lib/libelektra-kdb.so.0.8.26)
            n0: 2856 0x4012D3: main (in /home/jenkins/workspace/build/linux/bin/benchmark_plugingetset)
 n1: 1848 0x4F13458: antlr4::atn::ATNDeserializer::stateFactory(unsigned long, unsigned long) (in /usr/lib/x86_64-linux-gnu/libantlr4-runtime.so.4.7.2)
  n2: 1848 0x4F14BA0: antlr4::atn::ATNDeserializer::deserialize(std::vector<unsigned short, std::allocator<unsigned short> > const&) (in /usr/lib/x86_64-linux-gnu/libantlr4-runtime.so.4.7.2)
   n1: 1848 0x4F620F6: XPathLexer::Initializer::Initializer() (in /usr/lib/x86_64-linux-gnu/libantlr4-runtime.so.4.7.2)
    n1: 1848 0x4EE808D: ??? (in /usr/lib/x86_64-linux-gnu/libantlr4-runtime.so.4.7.2)
     n1: 1848 0x400F378: call_init.part.0 (dl-init.c:72)
      n1: 1848 0x400F474: _dl_init (dl-init.c:118)
       n1: 1848 0x40132D1: dl_open_worker (dl-open.c:517)
        n1: 1848 0x49AEB2D: _dl_catch_exception (dl-error-skeleton.c:196)
         n1: 1848 0x4012BB8: _dl_open (dl-open.c:599)
          n1: 1848 0x4876254: dlopen_doit (dlopen.c:66)
           n1: 1848 0x49AEB2D: _dl_catch_exception (dl-error-skeleton.c:196)
            n1: 1848 0x49AEBBD: _dl_catch_error (dl-error-skeleton.c:215)
             n1: 1848 0x4876973: _dlerror_run (dlerror.c:163)
              n1: 1848 0x48762E4: dlopen@@GLIBC_2.2.5 (dlopen.c:87)
               n1: 1848 0x4860341: elektraModulesLoad (in /home/jenkins/workspace/build/linux/lib/libelektra-core.so.0.8.26)
                n1: 1848 0x4849B7D: elektraPluginOpen (in /home/jenkins/workspace/build/linux/lib/libelektra-kdb.so.0.8.26)
                 n0: 1848 0x4012D3: main (in /home/jenkins/workspace/build/linux/bin/benchmark_plugingetset)
   n0: 0 in 1 place, below massif's threshold (1.00%)
#-----------
snapshot=65
#-----------
time=11168052
mem_heap_B=98064
mem_heap_extra_B=2032
mem_stacks_B=0
heap_tree=empty
#-----------
snapshot=66
#-----------
time=11168947
mem_heap_B=97200
mem_heap_extra_B=1712
mem_stacks_B=0
heap_tree=empty
#-----------
snapshot=67
#-----------
time=11169883
mem_heap_B=96360
mem_heap_extra_B=1416
mem_stacks_B=0
heap_tree=empty
#-----------
snapshot=68
#-----------
time=11170817
mem_heap_B=95264
mem_heap_extra_B=1112
mem_stacks_B=0
heap_tree=empty
#-----------
snapshot=69
#-----------
time=11171728
mem_heap_B=94464
mem_heap_extra_B=824
mem_stacks_B=0
heap_tree=empty
#-----------
snapshot=70
#-----------
time=11172741
mem_heap_B=92952
mem_heap_extra_B=608
mem_stacks_B=0
heap_tree=empty
#-----------
snapshot=71
#-----------
time=11174269
mem_heap_B=91896
mem_heap_extra_B=592
mem_stacks_B=0
heap_tree=empty
#-----------
snapshot=72
#-----------
time=11175233
mem_heap_B=90440
mem_heap_extra_B=568
mem_stacks_B=0
heap_tree=empty
#-----------
snapshot=73
#-----------
time=11176428
mem_heap_B=89336
mem_heap_extra_B=552
mem_stacks_B=0
heap_tree=empty
#-----------
snapshot=74
#-----------
time=11177610
mem_heap_B=89319
mem_heap_extra_B=529
mem_stacks_B=0
heap_tree=detailed
n6: 89319 (heap allocation functions) malloc/new/new[], --alloc-fns, etc.
 n1: 72704 0x5027454: ??? (in /usr/lib/x86_64-linux-gnu/libstdc++.so.6.0.25)
  n1: 72704 0x400F378: call_init.part.0 (dl-init.c:72)
   n1: 72704 0x400F474: _dl_init (dl-init.c:118)
    n1: 72704 0x40132D1: dl_open_worker (dl-open.c:517)
     n1: 72704 0x49AEB2D: _dl_catch_exception (dl-error-skeleton.c:196)
      n1: 72704 0x4012BB8: _dl_open (dl-open.c:599)
       n1: 72704 0x4876254: dlopen_doit (dlopen.c:66)
        n1: 72704 0x49AEB2D: _dl_catch_exception (dl-error-skeleton.c:196)
         n1: 72704 0x49AEBBD: _dl_catch_error (dl-error-skeleton.c:215)
          n1: 72704 0x4876973: _dlerror_run (dlerror.c:163)
           n1: 72704 0x48762E4: dlopen@@GLIBC_2.2.5 (dlopen.c:87)
            n1: 72704 0x4860341: elektraModulesLoad (in /home/jenkins/workspace/build/linux/lib/libelektra-core.so.0.8.26)
             n1: 72704 0x4849B7D: elektraPluginOpen (in /home/jenkins/workspace/build/linux/lib/libelektra-kdb.so.0.8.26)
              n0: 72704 0x4012D3: main (in /home/jenkins/workspace/build/linux/bin/benchmark_plugingetset)
 n1: 5959 0x400B2AC: _dl_new_object (dl-object.c:73)
  n1: 5959 0x4005E46: _dl_map_object_from_fd (dl-load.c:1001)
   n2: 5959 0x4008A8B: _dl_map_object (dl-load.c:2466)
    n1: 5959 0x400D290: openaux (dl-deps.c:64)
     n1: 5959 0x49AEB2D: _dl_catch_exception (dl-error-skeleton.c:196)
      n1: 5959 0x400D604: _dl_map_object_deps (dl-deps.c:248)
       n1: 5959 0x401304E: dl_open_worker (dl-open.c:271)
        n1: 5959 0x49AEB2D: _dl_catch_exception (dl-error-skeleton.c:196)
         n1: 5959 0x4012BB8: _dl_open (dl-open.c:599)
          n1: 5959 0x4876254: dlopen_doit (dlopen.c:66)
           n1: 5959 0x49AEB2D: _dl_catch_exception (dl-error-skeleton.c:196)
            n1: 5959 0x49AEBBD: _dl_catch_error (dl-error-skeleton.c:215)
             n1: 5959 0x4876973: _dlerror_run (dlerror.c:163)
              n1: 5959 0x48762E4: dlopen@@GLIBC_2.2.5 (dlopen.c:87)
               n1: 5959 0x4860341: elektraModulesLoad (in /home/jenkins/workspace/build/linux/lib/libelektra-core.so.0.8.26)
                n1: 5959 0x4849B7D: elektraPluginOpen (in /home/jenkins/workspace/build/linux/lib/libelektra-kdb.so.0.8.26)
                 n0: 5959 0x4012D3: main (in /home/jenkins/workspace/build/linux/bin/benchmark_plugingetset)
    n0: 0 in 1 place, below massif's threshold (1.00%)
 n1: 4064 0x400A095: do_lookup_x (dl-lookup.c:253)
  n1: 4064 0x400A38D: _dl_lookup_symbol_x (dl-lookup.c:814)
   n1: 4064 0x400BD5C: _dl_relocate_object (dl-machine.h:308)
    n1: 4064 0x401319C: dl_open_worker (dl-open.c:377)
     n1: 4064 0x49AEB2D: _dl_catch_exception (dl-error-skeleton.c:196)
      n1: 4064 0x4012BB8: _dl_open (dl-open.c:599)
       n1: 4064 0x4876254: dlopen_doit (dlopen.c:66)
        n1: 4064 0x49AEB2D: _dl_catch_exception (dl-error-skeleton.c:196)
         n1: 4064 0x49AEBBD: _dl_catch_error (dl-error-skeleton.c:215)
          n1: 4064 0x4876973: _dlerror_run (dlerror.c:163)
           n1: 4064 0x48762E4: dlopen@@GLIBC_2.2.5 (dlopen.c:87)
            n1: 4064 0x4860341: elektraModulesLoad (in /home/jenkins/workspace/build/linux/lib/libelektra-core.so.0.8.26)
             n1: 4064 0x4849B7D: elektraPluginOpen (in /home/jenkins/workspace/build/linux/lib/libelektra-kdb.so.0.8.26)
              n0: 4064 0x4012D3: main (in /home/jenkins/workspace/build/linux/bin/benchmark_plugingetset)
 n1: 2856 0x4010A1E: _dl_check_map_versions (dl-version.c:274)
  n1: 2856 0x4013094: dl_open_worker (dl-open.c:277)
   n1: 2856 0x49AEB2D: _dl_catch_exception (dl-error-skeleton.c:196)
    n1: 2856 0x4012BB8: _dl_open (dl-open.c:599)
     n1: 2856 0x4876254: dlopen_doit (dlopen.c:66)
      n1: 2856 0x49AEB2D: _dl_catch_exception (dl-error-skeleton.c:196)
       n1: 2856 0x49AEBBD: _dl_catch_error (dl-error-skeleton.c:215)
        n1: 2856 0x4876973: _dlerror_run (dlerror.c:163)
         n1: 2856 0x48762E4: dlopen@@GLIBC_2.2.5 (dlopen.c:87)
          n1: 2856 0x4860341: elektraModulesLoad (in /home/jenkins/workspace/build/linux/lib/libelektra-core.so.0.8.26)
           n1: 2856 0x4849B7D: elektraPluginOpen (in /home/jenkins/workspace/build/linux/lib/libelektra-kdb.so.0.8.26)
            n0: 2856 0x4012D3: main (in /home/jenkins/workspace/build/linux/bin/benchmark_plugingetset)
 n1: 2080 0x48B4075: __new_exitfn (cxa_atexit.c:110)
  n2: 2080 0x48B4116: __internal_atexit (cxa_atexit.c:40)
   n1: 2080 0x400F378: call_init.part.0 (dl-init.c:72)
    n1: 2080 0x400F474: _dl_init (dl-init.c:118)
     n1: 2080 0x40132D1: dl_open_worker (dl-open.c:517)
      n1: 2080 0x49AEB2D: _dl_catch_exception (dl-error-skeleton.c:196)
       n1: 2080 0x4012BB8: _dl_open (dl-open.c:599)
        n1: 2080 0x4876254: dlopen_doit (dlopen.c:66)
         n1: 2080 0x49AEB2D: _dl_catch_exception (dl-error-skeleton.c:196)
          n1: 2080 0x49AEBBD: _dl_catch_error (dl-error-skeleton.c:215)
           n1: 2080 0x4876973: _dlerror_run (dlerror.c:163)
            n1: 2080 0x48762E4: dlopen@@GLIBC_2.2.5 (dlopen.c:87)
             n1: 2080 0x4860341: elektraModulesLoad (in /home/jenkins/workspace/build/linux/lib/libelektra-core.so.0.8.26)
              n1: 2080 0x4849B7D: elektraPluginOpen (in /home/jenkins/workspace/build/linux/lib/libelektra-kdb.so.0.8.26)
               n0: 2080 0x4012D3: main (in /home/jenkins/workspace/build/linux/bin/benchmark_plugingetset)
   n0: 0 in 2 places, all below massif's threshold (1.00%)
 n0: 1656 in 148 places, all below massif's threshold (1.00%)
#-----------
snapshot=75
#-----------
time=11179606
mem_heap_B=86646
mem_heap_extra_B=474
mem_stacks_B=0
heap_tree=empty
#-----------
snapshot=76
#-----------
time=11189041
mem_heap_B=86481
mem_heap_extra_B=447
mem_stacks_B=0
heap_tree=empty
