desc: --massif-out-file=results/generated_5000.yambi.out
cmd: build/linux/bin/benchmark_plugingetset benchmarks/data/generated_5000 user yambi get
time_unit: i
#-----------
snapshot=0
#-----------
time=0
mem_heap_B=0
mem_heap_extra_B=0
mem_stacks_B=0
heap_tree=empty
#-----------
snapshot=1
#-----------
time=943384
mem_heap_B=13366
mem_heap_extra_B=554
mem_stacks_B=0
heap_tree=empty
#-----------
snapshot=2
#-----------
time=3222035
mem_heap_B=17430
mem_heap_extra_B=562
mem_stacks_B=0
heap_tree=empty
#-----------
snapshot=3
#-----------
time=5028909
mem_heap_B=88182
mem_heap_extra_B=562
mem_stacks_B=0
heap_tree=empty
#-----------
snapshot=4
#-----------
time=5798351
mem_heap_B=5078128
mem_heap_extra_B=1488
mem_stacks_B=0
heap_tree=empty
#-----------
snapshot=5
#-----------
time=16805339
mem_heap_B=5078128
mem_heap_extra_B=1488
mem_stacks_B=0
heap_tree=detailed
n5: 5078128 (heap allocation functions) malloc/new/new[], --alloc-fns, etc.
 n1: 4492564 0x4E583B0: ???
  n1: 4492564 0x4E57988: ???
   n1: 4492564 0x4E51FF0: ???
    n1: 4492564 0x4E4E6DA: ???
     n1: 4492564 0x4E4A750: ???
      n1: 4492564 0x4E560E2: ???
       n0: 4492564 0x1091F8: main (in /home/jenkins/workspace/build/linux/bin/benchmark_plugingetset)
 n1: 262145 0x4F922AB: std::__cxx11::basic_string<char, std::char_traits<char>, std::allocator<char> >::reserve(unsigned long) (in /usr/lib/x86_64-linux-gnu/libstdc++.so.6.0.25)
  n1: 262145 0x4F86723: std::__cxx11::basic_stringbuf<char, std::char_traits<char>, std::allocator<char> >::overflow(int) (in /usr/lib/x86_64-linux-gnu/libstdc++.so.6.0.25)
   n1: 262145 0x4F908A9: std::basic_streambuf<char, std::char_traits<char> >::xsputn(char const*, long) (in /usr/lib/x86_64-linux-gnu/libstdc++.so.6.0.25)
    n1: 262145 0x4F1F8B3: long std::__copy_streambufs_eof<char, std::char_traits<char> >(std::basic_streambuf<char, std::char_traits<char> >*, std::basic_streambuf<char, std::char_traits<char> >*, bool&) (in /usr/lib/x86_64-linux-gnu/libstdc++.so.6.0.25)
     n1: 262145 0x4F81416: std::ostream::operator<<(std::basic_streambuf<char, std::char_traits<char> >*) (in /usr/lib/x86_64-linux-gnu/libstdc++.so.6.0.25)
      n1: 262145 0x4E575FD: ???
       n1: 262145 0x4E51FF0: ???
        n1: 262145 0x4E4E6DA: ???
         n1: 262145 0x4E4A750: ???
          n1: 262145 0x4E560E2: ???
           n0: 262145 0x1091F8: main (in /home/jenkins/workspace/build/linux/bin/benchmark_plugingetset)
 n1: 224629 0x4F91DC9: std::__cxx11::basic_string<char, std::char_traits<char>, std::allocator<char> >::_M_mutate(unsigned long, unsigned long, char const*, unsigned long) (in /usr/lib/x86_64-linux-gnu/libstdc++.so.6.0.25)
  n1: 224629 0x4F92B79: std::__cxx11::basic_string<char, std::char_traits<char>, std::allocator<char> >::_M_replace(unsigned long, unsigned long, char const*, unsigned long) (in /usr/lib/x86_64-linux-gnu/libstdc++.so.6.0.25)
   n1: 224629 0x4E578DD: ???
    n1: 224629 0x4E51FF0: ???
     n1: 224629 0x4E4E6DA: ???
      n1: 224629 0x4E4A750: ???
       n1: 224629 0x4E560E2: ???
        n0: 224629 0x1091F8: main (in /home/jenkins/workspace/build/linux/bin/benchmark_plugingetset)
 n1: 72704 0x4F03454: ??? (in /usr/lib/x86_64-linux-gnu/libstdc++.so.6.0.25)
  n1: 72704 0x400F378: call_init.part.0 (dl-init.c:72)
   n1: 72704 0x400F474: _dl_init (dl-init.c:118)
    n1: 72704 0x40132D1: dl_open_worker (dl-open.c:517)
     n1: 72704 0x49B5B2D: _dl_catch_exception (dl-error-skeleton.c:196)
      n1: 72704 0x4012BB8: _dl_open (dl-open.c:599)
       n1: 72704 0x487D254: dlopen_doit (dlopen.c:66)
        n1: 72704 0x49B5B2D: _dl_catch_exception (dl-error-skeleton.c:196)
         n1: 72704 0x49B5BBD: _dl_catch_error (dl-error-skeleton.c:215)
          n1: 72704 0x487D973: _dlerror_run (dlerror.c:163)
           n1: 72704 0x487D2E4: dlopen@@GLIBC_2.2.5 (dlopen.c:87)
            n1: 72704 0x48666EB: elektraModulesLoad (in /home/jenkins/workspace/build/linux/lib/libelektra-core.so.0.8.26)
             n1: 72704 0x484FD71: elektraPluginOpen (in /home/jenkins/workspace/build/linux/lib/libelektra-kdb.so.0.8.26)
              n0: 72704 0x1091E1: main (in /home/jenkins/workspace/build/linux/bin/benchmark_plugingetset)
 n0: 26086 in 34 places, all below massif's threshold (1.00%)
#-----------
snapshot=6
#-----------
time=18637514
mem_heap_B=4629040
mem_heap_extra_B=2664
mem_stacks_B=0
heap_tree=empty
#-----------
snapshot=7
#-----------
time=20231102
mem_heap_B=4637480
mem_heap_extra_B=3552
mem_stacks_B=0
heap_tree=empty
#-----------
snapshot=8
#-----------
time=21764629
mem_heap_B=4658067
mem_heap_extra_B=4965
mem_stacks_B=0
heap_tree=empty
#-----------
snapshot=9
#-----------
time=23730848
mem_heap_B=4662910
mem_heap_extra_B=5954
mem_stacks_B=0
heap_tree=empty
#-----------
snapshot=10
#-----------
time=24705777
mem_heap_B=4667322
mem_heap_extra_B=6398
mem_stacks_B=0
heap_tree=empty
#-----------
snapshot=11
#-----------
time=26123876
mem_heap_B=4678228
mem_heap_extra_B=7348
mem_stacks_B=0
heap_tree=empty
#-----------
snapshot=12
#-----------
time=26968706
mem_heap_B=4689240
mem_heap_extra_B=8016
mem_stacks_B=0
heap_tree=empty
#-----------
snapshot=13
#-----------
time=28379592
mem_heap_B=4696391
mem_heap_extra_B=8697
mem_stacks_B=0
heap_tree=empty
#-----------
snapshot=14
#-----------
time=29499056
mem_heap_B=4714826
mem_heap_extra_B=9526
mem_stacks_B=0
heap_tree=empty
#-----------
snapshot=15
#-----------
time=30837262
mem_heap_B=4717018
mem_heap_extra_B=10102
mem_stacks_B=0
heap_tree=empty
#-----------
snapshot=16
#-----------
time=32695718
mem_heap_B=4729188
mem_heap_extra_B=11412
mem_stacks_B=0
heap_tree=empty
#-----------
snapshot=17
#-----------
time=33795628
mem_heap_B=4740096
mem_heap_extra_B=12216
mem_stacks_B=0
heap_tree=empty
#-----------
snapshot=18
#-----------
time=34926543
mem_heap_B=4753146
mem_heap_extra_B=12870
mem_stacks_B=0
heap_tree=empty
#-----------
snapshot=19
#-----------
time=36096503
mem_heap_B=4754120
mem_heap_extra_B=13480
mem_stacks_B=0
heap_tree=empty
#-----------
snapshot=20
#-----------
time=37480843
mem_heap_B=4774168
mem_heap_extra_B=14288
mem_stacks_B=0
heap_tree=empty
#-----------
snapshot=21
#-----------
time=38884608
mem_heap_B=4777377
mem_heap_extra_B=14903
mem_stacks_B=0
heap_tree=empty
#-----------
snapshot=22
#-----------
time=40427559
mem_heap_B=4786673
mem_heap_extra_B=15767
mem_stacks_B=0
heap_tree=empty
#-----------
snapshot=23
#-----------
time=41830997
mem_heap_B=4798312
mem_heap_extra_B=16744
mem_stacks_B=0
heap_tree=empty
#-----------
snapshot=24
#-----------
time=43501701
mem_heap_B=4806145
mem_heap_extra_B=17727
mem_stacks_B=0
heap_tree=empty
#-----------
snapshot=25
#-----------
time=45148601
mem_heap_B=4819432
mem_heap_extra_B=18840
mem_stacks_B=0
heap_tree=empty
#-----------
snapshot=26
#-----------
time=46117670
mem_heap_B=4835442
mem_heap_extra_B=19630
mem_stacks_B=0
heap_tree=empty
#-----------
snapshot=27
#-----------
time=48037981
mem_heap_B=4842814
mem_heap_extra_B=20714
mem_stacks_B=0
heap_tree=empty
#-----------
snapshot=28
#-----------
time=50096527
mem_heap_B=4859483
mem_heap_extra_B=22173
mem_stacks_B=0
heap_tree=empty
#-----------
snapshot=29
#-----------
time=51152837
mem_heap_B=4867779
mem_heap_extra_B=22917
mem_stacks_B=0
heap_tree=empty
#-----------
snapshot=30
#-----------
time=52242522
mem_heap_B=4876500
mem_heap_extra_B=23372
mem_stacks_B=0
heap_tree=empty
#-----------
snapshot=31
#-----------
time=53368267
mem_heap_B=4880873
mem_heap_extra_B=23991
mem_stacks_B=0
heap_tree=empty
#-----------
snapshot=32
#-----------
time=54604369
mem_heap_B=4888953
mem_heap_extra_B=24831
mem_stacks_B=0
heap_tree=empty
#-----------
snapshot=33
#-----------
time=55962119
mem_heap_B=4904685
mem_heap_extra_B=25787
mem_stacks_B=0
heap_tree=empty
#-----------
snapshot=34
#-----------
time=57238342
mem_heap_B=4906398
mem_heap_extra_B=26346
mem_stacks_B=0
heap_tree=empty
#-----------
snapshot=35
#-----------
time=58621952
mem_heap_B=4925452
mem_heap_extra_B=27300
mem_stacks_B=0
heap_tree=empty
#-----------
snapshot=36
#-----------
time=59963274
mem_heap_B=4935008
mem_heap_extra_B=28400
mem_stacks_B=0
heap_tree=empty
#-----------
snapshot=37
#-----------
time=61323928
mem_heap_B=4949189
mem_heap_extra_B=29523
mem_stacks_B=0
heap_tree=empty
#-----------
snapshot=38
#-----------
time=62820176
mem_heap_B=4958122
mem_heap_extra_B=30326
mem_stacks_B=0
heap_tree=empty
#-----------
snapshot=39
#-----------
time=64350914
mem_heap_B=4963245
mem_heap_extra_B=30979
mem_stacks_B=0
heap_tree=empty
#-----------
snapshot=40
#-----------
time=65872663
mem_heap_B=4975400
mem_heap_extra_B=32072
mem_stacks_B=0
heap_tree=empty
#-----------
snapshot=41
#-----------
time=67505955
mem_heap_B=4987365
mem_heap_extra_B=33307
mem_stacks_B=0
heap_tree=empty
#-----------
snapshot=42
#-----------
time=69141701
mem_heap_B=5000517
mem_heap_extra_B=34355
mem_stacks_B=0
heap_tree=empty
#-----------
snapshot=43
#-----------
time=70940947
mem_heap_B=5010288
mem_heap_extra_B=35056
mem_stacks_B=0
heap_tree=empty
#-----------
snapshot=44
#-----------
time=72004109
mem_heap_B=5020495
mem_heap_extra_B=35649
mem_stacks_B=0
heap_tree=empty
#-----------
snapshot=45
#-----------
time=73364920
mem_heap_B=5027042
mem_heap_extra_B=36478
mem_stacks_B=0
heap_tree=empty
#-----------
snapshot=46
#-----------
time=74880987
mem_heap_B=5038769
mem_heap_extra_B=37463
mem_stacks_B=0
heap_tree=empty
#-----------
snapshot=47
#-----------
time=76563391
mem_heap_B=5050229
mem_heap_extra_B=38403
mem_stacks_B=0
heap_tree=empty
#-----------
snapshot=48
#-----------
time=77774373
mem_heap_B=5059517
mem_heap_extra_B=39211
mem_stacks_B=0
heap_tree=detailed
n4: 5059517 (heap allocation functions) malloc/new/new[], --alloc-fns, etc.
 n1: 4492564 0x4E583B0: ???
  n1: 4492564 0x4E57988: ???
   n1: 4492564 0x4E51FF0: ???
    n1: 4492564 0x4E4E6DA: ???
     n1: 4492564 0x4E4A750: ???
      n1: 4492564 0x4E560E2: ???
       n0: 4492564 0x1091F8: main (in /home/jenkins/workspace/build/linux/bin/benchmark_plugingetset)
 n2: 368916 0x485EAE2: elektraRealloc (in /home/jenkins/workspace/build/linux/lib/libelektra-core.so.0.8.26)
  n2: 360678 0x4860B6F: keyAddBaseName (in /home/jenkins/workspace/build/linux/lib/libelektra-core.so.0.8.26)
   n1: 360620 0x4E4CE93: ???
    n1: 360620 0x4E5ABAC: ???
     n1: 360620 0x4E4E701: ???
      n1: 360620 0x4E4A750: ???
       n1: 360620 0x4E560E2: ???
        n0: 360620 0x1091F8: main (in /home/jenkins/workspace/build/linux/bin/benchmark_plugingetset)
   n0: 58 in 1 place, below massif's threshold (1.00%)
  n0: 8238 in 2 places, all below massif's threshold (1.00%)
 n0: 125333 in 55 places, all below massif's threshold (1.00%)
 n1: 72704 0x4F03454: ??? (in /usr/lib/x86_64-linux-gnu/libstdc++.so.6.0.25)
  n1: 72704 0x400F378: call_init.part.0 (dl-init.c:72)
   n1: 72704 0x400F474: _dl_init (dl-init.c:118)
    n1: 72704 0x40132D1: dl_open_worker (dl-open.c:517)
     n1: 72704 0x49B5B2D: _dl_catch_exception (dl-error-skeleton.c:196)
      n1: 72704 0x4012BB8: _dl_open (dl-open.c:599)
       n1: 72704 0x487D254: dlopen_doit (dlopen.c:66)
        n1: 72704 0x49B5B2D: _dl_catch_exception (dl-error-skeleton.c:196)
         n1: 72704 0x49B5BBD: _dl_catch_error (dl-error-skeleton.c:215)
          n1: 72704 0x487D973: _dlerror_run (dlerror.c:163)
           n1: 72704 0x487D2E4: dlopen@@GLIBC_2.2.5 (dlopen.c:87)
            n1: 72704 0x48666EB: elektraModulesLoad (in /home/jenkins/workspace/build/linux/lib/libelektra-core.so.0.8.26)
             n1: 72704 0x484FD71: elektraPluginOpen (in /home/jenkins/workspace/build/linux/lib/libelektra-kdb.so.0.8.26)
              n0: 72704 0x1091E1: main (in /home/jenkins/workspace/build/linux/bin/benchmark_plugingetset)
#-----------
snapshot=49
#-----------
time=78686216
mem_heap_B=5067661
mem_heap_extra_B=39867
mem_stacks_B=0
heap_tree=empty
#-----------
snapshot=50
#-----------
time=79458833
mem_heap_B=5070444
mem_heap_extra_B=40212
mem_stacks_B=0
heap_tree=empty
#-----------
snapshot=51
#-----------
time=80228482
mem_heap_B=5075628
mem_heap_extra_B=40964
mem_stacks_B=0
heap_tree=empty
#-----------
snapshot=52
#-----------
time=80997999
mem_heap_B=5081906
mem_heap_extra_B=41470
mem_stacks_B=0
heap_tree=empty
#-----------
snapshot=53
#-----------
time=81414600
mem_heap_B=5088651
mem_heap_extra_B=41933
mem_stacks_B=0
heap_tree=detailed
n5: 5088651 (heap allocation functions) malloc/new/new[], --alloc-fns, etc.
 n1: 4492564 0x4E583B0: ???
  n1: 4492564 0x4E57988: ???
   n1: 4492564 0x4E51FF0: ???
    n1: 4492564 0x4E4E6DA: ???
     n1: 4492564 0x4E4A750: ???
      n1: 4492564 0x4E560E2: ???
       n0: 4492564 0x1091F8: main (in /home/jenkins/workspace/build/linux/bin/benchmark_plugingetset)
 n2: 391376 0x485EAE2: elektraRealloc (in /home/jenkins/workspace/build/linux/lib/libelektra-core.so.0.8.26)
  n2: 383138 0x4860B6F: keyAddBaseName (in /home/jenkins/workspace/build/linux/lib/libelektra-core.so.0.8.26)
   n1: 383080 0x4E4CE93: ???
    n1: 383080 0x4E5ABAC: ???
     n1: 383080 0x4E4E701: ???
      n1: 383080 0x4E4A750: ???
       n1: 383080 0x4E560E2: ???
        n0: 383080 0x1091F8: main (in /home/jenkins/workspace/build/linux/bin/benchmark_plugingetset)
   n0: 58 in 1 place, below massif's threshold (1.00%)
  n0: 8238 in 2 places, all below massif's threshold (1.00%)
 n0: 77863 in 54 places, all below massif's threshold (1.00%)
 n1: 72704 0x4F03454: ??? (in /usr/lib/x86_64-linux-gnu/libstdc++.so.6.0.25)
  n1: 72704 0x400F378: call_init.part.0 (dl-init.c:72)
   n1: 72704 0x400F474: _dl_init (dl-init.c:118)
    n1: 72704 0x40132D1: dl_open_worker (dl-open.c:517)
     n1: 72704 0x49B5B2D: _dl_catch_exception (dl-error-skeleton.c:196)
      n1: 72704 0x4012BB8: _dl_open (dl-open.c:599)
       n1: 72704 0x487D254: dlopen_doit (dlopen.c:66)
        n1: 72704 0x49B5B2D: _dl_catch_exception (dl-error-skeleton.c:196)
         n1: 72704 0x49B5BBD: _dl_catch_error (dl-error-skeleton.c:215)
          n1: 72704 0x487D973: _dlerror_run (dlerror.c:163)
           n1: 72704 0x487D2E4: dlopen@@GLIBC_2.2.5 (dlopen.c:87)
            n1: 72704 0x48666EB: elektraModulesLoad (in /home/jenkins/workspace/build/linux/lib/libelektra-core.so.0.8.26)
             n1: 72704 0x484FD71: elektraPluginOpen (in /home/jenkins/workspace/build/linux/lib/libelektra-kdb.so.0.8.26)
              n0: 72704 0x1091E1: main (in /home/jenkins/workspace/build/linux/bin/benchmark_plugingetset)
 n2: 54144 0x485F3A2: keyVNew (in /home/jenkins/workspace/build/linux/lib/libelektra-core.so.0.8.26)
  n1: 53952 0x4E4ECCF: ???
   n1: 53952 0x4E4CE66: ???
    n1: 53952 0x4E5ABAC: ???
     n1: 53952 0x4E4E701: ???
      n1: 53952 0x4E4A750: ???
       n1: 53952 0x4E560E2: ???
        n0: 53952 0x1091F8: main (in /home/jenkins/workspace/build/linux/bin/benchmark_plugingetset)
  n0: 192 in 1 place, below massif's threshold (1.00%)
#-----------
snapshot=54
#-----------
time=82186294
mem_heap_B=5092441
mem_heap_extra_B=42439
mem_stacks_B=0
heap_tree=empty
#-----------
snapshot=55
#-----------
time=82955907
mem_heap_B=5096899
mem_heap_extra_B=42837
mem_stacks_B=0
heap_tree=empty
#-----------
snapshot=56
#-----------
time=83725411
mem_heap_B=5102841
mem_heap_extra_B=43495
mem_stacks_B=0
heap_tree=empty
#-----------
snapshot=57
#-----------
time=84495259
mem_heap_B=5109971
mem_heap_extra_B=44141
mem_stacks_B=0
heap_tree=empty
#-----------
snapshot=58
#-----------
time=85266895
mem_heap_B=5113634
mem_heap_extra_B=44638
mem_stacks_B=0
heap_tree=empty
#-----------
snapshot=59
#-----------
time=86036732
mem_heap_B=5118475
mem_heap_extra_B=45293
mem_stacks_B=0
heap_tree=empty
#-----------
snapshot=60
#-----------
time=86806699
mem_heap_B=5125874
mem_heap_extra_B=45958
mem_stacks_B=0
heap_tree=empty
#-----------
snapshot=61
#-----------
time=87412396
mem_heap_B=5135961
mem_heap_extra_B=46543
mem_stacks_B=0
heap_tree=detailed
n5: 5135961 (heap allocation functions) malloc/new/new[], --alloc-fns, etc.
 n1: 4492564 0x4E583B0: ???
  n1: 4492564 0x4E57988: ???
   n1: 4492564 0x4E51FF0: ???
    n1: 4492564 0x4E4E6DA: ???
     n1: 4492564 0x4E4A750: ???
      n1: 4492564 0x4E560E2: ???
       n0: 4492564 0x1091F8: main (in /home/jenkins/workspace/build/linux/bin/benchmark_plugingetset)
 n2: 429304 0x485EAE2: elektraRealloc (in /home/jenkins/workspace/build/linux/lib/libelektra-core.so.0.8.26)
  n2: 420148 0x4860B6F: keyAddBaseName (in /home/jenkins/workspace/build/linux/lib/libelektra-core.so.0.8.26)
   n1: 420090 0x4E4CE93: ???
    n1: 420090 0x4E5ABAC: ???
     n1: 420090 0x4E4E701: ???
      n1: 420090 0x4E4A750: ???
       n1: 420090 0x4E560E2: ???
        n0: 420090 0x1091F8: main (in /home/jenkins/workspace/build/linux/bin/benchmark_plugingetset)
   n0: 58 in 1 place, below massif's threshold (1.00%)
  n0: 9156 in 2 places, all below massif's threshold (1.00%)
 n0: 80845 in 54 places, all below massif's threshold (1.00%)
 n1: 72704 0x4F03454: ??? (in /usr/lib/x86_64-linux-gnu/libstdc++.so.6.0.25)
  n1: 72704 0x400F378: call_init.part.0 (dl-init.c:72)
   n1: 72704 0x400F474: _dl_init (dl-init.c:118)
    n1: 72704 0x40132D1: dl_open_worker (dl-open.c:517)
     n1: 72704 0x49B5B2D: _dl_catch_exception (dl-error-skeleton.c:196)
      n1: 72704 0x4012BB8: _dl_open (dl-open.c:599)
       n1: 72704 0x487D254: dlopen_doit (dlopen.c:66)
        n1: 72704 0x49B5B2D: _dl_catch_exception (dl-error-skeleton.c:196)
         n1: 72704 0x49B5BBD: _dl_catch_error (dl-error-skeleton.c:215)
          n1: 72704 0x487D973: _dlerror_run (dlerror.c:163)
           n1: 72704 0x487D2E4: dlopen@@GLIBC_2.2.5 (dlopen.c:87)
            n1: 72704 0x48666EB: elektraModulesLoad (in /home/jenkins/workspace/build/linux/lib/libelektra-core.so.0.8.26)
             n1: 72704 0x484FD71: elektraPluginOpen (in /home/jenkins/workspace/build/linux/lib/libelektra-kdb.so.0.8.26)
              n0: 72704 0x1091E1: main (in /home/jenkins/workspace/build/linux/bin/benchmark_plugingetset)
 n2: 60544 0x485F3A2: keyVNew (in /home/jenkins/workspace/build/linux/lib/libelektra-core.so.0.8.26)
  n1: 60352 0x4E4ECCF: ???
   n1: 60352 0x4E4CE66: ???
    n1: 60352 0x4E5ABAC: ???
     n1: 60352 0x4E4E701: ???
      n1: 60352 0x4E4A750: ???
       n1: 60352 0x4E560E2: ???
        n0: 60352 0x1091F8: main (in /home/jenkins/workspace/build/linux/bin/benchmark_plugingetset)
  n0: 192 in 1 place, below massif's threshold (1.00%)
#-----------
snapshot=62
#-----------
time=88184652
mem_heap_B=5144610
mem_heap_extra_B=47006
mem_stacks_B=0
heap_tree=empty
#-----------
snapshot=63
#-----------
time=88955711
mem_heap_B=5142685
mem_heap_extra_B=47163
mem_stacks_B=0
heap_tree=empty
#-----------
snapshot=64
#-----------
time=89727634
mem_heap_B=5149737
mem_heap_extra_B=47887
mem_stacks_B=0
heap_tree=empty
#-----------
snapshot=65
#-----------
time=90497157
mem_heap_B=5158561
mem_heap_extra_B=48455
mem_stacks_B=0
heap_tree=empty
#-----------
snapshot=66
#-----------
time=91267000
mem_heap_B=5160646
mem_heap_extra_B=48738
mem_stacks_B=0
heap_tree=empty
#-----------
snapshot=67
#-----------
time=92036594
mem_heap_B=5169724
mem_heap_extra_B=49444
mem_stacks_B=0
heap_tree=empty
#-----------
snapshot=68
#-----------
time=92808679
mem_heap_B=5172699
mem_heap_extra_B=49709
mem_stacks_B=0
heap_tree=empty
#-----------
snapshot=69
#-----------
time=93579132
mem_heap_B=5179025
mem_heap_extra_B=50151
mem_stacks_B=0
heap_tree=empty
#-----------
snapshot=70
#-----------
time=93703062
mem_heap_B=5184008
mem_heap_extra_B=50360
mem_stacks_B=0
heap_tree=detailed
n5: 5184008 (heap allocation functions) malloc/new/new[], --alloc-fns, etc.
 n1: 4492564 0x4E583B0: ???
  n1: 4492564 0x4E57988: ???
   n1: 4492564 0x4E51FF0: ???
    n1: 4492564 0x4E4E6DA: ???
     n1: 4492564 0x4E4A750: ???
      n1: 4492564 0x4E560E2: ???
       n0: 4492564 0x1091F8: main (in /home/jenkins/workspace/build/linux/bin/benchmark_plugingetset)
 n2: 468866 0x485EAE2: elektraRealloc (in /home/jenkins/workspace/build/linux/lib/libelektra-core.so.0.8.26)
  n2: 460628 0x4860B6F: keyAddBaseName (in /home/jenkins/workspace/build/linux/lib/libelektra-core.so.0.8.26)
   n1: 460570 0x4E4CE93: ???
    n1: 460570 0x4E5ABAC: ???
     n1: 460570 0x4E4E701: ???
      n1: 460570 0x4E4A750: ???
       n1: 460570 0x4E560E2: ???
        n0: 460570 0x1091F8: main (in /home/jenkins/workspace/build/linux/bin/benchmark_plugingetset)
   n0: 58 in 1 place, below massif's threshold (1.00%)
  n0: 8238 in 2 places, all below massif's threshold (1.00%)
 n0: 84338 in 54 places, all below massif's threshold (1.00%)
 n1: 72704 0x4F03454: ??? (in /usr/lib/x86_64-linux-gnu/libstdc++.so.6.0.25)
  n1: 72704 0x400F378: call_init.part.0 (dl-init.c:72)
   n1: 72704 0x400F474: _dl_init (dl-init.c:118)
    n1: 72704 0x40132D1: dl_open_worker (dl-open.c:517)
     n1: 72704 0x49B5B2D: _dl_catch_exception (dl-error-skeleton.c:196)
      n1: 72704 0x4012BB8: _dl_open (dl-open.c:599)
       n1: 72704 0x487D254: dlopen_doit (dlopen.c:66)
        n1: 72704 0x49B5B2D: _dl_catch_exception (dl-error-skeleton.c:196)
         n1: 72704 0x49B5BBD: _dl_catch_error (dl-error-skeleton.c:215)
          n1: 72704 0x487D973: _dlerror_run (dlerror.c:163)
           n1: 72704 0x487D2E4: dlopen@@GLIBC_2.2.5 (dlopen.c:87)
            n1: 72704 0x48666EB: elektraModulesLoad (in /home/jenkins/workspace/build/linux/lib/libelektra-core.so.0.8.26)
             n1: 72704 0x484FD71: elektraPluginOpen (in /home/jenkins/workspace/build/linux/lib/libelektra-kdb.so.0.8.26)
              n0: 72704 0x1091E1: main (in /home/jenkins/workspace/build/linux/bin/benchmark_plugingetset)
 n2: 65536 0x485F3A2: keyVNew (in /home/jenkins/workspace/build/linux/lib/libelektra-core.so.0.8.26)
  n1: 65344 0x4E4ECCF: ???
   n1: 65344 0x4E4CE66: ???
    n1: 65344 0x4E5ABAC: ???
     n1: 65344 0x4E4E701: ???
      n1: 65344 0x4E4A750: ???
       n1: 65344 0x4E560E2: ???
        n0: 65344 0x1091F8: main (in /home/jenkins/workspace/build/linux/bin/benchmark_plugingetset)
  n0: 192 in 1 place, below massif's threshold (1.00%)
#-----------
snapshot=71
#-----------
time=94474645
mem_heap_B=5184496
mem_heap_extra_B=50576
mem_stacks_B=0
heap_tree=empty
#-----------
snapshot=72
#-----------
time=95249053
mem_heap_B=5196266
mem_heap_extra_B=51062
mem_stacks_B=0
heap_tree=empty
#-----------
snapshot=73
#-----------
time=96019635
mem_heap_B=5203717
mem_heap_extra_B=51683
mem_stacks_B=0
heap_tree=empty
#-----------
snapshot=74
#-----------
time=96790127
mem_heap_B=5207518
mem_heap_extra_B=52106
mem_stacks_B=0
heap_tree=empty
#-----------
snapshot=75
#-----------
time=97563162
mem_heap_B=5212782
mem_heap_extra_B=52626
mem_stacks_B=0
heap_tree=empty
#-----------
snapshot=76
#-----------
time=98337360
mem_heap_B=5218520
mem_heap_extra_B=53256
mem_stacks_B=0
heap_tree=empty
#-----------
snapshot=77
#-----------
time=99041120
mem_heap_B=5233338
mem_heap_extra_B=53902
mem_stacks_B=0
heap_tree=peak
n5: 5233338 (heap allocation functions) malloc/new/new[], --alloc-fns, etc.
 n1: 4492564 0x4E583B0: ???
  n1: 4492564 0x4E57988: ???
   n1: 4492564 0x4E51FF0: ???
    n1: 4492564 0x4E4E6DA: ???
     n1: 4492564 0x4E4A750: ???
      n1: 4492564 0x4E560E2: ???
       n0: 4492564 0x1091F8: main (in /home/jenkins/workspace/build/linux/bin/benchmark_plugingetset)
 n2: 510522 0x485EAE2: elektraRealloc (in /home/jenkins/workspace/build/linux/lib/libelektra-core.so.0.8.26)
  n2: 493026 0x4860B6F: keyAddBaseName (in /home/jenkins/workspace/build/linux/lib/libelektra-core.so.0.8.26)
   n1: 492968 0x4E4CE93: ???
    n1: 492968 0x4E5ABAC: ???
     n1: 492968 0x4E4E701: ???
      n1: 492968 0x4E4A750: ???
       n1: 492968 0x4E560E2: ???
        n0: 492968 0x1091F8: main (in /home/jenkins/workspace/build/linux/bin/benchmark_plugingetset)
   n0: 58 in 1 place, below massif's threshold (1.00%)
  n0: 17496 in 2 places, all below massif's threshold (1.00%)
 n0: 87084 in 54 places, all below massif's threshold (1.00%)
 n1: 72704 0x4F03454: ??? (in /usr/lib/x86_64-linux-gnu/libstdc++.so.6.0.25)
  n1: 72704 0x400F378: call_init.part.0 (dl-init.c:72)
   n1: 72704 0x400F474: _dl_init (dl-init.c:118)
    n1: 72704 0x40132D1: dl_open_worker (dl-open.c:517)
     n1: 72704 0x49B5B2D: _dl_catch_exception (dl-error-skeleton.c:196)
      n1: 72704 0x4012BB8: _dl_open (dl-open.c:599)
       n1: 72704 0x487D254: dlopen_doit (dlopen.c:66)
        n1: 72704 0x49B5B2D: _dl_catch_exception (dl-error-skeleton.c:196)
         n1: 72704 0x49B5BBD: _dl_catch_error (dl-error-skeleton.c:215)
          n1: 72704 0x487D973: _dlerror_run (dlerror.c:163)
           n1: 72704 0x487D2E4: dlopen@@GLIBC_2.2.5 (dlopen.c:87)
            n1: 72704 0x48666EB: elektraModulesLoad (in /home/jenkins/workspace/build/linux/lib/libelektra-core.so.0.8.26)
             n1: 72704 0x484FD71: elektraPluginOpen (in /home/jenkins/workspace/build/linux/lib/libelektra-kdb.so.0.8.26)
              n0: 72704 0x1091E1: main (in /home/jenkins/workspace/build/linux/bin/benchmark_plugingetset)
 n2: 70464 0x485F3A2: keyVNew (in /home/jenkins/workspace/build/linux/lib/libelektra-core.so.0.8.26)
  n1: 70272 0x4E4ECCF: ???
   n1: 70272 0x4E4CE66: ???
    n1: 70272 0x4E5ABAC: ???
     n1: 70272 0x4E4E701: ???
      n1: 70272 0x4E4A750: ???
       n1: 70272 0x4E560E2: ???
        n0: 70272 0x1091F8: main (in /home/jenkins/workspace/build/linux/bin/benchmark_plugingetset)
  n0: 192 in 1 place, below massif's threshold (1.00%)
#-----------
snapshot=78
#-----------
time=99810885
mem_heap_B=5237377
mem_heap_extra_B=54183
mem_stacks_B=0
heap_tree=empty
#-----------
snapshot=79
#-----------
time=100581797
mem_heap_B=5235289
mem_heap_extra_B=54231
mem_stacks_B=0
heap_tree=empty
#-----------
snapshot=80
#-----------
time=101351538
mem_heap_B=5240683
mem_heap_extra_B=54805
mem_stacks_B=0
heap_tree=empty
#-----------
snapshot=81
#-----------
time=102121654
mem_heap_B=5245958
mem_heap_extra_B=55146
mem_stacks_B=0
heap_tree=empty
#-----------
snapshot=82
#-----------
time=102892374
mem_heap_B=5252209
mem_heap_extra_B=55703
mem_stacks_B=0
heap_tree=empty
#-----------
snapshot=83
#-----------
time=103662322
mem_heap_B=5264372
mem_heap_extra_B=56268
mem_stacks_B=0
heap_tree=empty
#-----------
snapshot=84
#-----------
time=104433387
mem_heap_B=5265345
mem_heap_extra_B=56471
mem_stacks_B=0
heap_tree=empty
#-----------
snapshot=85
#-----------
time=105390055
mem_heap_B=760337
mem_heap_extra_B=55855
mem_stacks_B=0
heap_tree=empty
