desc: --massif-out-file=results/generated_5.yamlcpp.out
cmd: build/linux/bin/benchmark_plugingetset benchmarks/data/generated_5 user yamlcpp get
time_unit: i
#-----------
snapshot=0
#-----------
time=0
mem_heap_B=0
mem_heap_extra_B=0
mem_stacks_B=0
heap_tree=empty
#-----------
snapshot=1
#-----------
time=209265
mem_heap_B=64
mem_heap_extra_B=8
mem_stacks_B=0
heap_tree=empty
#-----------
snapshot=2
#-----------
time=224396
mem_heap_B=1324
mem_heap_extra_B=52
mem_stacks_B=0
heap_tree=empty
#-----------
snapshot=3
#-----------
time=237279
mem_heap_B=1398
mem_heap_extra_B=74
mem_stacks_B=0
heap_tree=empty
#-----------
snapshot=4
#-----------
time=249117
mem_heap_B=1892
mem_heap_extra_B=124
mem_stacks_B=0
heap_tree=empty
#-----------
snapshot=5
#-----------
time=263341
mem_heap_B=2044
mem_heap_extra_B=180
mem_stacks_B=0
heap_tree=empty
#-----------
snapshot=6
#-----------
time=274201
mem_heap_B=3429
mem_heap_extra_B=219
mem_stacks_B=0
heap_tree=empty
#-----------
snapshot=7
#-----------
time=287515
mem_heap_B=7462
mem_heap_extra_B=330
mem_stacks_B=0
heap_tree=empty
#-----------
snapshot=8
#-----------
time=295757
mem_heap_B=7503
mem_heap_extra_B=345
mem_stacks_B=0
heap_tree=empty
#-----------
snapshot=9
#-----------
time=310144
mem_heap_B=10021
mem_heap_extra_B=435
mem_stacks_B=0
heap_tree=empty
#-----------
snapshot=10
#-----------
time=320539
mem_heap_B=11391
mem_heap_extra_B=505
mem_stacks_B=0
heap_tree=empty
#-----------
snapshot=11
#-----------
time=328509
mem_heap_B=11479
mem_heap_extra_B=521
mem_stacks_B=0
heap_tree=empty
#-----------
snapshot=12
#-----------
time=340120
mem_heap_B=11567
mem_heap_extra_B=537
mem_stacks_B=0
heap_tree=empty
#-----------
snapshot=13
#-----------
time=353866
mem_heap_B=12087
mem_heap_extra_B=593
mem_stacks_B=0
heap_tree=empty
#-----------
snapshot=14
#-----------
time=362118
mem_heap_B=12567
mem_heap_extra_B=633
mem_stacks_B=0
heap_tree=empty
#-----------
snapshot=15
#-----------
time=374527
mem_heap_B=14631
mem_heap_extra_B=657
mem_stacks_B=0
heap_tree=empty
#-----------
snapshot=16
#-----------
time=930359
mem_heap_B=15623
mem_heap_extra_B=665
mem_stacks_B=0
heap_tree=empty
#-----------
snapshot=17
#-----------
time=1016199
mem_heap_B=17575
mem_heap_extra_B=673
mem_stacks_B=0
heap_tree=empty
#-----------
snapshot=18
#-----------
time=1017082
mem_heap_B=16583
mem_heap_extra_B=665
mem_stacks_B=0
heap_tree=empty
#-----------
snapshot=19
#-----------
time=3457363
mem_heap_B=20647
mem_heap_extra_B=673
mem_stacks_B=0
heap_tree=empty
#-----------
snapshot=20
#-----------
time=3458994
mem_heap_B=18695
mem_heap_extra_B=665
mem_stacks_B=0
heap_tree=empty
#-----------
snapshot=21
#-----------
time=6064748
mem_heap_B=91399
mem_heap_extra_B=673
mem_stacks_B=0
heap_tree=empty
#-----------
snapshot=22
#-----------
time=6111664
mem_heap_B=91416
mem_heap_extra_B=696
mem_stacks_B=0
heap_tree=empty
#-----------
snapshot=23
#-----------
time=6121228
mem_heap_B=91501
mem_heap_extra_B=811
mem_stacks_B=0
heap_tree=empty
#-----------
snapshot=24
#-----------
time=6128512
mem_heap_B=91565
mem_heap_extra_B=819
mem_stacks_B=0
heap_tree=empty
#-----------
snapshot=25
#-----------
time=6138270
mem_heap_B=103670
mem_heap_extra_B=922
mem_stacks_B=0
heap_tree=empty
#-----------
snapshot=26
#-----------
time=6150942
mem_heap_B=108374
mem_heap_extra_B=1258
mem_stacks_B=0
heap_tree=empty
#-----------
snapshot=27
#-----------
time=6162453
mem_heap_B=109846
mem_heap_extra_B=1442
mem_stacks_B=0
heap_tree=empty
#-----------
snapshot=28
#-----------
time=6169764
mem_heap_B=112007
mem_heap_extra_B=1609
mem_stacks_B=0
heap_tree=empty
#-----------
snapshot=29
#-----------
time=6180921
mem_heap_B=111670
mem_heap_extra_B=1602
mem_stacks_B=0
heap_tree=empty
#-----------
snapshot=30
#-----------
time=6197050
mem_heap_B=113590
mem_heap_extra_B=1866
mem_stacks_B=0
heap_tree=empty
#-----------
snapshot=31
#-----------
time=6211195
mem_heap_B=113318
mem_heap_extra_B=1826
mem_stacks_B=0
heap_tree=empty
#-----------
snapshot=32
#-----------
time=6217956
mem_heap_B=115030
mem_heap_extra_B=2090
mem_stacks_B=0
heap_tree=detailed
n8: 115030 (heap allocation functions) malloc/new/new[], --alloc-fns, etc.
 n1: 72704 0x4F75454: ??? (in /usr/lib/x86_64-linux-gnu/libstdc++.so.6.0.25)
  n1: 72704 0x400F378: call_init.part.0 (dl-init.c:72)
   n1: 72704 0x400F474: _dl_init (dl-init.c:118)
    n1: 72704 0x40132D1: dl_open_worker (dl-open.c:517)
     n1: 72704 0x49B5B2D: _dl_catch_exception (dl-error-skeleton.c:196)
      n1: 72704 0x4012BB8: _dl_open (dl-open.c:599)
       n1: 72704 0x487D254: dlopen_doit (dlopen.c:66)
        n1: 72704 0x49B5B2D: _dl_catch_exception (dl-error-skeleton.c:196)
         n1: 72704 0x49B5BBD: _dl_catch_error (dl-error-skeleton.c:215)
          n1: 72704 0x487D973: _dlerror_run (dlerror.c:163)
           n1: 72704 0x487D2E4: dlopen@@GLIBC_2.2.5 (dlopen.c:87)
            n1: 72704 0x48666EB: elektraModulesLoad (in /home/jenkins/workspace/build/linux/lib/libelektra-core.so.0.8.26)
             n1: 72704 0x484FD71: elektraPluginOpen (in /home/jenkins/workspace/build/linux/lib/libelektra-kdb.so.0.8.26)
              n0: 72704 0x1091E1: main (in /home/jenkins/workspace/build/linux/bin/benchmark_plugingetset)
 n0: 12562 in 66 places, all below massif's threshold (1.00%)
 n1: 8356 0x400B2AC: _dl_new_object (dl-object.c:73)
  n1: 8356 0x4005E46: _dl_map_object_from_fd (dl-load.c:1001)
   n2: 8356 0x4008A8B: _dl_map_object (dl-load.c:2466)
    n1: 7158 0x400D290: openaux (dl-deps.c:64)
     n1: 7158 0x49B5B2D: _dl_catch_exception (dl-error-skeleton.c:196)
      n1: 7158 0x400D604: _dl_map_object_deps (dl-deps.c:248)
       n1: 7158 0x401304E: dl_open_worker (dl-open.c:271)
        n1: 7158 0x49B5B2D: _dl_catch_exception (dl-error-skeleton.c:196)
         n1: 7158 0x4012BB8: _dl_open (dl-open.c:599)
          n1: 7158 0x487D254: dlopen_doit (dlopen.c:66)
           n1: 7158 0x49B5B2D: _dl_catch_exception (dl-error-skeleton.c:196)
            n1: 7158 0x49B5BBD: _dl_catch_error (dl-error-skeleton.c:215)
             n1: 7158 0x487D973: _dlerror_run (dlerror.c:163)
              n1: 7158 0x487D2E4: dlopen@@GLIBC_2.2.5 (dlopen.c:87)
               n1: 7158 0x48666EB: elektraModulesLoad (in /home/jenkins/workspace/build/linux/lib/libelektra-core.so.0.8.26)
                n1: 7158 0x484FD71: elektraPluginOpen (in /home/jenkins/workspace/build/linux/lib/libelektra-kdb.so.0.8.26)
                 n0: 7158 0x1091E1: main (in /home/jenkins/workspace/build/linux/bin/benchmark_plugingetset)
    n1: 1198 0x4012FE9: dl_open_worker (dl-open.c:228)
     n1: 1198 0x49B5B2D: _dl_catch_exception (dl-error-skeleton.c:196)
      n1: 1198 0x4012BB8: _dl_open (dl-open.c:599)
       n1: 1198 0x487D254: dlopen_doit (dlopen.c:66)
        n1: 1198 0x49B5B2D: _dl_catch_exception (dl-error-skeleton.c:196)
         n1: 1198 0x49B5BBD: _dl_catch_error (dl-error-skeleton.c:215)
          n1: 1198 0x487D973: _dlerror_run (dlerror.c:163)
           n1: 1198 0x487D2E4: dlopen@@GLIBC_2.2.5 (dlopen.c:87)
            n1: 1198 0x48666EB: elektraModulesLoad (in /home/jenkins/workspace/build/linux/lib/libelektra-core.so.0.8.26)
             n1: 1198 0x484FD71: elektraPluginOpen (in /home/jenkins/workspace/build/linux/lib/libelektra-kdb.so.0.8.26)
              n0: 1198 0x1091E1: main (in /home/jenkins/workspace/build/linux/bin/benchmark_plugingetset)
 n1: 8192 0x4FD18F6: std::basic_filebuf<char, std::char_traits<char> >::_M_allocate_internal_buffer() (in /usr/lib/x86_64-linux-gnu/libstdc++.so.6.0.25)
  n1: 8192 0x4FD5790: std::basic_filebuf<char, std::char_traits<char> >::open(char const*, std::_Ios_Openmode) (in /usr/lib/x86_64-linux-gnu/libstdc++.so.6.0.25)
   n1: 8192 0x4EA6039: YAML::LoadFile(std::__cxx11::basic_string<char, std::char_traits<char>, std::allocator<char> > const&) (in /usr/lib/x86_64-linux-gnu/libyaml-cpp.so.0.6.2)
    n1: 8192 0x4E50D13: ???
     n1: 8192 0x4E4C4BE: ???
      n0: 8192 0x1091F8: main (in /home/jenkins/workspace/build/linux/bin/benchmark_plugingetset)
 n2: 4320 0x4E9EDAA: std::vector<YAML::RegEx, std::allocator<YAML::RegEx> >::vector(std::vector<YAML::RegEx, std::allocator<YAML::RegEx> > const&) (in /usr/lib/x86_64-linux-gnu/libyaml-cpp.so.0.6.2)
  n3: 3168 0x4E9EDEE: std::vector<YAML::RegEx, std::allocator<YAML::RegEx> >::vector(std::vector<YAML::RegEx, std::allocator<YAML::RegEx> > const&) (in /usr/lib/x86_64-linux-gnu/libyaml-cpp.so.0.6.2)
   n1: 1632 0x4EA920E: void std::vector<YAML::RegEx, std::allocator<YAML::RegEx> >::_M_realloc_insert<YAML::RegEx const&>(__gnu_cxx::__normal_iterator<YAML::RegEx*, std::vector<YAML::RegEx, std::allocator<YAML::RegEx> > >, YAML::RegEx const&) (in /usr/lib/x86_64-linux-gnu/libyaml-cpp.so.0.6.2)
    n0: 1632 in 5 places, all below massif's threshold (1.00%)
   n1: 1408 0x4E9EDEE: std::vector<YAML::RegEx, std::allocator<YAML::RegEx> >::vector(std::vector<YAML::RegEx, std::allocator<YAML::RegEx> > const&) (in /usr/lib/x86_64-linux-gnu/libyaml-cpp.so.0.6.2)
    n0: 1408 in 3 places, all below massif's threshold (1.00%)
   n0: 128 in 1 place, below massif's threshold (1.00%)
  n0: 1152 in 2 places, all below massif's threshold (1.00%)
 n1: 4064 0x400A095: do_lookup_x (dl-lookup.c:253)
  n1: 4064 0x400A38D: _dl_lookup_symbol_x (dl-lookup.c:814)
   n1: 4064 0x400BD5C: _dl_relocate_object (dl-machine.h:308)
    n1: 4064 0x401319C: dl_open_worker (dl-open.c:377)
     n1: 4064 0x49B5B2D: _dl_catch_exception (dl-error-skeleton.c:196)
      n1: 4064 0x4012BB8: _dl_open (dl-open.c:599)
       n1: 4064 0x487D254: dlopen_doit (dlopen.c:66)
        n1: 4064 0x49B5B2D: _dl_catch_exception (dl-error-skeleton.c:196)
         n1: 4064 0x49B5BBD: _dl_catch_error (dl-error-skeleton.c:215)
          n1: 4064 0x487D973: _dlerror_run (dlerror.c:163)
           n1: 4064 0x487D2E4: dlopen@@GLIBC_2.2.5 (dlopen.c:87)
            n1: 4064 0x48666EB: elektraModulesLoad (in /home/jenkins/workspace/build/linux/lib/libelektra-core.so.0.8.26)
             n1: 4064 0x484FD71: elektraPluginOpen (in /home/jenkins/workspace/build/linux/lib/libelektra-kdb.so.0.8.26)
              n0: 4064 0x1091E1: main (in /home/jenkins/workspace/build/linux/bin/benchmark_plugingetset)
 n1: 2784 0x4010A1E: _dl_check_map_versions (dl-version.c:274)
  n1: 2784 0x4013094: dl_open_worker (dl-open.c:277)
   n1: 2784 0x49B5B2D: _dl_catch_exception (dl-error-skeleton.c:196)
    n1: 2784 0x4012BB8: _dl_open (dl-open.c:599)
     n1: 2784 0x487D254: dlopen_doit (dlopen.c:66)
      n1: 2784 0x49B5B2D: _dl_catch_exception (dl-error-skeleton.c:196)
       n1: 2784 0x49B5BBD: _dl_catch_error (dl-error-skeleton.c:215)
        n1: 2784 0x487D973: _dlerror_run (dlerror.c:163)
         n1: 2784 0x487D2E4: dlopen@@GLIBC_2.2.5 (dlopen.c:87)
          n1: 2784 0x48666EB: elektraModulesLoad (in /home/jenkins/workspace/build/linux/lib/libelektra-core.so.0.8.26)
           n1: 2784 0x484FD71: elektraPluginOpen (in /home/jenkins/workspace/build/linux/lib/libelektra-kdb.so.0.8.26)
            n0: 2784 0x1091E1: main (in /home/jenkins/workspace/build/linux/bin/benchmark_plugingetset)
 n1: 2048 0x4ED1A3A: ??? (in /usr/lib/x86_64-linux-gnu/libyaml-cpp.so.0.6.2)
  n1: 2048 0x4EAC4D0: ??? (in /usr/lib/x86_64-linux-gnu/libyaml-cpp.so.0.6.2)
   n1: 2048 0x4EA7A90: YAML::Parser::Load(std::istream&) (in /usr/lib/x86_64-linux-gnu/libyaml-cpp.so.0.6.2)
    n1: 2048 0x4EA7B29: YAML::Parser::Parser(std::istream&) (in /usr/lib/x86_64-linux-gnu/libyaml-cpp.so.0.6.2)
     n1: 2048 0x4EA582F: YAML::Load(std::istream&) (in /usr/lib/x86_64-linux-gnu/libyaml-cpp.so.0.6.2)
      n1: 2048 0x4EA606D: YAML::LoadFile(std::__cxx11::basic_string<char, std::char_traits<char>, std::allocator<char> > const&) (in /usr/lib/x86_64-linux-gnu/libyaml-cpp.so.0.6.2)
       n1: 2048 0x4E50D13: ???
        n1: 2048 0x4E4C4BE: ???
         n0: 2048 0x1091F8: main (in /home/jenkins/workspace/build/linux/bin/benchmark_plugingetset)
#-----------
snapshot=33
#-----------
time=6227766
mem_heap_B=115413
mem_heap_extra_B=2091
mem_stacks_B=0
heap_tree=empty
#-----------
snapshot=34
#-----------
time=6240013
mem_heap_B=115480
mem_heap_extra_B=2112
mem_stacks_B=0
heap_tree=empty
#-----------
snapshot=35
#-----------
time=6248427
mem_heap_B=115859
mem_heap_extra_B=2309
mem_stacks_B=0
heap_tree=empty
#-----------
snapshot=36
#-----------
time=6258083
mem_heap_B=116258
mem_heap_extra_B=2334
mem_stacks_B=0
heap_tree=detailed
n8: 116258 (heap allocation functions) malloc/new/new[], --alloc-fns, etc.
 n1: 72704 0x4F75454: ??? (in /usr/lib/x86_64-linux-gnu/libstdc++.so.6.0.25)
  n1: 72704 0x400F378: call_init.part.0 (dl-init.c:72)
   n1: 72704 0x400F474: _dl_init (dl-init.c:118)
    n1: 72704 0x40132D1: dl_open_worker (dl-open.c:517)
     n1: 72704 0x49B5B2D: _dl_catch_exception (dl-error-skeleton.c:196)
      n1: 72704 0x4012BB8: _dl_open (dl-open.c:599)
       n1: 72704 0x487D254: dlopen_doit (dlopen.c:66)
        n1: 72704 0x49B5B2D: _dl_catch_exception (dl-error-skeleton.c:196)
         n1: 72704 0x49B5BBD: _dl_catch_error (dl-error-skeleton.c:215)
          n1: 72704 0x487D973: _dlerror_run (dlerror.c:163)
           n1: 72704 0x487D2E4: dlopen@@GLIBC_2.2.5 (dlopen.c:87)
            n1: 72704 0x48666EB: elektraModulesLoad (in /home/jenkins/workspace/build/linux/lib/libelektra-core.so.0.8.26)
             n1: 72704 0x484FD71: elektraPluginOpen (in /home/jenkins/workspace/build/linux/lib/libelektra-kdb.so.0.8.26)
              n0: 72704 0x1091E1: main (in /home/jenkins/workspace/build/linux/bin/benchmark_plugingetset)
 n0: 13790 in 70 places, all below massif's threshold (1.00%)
 n1: 8356 0x400B2AC: _dl_new_object (dl-object.c:73)
  n1: 8356 0x4005E46: _dl_map_object_from_fd (dl-load.c:1001)
   n2: 8356 0x4008A8B: _dl_map_object (dl-load.c:2466)
    n1: 7158 0x400D290: openaux (dl-deps.c:64)
     n1: 7158 0x49B5B2D: _dl_catch_exception (dl-error-skeleton.c:196)
      n1: 7158 0x400D604: _dl_map_object_deps (dl-deps.c:248)
       n1: 7158 0x401304E: dl_open_worker (dl-open.c:271)
        n1: 7158 0x49B5B2D: _dl_catch_exception (dl-error-skeleton.c:196)
         n1: 7158 0x4012BB8: _dl_open (dl-open.c:599)
          n1: 7158 0x487D254: dlopen_doit (dlopen.c:66)
           n1: 7158 0x49B5B2D: _dl_catch_exception (dl-error-skeleton.c:196)
            n1: 7158 0x49B5BBD: _dl_catch_error (dl-error-skeleton.c:215)
             n1: 7158 0x487D973: _dlerror_run (dlerror.c:163)
              n1: 7158 0x487D2E4: dlopen@@GLIBC_2.2.5 (dlopen.c:87)
               n1: 7158 0x48666EB: elektraModulesLoad (in /home/jenkins/workspace/build/linux/lib/libelektra-core.so.0.8.26)
                n1: 7158 0x484FD71: elektraPluginOpen (in /home/jenkins/workspace/build/linux/lib/libelektra-kdb.so.0.8.26)
                 n0: 7158 0x1091E1: main (in /home/jenkins/workspace/build/linux/bin/benchmark_plugingetset)
    n1: 1198 0x4012FE9: dl_open_worker (dl-open.c:228)
     n1: 1198 0x49B5B2D: _dl_catch_exception (dl-error-skeleton.c:196)
      n1: 1198 0x4012BB8: _dl_open (dl-open.c:599)
       n1: 1198 0x487D254: dlopen_doit (dlopen.c:66)
        n1: 1198 0x49B5B2D: _dl_catch_exception (dl-error-skeleton.c:196)
         n1: 1198 0x49B5BBD: _dl_catch_error (dl-error-skeleton.c:215)
          n1: 1198 0x487D973: _dlerror_run (dlerror.c:163)
           n1: 1198 0x487D2E4: dlopen@@GLIBC_2.2.5 (dlopen.c:87)
            n1: 1198 0x48666EB: elektraModulesLoad (in /home/jenkins/workspace/build/linux/lib/libelektra-core.so.0.8.26)
             n1: 1198 0x484FD71: elektraPluginOpen (in /home/jenkins/workspace/build/linux/lib/libelektra-kdb.so.0.8.26)
              n0: 1198 0x1091E1: main (in /home/jenkins/workspace/build/linux/bin/benchmark_plugingetset)
 n1: 8192 0x4FD18F6: std::basic_filebuf<char, std::char_traits<char> >::_M_allocate_internal_buffer() (in /usr/lib/x86_64-linux-gnu/libstdc++.so.6.0.25)
  n1: 8192 0x4FD5790: std::basic_filebuf<char, std::char_traits<char> >::open(char const*, std::_Ios_Openmode) (in /usr/lib/x86_64-linux-gnu/libstdc++.so.6.0.25)
   n1: 8192 0x4EA6039: YAML::LoadFile(std::__cxx11::basic_string<char, std::char_traits<char>, std::allocator<char> > const&) (in /usr/lib/x86_64-linux-gnu/libyaml-cpp.so.0.6.2)
    n1: 8192 0x4E50D13: ???
     n1: 8192 0x4E4C4BE: ???
      n0: 8192 0x1091F8: main (in /home/jenkins/workspace/build/linux/bin/benchmark_plugingetset)
 n2: 4320 0x4E9EDAA: std::vector<YAML::RegEx, std::allocator<YAML::RegEx> >::vector(std::vector<YAML::RegEx, std::allocator<YAML::RegEx> > const&) (in /usr/lib/x86_64-linux-gnu/libyaml-cpp.so.0.6.2)
  n3: 3168 0x4E9EDEE: std::vector<YAML::RegEx, std::allocator<YAML::RegEx> >::vector(std::vector<YAML::RegEx, std::allocator<YAML::RegEx> > const&) (in /usr/lib/x86_64-linux-gnu/libyaml-cpp.so.0.6.2)
   n1: 1632 0x4EA920E: void std::vector<YAML::RegEx, std::allocator<YAML::RegEx> >::_M_realloc_insert<YAML::RegEx const&>(__gnu_cxx::__normal_iterator<YAML::RegEx*, std::vector<YAML::RegEx, std::allocator<YAML::RegEx> > >, YAML::RegEx const&) (in /usr/lib/x86_64-linux-gnu/libyaml-cpp.so.0.6.2)
    n0: 1632 in 5 places, all below massif's threshold (1.00%)
   n1: 1408 0x4E9EDEE: std::vector<YAML::RegEx, std::allocator<YAML::RegEx> >::vector(std::vector<YAML::RegEx, std::allocator<YAML::RegEx> > const&) (in /usr/lib/x86_64-linux-gnu/libyaml-cpp.so.0.6.2)
    n0: 1408 in 3 places, all below massif's threshold (1.00%)
   n0: 128 in 1 place, below massif's threshold (1.00%)
  n0: 1152 in 2 places, all below massif's threshold (1.00%)
 n1: 4064 0x400A095: do_lookup_x (dl-lookup.c:253)
  n1: 4064 0x400A38D: _dl_lookup_symbol_x (dl-lookup.c:814)
   n1: 4064 0x400BD5C: _dl_relocate_object (dl-machine.h:308)
    n1: 4064 0x401319C: dl_open_worker (dl-open.c:377)
     n1: 4064 0x49B5B2D: _dl_catch_exception (dl-error-skeleton.c:196)
      n1: 4064 0x4012BB8: _dl_open (dl-open.c:599)
       n1: 4064 0x487D254: dlopen_doit (dlopen.c:66)
        n1: 4064 0x49B5B2D: _dl_catch_exception (dl-error-skeleton.c:196)
         n1: 4064 0x49B5BBD: _dl_catch_error (dl-error-skeleton.c:215)
          n1: 4064 0x487D973: _dlerror_run (dlerror.c:163)
           n1: 4064 0x487D2E4: dlopen@@GLIBC_2.2.5 (dlopen.c:87)
            n1: 4064 0x48666EB: elektraModulesLoad (in /home/jenkins/workspace/build/linux/lib/libelektra-core.so.0.8.26)
             n1: 4064 0x484FD71: elektraPluginOpen (in /home/jenkins/workspace/build/linux/lib/libelektra-kdb.so.0.8.26)
              n0: 4064 0x1091E1: main (in /home/jenkins/workspace/build/linux/bin/benchmark_plugingetset)
 n1: 2784 0x4010A1E: _dl_check_map_versions (dl-version.c:274)
  n1: 2784 0x4013094: dl_open_worker (dl-open.c:277)
   n1: 2784 0x49B5B2D: _dl_catch_exception (dl-error-skeleton.c:196)
    n1: 2784 0x4012BB8: _dl_open (dl-open.c:599)
     n1: 2784 0x487D254: dlopen_doit (dlopen.c:66)
      n1: 2784 0x49B5B2D: _dl_catch_exception (dl-error-skeleton.c:196)
       n1: 2784 0x49B5BBD: _dl_catch_error (dl-error-skeleton.c:215)
        n1: 2784 0x487D973: _dlerror_run (dlerror.c:163)
         n1: 2784 0x487D2E4: dlopen@@GLIBC_2.2.5 (dlopen.c:87)
          n1: 2784 0x48666EB: elektraModulesLoad (in /home/jenkins/workspace/build/linux/lib/libelektra-core.so.0.8.26)
           n1: 2784 0x484FD71: elektraPluginOpen (in /home/jenkins/workspace/build/linux/lib/libelektra-kdb.so.0.8.26)
            n0: 2784 0x1091E1: main (in /home/jenkins/workspace/build/linux/bin/benchmark_plugingetset)
 n1: 2048 0x4ED1A3A: ??? (in /usr/lib/x86_64-linux-gnu/libyaml-cpp.so.0.6.2)
  n1: 2048 0x4EAC4D0: ??? (in /usr/lib/x86_64-linux-gnu/libyaml-cpp.so.0.6.2)
   n1: 2048 0x4EA7A90: YAML::Parser::Load(std::istream&) (in /usr/lib/x86_64-linux-gnu/libyaml-cpp.so.0.6.2)
    n1: 2048 0x4EA7B29: YAML::Parser::Parser(std::istream&) (in /usr/lib/x86_64-linux-gnu/libyaml-cpp.so.0.6.2)
     n1: 2048 0x4EA582F: YAML::Load(std::istream&) (in /usr/lib/x86_64-linux-gnu/libyaml-cpp.so.0.6.2)
      n1: 2048 0x4EA606D: YAML::LoadFile(std::__cxx11::basic_string<char, std::char_traits<char>, std::allocator<char> > const&) (in /usr/lib/x86_64-linux-gnu/libyaml-cpp.so.0.6.2)
       n1: 2048 0x4E50D13: ???
        n1: 2048 0x4E4C4BE: ???
         n0: 2048 0x1091F8: main (in /home/jenkins/workspace/build/linux/bin/benchmark_plugingetset)
#-----------
snapshot=37
#-----------
time=6273760
mem_heap_B=116136
mem_heap_extra_B=2344
mem_stacks_B=0
heap_tree=empty
#-----------
snapshot=38
#-----------
time=6284464
mem_heap_B=116327
mem_heap_extra_B=2369
mem_stacks_B=0
heap_tree=empty
#-----------
snapshot=39
#-----------
time=6294219
mem_heap_B=116388
mem_heap_extra_B=2380
mem_stacks_B=0
heap_tree=empty
#-----------
snapshot=40
#-----------
time=6305542
mem_heap_B=116685
mem_heap_extra_B=2579
mem_stacks_B=0
heap_tree=empty
#-----------
snapshot=41
#-----------
time=6316654
mem_heap_B=117188
mem_heap_extra_B=2604
mem_stacks_B=0
heap_tree=empty
#-----------
snapshot=42
#-----------
time=6326471
mem_heap_B=117249
mem_heap_extra_B=2615
mem_stacks_B=0
heap_tree=detailed
n8: 117249 (heap allocation functions) malloc/new/new[], --alloc-fns, etc.
 n1: 72704 0x4F75454: ??? (in /usr/lib/x86_64-linux-gnu/libstdc++.so.6.0.25)
  n1: 72704 0x400F378: call_init.part.0 (dl-init.c:72)
   n1: 72704 0x400F474: _dl_init (dl-init.c:118)
    n1: 72704 0x40132D1: dl_open_worker (dl-open.c:517)
     n1: 72704 0x49B5B2D: _dl_catch_exception (dl-error-skeleton.c:196)
      n1: 72704 0x4012BB8: _dl_open (dl-open.c:599)
       n1: 72704 0x487D254: dlopen_doit (dlopen.c:66)
        n1: 72704 0x49B5B2D: _dl_catch_exception (dl-error-skeleton.c:196)
         n1: 72704 0x49B5BBD: _dl_catch_error (dl-error-skeleton.c:215)
          n1: 72704 0x487D973: _dlerror_run (dlerror.c:163)
           n1: 72704 0x487D2E4: dlopen@@GLIBC_2.2.5 (dlopen.c:87)
            n1: 72704 0x48666EB: elektraModulesLoad (in /home/jenkins/workspace/build/linux/lib/libelektra-core.so.0.8.26)
             n1: 72704 0x484FD71: elektraPluginOpen (in /home/jenkins/workspace/build/linux/lib/libelektra-kdb.so.0.8.26)
              n0: 72704 0x1091E1: main (in /home/jenkins/workspace/build/linux/bin/benchmark_plugingetset)
 n0: 14781 in 71 places, all below massif's threshold (1.00%)
 n1: 8356 0x400B2AC: _dl_new_object (dl-object.c:73)
  n1: 8356 0x4005E46: _dl_map_object_from_fd (dl-load.c:1001)
   n2: 8356 0x4008A8B: _dl_map_object (dl-load.c:2466)
    n1: 7158 0x400D290: openaux (dl-deps.c:64)
     n1: 7158 0x49B5B2D: _dl_catch_exception (dl-error-skeleton.c:196)
      n1: 7158 0x400D604: _dl_map_object_deps (dl-deps.c:248)
       n1: 7158 0x401304E: dl_open_worker (dl-open.c:271)
        n1: 7158 0x49B5B2D: _dl_catch_exception (dl-error-skeleton.c:196)
         n1: 7158 0x4012BB8: _dl_open (dl-open.c:599)
          n1: 7158 0x487D254: dlopen_doit (dlopen.c:66)
           n1: 7158 0x49B5B2D: _dl_catch_exception (dl-error-skeleton.c:196)
            n1: 7158 0x49B5BBD: _dl_catch_error (dl-error-skeleton.c:215)
             n1: 7158 0x487D973: _dlerror_run (dlerror.c:163)
              n1: 7158 0x487D2E4: dlopen@@GLIBC_2.2.5 (dlopen.c:87)
               n1: 7158 0x48666EB: elektraModulesLoad (in /home/jenkins/workspace/build/linux/lib/libelektra-core.so.0.8.26)
                n1: 7158 0x484FD71: elektraPluginOpen (in /home/jenkins/workspace/build/linux/lib/libelektra-kdb.so.0.8.26)
                 n0: 7158 0x1091E1: main (in /home/jenkins/workspace/build/linux/bin/benchmark_plugingetset)
    n1: 1198 0x4012FE9: dl_open_worker (dl-open.c:228)
     n1: 1198 0x49B5B2D: _dl_catch_exception (dl-error-skeleton.c:196)
      n1: 1198 0x4012BB8: _dl_open (dl-open.c:599)
       n1: 1198 0x487D254: dlopen_doit (dlopen.c:66)
        n1: 1198 0x49B5B2D: _dl_catch_exception (dl-error-skeleton.c:196)
         n1: 1198 0x49B5BBD: _dl_catch_error (dl-error-skeleton.c:215)
          n1: 1198 0x487D973: _dlerror_run (dlerror.c:163)
           n1: 1198 0x487D2E4: dlopen@@GLIBC_2.2.5 (dlopen.c:87)
            n1: 1198 0x48666EB: elektraModulesLoad (in /home/jenkins/workspace/build/linux/lib/libelektra-core.so.0.8.26)
             n1: 1198 0x484FD71: elektraPluginOpen (in /home/jenkins/workspace/build/linux/lib/libelektra-kdb.so.0.8.26)
              n0: 1198 0x1091E1: main (in /home/jenkins/workspace/build/linux/bin/benchmark_plugingetset)
 n1: 8192 0x4FD18F6: std::basic_filebuf<char, std::char_traits<char> >::_M_allocate_internal_buffer() (in /usr/lib/x86_64-linux-gnu/libstdc++.so.6.0.25)
  n1: 8192 0x4FD5790: std::basic_filebuf<char, std::char_traits<char> >::open(char const*, std::_Ios_Openmode) (in /usr/lib/x86_64-linux-gnu/libstdc++.so.6.0.25)
   n1: 8192 0x4EA6039: YAML::LoadFile(std::__cxx11::basic_string<char, std::char_traits<char>, std::allocator<char> > const&) (in /usr/lib/x86_64-linux-gnu/libyaml-cpp.so.0.6.2)
    n1: 8192 0x4E50D13: ???
     n1: 8192 0x4E4C4BE: ???
      n0: 8192 0x1091F8: main (in /home/jenkins/workspace/build/linux/bin/benchmark_plugingetset)
 n2: 4320 0x4E9EDAA: std::vector<YAML::RegEx, std::allocator<YAML::RegEx> >::vector(std::vector<YAML::RegEx, std::allocator<YAML::RegEx> > const&) (in /usr/lib/x86_64-linux-gnu/libyaml-cpp.so.0.6.2)
  n3: 3168 0x4E9EDEE: std::vector<YAML::RegEx, std::allocator<YAML::RegEx> >::vector(std::vector<YAML::RegEx, std::allocator<YAML::RegEx> > const&) (in /usr/lib/x86_64-linux-gnu/libyaml-cpp.so.0.6.2)
   n1: 1632 0x4EA920E: void std::vector<YAML::RegEx, std::allocator<YAML::RegEx> >::_M_realloc_insert<YAML::RegEx const&>(__gnu_cxx::__normal_iterator<YAML::RegEx*, std::vector<YAML::RegEx, std::allocator<YAML::RegEx> > >, YAML::RegEx const&) (in /usr/lib/x86_64-linux-gnu/libyaml-cpp.so.0.6.2)
    n0: 1632 in 5 places, all below massif's threshold (1.00%)
   n1: 1408 0x4E9EDEE: std::vector<YAML::RegEx, std::allocator<YAML::RegEx> >::vector(std::vector<YAML::RegEx, std::allocator<YAML::RegEx> > const&) (in /usr/lib/x86_64-linux-gnu/libyaml-cpp.so.0.6.2)
    n0: 1408 in 3 places, all below massif's threshold (1.00%)
   n0: 128 in 1 place, below massif's threshold (1.00%)
  n0: 1152 in 2 places, all below massif's threshold (1.00%)
 n1: 4064 0x400A095: do_lookup_x (dl-lookup.c:253)
  n1: 4064 0x400A38D: _dl_lookup_symbol_x (dl-lookup.c:814)
   n1: 4064 0x400BD5C: _dl_relocate_object (dl-machine.h:308)
    n1: 4064 0x401319C: dl_open_worker (dl-open.c:377)
     n1: 4064 0x49B5B2D: _dl_catch_exception (dl-error-skeleton.c:196)
      n1: 4064 0x4012BB8: _dl_open (dl-open.c:599)
       n1: 4064 0x487D254: dlopen_doit (dlopen.c:66)
        n1: 4064 0x49B5B2D: _dl_catch_exception (dl-error-skeleton.c:196)
         n1: 4064 0x49B5BBD: _dl_catch_error (dl-error-skeleton.c:215)
          n1: 4064 0x487D973: _dlerror_run (dlerror.c:163)
           n1: 4064 0x487D2E4: dlopen@@GLIBC_2.2.5 (dlopen.c:87)
            n1: 4064 0x48666EB: elektraModulesLoad (in /home/jenkins/workspace/build/linux/lib/libelektra-core.so.0.8.26)
             n1: 4064 0x484FD71: elektraPluginOpen (in /home/jenkins/workspace/build/linux/lib/libelektra-kdb.so.0.8.26)
              n0: 4064 0x1091E1: main (in /home/jenkins/workspace/build/linux/bin/benchmark_plugingetset)
 n1: 2784 0x4010A1E: _dl_check_map_versions (dl-version.c:274)
  n1: 2784 0x4013094: dl_open_worker (dl-open.c:277)
   n1: 2784 0x49B5B2D: _dl_catch_exception (dl-error-skeleton.c:196)
    n1: 2784 0x4012BB8: _dl_open (dl-open.c:599)
     n1: 2784 0x487D254: dlopen_doit (dlopen.c:66)
      n1: 2784 0x49B5B2D: _dl_catch_exception (dl-error-skeleton.c:196)
       n1: 2784 0x49B5BBD: _dl_catch_error (dl-error-skeleton.c:215)
        n1: 2784 0x487D973: _dlerror_run (dlerror.c:163)
         n1: 2784 0x487D2E4: dlopen@@GLIBC_2.2.5 (dlopen.c:87)
          n1: 2784 0x48666EB: elektraModulesLoad (in /home/jenkins/workspace/build/linux/lib/libelektra-core.so.0.8.26)
           n1: 2784 0x484FD71: elektraPluginOpen (in /home/jenkins/workspace/build/linux/lib/libelektra-kdb.so.0.8.26)
            n0: 2784 0x1091E1: main (in /home/jenkins/workspace/build/linux/bin/benchmark_plugingetset)
 n1: 2048 0x4ED1A3A: ??? (in /usr/lib/x86_64-linux-gnu/libyaml-cpp.so.0.6.2)
  n1: 2048 0x4EAC4D0: ??? (in /usr/lib/x86_64-linux-gnu/libyaml-cpp.so.0.6.2)
   n1: 2048 0x4EA7A90: YAML::Parser::Load(std::istream&) (in /usr/lib/x86_64-linux-gnu/libyaml-cpp.so.0.6.2)
    n1: 2048 0x4EA7B29: YAML::Parser::Parser(std::istream&) (in /usr/lib/x86_64-linux-gnu/libyaml-cpp.so.0.6.2)
     n1: 2048 0x4EA582F: YAML::Load(std::istream&) (in /usr/lib/x86_64-linux-gnu/libyaml-cpp.so.0.6.2)
      n1: 2048 0x4EA606D: YAML::LoadFile(std::__cxx11::basic_string<char, std::char_traits<char>, std::allocator<char> > const&) (in /usr/lib/x86_64-linux-gnu/libyaml-cpp.so.0.6.2)
       n1: 2048 0x4E50D13: ???
        n1: 2048 0x4E4C4BE: ???
         n0: 2048 0x1091F8: main (in /home/jenkins/workspace/build/linux/bin/benchmark_plugingetset)
#-----------
snapshot=43
#-----------
time=6338625
mem_heap_B=118402
mem_heap_extra_B=2934
mem_stacks_B=0
heap_tree=peak
n9: 118402 (heap allocation functions) malloc/new/new[], --alloc-fns, etc.
 n1: 72704 0x4F75454: ??? (in /usr/lib/x86_64-linux-gnu/libstdc++.so.6.0.25)
  n1: 72704 0x400F378: call_init.part.0 (dl-init.c:72)
   n1: 72704 0x400F474: _dl_init (dl-init.c:118)
    n1: 72704 0x40132D1: dl_open_worker (dl-open.c:517)
     n1: 72704 0x49B5B2D: _dl_catch_exception (dl-error-skeleton.c:196)
      n1: 72704 0x4012BB8: _dl_open (dl-open.c:599)
       n1: 72704 0x487D254: dlopen_doit (dlopen.c:66)
        n1: 72704 0x49B5B2D: _dl_catch_exception (dl-error-skeleton.c:196)
         n1: 72704 0x49B5BBD: _dl_catch_error (dl-error-skeleton.c:215)
          n1: 72704 0x487D973: _dlerror_run (dlerror.c:163)
           n1: 72704 0x487D2E4: dlopen@@GLIBC_2.2.5 (dlopen.c:87)
            n1: 72704 0x48666EB: elektraModulesLoad (in /home/jenkins/workspace/build/linux/lib/libelektra-core.so.0.8.26)
             n1: 72704 0x484FD71: elektraPluginOpen (in /home/jenkins/workspace/build/linux/lib/libelektra-kdb.so.0.8.26)
              n0: 72704 0x1091E1: main (in /home/jenkins/workspace/build/linux/bin/benchmark_plugingetset)
 n0: 14350 in 70 places, all below massif's threshold (1.00%)
 n1: 8356 0x400B2AC: _dl_new_object (dl-object.c:73)
  n1: 8356 0x4005E46: _dl_map_object_from_fd (dl-load.c:1001)
   n2: 8356 0x4008A8B: _dl_map_object (dl-load.c:2466)
    n1: 7158 0x400D290: openaux (dl-deps.c:64)
     n1: 7158 0x49B5B2D: _dl_catch_exception (dl-error-skeleton.c:196)
      n1: 7158 0x400D604: _dl_map_object_deps (dl-deps.c:248)
       n1: 7158 0x401304E: dl_open_worker (dl-open.c:271)
        n1: 7158 0x49B5B2D: _dl_catch_exception (dl-error-skeleton.c:196)
         n1: 7158 0x4012BB8: _dl_open (dl-open.c:599)
          n1: 7158 0x487D254: dlopen_doit (dlopen.c:66)
           n1: 7158 0x49B5B2D: _dl_catch_exception (dl-error-skeleton.c:196)
            n1: 7158 0x49B5BBD: _dl_catch_error (dl-error-skeleton.c:215)
             n1: 7158 0x487D973: _dlerror_run (dlerror.c:163)
              n1: 7158 0x487D2E4: dlopen@@GLIBC_2.2.5 (dlopen.c:87)
               n1: 7158 0x48666EB: elektraModulesLoad (in /home/jenkins/workspace/build/linux/lib/libelektra-core.so.0.8.26)
                n1: 7158 0x484FD71: elektraPluginOpen (in /home/jenkins/workspace/build/linux/lib/libelektra-kdb.so.0.8.26)
                 n0: 7158 0x1091E1: main (in /home/jenkins/workspace/build/linux/bin/benchmark_plugingetset)
    n0: 1198 in 1 place, below massif's threshold (1.00%)
 n1: 8192 0x4FD18F6: std::basic_filebuf<char, std::char_traits<char> >::_M_allocate_internal_buffer() (in /usr/lib/x86_64-linux-gnu/libstdc++.so.6.0.25)
  n1: 8192 0x4FD5790: std::basic_filebuf<char, std::char_traits<char> >::open(char const*, std::_Ios_Openmode) (in /usr/lib/x86_64-linux-gnu/libstdc++.so.6.0.25)
   n1: 8192 0x4EA6039: YAML::LoadFile(std::__cxx11::basic_string<char, std::char_traits<char>, std::allocator<char> > const&) (in /usr/lib/x86_64-linux-gnu/libyaml-cpp.so.0.6.2)
    n1: 8192 0x4E50D13: ???
     n1: 8192 0x4E4C4BE: ???
      n0: 8192 0x1091F8: main (in /home/jenkins/workspace/build/linux/bin/benchmark_plugingetset)
 n2: 4320 0x4E9EDAA: std::vector<YAML::RegEx, std::allocator<YAML::RegEx> >::vector(std::vector<YAML::RegEx, std::allocator<YAML::RegEx> > const&) (in /usr/lib/x86_64-linux-gnu/libyaml-cpp.so.0.6.2)
  n3: 3168 0x4E9EDEE: std::vector<YAML::RegEx, std::allocator<YAML::RegEx> >::vector(std::vector<YAML::RegEx, std::allocator<YAML::RegEx> > const&) (in /usr/lib/x86_64-linux-gnu/libyaml-cpp.so.0.6.2)
   n1: 1632 0x4EA920E: void std::vector<YAML::RegEx, std::allocator<YAML::RegEx> >::_M_realloc_insert<YAML::RegEx const&>(__gnu_cxx::__normal_iterator<YAML::RegEx*, std::vector<YAML::RegEx, std::allocator<YAML::RegEx> > >, YAML::RegEx const&) (in /usr/lib/x86_64-linux-gnu/libyaml-cpp.so.0.6.2)
    n0: 1632 in 5 places, all below massif's threshold (1.00%)
   n1: 1408 0x4E9EDEE: std::vector<YAML::RegEx, std::allocator<YAML::RegEx> >::vector(std::vector<YAML::RegEx, std::allocator<YAML::RegEx> > const&) (in /usr/lib/x86_64-linux-gnu/libyaml-cpp.so.0.6.2)
    n0: 1408 in 3 places, all below massif's threshold (1.00%)
   n0: 128 in 1 place, below massif's threshold (1.00%)
  n0: 1152 in 2 places, all below massif's threshold (1.00%)
 n1: 4064 0x400A095: do_lookup_x (dl-lookup.c:253)
  n1: 4064 0x400A38D: _dl_lookup_symbol_x (dl-lookup.c:814)
   n1: 4064 0x400BD5C: _dl_relocate_object (dl-machine.h:308)
    n1: 4064 0x401319C: dl_open_worker (dl-open.c:377)
     n1: 4064 0x49B5B2D: _dl_catch_exception (dl-error-skeleton.c:196)
      n1: 4064 0x4012BB8: _dl_open (dl-open.c:599)
       n1: 4064 0x487D254: dlopen_doit (dlopen.c:66)
        n1: 4064 0x49B5B2D: _dl_catch_exception (dl-error-skeleton.c:196)
         n1: 4064 0x49B5BBD: _dl_catch_error (dl-error-skeleton.c:215)
          n1: 4064 0x487D973: _dlerror_run (dlerror.c:163)
           n1: 4064 0x487D2E4: dlopen@@GLIBC_2.2.5 (dlopen.c:87)
            n1: 4064 0x48666EB: elektraModulesLoad (in /home/jenkins/workspace/build/linux/lib/libelektra-core.so.0.8.26)
             n1: 4064 0x484FD71: elektraPluginOpen (in /home/jenkins/workspace/build/linux/lib/libelektra-kdb.so.0.8.26)
              n0: 4064 0x1091E1: main (in /home/jenkins/workspace/build/linux/bin/benchmark_plugingetset)
 n1: 2784 0x4010A1E: _dl_check_map_versions (dl-version.c:274)
  n1: 2784 0x4013094: dl_open_worker (dl-open.c:277)
   n1: 2784 0x49B5B2D: _dl_catch_exception (dl-error-skeleton.c:196)
    n1: 2784 0x4012BB8: _dl_open (dl-open.c:599)
     n1: 2784 0x487D254: dlopen_doit (dlopen.c:66)
      n1: 2784 0x49B5B2D: _dl_catch_exception (dl-error-skeleton.c:196)
       n1: 2784 0x49B5BBD: _dl_catch_error (dl-error-skeleton.c:215)
        n1: 2784 0x487D973: _dlerror_run (dlerror.c:163)
         n1: 2784 0x487D2E4: dlopen@@GLIBC_2.2.5 (dlopen.c:87)
          n1: 2784 0x48666EB: elektraModulesLoad (in /home/jenkins/workspace/build/linux/lib/libelektra-core.so.0.8.26)
           n1: 2784 0x484FD71: elektraPluginOpen (in /home/jenkins/workspace/build/linux/lib/libelektra-kdb.so.0.8.26)
            n0: 2784 0x1091E1: main (in /home/jenkins/workspace/build/linux/bin/benchmark_plugingetset)
 n1: 2048 0x4ED1A3A: ??? (in /usr/lib/x86_64-linux-gnu/libyaml-cpp.so.0.6.2)
  n1: 2048 0x4EAC4D0: ??? (in /usr/lib/x86_64-linux-gnu/libyaml-cpp.so.0.6.2)
   n1: 2048 0x4EA7A90: YAML::Parser::Load(std::istream&) (in /usr/lib/x86_64-linux-gnu/libyaml-cpp.so.0.6.2)
    n1: 2048 0x4EA7B29: YAML::Parser::Parser(std::istream&) (in /usr/lib/x86_64-linux-gnu/libyaml-cpp.so.0.6.2)
     n1: 2048 0x4EA582F: YAML::Load(std::istream&) (in /usr/lib/x86_64-linux-gnu/libyaml-cpp.so.0.6.2)
      n1: 2048 0x4EA606D: YAML::LoadFile(std::__cxx11::basic_string<char, std::char_traits<char>, std::allocator<char> > const&) (in /usr/lib/x86_64-linux-gnu/libyaml-cpp.so.0.6.2)
       n1: 2048 0x4E50D13: ???
        n1: 2048 0x4E4C4BE: ???
         n0: 2048 0x1091F8: main (in /home/jenkins/workspace/build/linux/bin/benchmark_plugingetset)
 n1: 1584 0x4EA0B41: YAML::detail::memory::create_node() (in /usr/lib/x86_64-linux-gnu/libyaml-cpp.so.0.6.2)
  n1: 1584 0x4EA3C2D: ??? (in /usr/lib/x86_64-linux-gnu/libyaml-cpp.so.0.6.2)
   n0: 1584 in 3 places, all below massif's threshold (1.00%)
#-----------
snapshot=44
#-----------
time=6349703
mem_heap_B=103328
mem_heap_extra_B=2728
mem_stacks_B=0
heap_tree=empty
#-----------
snapshot=45
#-----------
time=6361684
mem_heap_B=104157
mem_heap_extra_B=2915
mem_stacks_B=0
heap_tree=empty
#-----------
snapshot=46
#-----------
time=6369418
mem_heap_B=104845
mem_heap_extra_B=3019
mem_stacks_B=0
heap_tree=empty
#-----------
snapshot=47
#-----------
time=6379430
mem_heap_B=104026
mem_heap_extra_B=2854
mem_stacks_B=0
heap_tree=detailed
n7: 104026 (heap allocation functions) malloc/new/new[], --alloc-fns, etc.
 n1: 72704 0x4F75454: ??? (in /usr/lib/x86_64-linux-gnu/libstdc++.so.6.0.25)
  n1: 72704 0x400F378: call_init.part.0 (dl-init.c:72)
   n1: 72704 0x400F474: _dl_init (dl-init.c:118)
    n1: 72704 0x40132D1: dl_open_worker (dl-open.c:517)
     n1: 72704 0x49B5B2D: _dl_catch_exception (dl-error-skeleton.c:196)
      n1: 72704 0x4012BB8: _dl_open (dl-open.c:599)
       n1: 72704 0x487D254: dlopen_doit (dlopen.c:66)
        n1: 72704 0x49B5B2D: _dl_catch_exception (dl-error-skeleton.c:196)
         n1: 72704 0x49B5BBD: _dl_catch_error (dl-error-skeleton.c:215)
          n1: 72704 0x487D973: _dlerror_run (dlerror.c:163)
           n1: 72704 0x487D2E4: dlopen@@GLIBC_2.2.5 (dlopen.c:87)
            n1: 72704 0x48666EB: elektraModulesLoad (in /home/jenkins/workspace/build/linux/lib/libelektra-core.so.0.8.26)
             n1: 72704 0x484FD71: elektraPluginOpen (in /home/jenkins/workspace/build/linux/lib/libelektra-kdb.so.0.8.26)
              n0: 72704 0x1091E1: main (in /home/jenkins/workspace/build/linux/bin/benchmark_plugingetset)
 n0: 10214 in 77 places, all below massif's threshold (1.00%)
 n1: 8356 0x400B2AC: _dl_new_object (dl-object.c:73)
  n1: 8356 0x4005E46: _dl_map_object_from_fd (dl-load.c:1001)
   n2: 8356 0x4008A8B: _dl_map_object (dl-load.c:2466)
    n1: 7158 0x400D290: openaux (dl-deps.c:64)
     n1: 7158 0x49B5B2D: _dl_catch_exception (dl-error-skeleton.c:196)
      n1: 7158 0x400D604: _dl_map_object_deps (dl-deps.c:248)
       n1: 7158 0x401304E: dl_open_worker (dl-open.c:271)
        n1: 7158 0x49B5B2D: _dl_catch_exception (dl-error-skeleton.c:196)
         n1: 7158 0x4012BB8: _dl_open (dl-open.c:599)
          n1: 7158 0x487D254: dlopen_doit (dlopen.c:66)
           n1: 7158 0x49B5B2D: _dl_catch_exception (dl-error-skeleton.c:196)
            n1: 7158 0x49B5BBD: _dl_catch_error (dl-error-skeleton.c:215)
             n1: 7158 0x487D973: _dlerror_run (dlerror.c:163)
              n1: 7158 0x487D2E4: dlopen@@GLIBC_2.2.5 (dlopen.c:87)
               n1: 7158 0x48666EB: elektraModulesLoad (in /home/jenkins/workspace/build/linux/lib/libelektra-core.so.0.8.26)
                n1: 7158 0x484FD71: elektraPluginOpen (in /home/jenkins/workspace/build/linux/lib/libelektra-kdb.so.0.8.26)
                 n0: 7158 0x1091E1: main (in /home/jenkins/workspace/build/linux/bin/benchmark_plugingetset)
    n1: 1198 0x4012FE9: dl_open_worker (dl-open.c:228)
     n1: 1198 0x49B5B2D: _dl_catch_exception (dl-error-skeleton.c:196)
      n1: 1198 0x4012BB8: _dl_open (dl-open.c:599)
       n1: 1198 0x487D254: dlopen_doit (dlopen.c:66)
        n1: 1198 0x49B5B2D: _dl_catch_exception (dl-error-skeleton.c:196)
         n1: 1198 0x49B5BBD: _dl_catch_error (dl-error-skeleton.c:215)
          n1: 1198 0x487D973: _dlerror_run (dlerror.c:163)
           n1: 1198 0x487D2E4: dlopen@@GLIBC_2.2.5 (dlopen.c:87)
            n1: 1198 0x48666EB: elektraModulesLoad (in /home/jenkins/workspace/build/linux/lib/libelektra-core.so.0.8.26)
             n1: 1198 0x484FD71: elektraPluginOpen (in /home/jenkins/workspace/build/linux/lib/libelektra-kdb.so.0.8.26)
              n0: 1198 0x1091E1: main (in /home/jenkins/workspace/build/linux/bin/benchmark_plugingetset)
 n2: 4320 0x4E9EDAA: std::vector<YAML::RegEx, std::allocator<YAML::RegEx> >::vector(std::vector<YAML::RegEx, std::allocator<YAML::RegEx> > const&) (in /usr/lib/x86_64-linux-gnu/libyaml-cpp.so.0.6.2)
  n3: 3168 0x4E9EDEE: std::vector<YAML::RegEx, std::allocator<YAML::RegEx> >::vector(std::vector<YAML::RegEx, std::allocator<YAML::RegEx> > const&) (in /usr/lib/x86_64-linux-gnu/libyaml-cpp.so.0.6.2)
   n1: 1632 0x4EA920E: void std::vector<YAML::RegEx, std::allocator<YAML::RegEx> >::_M_realloc_insert<YAML::RegEx const&>(__gnu_cxx::__normal_iterator<YAML::RegEx*, std::vector<YAML::RegEx, std::allocator<YAML::RegEx> > >, YAML::RegEx const&) (in /usr/lib/x86_64-linux-gnu/libyaml-cpp.so.0.6.2)
    n0: 1632 in 5 places, all below massif's threshold (1.00%)
   n1: 1408 0x4E9EDEE: std::vector<YAML::RegEx, std::allocator<YAML::RegEx> >::vector(std::vector<YAML::RegEx, std::allocator<YAML::RegEx> > const&) (in /usr/lib/x86_64-linux-gnu/libyaml-cpp.so.0.6.2)
    n0: 1408 in 3 places, all below massif's threshold (1.00%)
   n0: 128 in 1 place, below massif's threshold (1.00%)
  n0: 1152 in 2 places, all below massif's threshold (1.00%)
 n1: 4064 0x400A095: do_lookup_x (dl-lookup.c:253)
  n1: 4064 0x400A38D: _dl_lookup_symbol_x (dl-lookup.c:814)
   n1: 4064 0x400BD5C: _dl_relocate_object (dl-machine.h:308)
    n1: 4064 0x401319C: dl_open_worker (dl-open.c:377)
     n1: 4064 0x49B5B2D: _dl_catch_exception (dl-error-skeleton.c:196)
      n1: 4064 0x4012BB8: _dl_open (dl-open.c:599)
       n1: 4064 0x487D254: dlopen_doit (dlopen.c:66)
        n1: 4064 0x49B5B2D: _dl_catch_exception (dl-error-skeleton.c:196)
         n1: 4064 0x49B5BBD: _dl_catch_error (dl-error-skeleton.c:215)
          n1: 4064 0x487D973: _dlerror_run (dlerror.c:163)
           n1: 4064 0x487D2E4: dlopen@@GLIBC_2.2.5 (dlopen.c:87)
            n1: 4064 0x48666EB: elektraModulesLoad (in /home/jenkins/workspace/build/linux/lib/libelektra-core.so.0.8.26)
             n1: 4064 0x484FD71: elektraPluginOpen (in /home/jenkins/workspace/build/linux/lib/libelektra-kdb.so.0.8.26)
              n0: 4064 0x1091E1: main (in /home/jenkins/workspace/build/linux/bin/benchmark_plugingetset)
 n1: 2784 0x4010A1E: _dl_check_map_versions (dl-version.c:274)
  n1: 2784 0x4013094: dl_open_worker (dl-open.c:277)
   n1: 2784 0x49B5B2D: _dl_catch_exception (dl-error-skeleton.c:196)
    n1: 2784 0x4012BB8: _dl_open (dl-open.c:599)
     n1: 2784 0x487D254: dlopen_doit (dlopen.c:66)
      n1: 2784 0x49B5B2D: _dl_catch_exception (dl-error-skeleton.c:196)
       n1: 2784 0x49B5BBD: _dl_catch_error (dl-error-skeleton.c:215)
        n1: 2784 0x487D973: _dlerror_run (dlerror.c:163)
         n1: 2784 0x487D2E4: dlopen@@GLIBC_2.2.5 (dlopen.c:87)
          n1: 2784 0x48666EB: elektraModulesLoad (in /home/jenkins/workspace/build/linux/lib/libelektra-core.so.0.8.26)
           n1: 2784 0x484FD71: elektraPluginOpen (in /home/jenkins/workspace/build/linux/lib/libelektra-kdb.so.0.8.26)
            n0: 2784 0x1091E1: main (in /home/jenkins/workspace/build/linux/bin/benchmark_plugingetset)
 n1: 1584 0x4EA0B41: YAML::detail::memory::create_node() (in /usr/lib/x86_64-linux-gnu/libyaml-cpp.so.0.6.2)
  n1: 1584 0x4EA3C2D: ??? (in /usr/lib/x86_64-linux-gnu/libyaml-cpp.so.0.6.2)
   n0: 1584 in 3 places, all below massif's threshold (1.00%)
#-----------
snapshot=48
#-----------
time=6389202
mem_heap_B=104576
mem_heap_extra_B=2976
mem_stacks_B=0
heap_tree=empty
#-----------
snapshot=49
#-----------
time=6396581
mem_heap_B=105178
mem_heap_extra_B=3078
mem_stacks_B=0
heap_tree=empty
#-----------
snapshot=50
#-----------
time=6398444
mem_heap_B=104911
mem_heap_extra_B=3041
mem_stacks_B=0
heap_tree=empty
#-----------
snapshot=51
#-----------
time=6399352
mem_heap_B=104201
mem_heap_extra_B=2839
mem_stacks_B=0
heap_tree=empty
#-----------
snapshot=52
#-----------
time=6400318
mem_heap_B=103596
mem_heap_extra_B=2716
mem_stacks_B=0
heap_tree=empty
#-----------
snapshot=53
#-----------
time=6401218
mem_heap_B=102639
mem_heap_extra_B=2385
mem_stacks_B=0
heap_tree=empty
#-----------
snapshot=54
#-----------
time=6402135
mem_heap_B=101557
mem_heap_extra_B=2147
mem_stacks_B=0
heap_tree=detailed
n7: 101557 (heap allocation functions) malloc/new/new[], --alloc-fns, etc.
 n1: 72704 0x4F75454: ??? (in /usr/lib/x86_64-linux-gnu/libstdc++.so.6.0.25)
  n1: 72704 0x400F378: call_init.part.0 (dl-init.c:72)
   n1: 72704 0x400F474: _dl_init (dl-init.c:118)
    n1: 72704 0x40132D1: dl_open_worker (dl-open.c:517)
     n1: 72704 0x49B5B2D: _dl_catch_exception (dl-error-skeleton.c:196)
      n1: 72704 0x4012BB8: _dl_open (dl-open.c:599)
       n1: 72704 0x487D254: dlopen_doit (dlopen.c:66)
        n1: 72704 0x49B5B2D: _dl_catch_exception (dl-error-skeleton.c:196)
         n1: 72704 0x49B5BBD: _dl_catch_error (dl-error-skeleton.c:215)
          n1: 72704 0x487D973: _dlerror_run (dlerror.c:163)
           n1: 72704 0x487D2E4: dlopen@@GLIBC_2.2.5 (dlopen.c:87)
            n1: 72704 0x48666EB: elektraModulesLoad (in /home/jenkins/workspace/build/linux/lib/libelektra-core.so.0.8.26)
             n1: 72704 0x484FD71: elektraPluginOpen (in /home/jenkins/workspace/build/linux/lib/libelektra-kdb.so.0.8.26)
              n0: 72704 0x1091E1: main (in /home/jenkins/workspace/build/linux/bin/benchmark_plugingetset)
 n1: 8356 0x400B2AC: _dl_new_object (dl-object.c:73)
  n1: 8356 0x4005E46: _dl_map_object_from_fd (dl-load.c:1001)
   n2: 8356 0x4008A8B: _dl_map_object (dl-load.c:2466)
    n1: 7158 0x400D290: openaux (dl-deps.c:64)
     n1: 7158 0x49B5B2D: _dl_catch_exception (dl-error-skeleton.c:196)
      n1: 7158 0x400D604: _dl_map_object_deps (dl-deps.c:248)
       n1: 7158 0x401304E: dl_open_worker (dl-open.c:271)
        n1: 7158 0x49B5B2D: _dl_catch_exception (dl-error-skeleton.c:196)
         n1: 7158 0x4012BB8: _dl_open (dl-open.c:599)
          n1: 7158 0x487D254: dlopen_doit (dlopen.c:66)
           n1: 7158 0x49B5B2D: _dl_catch_exception (dl-error-skeleton.c:196)
            n1: 7158 0x49B5BBD: _dl_catch_error (dl-error-skeleton.c:215)
             n1: 7158 0x487D973: _dlerror_run (dlerror.c:163)
              n1: 7158 0x487D2E4: dlopen@@GLIBC_2.2.5 (dlopen.c:87)
               n1: 7158 0x48666EB: elektraModulesLoad (in /home/jenkins/workspace/build/linux/lib/libelektra-core.so.0.8.26)
                n1: 7158 0x484FD71: elektraPluginOpen (in /home/jenkins/workspace/build/linux/lib/libelektra-kdb.so.0.8.26)
                 n0: 7158 0x1091E1: main (in /home/jenkins/workspace/build/linux/bin/benchmark_plugingetset)
    n1: 1198 0x4012FE9: dl_open_worker (dl-open.c:228)
     n1: 1198 0x49B5B2D: _dl_catch_exception (dl-error-skeleton.c:196)
      n1: 1198 0x4012BB8: _dl_open (dl-open.c:599)
       n1: 1198 0x487D254: dlopen_doit (dlopen.c:66)
        n1: 1198 0x49B5B2D: _dl_catch_exception (dl-error-skeleton.c:196)
         n1: 1198 0x49B5BBD: _dl_catch_error (dl-error-skeleton.c:215)
          n1: 1198 0x487D973: _dlerror_run (dlerror.c:163)
           n1: 1198 0x487D2E4: dlopen@@GLIBC_2.2.5 (dlopen.c:87)
            n1: 1198 0x48666EB: elektraModulesLoad (in /home/jenkins/workspace/build/linux/lib/libelektra-core.so.0.8.26)
             n1: 1198 0x484FD71: elektraPluginOpen (in /home/jenkins/workspace/build/linux/lib/libelektra-kdb.so.0.8.26)
              n0: 1198 0x1091E1: main (in /home/jenkins/workspace/build/linux/bin/benchmark_plugingetset)
 n0: 8289 in 77 places, all below massif's threshold (1.00%)
 n2: 4320 0x4E9EDAA: std::vector<YAML::RegEx, std::allocator<YAML::RegEx> >::vector(std::vector<YAML::RegEx, std::allocator<YAML::RegEx> > const&) (in /usr/lib/x86_64-linux-gnu/libyaml-cpp.so.0.6.2)
  n3: 3168 0x4E9EDEE: std::vector<YAML::RegEx, std::allocator<YAML::RegEx> >::vector(std::vector<YAML::RegEx, std::allocator<YAML::RegEx> > const&) (in /usr/lib/x86_64-linux-gnu/libyaml-cpp.so.0.6.2)
   n1: 1632 0x4EA920E: void std::vector<YAML::RegEx, std::allocator<YAML::RegEx> >::_M_realloc_insert<YAML::RegEx const&>(__gnu_cxx::__normal_iterator<YAML::RegEx*, std::vector<YAML::RegEx, std::allocator<YAML::RegEx> > >, YAML::RegEx const&) (in /usr/lib/x86_64-linux-gnu/libyaml-cpp.so.0.6.2)
    n0: 1632 in 5 places, all below massif's threshold (1.00%)
   n1: 1408 0x4E9EDEE: std::vector<YAML::RegEx, std::allocator<YAML::RegEx> >::vector(std::vector<YAML::RegEx, std::allocator<YAML::RegEx> > const&) (in /usr/lib/x86_64-linux-gnu/libyaml-cpp.so.0.6.2)
    n0: 1408 in 3 places, all below massif's threshold (1.00%)
   n0: 128 in 1 place, below massif's threshold (1.00%)
  n0: 1152 in 2 places, all below massif's threshold (1.00%)
 n1: 4064 0x400A095: do_lookup_x (dl-lookup.c:253)
  n1: 4064 0x400A38D: _dl_lookup_symbol_x (dl-lookup.c:814)
   n1: 4064 0x400BD5C: _dl_relocate_object (dl-machine.h:308)
    n1: 4064 0x401319C: dl_open_worker (dl-open.c:377)
     n1: 4064 0x49B5B2D: _dl_catch_exception (dl-error-skeleton.c:196)
      n1: 4064 0x4012BB8: _dl_open (dl-open.c:599)
       n1: 4064 0x487D254: dlopen_doit (dlopen.c:66)
        n1: 4064 0x49B5B2D: _dl_catch_exception (dl-error-skeleton.c:196)
         n1: 4064 0x49B5BBD: _dl_catch_error (dl-error-skeleton.c:215)
          n1: 4064 0x487D973: _dlerror_run (dlerror.c:163)
           n1: 4064 0x487D2E4: dlopen@@GLIBC_2.2.5 (dlopen.c:87)
            n1: 4064 0x48666EB: elektraModulesLoad (in /home/jenkins/workspace/build/linux/lib/libelektra-core.so.0.8.26)
             n1: 4064 0x484FD71: elektraPluginOpen (in /home/jenkins/workspace/build/linux/lib/libelektra-kdb.so.0.8.26)
              n0: 4064 0x1091E1: main (in /home/jenkins/workspace/build/linux/bin/benchmark_plugingetset)
 n1: 2784 0x4010A1E: _dl_check_map_versions (dl-version.c:274)
  n1: 2784 0x4013094: dl_open_worker (dl-open.c:277)
   n1: 2784 0x49B5B2D: _dl_catch_exception (dl-error-skeleton.c:196)
    n1: 2784 0x4012BB8: _dl_open (dl-open.c:599)
     n1: 2784 0x487D254: dlopen_doit (dlopen.c:66)
      n1: 2784 0x49B5B2D: _dl_catch_exception (dl-error-skeleton.c:196)
       n1: 2784 0x49B5BBD: _dl_catch_error (dl-error-skeleton.c:215)
        n1: 2784 0x487D973: _dlerror_run (dlerror.c:163)
         n1: 2784 0x487D2E4: dlopen@@GLIBC_2.2.5 (dlopen.c:87)
          n1: 2784 0x48666EB: elektraModulesLoad (in /home/jenkins/workspace/build/linux/lib/libelektra-core.so.0.8.26)
           n1: 2784 0x484FD71: elektraPluginOpen (in /home/jenkins/workspace/build/linux/lib/libelektra-kdb.so.0.8.26)
            n0: 2784 0x1091E1: main (in /home/jenkins/workspace/build/linux/bin/benchmark_plugingetset)
 n1: 1040 0x48BB075: __new_exitfn (cxa_atexit.c:110)
  n1: 1040 0x48BB116: __internal_atexit (cxa_atexit.c:40)
   n1: 1040 0x4E9D528: ??? (in /usr/lib/x86_64-linux-gnu/libyaml-cpp.so.0.6.2)
    n1: 1040 0x4EAFE77: ??? (in /usr/lib/x86_64-linux-gnu/libyaml-cpp.so.0.6.2)
     n1: 1040 0x4EB0CA3: ??? (in /usr/lib/x86_64-linux-gnu/libyaml-cpp.so.0.6.2)
      n1: 1040 0x4EB0D77: ??? (in /usr/lib/x86_64-linux-gnu/libyaml-cpp.so.0.6.2)
       n1: 1040 0x4EA7F47: YAML::Parser::ParseDirectives() (in /usr/lib/x86_64-linux-gnu/libyaml-cpp.so.0.6.2)
        n1: 1040 0x4EA7F87: YAML::Parser::HandleNextDocument(YAML::EventHandler&) (in /usr/lib/x86_64-linux-gnu/libyaml-cpp.so.0.6.2)
         n1: 1040 0x4EA5842: YAML::Load(std::istream&) (in /usr/lib/x86_64-linux-gnu/libyaml-cpp.so.0.6.2)
          n1: 1040 0x4EA606D: YAML::LoadFile(std::__cxx11::basic_string<char, std::char_traits<char>, std::allocator<char> > const&) (in /usr/lib/x86_64-linux-gnu/libyaml-cpp.so.0.6.2)
           n1: 1040 0x4E50D13: ???
            n1: 1040 0x4E4C4BE: ???
             n0: 1040 0x1091F8: main (in /home/jenkins/workspace/build/linux/bin/benchmark_plugingetset)
#-----------
snapshot=55
#-----------
time=6403038
mem_heap_B=100589
mem_heap_extra_B=1859
mem_stacks_B=0
heap_tree=empty
#-----------
snapshot=56
#-----------
time=6403954
mem_heap_B=100010
mem_heap_extra_B=1686
mem_stacks_B=0
heap_tree=empty
#-----------
snapshot=57
#-----------
time=6405533
mem_heap_B=99818
mem_heap_extra_B=1670
mem_stacks_B=0
heap_tree=empty
#-----------
snapshot=58
#-----------
time=6408242
mem_heap_B=99688
mem_heap_extra_B=1664
mem_stacks_B=0
heap_tree=empty
#-----------
snapshot=59
#-----------
time=6409367
mem_heap_B=99674
mem_heap_extra_B=1654
mem_stacks_B=0
heap_tree=empty
#-----------
snapshot=60
#-----------
time=6415535
mem_heap_B=99706
mem_heap_extra_B=1662
mem_stacks_B=0
heap_tree=empty
#-----------
snapshot=61
#-----------
time=6416422
mem_heap_B=99222
mem_heap_extra_B=1634
mem_stacks_B=0
heap_tree=empty
#-----------
snapshot=62
#-----------
time=6417328
mem_heap_B=94951
mem_heap_extra_B=1449
mem_stacks_B=0
heap_tree=empty
#-----------
snapshot=63
#-----------
time=6419036
mem_heap_B=94585
mem_heap_extra_B=1407
mem_stacks_B=0
heap_tree=empty
#-----------
snapshot=64
#-----------
time=6421367
mem_heap_B=93817
mem_heap_extra_B=1375
mem_stacks_B=0
heap_tree=detailed
n7: 93817 (heap allocation functions) malloc/new/new[], --alloc-fns, etc.
 n1: 72704 0x4F75454: ??? (in /usr/lib/x86_64-linux-gnu/libstdc++.so.6.0.25)
  n1: 72704 0x400F378: call_init.part.0 (dl-init.c:72)
   n1: 72704 0x400F474: _dl_init (dl-init.c:118)
    n1: 72704 0x40132D1: dl_open_worker (dl-open.c:517)
     n1: 72704 0x49B5B2D: _dl_catch_exception (dl-error-skeleton.c:196)
      n1: 72704 0x4012BB8: _dl_open (dl-open.c:599)
       n1: 72704 0x487D254: dlopen_doit (dlopen.c:66)
        n1: 72704 0x49B5B2D: _dl_catch_exception (dl-error-skeleton.c:196)
         n1: 72704 0x49B5BBD: _dl_catch_error (dl-error-skeleton.c:215)
          n1: 72704 0x487D973: _dlerror_run (dlerror.c:163)
           n1: 72704 0x487D2E4: dlopen@@GLIBC_2.2.5 (dlopen.c:87)
            n1: 72704 0x48666EB: elektraModulesLoad (in /home/jenkins/workspace/build/linux/lib/libelektra-core.so.0.8.26)
             n1: 72704 0x484FD71: elektraPluginOpen (in /home/jenkins/workspace/build/linux/lib/libelektra-kdb.so.0.8.26)
              n0: 72704 0x1091E1: main (in /home/jenkins/workspace/build/linux/bin/benchmark_plugingetset)
 n1: 4762 0x400B2AC: _dl_new_object (dl-object.c:73)
  n1: 4762 0x4005E46: _dl_map_object_from_fd (dl-load.c:1001)
   n2: 4762 0x4008A8B: _dl_map_object (dl-load.c:2466)
    n1: 4762 0x400D290: openaux (dl-deps.c:64)
     n1: 4762 0x49B5B2D: _dl_catch_exception (dl-error-skeleton.c:196)
      n1: 4762 0x400D604: _dl_map_object_deps (dl-deps.c:248)
       n1: 4762 0x401304E: dl_open_worker (dl-open.c:271)
        n1: 4762 0x49B5B2D: _dl_catch_exception (dl-error-skeleton.c:196)
         n1: 4762 0x4012BB8: _dl_open (dl-open.c:599)
          n1: 4762 0x487D254: dlopen_doit (dlopen.c:66)
           n1: 4762 0x49B5B2D: _dl_catch_exception (dl-error-skeleton.c:196)
            n1: 4762 0x49B5BBD: _dl_catch_error (dl-error-skeleton.c:215)
             n1: 4762 0x487D973: _dlerror_run (dlerror.c:163)
              n1: 4762 0x487D2E4: dlopen@@GLIBC_2.2.5 (dlopen.c:87)
               n1: 4762 0x48666EB: elektraModulesLoad (in /home/jenkins/workspace/build/linux/lib/libelektra-core.so.0.8.26)
                n1: 4762 0x484FD71: elektraPluginOpen (in /home/jenkins/workspace/build/linux/lib/libelektra-kdb.so.0.8.26)
                 n0: 4762 0x1091E1: main (in /home/jenkins/workspace/build/linux/bin/benchmark_plugingetset)
    n0: 0 in 1 place, below massif's threshold (1.00%)
 n0: 4575 in 78 places, all below massif's threshold (1.00%)
 n2: 4320 0x4E9EDAA: std::vector<YAML::RegEx, std::allocator<YAML::RegEx> >::vector(std::vector<YAML::RegEx, std::allocator<YAML::RegEx> > const&) (in /usr/lib/x86_64-linux-gnu/libyaml-cpp.so.0.6.2)
  n3: 3168 0x4E9EDEE: std::vector<YAML::RegEx, std::allocator<YAML::RegEx> >::vector(std::vector<YAML::RegEx, std::allocator<YAML::RegEx> > const&) (in /usr/lib/x86_64-linux-gnu/libyaml-cpp.so.0.6.2)
   n1: 1632 0x4EA920E: void std::vector<YAML::RegEx, std::allocator<YAML::RegEx> >::_M_realloc_insert<YAML::RegEx const&>(__gnu_cxx::__normal_iterator<YAML::RegEx*, std::vector<YAML::RegEx, std::allocator<YAML::RegEx> > >, YAML::RegEx const&) (in /usr/lib/x86_64-linux-gnu/libyaml-cpp.so.0.6.2)
    n0: 1632 in 5 places, all below massif's threshold (1.00%)
   n1: 1408 0x4E9EDEE: std::vector<YAML::RegEx, std::allocator<YAML::RegEx> >::vector(std::vector<YAML::RegEx, std::allocator<YAML::RegEx> > const&) (in /usr/lib/x86_64-linux-gnu/libyaml-cpp.so.0.6.2)
    n0: 1408 in 3 places, all below massif's threshold (1.00%)
   n0: 128 in 1 place, below massif's threshold (1.00%)
  n0: 1152 in 2 places, all below massif's threshold (1.00%)
 n1: 4064 0x400A095: do_lookup_x (dl-lookup.c:253)
  n1: 4064 0x400A38D: _dl_lookup_symbol_x (dl-lookup.c:814)
   n1: 4064 0x400BD5C: _dl_relocate_object (dl-machine.h:308)
    n1: 4064 0x401319C: dl_open_worker (dl-open.c:377)
     n1: 4064 0x49B5B2D: _dl_catch_exception (dl-error-skeleton.c:196)
      n1: 4064 0x4012BB8: _dl_open (dl-open.c:599)
       n1: 4064 0x487D254: dlopen_doit (dlopen.c:66)
        n1: 4064 0x49B5B2D: _dl_catch_exception (dl-error-skeleton.c:196)
         n1: 4064 0x49B5BBD: _dl_catch_error (dl-error-skeleton.c:215)
          n1: 4064 0x487D973: _dlerror_run (dlerror.c:163)
           n1: 4064 0x487D2E4: dlopen@@GLIBC_2.2.5 (dlopen.c:87)
            n1: 4064 0x48666EB: elektraModulesLoad (in /home/jenkins/workspace/build/linux/lib/libelektra-core.so.0.8.26)
             n1: 4064 0x484FD71: elektraPluginOpen (in /home/jenkins/workspace/build/linux/lib/libelektra-kdb.so.0.8.26)
              n0: 4064 0x1091E1: main (in /home/jenkins/workspace/build/linux/bin/benchmark_plugingetset)
 n1: 2352 0x4010A1E: _dl_check_map_versions (dl-version.c:274)
  n1: 2352 0x4013094: dl_open_worker (dl-open.c:277)
   n1: 2352 0x49B5B2D: _dl_catch_exception (dl-error-skeleton.c:196)
    n1: 2352 0x4012BB8: _dl_open (dl-open.c:599)
     n1: 2352 0x487D254: dlopen_doit (dlopen.c:66)
      n1: 2352 0x49B5B2D: _dl_catch_exception (dl-error-skeleton.c:196)
       n1: 2352 0x49B5BBD: _dl_catch_error (dl-error-skeleton.c:215)
        n1: 2352 0x487D973: _dlerror_run (dlerror.c:163)
         n1: 2352 0x487D2E4: dlopen@@GLIBC_2.2.5 (dlopen.c:87)
          n1: 2352 0x48666EB: elektraModulesLoad (in /home/jenkins/workspace/build/linux/lib/libelektra-core.so.0.8.26)
           n1: 2352 0x484FD71: elektraPluginOpen (in /home/jenkins/workspace/build/linux/lib/libelektra-kdb.so.0.8.26)
            n0: 2352 0x1091E1: main (in /home/jenkins/workspace/build/linux/bin/benchmark_plugingetset)
 n1: 1040 0x48BB075: __new_exitfn (cxa_atexit.c:110)
  n1: 1040 0x48BB116: __internal_atexit (cxa_atexit.c:40)
   n1: 1040 0x4E9D528: ??? (in /usr/lib/x86_64-linux-gnu/libyaml-cpp.so.0.6.2)
    n1: 1040 0x4EAFE77: ??? (in /usr/lib/x86_64-linux-gnu/libyaml-cpp.so.0.6.2)
     n1: 1040 0x4EB0CA3: ??? (in /usr/lib/x86_64-linux-gnu/libyaml-cpp.so.0.6.2)
      n1: 1040 0x4EB0D77: ??? (in /usr/lib/x86_64-linux-gnu/libyaml-cpp.so.0.6.2)
       n1: 1040 0x4EA7F47: YAML::Parser::ParseDirectives() (in /usr/lib/x86_64-linux-gnu/libyaml-cpp.so.0.6.2)
        n1: 1040 0x4EA7F87: YAML::Parser::HandleNextDocument(YAML::EventHandler&) (in /usr/lib/x86_64-linux-gnu/libyaml-cpp.so.0.6.2)
         n1: 1040 0x4EA5842: YAML::Load(std::istream&) (in /usr/lib/x86_64-linux-gnu/libyaml-cpp.so.0.6.2)
          n1: 1040 0x4EA606D: YAML::LoadFile(std::__cxx11::basic_string<char, std::char_traits<char>, std::allocator<char> > const&) (in /usr/lib/x86_64-linux-gnu/libyaml-cpp.so.0.6.2)
           n1: 1040 0x4E50D13: ???
            n1: 1040 0x4E4C4BE: ???
             n0: 1040 0x1091F8: main (in /home/jenkins/workspace/build/linux/bin/benchmark_plugingetset)
#-----------
snapshot=65
#-----------
time=6422280
mem_heap_B=92267
mem_heap_extra_B=1213
mem_stacks_B=0
heap_tree=empty
#-----------
snapshot=66
#-----------
time=6423179
mem_heap_B=91659
mem_heap_extra_B=1141
mem_stacks_B=0
heap_tree=empty
#-----------
snapshot=67
#-----------
time=6424161
mem_heap_B=90795
mem_heap_extra_B=1037
mem_stacks_B=0
heap_tree=empty
#-----------
snapshot=68
#-----------
time=6425047
mem_heap_B=89963
mem_heap_extra_B=933
mem_stacks_B=0
heap_tree=empty
#-----------
snapshot=69
#-----------
time=6426040
mem_heap_B=88843
mem_heap_extra_B=853
mem_stacks_B=0
heap_tree=empty
#-----------
snapshot=70
#-----------
time=6426926
mem_heap_B=88043
mem_heap_extra_B=749
mem_stacks_B=0
heap_tree=empty
#-----------
snapshot=71
#-----------
time=6427951
mem_heap_B=87179
mem_heap_extra_B=645
mem_stacks_B=0
heap_tree=empty
#-----------
snapshot=72
#-----------
time=6428852
mem_heap_B=86379
mem_heap_extra_B=549
mem_stacks_B=0
heap_tree=empty
#-----------
snapshot=73
#-----------
time=6429822
mem_heap_B=84810
mem_heap_extra_B=454
mem_stacks_B=0
heap_tree=empty
#-----------
snapshot=74
#-----------
time=6431043
mem_heap_B=84742
mem_heap_extra_B=362
mem_stacks_B=0
heap_tree=detailed
n5: 84742 (heap allocation functions) malloc/new/new[], --alloc-fns, etc.
 n1: 72704 0x4F75454: ??? (in /usr/lib/x86_64-linux-gnu/libstdc++.so.6.0.25)
  n1: 72704 0x400F378: call_init.part.0 (dl-init.c:72)
   n1: 72704 0x400F474: _dl_init (dl-init.c:118)
    n1: 72704 0x40132D1: dl_open_worker (dl-open.c:517)
     n1: 72704 0x49B5B2D: _dl_catch_exception (dl-error-skeleton.c:196)
      n1: 72704 0x4012BB8: _dl_open (dl-open.c:599)
       n1: 72704 0x487D254: dlopen_doit (dlopen.c:66)
        n1: 72704 0x49B5B2D: _dl_catch_exception (dl-error-skeleton.c:196)
         n1: 72704 0x49B5BBD: _dl_catch_error (dl-error-skeleton.c:215)
          n1: 72704 0x487D973: _dlerror_run (dlerror.c:163)
           n1: 72704 0x487D2E4: dlopen@@GLIBC_2.2.5 (dlopen.c:87)
            n1: 72704 0x48666EB: elektraModulesLoad (in /home/jenkins/workspace/build/linux/lib/libelektra-core.so.0.8.26)
             n1: 72704 0x484FD71: elektraPluginOpen (in /home/jenkins/workspace/build/linux/lib/libelektra-kdb.so.0.8.26)
              n0: 72704 0x1091E1: main (in /home/jenkins/workspace/build/linux/bin/benchmark_plugingetset)
 n1: 4762 0x400B2AC: _dl_new_object (dl-object.c:73)
  n1: 4762 0x4005E46: _dl_map_object_from_fd (dl-load.c:1001)
   n2: 4762 0x4008A8B: _dl_map_object (dl-load.c:2466)
    n1: 4762 0x400D290: openaux (dl-deps.c:64)
     n1: 4762 0x49B5B2D: _dl_catch_exception (dl-error-skeleton.c:196)
      n1: 4762 0x400D604: _dl_map_object_deps (dl-deps.c:248)
       n1: 4762 0x401304E: dl_open_worker (dl-open.c:271)
        n1: 4762 0x49B5B2D: _dl_catch_exception (dl-error-skeleton.c:196)
         n1: 4762 0x4012BB8: _dl_open (dl-open.c:599)
          n1: 4762 0x487D254: dlopen_doit (dlopen.c:66)
           n1: 4762 0x49B5B2D: _dl_catch_exception (dl-error-skeleton.c:196)
            n1: 4762 0x49B5BBD: _dl_catch_error (dl-error-skeleton.c:215)
             n1: 4762 0x487D973: _dlerror_run (dlerror.c:163)
              n1: 4762 0x487D2E4: dlopen@@GLIBC_2.2.5 (dlopen.c:87)
               n1: 4762 0x48666EB: elektraModulesLoad (in /home/jenkins/workspace/build/linux/lib/libelektra-core.so.0.8.26)
                n1: 4762 0x484FD71: elektraPluginOpen (in /home/jenkins/workspace/build/linux/lib/libelektra-kdb.so.0.8.26)
                 n0: 4762 0x1091E1: main (in /home/jenkins/workspace/build/linux/bin/benchmark_plugingetset)
    n0: 0 in 1 place, below massif's threshold (1.00%)
 n1: 4064 0x400A095: do_lookup_x (dl-lookup.c:253)
  n1: 4064 0x400A38D: _dl_lookup_symbol_x (dl-lookup.c:814)
   n1: 4064 0x400BD5C: _dl_relocate_object (dl-machine.h:308)
    n1: 4064 0x401319C: dl_open_worker (dl-open.c:377)
     n1: 4064 0x49B5B2D: _dl_catch_exception (dl-error-skeleton.c:196)
      n1: 4064 0x4012BB8: _dl_open (dl-open.c:599)
       n1: 4064 0x487D254: dlopen_doit (dlopen.c:66)
        n1: 4064 0x49B5B2D: _dl_catch_exception (dl-error-skeleton.c:196)
         n1: 4064 0x49B5BBD: _dl_catch_error (dl-error-skeleton.c:215)
          n1: 4064 0x487D973: _dlerror_run (dlerror.c:163)
           n1: 4064 0x487D2E4: dlopen@@GLIBC_2.2.5 (dlopen.c:87)
            n1: 4064 0x48666EB: elektraModulesLoad (in /home/jenkins/workspace/build/linux/lib/libelektra-core.so.0.8.26)
             n1: 4064 0x484FD71: elektraPluginOpen (in /home/jenkins/workspace/build/linux/lib/libelektra-kdb.so.0.8.26)
              n0: 4064 0x1091E1: main (in /home/jenkins/workspace/build/linux/bin/benchmark_plugingetset)
 n1: 2352 0x4010A1E: _dl_check_map_versions (dl-version.c:274)
  n1: 2352 0x4013094: dl_open_worker (dl-open.c:277)
   n1: 2352 0x49B5B2D: _dl_catch_exception (dl-error-skeleton.c:196)
    n1: 2352 0x4012BB8: _dl_open (dl-open.c:599)
     n1: 2352 0x487D254: dlopen_doit (dlopen.c:66)
      n1: 2352 0x49B5B2D: _dl_catch_exception (dl-error-skeleton.c:196)
       n1: 2352 0x49B5BBD: _dl_catch_error (dl-error-skeleton.c:215)
        n1: 2352 0x487D973: _dlerror_run (dlerror.c:163)
         n1: 2352 0x487D2E4: dlopen@@GLIBC_2.2.5 (dlopen.c:87)
          n1: 2352 0x48666EB: elektraModulesLoad (in /home/jenkins/workspace/build/linux/lib/libelektra-core.so.0.8.26)
           n1: 2352 0x484FD71: elektraPluginOpen (in /home/jenkins/workspace/build/linux/lib/libelektra-kdb.so.0.8.26)
            n0: 2352 0x1091E1: main (in /home/jenkins/workspace/build/linux/bin/benchmark_plugingetset)
 n0: 860 in 80 places, all below massif's threshold (1.00%)
#-----------
snapshot=75
#-----------
time=6439476
mem_heap_B=84590
mem_heap_extra_B=322
mem_stacks_B=0
heap_tree=empty
