desc: --massif-out-file=results/generated_10_yamlcpp_linux_gcc8.3.0.out
cmd: build/linux/bin/benchmark_plugingetset benchmarks/data/generated_10 user yamlcpp get
time_unit: i
#-----------
snapshot=0
#-----------
time=0
mem_heap_B=0
mem_heap_extra_B=0
mem_stacks_B=0
heap_tree=empty
#-----------
snapshot=1
#-----------
time=209265
mem_heap_B=64
mem_heap_extra_B=8
mem_stacks_B=0
heap_tree=empty
#-----------
snapshot=2
#-----------
time=224380
mem_heap_B=1325
mem_heap_extra_B=51
mem_stacks_B=0
heap_tree=empty
#-----------
snapshot=3
#-----------
time=249101
mem_heap_B=1893
mem_heap_extra_B=123
mem_stacks_B=0
heap_tree=empty
#-----------
snapshot=4
#-----------
time=274160
mem_heap_B=3430
mem_heap_extra_B=218
mem_stacks_B=0
heap_tree=empty
#-----------
snapshot=5
#-----------
time=295716
mem_heap_B=7504
mem_heap_extra_B=344
mem_stacks_B=0
heap_tree=empty
#-----------
snapshot=6
#-----------
time=310103
mem_heap_B=10022
mem_heap_extra_B=434
mem_stacks_B=0
heap_tree=empty
#-----------
snapshot=7
#-----------
time=328468
mem_heap_B=11480
mem_heap_extra_B=520
mem_stacks_B=0
heap_tree=empty
#-----------
snapshot=8
#-----------
time=353825
mem_heap_B=12088
mem_heap_extra_B=592
mem_stacks_B=0
heap_tree=empty
#-----------
snapshot=9
#-----------
time=374486
mem_heap_B=14632
mem_heap_extra_B=656
mem_stacks_B=0
heap_tree=empty
#-----------
snapshot=10
#-----------
time=930318
mem_heap_B=15624
mem_heap_extra_B=664
mem_stacks_B=0
heap_tree=empty
#-----------
snapshot=11
#-----------
time=1016158
mem_heap_B=17576
mem_heap_extra_B=672
mem_stacks_B=0
heap_tree=empty
#-----------
snapshot=12
#-----------
time=1017041
mem_heap_B=16584
mem_heap_extra_B=664
mem_stacks_B=0
heap_tree=empty
#-----------
snapshot=13
#-----------
time=3457322
mem_heap_B=20648
mem_heap_extra_B=672
mem_stacks_B=0
heap_tree=empty
#-----------
snapshot=14
#-----------
time=3458953
mem_heap_B=18696
mem_heap_extra_B=664
mem_stacks_B=0
heap_tree=empty
#-----------
snapshot=15
#-----------
time=6064707
mem_heap_B=91400
mem_heap_extra_B=672
mem_stacks_B=0
heap_tree=empty
#-----------
snapshot=16
#-----------
time=6111623
mem_heap_B=91417
mem_heap_extra_B=695
mem_stacks_B=0
heap_tree=empty
#-----------
snapshot=17
#-----------
time=6128471
mem_heap_B=91566
mem_heap_extra_B=818
mem_stacks_B=0
heap_tree=empty
#-----------
snapshot=18
#-----------
time=6150931
mem_heap_B=108376
mem_heap_extra_B=1256
mem_stacks_B=0
heap_tree=empty
#-----------
snapshot=19
#-----------
time=6162442
mem_heap_B=109848
mem_heap_extra_B=1440
mem_stacks_B=0
heap_tree=empty
#-----------
snapshot=20
#-----------
time=6180910
mem_heap_B=111672
mem_heap_extra_B=1600
mem_stacks_B=0
heap_tree=empty
#-----------
snapshot=21
#-----------
time=6197039
mem_heap_B=113592
mem_heap_extra_B=1864
mem_stacks_B=0
heap_tree=empty
#-----------
snapshot=22
#-----------
time=6211184
mem_heap_B=113320
mem_heap_extra_B=1824
mem_stacks_B=0
heap_tree=empty
#-----------
snapshot=23
#-----------
time=6240002
mem_heap_B=115482
mem_heap_extra_B=2110
mem_stacks_B=0
heap_tree=empty
#-----------
snapshot=24
#-----------
time=6258072
mem_heap_B=116260
mem_heap_extra_B=2332
mem_stacks_B=0
heap_tree=detailed
n8: 116260 (heap allocation functions) malloc/new/new[], --alloc-fns, etc.
 n1: 72704 0x4F75454: ??? (in /usr/lib/x86_64-linux-gnu/libstdc++.so.6.0.25)
  n1: 72704 0x400F378: call_init.part.0 (dl-init.c:72)
   n1: 72704 0x400F474: _dl_init (dl-init.c:118)
    n1: 72704 0x40132D1: dl_open_worker (dl-open.c:517)
     n1: 72704 0x49B5B2D: _dl_catch_exception (dl-error-skeleton.c:196)
      n1: 72704 0x4012BB8: _dl_open (dl-open.c:599)
       n1: 72704 0x487D254: dlopen_doit (dlopen.c:66)
        n1: 72704 0x49B5B2D: _dl_catch_exception (dl-error-skeleton.c:196)
         n1: 72704 0x49B5BBD: _dl_catch_error (dl-error-skeleton.c:215)
          n1: 72704 0x487D973: _dlerror_run (dlerror.c:163)
           n1: 72704 0x487D2E4: dlopen@@GLIBC_2.2.5 (dlopen.c:87)
            n1: 72704 0x48666EB: elektraModulesLoad (in /home/jenkins/workspace/build/linux/lib/libelektra-core.so.0.8.26)
             n1: 72704 0x484FD71: elektraPluginOpen (in /home/jenkins/workspace/build/linux/lib/libelektra-kdb.so.0.8.26)
              n0: 72704 0x1091E1: main (in /home/jenkins/workspace/build/linux/bin/benchmark_plugingetset)
 n0: 13792 in 70 places, all below massif's threshold (1.00%)
 n1: 8356 0x400B2AC: _dl_new_object (dl-object.c:73)
  n1: 8356 0x4005E46: _dl_map_object_from_fd (dl-load.c:1001)
   n2: 8356 0x4008A8B: _dl_map_object (dl-load.c:2466)
    n1: 7158 0x400D290: openaux (dl-deps.c:64)
     n1: 7158 0x49B5B2D: _dl_catch_exception (dl-error-skeleton.c:196)
      n1: 7158 0x400D604: _dl_map_object_deps (dl-deps.c:248)
       n1: 7158 0x401304E: dl_open_worker (dl-open.c:271)
        n1: 7158 0x49B5B2D: _dl_catch_exception (dl-error-skeleton.c:196)
         n1: 7158 0x4012BB8: _dl_open (dl-open.c:599)
          n1: 7158 0x487D254: dlopen_doit (dlopen.c:66)
           n1: 7158 0x49B5B2D: _dl_catch_exception (dl-error-skeleton.c:196)
            n1: 7158 0x49B5BBD: _dl_catch_error (dl-error-skeleton.c:215)
             n1: 7158 0x487D973: _dlerror_run (dlerror.c:163)
              n1: 7158 0x487D2E4: dlopen@@GLIBC_2.2.5 (dlopen.c:87)
               n1: 7158 0x48666EB: elektraModulesLoad (in /home/jenkins/workspace/build/linux/lib/libelektra-core.so.0.8.26)
                n1: 7158 0x484FD71: elektraPluginOpen (in /home/jenkins/workspace/build/linux/lib/libelektra-kdb.so.0.8.26)
                 n0: 7158 0x1091E1: main (in /home/jenkins/workspace/build/linux/bin/benchmark_plugingetset)
    n1: 1198 0x4012FE9: dl_open_worker (dl-open.c:228)
     n1: 1198 0x49B5B2D: _dl_catch_exception (dl-error-skeleton.c:196)
      n1: 1198 0x4012BB8: _dl_open (dl-open.c:599)
       n1: 1198 0x487D254: dlopen_doit (dlopen.c:66)
        n1: 1198 0x49B5B2D: _dl_catch_exception (dl-error-skeleton.c:196)
         n1: 1198 0x49B5BBD: _dl_catch_error (dl-error-skeleton.c:215)
          n1: 1198 0x487D973: _dlerror_run (dlerror.c:163)
           n1: 1198 0x487D2E4: dlopen@@GLIBC_2.2.5 (dlopen.c:87)
            n1: 1198 0x48666EB: elektraModulesLoad (in /home/jenkins/workspace/build/linux/lib/libelektra-core.so.0.8.26)
             n1: 1198 0x484FD71: elektraPluginOpen (in /home/jenkins/workspace/build/linux/lib/libelektra-kdb.so.0.8.26)
              n0: 1198 0x1091E1: main (in /home/jenkins/workspace/build/linux/bin/benchmark_plugingetset)
 n1: 8192 0x4FD18F6: std::basic_filebuf<char, std::char_traits<char> >::_M_allocate_internal_buffer() (in /usr/lib/x86_64-linux-gnu/libstdc++.so.6.0.25)
  n1: 8192 0x4FD5790: std::basic_filebuf<char, std::char_traits<char> >::open(char const*, std::_Ios_Openmode) (in /usr/lib/x86_64-linux-gnu/libstdc++.so.6.0.25)
   n1: 8192 0x4EA6039: YAML::LoadFile(std::__cxx11::basic_string<char, std::char_traits<char>, std::allocator<char> > const&) (in /usr/lib/x86_64-linux-gnu/libyaml-cpp.so.0.6.2)
    n1: 8192 0x4E50D13: ???
     n1: 8192 0x4E4C4BE: ???
      n0: 8192 0x1091F8: main (in /home/jenkins/workspace/build/linux/bin/benchmark_plugingetset)
 n2: 4320 0x4E9EDAA: std::vector<YAML::RegEx, std::allocator<YAML::RegEx> >::vector(std::vector<YAML::RegEx, std::allocator<YAML::RegEx> > const&) (in /usr/lib/x86_64-linux-gnu/libyaml-cpp.so.0.6.2)
  n3: 3168 0x4E9EDEE: std::vector<YAML::RegEx, std::allocator<YAML::RegEx> >::vector(std::vector<YAML::RegEx, std::allocator<YAML::RegEx> > const&) (in /usr/lib/x86_64-linux-gnu/libyaml-cpp.so.0.6.2)
   n1: 1632 0x4EA920E: void std::vector<YAML::RegEx, std::allocator<YAML::RegEx> >::_M_realloc_insert<YAML::RegEx const&>(__gnu_cxx::__normal_iterator<YAML::RegEx*, std::vector<YAML::RegEx, std::allocator<YAML::RegEx> > >, YAML::RegEx const&) (in /usr/lib/x86_64-linux-gnu/libyaml-cpp.so.0.6.2)
    n0: 1632 in 5 places, all below massif's threshold (1.00%)
   n1: 1408 0x4E9EDEE: std::vector<YAML::RegEx, std::allocator<YAML::RegEx> >::vector(std::vector<YAML::RegEx, std::allocator<YAML::RegEx> > const&) (in /usr/lib/x86_64-linux-gnu/libyaml-cpp.so.0.6.2)
    n0: 1408 in 3 places, all below massif's threshold (1.00%)
   n0: 128 in 1 place, below massif's threshold (1.00%)
  n0: 1152 in 2 places, all below massif's threshold (1.00%)
 n1: 4064 0x400A095: do_lookup_x (dl-lookup.c:253)
  n1: 4064 0x400A38D: _dl_lookup_symbol_x (dl-lookup.c:814)
   n1: 4064 0x400BD5C: _dl_relocate_object (dl-machine.h:308)
    n1: 4064 0x401319C: dl_open_worker (dl-open.c:377)
     n1: 4064 0x49B5B2D: _dl_catch_exception (dl-error-skeleton.c:196)
      n1: 4064 0x4012BB8: _dl_open (dl-open.c:599)
       n1: 4064 0x487D254: dlopen_doit (dlopen.c:66)
        n1: 4064 0x49B5B2D: _dl_catch_exception (dl-error-skeleton.c:196)
         n1: 4064 0x49B5BBD: _dl_catch_error (dl-error-skeleton.c:215)
          n1: 4064 0x487D973: _dlerror_run (dlerror.c:163)
           n1: 4064 0x487D2E4: dlopen@@GLIBC_2.2.5 (dlopen.c:87)
            n1: 4064 0x48666EB: elektraModulesLoad (in /home/jenkins/workspace/build/linux/lib/libelektra-core.so.0.8.26)
             n1: 4064 0x484FD71: elektraPluginOpen (in /home/jenkins/workspace/build/linux/lib/libelektra-kdb.so.0.8.26)
              n0: 4064 0x1091E1: main (in /home/jenkins/workspace/build/linux/bin/benchmark_plugingetset)
 n1: 2784 0x4010A1E: _dl_check_map_versions (dl-version.c:274)
  n1: 2784 0x4013094: dl_open_worker (dl-open.c:277)
   n1: 2784 0x49B5B2D: _dl_catch_exception (dl-error-skeleton.c:196)
    n1: 2784 0x4012BB8: _dl_open (dl-open.c:599)
     n1: 2784 0x487D254: dlopen_doit (dlopen.c:66)
      n1: 2784 0x49B5B2D: _dl_catch_exception (dl-error-skeleton.c:196)
       n1: 2784 0x49B5BBD: _dl_catch_error (dl-error-skeleton.c:215)
        n1: 2784 0x487D973: _dlerror_run (dlerror.c:163)
         n1: 2784 0x487D2E4: dlopen@@GLIBC_2.2.5 (dlopen.c:87)
          n1: 2784 0x48666EB: elektraModulesLoad (in /home/jenkins/workspace/build/linux/lib/libelektra-core.so.0.8.26)
           n1: 2784 0x484FD71: elektraPluginOpen (in /home/jenkins/workspace/build/linux/lib/libelektra-kdb.so.0.8.26)
            n0: 2784 0x1091E1: main (in /home/jenkins/workspace/build/linux/bin/benchmark_plugingetset)
 n1: 2048 0x4ED1A3A: ??? (in /usr/lib/x86_64-linux-gnu/libyaml-cpp.so.0.6.2)
  n1: 2048 0x4EAC4D0: ??? (in /usr/lib/x86_64-linux-gnu/libyaml-cpp.so.0.6.2)
   n1: 2048 0x4EA7A90: YAML::Parser::Load(std::istream&) (in /usr/lib/x86_64-linux-gnu/libyaml-cpp.so.0.6.2)
    n1: 2048 0x4EA7B29: YAML::Parser::Parser(std::istream&) (in /usr/lib/x86_64-linux-gnu/libyaml-cpp.so.0.6.2)
     n1: 2048 0x4EA582F: YAML::Load(std::istream&) (in /usr/lib/x86_64-linux-gnu/libyaml-cpp.so.0.6.2)
      n1: 2048 0x4EA606D: YAML::LoadFile(std::__cxx11::basic_string<char, std::char_traits<char>, std::allocator<char> > const&) (in /usr/lib/x86_64-linux-gnu/libyaml-cpp.so.0.6.2)
       n1: 2048 0x4E50D13: ???
        n1: 2048 0x4E4C4BE: ???
         n0: 2048 0x1091F8: main (in /home/jenkins/workspace/build/linux/bin/benchmark_plugingetset)
#-----------
snapshot=25
#-----------
time=6273749
mem_heap_B=116138
mem_heap_extra_B=2342
mem_stacks_B=0
heap_tree=empty
#-----------
snapshot=26
#-----------
time=6294208
mem_heap_B=116390
mem_heap_extra_B=2378
mem_stacks_B=0
heap_tree=empty
#-----------
snapshot=27
#-----------
time=6305531
mem_heap_B=116687
mem_heap_extra_B=2577
mem_stacks_B=0
heap_tree=empty
#-----------
snapshot=28
#-----------
time=6326460
mem_heap_B=117251
mem_heap_extra_B=2613
mem_stacks_B=0
heap_tree=detailed
n8: 117251 (heap allocation functions) malloc/new/new[], --alloc-fns, etc.
 n1: 72704 0x4F75454: ??? (in /usr/lib/x86_64-linux-gnu/libstdc++.so.6.0.25)
  n1: 72704 0x400F378: call_init.part.0 (dl-init.c:72)
   n1: 72704 0x400F474: _dl_init (dl-init.c:118)
    n1: 72704 0x40132D1: dl_open_worker (dl-open.c:517)
     n1: 72704 0x49B5B2D: _dl_catch_exception (dl-error-skeleton.c:196)
      n1: 72704 0x4012BB8: _dl_open (dl-open.c:599)
       n1: 72704 0x487D254: dlopen_doit (dlopen.c:66)
        n1: 72704 0x49B5B2D: _dl_catch_exception (dl-error-skeleton.c:196)
         n1: 72704 0x49B5BBD: _dl_catch_error (dl-error-skeleton.c:215)
          n1: 72704 0x487D973: _dlerror_run (dlerror.c:163)
           n1: 72704 0x487D2E4: dlopen@@GLIBC_2.2.5 (dlopen.c:87)
            n1: 72704 0x48666EB: elektraModulesLoad (in /home/jenkins/workspace/build/linux/lib/libelektra-core.so.0.8.26)
             n1: 72704 0x484FD71: elektraPluginOpen (in /home/jenkins/workspace/build/linux/lib/libelektra-kdb.so.0.8.26)
              n0: 72704 0x1091E1: main (in /home/jenkins/workspace/build/linux/bin/benchmark_plugingetset)
 n0: 14783 in 71 places, all below massif's threshold (1.00%)
 n1: 8356 0x400B2AC: _dl_new_object (dl-object.c:73)
  n1: 8356 0x4005E46: _dl_map_object_from_fd (dl-load.c:1001)
   n2: 8356 0x4008A8B: _dl_map_object (dl-load.c:2466)
    n1: 7158 0x400D290: openaux (dl-deps.c:64)
     n1: 7158 0x49B5B2D: _dl_catch_exception (dl-error-skeleton.c:196)
      n1: 7158 0x400D604: _dl_map_object_deps (dl-deps.c:248)
       n1: 7158 0x401304E: dl_open_worker (dl-open.c:271)
        n1: 7158 0x49B5B2D: _dl_catch_exception (dl-error-skeleton.c:196)
         n1: 7158 0x4012BB8: _dl_open (dl-open.c:599)
          n1: 7158 0x487D254: dlopen_doit (dlopen.c:66)
           n1: 7158 0x49B5B2D: _dl_catch_exception (dl-error-skeleton.c:196)
            n1: 7158 0x49B5BBD: _dl_catch_error (dl-error-skeleton.c:215)
             n1: 7158 0x487D973: _dlerror_run (dlerror.c:163)
              n1: 7158 0x487D2E4: dlopen@@GLIBC_2.2.5 (dlopen.c:87)
               n1: 7158 0x48666EB: elektraModulesLoad (in /home/jenkins/workspace/build/linux/lib/libelektra-core.so.0.8.26)
                n1: 7158 0x484FD71: elektraPluginOpen (in /home/jenkins/workspace/build/linux/lib/libelektra-kdb.so.0.8.26)
                 n0: 7158 0x1091E1: main (in /home/jenkins/workspace/build/linux/bin/benchmark_plugingetset)
    n1: 1198 0x4012FE9: dl_open_worker (dl-open.c:228)
     n1: 1198 0x49B5B2D: _dl_catch_exception (dl-error-skeleton.c:196)
      n1: 1198 0x4012BB8: _dl_open (dl-open.c:599)
       n1: 1198 0x487D254: dlopen_doit (dlopen.c:66)
        n1: 1198 0x49B5B2D: _dl_catch_exception (dl-error-skeleton.c:196)
         n1: 1198 0x49B5BBD: _dl_catch_error (dl-error-skeleton.c:215)
          n1: 1198 0x487D973: _dlerror_run (dlerror.c:163)
           n1: 1198 0x487D2E4: dlopen@@GLIBC_2.2.5 (dlopen.c:87)
            n1: 1198 0x48666EB: elektraModulesLoad (in /home/jenkins/workspace/build/linux/lib/libelektra-core.so.0.8.26)
             n1: 1198 0x484FD71: elektraPluginOpen (in /home/jenkins/workspace/build/linux/lib/libelektra-kdb.so.0.8.26)
              n0: 1198 0x1091E1: main (in /home/jenkins/workspace/build/linux/bin/benchmark_plugingetset)
 n1: 8192 0x4FD18F6: std::basic_filebuf<char, std::char_traits<char> >::_M_allocate_internal_buffer() (in /usr/lib/x86_64-linux-gnu/libstdc++.so.6.0.25)
  n1: 8192 0x4FD5790: std::basic_filebuf<char, std::char_traits<char> >::open(char const*, std::_Ios_Openmode) (in /usr/lib/x86_64-linux-gnu/libstdc++.so.6.0.25)
   n1: 8192 0x4EA6039: YAML::LoadFile(std::__cxx11::basic_string<char, std::char_traits<char>, std::allocator<char> > const&) (in /usr/lib/x86_64-linux-gnu/libyaml-cpp.so.0.6.2)
    n1: 8192 0x4E50D13: ???
     n1: 8192 0x4E4C4BE: ???
      n0: 8192 0x1091F8: main (in /home/jenkins/workspace/build/linux/bin/benchmark_plugingetset)
 n2: 4320 0x4E9EDAA: std::vector<YAML::RegEx, std::allocator<YAML::RegEx> >::vector(std::vector<YAML::RegEx, std::allocator<YAML::RegEx> > const&) (in /usr/lib/x86_64-linux-gnu/libyaml-cpp.so.0.6.2)
  n3: 3168 0x4E9EDEE: std::vector<YAML::RegEx, std::allocator<YAML::RegEx> >::vector(std::vector<YAML::RegEx, std::allocator<YAML::RegEx> > const&) (in /usr/lib/x86_64-linux-gnu/libyaml-cpp.so.0.6.2)
   n1: 1632 0x4EA920E: void std::vector<YAML::RegEx, std::allocator<YAML::RegEx> >::_M_realloc_insert<YAML::RegEx const&>(__gnu_cxx::__normal_iterator<YAML::RegEx*, std::vector<YAML::RegEx, std::allocator<YAML::RegEx> > >, YAML::RegEx const&) (in /usr/lib/x86_64-linux-gnu/libyaml-cpp.so.0.6.2)
    n0: 1632 in 5 places, all below massif's threshold (1.00%)
   n1: 1408 0x4E9EDEE: std::vector<YAML::RegEx, std::allocator<YAML::RegEx> >::vector(std::vector<YAML::RegEx, std::allocator<YAML::RegEx> > const&) (in /usr/lib/x86_64-linux-gnu/libyaml-cpp.so.0.6.2)
    n0: 1408 in 3 places, all below massif's threshold (1.00%)
   n0: 128 in 1 place, below massif's threshold (1.00%)
  n0: 1152 in 2 places, all below massif's threshold (1.00%)
 n1: 4064 0x400A095: do_lookup_x (dl-lookup.c:253)
  n1: 4064 0x400A38D: _dl_lookup_symbol_x (dl-lookup.c:814)
   n1: 4064 0x400BD5C: _dl_relocate_object (dl-machine.h:308)
    n1: 4064 0x401319C: dl_open_worker (dl-open.c:377)
     n1: 4064 0x49B5B2D: _dl_catch_exception (dl-error-skeleton.c:196)
      n1: 4064 0x4012BB8: _dl_open (dl-open.c:599)
       n1: 4064 0x487D254: dlopen_doit (dlopen.c:66)
        n1: 4064 0x49B5B2D: _dl_catch_exception (dl-error-skeleton.c:196)
         n1: 4064 0x49B5BBD: _dl_catch_error (dl-error-skeleton.c:215)
          n1: 4064 0x487D973: _dlerror_run (dlerror.c:163)
           n1: 4064 0x487D2E4: dlopen@@GLIBC_2.2.5 (dlopen.c:87)
            n1: 4064 0x48666EB: elektraModulesLoad (in /home/jenkins/workspace/build/linux/lib/libelektra-core.so.0.8.26)
             n1: 4064 0x484FD71: elektraPluginOpen (in /home/jenkins/workspace/build/linux/lib/libelektra-kdb.so.0.8.26)
              n0: 4064 0x1091E1: main (in /home/jenkins/workspace/build/linux/bin/benchmark_plugingetset)
 n1: 2784 0x4010A1E: _dl_check_map_versions (dl-version.c:274)
  n1: 2784 0x4013094: dl_open_worker (dl-open.c:277)
   n1: 2784 0x49B5B2D: _dl_catch_exception (dl-error-skeleton.c:196)
    n1: 2784 0x4012BB8: _dl_open (dl-open.c:599)
     n1: 2784 0x487D254: dlopen_doit (dlopen.c:66)
      n1: 2784 0x49B5B2D: _dl_catch_exception (dl-error-skeleton.c:196)
       n1: 2784 0x49B5BBD: _dl_catch_error (dl-error-skeleton.c:215)
        n1: 2784 0x487D973: _dlerror_run (dlerror.c:163)
         n1: 2784 0x487D2E4: dlopen@@GLIBC_2.2.5 (dlopen.c:87)
          n1: 2784 0x48666EB: elektraModulesLoad (in /home/jenkins/workspace/build/linux/lib/libelektra-core.so.0.8.26)
           n1: 2784 0x484FD71: elektraPluginOpen (in /home/jenkins/workspace/build/linux/lib/libelektra-kdb.so.0.8.26)
            n0: 2784 0x1091E1: main (in /home/jenkins/workspace/build/linux/bin/benchmark_plugingetset)
 n1: 2048 0x4ED1A3A: ??? (in /usr/lib/x86_64-linux-gnu/libyaml-cpp.so.0.6.2)
  n1: 2048 0x4EAC4D0: ??? (in /usr/lib/x86_64-linux-gnu/libyaml-cpp.so.0.6.2)
   n1: 2048 0x4EA7A90: YAML::Parser::Load(std::istream&) (in /usr/lib/x86_64-linux-gnu/libyaml-cpp.so.0.6.2)
    n1: 2048 0x4EA7B29: YAML::Parser::Parser(std::istream&) (in /usr/lib/x86_64-linux-gnu/libyaml-cpp.so.0.6.2)
     n1: 2048 0x4EA582F: YAML::Load(std::istream&) (in /usr/lib/x86_64-linux-gnu/libyaml-cpp.so.0.6.2)
      n1: 2048 0x4EA606D: YAML::LoadFile(std::__cxx11::basic_string<char, std::char_traits<char>, std::allocator<char> > const&) (in /usr/lib/x86_64-linux-gnu/libyaml-cpp.so.0.6.2)
       n1: 2048 0x4E50D13: ???
        n1: 2048 0x4E4C4BE: ???
         n0: 2048 0x1091F8: main (in /home/jenkins/workspace/build/linux/bin/benchmark_plugingetset)
#-----------
snapshot=29
#-----------
time=6337820
mem_heap_B=117564
mem_heap_extra_B=2804
mem_stacks_B=0
heap_tree=empty
#-----------
snapshot=30
#-----------
time=6358507
mem_heap_B=118096
mem_heap_extra_B=2856
mem_stacks_B=0
heap_tree=empty
#-----------
snapshot=31
#-----------
time=6372309
mem_heap_B=118409
mem_heap_extra_B=2999
mem_stacks_B=0
heap_tree=empty
#-----------
snapshot=32
#-----------
time=6391862
mem_heap_B=118440
mem_heap_extra_B=3024
mem_stacks_B=0
heap_tree=empty
#-----------
snapshot=33
#-----------
time=6409912
mem_heap_B=118501
mem_heap_extra_B=3035
mem_stacks_B=0
heap_tree=empty
#-----------
snapshot=34
#-----------
time=6428163
mem_heap_B=119286
mem_heap_extra_B=3226
mem_stacks_B=0
heap_tree=empty
#-----------
snapshot=35
#-----------
time=6447716
mem_heap_B=119317
mem_heap_extra_B=3235
mem_stacks_B=0
heap_tree=empty
#-----------
snapshot=36
#-----------
time=6465766
mem_heap_B=119378
mem_heap_extra_B=3246
mem_stacks_B=0
heap_tree=empty
#-----------
snapshot=37
#-----------
time=6480596
mem_heap_B=119787
mem_heap_extra_B=3277
mem_stacks_B=0
heap_tree=empty
#-----------
snapshot=38
#-----------
time=6500028
mem_heap_B=119794
mem_heap_extra_B=3270
mem_stacks_B=0
heap_tree=empty
#-----------
snapshot=39
#-----------
time=6518078
mem_heap_B=119855
mem_heap_extra_B=3281
mem_stacks_B=0
heap_tree=empty
#-----------
snapshot=40
#-----------
time=6535792
mem_heap_B=120336
mem_heap_extra_B=3536
mem_stacks_B=0
heap_tree=empty
#-----------
snapshot=41
#-----------
time=6553935
mem_heap_B=120924
mem_heap_extra_B=3580
mem_stacks_B=0
heap_tree=peak
n9: 120924 (heap allocation functions) malloc/new/new[], --alloc-fns, etc.
 n1: 72704 0x4F75454: ??? (in /usr/lib/x86_64-linux-gnu/libstdc++.so.6.0.25)
  n1: 72704 0x400F378: call_init.part.0 (dl-init.c:72)
   n1: 72704 0x400F474: _dl_init (dl-init.c:118)
    n1: 72704 0x40132D1: dl_open_worker (dl-open.c:517)
     n1: 72704 0x49B5B2D: _dl_catch_exception (dl-error-skeleton.c:196)
      n1: 72704 0x4012BB8: _dl_open (dl-open.c:599)
       n1: 72704 0x487D254: dlopen_doit (dlopen.c:66)
        n1: 72704 0x49B5B2D: _dl_catch_exception (dl-error-skeleton.c:196)
         n1: 72704 0x49B5BBD: _dl_catch_error (dl-error-skeleton.c:215)
          n1: 72704 0x487D973: _dlerror_run (dlerror.c:163)
           n1: 72704 0x487D2E4: dlopen@@GLIBC_2.2.5 (dlopen.c:87)
            n1: 72704 0x48666EB: elektraModulesLoad (in /home/jenkins/workspace/build/linux/lib/libelektra-core.so.0.8.26)
             n1: 72704 0x484FD71: elektraPluginOpen (in /home/jenkins/workspace/build/linux/lib/libelektra-kdb.so.0.8.26)
              n0: 72704 0x1091E1: main (in /home/jenkins/workspace/build/linux/bin/benchmark_plugingetset)
 n0: 15928 in 71 places, all below massif's threshold (1.00%)
 n1: 8356 0x400B2AC: _dl_new_object (dl-object.c:73)
  n1: 8356 0x4005E46: _dl_map_object_from_fd (dl-load.c:1001)
   n2: 8356 0x4008A8B: _dl_map_object (dl-load.c:2466)
    n1: 7158 0x400D290: openaux (dl-deps.c:64)
     n1: 7158 0x49B5B2D: _dl_catch_exception (dl-error-skeleton.c:196)
      n1: 7158 0x400D604: _dl_map_object_deps (dl-deps.c:248)
       n1: 7158 0x401304E: dl_open_worker (dl-open.c:271)
        n1: 7158 0x49B5B2D: _dl_catch_exception (dl-error-skeleton.c:196)
         n1: 7158 0x4012BB8: _dl_open (dl-open.c:599)
          n1: 7158 0x487D254: dlopen_doit (dlopen.c:66)
           n1: 7158 0x49B5B2D: _dl_catch_exception (dl-error-skeleton.c:196)
            n1: 7158 0x49B5BBD: _dl_catch_error (dl-error-skeleton.c:215)
             n1: 7158 0x487D973: _dlerror_run (dlerror.c:163)
              n1: 7158 0x487D2E4: dlopen@@GLIBC_2.2.5 (dlopen.c:87)
               n1: 7158 0x48666EB: elektraModulesLoad (in /home/jenkins/workspace/build/linux/lib/libelektra-core.so.0.8.26)
                n1: 7158 0x484FD71: elektraPluginOpen (in /home/jenkins/workspace/build/linux/lib/libelektra-kdb.so.0.8.26)
                 n0: 7158 0x1091E1: main (in /home/jenkins/workspace/build/linux/bin/benchmark_plugingetset)
    n0: 1198 in 1 place, below massif's threshold (1.00%)
 n1: 8192 0x4FD18F6: std::basic_filebuf<char, std::char_traits<char> >::_M_allocate_internal_buffer() (in /usr/lib/x86_64-linux-gnu/libstdc++.so.6.0.25)
  n1: 8192 0x4FD5790: std::basic_filebuf<char, std::char_traits<char> >::open(char const*, std::_Ios_Openmode) (in /usr/lib/x86_64-linux-gnu/libstdc++.so.6.0.25)
   n1: 8192 0x4EA6039: YAML::LoadFile(std::__cxx11::basic_string<char, std::char_traits<char>, std::allocator<char> > const&) (in /usr/lib/x86_64-linux-gnu/libyaml-cpp.so.0.6.2)
    n1: 8192 0x4E50D13: ???
     n1: 8192 0x4E4C4BE: ???
      n0: 8192 0x1091F8: main (in /home/jenkins/workspace/build/linux/bin/benchmark_plugingetset)
 n2: 4384 0x4E9EDAA: std::vector<YAML::RegEx, std::allocator<YAML::RegEx> >::vector(std::vector<YAML::RegEx, std::allocator<YAML::RegEx> > const&) (in /usr/lib/x86_64-linux-gnu/libyaml-cpp.so.0.6.2)
  n3: 3168 0x4E9EDEE: std::vector<YAML::RegEx, std::allocator<YAML::RegEx> >::vector(std::vector<YAML::RegEx, std::allocator<YAML::RegEx> > const&) (in /usr/lib/x86_64-linux-gnu/libyaml-cpp.so.0.6.2)
   n1: 1632 0x4EA920E: void std::vector<YAML::RegEx, std::allocator<YAML::RegEx> >::_M_realloc_insert<YAML::RegEx const&>(__gnu_cxx::__normal_iterator<YAML::RegEx*, std::vector<YAML::RegEx, std::allocator<YAML::RegEx> > >, YAML::RegEx const&) (in /usr/lib/x86_64-linux-gnu/libyaml-cpp.so.0.6.2)
    n0: 1632 in 5 places, all below massif's threshold (1.00%)
   n1: 1408 0x4E9EDEE: std::vector<YAML::RegEx, std::allocator<YAML::RegEx> >::vector(std::vector<YAML::RegEx, std::allocator<YAML::RegEx> > const&) (in /usr/lib/x86_64-linux-gnu/libyaml-cpp.so.0.6.2)
    n0: 1408 in 3 places, all below massif's threshold (1.00%)
   n0: 128 in 1 place, below massif's threshold (1.00%)
  n0: 1216 in 2 places, all below massif's threshold (1.00%)
 n1: 4064 0x400A095: do_lookup_x (dl-lookup.c:253)
  n1: 4064 0x400A38D: _dl_lookup_symbol_x (dl-lookup.c:814)
   n1: 4064 0x400BD5C: _dl_relocate_object (dl-machine.h:308)
    n1: 4064 0x401319C: dl_open_worker (dl-open.c:377)
     n1: 4064 0x49B5B2D: _dl_catch_exception (dl-error-skeleton.c:196)
      n1: 4064 0x4012BB8: _dl_open (dl-open.c:599)
       n1: 4064 0x487D254: dlopen_doit (dlopen.c:66)
        n1: 4064 0x49B5B2D: _dl_catch_exception (dl-error-skeleton.c:196)
         n1: 4064 0x49B5BBD: _dl_catch_error (dl-error-skeleton.c:215)
          n1: 4064 0x487D973: _dlerror_run (dlerror.c:163)
           n1: 4064 0x487D2E4: dlopen@@GLIBC_2.2.5 (dlopen.c:87)
            n1: 4064 0x48666EB: elektraModulesLoad (in /home/jenkins/workspace/build/linux/lib/libelektra-core.so.0.8.26)
             n1: 4064 0x484FD71: elektraPluginOpen (in /home/jenkins/workspace/build/linux/lib/libelektra-kdb.so.0.8.26)
              n0: 4064 0x1091E1: main (in /home/jenkins/workspace/build/linux/bin/benchmark_plugingetset)
 n1: 2784 0x4010A1E: _dl_check_map_versions (dl-version.c:274)
  n1: 2784 0x4013094: dl_open_worker (dl-open.c:277)
   n1: 2784 0x49B5B2D: _dl_catch_exception (dl-error-skeleton.c:196)
    n1: 2784 0x4012BB8: _dl_open (dl-open.c:599)
     n1: 2784 0x487D254: dlopen_doit (dlopen.c:66)
      n1: 2784 0x49B5B2D: _dl_catch_exception (dl-error-skeleton.c:196)
       n1: 2784 0x49B5BBD: _dl_catch_error (dl-error-skeleton.c:215)
        n1: 2784 0x487D973: _dlerror_run (dlerror.c:163)
         n1: 2784 0x487D2E4: dlopen@@GLIBC_2.2.5 (dlopen.c:87)
          n1: 2784 0x48666EB: elektraModulesLoad (in /home/jenkins/workspace/build/linux/lib/libelektra-core.so.0.8.26)
           n1: 2784 0x484FD71: elektraPluginOpen (in /home/jenkins/workspace/build/linux/lib/libelektra-kdb.so.0.8.26)
            n0: 2784 0x1091E1: main (in /home/jenkins/workspace/build/linux/bin/benchmark_plugingetset)
 n1: 2464 0x4EA0B41: YAML::detail::memory::create_node() (in /usr/lib/x86_64-linux-gnu/libyaml-cpp.so.0.6.2)
  n2: 2464 0x4EA3C2D: ??? (in /usr/lib/x86_64-linux-gnu/libyaml-cpp.so.0.6.2)
   n1: 1584 0x4EA3D2D: ??? (in /usr/lib/x86_64-linux-gnu/libyaml-cpp.so.0.6.2)
    n1: 1584 0x4ECB6E9: ??? (in /usr/lib/x86_64-linux-gnu/libyaml-cpp.so.0.6.2)
     n0: 1584 in 2 places, all below massif's threshold (1.00%)
   n0: 880 in 1 place, below massif's threshold (1.00%)
 n1: 2048 0x4ED1A3A: ??? (in /usr/lib/x86_64-linux-gnu/libyaml-cpp.so.0.6.2)
  n1: 2048 0x4EAC4D0: ??? (in /usr/lib/x86_64-linux-gnu/libyaml-cpp.so.0.6.2)
   n1: 2048 0x4EA7A90: YAML::Parser::Load(std::istream&) (in /usr/lib/x86_64-linux-gnu/libyaml-cpp.so.0.6.2)
    n1: 2048 0x4EA7B29: YAML::Parser::Parser(std::istream&) (in /usr/lib/x86_64-linux-gnu/libyaml-cpp.so.0.6.2)
     n1: 2048 0x4EA582F: YAML::Load(std::istream&) (in /usr/lib/x86_64-linux-gnu/libyaml-cpp.so.0.6.2)
      n1: 2048 0x4EA606D: YAML::LoadFile(std::__cxx11::basic_string<char, std::char_traits<char>, std::allocator<char> > const&) (in /usr/lib/x86_64-linux-gnu/libyaml-cpp.so.0.6.2)
       n1: 2048 0x4E50D13: ???
        n1: 2048 0x4E4C4BE: ???
         n0: 2048 0x1091F8: main (in /home/jenkins/workspace/build/linux/bin/benchmark_plugingetset)
#-----------
snapshot=42
#-----------
time=6582048
mem_heap_B=106921
mem_heap_extra_B=3631
mem_stacks_B=0
heap_tree=empty
#-----------
snapshot=43
#-----------
time=6598535
mem_heap_B=108103
mem_heap_extra_B=3809
mem_stacks_B=0
heap_tree=detailed
n7: 108103 (heap allocation functions) malloc/new/new[], --alloc-fns, etc.
 n1: 72704 0x4F75454: ??? (in /usr/lib/x86_64-linux-gnu/libstdc++.so.6.0.25)
  n1: 72704 0x400F378: call_init.part.0 (dl-init.c:72)
   n1: 72704 0x400F474: _dl_init (dl-init.c:118)
    n1: 72704 0x40132D1: dl_open_worker (dl-open.c:517)
     n1: 72704 0x49B5B2D: _dl_catch_exception (dl-error-skeleton.c:196)
      n1: 72704 0x4012BB8: _dl_open (dl-open.c:599)
       n1: 72704 0x487D254: dlopen_doit (dlopen.c:66)
        n1: 72704 0x49B5B2D: _dl_catch_exception (dl-error-skeleton.c:196)
         n1: 72704 0x49B5BBD: _dl_catch_error (dl-error-skeleton.c:215)
          n1: 72704 0x487D973: _dlerror_run (dlerror.c:163)
           n1: 72704 0x487D2E4: dlopen@@GLIBC_2.2.5 (dlopen.c:87)
            n1: 72704 0x48666EB: elektraModulesLoad (in /home/jenkins/workspace/build/linux/lib/libelektra-core.so.0.8.26)
             n1: 72704 0x484FD71: elektraPluginOpen (in /home/jenkins/workspace/build/linux/lib/libelektra-kdb.so.0.8.26)
              n0: 72704 0x1091E1: main (in /home/jenkins/workspace/build/linux/bin/benchmark_plugingetset)
 n0: 12883 in 78 places, all below massif's threshold (1.00%)
 n1: 8356 0x400B2AC: _dl_new_object (dl-object.c:73)
  n1: 8356 0x4005E46: _dl_map_object_from_fd (dl-load.c:1001)
   n2: 8356 0x4008A8B: _dl_map_object (dl-load.c:2466)
    n1: 7158 0x400D290: openaux (dl-deps.c:64)
     n1: 7158 0x49B5B2D: _dl_catch_exception (dl-error-skeleton.c:196)
      n1: 7158 0x400D604: _dl_map_object_deps (dl-deps.c:248)
       n1: 7158 0x401304E: dl_open_worker (dl-open.c:271)
        n1: 7158 0x49B5B2D: _dl_catch_exception (dl-error-skeleton.c:196)
         n1: 7158 0x4012BB8: _dl_open (dl-open.c:599)
          n1: 7158 0x487D254: dlopen_doit (dlopen.c:66)
           n1: 7158 0x49B5B2D: _dl_catch_exception (dl-error-skeleton.c:196)
            n1: 7158 0x49B5BBD: _dl_catch_error (dl-error-skeleton.c:215)
             n1: 7158 0x487D973: _dlerror_run (dlerror.c:163)
              n1: 7158 0x487D2E4: dlopen@@GLIBC_2.2.5 (dlopen.c:87)
               n1: 7158 0x48666EB: elektraModulesLoad (in /home/jenkins/workspace/build/linux/lib/libelektra-core.so.0.8.26)
                n1: 7158 0x484FD71: elektraPluginOpen (in /home/jenkins/workspace/build/linux/lib/libelektra-kdb.so.0.8.26)
                 n0: 7158 0x1091E1: main (in /home/jenkins/workspace/build/linux/bin/benchmark_plugingetset)
    n1: 1198 0x4012FE9: dl_open_worker (dl-open.c:228)
     n1: 1198 0x49B5B2D: _dl_catch_exception (dl-error-skeleton.c:196)
      n1: 1198 0x4012BB8: _dl_open (dl-open.c:599)
       n1: 1198 0x487D254: dlopen_doit (dlopen.c:66)
        n1: 1198 0x49B5B2D: _dl_catch_exception (dl-error-skeleton.c:196)
         n1: 1198 0x49B5BBD: _dl_catch_error (dl-error-skeleton.c:215)
          n1: 1198 0x487D973: _dlerror_run (dlerror.c:163)
           n1: 1198 0x487D2E4: dlopen@@GLIBC_2.2.5 (dlopen.c:87)
            n1: 1198 0x48666EB: elektraModulesLoad (in /home/jenkins/workspace/build/linux/lib/libelektra-core.so.0.8.26)
             n1: 1198 0x484FD71: elektraPluginOpen (in /home/jenkins/workspace/build/linux/lib/libelektra-kdb.so.0.8.26)
              n0: 1198 0x1091E1: main (in /home/jenkins/workspace/build/linux/bin/benchmark_plugingetset)
 n2: 4320 0x4E9EDAA: std::vector<YAML::RegEx, std::allocator<YAML::RegEx> >::vector(std::vector<YAML::RegEx, std::allocator<YAML::RegEx> > const&) (in /usr/lib/x86_64-linux-gnu/libyaml-cpp.so.0.6.2)
  n3: 3168 0x4E9EDEE: std::vector<YAML::RegEx, std::allocator<YAML::RegEx> >::vector(std::vector<YAML::RegEx, std::allocator<YAML::RegEx> > const&) (in /usr/lib/x86_64-linux-gnu/libyaml-cpp.so.0.6.2)
   n1: 1632 0x4EA920E: void std::vector<YAML::RegEx, std::allocator<YAML::RegEx> >::_M_realloc_insert<YAML::RegEx const&>(__gnu_cxx::__normal_iterator<YAML::RegEx*, std::vector<YAML::RegEx, std::allocator<YAML::RegEx> > >, YAML::RegEx const&) (in /usr/lib/x86_64-linux-gnu/libyaml-cpp.so.0.6.2)
    n0: 1632 in 5 places, all below massif's threshold (1.00%)
   n1: 1408 0x4E9EDEE: std::vector<YAML::RegEx, std::allocator<YAML::RegEx> >::vector(std::vector<YAML::RegEx, std::allocator<YAML::RegEx> > const&) (in /usr/lib/x86_64-linux-gnu/libyaml-cpp.so.0.6.2)
    n0: 1408 in 3 places, all below massif's threshold (1.00%)
   n0: 128 in 1 place, below massif's threshold (1.00%)
  n0: 1152 in 2 places, all below massif's threshold (1.00%)
 n1: 4064 0x400A095: do_lookup_x (dl-lookup.c:253)
  n1: 4064 0x400A38D: _dl_lookup_symbol_x (dl-lookup.c:814)
   n1: 4064 0x400BD5C: _dl_relocate_object (dl-machine.h:308)
    n1: 4064 0x401319C: dl_open_worker (dl-open.c:377)
     n1: 4064 0x49B5B2D: _dl_catch_exception (dl-error-skeleton.c:196)
      n1: 4064 0x4012BB8: _dl_open (dl-open.c:599)
       n1: 4064 0x487D254: dlopen_doit (dlopen.c:66)
        n1: 4064 0x49B5B2D: _dl_catch_exception (dl-error-skeleton.c:196)
         n1: 4064 0x49B5BBD: _dl_catch_error (dl-error-skeleton.c:215)
          n1: 4064 0x487D973: _dlerror_run (dlerror.c:163)
           n1: 4064 0x487D2E4: dlopen@@GLIBC_2.2.5 (dlopen.c:87)
            n1: 4064 0x48666EB: elektraModulesLoad (in /home/jenkins/workspace/build/linux/lib/libelektra-core.so.0.8.26)
             n1: 4064 0x484FD71: elektraPluginOpen (in /home/jenkins/workspace/build/linux/lib/libelektra-kdb.so.0.8.26)
              n0: 4064 0x1091E1: main (in /home/jenkins/workspace/build/linux/bin/benchmark_plugingetset)
 n1: 2992 0x4EA0B41: YAML::detail::memory::create_node() (in /usr/lib/x86_64-linux-gnu/libyaml-cpp.so.0.6.2)
  n2: 2992 0x4EA3C2D: ??? (in /usr/lib/x86_64-linux-gnu/libyaml-cpp.so.0.6.2)
   n1: 1760 0x4EA3D2D: ??? (in /usr/lib/x86_64-linux-gnu/libyaml-cpp.so.0.6.2)
    n2: 1760 0x4ECB6E9: ??? (in /usr/lib/x86_64-linux-gnu/libyaml-cpp.so.0.6.2)
     n1: 1408 0x4ECE441: ??? (in /usr/lib/x86_64-linux-gnu/libyaml-cpp.so.0.6.2)
      n2: 1408 0x4ECB6A6: ??? (in /usr/lib/x86_64-linux-gnu/libyaml-cpp.so.0.6.2)
       n1: 1232 0x4ECE413: ??? (in /usr/lib/x86_64-linux-gnu/libyaml-cpp.so.0.6.2)
        n1: 1232 0x4ECB6A6: ??? (in /usr/lib/x86_64-linux-gnu/libyaml-cpp.so.0.6.2)
         n0: 1232 in 2 places, all below massif's threshold (1.00%)
       n0: 176 in 1 place, below massif's threshold (1.00%)
     n0: 352 in 1 place, below massif's threshold (1.00%)
   n0: 1232 in 2 places, all below massif's threshold (1.00%)
 n1: 2784 0x4010A1E: _dl_check_map_versions (dl-version.c:274)
  n1: 2784 0x4013094: dl_open_worker (dl-open.c:277)
   n1: 2784 0x49B5B2D: _dl_catch_exception (dl-error-skeleton.c:196)
    n1: 2784 0x4012BB8: _dl_open (dl-open.c:599)
     n1: 2784 0x487D254: dlopen_doit (dlopen.c:66)
      n1: 2784 0x49B5B2D: _dl_catch_exception (dl-error-skeleton.c:196)
       n1: 2784 0x49B5BBD: _dl_catch_error (dl-error-skeleton.c:215)
        n1: 2784 0x487D973: _dlerror_run (dlerror.c:163)
         n1: 2784 0x487D2E4: dlopen@@GLIBC_2.2.5 (dlopen.c:87)
          n1: 2784 0x48666EB: elektraModulesLoad (in /home/jenkins/workspace/build/linux/lib/libelektra-core.so.0.8.26)
           n1: 2784 0x484FD71: elektraPluginOpen (in /home/jenkins/workspace/build/linux/lib/libelektra-kdb.so.0.8.26)
            n0: 2784 0x1091E1: main (in /home/jenkins/workspace/build/linux/bin/benchmark_plugingetset)
#-----------
snapshot=44
#-----------
time=6615746
mem_heap_B=107809
mem_heap_extra_B=3807
mem_stacks_B=0
heap_tree=empty
#-----------
snapshot=45
#-----------
time=6642813
mem_heap_B=110069
mem_heap_extra_B=4115
mem_stacks_B=0
heap_tree=empty
#-----------
snapshot=46
#-----------
time=6659979
mem_heap_B=108978
mem_heap_extra_B=3982
mem_stacks_B=0
heap_tree=empty
#-----------
snapshot=47
#-----------
time=6678781
mem_heap_B=110688
mem_heap_extra_B=4192
mem_stacks_B=0
heap_tree=empty
#-----------
snapshot=48
#-----------
time=6692857
mem_heap_B=100585
mem_heap_extra_B=1759
mem_stacks_B=0
heap_tree=detailed
n8: 100585 (heap allocation functions) malloc/new/new[], --alloc-fns, etc.
 n1: 72704 0x4F75454: ??? (in /usr/lib/x86_64-linux-gnu/libstdc++.so.6.0.25)
  n1: 72704 0x400F378: call_init.part.0 (dl-init.c:72)
   n1: 72704 0x400F474: _dl_init (dl-init.c:118)
    n1: 72704 0x40132D1: dl_open_worker (dl-open.c:517)
     n1: 72704 0x49B5B2D: _dl_catch_exception (dl-error-skeleton.c:196)
      n1: 72704 0x4012BB8: _dl_open (dl-open.c:599)
       n1: 72704 0x487D254: dlopen_doit (dlopen.c:66)
        n1: 72704 0x49B5B2D: _dl_catch_exception (dl-error-skeleton.c:196)
         n1: 72704 0x49B5BBD: _dl_catch_error (dl-error-skeleton.c:215)
          n1: 72704 0x487D973: _dlerror_run (dlerror.c:163)
           n1: 72704 0x487D2E4: dlopen@@GLIBC_2.2.5 (dlopen.c:87)
            n1: 72704 0x48666EB: elektraModulesLoad (in /home/jenkins/workspace/build/linux/lib/libelektra-core.so.0.8.26)
             n1: 72704 0x484FD71: elektraPluginOpen (in /home/jenkins/workspace/build/linux/lib/libelektra-kdb.so.0.8.26)
              n0: 72704 0x1091E1: main (in /home/jenkins/workspace/build/linux/bin/benchmark_plugingetset)
 n1: 8356 0x400B2AC: _dl_new_object (dl-object.c:73)
  n1: 8356 0x4005E46: _dl_map_object_from_fd (dl-load.c:1001)
   n2: 8356 0x4008A8B: _dl_map_object (dl-load.c:2466)
    n1: 7158 0x400D290: openaux (dl-deps.c:64)
     n1: 7158 0x49B5B2D: _dl_catch_exception (dl-error-skeleton.c:196)
      n1: 7158 0x400D604: _dl_map_object_deps (dl-deps.c:248)
       n1: 7158 0x401304E: dl_open_worker (dl-open.c:271)
        n1: 7158 0x49B5B2D: _dl_catch_exception (dl-error-skeleton.c:196)
         n1: 7158 0x4012BB8: _dl_open (dl-open.c:599)
          n1: 7158 0x487D254: dlopen_doit (dlopen.c:66)
           n1: 7158 0x49B5B2D: _dl_catch_exception (dl-error-skeleton.c:196)
            n1: 7158 0x49B5BBD: _dl_catch_error (dl-error-skeleton.c:215)
             n1: 7158 0x487D973: _dlerror_run (dlerror.c:163)
              n1: 7158 0x487D2E4: dlopen@@GLIBC_2.2.5 (dlopen.c:87)
               n1: 7158 0x48666EB: elektraModulesLoad (in /home/jenkins/workspace/build/linux/lib/libelektra-core.so.0.8.26)
                n1: 7158 0x484FD71: elektraPluginOpen (in /home/jenkins/workspace/build/linux/lib/libelektra-kdb.so.0.8.26)
                 n0: 7158 0x1091E1: main (in /home/jenkins/workspace/build/linux/bin/benchmark_plugingetset)
    n1: 1198 0x4012FE9: dl_open_worker (dl-open.c:228)
     n1: 1198 0x49B5B2D: _dl_catch_exception (dl-error-skeleton.c:196)
      n1: 1198 0x4012BB8: _dl_open (dl-open.c:599)
       n1: 1198 0x487D254: dlopen_doit (dlopen.c:66)
        n1: 1198 0x49B5B2D: _dl_catch_exception (dl-error-skeleton.c:196)
         n1: 1198 0x49B5BBD: _dl_catch_error (dl-error-skeleton.c:215)
          n1: 1198 0x487D973: _dlerror_run (dlerror.c:163)
           n1: 1198 0x487D2E4: dlopen@@GLIBC_2.2.5 (dlopen.c:87)
            n1: 1198 0x48666EB: elektraModulesLoad (in /home/jenkins/workspace/build/linux/lib/libelektra-core.so.0.8.26)
             n1: 1198 0x484FD71: elektraPluginOpen (in /home/jenkins/workspace/build/linux/lib/libelektra-kdb.so.0.8.26)
              n0: 1198 0x1091E1: main (in /home/jenkins/workspace/build/linux/bin/benchmark_plugingetset)
 n0: 6293 in 77 places, all below massif's threshold (1.00%)
 n2: 4320 0x4E9EDAA: std::vector<YAML::RegEx, std::allocator<YAML::RegEx> >::vector(std::vector<YAML::RegEx, std::allocator<YAML::RegEx> > const&) (in /usr/lib/x86_64-linux-gnu/libyaml-cpp.so.0.6.2)
  n3: 3168 0x4E9EDEE: std::vector<YAML::RegEx, std::allocator<YAML::RegEx> >::vector(std::vector<YAML::RegEx, std::allocator<YAML::RegEx> > const&) (in /usr/lib/x86_64-linux-gnu/libyaml-cpp.so.0.6.2)
   n1: 1632 0x4EA920E: void std::vector<YAML::RegEx, std::allocator<YAML::RegEx> >::_M_realloc_insert<YAML::RegEx const&>(__gnu_cxx::__normal_iterator<YAML::RegEx*, std::vector<YAML::RegEx, std::allocator<YAML::RegEx> > >, YAML::RegEx const&) (in /usr/lib/x86_64-linux-gnu/libyaml-cpp.so.0.6.2)
    n0: 1632 in 5 places, all below massif's threshold (1.00%)
   n1: 1408 0x4E9EDEE: std::vector<YAML::RegEx, std::allocator<YAML::RegEx> >::vector(std::vector<YAML::RegEx, std::allocator<YAML::RegEx> > const&) (in /usr/lib/x86_64-linux-gnu/libyaml-cpp.so.0.6.2)
    n0: 1408 in 3 places, all below massif's threshold (1.00%)
   n0: 128 in 1 place, below massif's threshold (1.00%)
  n0: 1152 in 2 places, all below massif's threshold (1.00%)
 n1: 4064 0x400A095: do_lookup_x (dl-lookup.c:253)
  n1: 4064 0x400A38D: _dl_lookup_symbol_x (dl-lookup.c:814)
   n1: 4064 0x400BD5C: _dl_relocate_object (dl-machine.h:308)
    n1: 4064 0x401319C: dl_open_worker (dl-open.c:377)
     n1: 4064 0x49B5B2D: _dl_catch_exception (dl-error-skeleton.c:196)
      n1: 4064 0x4012BB8: _dl_open (dl-open.c:599)
       n1: 4064 0x487D254: dlopen_doit (dlopen.c:66)
        n1: 4064 0x49B5B2D: _dl_catch_exception (dl-error-skeleton.c:196)
         n1: 4064 0x49B5BBD: _dl_catch_error (dl-error-skeleton.c:215)
          n1: 4064 0x487D973: _dlerror_run (dlerror.c:163)
           n1: 4064 0x487D2E4: dlopen@@GLIBC_2.2.5 (dlopen.c:87)
            n1: 4064 0x48666EB: elektraModulesLoad (in /home/jenkins/workspace/build/linux/lib/libelektra-core.so.0.8.26)
             n1: 4064 0x484FD71: elektraPluginOpen (in /home/jenkins/workspace/build/linux/lib/libelektra-kdb.so.0.8.26)
              n0: 4064 0x1091E1: main (in /home/jenkins/workspace/build/linux/bin/benchmark_plugingetset)
 n1: 2784 0x4010A1E: _dl_check_map_versions (dl-version.c:274)
  n1: 2784 0x4013094: dl_open_worker (dl-open.c:277)
   n1: 2784 0x49B5B2D: _dl_catch_exception (dl-error-skeleton.c:196)
    n1: 2784 0x4012BB8: _dl_open (dl-open.c:599)
     n1: 2784 0x487D254: dlopen_doit (dlopen.c:66)
      n1: 2784 0x49B5B2D: _dl_catch_exception (dl-error-skeleton.c:196)
       n1: 2784 0x49B5BBD: _dl_catch_error (dl-error-skeleton.c:215)
        n1: 2784 0x487D973: _dlerror_run (dlerror.c:163)
         n1: 2784 0x487D2E4: dlopen@@GLIBC_2.2.5 (dlopen.c:87)
          n1: 2784 0x48666EB: elektraModulesLoad (in /home/jenkins/workspace/build/linux/lib/libelektra-core.so.0.8.26)
           n1: 2784 0x484FD71: elektraPluginOpen (in /home/jenkins/workspace/build/linux/lib/libelektra-kdb.so.0.8.26)
            n0: 2784 0x1091E1: main (in /home/jenkins/workspace/build/linux/bin/benchmark_plugingetset)
 n1: 1040 0x48BB075: __new_exitfn (cxa_atexit.c:110)
  n1: 1040 0x48BB116: __internal_atexit (cxa_atexit.c:40)
   n1: 1040 0x4E9D528: ??? (in /usr/lib/x86_64-linux-gnu/libyaml-cpp.so.0.6.2)
    n1: 1040 0x4EAFE77: ??? (in /usr/lib/x86_64-linux-gnu/libyaml-cpp.so.0.6.2)
     n1: 1040 0x4EB0CA3: ??? (in /usr/lib/x86_64-linux-gnu/libyaml-cpp.so.0.6.2)
      n1: 1040 0x4EB0D77: ??? (in /usr/lib/x86_64-linux-gnu/libyaml-cpp.so.0.6.2)
       n1: 1040 0x4EA7F47: YAML::Parser::ParseDirectives() (in /usr/lib/x86_64-linux-gnu/libyaml-cpp.so.0.6.2)
        n1: 1040 0x4EA7F87: YAML::Parser::HandleNextDocument(YAML::EventHandler&) (in /usr/lib/x86_64-linux-gnu/libyaml-cpp.so.0.6.2)
         n1: 1040 0x4EA5842: YAML::Load(std::istream&) (in /usr/lib/x86_64-linux-gnu/libyaml-cpp.so.0.6.2)
          n1: 1040 0x4EA606D: YAML::LoadFile(std::__cxx11::basic_string<char, std::char_traits<char>, std::allocator<char> > const&) (in /usr/lib/x86_64-linux-gnu/libyaml-cpp.so.0.6.2)
           n1: 1040 0x4E50D13: ???
            n1: 1040 0x4E4C4BE: ???
             n0: 1040 0x1091F8: main (in /home/jenkins/workspace/build/linux/bin/benchmark_plugingetset)
 n1: 1024 0x485EBF6: elektraVFormat (in /home/jenkins/workspace/build/linux/lib/libelektra-core.so.0.8.26)
  n1: 1024 0x485ED2A: elektraFormat (in /home/jenkins/workspace/build/linux/lib/libelektra-core.so.0.8.26)
   n0: 1024 in 2 places, all below massif's threshold (1.00%)
#-----------
snapshot=49
#-----------
time=6710555
mem_heap_B=91851
mem_heap_extra_B=1165
mem_stacks_B=0
heap_tree=empty
#-----------
snapshot=50
#-----------
time=6711464
mem_heap_B=90987
mem_heap_extra_B=1061
mem_stacks_B=0
heap_tree=detailed
n7: 90987 (heap allocation functions) malloc/new/new[], --alloc-fns, etc.
 n1: 72704 0x4F75454: ??? (in /usr/lib/x86_64-linux-gnu/libstdc++.so.6.0.25)
  n1: 72704 0x400F378: call_init.part.0 (dl-init.c:72)
   n1: 72704 0x400F474: _dl_init (dl-init.c:118)
    n1: 72704 0x40132D1: dl_open_worker (dl-open.c:517)
     n1: 72704 0x49B5B2D: _dl_catch_exception (dl-error-skeleton.c:196)
      n1: 72704 0x4012BB8: _dl_open (dl-open.c:599)
       n1: 72704 0x487D254: dlopen_doit (dlopen.c:66)
        n1: 72704 0x49B5B2D: _dl_catch_exception (dl-error-skeleton.c:196)
         n1: 72704 0x49B5BBD: _dl_catch_error (dl-error-skeleton.c:215)
          n1: 72704 0x487D973: _dlerror_run (dlerror.c:163)
           n1: 72704 0x487D2E4: dlopen@@GLIBC_2.2.5 (dlopen.c:87)
            n1: 72704 0x48666EB: elektraModulesLoad (in /home/jenkins/workspace/build/linux/lib/libelektra-core.so.0.8.26)
             n1: 72704 0x484FD71: elektraPluginOpen (in /home/jenkins/workspace/build/linux/lib/libelektra-kdb.so.0.8.26)
              n0: 72704 0x1091E1: main (in /home/jenkins/workspace/build/linux/bin/benchmark_plugingetset)
 n1: 4762 0x400B2AC: _dl_new_object (dl-object.c:73)
  n1: 4762 0x4005E46: _dl_map_object_from_fd (dl-load.c:1001)
   n2: 4762 0x4008A8B: _dl_map_object (dl-load.c:2466)
    n1: 4762 0x400D290: openaux (dl-deps.c:64)
     n1: 4762 0x49B5B2D: _dl_catch_exception (dl-error-skeleton.c:196)
      n1: 4762 0x400D604: _dl_map_object_deps (dl-deps.c:248)
       n1: 4762 0x401304E: dl_open_worker (dl-open.c:271)
        n1: 4762 0x49B5B2D: _dl_catch_exception (dl-error-skeleton.c:196)
         n1: 4762 0x4012BB8: _dl_open (dl-open.c:599)
          n1: 4762 0x487D254: dlopen_doit (dlopen.c:66)
           n1: 4762 0x49B5B2D: _dl_catch_exception (dl-error-skeleton.c:196)
            n1: 4762 0x49B5BBD: _dl_catch_error (dl-error-skeleton.c:215)
             n1: 4762 0x487D973: _dlerror_run (dlerror.c:163)
              n1: 4762 0x487D2E4: dlopen@@GLIBC_2.2.5 (dlopen.c:87)
               n1: 4762 0x48666EB: elektraModulesLoad (in /home/jenkins/workspace/build/linux/lib/libelektra-core.so.0.8.26)
                n1: 4762 0x484FD71: elektraPluginOpen (in /home/jenkins/workspace/build/linux/lib/libelektra-kdb.so.0.8.26)
                 n0: 4762 0x1091E1: main (in /home/jenkins/workspace/build/linux/bin/benchmark_plugingetset)
    n0: 0 in 1 place, below massif's threshold (1.00%)
 n1: 4064 0x400A095: do_lookup_x (dl-lookup.c:253)
  n1: 4064 0x400A38D: _dl_lookup_symbol_x (dl-lookup.c:814)
   n1: 4064 0x400BD5C: _dl_relocate_object (dl-machine.h:308)
    n1: 4064 0x401319C: dl_open_worker (dl-open.c:377)
     n1: 4064 0x49B5B2D: _dl_catch_exception (dl-error-skeleton.c:196)
      n1: 4064 0x4012BB8: _dl_open (dl-open.c:599)
       n1: 4064 0x487D254: dlopen_doit (dlopen.c:66)
        n1: 4064 0x49B5B2D: _dl_catch_exception (dl-error-skeleton.c:196)
         n1: 4064 0x49B5BBD: _dl_catch_error (dl-error-skeleton.c:215)
          n1: 4064 0x487D973: _dlerror_run (dlerror.c:163)
           n1: 4064 0x487D2E4: dlopen@@GLIBC_2.2.5 (dlopen.c:87)
            n1: 4064 0x48666EB: elektraModulesLoad (in /home/jenkins/workspace/build/linux/lib/libelektra-core.so.0.8.26)
             n1: 4064 0x484FD71: elektraPluginOpen (in /home/jenkins/workspace/build/linux/lib/libelektra-kdb.so.0.8.26)
              n0: 4064 0x1091E1: main (in /home/jenkins/workspace/build/linux/bin/benchmark_plugingetset)
 n2: 3424 0x4E9EDAA: std::vector<YAML::RegEx, std::allocator<YAML::RegEx> >::vector(std::vector<YAML::RegEx, std::allocator<YAML::RegEx> > const&) (in /usr/lib/x86_64-linux-gnu/libyaml-cpp.so.0.6.2)
  n3: 2656 0x4E9EDEE: std::vector<YAML::RegEx, std::allocator<YAML::RegEx> >::vector(std::vector<YAML::RegEx, std::allocator<YAML::RegEx> > const&) (in /usr/lib/x86_64-linux-gnu/libyaml-cpp.so.0.6.2)
   n1: 1568 0x4EA920E: void std::vector<YAML::RegEx, std::allocator<YAML::RegEx> >::_M_realloc_insert<YAML::RegEx const&>(__gnu_cxx::__normal_iterator<YAML::RegEx*, std::vector<YAML::RegEx, std::allocator<YAML::RegEx> > >, YAML::RegEx const&) (in /usr/lib/x86_64-linux-gnu/libyaml-cpp.so.0.6.2)
    n0: 1568 in 5 places, all below massif's threshold (1.00%)
   n1: 1024 0x4E9EDEE: std::vector<YAML::RegEx, std::allocator<YAML::RegEx> >::vector(std::vector<YAML::RegEx, std::allocator<YAML::RegEx> > const&) (in /usr/lib/x86_64-linux-gnu/libyaml-cpp.so.0.6.2)
    n0: 1024 in 3 places, all below massif's threshold (1.00%)
   n0: 64 in 1 place, below massif's threshold (1.00%)
  n0: 768 in 2 places, all below massif's threshold (1.00%)
 n0: 2641 in 79 places, all below massif's threshold (1.00%)
 n1: 2352 0x4010A1E: _dl_check_map_versions (dl-version.c:274)
  n1: 2352 0x4013094: dl_open_worker (dl-open.c:277)
   n1: 2352 0x49B5B2D: _dl_catch_exception (dl-error-skeleton.c:196)
    n1: 2352 0x4012BB8: _dl_open (dl-open.c:599)
     n1: 2352 0x487D254: dlopen_doit (dlopen.c:66)
      n1: 2352 0x49B5B2D: _dl_catch_exception (dl-error-skeleton.c:196)
       n1: 2352 0x49B5BBD: _dl_catch_error (dl-error-skeleton.c:215)
        n1: 2352 0x487D973: _dlerror_run (dlerror.c:163)
         n1: 2352 0x487D2E4: dlopen@@GLIBC_2.2.5 (dlopen.c:87)
          n1: 2352 0x48666EB: elektraModulesLoad (in /home/jenkins/workspace/build/linux/lib/libelektra-core.so.0.8.26)
           n1: 2352 0x484FD71: elektraPluginOpen (in /home/jenkins/workspace/build/linux/lib/libelektra-kdb.so.0.8.26)
            n0: 2352 0x1091E1: main (in /home/jenkins/workspace/build/linux/bin/benchmark_plugingetset)
 n1: 1040 0x48BB075: __new_exitfn (cxa_atexit.c:110)
  n1: 1040 0x48BB116: __internal_atexit (cxa_atexit.c:40)
   n1: 1040 0x4E9D528: ??? (in /usr/lib/x86_64-linux-gnu/libyaml-cpp.so.0.6.2)
    n1: 1040 0x4EAFE77: ??? (in /usr/lib/x86_64-linux-gnu/libyaml-cpp.so.0.6.2)
     n1: 1040 0x4EB0CA3: ??? (in /usr/lib/x86_64-linux-gnu/libyaml-cpp.so.0.6.2)
      n1: 1040 0x4EB0D77: ??? (in /usr/lib/x86_64-linux-gnu/libyaml-cpp.so.0.6.2)
       n1: 1040 0x4EA7F47: YAML::Parser::ParseDirectives() (in /usr/lib/x86_64-linux-gnu/libyaml-cpp.so.0.6.2)
        n1: 1040 0x4EA7F87: YAML::Parser::HandleNextDocument(YAML::EventHandler&) (in /usr/lib/x86_64-linux-gnu/libyaml-cpp.so.0.6.2)
         n1: 1040 0x4EA5842: YAML::Load(std::istream&) (in /usr/lib/x86_64-linux-gnu/libyaml-cpp.so.0.6.2)
          n1: 1040 0x4EA606D: YAML::LoadFile(std::__cxx11::basic_string<char, std::char_traits<char>, std::allocator<char> > const&) (in /usr/lib/x86_64-linux-gnu/libyaml-cpp.so.0.6.2)
           n1: 1040 0x4E50D13: ???
            n1: 1040 0x4E4C4BE: ???
             n0: 1040 0x1091F8: main (in /home/jenkins/workspace/build/linux/bin/benchmark_plugingetset)
#-----------
snapshot=51
#-----------
time=6712363
mem_heap_B=90155
mem_heap_extra_B=957
mem_stacks_B=0
heap_tree=empty
#-----------
snapshot=52
#-----------
time=6713529
mem_heap_B=89003
mem_heap_extra_B=869
mem_stacks_B=0
heap_tree=empty
#-----------
snapshot=53
#-----------
time=6714443
mem_heap_B=88235
mem_heap_extra_B=773
mem_stacks_B=0
heap_tree=empty
#-----------
snapshot=54
#-----------
time=6715357
mem_heap_B=87403
mem_heap_extra_B=669
mem_stacks_B=0
heap_tree=empty
#-----------
snapshot=55
#-----------
time=6716250
mem_heap_B=86635
mem_heap_extra_B=581
mem_stacks_B=0
heap_tree=empty
#-----------
snapshot=56
#-----------
time=6717256
mem_heap_B=84891
mem_heap_extra_B=485
mem_stacks_B=0
heap_tree=empty
#-----------
snapshot=57
#-----------
time=6718328
mem_heap_B=84759
mem_heap_extra_B=385
mem_stacks_B=0
heap_tree=empty
#-----------
snapshot=58
#-----------
time=6727120
mem_heap_B=84590
mem_heap_extra_B=322
mem_stacks_B=0
heap_tree=empty
