desc: --massif-out-file=results/generated_50000_yambi_linux_gcc8.3.0.out
cmd: build/linux/bin/benchmark_plugingetset benchmarks/data/generated_50000 user yambi get
time_unit: i
#-----------
snapshot=0
#-----------
time=0
mem_heap_B=0
mem_heap_extra_B=0
mem_stacks_B=0
heap_tree=empty
#-----------
snapshot=1
#-----------
time=13829507
mem_heap_B=51546485
mem_heap_extra_B=8379
mem_stacks_B=0
heap_tree=empty
#-----------
snapshot=2
#-----------
time=124087612
mem_heap_B=51546485
mem_heap_extra_B=8379
mem_stacks_B=0
heap_tree=detailed
n4: 51546485 (heap allocation functions) malloc/new/new[], --alloc-fns, etc.
 n1: 45003224 0x4E583B0: ???
  n1: 45003224 0x4E57988: ???
   n1: 45003224 0x4E51FF0: ???
    n1: 45003224 0x4E4E6DA: ???
     n1: 45003224 0x4E4A750: ???
      n1: 45003224 0x4E560E2: ???
       n0: 45003224 0x1091F8: main (in /home/jenkins/workspace/build/linux/bin/benchmark_plugingetset)
 n1: 4194305 0x4F922AB: std::__cxx11::basic_string<char, std::char_traits<char>, std::allocator<char> >::reserve(unsigned long) (in /usr/lib/x86_64-linux-gnu/libstdc++.so.6.0.25)
  n1: 4194305 0x4F86723: std::__cxx11::basic_stringbuf<char, std::char_traits<char>, std::allocator<char> >::overflow(int) (in /usr/lib/x86_64-linux-gnu/libstdc++.so.6.0.25)
   n1: 4194305 0x4F908A9: std::basic_streambuf<char, std::char_traits<char> >::xsputn(char const*, long) (in /usr/lib/x86_64-linux-gnu/libstdc++.so.6.0.25)
    n1: 4194305 0x4F1F8B3: long std::__copy_streambufs_eof<char, std::char_traits<char> >(std::basic_streambuf<char, std::char_traits<char> >*, std::basic_streambuf<char, std::char_traits<char> >*, bool&) (in /usr/lib/x86_64-linux-gnu/libstdc++.so.6.0.25)
     n1: 4194305 0x4F81416: std::ostream::operator<<(std::basic_streambuf<char, std::char_traits<char> >*) (in /usr/lib/x86_64-linux-gnu/libstdc++.so.6.0.25)
      n1: 4194305 0x4E575FD: ???
       n1: 4194305 0x4E51FF0: ???
        n1: 4194305 0x4E4E6DA: ???
         n1: 4194305 0x4E4A750: ???
          n1: 4194305 0x4E560E2: ???
           n0: 4194305 0x1091F8: main (in /home/jenkins/workspace/build/linux/bin/benchmark_plugingetset)
 n1: 2250162 0x4F91DC9: std::__cxx11::basic_string<char, std::char_traits<char>, std::allocator<char> >::_M_mutate(unsigned long, unsigned long, char const*, unsigned long) (in /usr/lib/x86_64-linux-gnu/libstdc++.so.6.0.25)
  n1: 2250162 0x4F92B79: std::__cxx11::basic_string<char, std::char_traits<char>, std::allocator<char> >::_M_replace(unsigned long, unsigned long, char const*, unsigned long) (in /usr/lib/x86_64-linux-gnu/libstdc++.so.6.0.25)
   n1: 2250162 0x4E578DD: ???
    n1: 2250162 0x4E51FF0: ???
     n1: 2250162 0x4E4E6DA: ???
      n1: 2250162 0x4E4A750: ???
       n1: 2250162 0x4E560E2: ???
        n0: 2250162 0x1091F8: main (in /home/jenkins/workspace/build/linux/bin/benchmark_plugingetset)
 n0: 98794 in 35 places, all below massif's threshold (1.00%)
#-----------
snapshot=3
#-----------
time=133666269
mem_heap_B=45190253
mem_heap_extra_B=10459
mem_stacks_B=0
heap_tree=empty
#-----------
snapshot=4
#-----------
time=148539111
mem_heap_B=45301654
mem_heap_extra_B=19106
mem_stacks_B=0
heap_tree=empty
#-----------
snapshot=5
#-----------
time=170640587
mem_heap_B=45473207
mem_heap_extra_B=33505
mem_stacks_B=0
heap_tree=empty
#-----------
snapshot=6
#-----------
time=184032788
mem_heap_B=45563822
mem_heap_extra_B=41474
mem_stacks_B=0
heap_tree=empty
#-----------
snapshot=7
#-----------
time=194556195
mem_heap_B=45640120
mem_heap_extra_B=49192
mem_stacks_B=0
heap_tree=empty
#-----------
snapshot=8
#-----------
time=207044224
mem_heap_B=45745709
mem_heap_extra_B=57003
mem_stacks_B=0
heap_tree=empty
#-----------
snapshot=9
#-----------
time=222859521
mem_heap_B=45855349
mem_heap_extra_B=65939
mem_stacks_B=0
heap_tree=empty
#-----------
snapshot=10
#-----------
time=237789886
mem_heap_B=45956555
mem_heap_extra_B=74813
mem_stacks_B=0
heap_tree=empty
#-----------
snapshot=11
#-----------
time=257672941
mem_heap_B=46117861
mem_heap_extra_B=87675
mem_stacks_B=0
heap_tree=empty
#-----------
snapshot=12
#-----------
time=274710190
mem_heap_B=46227447
mem_heap_extra_B=97801
mem_stacks_B=0
heap_tree=empty
#-----------
snapshot=13
#-----------
time=284651803
mem_heap_B=46312142
mem_heap_extra_B=103746
mem_stacks_B=0
heap_tree=empty
#-----------
snapshot=14
#-----------
time=298856462
mem_heap_B=46408820
mem_heap_extra_B=112044
mem_stacks_B=0
heap_tree=empty
#-----------
snapshot=15
#-----------
time=310115737
mem_heap_B=46489198
mem_heap_extra_B=120010
mem_stacks_B=0
heap_tree=empty
#-----------
snapshot=16
#-----------
time=325883059
mem_heap_B=46590638
mem_heap_extra_B=128386
mem_stacks_B=0
heap_tree=detailed
n3: 46590638 (heap allocation functions) malloc/new/new[], --alloc-fns, etc.
 n1: 45003224 0x4E583B0: ???
  n1: 45003224 0x4E57988: ???
   n1: 45003224 0x4E51FF0: ???
    n1: 45003224 0x4E4E6DA: ???
     n1: 45003224 0x4E4A750: ???
      n1: 45003224 0x4E560E2: ???
       n0: 45003224 0x1091F8: main (in /home/jenkins/workspace/build/linux/bin/benchmark_plugingetset)
 n2: 1205526 0x485EAE2: elektraRealloc (in /home/jenkins/workspace/build/linux/lib/libelektra-core.so.0.8.26)
  n2: 1172712 0x4860B6F: keyAddBaseName (in /home/jenkins/workspace/build/linux/lib/libelektra-core.so.0.8.26)
   n1: 1172654 0x4E4CE93: ???
    n1: 1172654 0x4E5ABAC: ???
     n1: 1172654 0x4E4E701: ???
      n1: 1172654 0x4E4A750: ???
       n1: 1172654 0x4E560E2: ???
        n0: 1172654 0x1091F8: main (in /home/jenkins/workspace/build/linux/bin/benchmark_plugingetset)
   n0: 58 in 1 place, below massif's threshold (1.00%)
  n0: 32814 in 2 places, all below massif's threshold (1.00%)
 n0: 381888 in 58 places, all below massif's threshold (1.00%)
#-----------
snapshot=17
#-----------
time=337146820
mem_heap_B=46666610
mem_heap_extra_B=134718
mem_stacks_B=0
heap_tree=empty
#-----------
snapshot=18
#-----------
time=352903005
mem_heap_B=46784082
mem_heap_extra_B=143822
mem_stacks_B=0
heap_tree=empty
#-----------
snapshot=19
#-----------
time=361910013
mem_heap_B=46846757
mem_heap_extra_B=149411
mem_stacks_B=0
heap_tree=empty
#-----------
snapshot=20
#-----------
time=382172835
mem_heap_B=46982443
mem_heap_extra_B=161917
mem_stacks_B=0
heap_tree=empty
#-----------
snapshot=21
#-----------
time=404684044
mem_heap_B=47140314
mem_heap_extra_B=174934
mem_stacks_B=0
heap_tree=empty
#-----------
snapshot=22
#-----------
time=418273858
mem_heap_B=47238453
mem_heap_extra_B=182147
mem_stacks_B=0
heap_tree=detailed
n3: 47238453 (heap allocation functions) malloc/new/new[], --alloc-fns, etc.
 n1: 45003224 0x4E583B0: ???
  n1: 45003224 0x4E57988: ???
   n1: 45003224 0x4E51FF0: ???
    n1: 45003224 0x4E4E6DA: ???
     n1: 45003224 0x4E4A750: ???
      n1: 45003224 0x4E560E2: ???
       n0: 45003224 0x1091F8: main (in /home/jenkins/workspace/build/linux/bin/benchmark_plugingetset)
 n2: 1739148 0x485EAE2: elektraRealloc (in /home/jenkins/workspace/build/linux/lib/libelektra-core.so.0.8.26)
  n2: 1706334 0x4860B6F: keyAddBaseName (in /home/jenkins/workspace/build/linux/lib/libelektra-core.so.0.8.26)
   n1: 1706276 0x4E4CE93: ???
    n1: 1706276 0x4E5ABAC: ???
     n1: 1706276 0x4E4E701: ???
      n1: 1706276 0x4E4A750: ???
       n1: 1706276 0x4E560E2: ???
        n0: 1706276 0x1091F8: main (in /home/jenkins/workspace/build/linux/bin/benchmark_plugingetset)
   n0: 58 in 1 place, below massif's threshold (1.00%)
  n0: 32814 in 2 places, all below massif's threshold (1.00%)
 n0: 496081 in 58 places, all below massif's threshold (1.00%)
#-----------
snapshot=23
#-----------
time=428524791
mem_heap_B=47309539
mem_heap_extra_B=189293
mem_stacks_B=0
heap_tree=empty
#-----------
snapshot=24
#-----------
time=442192493
mem_heap_B=47410130
mem_heap_extra_B=197150
mem_stacks_B=0
heap_tree=empty
#-----------
snapshot=25
#-----------
time=452440819
mem_heap_B=47516742
mem_heap_extra_B=204178
mem_stacks_B=0
heap_tree=detailed
n3: 47516742 (heap allocation functions) malloc/new/new[], --alloc-fns, etc.
 n1: 45003224 0x4E583B0: ???
  n1: 45003224 0x4E57988: ???
   n1: 45003224 0x4E51FF0: ???
    n1: 45003224 0x4E4E6DA: ???
     n1: 45003224 0x4E4A750: ???
      n1: 45003224 0x4E560E2: ???
       n0: 45003224 0x1091F8: main (in /home/jenkins/workspace/build/linux/bin/benchmark_plugingetset)
 n2: 1971396 0x485EAE2: elektraRealloc (in /home/jenkins/workspace/build/linux/lib/libelektra-core.so.0.8.26)
  n2: 1905814 0x4860B6F: keyAddBaseName (in /home/jenkins/workspace/build/linux/lib/libelektra-core.so.0.8.26)
   n1: 1905756 0x4E4CE93: ???
    n1: 1905756 0x4E5ABAC: ???
     n1: 1905756 0x4E4E701: ???
      n1: 1905756 0x4E4A750: ???
       n1: 1905756 0x4E560E2: ???
        n0: 1905756 0x1091F8: main (in /home/jenkins/workspace/build/linux/bin/benchmark_plugingetset)
   n0: 58 in 1 place, below massif's threshold (1.00%)
  n0: 65582 in 2 places, all below massif's threshold (1.00%)
 n0: 542122 in 58 places, all below massif's threshold (1.00%)
#-----------
snapshot=26
#-----------
time=466106966
mem_heap_B=47609820
mem_heap_extra_B=212836
mem_stacks_B=0
heap_tree=empty
#-----------
snapshot=27
#-----------
time=479772396
mem_heap_B=47709463
mem_heap_extra_B=221905
mem_stacks_B=0
heap_tree=empty
#-----------
snapshot=28
#-----------
time=500269616
mem_heap_B=47855361
mem_heap_extra_B=234327
mem_stacks_B=0
heap_tree=empty
#-----------
snapshot=29
#-----------
time=513934928
mem_heap_B=47952015
mem_heap_extra_B=243145
mem_stacks_B=0
heap_tree=empty
#-----------
snapshot=30
#-----------
time=531019771
mem_heap_B=48079064
mem_heap_extra_B=253768
mem_stacks_B=0
heap_tree=empty
#-----------
snapshot=31
#-----------
time=544686304
mem_heap_B=48169823
mem_heap_extra_B=262137
mem_stacks_B=0
heap_tree=empty
#-----------
snapshot=32
#-----------
time=554937927
mem_heap_B=48238450
mem_heap_extra_B=268926
mem_stacks_B=0
heap_tree=detailed
n3: 48238450 (heap allocation functions) malloc/new/new[], --alloc-fns, etc.
 n1: 45003224 0x4E583B0: ???
  n1: 45003224 0x4E57988: ???
   n1: 45003224 0x4E51FF0: ???
    n1: 45003224 0x4E4E6DA: ???
     n1: 45003224 0x4E4A750: ???
      n1: 45003224 0x4E560E2: ???
       n0: 45003224 0x1091F8: main (in /home/jenkins/workspace/build/linux/bin/benchmark_plugingetset)
 n2: 2555298 0x485EAE2: elektraRealloc (in /home/jenkins/workspace/build/linux/lib/libelektra-core.so.0.8.26)
  n2: 2489716 0x4860B6F: keyAddBaseName (in /home/jenkins/workspace/build/linux/lib/libelektra-core.so.0.8.26)
   n1: 2489658 0x4E4CE93: ???
    n1: 2489658 0x4E5ABAC: ???
     n1: 2489658 0x4E4E701: ???
      n1: 2489658 0x4E4A750: ???
       n1: 2489658 0x4E560E2: ???
        n0: 2489658 0x1091F8: main (in /home/jenkins/workspace/build/linux/bin/benchmark_plugingetset)
   n0: 58 in 1 place, below massif's threshold (1.00%)
  n0: 65582 in 2 places, all below massif's threshold (1.00%)
 n0: 679928 in 58 places, all below massif's threshold (1.00%)
#-----------
snapshot=33
#-----------
time=568601789
mem_heap_B=48332243
mem_heap_extra_B=276253
mem_stacks_B=0
heap_tree=empty
#-----------
snapshot=34
#-----------
time=582272219
mem_heap_B=48430427
mem_heap_extra_B=284237
mem_stacks_B=0
heap_tree=empty
#-----------
snapshot=35
#-----------
time=605008947
mem_heap_B=48583872
mem_heap_extra_B=298288
mem_stacks_B=0
heap_tree=empty
#-----------
snapshot=36
#-----------
time=627747972
mem_heap_B=48750818
mem_heap_extra_B=312166
mem_stacks_B=0
heap_tree=empty
#-----------
snapshot=37
#-----------
time=644801870
mem_heap_B=48874430
mem_heap_extra_B=322450
mem_stacks_B=0
heap_tree=empty
#-----------
snapshot=38
#-----------
time=661853950
mem_heap_B=48998533
mem_heap_extra_B=333363
mem_stacks_B=0
heap_tree=empty
#-----------
snapshot=39
#-----------
time=684592857
mem_heap_B=49156790
mem_heap_extra_B=346666
mem_stacks_B=0
heap_tree=empty
#-----------
snapshot=40
#-----------
time=695971796
mem_heap_B=49253109
mem_heap_extra_B=353739
mem_stacks_B=0
heap_tree=empty
#-----------
snapshot=41
#-----------
time=718710432
mem_heap_B=49389455
mem_heap_extra_B=367961
mem_stacks_B=0
heap_tree=empty
#-----------
snapshot=42
#-----------
time=735765907
mem_heap_B=49526166
mem_heap_extra_B=378554
mem_stacks_B=0
heap_tree=empty
#-----------
snapshot=43
#-----------
time=752819506
mem_heap_B=49630433
mem_heap_extra_B=387991
mem_stacks_B=0
heap_tree=empty
#-----------
snapshot=44
#-----------
time=775561530
mem_heap_B=49849209
mem_heap_extra_B=401751
mem_stacks_B=0
heap_tree=empty
#-----------
snapshot=45
#-----------
time=798305349
mem_heap_B=50007664
mem_heap_extra_B=414872
mem_stacks_B=0
heap_tree=empty
#-----------
snapshot=46
#-----------
time=815359629
mem_heap_B=50123045
mem_heap_extra_B=425291
mem_stacks_B=0
heap_tree=empty
#-----------
snapshot=47
#-----------
time=832416833
mem_heap_B=50241204
mem_heap_extra_B=435884
mem_stacks_B=0
heap_tree=empty
#-----------
snapshot=48
#-----------
time=843788862
mem_heap_B=50313591
mem_heap_extra_B=442577
mem_stacks_B=0
heap_tree=empty
#-----------
snapshot=49
#-----------
time=866524462
mem_heap_B=50468363
mem_heap_extra_B=455197
mem_stacks_B=0
heap_tree=empty
#-----------
snapshot=50
#-----------
time=875531559
mem_heap_B=50524755
mem_heap_extra_B=460341
mem_stacks_B=0
heap_tree=empty
#-----------
snapshot=51
#-----------
time=884543241
mem_heap_B=50584551
mem_heap_extra_B=465361
mem_stacks_B=0
heap_tree=detailed
n4: 50584551 (heap allocation functions) malloc/new/new[], --alloc-fns, etc.
 n1: 45003224 0x4E583B0: ???
  n1: 45003224 0x4E57988: ???
   n1: 45003224 0x4E51FF0: ???
    n1: 45003224 0x4E4E6DA: ???
     n1: 45003224 0x4E4A750: ???
      n1: 45003224 0x4E560E2: ???
       n0: 45003224 0x1091F8: main (in /home/jenkins/workspace/build/linux/bin/benchmark_plugingetset)
 n2: 4484370 0x485EAE2: elektraRealloc (in /home/jenkins/workspace/build/linux/lib/libelektra-core.so.0.8.26)
  n2: 4353252 0x4860B6F: keyAddBaseName (in /home/jenkins/workspace/build/linux/lib/libelektra-core.so.0.8.26)
   n1: 4353194 0x4E4CE93: ???
    n1: 4353194 0x4E5ABAC: ???
     n1: 4353194 0x4E4E701: ???
      n1: 4353194 0x4E4A750: ???
       n1: 4353194 0x4E560E2: ???
        n0: 4353194 0x1091F8: main (in /home/jenkins/workspace/build/linux/bin/benchmark_plugingetset)
   n0: 58 in 1 place, below massif's threshold (1.00%)
  n0: 131118 in 2 places, all below massif's threshold (1.00%)
 n2: 619968 0x485F3A2: keyVNew (in /home/jenkins/workspace/build/linux/lib/libelektra-core.so.0.8.26)
  n1: 619776 0x4E4ECCF: ???
   n1: 619776 0x4E4CE66: ???
    n1: 619776 0x4E5ABAC: ???
     n1: 619776 0x4E4E701: ???
      n1: 619776 0x4E4A750: ???
       n1: 619776 0x4E560E2: ???
        n0: 619776 0x1091F8: main (in /home/jenkins/workspace/build/linux/bin/benchmark_plugingetset)
  n0: 192 in 1 place, below massif's threshold (1.00%)
 n0: 476989 in 57 places, all below massif's threshold (1.00%)
#-----------
snapshot=52
#-----------
time=893552479
mem_heap_B=50649744
mem_heap_extra_B=471272
mem_stacks_B=0
heap_tree=empty
#-----------
snapshot=53
#-----------
time=902560377
mem_heap_B=50712610
mem_heap_extra_B=477414
mem_stacks_B=0
heap_tree=empty
#-----------
snapshot=54
#-----------
time=911567574
mem_heap_B=50768620
mem_heap_extra_B=482828
mem_stacks_B=0
heap_tree=empty
#-----------
snapshot=55
#-----------
time=920574851
mem_heap_B=50832366
mem_heap_extra_B=488066
mem_stacks_B=0
heap_tree=empty
#-----------
snapshot=56
#-----------
time=929581928
mem_heap_B=50893044
mem_heap_extra_B=493340
mem_stacks_B=0
heap_tree=empty
#-----------
snapshot=57
#-----------
time=938595368
mem_heap_B=50959440
mem_heap_extra_B=497960
mem_stacks_B=0
heap_tree=empty
#-----------
snapshot=58
#-----------
time=947603068
mem_heap_B=51013696
mem_heap_extra_B=502176
mem_stacks_B=0
heap_tree=empty
#-----------
snapshot=59
#-----------
time=956611712
mem_heap_B=51075384
mem_heap_extra_B=507904
mem_stacks_B=0
heap_tree=empty
#-----------
snapshot=60
#-----------
time=965618913
mem_heap_B=51135724
mem_heap_extra_B=513020
mem_stacks_B=0
heap_tree=empty
#-----------
snapshot=61
#-----------
time=974628629
mem_heap_B=51194699
mem_heap_extra_B=518685
mem_stacks_B=0
heap_tree=detailed
n4: 51194699 (heap allocation functions) malloc/new/new[], --alloc-fns, etc.
 n1: 45003224 0x4E583B0: ???
  n1: 45003224 0x4E57988: ???
   n1: 45003224 0x4E51FF0: ???
    n1: 45003224 0x4E4E6DA: ???
     n1: 45003224 0x4E4A750: ???
      n1: 45003224 0x4E560E2: ???
       n0: 45003224 0x1091F8: main (in /home/jenkins/workspace/build/linux/bin/benchmark_plugingetset)
 n2: 4981122 0x485EAE2: elektraRealloc (in /home/jenkins/workspace/build/linux/lib/libelektra-core.so.0.8.26)
  n2: 4850004 0x4860B6F: keyAddBaseName (in /home/jenkins/workspace/build/linux/lib/libelektra-core.so.0.8.26)
   n1: 4849946 0x4E4CE93: ???
    n1: 4849946 0x4E5ABAC: ???
     n1: 4849946 0x4E4E701: ???
      n1: 4849946 0x4E4A750: ???
       n1: 4849946 0x4E560E2: ???
        n0: 4849946 0x1091F8: main (in /home/jenkins/workspace/build/linux/bin/benchmark_plugingetset)
   n0: 58 in 1 place, below massif's threshold (1.00%)
  n0: 131118 in 2 places, all below massif's threshold (1.00%)
 n2: 691776 0x485F3A2: keyVNew (in /home/jenkins/workspace/build/linux/lib/libelektra-core.so.0.8.26)
  n1: 691584 0x4E4ECCF: ???
   n1: 691584 0x4E4CE66: ???
    n1: 691584 0x4E5ABAC: ???
     n1: 691584 0x4E4E701: ???
      n1: 691584 0x4E4A750: ???
       n1: 691584 0x4E560E2: ???
        n0: 691584 0x1091F8: main (in /home/jenkins/workspace/build/linux/bin/benchmark_plugingetset)
  n0: 192 in 1 place, below massif's threshold (1.00%)
 n0: 518577 in 57 places, all below massif's threshold (1.00%)
#-----------
snapshot=62
#-----------
time=983637693
mem_heap_B=51257284
mem_heap_extra_B=524148
mem_stacks_B=0
heap_tree=empty
#-----------
snapshot=63
#-----------
time=992644814
mem_heap_B=51325556
mem_heap_extra_B=529156
mem_stacks_B=0
heap_tree=empty
#-----------
snapshot=64
#-----------
time=1001651900
mem_heap_B=51385024
mem_heap_extra_B=533944
mem_stacks_B=0
heap_tree=empty
#-----------
snapshot=65
#-----------
time=1010659519
mem_heap_B=51447547
mem_heap_extra_B=539269
mem_stacks_B=0
heap_tree=empty
#-----------
snapshot=66
#-----------
time=1019669253
mem_heap_B=51508929
mem_heap_extra_B=544383
mem_stacks_B=0
heap_tree=empty
#-----------
snapshot=67
#-----------
time=1021332086
mem_heap_B=51526335
mem_heap_extra_B=545329
mem_stacks_B=0
heap_tree=peak
n4: 51526335 (heap allocation functions) malloc/new/new[], --alloc-fns, etc.
 n1: 45003224 0x4E583B0: ???
  n1: 45003224 0x4E57988: ???
   n1: 45003224 0x4E51FF0: ???
    n1: 45003224 0x4E4E6DA: ???
     n1: 45003224 0x4E4A750: ???
      n1: 45003224 0x4E560E2: ???
       n0: 45003224 0x1091F8: main (in /home/jenkins/workspace/build/linux/bin/benchmark_plugingetset)
 n2: 5255504 0x485EAE2: elektraRealloc (in /home/jenkins/workspace/build/linux/lib/libelektra-core.so.0.8.26)
  n2: 5123246 0x4860B6F: keyAddBaseName (in /home/jenkins/workspace/build/linux/lib/libelektra-core.so.0.8.26)
   n1: 5123188 0x4E4CE93: ???
    n1: 5123188 0x4E5ABAC: ???
     n1: 5123188 0x4E4E701: ???
      n1: 5123188 0x4E4A750: ???
       n1: 5123188 0x4E560E2: ???
        n0: 5123188 0x1091F8: main (in /home/jenkins/workspace/build/linux/bin/benchmark_plugingetset)
   n0: 58 in 1 place, below massif's threshold (1.00%)
  n0: 132258 in 2 places, all below massif's threshold (1.00%)
 n2: 728064 0x485F3A2: keyVNew (in /home/jenkins/workspace/build/linux/lib/libelektra-core.so.0.8.26)
  n1: 727872 0x4E4ECCF: ???
   n1: 727872 0x4E4CE66: ???
    n1: 727872 0x4E5ABAC: ???
     n1: 727872 0x4E4E701: ???
      n1: 727872 0x4E4A750: ???
       n1: 727872 0x4E560E2: ???
        n0: 727872 0x1091F8: main (in /home/jenkins/workspace/build/linux/bin/benchmark_plugingetset)
  n0: 192 in 1 place, below massif's threshold (1.00%)
 n0: 539543 in 57 places, all below massif's threshold (1.00%)
#-----------
snapshot=68
#-----------
time=1030339395
mem_heap_B=51576654
mem_heap_extra_B=550210
mem_stacks_B=0
heap_tree=empty
