desc: --massif-out-file=results/generated_10_yamlcpp_linux_clang6.0.1.out
cmd: build/linux/bin/benchmark_plugingetset benchmarks/data/generated_10 user yamlcpp get
time_unit: i
#-----------
snapshot=0
#-----------
time=0
mem_heap_B=0
mem_heap_extra_B=0
mem_stacks_B=0
heap_tree=empty
#-----------
snapshot=1
#-----------
time=204382
mem_heap_B=64
mem_heap_extra_B=8
mem_stacks_B=0
heap_tree=empty
#-----------
snapshot=2
#-----------
time=217880
mem_heap_B=1325
mem_heap_extra_B=51
mem_stacks_B=0
heap_tree=empty
#-----------
snapshot=3
#-----------
time=243207
mem_heap_B=1893
mem_heap_extra_B=123
mem_stacks_B=0
heap_tree=empty
#-----------
snapshot=4
#-----------
time=267265
mem_heap_B=3430
mem_heap_extra_B=218
mem_stacks_B=0
heap_tree=empty
#-----------
snapshot=5
#-----------
time=288945
mem_heap_B=7504
mem_heap_extra_B=344
mem_stacks_B=0
heap_tree=empty
#-----------
snapshot=6
#-----------
time=303379
mem_heap_B=10022
mem_heap_extra_B=434
mem_stacks_B=0
heap_tree=empty
#-----------
snapshot=7
#-----------
time=322061
mem_heap_B=11480
mem_heap_extra_B=520
mem_stacks_B=0
heap_tree=empty
#-----------
snapshot=8
#-----------
time=347768
mem_heap_B=12088
mem_heap_extra_B=592
mem_stacks_B=0
heap_tree=empty
#-----------
snapshot=9
#-----------
time=368929
mem_heap_B=14632
mem_heap_extra_B=656
mem_stacks_B=0
heap_tree=empty
#-----------
snapshot=10
#-----------
time=926090
mem_heap_B=15624
mem_heap_extra_B=664
mem_stacks_B=0
heap_tree=empty
#-----------
snapshot=11
#-----------
time=1012335
mem_heap_B=17576
mem_heap_extra_B=672
mem_stacks_B=0
heap_tree=empty
#-----------
snapshot=12
#-----------
time=1013218
mem_heap_B=16584
mem_heap_extra_B=664
mem_stacks_B=0
heap_tree=empty
#-----------
snapshot=13
#-----------
time=3457652
mem_heap_B=20648
mem_heap_extra_B=672
mem_stacks_B=0
heap_tree=empty
#-----------
snapshot=14
#-----------
time=3459283
mem_heap_B=18696
mem_heap_extra_B=664
mem_stacks_B=0
heap_tree=empty
#-----------
snapshot=15
#-----------
time=6039868
mem_heap_B=91400
mem_heap_extra_B=672
mem_stacks_B=0
heap_tree=empty
#-----------
snapshot=16
#-----------
time=6086784
mem_heap_B=91417
mem_heap_extra_B=695
mem_stacks_B=0
heap_tree=empty
#-----------
snapshot=17
#-----------
time=6112586
mem_heap_B=92376
mem_heap_extra_B=880
mem_stacks_B=0
heap_tree=empty
#-----------
snapshot=18
#-----------
time=6125852
mem_heap_B=108536
mem_heap_extra_B=1280
mem_stacks_B=0
heap_tree=empty
#-----------
snapshot=19
#-----------
time=6143242
mem_heap_B=111113
mem_heap_extra_B=1551
mem_stacks_B=0
heap_tree=empty
#-----------
snapshot=20
#-----------
time=6155933
mem_heap_B=111672
mem_heap_extra_B=1600
mem_stacks_B=0
heap_tree=empty
#-----------
snapshot=21
#-----------
time=6172062
mem_heap_B=113592
mem_heap_extra_B=1864
mem_stacks_B=0
heap_tree=empty
#-----------
snapshot=22
#-----------
time=6186207
mem_heap_B=113320
mem_heap_extra_B=1824
mem_stacks_B=0
heap_tree=empty
#-----------
snapshot=23
#-----------
time=6215025
mem_heap_B=115482
mem_heap_extra_B=2110
mem_stacks_B=0
heap_tree=empty
#-----------
snapshot=24
#-----------
time=6233095
mem_heap_B=116260
mem_heap_extra_B=2332
mem_stacks_B=0
heap_tree=detailed
n8: 116260 (heap allocation functions) malloc/new/new[], --alloc-fns, etc.
 n1: 72704 0x4F6A454: ??? (in /usr/lib/x86_64-linux-gnu/libstdc++.so.6.0.25)
  n1: 72704 0x400F378: call_init.part.0 (dl-init.c:72)
   n1: 72704 0x400F474: _dl_init (dl-init.c:118)
    n1: 72704 0x40132D1: dl_open_worker (dl-open.c:517)
     n1: 72704 0x49AEB2D: _dl_catch_exception (dl-error-skeleton.c:196)
      n1: 72704 0x4012BB8: _dl_open (dl-open.c:599)
       n1: 72704 0x4876254: dlopen_doit (dlopen.c:66)
        n1: 72704 0x49AEB2D: _dl_catch_exception (dl-error-skeleton.c:196)
         n1: 72704 0x49AEBBD: _dl_catch_error (dl-error-skeleton.c:215)
          n1: 72704 0x4876973: _dlerror_run (dlerror.c:163)
           n1: 72704 0x48762E4: dlopen@@GLIBC_2.2.5 (dlopen.c:87)
            n1: 72704 0x4860341: elektraModulesLoad (in /home/jenkins/workspace/build/linux/lib/libelektra-core.so.0.8.26)
             n1: 72704 0x4849B7D: elektraPluginOpen (in /home/jenkins/workspace/build/linux/lib/libelektra-kdb.so.0.8.26)
              n0: 72704 0x4012D3: main (in /home/jenkins/workspace/build/linux/bin/benchmark_plugingetset)
 n0: 13792 in 70 places, all below massif's threshold (1.00%)
 n1: 8356 0x400B2AC: _dl_new_object (dl-object.c:73)
  n1: 8356 0x4005E46: _dl_map_object_from_fd (dl-load.c:1001)
   n2: 8356 0x4008A8B: _dl_map_object (dl-load.c:2466)
    n1: 7158 0x400D290: openaux (dl-deps.c:64)
     n1: 7158 0x49AEB2D: _dl_catch_exception (dl-error-skeleton.c:196)
      n1: 7158 0x400D604: _dl_map_object_deps (dl-deps.c:248)
       n1: 7158 0x401304E: dl_open_worker (dl-open.c:271)
        n1: 7158 0x49AEB2D: _dl_catch_exception (dl-error-skeleton.c:196)
         n1: 7158 0x4012BB8: _dl_open (dl-open.c:599)
          n1: 7158 0x4876254: dlopen_doit (dlopen.c:66)
           n1: 7158 0x49AEB2D: _dl_catch_exception (dl-error-skeleton.c:196)
            n1: 7158 0x49AEBBD: _dl_catch_error (dl-error-skeleton.c:215)
             n1: 7158 0x4876973: _dlerror_run (dlerror.c:163)
              n1: 7158 0x48762E4: dlopen@@GLIBC_2.2.5 (dlopen.c:87)
               n1: 7158 0x4860341: elektraModulesLoad (in /home/jenkins/workspace/build/linux/lib/libelektra-core.so.0.8.26)
                n1: 7158 0x4849B7D: elektraPluginOpen (in /home/jenkins/workspace/build/linux/lib/libelektra-kdb.so.0.8.26)
                 n0: 7158 0x4012D3: main (in /home/jenkins/workspace/build/linux/bin/benchmark_plugingetset)
    n1: 1198 0x4012FE9: dl_open_worker (dl-open.c:228)
     n1: 1198 0x49AEB2D: _dl_catch_exception (dl-error-skeleton.c:196)
      n1: 1198 0x4012BB8: _dl_open (dl-open.c:599)
       n1: 1198 0x4876254: dlopen_doit (dlopen.c:66)
        n1: 1198 0x49AEB2D: _dl_catch_exception (dl-error-skeleton.c:196)
         n1: 1198 0x49AEBBD: _dl_catch_error (dl-error-skeleton.c:215)
          n1: 1198 0x4876973: _dlerror_run (dlerror.c:163)
           n1: 1198 0x48762E4: dlopen@@GLIBC_2.2.5 (dlopen.c:87)
            n1: 1198 0x4860341: elektraModulesLoad (in /home/jenkins/workspace/build/linux/lib/libelektra-core.so.0.8.26)
             n1: 1198 0x4849B7D: elektraPluginOpen (in /home/jenkins/workspace/build/linux/lib/libelektra-kdb.so.0.8.26)
              n0: 1198 0x4012D3: main (in /home/jenkins/workspace/build/linux/bin/benchmark_plugingetset)
 n1: 8192 0x4FC68F6: std::basic_filebuf<char, std::char_traits<char> >::_M_allocate_internal_buffer() (in /usr/lib/x86_64-linux-gnu/libstdc++.so.6.0.25)
  n1: 8192 0x4FCA790: std::basic_filebuf<char, std::char_traits<char> >::open(char const*, std::_Ios_Openmode) (in /usr/lib/x86_64-linux-gnu/libstdc++.so.6.0.25)
   n1: 8192 0x4E9B039: YAML::LoadFile(std::__cxx11::basic_string<char, std::char_traits<char>, std::allocator<char> > const&) (in /usr/lib/x86_64-linux-gnu/libyaml-cpp.so.0.6.2)
    n1: 8192 0x4E43625: ???
     n1: 8192 0x4E418FA: ???
      n0: 8192 0x4012EF: main (in /home/jenkins/workspace/build/linux/bin/benchmark_plugingetset)
 n2: 4320 0x4E93DAA: std::vector<YAML::RegEx, std::allocator<YAML::RegEx> >::vector(std::vector<YAML::RegEx, std::allocator<YAML::RegEx> > const&) (in /usr/lib/x86_64-linux-gnu/libyaml-cpp.so.0.6.2)
  n3: 3168 0x4E93DEE: std::vector<YAML::RegEx, std::allocator<YAML::RegEx> >::vector(std::vector<YAML::RegEx, std::allocator<YAML::RegEx> > const&) (in /usr/lib/x86_64-linux-gnu/libyaml-cpp.so.0.6.2)
   n1: 1632 0x4E9E20E: void std::vector<YAML::RegEx, std::allocator<YAML::RegEx> >::_M_realloc_insert<YAML::RegEx const&>(__gnu_cxx::__normal_iterator<YAML::RegEx*, std::vector<YAML::RegEx, std::allocator<YAML::RegEx> > >, YAML::RegEx const&) (in /usr/lib/x86_64-linux-gnu/libyaml-cpp.so.0.6.2)
    n0: 1632 in 5 places, all below massif's threshold (1.00%)
   n1: 1408 0x4E93DEE: std::vector<YAML::RegEx, std::allocator<YAML::RegEx> >::vector(std::vector<YAML::RegEx, std::allocator<YAML::RegEx> > const&) (in /usr/lib/x86_64-linux-gnu/libyaml-cpp.so.0.6.2)
    n0: 1408 in 3 places, all below massif's threshold (1.00%)
   n0: 128 in 1 place, below massif's threshold (1.00%)
  n0: 1152 in 2 places, all below massif's threshold (1.00%)
 n1: 4064 0x400A095: do_lookup_x (dl-lookup.c:253)
  n1: 4064 0x400A38D: _dl_lookup_symbol_x (dl-lookup.c:814)
   n1: 4064 0x400BD5C: _dl_relocate_object (dl-machine.h:308)
    n1: 4064 0x401319C: dl_open_worker (dl-open.c:377)
     n1: 4064 0x49AEB2D: _dl_catch_exception (dl-error-skeleton.c:196)
      n1: 4064 0x4012BB8: _dl_open (dl-open.c:599)
       n1: 4064 0x4876254: dlopen_doit (dlopen.c:66)
        n1: 4064 0x49AEB2D: _dl_catch_exception (dl-error-skeleton.c:196)
         n1: 4064 0x49AEBBD: _dl_catch_error (dl-error-skeleton.c:215)
          n1: 4064 0x4876973: _dlerror_run (dlerror.c:163)
           n1: 4064 0x48762E4: dlopen@@GLIBC_2.2.5 (dlopen.c:87)
            n1: 4064 0x4860341: elektraModulesLoad (in /home/jenkins/workspace/build/linux/lib/libelektra-core.so.0.8.26)
             n1: 4064 0x4849B7D: elektraPluginOpen (in /home/jenkins/workspace/build/linux/lib/libelektra-kdb.so.0.8.26)
              n0: 4064 0x4012D3: main (in /home/jenkins/workspace/build/linux/bin/benchmark_plugingetset)
 n1: 2784 0x4010A1E: _dl_check_map_versions (dl-version.c:274)
  n1: 2784 0x4013094: dl_open_worker (dl-open.c:277)
   n1: 2784 0x49AEB2D: _dl_catch_exception (dl-error-skeleton.c:196)
    n1: 2784 0x4012BB8: _dl_open (dl-open.c:599)
     n1: 2784 0x4876254: dlopen_doit (dlopen.c:66)
      n1: 2784 0x49AEB2D: _dl_catch_exception (dl-error-skeleton.c:196)
       n1: 2784 0x49AEBBD: _dl_catch_error (dl-error-skeleton.c:215)
        n1: 2784 0x4876973: _dlerror_run (dlerror.c:163)
         n1: 2784 0x48762E4: dlopen@@GLIBC_2.2.5 (dlopen.c:87)
          n1: 2784 0x4860341: elektraModulesLoad (in /home/jenkins/workspace/build/linux/lib/libelektra-core.so.0.8.26)
           n1: 2784 0x4849B7D: elektraPluginOpen (in /home/jenkins/workspace/build/linux/lib/libelektra-kdb.so.0.8.26)
            n0: 2784 0x4012D3: main (in /home/jenkins/workspace/build/linux/bin/benchmark_plugingetset)
 n1: 2048 0x4EC6A3A: ??? (in /usr/lib/x86_64-linux-gnu/libyaml-cpp.so.0.6.2)
  n1: 2048 0x4EA14D0: ??? (in /usr/lib/x86_64-linux-gnu/libyaml-cpp.so.0.6.2)
   n1: 2048 0x4E9CA90: YAML::Parser::Load(std::istream&) (in /usr/lib/x86_64-linux-gnu/libyaml-cpp.so.0.6.2)
    n1: 2048 0x4E9CB29: YAML::Parser::Parser(std::istream&) (in /usr/lib/x86_64-linux-gnu/libyaml-cpp.so.0.6.2)
     n1: 2048 0x4E9A82F: YAML::Load(std::istream&) (in /usr/lib/x86_64-linux-gnu/libyaml-cpp.so.0.6.2)
      n1: 2048 0x4E9B06D: YAML::LoadFile(std::__cxx11::basic_string<char, std::char_traits<char>, std::allocator<char> > const&) (in /usr/lib/x86_64-linux-gnu/libyaml-cpp.so.0.6.2)
       n1: 2048 0x4E43625: ???
        n1: 2048 0x4E418FA: ???
         n0: 2048 0x4012EF: main (in /home/jenkins/workspace/build/linux/bin/benchmark_plugingetset)
#-----------
snapshot=25
#-----------
time=6248772
mem_heap_B=116138
mem_heap_extra_B=2342
mem_stacks_B=0
heap_tree=empty
#-----------
snapshot=26
#-----------
time=6269231
mem_heap_B=116390
mem_heap_extra_B=2378
mem_stacks_B=0
heap_tree=empty
#-----------
snapshot=27
#-----------
time=6280554
mem_heap_B=116687
mem_heap_extra_B=2577
mem_stacks_B=0
heap_tree=empty
#-----------
snapshot=28
#-----------
time=6301421
mem_heap_B=117251
mem_heap_extra_B=2613
mem_stacks_B=0
heap_tree=empty
#-----------
snapshot=29
#-----------
time=6312843
mem_heap_B=117564
mem_heap_extra_B=2804
mem_stacks_B=0
heap_tree=empty
#-----------
snapshot=30
#-----------
time=6333530
mem_heap_B=118096
mem_heap_extra_B=2856
mem_stacks_B=0
heap_tree=empty
#-----------
snapshot=31
#-----------
time=6347332
mem_heap_B=118409
mem_heap_extra_B=2999
mem_stacks_B=0
heap_tree=empty
#-----------
snapshot=32
#-----------
time=6366885
mem_heap_B=118440
mem_heap_extra_B=3024
mem_stacks_B=0
heap_tree=empty
#-----------
snapshot=33
#-----------
time=6384935
mem_heap_B=118501
mem_heap_extra_B=3035
mem_stacks_B=0
heap_tree=empty
#-----------
snapshot=34
#-----------
time=6403186
mem_heap_B=119286
mem_heap_extra_B=3226
mem_stacks_B=0
heap_tree=empty
#-----------
snapshot=35
#-----------
time=6422739
mem_heap_B=119317
mem_heap_extra_B=3235
mem_stacks_B=0
heap_tree=empty
#-----------
snapshot=36
#-----------
time=6440789
mem_heap_B=119378
mem_heap_extra_B=3246
mem_stacks_B=0
heap_tree=empty
#-----------
snapshot=37
#-----------
time=6455619
mem_heap_B=119787
mem_heap_extra_B=3277
mem_stacks_B=0
heap_tree=empty
#-----------
snapshot=38
#-----------
time=6475051
mem_heap_B=119794
mem_heap_extra_B=3270
mem_stacks_B=0
heap_tree=empty
#-----------
snapshot=39
#-----------
time=6493101
mem_heap_B=119855
mem_heap_extra_B=3281
mem_stacks_B=0
heap_tree=empty
#-----------
snapshot=40
#-----------
time=6510815
mem_heap_B=120336
mem_heap_extra_B=3536
mem_stacks_B=0
heap_tree=empty
#-----------
snapshot=41
#-----------
time=6528958
mem_heap_B=120924
mem_heap_extra_B=3580
mem_stacks_B=0
heap_tree=peak
n9: 120924 (heap allocation functions) malloc/new/new[], --alloc-fns, etc.
 n1: 72704 0x4F6A454: ??? (in /usr/lib/x86_64-linux-gnu/libstdc++.so.6.0.25)
  n1: 72704 0x400F378: call_init.part.0 (dl-init.c:72)
   n1: 72704 0x400F474: _dl_init (dl-init.c:118)
    n1: 72704 0x40132D1: dl_open_worker (dl-open.c:517)
     n1: 72704 0x49AEB2D: _dl_catch_exception (dl-error-skeleton.c:196)
      n1: 72704 0x4012BB8: _dl_open (dl-open.c:599)
       n1: 72704 0x4876254: dlopen_doit (dlopen.c:66)
        n1: 72704 0x49AEB2D: _dl_catch_exception (dl-error-skeleton.c:196)
         n1: 72704 0x49AEBBD: _dl_catch_error (dl-error-skeleton.c:215)
          n1: 72704 0x4876973: _dlerror_run (dlerror.c:163)
           n1: 72704 0x48762E4: dlopen@@GLIBC_2.2.5 (dlopen.c:87)
            n1: 72704 0x4860341: elektraModulesLoad (in /home/jenkins/workspace/build/linux/lib/libelektra-core.so.0.8.26)
             n1: 72704 0x4849B7D: elektraPluginOpen (in /home/jenkins/workspace/build/linux/lib/libelektra-kdb.so.0.8.26)
              n0: 72704 0x4012D3: main (in /home/jenkins/workspace/build/linux/bin/benchmark_plugingetset)
 n0: 15928 in 71 places, all below massif's threshold (1.00%)
 n1: 8356 0x400B2AC: _dl_new_object (dl-object.c:73)
  n1: 8356 0x4005E46: _dl_map_object_from_fd (dl-load.c:1001)
   n2: 8356 0x4008A8B: _dl_map_object (dl-load.c:2466)
    n1: 7158 0x400D290: openaux (dl-deps.c:64)
     n1: 7158 0x49AEB2D: _dl_catch_exception (dl-error-skeleton.c:196)
      n1: 7158 0x400D604: _dl_map_object_deps (dl-deps.c:248)
       n1: 7158 0x401304E: dl_open_worker (dl-open.c:271)
        n1: 7158 0x49AEB2D: _dl_catch_exception (dl-error-skeleton.c:196)
         n1: 7158 0x4012BB8: _dl_open (dl-open.c:599)
          n1: 7158 0x4876254: dlopen_doit (dlopen.c:66)
           n1: 7158 0x49AEB2D: _dl_catch_exception (dl-error-skeleton.c:196)
            n1: 7158 0x49AEBBD: _dl_catch_error (dl-error-skeleton.c:215)
             n1: 7158 0x4876973: _dlerror_run (dlerror.c:163)
              n1: 7158 0x48762E4: dlopen@@GLIBC_2.2.5 (dlopen.c:87)
               n1: 7158 0x4860341: elektraModulesLoad (in /home/jenkins/workspace/build/linux/lib/libelektra-core.so.0.8.26)
                n1: 7158 0x4849B7D: elektraPluginOpen (in /home/jenkins/workspace/build/linux/lib/libelektra-kdb.so.0.8.26)
                 n0: 7158 0x4012D3: main (in /home/jenkins/workspace/build/linux/bin/benchmark_plugingetset)
    n0: 1198 in 1 place, below massif's threshold (1.00%)
 n1: 8192 0x4FC68F6: std::basic_filebuf<char, std::char_traits<char> >::_M_allocate_internal_buffer() (in /usr/lib/x86_64-linux-gnu/libstdc++.so.6.0.25)
  n1: 8192 0x4FCA790: std::basic_filebuf<char, std::char_traits<char> >::open(char const*, std::_Ios_Openmode) (in /usr/lib/x86_64-linux-gnu/libstdc++.so.6.0.25)
   n1: 8192 0x4E9B039: YAML::LoadFile(std::__cxx11::basic_string<char, std::char_traits<char>, std::allocator<char> > const&) (in /usr/lib/x86_64-linux-gnu/libyaml-cpp.so.0.6.2)
    n1: 8192 0x4E43625: ???
     n1: 8192 0x4E418FA: ???
      n0: 8192 0x4012EF: main (in /home/jenkins/workspace/build/linux/bin/benchmark_plugingetset)
 n2: 4384 0x4E93DAA: std::vector<YAML::RegEx, std::allocator<YAML::RegEx> >::vector(std::vector<YAML::RegEx, std::allocator<YAML::RegEx> > const&) (in /usr/lib/x86_64-linux-gnu/libyaml-cpp.so.0.6.2)
  n3: 3168 0x4E93DEE: std::vector<YAML::RegEx, std::allocator<YAML::RegEx> >::vector(std::vector<YAML::RegEx, std::allocator<YAML::RegEx> > const&) (in /usr/lib/x86_64-linux-gnu/libyaml-cpp.so.0.6.2)
   n1: 1632 0x4E9E20E: void std::vector<YAML::RegEx, std::allocator<YAML::RegEx> >::_M_realloc_insert<YAML::RegEx const&>(__gnu_cxx::__normal_iterator<YAML::RegEx*, std::vector<YAML::RegEx, std::allocator<YAML::RegEx> > >, YAML::RegEx const&) (in /usr/lib/x86_64-linux-gnu/libyaml-cpp.so.0.6.2)
    n0: 1632 in 5 places, all below massif's threshold (1.00%)
   n1: 1408 0x4E93DEE: std::vector<YAML::RegEx, std::allocator<YAML::RegEx> >::vector(std::vector<YAML::RegEx, std::allocator<YAML::RegEx> > const&) (in /usr/lib/x86_64-linux-gnu/libyaml-cpp.so.0.6.2)
    n0: 1408 in 3 places, all below massif's threshold (1.00%)
   n0: 128 in 1 place, below massif's threshold (1.00%)
  n0: 1216 in 2 places, all below massif's threshold (1.00%)
 n1: 4064 0x400A095: do_lookup_x (dl-lookup.c:253)
  n1: 4064 0x400A38D: _dl_lookup_symbol_x (dl-lookup.c:814)
   n1: 4064 0x400BD5C: _dl_relocate_object (dl-machine.h:308)
    n1: 4064 0x401319C: dl_open_worker (dl-open.c:377)
     n1: 4064 0x49AEB2D: _dl_catch_exception (dl-error-skeleton.c:196)
      n1: 4064 0x4012BB8: _dl_open (dl-open.c:599)
       n1: 4064 0x4876254: dlopen_doit (dlopen.c:66)
        n1: 4064 0x49AEB2D: _dl_catch_exception (dl-error-skeleton.c:196)
         n1: 4064 0x49AEBBD: _dl_catch_error (dl-error-skeleton.c:215)
          n1: 4064 0x4876973: _dlerror_run (dlerror.c:163)
           n1: 4064 0x48762E4: dlopen@@GLIBC_2.2.5 (dlopen.c:87)
            n1: 4064 0x4860341: elektraModulesLoad (in /home/jenkins/workspace/build/linux/lib/libelektra-core.so.0.8.26)
             n1: 4064 0x4849B7D: elektraPluginOpen (in /home/jenkins/workspace/build/linux/lib/libelektra-kdb.so.0.8.26)
              n0: 4064 0x4012D3: main (in /home/jenkins/workspace/build/linux/bin/benchmark_plugingetset)
 n1: 2784 0x4010A1E: _dl_check_map_versions (dl-version.c:274)
  n1: 2784 0x4013094: dl_open_worker (dl-open.c:277)
   n1: 2784 0x49AEB2D: _dl_catch_exception (dl-error-skeleton.c:196)
    n1: 2784 0x4012BB8: _dl_open (dl-open.c:599)
     n1: 2784 0x4876254: dlopen_doit (dlopen.c:66)
      n1: 2784 0x49AEB2D: _dl_catch_exception (dl-error-skeleton.c:196)
       n1: 2784 0x49AEBBD: _dl_catch_error (dl-error-skeleton.c:215)
        n1: 2784 0x4876973: _dlerror_run (dlerror.c:163)
         n1: 2784 0x48762E4: dlopen@@GLIBC_2.2.5 (dlopen.c:87)
          n1: 2784 0x4860341: elektraModulesLoad (in /home/jenkins/workspace/build/linux/lib/libelektra-core.so.0.8.26)
           n1: 2784 0x4849B7D: elektraPluginOpen (in /home/jenkins/workspace/build/linux/lib/libelektra-kdb.so.0.8.26)
            n0: 2784 0x4012D3: main (in /home/jenkins/workspace/build/linux/bin/benchmark_plugingetset)
 n1: 2464 0x4E95B41: YAML::detail::memory::create_node() (in /usr/lib/x86_64-linux-gnu/libyaml-cpp.so.0.6.2)
  n2: 2464 0x4E98C2D: ??? (in /usr/lib/x86_64-linux-gnu/libyaml-cpp.so.0.6.2)
   n1: 1584 0x4E98D2D: ??? (in /usr/lib/x86_64-linux-gnu/libyaml-cpp.so.0.6.2)
    n1: 1584 0x4EC06E9: ??? (in /usr/lib/x86_64-linux-gnu/libyaml-cpp.so.0.6.2)
     n0: 1584 in 2 places, all below massif's threshold (1.00%)
   n0: 880 in 1 place, below massif's threshold (1.00%)
 n1: 2048 0x4EC6A3A: ??? (in /usr/lib/x86_64-linux-gnu/libyaml-cpp.so.0.6.2)
  n1: 2048 0x4EA14D0: ??? (in /usr/lib/x86_64-linux-gnu/libyaml-cpp.so.0.6.2)
   n1: 2048 0x4E9CA90: YAML::Parser::Load(std::istream&) (in /usr/lib/x86_64-linux-gnu/libyaml-cpp.so.0.6.2)
    n1: 2048 0x4E9CB29: YAML::Parser::Parser(std::istream&) (in /usr/lib/x86_64-linux-gnu/libyaml-cpp.so.0.6.2)
     n1: 2048 0x4E9A82F: YAML::Load(std::istream&) (in /usr/lib/x86_64-linux-gnu/libyaml-cpp.so.0.6.2)
      n1: 2048 0x4E9B06D: YAML::LoadFile(std::__cxx11::basic_string<char, std::char_traits<char>, std::allocator<char> > const&) (in /usr/lib/x86_64-linux-gnu/libyaml-cpp.so.0.6.2)
       n1: 2048 0x4E43625: ???
        n1: 2048 0x4E418FA: ???
         n0: 2048 0x4012EF: main (in /home/jenkins/workspace/build/linux/bin/benchmark_plugingetset)
#-----------
snapshot=42
#-----------
time=6539305
mem_heap_B=121461
mem_heap_extra_B=3715
mem_stacks_B=0
heap_tree=empty
#-----------
snapshot=43
#-----------
time=6560433
mem_heap_B=107035
mem_heap_extra_B=3653
mem_stacks_B=0
heap_tree=empty
#-----------
snapshot=44
#-----------
time=6578356
mem_heap_B=108103
mem_heap_extra_B=3809
mem_stacks_B=0
heap_tree=empty
#-----------
snapshot=45
#-----------
time=6593764
mem_heap_B=107486
mem_heap_extra_B=3754
mem_stacks_B=0
heap_tree=empty
#-----------
snapshot=46
#-----------
time=6617855
mem_heap_B=108726
mem_heap_extra_B=3946
mem_stacks_B=0
heap_tree=empty
#-----------
snapshot=47
#-----------
time=6635404
mem_heap_B=109906
mem_heap_extra_B=4094
mem_stacks_B=0
heap_tree=empty
#-----------
snapshot=48
#-----------
time=6664087
mem_heap_B=109790
mem_heap_extra_B=4074
mem_stacks_B=0
heap_tree=empty
#-----------
snapshot=49
#-----------
time=6686870
mem_heap_B=102605
mem_heap_extra_B=2275
mem_stacks_B=0
heap_tree=empty
#-----------
snapshot=50
#-----------
time=6687756
mem_heap_B=101733
mem_heap_extra_B=2027
mem_stacks_B=0
heap_tree=empty
#-----------
snapshot=51
#-----------
time=6688712
mem_heap_B=100896
mem_heap_extra_B=1808
mem_stacks_B=0
heap_tree=empty
#-----------
snapshot=52
#-----------
time=6690482
mem_heap_B=100585
mem_heap_extra_B=1759
mem_stacks_B=0
heap_tree=empty
#-----------
snapshot=53
#-----------
time=6693505
mem_heap_B=100455
mem_heap_extra_B=1753
mem_stacks_B=0
heap_tree=empty
#-----------
snapshot=54
#-----------
time=6694739
mem_heap_B=100441
mem_heap_extra_B=1743
mem_stacks_B=0
heap_tree=empty
#-----------
snapshot=55
#-----------
time=6700747
mem_heap_B=100473
mem_heap_extra_B=1751
mem_stacks_B=0
heap_tree=detailed
n8: 100473 (heap allocation functions) malloc/new/new[], --alloc-fns, etc.
 n1: 72704 0x4F6A454: ??? (in /usr/lib/x86_64-linux-gnu/libstdc++.so.6.0.25)
  n1: 72704 0x400F378: call_init.part.0 (dl-init.c:72)
   n1: 72704 0x400F474: _dl_init (dl-init.c:118)
    n1: 72704 0x40132D1: dl_open_worker (dl-open.c:517)
     n1: 72704 0x49AEB2D: _dl_catch_exception (dl-error-skeleton.c:196)
      n1: 72704 0x4012BB8: _dl_open (dl-open.c:599)
       n1: 72704 0x4876254: dlopen_doit (dlopen.c:66)
        n1: 72704 0x49AEB2D: _dl_catch_exception (dl-error-skeleton.c:196)
         n1: 72704 0x49AEBBD: _dl_catch_error (dl-error-skeleton.c:215)
          n1: 72704 0x4876973: _dlerror_run (dlerror.c:163)
           n1: 72704 0x48762E4: dlopen@@GLIBC_2.2.5 (dlopen.c:87)
            n1: 72704 0x4860341: elektraModulesLoad (in /home/jenkins/workspace/build/linux/lib/libelektra-core.so.0.8.26)
             n1: 72704 0x4849B7D: elektraPluginOpen (in /home/jenkins/workspace/build/linux/lib/libelektra-kdb.so.0.8.26)
              n0: 72704 0x4012D3: main (in /home/jenkins/workspace/build/linux/bin/benchmark_plugingetset)
 n1: 8356 0x400B2AC: _dl_new_object (dl-object.c:73)
  n1: 8356 0x4005E46: _dl_map_object_from_fd (dl-load.c:1001)
   n2: 8356 0x4008A8B: _dl_map_object (dl-load.c:2466)
    n1: 7158 0x400D290: openaux (dl-deps.c:64)
     n1: 7158 0x49AEB2D: _dl_catch_exception (dl-error-skeleton.c:196)
      n1: 7158 0x400D604: _dl_map_object_deps (dl-deps.c:248)
       n1: 7158 0x401304E: dl_open_worker (dl-open.c:271)
        n1: 7158 0x49AEB2D: _dl_catch_exception (dl-error-skeleton.c:196)
         n1: 7158 0x4012BB8: _dl_open (dl-open.c:599)
          n1: 7158 0x4876254: dlopen_doit (dlopen.c:66)
           n1: 7158 0x49AEB2D: _dl_catch_exception (dl-error-skeleton.c:196)
            n1: 7158 0x49AEBBD: _dl_catch_error (dl-error-skeleton.c:215)
             n1: 7158 0x4876973: _dlerror_run (dlerror.c:163)
              n1: 7158 0x48762E4: dlopen@@GLIBC_2.2.5 (dlopen.c:87)
               n1: 7158 0x4860341: elektraModulesLoad (in /home/jenkins/workspace/build/linux/lib/libelektra-core.so.0.8.26)
                n1: 7158 0x4849B7D: elektraPluginOpen (in /home/jenkins/workspace/build/linux/lib/libelektra-kdb.so.0.8.26)
                 n0: 7158 0x4012D3: main (in /home/jenkins/workspace/build/linux/bin/benchmark_plugingetset)
    n1: 1198 0x4012FE9: dl_open_worker (dl-open.c:228)
     n1: 1198 0x49AEB2D: _dl_catch_exception (dl-error-skeleton.c:196)
      n1: 1198 0x4012BB8: _dl_open (dl-open.c:599)
       n1: 1198 0x4876254: dlopen_doit (dlopen.c:66)
        n1: 1198 0x49AEB2D: _dl_catch_exception (dl-error-skeleton.c:196)
         n1: 1198 0x49AEBBD: _dl_catch_error (dl-error-skeleton.c:215)
          n1: 1198 0x4876973: _dlerror_run (dlerror.c:163)
           n1: 1198 0x48762E4: dlopen@@GLIBC_2.2.5 (dlopen.c:87)
            n1: 1198 0x4860341: elektraModulesLoad (in /home/jenkins/workspace/build/linux/lib/libelektra-core.so.0.8.26)
             n1: 1198 0x4849B7D: elektraPluginOpen (in /home/jenkins/workspace/build/linux/lib/libelektra-kdb.so.0.8.26)
              n0: 1198 0x4012D3: main (in /home/jenkins/workspace/build/linux/bin/benchmark_plugingetset)
 n0: 6181 in 78 places, all below massif's threshold (1.00%)
 n2: 4320 0x4E93DAA: std::vector<YAML::RegEx, std::allocator<YAML::RegEx> >::vector(std::vector<YAML::RegEx, std::allocator<YAML::RegEx> > const&) (in /usr/lib/x86_64-linux-gnu/libyaml-cpp.so.0.6.2)
  n3: 3168 0x4E93DEE: std::vector<YAML::RegEx, std::allocator<YAML::RegEx> >::vector(std::vector<YAML::RegEx, std::allocator<YAML::RegEx> > const&) (in /usr/lib/x86_64-linux-gnu/libyaml-cpp.so.0.6.2)
   n1: 1632 0x4E9E20E: void std::vector<YAML::RegEx, std::allocator<YAML::RegEx> >::_M_realloc_insert<YAML::RegEx const&>(__gnu_cxx::__normal_iterator<YAML::RegEx*, std::vector<YAML::RegEx, std::allocator<YAML::RegEx> > >, YAML::RegEx const&) (in /usr/lib/x86_64-linux-gnu/libyaml-cpp.so.0.6.2)
    n0: 1632 in 5 places, all below massif's threshold (1.00%)
   n1: 1408 0x4E93DEE: std::vector<YAML::RegEx, std::allocator<YAML::RegEx> >::vector(std::vector<YAML::RegEx, std::allocator<YAML::RegEx> > const&) (in /usr/lib/x86_64-linux-gnu/libyaml-cpp.so.0.6.2)
    n0: 1408 in 3 places, all below massif's threshold (1.00%)
   n0: 128 in 1 place, below massif's threshold (1.00%)
  n0: 1152 in 2 places, all below massif's threshold (1.00%)
 n1: 4064 0x400A095: do_lookup_x (dl-lookup.c:253)
  n1: 4064 0x400A38D: _dl_lookup_symbol_x (dl-lookup.c:814)
   n1: 4064 0x400BD5C: _dl_relocate_object (dl-machine.h:308)
    n1: 4064 0x401319C: dl_open_worker (dl-open.c:377)
     n1: 4064 0x49AEB2D: _dl_catch_exception (dl-error-skeleton.c:196)
      n1: 4064 0x4012BB8: _dl_open (dl-open.c:599)
       n1: 4064 0x4876254: dlopen_doit (dlopen.c:66)
        n1: 4064 0x49AEB2D: _dl_catch_exception (dl-error-skeleton.c:196)
         n1: 4064 0x49AEBBD: _dl_catch_error (dl-error-skeleton.c:215)
          n1: 4064 0x4876973: _dlerror_run (dlerror.c:163)
           n1: 4064 0x48762E4: dlopen@@GLIBC_2.2.5 (dlopen.c:87)
            n1: 4064 0x4860341: elektraModulesLoad (in /home/jenkins/workspace/build/linux/lib/libelektra-core.so.0.8.26)
             n1: 4064 0x4849B7D: elektraPluginOpen (in /home/jenkins/workspace/build/linux/lib/libelektra-kdb.so.0.8.26)
              n0: 4064 0x4012D3: main (in /home/jenkins/workspace/build/linux/bin/benchmark_plugingetset)
 n1: 2784 0x4010A1E: _dl_check_map_versions (dl-version.c:274)
  n1: 2784 0x4013094: dl_open_worker (dl-open.c:277)
   n1: 2784 0x49AEB2D: _dl_catch_exception (dl-error-skeleton.c:196)
    n1: 2784 0x4012BB8: _dl_open (dl-open.c:599)
     n1: 2784 0x4876254: dlopen_doit (dlopen.c:66)
      n1: 2784 0x49AEB2D: _dl_catch_exception (dl-error-skeleton.c:196)
       n1: 2784 0x49AEBBD: _dl_catch_error (dl-error-skeleton.c:215)
        n1: 2784 0x4876973: _dlerror_run (dlerror.c:163)
         n1: 2784 0x48762E4: dlopen@@GLIBC_2.2.5 (dlopen.c:87)
          n1: 2784 0x4860341: elektraModulesLoad (in /home/jenkins/workspace/build/linux/lib/libelektra-core.so.0.8.26)
           n1: 2784 0x4849B7D: elektraPluginOpen (in /home/jenkins/workspace/build/linux/lib/libelektra-kdb.so.0.8.26)
            n0: 2784 0x4012D3: main (in /home/jenkins/workspace/build/linux/bin/benchmark_plugingetset)
 n1: 1040 0x48B4075: __new_exitfn (cxa_atexit.c:110)
  n1: 1040 0x48B4116: __internal_atexit (cxa_atexit.c:40)
   n1: 1040 0x4E92528: ??? (in /usr/lib/x86_64-linux-gnu/libyaml-cpp.so.0.6.2)
    n1: 1040 0x4EA4E77: ??? (in /usr/lib/x86_64-linux-gnu/libyaml-cpp.so.0.6.2)
     n1: 1040 0x4EA5CA3: ??? (in /usr/lib/x86_64-linux-gnu/libyaml-cpp.so.0.6.2)
      n1: 1040 0x4EA5D77: ??? (in /usr/lib/x86_64-linux-gnu/libyaml-cpp.so.0.6.2)
       n1: 1040 0x4E9CF47: YAML::Parser::ParseDirectives() (in /usr/lib/x86_64-linux-gnu/libyaml-cpp.so.0.6.2)
        n1: 1040 0x4E9CF87: YAML::Parser::HandleNextDocument(YAML::EventHandler&) (in /usr/lib/x86_64-linux-gnu/libyaml-cpp.so.0.6.2)
         n1: 1040 0x4E9A842: YAML::Load(std::istream&) (in /usr/lib/x86_64-linux-gnu/libyaml-cpp.so.0.6.2)
          n1: 1040 0x4E9B06D: YAML::LoadFile(std::__cxx11::basic_string<char, std::char_traits<char>, std::allocator<char> > const&) (in /usr/lib/x86_64-linux-gnu/libyaml-cpp.so.0.6.2)
           n1: 1040 0x4E43625: ???
            n1: 1040 0x4E418FA: ???
             n0: 1040 0x4012EF: main (in /home/jenkins/workspace/build/linux/bin/benchmark_plugingetset)
 n1: 1024 0x4858B77: elektraVFormat (in /home/jenkins/workspace/build/linux/lib/libelektra-core.so.0.8.26)
  n1: 1024 0x4858B56: elektraFormat (in /home/jenkins/workspace/build/linux/lib/libelektra-core.so.0.8.26)
   n0: 1024 in 2 places, all below massif's threshold (1.00%)
#-----------
snapshot=56
#-----------
time=6701634
mem_heap_B=99989
mem_heap_extra_B=1723
mem_stacks_B=0
heap_tree=empty
#-----------
snapshot=57
#-----------
time=6702548
mem_heap_B=95654
mem_heap_extra_B=1530
mem_stacks_B=0
heap_tree=empty
#-----------
snapshot=58
#-----------
time=6704029
mem_heap_B=95352
mem_heap_extra_B=1496
mem_stacks_B=0
heap_tree=empty
#-----------
snapshot=59
#-----------
time=6704923
mem_heap_B=95096
mem_heap_extra_B=1472
mem_stacks_B=0
heap_tree=empty
#-----------
snapshot=60
#-----------
time=6706427
mem_heap_B=94584
mem_heap_extra_B=1464
mem_stacks_B=0
heap_tree=empty
#-----------
snapshot=61
#-----------
time=6707340
mem_heap_B=92523
mem_heap_extra_B=1237
mem_stacks_B=0
heap_tree=empty
#-----------
snapshot=62
#-----------
time=6708243
mem_heap_B=91787
mem_heap_extra_B=1157
mem_stacks_B=0
heap_tree=empty
#-----------
snapshot=63
#-----------
time=6709261
mem_heap_B=90859
mem_heap_extra_B=1045
mem_stacks_B=0
heap_tree=empty
#-----------
snapshot=64
#-----------
time=6710230
mem_heap_B=90027
mem_heap_extra_B=941
mem_stacks_B=0
heap_tree=empty
#-----------
snapshot=65
#-----------
time=6711140
mem_heap_B=88939
mem_heap_extra_B=861
mem_stacks_B=0
heap_tree=detailed
n7: 88939 (heap allocation functions) malloc/new/new[], --alloc-fns, etc.
 n1: 72704 0x4F6A454: ??? (in /usr/lib/x86_64-linux-gnu/libstdc++.so.6.0.25)
  n1: 72704 0x400F378: call_init.part.0 (dl-init.c:72)
   n1: 72704 0x400F474: _dl_init (dl-init.c:118)
    n1: 72704 0x40132D1: dl_open_worker (dl-open.c:517)
     n1: 72704 0x49AEB2D: _dl_catch_exception (dl-error-skeleton.c:196)
      n1: 72704 0x4012BB8: _dl_open (dl-open.c:599)
       n1: 72704 0x4876254: dlopen_doit (dlopen.c:66)
        n1: 72704 0x49AEB2D: _dl_catch_exception (dl-error-skeleton.c:196)
         n1: 72704 0x49AEBBD: _dl_catch_error (dl-error-skeleton.c:215)
          n1: 72704 0x4876973: _dlerror_run (dlerror.c:163)
           n1: 72704 0x48762E4: dlopen@@GLIBC_2.2.5 (dlopen.c:87)
            n1: 72704 0x4860341: elektraModulesLoad (in /home/jenkins/workspace/build/linux/lib/libelektra-core.so.0.8.26)
             n1: 72704 0x4849B7D: elektraPluginOpen (in /home/jenkins/workspace/build/linux/lib/libelektra-kdb.so.0.8.26)
              n0: 72704 0x4012D3: main (in /home/jenkins/workspace/build/linux/bin/benchmark_plugingetset)
 n1: 4762 0x400B2AC: _dl_new_object (dl-object.c:73)
  n1: 4762 0x4005E46: _dl_map_object_from_fd (dl-load.c:1001)
   n2: 4762 0x4008A8B: _dl_map_object (dl-load.c:2466)
    n1: 4762 0x400D290: openaux (dl-deps.c:64)
     n1: 4762 0x49AEB2D: _dl_catch_exception (dl-error-skeleton.c:196)
      n1: 4762 0x400D604: _dl_map_object_deps (dl-deps.c:248)
       n1: 4762 0x401304E: dl_open_worker (dl-open.c:271)
        n1: 4762 0x49AEB2D: _dl_catch_exception (dl-error-skeleton.c:196)
         n1: 4762 0x4012BB8: _dl_open (dl-open.c:599)
          n1: 4762 0x4876254: dlopen_doit (dlopen.c:66)
           n1: 4762 0x49AEB2D: _dl_catch_exception (dl-error-skeleton.c:196)
            n1: 4762 0x49AEBBD: _dl_catch_error (dl-error-skeleton.c:215)
             n1: 4762 0x4876973: _dlerror_run (dlerror.c:163)
              n1: 4762 0x48762E4: dlopen@@GLIBC_2.2.5 (dlopen.c:87)
               n1: 4762 0x4860341: elektraModulesLoad (in /home/jenkins/workspace/build/linux/lib/libelektra-core.so.0.8.26)
                n1: 4762 0x4849B7D: elektraPluginOpen (in /home/jenkins/workspace/build/linux/lib/libelektra-kdb.so.0.8.26)
                 n0: 4762 0x4012D3: main (in /home/jenkins/workspace/build/linux/bin/benchmark_plugingetset)
    n0: 0 in 1 place, below massif's threshold (1.00%)
 n1: 4064 0x400A095: do_lookup_x (dl-lookup.c:253)
  n1: 4064 0x400A38D: _dl_lookup_symbol_x (dl-lookup.c:814)
   n1: 4064 0x400BD5C: _dl_relocate_object (dl-machine.h:308)
    n1: 4064 0x401319C: dl_open_worker (dl-open.c:377)
     n1: 4064 0x49AEB2D: _dl_catch_exception (dl-error-skeleton.c:196)
      n1: 4064 0x4012BB8: _dl_open (dl-open.c:599)
       n1: 4064 0x4876254: dlopen_doit (dlopen.c:66)
        n1: 4064 0x49AEB2D: _dl_catch_exception (dl-error-skeleton.c:196)
         n1: 4064 0x49AEBBD: _dl_catch_error (dl-error-skeleton.c:215)
          n1: 4064 0x4876973: _dlerror_run (dlerror.c:163)
           n1: 4064 0x48762E4: dlopen@@GLIBC_2.2.5 (dlopen.c:87)
            n1: 4064 0x4860341: elektraModulesLoad (in /home/jenkins/workspace/build/linux/lib/libelektra-core.so.0.8.26)
             n1: 4064 0x4849B7D: elektraPluginOpen (in /home/jenkins/workspace/build/linux/lib/libelektra-kdb.so.0.8.26)
              n0: 4064 0x4012D3: main (in /home/jenkins/workspace/build/linux/bin/benchmark_plugingetset)
 n1: 2352 0x4010A1E: _dl_check_map_versions (dl-version.c:274)
  n1: 2352 0x4013094: dl_open_worker (dl-open.c:277)
   n1: 2352 0x49AEB2D: _dl_catch_exception (dl-error-skeleton.c:196)
    n1: 2352 0x4012BB8: _dl_open (dl-open.c:599)
     n1: 2352 0x4876254: dlopen_doit (dlopen.c:66)
      n1: 2352 0x49AEB2D: _dl_catch_exception (dl-error-skeleton.c:196)
       n1: 2352 0x49AEBBD: _dl_catch_error (dl-error-skeleton.c:215)
        n1: 2352 0x4876973: _dlerror_run (dlerror.c:163)
         n1: 2352 0x48762E4: dlopen@@GLIBC_2.2.5 (dlopen.c:87)
          n1: 2352 0x4860341: elektraModulesLoad (in /home/jenkins/workspace/build/linux/lib/libelektra-core.so.0.8.26)
           n1: 2352 0x4849B7D: elektraPluginOpen (in /home/jenkins/workspace/build/linux/lib/libelektra-kdb.so.0.8.26)
            n0: 2352 0x4012D3: main (in /home/jenkins/workspace/build/linux/bin/benchmark_plugingetset)
 n0: 2257 in 79 places, all below massif's threshold (1.00%)
 n2: 1760 0x4E93DAA: std::vector<YAML::RegEx, std::allocator<YAML::RegEx> >::vector(std::vector<YAML::RegEx, std::allocator<YAML::RegEx> > const&) (in /usr/lib/x86_64-linux-gnu/libyaml-cpp.so.0.6.2)
  n1: 1248 0x4E93DEE: std::vector<YAML::RegEx, std::allocator<YAML::RegEx> >::vector(std::vector<YAML::RegEx, std::allocator<YAML::RegEx> > const&) (in /usr/lib/x86_64-linux-gnu/libyaml-cpp.so.0.6.2)
   n0: 1248 in 3 places, all below massif's threshold (1.00%)
  n0: 512 in 2 places, all below massif's threshold (1.00%)
 n1: 1040 0x48B4075: __new_exitfn (cxa_atexit.c:110)
  n1: 1040 0x48B4116: __internal_atexit (cxa_atexit.c:40)
   n1: 1040 0x4E92528: ??? (in /usr/lib/x86_64-linux-gnu/libyaml-cpp.so.0.6.2)
    n1: 1040 0x4EA4E77: ??? (in /usr/lib/x86_64-linux-gnu/libyaml-cpp.so.0.6.2)
     n1: 1040 0x4EA5CA3: ??? (in /usr/lib/x86_64-linux-gnu/libyaml-cpp.so.0.6.2)
      n1: 1040 0x4EA5D77: ??? (in /usr/lib/x86_64-linux-gnu/libyaml-cpp.so.0.6.2)
       n1: 1040 0x4E9CF47: YAML::Parser::ParseDirectives() (in /usr/lib/x86_64-linux-gnu/libyaml-cpp.so.0.6.2)
        n1: 1040 0x4E9CF87: YAML::Parser::HandleNextDocument(YAML::EventHandler&) (in /usr/lib/x86_64-linux-gnu/libyaml-cpp.so.0.6.2)
         n1: 1040 0x4E9A842: YAML::Load(std::istream&) (in /usr/lib/x86_64-linux-gnu/libyaml-cpp.so.0.6.2)
          n1: 1040 0x4E9B06D: YAML::LoadFile(std::__cxx11::basic_string<char, std::char_traits<char>, std::allocator<char> > const&) (in /usr/lib/x86_64-linux-gnu/libyaml-cpp.so.0.6.2)
           n1: 1040 0x4E43625: ???
            n1: 1040 0x4E418FA: ???
             n0: 1040 0x4012EF: main (in /home/jenkins/workspace/build/linux/bin/benchmark_plugingetset)
#-----------
snapshot=66
#-----------
time=6712054
mem_heap_B=88171
mem_heap_extra_B=765
mem_stacks_B=0
heap_tree=empty
#-----------
snapshot=67
#-----------
time=6712987
mem_heap_B=87339
mem_heap_extra_B=661
mem_stacks_B=0
heap_tree=empty
#-----------
snapshot=68
#-----------
time=6713944
mem_heap_B=86571
mem_heap_extra_B=573
mem_stacks_B=0
heap_tree=empty
#-----------
snapshot=69
#-----------
time=6714831
mem_heap_B=84891
mem_heap_extra_B=485
mem_stacks_B=0
heap_tree=empty
#-----------
snapshot=70
#-----------
time=6715903
mem_heap_B=84759
mem_heap_extra_B=385
mem_stacks_B=0
heap_tree=empty
#-----------
snapshot=71
#-----------
time=6724616
mem_heap_B=84590
mem_heap_extra_B=322
mem_stacks_B=0
heap_tree=empty
