desc: --massif-out-file=results/generated_0_yambi_linux_gcc8.3.0.out
cmd: build/linux/bin/benchmark_plugingetset benchmarks/data/generated_0 user yambi get
time_unit: i
#-----------
snapshot=0
#-----------
time=0
mem_heap_B=0
mem_heap_extra_B=0
mem_stacks_B=0
heap_tree=empty
#-----------
snapshot=1
#-----------
time=209309
mem_heap_B=64
mem_heap_extra_B=8
mem_stacks_B=0
heap_tree=empty
#-----------
snapshot=2
#-----------
time=212355
mem_heap_B=704
mem_heap_extra_B=24
mem_stacks_B=0
heap_tree=empty
#-----------
snapshot=3
#-----------
time=214785
mem_heap_B=1216
mem_heap_extra_B=32
mem_stacks_B=0
heap_tree=empty
#-----------
snapshot=4
#-----------
time=217083
mem_heap_B=1280
mem_heap_extra_B=40
mem_stacks_B=0
heap_tree=empty
#-----------
snapshot=5
#-----------
time=224412
mem_heap_B=1322
mem_heap_extra_B=54
mem_stacks_B=0
heap_tree=empty
#-----------
snapshot=6
#-----------
time=231231
mem_heap_B=1332
mem_heap_extra_B=68
mem_stacks_B=0
heap_tree=empty
#-----------
snapshot=7
#-----------
time=237299
mem_heap_B=1396
mem_heap_extra_B=76
mem_stacks_B=0
heap_tree=empty
#-----------
snapshot=8
#-----------
time=240199
mem_heap_B=1794
mem_heap_extra_B=118
mem_stacks_B=0
heap_tree=empty
#-----------
snapshot=9
#-----------
time=244061
mem_heap_B=1826
mem_heap_extra_B=118
mem_stacks_B=0
heap_tree=empty
#-----------
snapshot=10
#-----------
time=249137
mem_heap_B=1890
mem_heap_extra_B=126
mem_stacks_B=0
heap_tree=empty
#-----------
snapshot=11
#-----------
time=252299
mem_heap_B=1892
mem_heap_extra_B=148
mem_stacks_B=0
heap_tree=empty
#-----------
snapshot=12
#-----------
time=255990
mem_heap_B=2014
mem_heap_extra_B=178
mem_stacks_B=0
heap_tree=empty
#-----------
snapshot=13
#-----------
time=257824
mem_heap_B=2026
mem_heap_extra_B=182
mem_stacks_B=0
heap_tree=empty
#-----------
snapshot=14
#-----------
time=260008
mem_heap_B=2014
mem_heap_extra_B=170
mem_stacks_B=0
heap_tree=empty
#-----------
snapshot=15
#-----------
time=263321
mem_heap_B=2036
mem_heap_extra_B=188
mem_stacks_B=0
heap_tree=empty
#-----------
snapshot=16
#-----------
time=269811
mem_heap_B=2096
mem_heap_extra_B=200
mem_stacks_B=0
heap_tree=empty
#-----------
snapshot=17
#-----------
time=270285
mem_heap_B=3352
mem_heap_extra_B=224
mem_stacks_B=0
heap_tree=empty
#-----------
snapshot=18
#-----------
time=273684
mem_heap_B=3415
mem_heap_extra_B=233
mem_stacks_B=0
heap_tree=empty
#-----------
snapshot=19
#-----------
time=274163
mem_heap_B=4677
mem_heap_extra_B=251
mem_stacks_B=0
heap_tree=empty
#-----------
snapshot=20
#-----------
time=279457
mem_heap_B=4719
mem_heap_extra_B=265
mem_stacks_B=0
heap_tree=empty
#-----------
snapshot=21
#-----------
time=281150
mem_heap_B=4842
mem_heap_extra_B=278
mem_stacks_B=0
heap_tree=empty
#-----------
snapshot=22
#-----------
time=284517
mem_heap_B=6115
mem_heap_extra_B=325
mem_stacks_B=0
heap_tree=empty
#-----------
snapshot=23
#-----------
time=290569
mem_heap_B=6147
mem_heap_extra_B=333
mem_stacks_B=0
heap_tree=empty
#-----------
snapshot=24
#-----------
time=291303
mem_heap_B=7365
mem_heap_extra_B=363
mem_stacks_B=0
heap_tree=empty
#-----------
snapshot=25
#-----------
time=297589
mem_heap_B=7401
mem_heap_extra_B=383
mem_stacks_B=0
heap_tree=empty
#-----------
snapshot=26
#-----------
time=298346
mem_heap_B=8627
mem_heap_extra_B=421
mem_stacks_B=0
heap_tree=detailed
n11: 8627 (heap allocation functions) malloc/new/new[], --alloc-fns, etc.
 n1: 5962 0x400B2AC: _dl_new_object (dl-object.c:73)
  n1: 5962 0x4005E46: _dl_map_object_from_fd (dl-load.c:1001)
   n2: 5962 0x4008A8B: _dl_map_object (dl-load.c:2466)
    n1: 4766 0x400D290: openaux (dl-deps.c:64)
     n1: 4766 0x49B5B2D: _dl_catch_exception (dl-error-skeleton.c:196)
      n1: 4766 0x400D604: _dl_map_object_deps (dl-deps.c:248)
       n1: 4766 0x401304E: dl_open_worker (dl-open.c:271)
        n1: 4766 0x49B5B2D: _dl_catch_exception (dl-error-skeleton.c:196)
         n1: 4766 0x4012BB8: _dl_open (dl-open.c:599)
          n1: 4766 0x487D254: dlopen_doit (dlopen.c:66)
           n1: 4766 0x49B5B2D: _dl_catch_exception (dl-error-skeleton.c:196)
            n1: 4766 0x49B5BBD: _dl_catch_error (dl-error-skeleton.c:215)
             n1: 4766 0x487D973: _dlerror_run (dlerror.c:163)
              n1: 4766 0x487D2E4: dlopen@@GLIBC_2.2.5 (dlopen.c:87)
               n1: 4766 0x48666EB: elektraModulesLoad (in /home/jenkins/workspace/build/linux/lib/libelektra-core.so.0.8.26)
                n1: 4766 0x484FD71: elektraPluginOpen (in /home/jenkins/workspace/build/linux/lib/libelektra-kdb.so.0.8.26)
                 n0: 4766 0x1091E1: main (in /home/jenkins/workspace/build/linux/bin/benchmark_plugingetset)
    n1: 1196 0x4012FE9: dl_open_worker (dl-open.c:228)
     n1: 1196 0x49B5B2D: _dl_catch_exception (dl-error-skeleton.c:196)
      n1: 1196 0x4012BB8: _dl_open (dl-open.c:599)
       n1: 1196 0x487D254: dlopen_doit (dlopen.c:66)
        n1: 1196 0x49B5B2D: _dl_catch_exception (dl-error-skeleton.c:196)
         n1: 1196 0x49B5BBD: _dl_catch_error (dl-error-skeleton.c:215)
          n1: 1196 0x487D973: _dlerror_run (dlerror.c:163)
           n1: 1196 0x487D2E4: dlopen@@GLIBC_2.2.5 (dlopen.c:87)
            n1: 1196 0x48666EB: elektraModulesLoad (in /home/jenkins/workspace/build/linux/lib/libelektra-core.so.0.8.26)
             n1: 1196 0x484FD71: elektraPluginOpen (in /home/jenkins/workspace/build/linux/lib/libelektra-kdb.so.0.8.26)
              n0: 1196 0x1091E1: main (in /home/jenkins/workspace/build/linux/bin/benchmark_plugingetset)
 n1: 1024 0x485EBF6: elektraVFormat (in /home/jenkins/workspace/build/linux/lib/libelektra-core.so.0.8.26)
  n2: 1024 0x485ED2A: elektraFormat (in /home/jenkins/workspace/build/linux/lib/libelektra-core.so.0.8.26)
   n0: 512 0x109162: main (in /home/jenkins/workspace/build/linux/bin/benchmark_plugingetset)
   n0: 512 0x109179: main (in /home/jenkins/workspace/build/linux/bin/benchmark_plugingetset)
 n1: 384 0x4863428: ksVNew (in /home/jenkins/workspace/build/linux/lib/libelektra-core.so.0.8.26)
  n3: 384 0x486356A: ksNew (in /home/jenkins/workspace/build/linux/lib/libelektra-core.so.0.8.26)
   n0: 128 0x10914B: main (in /home/jenkins/workspace/build/linux/bin/benchmark_plugingetset)
   n0: 128 0x1091A0: main (in /home/jenkins/workspace/build/linux/bin/benchmark_plugingetset)
   n0: 128 0x1091AF: main (in /home/jenkins/workspace/build/linux/bin/benchmark_plugingetset)
 n1: 256 0x485F3A2: keyVNew (in /home/jenkins/workspace/build/linux/lib/libelektra-core.so.0.8.26)
  n1: 256 0x485F460: keyNew (in /home/jenkins/workspace/build/linux/lib/libelektra-core.so.0.8.26)
   n0: 256 in 4 places, all below massif's threshold (1.00%)
 n1: 232 0x400B58E: _dl_new_object (dl-object.c:163)
  n1: 232 0x4005E46: _dl_map_object_from_fd (dl-load.c:1001)
   n2: 232 0x4008A8B: _dl_map_object (dl-load.c:2466)
    n1: 172 0x400D290: openaux (dl-deps.c:64)
     n1: 172 0x49B5B2D: _dl_catch_exception (dl-error-skeleton.c:196)
      n1: 172 0x400D604: _dl_map_object_deps (dl-deps.c:248)
       n1: 172 0x401304E: dl_open_worker (dl-open.c:271)
        n1: 172 0x49B5B2D: _dl_catch_exception (dl-error-skeleton.c:196)
         n1: 172 0x4012BB8: _dl_open (dl-open.c:599)
          n1: 172 0x487D254: dlopen_doit (dlopen.c:66)
           n1: 172 0x49B5B2D: _dl_catch_exception (dl-error-skeleton.c:196)
            n1: 172 0x49B5BBD: _dl_catch_error (dl-error-skeleton.c:215)
             n1: 172 0x487D973: _dlerror_run (dlerror.c:163)
              n1: 172 0x487D2E4: dlopen@@GLIBC_2.2.5 (dlopen.c:87)
               n1: 172 0x48666EB: elektraModulesLoad (in /home/jenkins/workspace/build/linux/lib/libelektra-core.so.0.8.26)
                n1: 172 0x484FD71: elektraPluginOpen (in /home/jenkins/workspace/build/linux/lib/libelektra-kdb.so.0.8.26)
                 n0: 172 0x1091E1: main (in /home/jenkins/workspace/build/linux/bin/benchmark_plugingetset)
    n0: 60 in 1 place, below massif's threshold (1.00%)
 n1: 192 0x48633F2: ksVNew (in /home/jenkins/workspace/build/linux/lib/libelektra-core.so.0.8.26)
  n1: 192 0x486356A: ksNew (in /home/jenkins/workspace/build/linux/lib/libelektra-core.so.0.8.26)
   n0: 192 in 3 places, all below massif's threshold (1.00%)
 n1: 133 0x40081A8: fillin_rpath (dl-load.c:509)
  n1: 133 0x40083BA: decompose_rpath.isra.10 (dl-load.c:631)
   n1: 133 0x4009105: _dl_map_object (dl-load.c:2297)
    n1: 133 0x400D290: openaux (dl-deps.c:64)
     n1: 133 0x49B5B2D: _dl_catch_exception (dl-error-skeleton.c:196)
      n1: 133 0x400D604: _dl_map_object_deps (dl-deps.c:248)
       n1: 133 0x401304E: dl_open_worker (dl-open.c:271)
        n1: 133 0x49B5B2D: _dl_catch_exception (dl-error-skeleton.c:196)
         n1: 133 0x4012BB8: _dl_open (dl-open.c:599)
          n1: 133 0x487D254: dlopen_doit (dlopen.c:66)
           n1: 133 0x49B5B2D: _dl_catch_exception (dl-error-skeleton.c:196)
            n1: 133 0x49B5BBD: _dl_catch_error (dl-error-skeleton.c:215)
             n1: 133 0x487D973: _dlerror_run (dlerror.c:163)
              n1: 133 0x487D2E4: dlopen@@GLIBC_2.2.5 (dlopen.c:87)
               n1: 133 0x48666EB: elektraModulesLoad (in /home/jenkins/workspace/build/linux/lib/libelektra-core.so.0.8.26)
                n1: 133 0x484FD71: elektraPluginOpen (in /home/jenkins/workspace/build/linux/lib/libelektra-kdb.so.0.8.26)
                 n0: 133 0x1091E1: main (in /home/jenkins/workspace/build/linux/bin/benchmark_plugingetset)
 n1: 123 0x4007798: open_path (dl-load.c:2112)
  n1: 123 0x4008C16: _dl_map_object (dl-load.c:2297)
   n0: 123 in 2 places, all below massif's threshold (1.00%)
 n2: 109 0x401AAD8: strdup (strdup.c:42)
  n1: 109 0x4016065: _dl_load_cache_lookup (dl-cache.c:317)
   n1: 109 0x4008D09: _dl_map_object (dl-load.c:2332)
    n1: 109 0x400D290: openaux (dl-deps.c:64)
     n1: 109 0x49B5B2D: _dl_catch_exception (dl-error-skeleton.c:196)
      n1: 109 0x400D604: _dl_map_object_deps (dl-deps.c:248)
       n1: 109 0x401304E: dl_open_worker (dl-open.c:271)
        n1: 109 0x49B5B2D: _dl_catch_exception (dl-error-skeleton.c:196)
         n1: 109 0x4012BB8: _dl_open (dl-open.c:599)
          n1: 109 0x487D254: dlopen_doit (dlopen.c:66)
           n1: 109 0x49B5B2D: _dl_catch_exception (dl-error-skeleton.c:196)
            n1: 109 0x49B5BBD: _dl_catch_error (dl-error-skeleton.c:215)
             n1: 109 0x487D973: _dlerror_run (dlerror.c:163)
              n1: 109 0x487D2E4: dlopen@@GLIBC_2.2.5 (dlopen.c:87)
               n1: 109 0x48666EB: elektraModulesLoad (in /home/jenkins/workspace/build/linux/lib/libelektra-core.so.0.8.26)
                n1: 109 0x484FD71: elektraPluginOpen (in /home/jenkins/workspace/build/linux/lib/libelektra-kdb.so.0.8.26)
                 n0: 109 0x1091E1: main (in /home/jenkins/workspace/build/linux/bin/benchmark_plugingetset)
  n0: 0 in 2 places, all below massif's threshold (1.00%)
 n0: 108 in 6 places, all below massif's threshold (1.00%)
 n1: 104 0x485EAE2: elektraRealloc (in /home/jenkins/workspace/build/linux/lib/libelektra-core.so.0.8.26)
  n0: 104 in 2 places, all below massif's threshold (1.00%)
#-----------
snapshot=27
#-----------
time=304637
mem_heap_B=8699
mem_heap_extra_B=437
mem_stacks_B=0
heap_tree=empty
#-----------
snapshot=28
#-----------
time=315728
mem_heap_B=8787
mem_heap_extra_B=453
mem_stacks_B=0
heap_tree=empty
#-----------
snapshot=29
#-----------
time=318853
mem_heap_B=8843
mem_heap_extra_B=469
mem_stacks_B=0
heap_tree=empty
#-----------
snapshot=30
#-----------
time=322395
mem_heap_B=9035
mem_heap_extra_B=501
mem_stacks_B=0
heap_tree=empty
#-----------
snapshot=31
#-----------
time=328545
mem_heap_B=9275
mem_heap_extra_B=509
mem_stacks_B=0
heap_tree=empty
#-----------
snapshot=32
#-----------
time=329684
mem_heap_B=9347
mem_heap_extra_B=525
mem_stacks_B=0
heap_tree=empty
#-----------
snapshot=33
#-----------
time=335841
mem_heap_B=10643
mem_heap_extra_B=533
mem_stacks_B=0
heap_tree=empty
#-----------
snapshot=34
#-----------
time=339638
mem_heap_B=11027
mem_heap_extra_B=541
mem_stacks_B=0
heap_tree=empty
#-----------
snapshot=35
#-----------
time=341531
mem_heap_B=11411
mem_heap_extra_B=549
mem_stacks_B=0
heap_tree=detailed
n12: 11411 (heap allocation functions) malloc/new/new[], --alloc-fns, etc.
 n1: 5962 0x400B2AC: _dl_new_object (dl-object.c:73)
  n1: 5962 0x4005E46: _dl_map_object_from_fd (dl-load.c:1001)
   n2: 5962 0x4008A8B: _dl_map_object (dl-load.c:2466)
    n1: 4766 0x400D290: openaux (dl-deps.c:64)
     n1: 4766 0x49B5B2D: _dl_catch_exception (dl-error-skeleton.c:196)
      n1: 4766 0x400D604: _dl_map_object_deps (dl-deps.c:248)
       n1: 4766 0x401304E: dl_open_worker (dl-open.c:271)
        n1: 4766 0x49B5B2D: _dl_catch_exception (dl-error-skeleton.c:196)
         n1: 4766 0x4012BB8: _dl_open (dl-open.c:599)
          n1: 4766 0x487D254: dlopen_doit (dlopen.c:66)
           n1: 4766 0x49B5B2D: _dl_catch_exception (dl-error-skeleton.c:196)
            n1: 4766 0x49B5BBD: _dl_catch_error (dl-error-skeleton.c:215)
             n1: 4766 0x487D973: _dlerror_run (dlerror.c:163)
              n1: 4766 0x487D2E4: dlopen@@GLIBC_2.2.5 (dlopen.c:87)
               n1: 4766 0x48666EB: elektraModulesLoad (in /home/jenkins/workspace/build/linux/lib/libelektra-core.so.0.8.26)
                n1: 4766 0x484FD71: elektraPluginOpen (in /home/jenkins/workspace/build/linux/lib/libelektra-kdb.so.0.8.26)
                 n0: 4766 0x1091E1: main (in /home/jenkins/workspace/build/linux/bin/benchmark_plugingetset)
    n1: 1196 0x4012FE9: dl_open_worker (dl-open.c:228)
     n1: 1196 0x49B5B2D: _dl_catch_exception (dl-error-skeleton.c:196)
      n1: 1196 0x4012BB8: _dl_open (dl-open.c:599)
       n1: 1196 0x487D254: dlopen_doit (dlopen.c:66)
        n1: 1196 0x49B5B2D: _dl_catch_exception (dl-error-skeleton.c:196)
         n1: 1196 0x49B5BBD: _dl_catch_error (dl-error-skeleton.c:215)
          n1: 1196 0x487D973: _dlerror_run (dlerror.c:163)
           n1: 1196 0x487D2E4: dlopen@@GLIBC_2.2.5 (dlopen.c:87)
            n1: 1196 0x48666EB: elektraModulesLoad (in /home/jenkins/workspace/build/linux/lib/libelektra-core.so.0.8.26)
             n1: 1196 0x484FD71: elektraPluginOpen (in /home/jenkins/workspace/build/linux/lib/libelektra-kdb.so.0.8.26)
              n0: 1196 0x1091E1: main (in /home/jenkins/workspace/build/linux/bin/benchmark_plugingetset)
 n1: 2376 0x4010A1E: _dl_check_map_versions (dl-version.c:274)
  n1: 2376 0x4013094: dl_open_worker (dl-open.c:277)
   n1: 2376 0x49B5B2D: _dl_catch_exception (dl-error-skeleton.c:196)
    n1: 2376 0x4012BB8: _dl_open (dl-open.c:599)
     n1: 2376 0x487D254: dlopen_doit (dlopen.c:66)
      n1: 2376 0x49B5B2D: _dl_catch_exception (dl-error-skeleton.c:196)
       n1: 2376 0x49B5BBD: _dl_catch_error (dl-error-skeleton.c:215)
        n1: 2376 0x487D973: _dlerror_run (dlerror.c:163)
         n1: 2376 0x487D2E4: dlopen@@GLIBC_2.2.5 (dlopen.c:87)
          n1: 2376 0x48666EB: elektraModulesLoad (in /home/jenkins/workspace/build/linux/lib/libelektra-core.so.0.8.26)
           n1: 2376 0x484FD71: elektraPluginOpen (in /home/jenkins/workspace/build/linux/lib/libelektra-kdb.so.0.8.26)
            n0: 2376 0x1091E1: main (in /home/jenkins/workspace/build/linux/bin/benchmark_plugingetset)
 n1: 1024 0x485EBF6: elektraVFormat (in /home/jenkins/workspace/build/linux/lib/libelektra-core.so.0.8.26)
  n2: 1024 0x485ED2A: elektraFormat (in /home/jenkins/workspace/build/linux/lib/libelektra-core.so.0.8.26)
   n0: 512 0x109162: main (in /home/jenkins/workspace/build/linux/bin/benchmark_plugingetset)
   n0: 512 0x109179: main (in /home/jenkins/workspace/build/linux/bin/benchmark_plugingetset)
 n1: 384 0x4863428: ksVNew (in /home/jenkins/workspace/build/linux/lib/libelektra-core.so.0.8.26)
  n3: 384 0x486356A: ksNew (in /home/jenkins/workspace/build/linux/lib/libelektra-core.so.0.8.26)
   n0: 128 0x10914B: main (in /home/jenkins/workspace/build/linux/bin/benchmark_plugingetset)
   n0: 128 0x1091A0: main (in /home/jenkins/workspace/build/linux/bin/benchmark_plugingetset)
   n0: 128 0x1091AF: main (in /home/jenkins/workspace/build/linux/bin/benchmark_plugingetset)
 n0: 321 in 8 places, all below massif's threshold (1.00%)
 n1: 256 0x400D46A: _dl_map_object_deps (dl-deps.c:438)
  n1: 256 0x401304E: dl_open_worker (dl-open.c:271)
   n1: 256 0x49B5B2D: _dl_catch_exception (dl-error-skeleton.c:196)
    n1: 256 0x4012BB8: _dl_open (dl-open.c:599)
     n1: 256 0x487D254: dlopen_doit (dlopen.c:66)
      n1: 256 0x49B5B2D: _dl_catch_exception (dl-error-skeleton.c:196)
       n1: 256 0x49B5BBD: _dl_catch_error (dl-error-skeleton.c:215)
        n1: 256 0x487D973: _dlerror_run (dlerror.c:163)
         n1: 256 0x487D2E4: dlopen@@GLIBC_2.2.5 (dlopen.c:87)
          n1: 256 0x48666EB: elektraModulesLoad (in /home/jenkins/workspace/build/linux/lib/libelektra-core.so.0.8.26)
           n1: 256 0x484FD71: elektraPluginOpen (in /home/jenkins/workspace/build/linux/lib/libelektra-kdb.so.0.8.26)
            n0: 256 0x1091E1: main (in /home/jenkins/workspace/build/linux/bin/benchmark_plugingetset)
 n1: 256 0x485F3A2: keyVNew (in /home/jenkins/workspace/build/linux/lib/libelektra-core.so.0.8.26)
  n1: 256 0x485F460: keyNew (in /home/jenkins/workspace/build/linux/lib/libelektra-core.so.0.8.26)
   n0: 256 in 4 places, all below massif's threshold (1.00%)
 n1: 232 0x400B58E: _dl_new_object (dl-object.c:163)
  n1: 232 0x4005E46: _dl_map_object_from_fd (dl-load.c:1001)
   n2: 232 0x4008A8B: _dl_map_object (dl-load.c:2466)
    n1: 172 0x400D290: openaux (dl-deps.c:64)
     n1: 172 0x49B5B2D: _dl_catch_exception (dl-error-skeleton.c:196)
      n1: 172 0x400D604: _dl_map_object_deps (dl-deps.c:248)
       n1: 172 0x401304E: dl_open_worker (dl-open.c:271)
        n1: 172 0x49B5B2D: _dl_catch_exception (dl-error-skeleton.c:196)
         n1: 172 0x4012BB8: _dl_open (dl-open.c:599)
          n1: 172 0x487D254: dlopen_doit (dlopen.c:66)
           n1: 172 0x49B5B2D: _dl_catch_exception (dl-error-skeleton.c:196)
            n1: 172 0x49B5BBD: _dl_catch_error (dl-error-skeleton.c:215)
             n1: 172 0x487D973: _dlerror_run (dlerror.c:163)
              n1: 172 0x487D2E4: dlopen@@GLIBC_2.2.5 (dlopen.c:87)
               n1: 172 0x48666EB: elektraModulesLoad (in /home/jenkins/workspace/build/linux/lib/libelektra-core.so.0.8.26)
                n1: 172 0x484FD71: elektraPluginOpen (in /home/jenkins/workspace/build/linux/lib/libelektra-kdb.so.0.8.26)
                 n0: 172 0x1091E1: main (in /home/jenkins/workspace/build/linux/bin/benchmark_plugingetset)
    n0: 60 in 1 place, below massif's threshold (1.00%)
 n1: 192 0x48633F2: ksVNew (in /home/jenkins/workspace/build/linux/lib/libelektra-core.so.0.8.26)
  n1: 192 0x486356A: ksNew (in /home/jenkins/workspace/build/linux/lib/libelektra-core.so.0.8.26)
   n0: 192 in 3 places, all below massif's threshold (1.00%)
 n1: 152 0x400D904: _dl_map_object_deps (dl-deps.c:479)
  n1: 152 0x401304E: dl_open_worker (dl-open.c:271)
   n1: 152 0x49B5B2D: _dl_catch_exception (dl-error-skeleton.c:196)
    n1: 152 0x4012BB8: _dl_open (dl-open.c:599)
     n1: 152 0x487D254: dlopen_doit (dlopen.c:66)
      n1: 152 0x49B5B2D: _dl_catch_exception (dl-error-skeleton.c:196)
       n1: 152 0x49B5BBD: _dl_catch_error (dl-error-skeleton.c:215)
        n1: 152 0x487D973: _dlerror_run (dlerror.c:163)
         n1: 152 0x487D2E4: dlopen@@GLIBC_2.2.5 (dlopen.c:87)
          n1: 152 0x48666EB: elektraModulesLoad (in /home/jenkins/workspace/build/linux/lib/libelektra-core.so.0.8.26)
           n1: 152 0x484FD71: elektraPluginOpen (in /home/jenkins/workspace/build/linux/lib/libelektra-kdb.so.0.8.26)
            n0: 152 0x1091E1: main (in /home/jenkins/workspace/build/linux/bin/benchmark_plugingetset)
 n1: 133 0x40081A8: fillin_rpath (dl-load.c:509)
  n1: 133 0x40083BA: decompose_rpath.isra.10 (dl-load.c:631)
   n1: 133 0x4009105: _dl_map_object (dl-load.c:2297)
    n1: 133 0x400D290: openaux (dl-deps.c:64)
     n1: 133 0x49B5B2D: _dl_catch_exception (dl-error-skeleton.c:196)
      n1: 133 0x400D604: _dl_map_object_deps (dl-deps.c:248)
       n1: 133 0x401304E: dl_open_worker (dl-open.c:271)
        n1: 133 0x49B5B2D: _dl_catch_exception (dl-error-skeleton.c:196)
         n1: 133 0x4012BB8: _dl_open (dl-open.c:599)
          n1: 133 0x487D254: dlopen_doit (dlopen.c:66)
           n1: 133 0x49B5B2D: _dl_catch_exception (dl-error-skeleton.c:196)
            n1: 133 0x49B5BBD: _dl_catch_error (dl-error-skeleton.c:215)
             n1: 133 0x487D973: _dlerror_run (dlerror.c:163)
              n1: 133 0x487D2E4: dlopen@@GLIBC_2.2.5 (dlopen.c:87)
               n1: 133 0x48666EB: elektraModulesLoad (in /home/jenkins/workspace/build/linux/lib/libelektra-core.so.0.8.26)
                n1: 133 0x484FD71: elektraPluginOpen (in /home/jenkins/workspace/build/linux/lib/libelektra-kdb.so.0.8.26)
                 n0: 133 0x1091E1: main (in /home/jenkins/workspace/build/linux/bin/benchmark_plugingetset)
 n1: 123 0x4007798: open_path (dl-load.c:2112)
  n1: 123 0x4008C16: _dl_map_object (dl-load.c:2297)
   n0: 123 in 2 places, all below massif's threshold (1.00%)
#-----------
snapshot=36
#-----------
time=862005
mem_heap_B=12403
mem_heap_extra_B=557
mem_stacks_B=0
heap_tree=empty
#-----------
snapshot=37
#-----------
time=942553
mem_heap_B=14355
mem_heap_extra_B=565
mem_stacks_B=0
heap_tree=empty
#-----------
snapshot=38
#-----------
time=943436
mem_heap_B=13363
mem_heap_extra_B=557
mem_stacks_B=0
heap_tree=empty
#-----------
snapshot=39
#-----------
time=3222087
mem_heap_B=17427
mem_heap_extra_B=565
mem_stacks_B=0
heap_tree=empty
#-----------
snapshot=40
#-----------
time=3223718
mem_heap_B=15475
mem_heap_extra_B=557
mem_stacks_B=0
heap_tree=empty
#-----------
snapshot=41
#-----------
time=5028961
mem_heap_B=88179
mem_heap_extra_B=565
mem_stacks_B=0
heap_tree=empty
#-----------
snapshot=42
#-----------
time=5080900
mem_heap_B=88243
mem_heap_extra_B=573
mem_stacks_B=0
heap_tree=empty
#-----------
snapshot=43
#-----------
time=5083514
mem_heap_B=88524
mem_heap_extra_B=620
mem_stacks_B=0
heap_tree=empty
#-----------
snapshot=44
#-----------
time=5085330
mem_heap_B=88500
mem_heap_extra_B=620
mem_stacks_B=0
heap_tree=empty
#-----------
snapshot=45
#-----------
time=5087749
mem_heap_B=88564
mem_heap_extra_B=628
mem_stacks_B=0
heap_tree=empty
#-----------
snapshot=46
#-----------
time=5089801
mem_heap_B=90002
mem_heap_extra_B=718
mem_stacks_B=0
heap_tree=empty
#-----------
snapshot=47
#-----------
time=5092547
mem_heap_B=98746
mem_heap_extra_B=758
mem_stacks_B=0
heap_tree=empty
#-----------
snapshot=48
#-----------
time=5095693
mem_heap_B=98778
mem_heap_extra_B=766
mem_stacks_B=0
heap_tree=empty
#-----------
snapshot=49
#-----------
time=5096459
mem_heap_B=100466
mem_heap_extra_B=814
mem_stacks_B=0
heap_tree=detailed
n8: 100466 (heap allocation functions) malloc/new/new[], --alloc-fns, etc.
 n1: 72704 0x4F03454: ??? (in /usr/lib/x86_64-linux-gnu/libstdc++.so.6.0.25)
  n1: 72704 0x400F378: call_init.part.0 (dl-init.c:72)
   n1: 72704 0x400F474: _dl_init (dl-init.c:118)
    n1: 72704 0x40132D1: dl_open_worker (dl-open.c:517)
     n1: 72704 0x49B5B2D: _dl_catch_exception (dl-error-skeleton.c:196)
      n1: 72704 0x4012BB8: _dl_open (dl-open.c:599)
       n1: 72704 0x487D254: dlopen_doit (dlopen.c:66)
        n1: 72704 0x49B5B2D: _dl_catch_exception (dl-error-skeleton.c:196)
         n1: 72704 0x49B5BBD: _dl_catch_error (dl-error-skeleton.c:215)
          n1: 72704 0x487D973: _dlerror_run (dlerror.c:163)
           n1: 72704 0x487D2E4: dlopen@@GLIBC_2.2.5 (dlopen.c:87)
            n1: 72704 0x48666EB: elektraModulesLoad (in /home/jenkins/workspace/build/linux/lib/libelektra-core.so.0.8.26)
             n1: 72704 0x484FD71: elektraPluginOpen (in /home/jenkins/workspace/build/linux/lib/libelektra-kdb.so.0.8.26)
              n0: 72704 0x1091E1: main (in /home/jenkins/workspace/build/linux/bin/benchmark_plugingetset)
 n1: 8192 0x4F5F8F6: std::basic_filebuf<char, std::char_traits<char> >::_M_allocate_internal_buffer() (in /usr/lib/x86_64-linux-gnu/libstdc++.so.6.0.25)
  n1: 8192 0x4F63790: std::basic_filebuf<char, std::char_traits<char> >::open(char const*, std::_Ios_Openmode) (in /usr/lib/x86_64-linux-gnu/libstdc++.so.6.0.25)
   n1: 8192 0x4E4E699: ???
    n1: 8192 0x4E4A750: ???
     n1: 8192 0x4E560E2: ???
      n0: 8192 0x1091F8: main (in /home/jenkins/workspace/build/linux/bin/benchmark_plugingetset)
 n1: 5962 0x400B2AC: _dl_new_object (dl-object.c:73)
  n1: 5962 0x4005E46: _dl_map_object_from_fd (dl-load.c:1001)
   n2: 5962 0x4008A8B: _dl_map_object (dl-load.c:2466)
    n1: 4766 0x400D290: openaux (dl-deps.c:64)
     n1: 4766 0x49B5B2D: _dl_catch_exception (dl-error-skeleton.c:196)
      n1: 4766 0x400D604: _dl_map_object_deps (dl-deps.c:248)
       n1: 4766 0x401304E: dl_open_worker (dl-open.c:271)
        n1: 4766 0x49B5B2D: _dl_catch_exception (dl-error-skeleton.c:196)
         n1: 4766 0x4012BB8: _dl_open (dl-open.c:599)
          n1: 4766 0x487D254: dlopen_doit (dlopen.c:66)
           n1: 4766 0x49B5B2D: _dl_catch_exception (dl-error-skeleton.c:196)
            n1: 4766 0x49B5BBD: _dl_catch_error (dl-error-skeleton.c:215)
             n1: 4766 0x487D973: _dlerror_run (dlerror.c:163)
              n1: 4766 0x487D2E4: dlopen@@GLIBC_2.2.5 (dlopen.c:87)
               n1: 4766 0x48666EB: elektraModulesLoad (in /home/jenkins/workspace/build/linux/lib/libelektra-core.so.0.8.26)
                n1: 4766 0x484FD71: elektraPluginOpen (in /home/jenkins/workspace/build/linux/lib/libelektra-kdb.so.0.8.26)
                 n0: 4766 0x1091E1: main (in /home/jenkins/workspace/build/linux/bin/benchmark_plugingetset)
    n1: 1196 0x4012FE9: dl_open_worker (dl-open.c:228)
     n1: 1196 0x49B5B2D: _dl_catch_exception (dl-error-skeleton.c:196)
      n1: 1196 0x4012BB8: _dl_open (dl-open.c:599)
       n1: 1196 0x487D254: dlopen_doit (dlopen.c:66)
        n1: 1196 0x49B5B2D: _dl_catch_exception (dl-error-skeleton.c:196)
         n1: 1196 0x49B5BBD: _dl_catch_error (dl-error-skeleton.c:215)
          n1: 1196 0x487D973: _dlerror_run (dlerror.c:163)
           n1: 1196 0x487D2E4: dlopen@@GLIBC_2.2.5 (dlopen.c:87)
            n1: 1196 0x48666EB: elektraModulesLoad (in /home/jenkins/workspace/build/linux/lib/libelektra-core.so.0.8.26)
             n1: 1196 0x484FD71: elektraPluginOpen (in /home/jenkins/workspace/build/linux/lib/libelektra-kdb.so.0.8.26)
              n0: 1196 0x1091E1: main (in /home/jenkins/workspace/build/linux/bin/benchmark_plugingetset)
 n0: 5120 in 32 places, all below massif's threshold (1.00%)
 n1: 4064 0x400A095: do_lookup_x (dl-lookup.c:253)
  n1: 4064 0x400A38D: _dl_lookup_symbol_x (dl-lookup.c:814)
   n1: 4064 0x400BD5C: _dl_relocate_object (dl-machine.h:308)
    n1: 4064 0x401319C: dl_open_worker (dl-open.c:377)
     n1: 4064 0x49B5B2D: _dl_catch_exception (dl-error-skeleton.c:196)
      n1: 4064 0x4012BB8: _dl_open (dl-open.c:599)
       n1: 4064 0x487D254: dlopen_doit (dlopen.c:66)
        n1: 4064 0x49B5B2D: _dl_catch_exception (dl-error-skeleton.c:196)
         n1: 4064 0x49B5BBD: _dl_catch_error (dl-error-skeleton.c:215)
          n1: 4064 0x487D973: _dlerror_run (dlerror.c:163)
           n1: 4064 0x487D2E4: dlopen@@GLIBC_2.2.5 (dlopen.c:87)
            n1: 4064 0x48666EB: elektraModulesLoad (in /home/jenkins/workspace/build/linux/lib/libelektra-core.so.0.8.26)
             n1: 4064 0x484FD71: elektraPluginOpen (in /home/jenkins/workspace/build/linux/lib/libelektra-kdb.so.0.8.26)
              n0: 4064 0x1091E1: main (in /home/jenkins/workspace/build/linux/bin/benchmark_plugingetset)
 n1: 2376 0x4010A1E: _dl_check_map_versions (dl-version.c:274)
  n1: 2376 0x4013094: dl_open_worker (dl-open.c:277)
   n1: 2376 0x49B5B2D: _dl_catch_exception (dl-error-skeleton.c:196)
    n1: 2376 0x4012BB8: _dl_open (dl-open.c:599)
     n1: 2376 0x487D254: dlopen_doit (dlopen.c:66)
      n1: 2376 0x49B5B2D: _dl_catch_exception (dl-error-skeleton.c:196)
       n1: 2376 0x49B5BBD: _dl_catch_error (dl-error-skeleton.c:215)
        n1: 2376 0x487D973: _dlerror_run (dlerror.c:163)
         n1: 2376 0x487D2E4: dlopen@@GLIBC_2.2.5 (dlopen.c:87)
          n1: 2376 0x48666EB: elektraModulesLoad (in /home/jenkins/workspace/build/linux/lib/libelektra-core.so.0.8.26)
           n1: 2376 0x484FD71: elektraPluginOpen (in /home/jenkins/workspace/build/linux/lib/libelektra-kdb.so.0.8.26)
            n0: 2376 0x1091E1: main (in /home/jenkins/workspace/build/linux/bin/benchmark_plugingetset)
 n1: 1024 0x485EBF6: elektraVFormat (in /home/jenkins/workspace/build/linux/lib/libelektra-core.so.0.8.26)
  n1: 1024 0x485ED2A: elektraFormat (in /home/jenkins/workspace/build/linux/lib/libelektra-core.so.0.8.26)
   n0: 1024 in 2 places, all below massif's threshold (1.00%)
 n1: 1024 0x4E53D78: ???
  n0: 1024 in 2 places, all below massif's threshold (1.00%)
#-----------
snapshot=50
#-----------
time=5106739
mem_heap_B=119154
mem_heap_extra_B=814
mem_stacks_B=0
heap_tree=empty
#-----------
snapshot=51
#-----------
time=5107271
mem_heap_B=119232
mem_heap_extra_B=848
mem_stacks_B=0
heap_tree=empty
#-----------
snapshot=52
#-----------
time=5107999
mem_heap_B=119489
mem_heap_extra_B=895
mem_stacks_B=0
heap_tree=empty
#-----------
snapshot=53
#-----------
time=5109425
mem_heap_B=119501
mem_heap_extra_B=907
mem_stacks_B=0
heap_tree=peak
n7: 119501 (heap allocation functions) malloc/new/new[], --alloc-fns, etc.
 n1: 72704 0x4F03454: ??? (in /usr/lib/x86_64-linux-gnu/libstdc++.so.6.0.25)
  n1: 72704 0x400F378: call_init.part.0 (dl-init.c:72)
   n1: 72704 0x400F474: _dl_init (dl-init.c:118)
    n1: 72704 0x40132D1: dl_open_worker (dl-open.c:517)
     n1: 72704 0x49B5B2D: _dl_catch_exception (dl-error-skeleton.c:196)
      n1: 72704 0x4012BB8: _dl_open (dl-open.c:599)
       n1: 72704 0x487D254: dlopen_doit (dlopen.c:66)
        n1: 72704 0x49B5B2D: _dl_catch_exception (dl-error-skeleton.c:196)
         n1: 72704 0x49B5BBD: _dl_catch_error (dl-error-skeleton.c:215)
          n1: 72704 0x487D973: _dlerror_run (dlerror.c:163)
           n1: 72704 0x487D2E4: dlopen@@GLIBC_2.2.5 (dlopen.c:87)
            n1: 72704 0x48666EB: elektraModulesLoad (in /home/jenkins/workspace/build/linux/lib/libelektra-core.so.0.8.26)
             n1: 72704 0x484FD71: elektraPluginOpen (in /home/jenkins/workspace/build/linux/lib/libelektra-kdb.so.0.8.26)
              n0: 72704 0x1091E1: main (in /home/jenkins/workspace/build/linux/bin/benchmark_plugingetset)
 n1: 19200 0x4E595F6: ???
  n1: 19200 0x4E4E6ED: ???
   n1: 19200 0x4E4A750: ???
    n1: 19200 0x4E560E2: ???
     n0: 19200 0x1091F8: main (in /home/jenkins/workspace/build/linux/bin/benchmark_plugingetset)
 n1: 8192 0x4F5F8F6: std::basic_filebuf<char, std::char_traits<char> >::_M_allocate_internal_buffer() (in /usr/lib/x86_64-linux-gnu/libstdc++.so.6.0.25)
  n1: 8192 0x4F63790: std::basic_filebuf<char, std::char_traits<char> >::open(char const*, std::_Ios_Openmode) (in /usr/lib/x86_64-linux-gnu/libstdc++.so.6.0.25)
   n1: 8192 0x4E4E699: ???
    n1: 8192 0x4E4A750: ???
     n1: 8192 0x4E560E2: ???
      n0: 8192 0x1091F8: main (in /home/jenkins/workspace/build/linux/bin/benchmark_plugingetset)
 n0: 7003 in 34 places, all below massif's threshold (1.00%)
 n1: 5962 0x400B2AC: _dl_new_object (dl-object.c:73)
  n1: 5962 0x4005E46: _dl_map_object_from_fd (dl-load.c:1001)
   n2: 5962 0x4008A8B: _dl_map_object (dl-load.c:2466)
    n1: 4766 0x400D290: openaux (dl-deps.c:64)
     n1: 4766 0x49B5B2D: _dl_catch_exception (dl-error-skeleton.c:196)
      n1: 4766 0x400D604: _dl_map_object_deps (dl-deps.c:248)
       n1: 4766 0x401304E: dl_open_worker (dl-open.c:271)
        n1: 4766 0x49B5B2D: _dl_catch_exception (dl-error-skeleton.c:196)
         n1: 4766 0x4012BB8: _dl_open (dl-open.c:599)
          n1: 4766 0x487D254: dlopen_doit (dlopen.c:66)
           n1: 4766 0x49B5B2D: _dl_catch_exception (dl-error-skeleton.c:196)
            n1: 4766 0x49B5BBD: _dl_catch_error (dl-error-skeleton.c:215)
             n1: 4766 0x487D973: _dlerror_run (dlerror.c:163)
              n1: 4766 0x487D2E4: dlopen@@GLIBC_2.2.5 (dlopen.c:87)
               n1: 4766 0x48666EB: elektraModulesLoad (in /home/jenkins/workspace/build/linux/lib/libelektra-core.so.0.8.26)
                n1: 4766 0x484FD71: elektraPluginOpen (in /home/jenkins/workspace/build/linux/lib/libelektra-kdb.so.0.8.26)
                 n0: 4766 0x1091E1: main (in /home/jenkins/workspace/build/linux/bin/benchmark_plugingetset)
    n0: 1196 in 1 place, below massif's threshold (1.00%)
 n1: 4064 0x400A095: do_lookup_x (dl-lookup.c:253)
  n1: 4064 0x400A38D: _dl_lookup_symbol_x (dl-lookup.c:814)
   n1: 4064 0x400BD5C: _dl_relocate_object (dl-machine.h:308)
    n1: 4064 0x401319C: dl_open_worker (dl-open.c:377)
     n1: 4064 0x49B5B2D: _dl_catch_exception (dl-error-skeleton.c:196)
      n1: 4064 0x4012BB8: _dl_open (dl-open.c:599)
       n1: 4064 0x487D254: dlopen_doit (dlopen.c:66)
        n1: 4064 0x49B5B2D: _dl_catch_exception (dl-error-skeleton.c:196)
         n1: 4064 0x49B5BBD: _dl_catch_error (dl-error-skeleton.c:215)
          n1: 4064 0x487D973: _dlerror_run (dlerror.c:163)
           n1: 4064 0x487D2E4: dlopen@@GLIBC_2.2.5 (dlopen.c:87)
            n1: 4064 0x48666EB: elektraModulesLoad (in /home/jenkins/workspace/build/linux/lib/libelektra-core.so.0.8.26)
             n1: 4064 0x484FD71: elektraPluginOpen (in /home/jenkins/workspace/build/linux/lib/libelektra-kdb.so.0.8.26)
              n0: 4064 0x1091E1: main (in /home/jenkins/workspace/build/linux/bin/benchmark_plugingetset)
 n1: 2376 0x4010A1E: _dl_check_map_versions (dl-version.c:274)
  n1: 2376 0x4013094: dl_open_worker (dl-open.c:277)
   n1: 2376 0x49B5B2D: _dl_catch_exception (dl-error-skeleton.c:196)
    n1: 2376 0x4012BB8: _dl_open (dl-open.c:599)
     n1: 2376 0x487D254: dlopen_doit (dlopen.c:66)
      n1: 2376 0x49B5B2D: _dl_catch_exception (dl-error-skeleton.c:196)
       n1: 2376 0x49B5BBD: _dl_catch_error (dl-error-skeleton.c:215)
        n1: 2376 0x487D973: _dlerror_run (dlerror.c:163)
         n1: 2376 0x487D2E4: dlopen@@GLIBC_2.2.5 (dlopen.c:87)
          n1: 2376 0x48666EB: elektraModulesLoad (in /home/jenkins/workspace/build/linux/lib/libelektra-core.so.0.8.26)
           n1: 2376 0x484FD71: elektraPluginOpen (in /home/jenkins/workspace/build/linux/lib/libelektra-kdb.so.0.8.26)
            n0: 2376 0x1091E1: main (in /home/jenkins/workspace/build/linux/bin/benchmark_plugingetset)
#-----------
snapshot=54
#-----------
time=5111876
mem_heap_B=100235
mem_heap_extra_B=893
mem_stacks_B=0
heap_tree=empty
#-----------
snapshot=55
#-----------
time=5112469
mem_heap_B=90347
mem_heap_extra_B=813
mem_stacks_B=0
heap_tree=empty
#-----------
snapshot=56
#-----------
time=5116583
mem_heap_B=90411
mem_heap_extra_B=821
mem_stacks_B=0
heap_tree=empty
#-----------
snapshot=57
#-----------
time=5117122
mem_heap_B=88909
mem_heap_extra_B=723
mem_stacks_B=0
heap_tree=empty
#-----------
snapshot=58
#-----------
time=5117628
mem_heap_B=88751
mem_heap_extra_B=657
mem_stacks_B=0
heap_tree=empty
#-----------
snapshot=59
#-----------
time=5119207
mem_heap_B=88559
mem_heap_extra_B=641
mem_stacks_B=0
heap_tree=empty
#-----------
snapshot=60
#-----------
time=5120014
mem_heap_B=88415
mem_heap_extra_B=625
mem_stacks_B=0
heap_tree=empty
#-----------
snapshot=61
#-----------
time=5121916
mem_heap_B=88429
mem_heap_extra_B=635
mem_stacks_B=0
heap_tree=empty
#-----------
snapshot=62
#-----------
time=5125877
mem_heap_B=88415
mem_heap_extra_B=625
mem_stacks_B=0
heap_tree=empty
#-----------
snapshot=63
#-----------
time=5131192
mem_heap_B=88447
mem_heap_extra_B=633
mem_stacks_B=0
heap_tree=detailed
n6: 88447 (heap allocation functions) malloc/new/new[], --alloc-fns, etc.
 n1: 72704 0x4F03454: ??? (in /usr/lib/x86_64-linux-gnu/libstdc++.so.6.0.25)
  n1: 72704 0x400F378: call_init.part.0 (dl-init.c:72)
   n1: 72704 0x400F474: _dl_init (dl-init.c:118)
    n1: 72704 0x40132D1: dl_open_worker (dl-open.c:517)
     n1: 72704 0x49B5B2D: _dl_catch_exception (dl-error-skeleton.c:196)
      n1: 72704 0x4012BB8: _dl_open (dl-open.c:599)
       n1: 72704 0x487D254: dlopen_doit (dlopen.c:66)
        n1: 72704 0x49B5B2D: _dl_catch_exception (dl-error-skeleton.c:196)
         n1: 72704 0x49B5BBD: _dl_catch_error (dl-error-skeleton.c:215)
          n1: 72704 0x487D973: _dlerror_run (dlerror.c:163)
           n1: 72704 0x487D2E4: dlopen@@GLIBC_2.2.5 (dlopen.c:87)
            n1: 72704 0x48666EB: elektraModulesLoad (in /home/jenkins/workspace/build/linux/lib/libelektra-core.so.0.8.26)
             n1: 72704 0x484FD71: elektraPluginOpen (in /home/jenkins/workspace/build/linux/lib/libelektra-kdb.so.0.8.26)
              n0: 72704 0x1091E1: main (in /home/jenkins/workspace/build/linux/bin/benchmark_plugingetset)
 n1: 5962 0x400B2AC: _dl_new_object (dl-object.c:73)
  n1: 5962 0x4005E46: _dl_map_object_from_fd (dl-load.c:1001)
   n2: 5962 0x4008A8B: _dl_map_object (dl-load.c:2466)
    n1: 4766 0x400D290: openaux (dl-deps.c:64)
     n1: 4766 0x49B5B2D: _dl_catch_exception (dl-error-skeleton.c:196)
      n1: 4766 0x400D604: _dl_map_object_deps (dl-deps.c:248)
       n1: 4766 0x401304E: dl_open_worker (dl-open.c:271)
        n1: 4766 0x49B5B2D: _dl_catch_exception (dl-error-skeleton.c:196)
         n1: 4766 0x4012BB8: _dl_open (dl-open.c:599)
          n1: 4766 0x487D254: dlopen_doit (dlopen.c:66)
           n1: 4766 0x49B5B2D: _dl_catch_exception (dl-error-skeleton.c:196)
            n1: 4766 0x49B5BBD: _dl_catch_error (dl-error-skeleton.c:215)
             n1: 4766 0x487D973: _dlerror_run (dlerror.c:163)
              n1: 4766 0x487D2E4: dlopen@@GLIBC_2.2.5 (dlopen.c:87)
               n1: 4766 0x48666EB: elektraModulesLoad (in /home/jenkins/workspace/build/linux/lib/libelektra-core.so.0.8.26)
                n1: 4766 0x484FD71: elektraPluginOpen (in /home/jenkins/workspace/build/linux/lib/libelektra-kdb.so.0.8.26)
                 n0: 4766 0x1091E1: main (in /home/jenkins/workspace/build/linux/bin/benchmark_plugingetset)
    n1: 1196 0x4012FE9: dl_open_worker (dl-open.c:228)
     n1: 1196 0x49B5B2D: _dl_catch_exception (dl-error-skeleton.c:196)
      n1: 1196 0x4012BB8: _dl_open (dl-open.c:599)
       n1: 1196 0x487D254: dlopen_doit (dlopen.c:66)
        n1: 1196 0x49B5B2D: _dl_catch_exception (dl-error-skeleton.c:196)
         n1: 1196 0x49B5BBD: _dl_catch_error (dl-error-skeleton.c:215)
          n1: 1196 0x487D973: _dlerror_run (dlerror.c:163)
           n1: 1196 0x487D2E4: dlopen@@GLIBC_2.2.5 (dlopen.c:87)
            n1: 1196 0x48666EB: elektraModulesLoad (in /home/jenkins/workspace/build/linux/lib/libelektra-core.so.0.8.26)
             n1: 1196 0x484FD71: elektraPluginOpen (in /home/jenkins/workspace/build/linux/lib/libelektra-kdb.so.0.8.26)
              n0: 1196 0x1091E1: main (in /home/jenkins/workspace/build/linux/bin/benchmark_plugingetset)
 n1: 4064 0x400A095: do_lookup_x (dl-lookup.c:253)
  n1: 4064 0x400A38D: _dl_lookup_symbol_x (dl-lookup.c:814)
   n1: 4064 0x400BD5C: _dl_relocate_object (dl-machine.h:308)
    n1: 4064 0x401319C: dl_open_worker (dl-open.c:377)
     n1: 4064 0x49B5B2D: _dl_catch_exception (dl-error-skeleton.c:196)
      n1: 4064 0x4012BB8: _dl_open (dl-open.c:599)
       n1: 4064 0x487D254: dlopen_doit (dlopen.c:66)
        n1: 4064 0x49B5B2D: _dl_catch_exception (dl-error-skeleton.c:196)
         n1: 4064 0x49B5BBD: _dl_catch_error (dl-error-skeleton.c:215)
          n1: 4064 0x487D973: _dlerror_run (dlerror.c:163)
           n1: 4064 0x487D2E4: dlopen@@GLIBC_2.2.5 (dlopen.c:87)
            n1: 4064 0x48666EB: elektraModulesLoad (in /home/jenkins/workspace/build/linux/lib/libelektra-core.so.0.8.26)
             n1: 4064 0x484FD71: elektraPluginOpen (in /home/jenkins/workspace/build/linux/lib/libelektra-kdb.so.0.8.26)
              n0: 4064 0x1091E1: main (in /home/jenkins/workspace/build/linux/bin/benchmark_plugingetset)
 n1: 2376 0x4010A1E: _dl_check_map_versions (dl-version.c:274)
  n1: 2376 0x4013094: dl_open_worker (dl-open.c:277)
   n1: 2376 0x49B5B2D: _dl_catch_exception (dl-error-skeleton.c:196)
    n1: 2376 0x4012BB8: _dl_open (dl-open.c:599)
     n1: 2376 0x487D254: dlopen_doit (dlopen.c:66)
      n1: 2376 0x49B5B2D: _dl_catch_exception (dl-error-skeleton.c:196)
       n1: 2376 0x49B5BBD: _dl_catch_error (dl-error-skeleton.c:215)
        n1: 2376 0x487D973: _dlerror_run (dlerror.c:163)
         n1: 2376 0x487D2E4: dlopen@@GLIBC_2.2.5 (dlopen.c:87)
          n1: 2376 0x48666EB: elektraModulesLoad (in /home/jenkins/workspace/build/linux/lib/libelektra-core.so.0.8.26)
           n1: 2376 0x484FD71: elektraPluginOpen (in /home/jenkins/workspace/build/linux/lib/libelektra-kdb.so.0.8.26)
            n0: 2376 0x1091E1: main (in /home/jenkins/workspace/build/linux/bin/benchmark_plugingetset)
 n0: 2317 in 36 places, all below massif's threshold (1.00%)
 n1: 1024 0x485EBF6: elektraVFormat (in /home/jenkins/workspace/build/linux/lib/libelektra-core.so.0.8.26)
  n1: 1024 0x485ED2A: elektraFormat (in /home/jenkins/workspace/build/linux/lib/libelektra-core.so.0.8.26)
   n0: 1024 in 2 places, all below massif's threshold (1.00%)
#-----------
snapshot=64
#-----------
time=5131726
mem_heap_B=88271
mem_heap_extra_B=641
mem_stacks_B=0
heap_tree=empty
#-----------
snapshot=65
#-----------
time=5132345
mem_heap_B=85244
mem_heap_extra_B=508
mem_stacks_B=0
heap_tree=empty
#-----------
snapshot=66
#-----------
time=5134242
mem_heap_B=84847
mem_heap_extra_B=425
mem_stacks_B=0
heap_tree=empty
#-----------
snapshot=67
#-----------
time=5135055
mem_heap_B=84655
mem_heap_extra_B=409
mem_stacks_B=0
heap_tree=empty
#-----------
snapshot=68
#-----------
time=5136573
mem_heap_B=84079
mem_heap_extra_B=393
mem_stacks_B=0
heap_tree=empty
#-----------
snapshot=69
#-----------
time=5137048
mem_heap_B=83286
mem_heap_extra_B=298
mem_stacks_B=0
heap_tree=empty
#-----------
snapshot=70
#-----------
time=5144019
mem_heap_B=82897
mem_heap_extra_B=255
mem_stacks_B=0
heap_tree=empty
