desc: --massif-out-file=results/generated_1_yawn_linux_gcc8.3.0.out
cmd: build/linux/bin/benchmark_plugingetset benchmarks/data/generated_1 user yawn get
time_unit: i
#-----------
snapshot=0
#-----------
time=0
mem_heap_B=0
mem_heap_extra_B=0
mem_stacks_B=0
heap_tree=empty
#-----------
snapshot=1
#-----------
time=209283
mem_heap_B=64
mem_heap_extra_B=8
mem_stacks_B=0
heap_tree=empty
#-----------
snapshot=2
#-----------
time=217047
mem_heap_B=1280
mem_heap_extra_B=40
mem_stacks_B=0
heap_tree=empty
#-----------
snapshot=3
#-----------
time=224376
mem_heap_B=1321
mem_heap_extra_B=55
mem_stacks_B=0
heap_tree=empty
#-----------
snapshot=4
#-----------
time=237263
mem_heap_B=1395
mem_heap_extra_B=77
mem_stacks_B=0
heap_tree=empty
#-----------
snapshot=5
#-----------
time=249101
mem_heap_B=1889
mem_heap_extra_B=127
mem_stacks_B=0
heap_tree=empty
#-----------
snapshot=6
#-----------
time=255954
mem_heap_B=2011
mem_heap_extra_B=181
mem_stacks_B=0
heap_tree=empty
#-----------
snapshot=7
#-----------
time=269764
mem_heap_B=2091
mem_heap_extra_B=205
mem_stacks_B=0
heap_tree=empty
#-----------
snapshot=8
#-----------
time=280691
mem_heap_B=4712
mem_heap_extra_B=272
mem_stacks_B=0
heap_tree=empty
#-----------
snapshot=9
#-----------
time=292557
mem_heap_B=7357
mem_heap_extra_B=371
mem_stacks_B=0
heap_tree=empty
#-----------
snapshot=10
#-----------
time=305396
mem_heap_B=8691
mem_heap_extra_B=445
mem_stacks_B=0
heap_tree=empty
#-----------
snapshot=11
#-----------
time=316487
mem_heap_B=8779
mem_heap_extra_B=461
mem_stacks_B=0
heap_tree=empty
#-----------
snapshot=12
#-----------
time=329534
mem_heap_B=9267
mem_heap_extra_B=517
mem_stacks_B=0
heap_tree=empty
#-----------
snapshot=13
#-----------
time=342520
mem_heap_B=11403
mem_heap_extra_B=557
mem_stacks_B=0
heap_tree=detailed
n12: 11403 (heap allocation functions) malloc/new/new[], --alloc-fns, etc.
 n1: 5961 0x400B2AC: _dl_new_object (dl-object.c:73)
  n1: 5961 0x4005E46: _dl_map_object_from_fd (dl-load.c:1001)
   n2: 5961 0x4008A8B: _dl_map_object (dl-load.c:2466)
    n1: 4766 0x400D290: openaux (dl-deps.c:64)
     n1: 4766 0x49B5B2D: _dl_catch_exception (dl-error-skeleton.c:196)
      n1: 4766 0x400D604: _dl_map_object_deps (dl-deps.c:248)
       n1: 4766 0x401304E: dl_open_worker (dl-open.c:271)
        n1: 4766 0x49B5B2D: _dl_catch_exception (dl-error-skeleton.c:196)
         n1: 4766 0x4012BB8: _dl_open (dl-open.c:599)
          n1: 4766 0x487D254: dlopen_doit (dlopen.c:66)
           n1: 4766 0x49B5B2D: _dl_catch_exception (dl-error-skeleton.c:196)
            n1: 4766 0x49B5BBD: _dl_catch_error (dl-error-skeleton.c:215)
             n1: 4766 0x487D973: _dlerror_run (dlerror.c:163)
              n1: 4766 0x487D2E4: dlopen@@GLIBC_2.2.5 (dlopen.c:87)
               n1: 4766 0x48666EB: elektraModulesLoad (in /home/jenkins/workspace/build/linux/lib/libelektra-core.so.0.8.26)
                n1: 4766 0x484FD71: elektraPluginOpen (in /home/jenkins/workspace/build/linux/lib/libelektra-kdb.so.0.8.26)
                 n0: 4766 0x1091E1: main (in /home/jenkins/workspace/build/linux/bin/benchmark_plugingetset)
    n1: 1195 0x4012FE9: dl_open_worker (dl-open.c:228)
     n1: 1195 0x49B5B2D: _dl_catch_exception (dl-error-skeleton.c:196)
      n1: 1195 0x4012BB8: _dl_open (dl-open.c:599)
       n1: 1195 0x487D254: dlopen_doit (dlopen.c:66)
        n1: 1195 0x49B5B2D: _dl_catch_exception (dl-error-skeleton.c:196)
         n1: 1195 0x49B5BBD: _dl_catch_error (dl-error-skeleton.c:215)
          n1: 1195 0x487D973: _dlerror_run (dlerror.c:163)
           n1: 1195 0x487D2E4: dlopen@@GLIBC_2.2.5 (dlopen.c:87)
            n1: 1195 0x48666EB: elektraModulesLoad (in /home/jenkins/workspace/build/linux/lib/libelektra-core.so.0.8.26)
             n1: 1195 0x484FD71: elektraPluginOpen (in /home/jenkins/workspace/build/linux/lib/libelektra-kdb.so.0.8.26)
              n0: 1195 0x1091E1: main (in /home/jenkins/workspace/build/linux/bin/benchmark_plugingetset)
 n1: 2376 0x4010A1E: _dl_check_map_versions (dl-version.c:274)
  n1: 2376 0x4013094: dl_open_worker (dl-open.c:277)
   n1: 2376 0x49B5B2D: _dl_catch_exception (dl-error-skeleton.c:196)
    n1: 2376 0x4012BB8: _dl_open (dl-open.c:599)
     n1: 2376 0x487D254: dlopen_doit (dlopen.c:66)
      n1: 2376 0x49B5B2D: _dl_catch_exception (dl-error-skeleton.c:196)
       n1: 2376 0x49B5BBD: _dl_catch_error (dl-error-skeleton.c:215)
        n1: 2376 0x487D973: _dlerror_run (dlerror.c:163)
         n1: 2376 0x487D2E4: dlopen@@GLIBC_2.2.5 (dlopen.c:87)
          n1: 2376 0x48666EB: elektraModulesLoad (in /home/jenkins/workspace/build/linux/lib/libelektra-core.so.0.8.26)
           n1: 2376 0x484FD71: elektraPluginOpen (in /home/jenkins/workspace/build/linux/lib/libelektra-kdb.so.0.8.26)
            n0: 2376 0x1091E1: main (in /home/jenkins/workspace/build/linux/bin/benchmark_plugingetset)
 n1: 1024 0x485EBF6: elektraVFormat (in /home/jenkins/workspace/build/linux/lib/libelektra-core.so.0.8.26)
  n2: 1024 0x485ED2A: elektraFormat (in /home/jenkins/workspace/build/linux/lib/libelektra-core.so.0.8.26)
   n0: 512 0x109162: main (in /home/jenkins/workspace/build/linux/bin/benchmark_plugingetset)
   n0: 512 0x109179: main (in /home/jenkins/workspace/build/linux/bin/benchmark_plugingetset)
 n1: 384 0x4863428: ksVNew (in /home/jenkins/workspace/build/linux/lib/libelektra-core.so.0.8.26)
  n3: 384 0x486356A: ksNew (in /home/jenkins/workspace/build/linux/lib/libelektra-core.so.0.8.26)
   n0: 128 0x10914B: main (in /home/jenkins/workspace/build/linux/bin/benchmark_plugingetset)
   n0: 128 0x1091A0: main (in /home/jenkins/workspace/build/linux/bin/benchmark_plugingetset)
   n0: 128 0x1091AF: main (in /home/jenkins/workspace/build/linux/bin/benchmark_plugingetset)
 n0: 317 in 8 places, all below massif's threshold (1.00%)
 n1: 256 0x400D46A: _dl_map_object_deps (dl-deps.c:438)
  n1: 256 0x401304E: dl_open_worker (dl-open.c:271)
   n1: 256 0x49B5B2D: _dl_catch_exception (dl-error-skeleton.c:196)
    n1: 256 0x4012BB8: _dl_open (dl-open.c:599)
     n1: 256 0x487D254: dlopen_doit (dlopen.c:66)
      n1: 256 0x49B5B2D: _dl_catch_exception (dl-error-skeleton.c:196)
       n1: 256 0x49B5BBD: _dl_catch_error (dl-error-skeleton.c:215)
        n1: 256 0x487D973: _dlerror_run (dlerror.c:163)
         n1: 256 0x487D2E4: dlopen@@GLIBC_2.2.5 (dlopen.c:87)
          n1: 256 0x48666EB: elektraModulesLoad (in /home/jenkins/workspace/build/linux/lib/libelektra-core.so.0.8.26)
           n1: 256 0x484FD71: elektraPluginOpen (in /home/jenkins/workspace/build/linux/lib/libelektra-kdb.so.0.8.26)
            n0: 256 0x1091E1: main (in /home/jenkins/workspace/build/linux/bin/benchmark_plugingetset)
 n1: 256 0x485F3A2: keyVNew (in /home/jenkins/workspace/build/linux/lib/libelektra-core.so.0.8.26)
  n1: 256 0x485F460: keyNew (in /home/jenkins/workspace/build/linux/lib/libelektra-core.so.0.8.26)
   n0: 256 in 4 places, all below massif's threshold (1.00%)
 n1: 231 0x400B58E: _dl_new_object (dl-object.c:163)
  n1: 231 0x4005E46: _dl_map_object_from_fd (dl-load.c:1001)
   n2: 231 0x4008A8B: _dl_map_object (dl-load.c:2466)
    n1: 172 0x400D290: openaux (dl-deps.c:64)
     n1: 172 0x49B5B2D: _dl_catch_exception (dl-error-skeleton.c:196)
      n1: 172 0x400D604: _dl_map_object_deps (dl-deps.c:248)
       n1: 172 0x401304E: dl_open_worker (dl-open.c:271)
        n1: 172 0x49B5B2D: _dl_catch_exception (dl-error-skeleton.c:196)
         n1: 172 0x4012BB8: _dl_open (dl-open.c:599)
          n1: 172 0x487D254: dlopen_doit (dlopen.c:66)
           n1: 172 0x49B5B2D: _dl_catch_exception (dl-error-skeleton.c:196)
            n1: 172 0x49B5BBD: _dl_catch_error (dl-error-skeleton.c:215)
             n1: 172 0x487D973: _dlerror_run (dlerror.c:163)
              n1: 172 0x487D2E4: dlopen@@GLIBC_2.2.5 (dlopen.c:87)
               n1: 172 0x48666EB: elektraModulesLoad (in /home/jenkins/workspace/build/linux/lib/libelektra-core.so.0.8.26)
                n1: 172 0x484FD71: elektraPluginOpen (in /home/jenkins/workspace/build/linux/lib/libelektra-kdb.so.0.8.26)
                 n0: 172 0x1091E1: main (in /home/jenkins/workspace/build/linux/bin/benchmark_plugingetset)
    n0: 59 in 1 place, below massif's threshold (1.00%)
 n1: 192 0x48633F2: ksVNew (in /home/jenkins/workspace/build/linux/lib/libelektra-core.so.0.8.26)
  n1: 192 0x486356A: ksNew (in /home/jenkins/workspace/build/linux/lib/libelektra-core.so.0.8.26)
   n0: 192 in 3 places, all below massif's threshold (1.00%)
 n1: 152 0x400D904: _dl_map_object_deps (dl-deps.c:479)
  n1: 152 0x401304E: dl_open_worker (dl-open.c:271)
   n1: 152 0x49B5B2D: _dl_catch_exception (dl-error-skeleton.c:196)
    n1: 152 0x4012BB8: _dl_open (dl-open.c:599)
     n1: 152 0x487D254: dlopen_doit (dlopen.c:66)
      n1: 152 0x49B5B2D: _dl_catch_exception (dl-error-skeleton.c:196)
       n1: 152 0x49B5BBD: _dl_catch_error (dl-error-skeleton.c:215)
        n1: 152 0x487D973: _dlerror_run (dlerror.c:163)
         n1: 152 0x487D2E4: dlopen@@GLIBC_2.2.5 (dlopen.c:87)
          n1: 152 0x48666EB: elektraModulesLoad (in /home/jenkins/workspace/build/linux/lib/libelektra-core.so.0.8.26)
           n1: 152 0x484FD71: elektraPluginOpen (in /home/jenkins/workspace/build/linux/lib/libelektra-kdb.so.0.8.26)
            n0: 152 0x1091E1: main (in /home/jenkins/workspace/build/linux/bin/benchmark_plugingetset)
 n1: 132 0x40081A8: fillin_rpath (dl-load.c:509)
  n1: 132 0x40083BA: decompose_rpath.isra.10 (dl-load.c:631)
   n1: 132 0x4009105: _dl_map_object (dl-load.c:2297)
    n1: 132 0x400D290: openaux (dl-deps.c:64)
     n1: 132 0x49B5B2D: _dl_catch_exception (dl-error-skeleton.c:196)
      n1: 132 0x400D604: _dl_map_object_deps (dl-deps.c:248)
       n1: 132 0x401304E: dl_open_worker (dl-open.c:271)
        n1: 132 0x49B5B2D: _dl_catch_exception (dl-error-skeleton.c:196)
         n1: 132 0x4012BB8: _dl_open (dl-open.c:599)
          n1: 132 0x487D254: dlopen_doit (dlopen.c:66)
           n1: 132 0x49B5B2D: _dl_catch_exception (dl-error-skeleton.c:196)
            n1: 132 0x49B5BBD: _dl_catch_error (dl-error-skeleton.c:215)
             n1: 132 0x487D973: _dlerror_run (dlerror.c:163)
              n1: 132 0x487D2E4: dlopen@@GLIBC_2.2.5 (dlopen.c:87)
               n1: 132 0x48666EB: elektraModulesLoad (in /home/jenkins/workspace/build/linux/lib/libelektra-core.so.0.8.26)
                n1: 132 0x484FD71: elektraPluginOpen (in /home/jenkins/workspace/build/linux/lib/libelektra-kdb.so.0.8.26)
                 n0: 132 0x1091E1: main (in /home/jenkins/workspace/build/linux/bin/benchmark_plugingetset)
 n1: 122 0x4007798: open_path (dl-load.c:2112)
  n1: 122 0x4008C16: _dl_map_object (dl-load.c:2297)
   n0: 122 in 2 places, all below massif's threshold (1.00%)
#-----------
snapshot=14
#-----------
time=862994
mem_heap_B=12395
mem_heap_extra_B=565
mem_stacks_B=0
heap_tree=empty
#-----------
snapshot=15
#-----------
time=943542
mem_heap_B=14347
mem_heap_extra_B=573
mem_stacks_B=0
heap_tree=empty
#-----------
snapshot=16
#-----------
time=944425
mem_heap_B=13355
mem_heap_extra_B=565
mem_stacks_B=0
heap_tree=empty
#-----------
snapshot=17
#-----------
time=3223076
mem_heap_B=17419
mem_heap_extra_B=573
mem_stacks_B=0
heap_tree=empty
#-----------
snapshot=18
#-----------
time=3224707
mem_heap_B=15467
mem_heap_extra_B=565
mem_stacks_B=0
heap_tree=empty
#-----------
snapshot=19
#-----------
time=5073597
mem_heap_B=88171
mem_heap_extra_B=573
mem_stacks_B=0
heap_tree=empty
#-----------
snapshot=20
#-----------
time=5125306
mem_heap_B=88235
mem_heap_extra_B=581
mem_stacks_B=0
heap_tree=empty
#-----------
snapshot=21
#-----------
time=5136928
mem_heap_B=104652
mem_heap_extra_B=820
mem_stacks_B=0
heap_tree=empty
#-----------
snapshot=22
#-----------
time=5144023
mem_heap_B=113428
mem_heap_extra_B=956
mem_stacks_B=0
heap_tree=empty
#-----------
snapshot=23
#-----------
time=5176908
mem_heap_B=113697
mem_heap_extra_B=959
mem_stacks_B=0
heap_tree=empty
#-----------
snapshot=24
#-----------
time=5189068
mem_heap_B=114645
mem_heap_extra_B=979
mem_stacks_B=0
heap_tree=empty
#-----------
snapshot=25
#-----------
time=5205284
mem_heap_B=115173
mem_heap_extra_B=987
mem_stacks_B=0
heap_tree=empty
#-----------
snapshot=26
#-----------
time=5224341
mem_heap_B=115701
mem_heap_extra_B=995
mem_stacks_B=0
heap_tree=empty
#-----------
snapshot=27
#-----------
time=5231353
mem_heap_B=116757
mem_heap_extra_B=1011
mem_stacks_B=0
heap_tree=empty
#-----------
snapshot=28
#-----------
time=5238555
mem_heap_B=118341
mem_heap_extra_B=1035
mem_stacks_B=0
heap_tree=empty
#-----------
snapshot=29
#-----------
time=5251068
mem_heap_B=120453
mem_heap_extra_B=1067
mem_stacks_B=0
heap_tree=empty
#-----------
snapshot=30
#-----------
time=5287305
mem_heap_B=120581
mem_heap_extra_B=1075
mem_stacks_B=0
heap_tree=empty
#-----------
snapshot=31
#-----------
time=5295651
mem_heap_B=127292
mem_heap_extra_B=1060
mem_stacks_B=0
heap_tree=detailed
n7: 127292 (heap allocation functions) malloc/new/new[], --alloc-fns, etc.
 n1: 72704 0x4F0F454: ??? (in /usr/lib/x86_64-linux-gnu/libstdc++.so.6.0.25)
  n1: 72704 0x400F378: call_init.part.0 (dl-init.c:72)
   n1: 72704 0x400F474: _dl_init (dl-init.c:118)
    n1: 72704 0x40132D1: dl_open_worker (dl-open.c:517)
     n1: 72704 0x49B5B2D: _dl_catch_exception (dl-error-skeleton.c:196)
      n1: 72704 0x4012BB8: _dl_open (dl-open.c:599)
       n1: 72704 0x487D254: dlopen_doit (dlopen.c:66)
        n1: 72704 0x49B5B2D: _dl_catch_exception (dl-error-skeleton.c:196)
         n1: 72704 0x49B5BBD: _dl_catch_error (dl-error-skeleton.c:215)
          n1: 72704 0x487D973: _dlerror_run (dlerror.c:163)
           n1: 72704 0x487D2E4: dlopen@@GLIBC_2.2.5 (dlopen.c:87)
            n1: 72704 0x48666EB: elektraModulesLoad (in /home/jenkins/workspace/build/linux/lib/libelektra-core.so.0.8.26)
             n1: 72704 0x484FD71: elektraPluginOpen (in /home/jenkins/workspace/build/linux/lib/libelektra-kdb.so.0.8.26)
              n0: 72704 0x1091E1: main (in /home/jenkins/workspace/build/linux/bin/benchmark_plugingetset)
 n5: 25792 0x4E65BA4: ???
  n3: 12216 0x4E65E12: ???
   n1: 8072 0x4E58F48: ???
    n1: 8072 0x4E65787: ???
     n1: 8072 0x4E55ADC: ???
      n1: 8072 0x4E575FA: ???
       n0: 8072 0x1091F8: main (in /home/jenkins/workspace/build/linux/bin/benchmark_plugingetset)
   n1: 2456 0x4E58E74: ???
    n1: 2456 0x4E65787: ???
     n1: 2456 0x4E55ADC: ???
      n1: 2456 0x4E575FA: ???
       n0: 2456 0x1091F8: main (in /home/jenkins/workspace/build/linux/bin/benchmark_plugingetset)
   n1: 1688 0x4E58EAE: ???
    n1: 1688 0x4E65787: ???
     n1: 1688 0x4E55ADC: ???
      n1: 1688 0x4E575FA: ???
       n0: 1688 0x1091F8: main (in /home/jenkins/workspace/build/linux/bin/benchmark_plugingetset)
  n2: 5280 0x4E662C2: ???
   n1: 3168 0x4E59F53: ???
    n1: 3168 0x4E62EFE: ???
     n1: 3168 0x4E65804: ???
      n1: 3168 0x4E55B7F: ???
       n1: 3168 0x4E575FA: ???
        n0: 3168 0x1091F8: main (in /home/jenkins/workspace/build/linux/bin/benchmark_plugingetset)
   n0: 2112 in 6 places, all below massif's threshold (1.00%)
  n1: 4096 0x4E58F75: ???
   n1: 4096 0x4E65787: ???
    n1: 4096 0x4E55ADC: ???
     n1: 4096 0x4E575FA: ???
      n0: 4096 0x1091F8: main (in /home/jenkins/workspace/build/linux/bin/benchmark_plugingetset)
  n0: 2616 in 10 places, all below massif's threshold (1.00%)
  n1: 1584 0x4E6616F: ???
   n0: 1584 in 6 places, all below massif's threshold (1.00%)
 n0: 8203 in 47 places, all below massif's threshold (1.00%)
 n1: 8192 0x4F6B8F6: std::basic_filebuf<char, std::char_traits<char> >::_M_allocate_internal_buffer() (in /usr/lib/x86_64-linux-gnu/libstdc++.so.6.0.25)
  n1: 8192 0x4F6F790: std::basic_filebuf<char, std::char_traits<char> >::open(char const*, std::_Ios_Openmode) (in /usr/lib/x86_64-linux-gnu/libstdc++.so.6.0.25)
   n1: 8192 0x4E55CC9: ???
    n1: 8192 0x4E575FA: ???
     n0: 8192 0x1091F8: main (in /home/jenkins/workspace/build/linux/bin/benchmark_plugingetset)
 n1: 5961 0x400B2AC: _dl_new_object (dl-object.c:73)
  n1: 5961 0x4005E46: _dl_map_object_from_fd (dl-load.c:1001)
   n2: 5961 0x4008A8B: _dl_map_object (dl-load.c:2466)
    n1: 4766 0x400D290: openaux (dl-deps.c:64)
     n1: 4766 0x49B5B2D: _dl_catch_exception (dl-error-skeleton.c:196)
      n1: 4766 0x400D604: _dl_map_object_deps (dl-deps.c:248)
       n1: 4766 0x401304E: dl_open_worker (dl-open.c:271)
        n1: 4766 0x49B5B2D: _dl_catch_exception (dl-error-skeleton.c:196)
         n1: 4766 0x4012BB8: _dl_open (dl-open.c:599)
          n1: 4766 0x487D254: dlopen_doit (dlopen.c:66)
           n1: 4766 0x49B5B2D: _dl_catch_exception (dl-error-skeleton.c:196)
            n1: 4766 0x49B5BBD: _dl_catch_error (dl-error-skeleton.c:215)
             n1: 4766 0x487D973: _dlerror_run (dlerror.c:163)
              n1: 4766 0x487D2E4: dlopen@@GLIBC_2.2.5 (dlopen.c:87)
               n1: 4766 0x48666EB: elektraModulesLoad (in /home/jenkins/workspace/build/linux/lib/libelektra-core.so.0.8.26)
                n1: 4766 0x484FD71: elektraPluginOpen (in /home/jenkins/workspace/build/linux/lib/libelektra-kdb.so.0.8.26)
                 n0: 4766 0x1091E1: main (in /home/jenkins/workspace/build/linux/bin/benchmark_plugingetset)
    n0: 1195 in 1 place, below massif's threshold (1.00%)
 n1: 4064 0x400A095: do_lookup_x (dl-lookup.c:253)
  n1: 4064 0x400A38D: _dl_lookup_symbol_x (dl-lookup.c:814)
   n1: 4064 0x400BD5C: _dl_relocate_object (dl-machine.h:308)
    n1: 4064 0x401319C: dl_open_worker (dl-open.c:377)
     n1: 4064 0x49B5B2D: _dl_catch_exception (dl-error-skeleton.c:196)
      n1: 4064 0x4012BB8: _dl_open (dl-open.c:599)
       n1: 4064 0x487D254: dlopen_doit (dlopen.c:66)
        n1: 4064 0x49B5B2D: _dl_catch_exception (dl-error-skeleton.c:196)
         n1: 4064 0x49B5BBD: _dl_catch_error (dl-error-skeleton.c:215)
          n1: 4064 0x487D973: _dlerror_run (dlerror.c:163)
           n1: 4064 0x487D2E4: dlopen@@GLIBC_2.2.5 (dlopen.c:87)
            n1: 4064 0x48666EB: elektraModulesLoad (in /home/jenkins/workspace/build/linux/lib/libelektra-core.so.0.8.26)
             n1: 4064 0x484FD71: elektraPluginOpen (in /home/jenkins/workspace/build/linux/lib/libelektra-kdb.so.0.8.26)
              n0: 4064 0x1091E1: main (in /home/jenkins/workspace/build/linux/bin/benchmark_plugingetset)
 n1: 2376 0x4010A1E: _dl_check_map_versions (dl-version.c:274)
  n1: 2376 0x4013094: dl_open_worker (dl-open.c:277)
   n1: 2376 0x49B5B2D: _dl_catch_exception (dl-error-skeleton.c:196)
    n1: 2376 0x4012BB8: _dl_open (dl-open.c:599)
     n1: 2376 0x487D254: dlopen_doit (dlopen.c:66)
      n1: 2376 0x49B5B2D: _dl_catch_exception (dl-error-skeleton.c:196)
       n1: 2376 0x49B5BBD: _dl_catch_error (dl-error-skeleton.c:215)
        n1: 2376 0x487D973: _dlerror_run (dlerror.c:163)
         n1: 2376 0x487D2E4: dlopen@@GLIBC_2.2.5 (dlopen.c:87)
          n1: 2376 0x48666EB: elektraModulesLoad (in /home/jenkins/workspace/build/linux/lib/libelektra-core.so.0.8.26)
           n1: 2376 0x484FD71: elektraPluginOpen (in /home/jenkins/workspace/build/linux/lib/libelektra-kdb.so.0.8.26)
            n0: 2376 0x1091E1: main (in /home/jenkins/workspace/build/linux/bin/benchmark_plugingetset)
#-----------
snapshot=32
#-----------
time=5303392
mem_heap_B=296917
mem_heap_extra_B=1291
mem_stacks_B=0
heap_tree=empty
#-----------
snapshot=33
#-----------
time=5316072
mem_heap_B=316285
mem_heap_extra_B=1363
mem_stacks_B=0
heap_tree=empty
#-----------
snapshot=34
#-----------
time=5317338
mem_heap_B=476373
mem_heap_extra_B=1379
mem_stacks_B=0
heap_tree=empty
#-----------
snapshot=35
#-----------
time=5437458
mem_heap_B=476437
mem_heap_extra_B=1387
mem_stacks_B=0
heap_tree=empty
#-----------
snapshot=36
#-----------
time=5438721
mem_heap_B=636525
mem_heap_extra_B=1403
mem_stacks_B=0
heap_tree=empty
#-----------
snapshot=37
#-----------
time=5558841
mem_heap_B=636589
mem_heap_extra_B=1411
mem_stacks_B=0
heap_tree=empty
#-----------
snapshot=38
#-----------
time=5559995
mem_heap_B=876677
mem_heap_extra_B=1427
mem_stacks_B=0
heap_tree=empty
#-----------
snapshot=39
#-----------
time=5740123
mem_heap_B=876709
mem_heap_extra_B=1435
mem_stacks_B=0
heap_tree=detailed
n3: 876709 (heap allocation functions) malloc/new/new[], --alloc-fns, etc.
 n4: 774480 0x4E65BA4: ???
  n5: 588504 0x4E65E12: ???
   n1: 240088 0x4E5933D: ???
    n1: 240088 0x4E5FD6B: ???
     n1: 240088 0x4E55DAA: ???
      n1: 240088 0x4E575FA: ???
       n0: 240088 0x1091F8: main (in /home/jenkins/workspace/build/linux/bin/benchmark_plugingetset)
   n1: 160088 0x4E592B9: ???
    n1: 160088 0x4E5FD6B: ???
     n1: 160088 0x4E55DAA: ???
      n1: 160088 0x4E575FA: ???
       n0: 160088 0x1091F8: main (in /home/jenkins/workspace/build/linux/bin/benchmark_plugingetset)
   n1: 160088 0x4E592F4: ???
    n1: 160088 0x4E5FD6B: ???
     n1: 160088 0x4E55DAA: ???
      n1: 160088 0x4E575FA: ???
       n0: 160088 0x1091F8: main (in /home/jenkins/workspace/build/linux/bin/benchmark_plugingetset)
   n1: 16024 0x4E5926D: ???
    n1: 16024 0x4E5FD6B: ???
     n1: 16024 0x4E55DAA: ???
      n1: 16024 0x4E575FA: ???
       n0: 16024 0x1091F8: main (in /home/jenkins/workspace/build/linux/bin/benchmark_plugingetset)
   n0: 12216 in 3 places, all below massif's threshold (1.00%)
  n1: 160000 0x4E5FB95: ???
   n1: 160000 0x4E55DAA: ???
    n1: 160000 0x4E575FA: ???
     n0: 160000 0x1091F8: main (in /home/jenkins/workspace/build/linux/bin/benchmark_plugingetset)
  n0: 16088 in 13 places, all below massif's threshold (1.00%)
  n1: 9888 0x4E6616F: ???
   n0: 9888 in 13 places, all below massif's threshold (1.00%)
 n1: 72704 0x4F0F454: ??? (in /usr/lib/x86_64-linux-gnu/libstdc++.so.6.0.25)
  n1: 72704 0x400F378: call_init.part.0 (dl-init.c:72)
   n1: 72704 0x400F474: _dl_init (dl-init.c:118)
    n1: 72704 0x40132D1: dl_open_worker (dl-open.c:517)
     n1: 72704 0x49B5B2D: _dl_catch_exception (dl-error-skeleton.c:196)
      n1: 72704 0x4012BB8: _dl_open (dl-open.c:599)
       n1: 72704 0x487D254: dlopen_doit (dlopen.c:66)
        n1: 72704 0x49B5B2D: _dl_catch_exception (dl-error-skeleton.c:196)
         n1: 72704 0x49B5BBD: _dl_catch_error (dl-error-skeleton.c:215)
          n1: 72704 0x487D973: _dlerror_run (dlerror.c:163)
           n1: 72704 0x487D2E4: dlopen@@GLIBC_2.2.5 (dlopen.c:87)
            n1: 72704 0x48666EB: elektraModulesLoad (in /home/jenkins/workspace/build/linux/lib/libelektra-core.so.0.8.26)
             n1: 72704 0x484FD71: elektraPluginOpen (in /home/jenkins/workspace/build/linux/lib/libelektra-kdb.so.0.8.26)
              n0: 72704 0x1091E1: main (in /home/jenkins/workspace/build/linux/bin/benchmark_plugingetset)
 n0: 29525 in 79 places, all below massif's threshold (1.00%)
#-----------
snapshot=40
#-----------
time=5741329
mem_heap_B=927261
mem_heap_extra_B=1563
mem_stacks_B=0
heap_tree=empty
#-----------
snapshot=41
#-----------
time=5759449
mem_heap_B=927325
mem_heap_extra_B=1571
mem_stacks_B=0
heap_tree=empty
#-----------
snapshot=42
#-----------
time=5778247
mem_heap_B=951557
mem_heap_extra_B=1595
mem_stacks_B=0
heap_tree=empty
#-----------
snapshot=43
#-----------
time=5784702
mem_heap_B=961362
mem_heap_extra_B=1830
mem_stacks_B=0
heap_tree=empty
#-----------
snapshot=44
#-----------
time=5793053
mem_heap_B=964530
mem_heap_extra_B=2198
mem_stacks_B=0
heap_tree=empty
#-----------
snapshot=45
#-----------
time=5803427
mem_heap_B=968802
mem_heap_extra_B=2670
mem_stacks_B=0
heap_tree=empty
#-----------
snapshot=46
#-----------
time=5808786
mem_heap_B=970162
mem_heap_extra_B=2814
mem_stacks_B=0
heap_tree=empty
#-----------
snapshot=47
#-----------
time=5822223
mem_heap_B=972018
mem_heap_extra_B=2966
mem_stacks_B=0
heap_tree=empty
#-----------
snapshot=48
#-----------
time=5832118
mem_heap_B=974290
mem_heap_extra_B=3182
mem_stacks_B=0
heap_tree=peak
n3: 974290 (heap allocation functions) malloc/new/new[], --alloc-fns, etc.
 n5: 868717 0x4E65BA4: ???
  n7: 636680 0x4E65E12: ???
   n1: 240088 0x4E5933D: ???
    n1: 240088 0x4E5FD6B: ???
     n1: 240088 0x4E55DAA: ???
      n1: 240088 0x4E575FA: ???
       n0: 240088 0x1091F8: main (in /home/jenkins/workspace/build/linux/bin/benchmark_plugingetset)
   n1: 160088 0x4E592B9: ???
    n1: 160088 0x4E5FD6B: ???
     n1: 160088 0x4E55DAA: ???
      n1: 160088 0x4E575FA: ???
       n0: 160088 0x1091F8: main (in /home/jenkins/workspace/build/linux/bin/benchmark_plugingetset)
   n1: 160088 0x4E592F4: ???
    n1: 160088 0x4E5FD6B: ???
     n1: 160088 0x4E55DAA: ???
      n1: 160088 0x4E575FA: ???
       n0: 160088 0x1091F8: main (in /home/jenkins/workspace/build/linux/bin/benchmark_plugingetset)
   n1: 24088 0x4E595A0: ???
    n1: 24088 0x4E5FD6B: ???
     n1: 24088 0x4E55DAA: ???
      n1: 24088 0x4E575FA: ???
       n0: 24088 0x1091F8: main (in /home/jenkins/workspace/build/linux/bin/benchmark_plugingetset)
   n1: 24088 0x4E595DD: ???
    n1: 24088 0x4E5FD6B: ???
     n1: 24088 0x4E55DAA: ???
      n1: 24088 0x4E575FA: ???
       n0: 24088 0x1091F8: main (in /home/jenkins/workspace/build/linux/bin/benchmark_plugingetset)
   n1: 16024 0x4E5926D: ???
    n1: 16024 0x4E5FD6B: ???
     n1: 16024 0x4E55DAA: ???
      n1: 16024 0x4E575FA: ???
       n0: 16024 0x1091F8: main (in /home/jenkins/workspace/build/linux/bin/benchmark_plugingetset)
   n0: 12216 in 3 places, all below massif's threshold (1.00%)
  n1: 160000 0x4E5FB95: ???
   n1: 160000 0x4E55DAA: ???
    n1: 160000 0x4E575FA: ???
     n0: 160000 0x1091F8: main (in /home/jenkins/workspace/build/linux/bin/benchmark_plugingetset)
  n0: 41864 in 22 places, all below massif's threshold (1.00%)
  n1: 18624 0x4E6616F: ???
   n0: 18624 in 16 places, all below massif's threshold (1.00%)
  n1: 11549 0x4E662C2: ???
   n0: 11549 in 11 places, all below massif's threshold (1.00%)
 n1: 72704 0x4F0F454: ??? (in /usr/lib/x86_64-linux-gnu/libstdc++.so.6.0.25)
  n1: 72704 0x400F378: call_init.part.0 (dl-init.c:72)
   n1: 72704 0x400F474: _dl_init (dl-init.c:118)
    n1: 72704 0x40132D1: dl_open_worker (dl-open.c:517)
     n1: 72704 0x49B5B2D: _dl_catch_exception (dl-error-skeleton.c:196)
      n1: 72704 0x4012BB8: _dl_open (dl-open.c:599)
       n1: 72704 0x487D254: dlopen_doit (dlopen.c:66)
        n1: 72704 0x49B5B2D: _dl_catch_exception (dl-error-skeleton.c:196)
         n1: 72704 0x49B5BBD: _dl_catch_error (dl-error-skeleton.c:215)
          n1: 72704 0x487D973: _dlerror_run (dlerror.c:163)
           n1: 72704 0x487D2E4: dlopen@@GLIBC_2.2.5 (dlopen.c:87)
            n1: 72704 0x48666EB: elektraModulesLoad (in /home/jenkins/workspace/build/linux/lib/libelektra-core.so.0.8.26)
             n1: 72704 0x484FD71: elektraPluginOpen (in /home/jenkins/workspace/build/linux/lib/libelektra-kdb.so.0.8.26)
              n0: 72704 0x1091E1: main (in /home/jenkins/workspace/build/linux/bin/benchmark_plugingetset)
 n0: 32869 in 92 places, all below massif's threshold (1.00%)
#-----------
snapshot=49
#-----------
time=5836228
mem_heap_B=966243
mem_heap_extra_B=3237
mem_stacks_B=0
heap_tree=empty
#-----------
snapshot=50
#-----------
time=5837127
mem_heap_B=904755
mem_heap_extra_B=3005
mem_stacks_B=0
heap_tree=empty
#-----------
snapshot=51
#-----------
time=5838024
mem_heap_B=903507
mem_heap_extra_B=2797
mem_stacks_B=0
heap_tree=empty
#-----------
snapshot=52
#-----------
time=5838921
mem_heap_B=902259
mem_heap_extra_B=2589
mem_stacks_B=0
heap_tree=empty
#-----------
snapshot=53
#-----------
time=5839832
mem_heap_B=892723
mem_heap_extra_B=2389
mem_stacks_B=0
heap_tree=empty
#-----------
snapshot=54
#-----------
time=5840729
mem_heap_B=891475
mem_heap_extra_B=2181
mem_stacks_B=0
heap_tree=empty
#-----------
snapshot=55
#-----------
time=5841626
mem_heap_B=890227
mem_heap_extra_B=1973
mem_stacks_B=0
heap_tree=empty
#-----------
snapshot=56
#-----------
time=5842523
mem_heap_B=888979
mem_heap_extra_B=1765
mem_stacks_B=0
heap_tree=detailed
n3: 888979 (heap allocation functions) malloc/new/new[], --alloc-fns, etc.
 n4: 786157 0x4E65BA4: ???
  n5: 588504 0x4E65E12: ???
   n1: 240088 0x4E5933D: ???
    n1: 240088 0x4E5FD6B: ???
     n1: 240088 0x4E55DAA: ???
      n1: 240088 0x4E575FA: ???
       n0: 240088 0x1091F8: main (in /home/jenkins/workspace/build/linux/bin/benchmark_plugingetset)
   n1: 160088 0x4E592B9: ???
    n1: 160088 0x4E5FD6B: ???
     n1: 160088 0x4E55DAA: ???
      n1: 160088 0x4E575FA: ???
       n0: 160088 0x1091F8: main (in /home/jenkins/workspace/build/linux/bin/benchmark_plugingetset)
   n1: 160088 0x4E592F4: ???
    n1: 160088 0x4E5FD6B: ???
     n1: 160088 0x4E55DAA: ???
      n1: 160088 0x4E575FA: ???
       n0: 160088 0x1091F8: main (in /home/jenkins/workspace/build/linux/bin/benchmark_plugingetset)
   n1: 16024 0x4E5926D: ???
    n1: 16024 0x4E5FD6B: ???
     n1: 16024 0x4E55DAA: ???
      n1: 16024 0x4E575FA: ???
       n0: 16024 0x1091F8: main (in /home/jenkins/workspace/build/linux/bin/benchmark_plugingetset)
   n0: 12216 in 5 places, all below massif's threshold (1.00%)
  n1: 160000 0x4E5FB95: ???
   n1: 160000 0x4E55DAA: ???
    n1: 160000 0x4E575FA: ???
     n0: 160000 0x1091F8: main (in /home/jenkins/workspace/build/linux/bin/benchmark_plugingetset)
  n0: 28293 in 24 places, all below massif's threshold (1.00%)
  n1: 9360 0x4E6616F: ???
   n0: 9360 in 17 places, all below massif's threshold (1.00%)
 n1: 72704 0x4F0F454: ??? (in /usr/lib/x86_64-linux-gnu/libstdc++.so.6.0.25)
  n1: 72704 0x400F378: call_init.part.0 (dl-init.c:72)
   n1: 72704 0x400F474: _dl_init (dl-init.c:118)
    n1: 72704 0x40132D1: dl_open_worker (dl-open.c:517)
     n1: 72704 0x49B5B2D: _dl_catch_exception (dl-error-skeleton.c:196)
      n1: 72704 0x4012BB8: _dl_open (dl-open.c:599)
       n1: 72704 0x487D254: dlopen_doit (dlopen.c:66)
        n1: 72704 0x49B5B2D: _dl_catch_exception (dl-error-skeleton.c:196)
         n1: 72704 0x49B5BBD: _dl_catch_error (dl-error-skeleton.c:215)
          n1: 72704 0x487D973: _dlerror_run (dlerror.c:163)
           n1: 72704 0x487D2E4: dlopen@@GLIBC_2.2.5 (dlopen.c:87)
            n1: 72704 0x48666EB: elektraModulesLoad (in /home/jenkins/workspace/build/linux/lib/libelektra-core.so.0.8.26)
             n1: 72704 0x484FD71: elektraPluginOpen (in /home/jenkins/workspace/build/linux/lib/libelektra-kdb.so.0.8.26)
              n0: 72704 0x1091E1: main (in /home/jenkins/workspace/build/linux/bin/benchmark_plugingetset)
 n0: 30118 in 95 places, all below massif's threshold (1.00%)
#-----------
snapshot=57
#-----------
time=5843417
mem_heap_B=879603
mem_heap_extra_B=1557
mem_stacks_B=0
heap_tree=empty
#-----------
snapshot=58
#-----------
time=5844318
mem_heap_B=290307
mem_heap_extra_B=1333
mem_stacks_B=0
heap_tree=empty
#-----------
snapshot=59
#-----------
time=5845692
mem_heap_B=129600
mem_heap_extra_B=1352
mem_stacks_B=0
heap_tree=empty
#-----------
snapshot=60
#-----------
time=5847940
mem_heap_B=129705
mem_heap_extra_B=1375
mem_stacks_B=0
heap_tree=empty
#-----------
snapshot=61
#-----------
time=5848903
mem_heap_B=129755
mem_heap_extra_B=1405
mem_stacks_B=0
heap_tree=empty
#-----------
snapshot=62
#-----------
time=5849831
mem_heap_B=129799
mem_heap_extra_B=1393
mem_stacks_B=0
heap_tree=empty
#-----------
snapshot=63
#-----------
time=5850808
mem_heap_B=130070
mem_heap_extra_B=1466
mem_stacks_B=0
heap_tree=empty
#-----------
snapshot=64
#-----------
time=5852220
mem_heap_B=130070
mem_heap_extra_B=1466
mem_stacks_B=0
heap_tree=empty
#-----------
snapshot=65
#-----------
time=5856440
mem_heap_B=130070
mem_heap_extra_B=1466
mem_stacks_B=0
heap_tree=empty
#-----------
snapshot=66
#-----------
time=5857446
mem_heap_B=129893
mem_heap_extra_B=1387
mem_stacks_B=0
heap_tree=detailed
n7: 129893 (heap allocation functions) malloc/new/new[], --alloc-fns, etc.
 n1: 72704 0x4F0F454: ??? (in /usr/lib/x86_64-linux-gnu/libstdc++.so.6.0.25)
  n1: 72704 0x400F378: call_init.part.0 (dl-init.c:72)
   n1: 72704 0x400F474: _dl_init (dl-init.c:118)
    n1: 72704 0x40132D1: dl_open_worker (dl-open.c:517)
     n1: 72704 0x49B5B2D: _dl_catch_exception (dl-error-skeleton.c:196)
      n1: 72704 0x4012BB8: _dl_open (dl-open.c:599)
       n1: 72704 0x487D254: dlopen_doit (dlopen.c:66)
        n1: 72704 0x49B5B2D: _dl_catch_exception (dl-error-skeleton.c:196)
         n1: 72704 0x49B5BBD: _dl_catch_error (dl-error-skeleton.c:215)
          n1: 72704 0x487D973: _dlerror_run (dlerror.c:163)
           n1: 72704 0x487D2E4: dlopen@@GLIBC_2.2.5 (dlopen.c:87)
            n1: 72704 0x48666EB: elektraModulesLoad (in /home/jenkins/workspace/build/linux/lib/libelektra-core.so.0.8.26)
             n1: 72704 0x484FD71: elektraPluginOpen (in /home/jenkins/workspace/build/linux/lib/libelektra-kdb.so.0.8.26)
              n0: 72704 0x1091E1: main (in /home/jenkins/workspace/build/linux/bin/benchmark_plugingetset)
 n5: 26464 0x4E65BA4: ???
  n4: 12216 0x4E65E12: ???
   n1: 8072 0x4E58F48: ???
    n1: 8072 0x4E65787: ???
     n1: 8072 0x4E55ADC: ???
      n1: 8072 0x4E575FA: ???
       n0: 8072 0x1091F8: main (in /home/jenkins/workspace/build/linux/bin/benchmark_plugingetset)
   n1: 2456 0x4E58E74: ???
    n1: 2456 0x4E65787: ???
     n1: 2456 0x4E55ADC: ???
      n1: 2456 0x4E575FA: ???
       n0: 2456 0x1091F8: main (in /home/jenkins/workspace/build/linux/bin/benchmark_plugingetset)
   n1: 1688 0x4E58EAE: ???
    n1: 1688 0x4E65787: ???
     n1: 1688 0x4E55ADC: ???
      n1: 1688 0x4E575FA: ???
       n0: 1688 0x1091F8: main (in /home/jenkins/workspace/build/linux/bin/benchmark_plugingetset)
   n0: 0 in 6 places, all below massif's threshold (1.00%)
  n2: 5808 0x4E662C2: ???
   n1: 3168 0x4E59F53: ???
    n1: 3168 0x4E62EFE: ???
     n1: 3168 0x4E65804: ???
      n1: 3168 0x4E55B7F: ???
       n1: 3168 0x4E575FA: ???
        n0: 3168 0x1091F8: main (in /home/jenkins/workspace/build/linux/bin/benchmark_plugingetset)
   n0: 2640 in 10 places, all below massif's threshold (1.00%)
  n1: 4096 0x4E58F75: ???
   n1: 4096 0x4E65787: ???
    n1: 4096 0x4E55ADC: ???
     n1: 4096 0x4E575FA: ???
      n0: 4096 0x1091F8: main (in /home/jenkins/workspace/build/linux/bin/benchmark_plugingetset)
  n0: 2760 in 23 places, all below massif's threshold (1.00%)
  n1: 1584 0x4E6616F: ???
   n0: 1584 in 17 places, all below massif's threshold (1.00%)
 n0: 10132 in 96 places, all below massif's threshold (1.00%)
 n1: 8192 0x4F6B8F6: std::basic_filebuf<char, std::char_traits<char> >::_M_allocate_internal_buffer() (in /usr/lib/x86_64-linux-gnu/libstdc++.so.6.0.25)
  n1: 8192 0x4F6F790: std::basic_filebuf<char, std::char_traits<char> >::open(char const*, std::_Ios_Openmode) (in /usr/lib/x86_64-linux-gnu/libstdc++.so.6.0.25)
   n1: 8192 0x4E55CC9: ???
    n1: 8192 0x4E575FA: ???
     n0: 8192 0x1091F8: main (in /home/jenkins/workspace/build/linux/bin/benchmark_plugingetset)
 n1: 5961 0x400B2AC: _dl_new_object (dl-object.c:73)
  n1: 5961 0x4005E46: _dl_map_object_from_fd (dl-load.c:1001)
   n2: 5961 0x4008A8B: _dl_map_object (dl-load.c:2466)
    n1: 4766 0x400D290: openaux (dl-deps.c:64)
     n1: 4766 0x49B5B2D: _dl_catch_exception (dl-error-skeleton.c:196)
      n1: 4766 0x400D604: _dl_map_object_deps (dl-deps.c:248)
       n1: 4766 0x401304E: dl_open_worker (dl-open.c:271)
        n1: 4766 0x49B5B2D: _dl_catch_exception (dl-error-skeleton.c:196)
         n1: 4766 0x4012BB8: _dl_open (dl-open.c:599)
          n1: 4766 0x487D254: dlopen_doit (dlopen.c:66)
           n1: 4766 0x49B5B2D: _dl_catch_exception (dl-error-skeleton.c:196)
            n1: 4766 0x49B5BBD: _dl_catch_error (dl-error-skeleton.c:215)
             n1: 4766 0x487D973: _dlerror_run (dlerror.c:163)
              n1: 4766 0x487D2E4: dlopen@@GLIBC_2.2.5 (dlopen.c:87)
               n1: 4766 0x48666EB: elektraModulesLoad (in /home/jenkins/workspace/build/linux/lib/libelektra-core.so.0.8.26)
                n1: 4766 0x484FD71: elektraPluginOpen (in /home/jenkins/workspace/build/linux/lib/libelektra-kdb.so.0.8.26)
                 n0: 4766 0x1091E1: main (in /home/jenkins/workspace/build/linux/bin/benchmark_plugingetset)
    n0: 1195 in 1 place, below massif's threshold (1.00%)
 n1: 4064 0x400A095: do_lookup_x (dl-lookup.c:253)
  n1: 4064 0x400A38D: _dl_lookup_symbol_x (dl-lookup.c:814)
   n1: 4064 0x400BD5C: _dl_relocate_object (dl-machine.h:308)
    n1: 4064 0x401319C: dl_open_worker (dl-open.c:377)
     n1: 4064 0x49B5B2D: _dl_catch_exception (dl-error-skeleton.c:196)
      n1: 4064 0x4012BB8: _dl_open (dl-open.c:599)
       n1: 4064 0x487D254: dlopen_doit (dlopen.c:66)
        n1: 4064 0x49B5B2D: _dl_catch_exception (dl-error-skeleton.c:196)
         n1: 4064 0x49B5BBD: _dl_catch_error (dl-error-skeleton.c:215)
          n1: 4064 0x487D973: _dlerror_run (dlerror.c:163)
           n1: 4064 0x487D2E4: dlopen@@GLIBC_2.2.5 (dlopen.c:87)
            n1: 4064 0x48666EB: elektraModulesLoad (in /home/jenkins/workspace/build/linux/lib/libelektra-core.so.0.8.26)
             n1: 4064 0x484FD71: elektraPluginOpen (in /home/jenkins/workspace/build/linux/lib/libelektra-kdb.so.0.8.26)
              n0: 4064 0x1091E1: main (in /home/jenkins/workspace/build/linux/bin/benchmark_plugingetset)
 n1: 2376 0x4010A1E: _dl_check_map_versions (dl-version.c:274)
  n1: 2376 0x4013094: dl_open_worker (dl-open.c:277)
   n1: 2376 0x49B5B2D: _dl_catch_exception (dl-error-skeleton.c:196)
    n1: 2376 0x4012BB8: _dl_open (dl-open.c:599)
     n1: 2376 0x487D254: dlopen_doit (dlopen.c:66)
      n1: 2376 0x49B5B2D: _dl_catch_exception (dl-error-skeleton.c:196)
       n1: 2376 0x49B5BBD: _dl_catch_error (dl-error-skeleton.c:215)
        n1: 2376 0x487D973: _dlerror_run (dlerror.c:163)
         n1: 2376 0x487D2E4: dlopen@@GLIBC_2.2.5 (dlopen.c:87)
          n1: 2376 0x48666EB: elektraModulesLoad (in /home/jenkins/workspace/build/linux/lib/libelektra-core.so.0.8.26)
           n1: 2376 0x484FD71: elektraPluginOpen (in /home/jenkins/workspace/build/linux/lib/libelektra-kdb.so.0.8.26)
            n0: 2376 0x1091E1: main (in /home/jenkins/workspace/build/linux/bin/benchmark_plugingetset)
#-----------
snapshot=67
#-----------
time=5858351
mem_heap_B=127393
mem_heap_extra_B=1183
mem_stacks_B=0
heap_tree=empty
#-----------
snapshot=68
#-----------
time=5859253
mem_heap_B=115833
mem_heap_extra_B=1055
mem_stacks_B=0
heap_tree=empty
#-----------
snapshot=69
#-----------
time=5860169
mem_heap_B=93073
mem_heap_extra_B=831
mem_stacks_B=0
heap_tree=empty
#-----------
snapshot=70
#-----------
time=5861068
mem_heap_B=88765
mem_heap_extra_B=659
mem_stacks_B=0
heap_tree=empty
#-----------
snapshot=71
#-----------
time=5862647
mem_heap_B=88573
mem_heap_extra_B=643
mem_stacks_B=0
heap_tree=empty
#-----------
snapshot=72
#-----------
time=5865356
mem_heap_B=88443
mem_heap_extra_B=637
mem_stacks_B=0
heap_tree=empty
#-----------
snapshot=73
#-----------
time=5869317
mem_heap_B=88429
mem_heap_extra_B=627
mem_stacks_B=0
heap_tree=empty
#-----------
snapshot=74
#-----------
time=5874540
mem_heap_B=88461
mem_heap_extra_B=635
mem_stacks_B=0
heap_tree=empty
#-----------
snapshot=75
#-----------
time=5875458
mem_heap_B=86518
mem_heap_extra_B=530
mem_stacks_B=0
heap_tree=empty
#-----------
snapshot=76
#-----------
time=5877590
mem_heap_B=84866
mem_heap_extra_B=422
mem_stacks_B=0
heap_tree=detailed
n6: 84866 (heap allocation functions) malloc/new/new[], --alloc-fns, etc.
 n1: 72704 0x4F0F454: ??? (in /usr/lib/x86_64-linux-gnu/libstdc++.so.6.0.25)
  n1: 72704 0x400F378: call_init.part.0 (dl-init.c:72)
   n1: 72704 0x400F474: _dl_init (dl-init.c:118)
    n1: 72704 0x40132D1: dl_open_worker (dl-open.c:517)
     n1: 72704 0x49B5B2D: _dl_catch_exception (dl-error-skeleton.c:196)
      n1: 72704 0x4012BB8: _dl_open (dl-open.c:599)
       n1: 72704 0x487D254: dlopen_doit (dlopen.c:66)
        n1: 72704 0x49B5B2D: _dl_catch_exception (dl-error-skeleton.c:196)
         n1: 72704 0x49B5BBD: _dl_catch_error (dl-error-skeleton.c:215)
          n1: 72704 0x487D973: _dlerror_run (dlerror.c:163)
           n1: 72704 0x487D2E4: dlopen@@GLIBC_2.2.5 (dlopen.c:87)
            n1: 72704 0x48666EB: elektraModulesLoad (in /home/jenkins/workspace/build/linux/lib/libelektra-core.so.0.8.26)
             n1: 72704 0x484FD71: elektraPluginOpen (in /home/jenkins/workspace/build/linux/lib/libelektra-kdb.so.0.8.26)
              n0: 72704 0x1091E1: main (in /home/jenkins/workspace/build/linux/bin/benchmark_plugingetset)
 n1: 4064 0x400A095: do_lookup_x (dl-lookup.c:253)
  n1: 4064 0x400A38D: _dl_lookup_symbol_x (dl-lookup.c:814)
   n1: 4064 0x400BD5C: _dl_relocate_object (dl-machine.h:308)
    n1: 4064 0x401319C: dl_open_worker (dl-open.c:377)
     n1: 4064 0x49B5B2D: _dl_catch_exception (dl-error-skeleton.c:196)
      n1: 4064 0x4012BB8: _dl_open (dl-open.c:599)
       n1: 4064 0x487D254: dlopen_doit (dlopen.c:66)
        n1: 4064 0x49B5B2D: _dl_catch_exception (dl-error-skeleton.c:196)
         n1: 4064 0x49B5BBD: _dl_catch_error (dl-error-skeleton.c:215)
          n1: 4064 0x487D973: _dlerror_run (dlerror.c:163)
           n1: 4064 0x487D2E4: dlopen@@GLIBC_2.2.5 (dlopen.c:87)
            n1: 4064 0x48666EB: elektraModulesLoad (in /home/jenkins/workspace/build/linux/lib/libelektra-core.so.0.8.26)
             n1: 4064 0x484FD71: elektraPluginOpen (in /home/jenkins/workspace/build/linux/lib/libelektra-kdb.so.0.8.26)
              n0: 4064 0x1091E1: main (in /home/jenkins/workspace/build/linux/bin/benchmark_plugingetset)
 n1: 3567 0x400B2AC: _dl_new_object (dl-object.c:73)
  n1: 3567 0x4005E46: _dl_map_object_from_fd (dl-load.c:1001)
   n2: 3567 0x4008A8B: _dl_map_object (dl-load.c:2466)
    n1: 3567 0x400D290: openaux (dl-deps.c:64)
     n1: 3567 0x49B5B2D: _dl_catch_exception (dl-error-skeleton.c:196)
      n1: 3567 0x400D604: _dl_map_object_deps (dl-deps.c:248)
       n1: 3567 0x401304E: dl_open_worker (dl-open.c:271)
        n1: 3567 0x49B5B2D: _dl_catch_exception (dl-error-skeleton.c:196)
         n1: 3567 0x4012BB8: _dl_open (dl-open.c:599)
          n1: 3567 0x487D254: dlopen_doit (dlopen.c:66)
           n1: 3567 0x49B5B2D: _dl_catch_exception (dl-error-skeleton.c:196)
            n1: 3567 0x49B5BBD: _dl_catch_error (dl-error-skeleton.c:215)
             n1: 3567 0x487D973: _dlerror_run (dlerror.c:163)
              n1: 3567 0x487D2E4: dlopen@@GLIBC_2.2.5 (dlopen.c:87)
               n1: 3567 0x48666EB: elektraModulesLoad (in /home/jenkins/workspace/build/linux/lib/libelektra-core.so.0.8.26)
                n1: 3567 0x484FD71: elektraPluginOpen (in /home/jenkins/workspace/build/linux/lib/libelektra-kdb.so.0.8.26)
                 n0: 3567 0x1091E1: main (in /home/jenkins/workspace/build/linux/bin/benchmark_plugingetset)
    n0: 0 in 1 place, below massif's threshold (1.00%)
 n1: 2064 0x4010A1E: _dl_check_map_versions (dl-version.c:274)
  n1: 2064 0x4013094: dl_open_worker (dl-open.c:277)
   n1: 2064 0x49B5B2D: _dl_catch_exception (dl-error-skeleton.c:196)
    n1: 2064 0x4012BB8: _dl_open (dl-open.c:599)
     n1: 2064 0x487D254: dlopen_doit (dlopen.c:66)
      n1: 2064 0x49B5B2D: _dl_catch_exception (dl-error-skeleton.c:196)
       n1: 2064 0x49B5BBD: _dl_catch_error (dl-error-skeleton.c:215)
        n1: 2064 0x487D973: _dlerror_run (dlerror.c:163)
         n1: 2064 0x487D2E4: dlopen@@GLIBC_2.2.5 (dlopen.c:87)
          n1: 2064 0x48666EB: elektraModulesLoad (in /home/jenkins/workspace/build/linux/lib/libelektra-core.so.0.8.26)
           n1: 2064 0x484FD71: elektraPluginOpen (in /home/jenkins/workspace/build/linux/lib/libelektra-kdb.so.0.8.26)
            n0: 2064 0x1091E1: main (in /home/jenkins/workspace/build/linux/bin/benchmark_plugingetset)
 n0: 1443 in 98 places, all below massif's threshold (1.00%)
 n1: 1024 0x485EBF6: elektraVFormat (in /home/jenkins/workspace/build/linux/lib/libelektra-core.so.0.8.26)
  n1: 1024 0x485ED2A: elektraFormat (in /home/jenkins/workspace/build/linux/lib/libelektra-core.so.0.8.26)
   n0: 1024 in 2 places, all below massif's threshold (1.00%)
#-----------
snapshot=77
#-----------
time=5879921
mem_heap_B=84098
mem_heap_extra_B=390
mem_stacks_B=0
heap_tree=empty
#-----------
snapshot=78
#-----------
time=5887311
mem_heap_B=82897
mem_heap_extra_B=255
mem_stacks_B=0
heap_tree=empty
